
                                   Tue Apr 07 08:57:38 2015           Page 1
                                   Tue Apr 07 08:57:38 2015       gh_2i0a2.s
Command Line:   C:\GHS\V35\mips35\asmips.exe -noundefined -elf -b0
                -IC:\local\Workspace\DC_V04.01.00_int\cu3x1Platform_SRC\emWinColour
                -IC:\local\Workspace\DC_V04.01.00_int\cu3x1Platform_SRC\platform\include
                -IC:\local\Workspace\DC_V04.01.00_int\cu3x1Platform_SRC\platform\common
                -IC:\local\Workspace\DC_V04.01.00_int\cu3x1Platform_SRC\platform\hardware
                -IC:\local\Workspace\DC_V04.01.00_int\cu3x1Platform_SRC\platform\hardware\D3018X
                -IC:\local\Workspace\DC_V04.01.00_int\cu3x1Platform_SRC\embos\inc
                -IC:\local\Workspace\DC_V04.01.00_int\cu3x1Platform_SRC\emWinColour\config
                -IC:\local\Workspace\DC_V04.01.00_int\cu3x1Platform_SRC\emWinColour\gui\ConvertMono
                -IC:\local\Workspace\DC_V04.01.00_int\cu3x1Platform_SRC\emWinColour\gui\Core
                -IC:\local\Workspace\DC_V04.01.00_int\cu3x1Platform_SRC\emWinColour\gui\Font
                -IC:\local\Workspace\DC_V04.01.00_int\cu3x1Platform_SRC\emWinColour\gui\LCDDriver
                -IC:\local\Workspace\DC_V04.01.00_int\cu3x1Platform_SRC\emWinColour\gui\MemDev
                -IC:\local\Workspace\DC_V04.01.00_int\cu3x1Platform_SRC\emWinColour\gui\VNC
                -IC:\local\Workspace\DC_V04.01.00_int\cu3x1Platform_SRC\emWinColour\gui\Widget
                -IC:\local\Workspace\DC_V04.01.00_int\cu3x1Platform_SRC\emWinColour\gui\wm
                -IC:\local\Workspace\DC_V04.01.00_int\cu3x1App_SRC\Control\source
                -IC:\local\Workspace\DC_V04.01.00_int\cu3x1App_SRC\Control\source\include
                -IC:\local\Workspace\DC_V04.01.00_int\cu3x1App_SRC\Control\source\util
                -IC:\local\Workspace\DC_V04.01.00_int\cu3x1App_SRC\Control\source\datapoint
                -IC:\local\Workspace\DC_V04.01.00_int\cu3x1App_SRC\Control\source\factory
                -IC:\local\Workspace\DC_V04.01.00_int\cu3x1Platform_SRC\embos
                -IC:\local\Workspace\DC_V04.01.00_int\cu3x1Platform_SRC\emWinColour\gui\core
                -IC:\local\Workspace\DC_V04.01.00_int\cu3x1App_SRC\Control\source\rtip\webpage
                -IC:\local\Workspace\DC_V04.01.00_int\cu3x1App_SRC\Control\source\rtip\config
                -IC:\local\Workspace\DC_V04.01.00_int\cu3x1App_SRC\Control\source\rtip\xnet
                -IC:\local\Workspace\DC_V04.01.00_int\cu3x1App_SRC\Control\source\stub
                -IC:\local\Workspace\DC_V04.01.00_int\cu3x1App_SRC\Control\source\test
                -IC:\local\Workspace\DC_V04.01.00_int\cu3x1App_SRC\Control\source\GENIpro
                -IC:\local\Workspace\DC_V04.01.00_int\cu3x1App_SRC\Control\source\GENIpro\GENI_sys
                -IC:\local\Workspace\DC_V04.01.00_int\cu3x1App_SRC\Control\source\GENIpro\GENIusb\emUSB\USB\Driver
                -IC:\local\Workspace\DC_V04.01.00_int\cu3x1App_SRC\Control\source\application\intercom
                -IC:\local\Workspace\DC_V04.01.00_int\cu3x1App_SRC\Control\source\application\controller
                -IC:\local\Workspace\DC_V04.01.00_int\cu3x1App_SRC\Control\source\application\driver
                -IC:\local\Workspace\DC_V04.01.00_int\cu3x1App_SRC\Control\source\application\webif
                -IC:\local\Workspace\DC_V04.01.00_int\cu3x1App_SRC\Control\source\application\relay
                -IC:\local\Workspace\DC_V04.01.00_int\cu3x1App_SRC\Control\source\application\GENIApp
                -IC:\local\Workspace\DC_V04.01.00_int\cu3x1App_SRC\Control\source\application\alarm
                -IC:\local\Workspace\DC_V04.01.00_int\cu3x1App_SRC\Control\source\application\config
                -IC:\local\Workspace\DC_V04.01.00_int\cu3x1App_SRC\Control\source\application\AnaInConfigCtrl
                -IC:\local\Workspace\DC_V04.01.00_int\cu3x1App_SRC\Control\source\application\Sms
                -IC:\local\Workspace\DC_V04.01.00_int\cu3x1App_SRC\Control\source\application\display
                -IC:\local\Workspace\DC_V04.01.00_int\cu3x1App_SRC\Control\source\application\display\display_task
                -IC:\local\Workspace\DC_V04.01.00_int\cu3x1App_SRC\Control\source\application\display\gui_utility
                -IC:\local\Workspace\DC_V04.01.00_int\cu3x1App_SRC\Control\source\application\display\mpcunit
                -IC:\local\Workspace\DC_V04.01.00_int\cu3x1App_SRC\Control\source\GeniPro
                -IC:\local\Workspace\DC_V04.01.00_int\cu3x1App_SRC\Control\source\GeniPro\GENI_sys
                -IC:\local\Workspace\DC_V04.01.00_int\cu3x1App_SRC\Control\source\GeniPro\GENIbus
                -IC:\local\Workspace\DC_V04.01.00_int\cu3x1App_SRC\Control\source\GeniPro\GENIcom
                -IC:\local\Workspace\DC_V04.01.00_int\cu3x1App_SRC\Control\source\GeniPro\GENIrs232
                -IC:\local\Workspace\DC_V04.01.00_int\cu3x1App_SRC\Control\source\GeniPro\Virtual
                -IC:\local\Workspace\DC_V04.01.00_int\cu3x1Platform_SRC\Platform\common
                -IC:\local\Workspace\DC_V04.01.00_int\cu3x1Platform_SRC\Platform\hardware
                -IC:\local\Workspace\DC_V04.01.00_int\cu3x1Platform_SRC\Platform\hardware\D3018X
                -IC:\local\Workspace\DC_V04.01.00_int\cu3x1App_SRC\Control\source\application\display\imagesTFT
                -IC:\GHS\V35\mips35\mipsl_sf -r4121 -source=F6x8.c -o
                objs\gh_2i0a2.o -list=objs\F6x8.lst
                C:\Users\55602\AppData\Local\Temp\gh_2i0a2.s
Source File:    C:\Users\55602\AppData\Local\Temp\gh_2i0a2.s
Directory:      C:\local\Workspace\DC_V04.01.00_int\cu3x1App_SRC\Control\source
Host OS:        GHS_WIN32
Version:        AS-MIPS 3.5#11 
Release:        MULTI 2000, MIPS v3.5
Revision Date:  Wed Feb 27 12:19:03 2002
Release Date:   Sat Mar 02 02:57:59 2002
                             1	 #Source File:   C:\local\Workspace\DC_V04.01.00_int\cu3x1Platform_SRC\emWinColour\GUI\Font\F6x8.c

                                   Tue Apr 07 08:57:38 2015           Page 2
                                   Tue Apr 07 08:57:38 2015       gh_2i0a2.s
                             2	 #Directory:     
                             3	 #		C:\local\Workspace\DC_V04.01.00_int\cu3x1App_SRC\Control\source
                             4	 #Compile Date:  Tue Apr 07 08:57:38 2015
                             5	 #Host OS:       Win32
                             6	 #Version:       C-MIPS 3.5#11 RELEASE VERSION
                             7	 #Release:       MULTI 2000, MIPS v3.5
                             8	 #Revision Date: Fri Mar 01 11:32:40 2002
                             9	 #Release Date:  Sat Mar 02 02:58:48 2002
                            10		.set	noat
                            11		.set	noreorder
                            12		.set	nomacro
                            13	
                            14		.section ".rodata","a"
                            15	.L4:
                            16		.globl	GUI_acFont6x8
              00 00000000   17	GUI_acFont6x8:	.space	1
              00 00000001   18		.space	1
              00 00000002   19		.space	1
              00 00000003   20		.space	1
              00 00000004   21		.space	1
              00 00000005   22		.space	1
              00 00000006   23		.space	1
              00 00000007   24		.space	1
        20202020 00000008   25		.byte	32,32,32,32
              20 0000000c   26		.byte	32
              00 0000000d   27		.space	1
              20 0000000e   28		.byte	32
              00 0000000f   29		.space	1
            4848 00000010   30		.byte	72,72
              48 00000012   31		.byte	72
              00 00000013   32		.space	1
              00 00000014   33		.space	1
              00 00000015   34		.space	1
              00 00000016   35		.space	1
              00 00000017   36		.space	1
        50f85050 00000018   37		.byte	80,80,248,80
            50f8 0000001c   38		.byte	248,80
              50 0000001e   39		.byte	80
              00 0000001f   40		.space	1
        70a07820 00000020   41		.byte	32,120,160,112
            f028 00000024   42		.byte	40,240
              20 00000026   43		.byte	32
              00 00000027   44		.space	1
        2010c8c0 00000028   45		.byte	192,200,16,32
            9840 0000002c   46		.byte	64,152
              18 0000002e   47		.byte	24
              00 0000002f   48		.space	1
        40a09060 00000030   49		.byte	96,144,160,64
            90a8 00000034   50		.byte	168,144
              68 00000036   51		.byte	104
              00 00000037   52		.space	1
            2060 00000038   53		.byte	96,32
              40 0000003a   54		.byte	64
              00 0000003b   55		.space	1
              00 0000003c   56		.space	1
              00 0000003d   57		.space	1

                                   Tue Apr 07 08:57:38 2015           Page 3
                                   Tue Apr 07 08:57:38 2015       gh_2i0a2.s
              00 0000003e   58		.space	1
              00 0000003f   59		.space	1
        40402010 00000040   60		.byte	16,32,64,64
            2040 00000044   61		.byte	64,32
              10 00000046   62		.byte	16
              00 00000047   63		.space	1
        10102040 00000048   64		.byte	64,32,16,16
            2010 0000004c   65		.byte	16,32
              40 0000004e   66		.byte	64
              00 0000004f   67		.space	1
              00 00000050   68		.space	1
        20f82050 00000051   69		.byte	80,32,248,32
              50 00000055   70		.byte	80
              00 00000056   71		.space	1
              00 00000057   72		.space	1
              00 00000058   73		.space	1
        20f82020 00000059   74		.byte	32,32,248,32
              20 0000005d   75		.byte	32
              00 0000005e   76		.space	1
              00 0000005f   77		.space	1
              00 00000060   78		.space	1
              00 00000061   79		.space	1
              00 00000062   80		.space	1
              00 00000063   81		.space	1
              00 00000064   82		.space	1
            2060 00000065   83		.byte	96,32
              40 00000067   84		.byte	64
              00 00000068   85		.space	1
              00 00000069   86		.space	1
              00 0000006a   87		.space	1
              f8 0000006b   88		.byte	248
              00 0000006c   89		.space	1
              00 0000006d   90		.space	1
              00 0000006e   91		.space	1
              00 0000006f   92		.space	1
              00 00000070   93		.space	1
              00 00000071   94		.space	1
              00 00000072   95		.space	1
              00 00000073   96		.space	1
              00 00000074   97		.space	1
            6060 00000075   98		.byte	96,96
              00 00000077   99		.space	1
              00 00000078  100		.space	1
        40201008 00000079  101		.byte	8,16,32,64
              80 0000007d  102		.byte	128
              00 0000007e  103		.space	1
              00 0000007f  104		.space	1
        a8988870 00000080  105		.byte	112,136,152,168
            88c8 00000084  106		.byte	200,136
              70 00000086  107		.byte	112
              00 00000087  108		.space	1
        20206020 00000088  109		.byte	32,96,32,32
            2020 0000008c  110		.byte	32,32
              70 0000008e  111		.byte	112
              00 0000008f  112		.space	1
        30088870 00000090  113		.byte	112,136,8,48

                                   Tue Apr 07 08:57:38 2015           Page 4
                                   Tue Apr 07 08:57:38 2015       gh_2i0a2.s
            8040 00000094  114		.byte	64,128
              f8 00000096  115		.byte	248
              00 00000097  116		.space	1
        30088870 00000098  117		.byte	112,136,8,48
            8808 0000009c  118		.byte	8,136
              70 0000009e  119		.byte	112
              00 0000009f  120		.space	1
        90503010 000000a0  121		.byte	16,48,80,144
            10f8 000000a4  122		.byte	248,16
              10 000000a6  123		.byte	16
              00 000000a7  124		.space	1
        08f080f8 000000a8  125		.byte	248,128,240,8
            8808 000000ac  126		.byte	8,136
              70 000000ae  127		.byte	112
              00 000000af  128		.space	1
        f0804030 000000b0  129		.byte	48,64,128,240
            8888 000000b4  130		.byte	136,136
              70 000000b6  131		.byte	112
              00 000000b7  132		.space	1
        201008f8 000000b8  133		.byte	248,8,16,32
            4040 000000bc  134		.byte	64,64
              40 000000be  135		.byte	64
              00 000000bf  136		.space	1
        70888870 000000c0  137		.byte	112,136,136,112
            8888 000000c4  138		.byte	136,136
              70 000000c6  139		.byte	112
              00 000000c7  140		.space	1
        78888870 000000c8  141		.byte	112,136,136,120
            1008 000000cc  142		.byte	8,16
              60 000000ce  143		.byte	96
              00 000000cf  144		.space	1
              00 000000d0  145		.space	1
            6060 000000d1  146		.byte	96,96
              00 000000d3  147		.space	1
            6060 000000d4  148		.byte	96,96
              00 000000d6  149		.space	1
              00 000000d7  150		.space	1
              00 000000d8  151		.space	1
              00 000000d9  152		.space	1
            6060 000000da  153		.byte	96,96
              00 000000dc  154		.space	1
            2060 000000dd  155		.byte	96,32
              40 000000df  156		.byte	64
        80402010 000000e0  157		.byte	16,32,64,128
            2040 000000e4  158		.byte	64,32
              10 000000e6  159		.byte	16
              00 000000e7  160		.space	1
              00 000000e8  161		.space	1
              00 000000e9  162		.space	1
              f8 000000ea  163		.byte	248
              00 000000eb  164		.space	1
              f8 000000ec  165		.byte	248
              00 000000ed  166		.space	1
              00 000000ee  167		.space	1
              00 000000ef  168		.space	1
        10204080 000000f0  169		.byte	128,64,32,16

                                   Tue Apr 07 08:57:38 2015           Page 5
                                   Tue Apr 07 08:57:38 2015       gh_2i0a2.s
            4020 000000f4  170		.byte	32,64
              80 000000f6  171		.byte	128
              00 000000f7  172		.space	1
        10088870 000000f8  173		.byte	112,136,8,16
              20 000000fc  174		.byte	32
              00 000000fd  175		.space	1
              20 000000fe  176		.byte	32
              00 000000ff  177		.space	1
        68088870 00000100  178		.byte	112,136,8,104
            a8a8 00000104  179		.byte	168,168
              70 00000106  180		.byte	112
              00 00000107  181		.space	1
        f8888870 00000108  182		.byte	112,136,136,248
            8888 0000010c  183		.byte	136,136
              88 0000010e  184		.byte	136
              00 0000010f  185		.space	1
        f08888f0 00000110  186		.byte	240,136,136,240
            8888 00000114  187		.byte	136,136
              f0 00000116  188		.byte	240
              00 00000117  189		.space	1
        80808870 00000118  190		.byte	112,136,128,128
            8880 0000011c  191		.byte	128,136
              70 0000011e  192		.byte	112
              00 0000011f  193		.space	1
        888890e0 00000120  194		.byte	224,144,136,136
            9088 00000124  195		.byte	136,144
              e0 00000126  196		.byte	224
              00 00000127  197		.space	1
        f08080f8 00000128  198		.byte	248,128,128,240
            8080 0000012c  199		.byte	128,128
              f8 0000012e  200		.byte	248
              00 0000012f  201		.space	1
        f08080f8 00000130  202		.byte	248,128,128,240
            8080 00000134  203		.byte	128,128
              80 00000136  204		.byte	128
              00 00000137  205		.space	1
        80808870 00000138  206		.byte	112,136,128,128
            8898 0000013c  207		.byte	152,136
              78 0000013e  208		.byte	120
              00 0000013f  209		.space	1
        f8888888 00000140  210		.byte	136,136,136,248
            8888 00000144  211		.byte	136,136
              88 00000146  212		.byte	136
              00 00000147  213		.space	1
        20202070 00000148  214		.byte	112,32,32,32
            2020 0000014c  215		.byte	32,32
              70 0000014e  216		.byte	112
              00 0000014f  217		.space	1
        10101038 00000150  218		.byte	56,16,16,16
            9010 00000154  219		.byte	16,144
              60 00000156  220		.byte	96
              00 00000157  221		.space	1
        c0a09088 00000158  222		.byte	136,144,160,192
            90a0 0000015c  223		.byte	160,144
              88 0000015e  224		.byte	136
              00 0000015f  225		.space	1

                                   Tue Apr 07 08:57:38 2015           Page 6
                                   Tue Apr 07 08:57:38 2015       gh_2i0a2.s
        80808080 00000160  226		.byte	128,128,128,128
            8080 00000164  227		.byte	128,128
              f8 00000166  228		.byte	248
              00 00000167  229		.space	1
        a8a8d888 00000168  230		.byte	136,216,168,168
            8888 0000016c  231		.byte	136,136
              88 0000016e  232		.byte	136
              00 0000016f  233		.space	1
        a8c88888 00000170  234		.byte	136,136,200,168
            8898 00000174  235		.byte	152,136
              88 00000176  236		.byte	136
              00 00000177  237		.space	1
        88888870 00000178  238		.byte	112,136,136,136
            8888 0000017c  239		.byte	136,136
              70 0000017e  240		.byte	112
              00 0000017f  241		.space	1
        f08888f0 00000180  242		.byte	240,136,136,240
            8080 00000184  243		.byte	128,128
              80 00000186  244		.byte	128
              00 00000187  245		.space	1
        88888870 00000188  246		.byte	112,136,136,136
            90a8 0000018c  247		.byte	168,144
              68 0000018e  248		.byte	104
              00 0000018f  249		.space	1
        f08888f0 00000190  250		.byte	240,136,136,240
            90a0 00000194  251		.byte	160,144
              88 00000196  252		.byte	136
              00 00000197  253		.space	1
        70808870 00000198  254		.byte	112,136,128,112
            8808 0000019c  255		.byte	8,136
              70 0000019e  256		.byte	112
              00 0000019f  257		.space	1
        202020f8 000001a0  258		.byte	248,32,32,32
            2020 000001a4  259		.byte	32,32
              20 000001a6  260		.byte	32
              00 000001a7  261		.space	1
        88888888 000001a8  262		.byte	136,136,136,136
            8888 000001ac  263		.byte	136,136
              70 000001ae  264		.byte	112
              00 000001af  265		.space	1
        88888888 000001b0  266		.byte	136,136,136,136
            5088 000001b4  267		.byte	136,80
              20 000001b6  268		.byte	32
              00 000001b7  269		.space	1
        a8888888 000001b8  270		.byte	136,136,136,168
            a8a8 000001bc  271		.byte	168,168
              50 000001be  272		.byte	80
              00 000001bf  273		.space	1
        20508888 000001c0  274		.byte	136,136,80,32
            8850 000001c4  275		.byte	80,136
              88 000001c6  276		.byte	136
              00 000001c7  277		.space	1
        50888888 000001c8  278		.byte	136,136,136,80
            2020 000001cc  279		.byte	32,32
              20 000001ce  280		.byte	32
              00 000001cf  281		.space	1

                                   Tue Apr 07 08:57:38 2015           Page 7
                                   Tue Apr 07 08:57:38 2015       gh_2i0a2.s
        201008f8 000001d0  282		.byte	248,8,16,32
            8040 000001d4  283		.byte	64,128
              f8 000001d6  284		.byte	248
              00 000001d7  285		.space	1
        40404070 000001d8  286		.byte	112,64,64,64
            4040 000001dc  287		.byte	64,64
              70 000001de  288		.byte	112
              00 000001df  289		.space	1
              00 000001e0  290		.space	1
        10204080 000001e1  291		.byte	128,64,32,16
              08 000001e5  292		.byte	8
              00 000001e6  293		.space	1
              00 000001e7  294		.space	1
        10101070 000001e8  295		.byte	112,16,16,16
            1010 000001ec  296		.byte	16,16
              70 000001ee  297		.byte	112
              00 000001ef  298		.space	1
            5020 000001f0  299		.byte	32,80
              88 000001f2  300		.byte	136
              00 000001f3  301		.space	1
              00 000001f4  302		.space	1
              00 000001f5  303		.space	1
              00 000001f6  304		.space	1
              00 000001f7  305		.space	1
              00 000001f8  306		.space	1
              00 000001f9  307		.space	1
              00 000001fa  308		.space	1
              00 000001fb  309		.space	1
              00 000001fc  310		.space	1
              00 000001fd  311		.space	1
              00 000001fe  312		.space	1
              f8 000001ff  313		.byte	248
            2040 00000200  314		.byte	64,32
              10 00000202  315		.byte	16
              00 00000203  316		.space	1
              00 00000204  317		.space	1
              00 00000205  318		.space	1
              00 00000206  319		.space	1
              00 00000207  320		.space	1
              00 00000208  321		.space	1
              00 00000209  322		.space	1
        88780870 0000020a  323		.byte	112,8,120,136
              78 0000020e  324		.byte	120
              00 0000020f  325		.space	1
        c8b08080 00000210  326		.byte	128,128,176,200
            8888 00000214  327		.byte	136,136
              f0 00000216  328		.byte	240
              00 00000217  329		.space	1
              00 00000218  330		.space	1
              00 00000219  331		.space	1
        88808070 0000021a  332		.byte	112,128,128,136
              70 0000021e  333		.byte	112
              00 0000021f  334		.space	1
        98680808 00000220  335		.byte	8,8,104,152
            8888 00000224  336		.byte	136,136
              78 00000226  337		.byte	120

                                   Tue Apr 07 08:57:38 2015           Page 8
                                   Tue Apr 07 08:57:38 2015       gh_2i0a2.s
              00 00000227  338		.space	1
              00 00000228  339		.space	1
              00 00000229  340		.space	1
        80f88870 0000022a  341		.byte	112,136,248,128
              70 0000022e  342		.byte	112
              00 0000022f  343		.space	1
        e0404830 00000230  344		.byte	48,72,64,224
            4040 00000234  345		.byte	64,64
              40 00000236  346		.byte	64
              00 00000237  347		.space	1
              00 00000238  348		.space	1
              00 00000239  349		.space	1
        78888878 0000023a  350		.byte	120,136,136,120
            7008 0000023e  351		.byte	8,112
        c8b08080 00000240  352		.byte	128,128,176,200
            8888 00000244  353		.byte	136,136
              88 00000246  354		.byte	136
              00 00000247  355		.space	1
              20 00000248  356		.byte	32
              00 00000249  357		.space	1
        20202060 0000024a  358		.byte	96,32,32,32
              70 0000024e  359		.byte	112
              00 0000024f  360		.space	1
              10 00000250  361		.byte	16
              00 00000251  362		.space	1
        10101030 00000252  363		.byte	48,16,16,16
            6090 00000256  364		.byte	144,96
        a0908080 00000258  365		.byte	128,128,144,160
            a0c0 0000025c  366		.byte	192,160
              90 0000025e  367		.byte	144
              00 0000025f  368		.space	1
        20202060 00000260  369		.byte	96,32,32,32
            2020 00000264  370		.byte	32,32
              70 00000266  371		.byte	112
              00 00000267  372		.space	1
              00 00000268  373		.space	1
              00 00000269  374		.space	1
        8888a8d0 0000026a  375		.byte	208,168,136,136
              88 0000026e  376		.byte	136
              00 0000026f  377		.space	1
              00 00000270  378		.space	1
              00 00000271  379		.space	1
        8888c8b0 00000272  380		.byte	176,200,136,136
              88 00000276  381		.byte	136
              00 00000277  382		.space	1
              00 00000278  383		.space	1
              00 00000279  384		.space	1
        88888870 0000027a  385		.byte	112,136,136,136
              70 0000027e  386		.byte	112
              00 0000027f  387		.space	1
              00 00000280  388		.space	1
              00 00000281  389		.space	1
        f08888f0 00000282  390		.byte	240,136,136,240
            8080 00000286  391		.byte	128,128
              00 00000288  392		.space	1
              00 00000289  393		.space	1

                                   Tue Apr 07 08:57:38 2015           Page 9
                                   Tue Apr 07 08:57:38 2015       gh_2i0a2.s
        78888878 0000028a  394		.byte	120,136,136,120
            0808 0000028e  395		.byte	8,8
              00 00000290  396		.space	1
              00 00000291  397		.space	1
        8080c8b0 00000292  398		.byte	176,200,128,128
              80 00000296  399		.byte	128
              00 00000297  400		.space	1
              00 00000298  401		.space	1
              00 00000299  402		.space	1
        08708078 0000029a  403		.byte	120,128,112,8
              f0 0000029e  404		.byte	240
              00 0000029f  405		.space	1
        40e04040 000002a0  406		.byte	64,64,224,64
            4840 000002a4  407		.byte	64,72
              30 000002a6  408		.byte	48
              00 000002a7  409		.space	1
              00 000002a8  410		.space	1
              00 000002a9  411		.space	1
        98888888 000002aa  412		.byte	136,136,136,152
              68 000002ae  413		.byte	104
              00 000002af  414		.space	1
              00 000002b0  415		.space	1
              00 000002b1  416		.space	1
        50888888 000002b2  417		.byte	136,136,136,80
              20 000002b6  418		.byte	32
              00 000002b7  419		.space	1
              00 000002b8  420		.space	1
              00 000002b9  421		.space	1
        a8a88888 000002ba  422		.byte	136,136,168,168
              50 000002be  423		.byte	80
              00 000002bf  424		.space	1
              00 000002c0  425		.space	1
              00 000002c1  426		.space	1
        50205088 000002c2  427		.byte	136,80,32,80
              88 000002c6  428		.byte	136
              00 000002c7  429		.space	1
              00 000002c8  430		.space	1
              00 000002c9  431		.space	1
        78888888 000002ca  432		.byte	136,136,136,120
            7008 000002ce  433		.byte	8,112
              00 000002d0  434		.space	1
              00 000002d1  435		.space	1
        402010f8 000002d2  436		.byte	248,16,32,64
              f8 000002d6  437		.byte	248
              00 000002d7  438		.space	1
        40202010 000002d8  439		.byte	16,32,32,64
            2020 000002dc  440		.byte	32,32
              10 000002de  441		.byte	16
              00 000002df  442		.space	1
        20202020 000002e0  443		.byte	32,32,32,32
            2020 000002e4  444		.byte	32,32
              20 000002e6  445		.byte	32
              00 000002e7  446		.space	1
        10202040 000002e8  447		.byte	64,32,32,16
            2020 000002ec  448		.byte	32,32
              40 000002ee  449		.byte	64

                                   Tue Apr 07 08:57:38 2015           Page 10
                                   Tue Apr 07 08:57:38 2015       gh_2i0a2.s
              00 000002ef  450		.space	1
            9068 000002f0  451		.byte	104,144
              00 000002f2  452		.space	1
              00 000002f3  453		.space	1
              00 000002f4  454		.space	1
              00 000002f5  455		.space	1
              00 000002f6  456		.space	1
              00 000002f7  457		.space	1
            2018 000002f8  458		.byte	24,32
              00 000002fa  459		.space	1
              00 000002fb  460		.space	1
              00 000002fc  461		.space	1
              00 000002fd  462		.space	1
              00 000002fe  463		.space	1
              00 000002ff  464		.space	1
            20c0 00000300  465		.byte	192,32
              00 00000302  466		.space	1
              00 00000303  467		.space	1
              00 00000304  468		.space	1
              00 00000305  469		.space	1
              00 00000306  470		.space	1
              00 00000307  471		.space	1
            8870 00000308  472		.byte	112,136
              00 0000030a  473		.space	1
              00 0000030b  474		.space	1
              00 0000030c  475		.space	1
              00 0000030d  476		.space	1
              00 0000030e  477		.space	1
              00 0000030f  478		.space	1
              50 00000310  479		.byte	80
              00 00000311  480		.space	1
              00 00000312  481		.space	1
              00 00000313  482		.space	1
              00 00000314  483		.space	1
              00 00000315  484		.space	1
              00 00000316  485		.space	1
              00 00000317  486		.space	1
            9068 00000318  487		.byte	104,144
              00 0000031a  488		.space	1
              00 0000031b  489		.space	1
              00 0000031c  490		.space	1
              00 0000031d  491		.space	1
              00 0000031e  492		.space	1
              00 0000031f  493		.space	1
              00 00000320  494		.space	1
              00 00000321  495		.space	1
              00 00000322  496		.space	1
        70202060 00000323  497		.byte	96,32,32,112
              00 00000327  498		.space	1
              00 00000328  499		.space	1
        88f09060 00000329  500		.byte	96,144,240,136
            b088 0000032d  501		.byte	136,176
              80 0000032f  502		.byte	128
              20 00000330  503		.byte	32
              00 00000331  504		.space	1
        88f88870 00000332  505		.byte	112,136,248,136

                                   Tue Apr 07 08:57:38 2015           Page 11
                                   Tue Apr 07 08:57:38 2015       gh_2i0a2.s
              88 00000336  506		.byte	136
              00 00000337  507		.space	1
              20 00000338  508		.byte	32
              00 00000339  509		.space	1
        88780870 0000033a  510		.byte	112,8,120,136
              78 0000033e  511		.byte	120
              00 0000033f  512		.space	1
        b8a06038 00000340  513		.byte	56,96,160,184
            a0e0 00000344  514		.byte	224,160
              b8 00000346  515		.byte	184
              00 00000347  516		.space	1
        e8484870 00000348  517		.byte	112,72,72,232
            4848 0000034c  518		.byte	72,72
              70 0000034e  519		.byte	112
              00 0000034f  520		.space	1
        487040e0 00000350  521		.byte	224,64,112,72
        e0407048 00000354  522		.byte	72,112,64,224
              00 00000358  523		.space	1
              00 00000359  524		.space	1
        a07828d0 0000035a  525		.byte	208,40,120,160
              58 0000035e  526		.byte	88
              00 0000035f  527		.space	1
        10a040a0 00000360  528		.byte	160,64,160,16
            8878 00000364  529		.byte	120,136
              70 00000366  530		.byte	112
              00 00000367  531		.space	1
        28302060 00000368  532		.byte	96,32,48,40
            2030 0000036c  533		.byte	48,32
              70 0000036e  534		.byte	112
              00 0000036f  535		.space	1
        a8988870 00000370  536		.byte	112,136,152,168
            88c8 00000374  537		.byte	200,136
              70 00000376  538		.byte	112
              00 00000377  539		.space	1
              00 00000378  540		.space	1
              00 00000379  541		.space	1
        c8a89870 0000037a  542		.byte	112,152,168,200
              70 0000037e  543		.byte	112
              00 0000037f  544		.space	1
              00 00000380  545		.space	1
              00 00000381  546		.space	1
        88f88870 00000382  547		.byte	112,136,248,136
              88 00000386  548		.byte	136
              00 00000387  549		.space	1
              00 00000388  550		.space	1
              00 00000389  551		.space	1
        80e080f8 0000038a  552		.byte	248,128,224,128
              f8 0000038e  553		.byte	248
              00 0000038f  554		.space	1
              00 00000390  555		.space	1
              00 00000391  556		.space	1
        20202070 00000392  557		.byte	112,32,32,32
              70 00000396  558		.byte	112
              00 00000397  559		.space	1
              00 00000398  560		.space	1
              00 00000399  561		.space	1

                                   Tue Apr 07 08:57:38 2015           Page 12
                                   Tue Apr 07 08:57:38 2015       gh_2i0a2.s
        88888870 0000039a  562		.byte	112,136,136,136
              70 0000039e  563		.byte	112
              00 0000039f  564		.space	1
              00 000003a0  565		.space	1
              00 000003a1  566		.space	1
        88888888 000003a2  567		.byte	136,136,136,136
              70 000003a6  568		.byte	112
              00 000003a7  569		.space	1
              00 000003a8  570		.space	1
              00 000003a9  571		.space	1
        98a8c888 000003aa  572		.byte	136,200,168,152
              88 000003ae  573		.byte	136
              00 000003af  574		.space	1
              20 000003b0  575		.byte	32
              00 000003b1  576		.space	1
        20202020 000003b2  577		.byte	32,32,32,32
              20 000003b6  578		.byte	32
              00 000003b7  579		.space	1
              20 000003b8  580		.byte	32
              00 000003b9  581		.space	1
        88804020 000003ba  582		.byte	32,64,128,136
              70 000003be  583		.byte	112
              00 000003bf  584		.space	1
            2018 000003c0  585		.byte	24,32
              00 000003c2  586		.space	1
              00 000003c3  587		.space	1
              00 000003c4  588		.space	1
              00 000003c5  589		.space	1
              00 000003c6  590		.space	1
              00 000003c7  591		.space	1
            20c0 000003c8  592		.byte	192,32
              00 000003ca  593		.space	1
              00 000003cb  594		.space	1
              00 000003cc  595		.space	1
              00 000003cd  596		.space	1
              00 000003ce  597		.space	1
              00 000003cf  598		.space	1
            5020 000003d0  599		.byte	32,80
              00 000003d2  600		.space	1
              00 000003d3  601		.space	1
              00 000003d4  602		.space	1
              00 000003d5  603		.space	1
              00 000003d6  604		.space	1
              00 000003d7  605		.space	1
              50 000003d8  606		.byte	80
              00 000003d9  607		.space	1
              00 000003da  608		.space	1
              00 000003db  609		.space	1
              00 000003dc  610		.space	1
              00 000003dd  611		.space	1
              00 000003de  612		.space	1
              00 000003df  613		.space	1
            9068 000003e0  614		.byte	104,144
              00 000003e2  615		.space	1
              00 000003e3  616		.space	1
              00 000003e4  617		.space	1

                                   Tue Apr 07 08:57:38 2015           Page 13
                                   Tue Apr 07 08:57:38 2015       gh_2i0a2.s
              00 000003e5  618		.space	1
              00 000003e6  619		.space	1
              00 000003e7  620		.space	1
              00 000003e8  621		.space	1
              00 000003e9  622		.space	1
              00 000003ea  623		.space	1
              00 000003eb  624		.space	1
              00 000003ec  625		.space	1
              00 000003ed  626		.space	1
              00 000003ee  627		.space	1
              20 000003ef  628		.byte	32
              00 000003f0  629		.space	1
              00 000003f1  630		.space	1
              00 000003f2  631		.space	1
              00 000003f3  632		.space	1
              00 000003f4  633		.space	1
              00 000003f5  634		.space	1
              00 000003f6  635		.space	1
              00 000003f7  636		.space	1
              00 000003f8  637		.space	1
        a0a07020 000003f9  638		.byte	32,112,160,160
            70a8 000003fd  639		.byte	168,112
              20 000003ff  640		.byte	32
        e0404030 00000400  641		.byte	48,64,64,224
            4840 00000404  642		.byte	64,72
              b0 00000406  643		.byte	176
              00 00000407  644		.space	1
              00 00000408  645		.space	1
              00 00000409  646		.space	1
        70507088 0000040a  647		.byte	136,112,80,112
              88 0000040e  648		.byte	136
              00 0000040f  649		.space	1
        20f85088 00000410  650		.byte	136,80,248,32
            20f8 00000414  651		.byte	248,32
              20 00000416  652		.byte	32
              00 00000417  653		.space	1
            2020 00000418  654		.byte	32,32
              20 0000041a  655		.byte	32
              00 0000041b  656		.space	1
            2020 0000041c  657		.byte	32,32
              20 0000041e  658		.byte	32
              00 0000041f  659		.space	1
        50204830 00000420  660		.byte	48,72,32,80
            9020 00000424  661		.byte	32,144
              60 00000426  662		.byte	96
              00 00000427  663		.space	1
              88 00000428  664		.byte	136
              00 00000429  665		.space	1
              00 0000042a  666		.space	1
              00 0000042b  667		.space	1
              00 0000042c  668		.space	1
              00 0000042d  669		.space	1
              00 0000042e  670		.space	1
              00 0000042f  671		.space	1
        b8a888f8 00000430  672		.byte	248,136,168,184
            88a8 00000434  673		.byte	168,136

                                   Tue Apr 07 08:57:38 2015           Page 14
                                   Tue Apr 07 08:57:38 2015       gh_2i0a2.s
              f8 00000436  674		.byte	248
              00 00000437  675		.space	1
        88780870 00000438  676		.byte	112,8,120,136
              70 0000043c  677		.byte	112
              00 0000043d  678		.space	1
              00 0000043e  679		.space	1
              00 0000043f  680		.space	1
              00 00000440  681		.space	1
        50a05028 00000441  682		.byte	40,80,160,80
              28 00000445  683		.byte	40
              00 00000446  684		.space	1
              00 00000447  685		.space	1
              00 00000448  686		.space	1
              00 00000449  687		.space	1
              00 0000044a  688		.space	1
            08f8 0000044b  689		.byte	248,8
              08 0000044d  690		.byte	8
              00 0000044e  691		.space	1
              00 0000044f  692		.space	1
              00 00000450  693		.space	1
              00 00000451  694		.space	1
              00 00000452  695		.space	1
              70 00000453  696		.byte	112
              00 00000454  697		.space	1
              00 00000455  698		.space	1
              00 00000456  699		.space	1
              00 00000457  700		.space	1
        88a888f8 00000458  701		.byte	248,136,168,136
            a898 0000045c  702		.byte	152,168
              f8 0000045e  703		.byte	248
              00 0000045f  704		.space	1
              f8 00000460  705		.byte	248
              00 00000461  706		.space	1
              00 00000462  707		.space	1
              00 00000463  708		.space	1
              00 00000464  709		.space	1
              00 00000465  710		.space	1
              00 00000466  711		.space	1
              00 00000467  712		.space	1
            5020 00000468  713		.byte	32,80
              20 0000046a  714		.byte	32
              00 0000046b  715		.space	1
              00 0000046c  716		.space	1
              00 0000046d  717		.space	1
              00 0000046e  718		.space	1
              00 0000046f  719		.space	1
              00 00000470  720		.space	1
            7020 00000471  721		.byte	32,112
              20 00000473  722		.byte	32
              00 00000474  723		.space	1
              70 00000475  724		.byte	112
              00 00000476  725		.space	1
              00 00000477  726		.space	1
        40209060 00000478  727		.byte	96,144,32,64
              f0 0000047c  728		.byte	240
              00 0000047d  729		.space	1

                                   Tue Apr 07 08:57:38 2015           Page 15
                                   Tue Apr 07 08:57:38 2015       gh_2i0a2.s
              00 0000047e  730		.space	1
              00 0000047f  731		.space	1
        106010e0 00000480  732		.byte	224,16,96,16
              e0 00000484  733		.byte	224
              00 00000485  734		.space	1
              00 00000486  735		.space	1
              00 00000487  736		.space	1
            2018 00000488  737		.byte	24,32
              00 0000048a  738		.space	1
              00 0000048b  739		.space	1
              00 0000048c  740		.space	1
              00 0000048d  741		.space	1
              00 0000048e  742		.space	1
              00 0000048f  743		.space	1
              00 00000490  744		.space	1
              00 00000491  745		.space	1
        c8888888 00000492  746		.byte	136,136,136,200
            80b0 00000496  747		.byte	176,128
        78989878 00000498  748		.byte	120,152,152,120
            1818 0000049c  749		.byte	24,24
              18 0000049e  750		.byte	24
              00 0000049f  751		.space	1
              00 000004a0  752		.space	1
              00 000004a1  753		.space	1
              00 000004a2  754		.space	1
            3030 000004a3  755		.byte	48,48
              00 000004a5  756		.space	1
              00 000004a6  757		.space	1
              00 000004a7  758		.space	1
        4040c040 000004a8  759		.byte	64,192,64,64
              e0 000004ac  760		.byte	224
              00 000004ad  761		.space	1
              00 000004ae  762		.space	1
              00 000004af  763		.space	1
        88888870 000004b0  764		.byte	112,136,136,136
              70 000004b4  765		.byte	112
              00 000004b5  766		.space	1
              00 000004b6  767		.space	1
              00 000004b7  768		.space	1
              00 000004b8  769		.space	1
        502850a0 000004b9  770		.byte	160,80,40,80
              a0 000004bd  771		.byte	160
              00 000004be  772		.space	1
              00 000004bf  773		.space	1
        50a09088 000004c0  774		.byte	136,144,160,80
        107850b0 000004c4  775		.byte	176,80,120,16
        40a09088 000004c8  776		.byte	136,144,160,64
        381008b8 000004cc  777		.byte	184,8,16,56
        48c040c0 000004d0  778		.byte	192,64,192,72
        083828d8 000004d4  779		.byte	216,40,56,8
              00 000004d8  780		.space	1
        50205088 000004d9  781		.byte	136,80,32,80
              88 000004dd  782		.byte	136
              00 000004de  783		.space	1
              00 000004df  784		.space	1
              00 000004e0  785		.space	1

                                   Tue Apr 07 08:57:38 2015           Page 16
                                   Tue Apr 07 08:57:38 2015       gh_2i0a2.s
              20 000004e1  786		.byte	32
              00 000004e2  787		.space	1
              f8 000004e3  788		.byte	248
              00 000004e4  789		.space	1
              20 000004e5  790		.byte	32
              00 000004e6  791		.space	1
              00 000004e7  792		.space	1
        fc703010 000004e8  793		.byte	16,48,112,252
            3070 000004ec  794		.byte	112,48
              10 000004ee  795		.byte	16
              00 000004ef  796		.space	1
        fc383020 000004f0  797		.byte	32,48,56,252
            3038 000004f4  798		.byte	56,48
              20 000004f6  799		.byte	32
              00 000004f7  800		.space	1
              00 000004f8  801		.space	1
        20f87020 000004f9  802		.byte	32,112,248,32
              20 000004fd  803		.byte	32
              00 000004fe  804		.space	1
              00 000004ff  805		.space	1
              00 00000500  806		.space	1
        70f82020 00000501  807		.byte	32,32,248,112
              20 00000505  808		.byte	32
              00 00000506  809		.space	1
              00 00000507  810		.space	1
              00 00000508  811		.space	1
        f8682808 00000509  812		.byte	8,40,104,248
            2060 0000050d  813		.byte	96,32
              00 0000050f  814		.space	1
              00 00000510  815		.space	1
        08080404 00000511  816		.byte	4,4,8,8
                           817		.type	GUI_acFont6x8,@object
                           818		.size	GUI_acFont6x8,1304
            5090 00000515  819		.byte	144,80
              20 00000517  820		.byte	32
                           821	.L5:
                           822		.globl	GUI_F6x8_TL8859_1
        ffff009d 00000518  823	GUI_F6x8_TL8859_1:	.byte	157,0,255,255
        ffff009e 0000051c  824		.byte	158,0,255,255
        ffff009f 00000520  825		.byte	159,0,255,255
        ffff00a0 00000524  826		.byte	160,0,255,255
        ffff00a1 00000528  827		.byte	161,0,255,255
        ffff00a2 0000052c  828		.byte	162,0,255,255
        ffffffff 00000530  829		.byte	255,255,255,255
        ffffffff 00000534  830		.byte	255,255,255,255
        ffffffff 00000538  831		.byte	255,255,255,255
        ffffffff 0000053c  832		.byte	255,255,255,255
        ffffffff 00000540  833		.byte	255,255,255,255
        ffffffff 00000544  834		.byte	255,255,255,255
        ffffffff 00000548  835		.byte	255,255,255,255
        ffffffff 0000054c  836		.byte	255,255,255,255
        ffffffff 00000550  837		.byte	255,255,255,255
        ffffffff 00000554  838		.byte	255,255,255,255
        ffff007e 00000558  839		.byte	126,0,255,255
        ffff0076 0000055c  840		.byte	118,0,255,255
        ffff007f 00000560  841		.byte	127,0,255,255

                                   Tue Apr 07 08:57:38 2015           Page 17
                                   Tue Apr 07 08:57:38 2015       gh_2i0a2.s
        ffff0080 00000564  842		.byte	128,0,255,255
        ffff0081 00000568  843		.byte	129,0,255,255
        ffff0082 0000056c  844		.byte	130,0,255,255
        ffff0083 00000570  845		.byte	131,0,255,255
        ffff0084 00000574  846		.byte	132,0,255,255
        ffff0085 00000578  847		.byte	133,0,255,255
        ffff0086 0000057c  848		.byte	134,0,255,255
        ffff0087 00000580  849		.byte	135,0,255,255
        ffff0088 00000584  850		.byte	136,0,255,255
        ffff0089 00000588  851		.byte	137,0,255,255
        ffff008a 0000058c  852		.byte	138,0,255,255
        ffff008b 00000590  853		.byte	139,0,255,255
        ffff008c 00000594  854		.byte	140,0,255,255
        ffff008d 00000598  855		.byte	141,0,255,255
        ffff008e 0000059c  856		.byte	142,0,255,255
        ffff008f 000005a0  857		.byte	143,0,255,255
        ffff0090 000005a4  858		.byte	144,0,255,255
        ffff0091 000005a8  859		.byte	145,0,255,255
        ffff0092 000005ac  860		.byte	146,0,255,255
        ffff0093 000005b0  861		.byte	147,0,255,255
        ffff0094 000005b4  862		.byte	148,0,255,255
        ffff007d 000005b8  863		.byte	125,0,255,255
        ffff0095 000005bc  864		.byte	149,0,255,255
        ffff0096 000005c0  865		.byte	150,0,255,255
        ffff0097 000005c4  866		.byte	151,0,255,255
        ffff0098 000005c8  867		.byte	152,0,255,255
        ffff0099 000005cc  868		.byte	153,0,255,255
        ffff009a 000005d0  869		.byte	154,0,255,255
        ffff0077 000005d4  870		.byte	119,0,255,255
        00790070 000005d8  871		.byte	112,0,121,0
        00780070 000005dc  872		.byte	112,0,120,0
        007a0070 000005e0  873		.byte	112,0,122,0
        007c0070 000005e4  874		.byte	112,0,124,0
        007b0070 000005e8  875		.byte	112,0,123,0
        ffff0066 000005ec  876		.byte	102,0,255,255
        ffff0068 000005f0  877		.byte	104,0,255,255
        007d0023 000005f4  878		.byte	35,0,125,0
        00790071 000005f8  879		.byte	113,0,121,0
        00780071 000005fc  880		.byte	113,0,120,0
        007a0071 00000600  881		.byte	113,0,122,0
        007b0071 00000604  882		.byte	113,0,123,0
        00790072 00000608  883		.byte	114,0,121,0
        00780072 0000060c  884		.byte	114,0,120,0
        007a0072 00000610  885		.byte	114,0,122,0
        007b0072 00000614  886		.byte	114,0,123,0
        ffff0069 00000618  887		.byte	105,0,255,255
        007c0075 0000061c  888		.byte	117,0,124,0
        00790073 00000620  889		.byte	115,0,121,0
        00780073 00000624  890		.byte	115,0,120,0
        007a0073 00000628  891		.byte	115,0,122,0
        007c0073 0000062c  892		.byte	115,0,124,0
        007b0073 00000630  893		.byte	115,0,123,0
        ffff009b 00000634  894		.byte	155,0,255,255
        ffff006e 00000638  895		.byte	110,0,255,255
        00790074 0000063c  896		.byte	116,0,121,0
        00780074 00000640  897		.byte	116,0,120,0

                                   Tue Apr 07 08:57:38 2015           Page 18
                                   Tue Apr 07 08:57:38 2015       gh_2i0a2.s
        007a0074 00000644  898		.byte	116,0,122,0
        007b0074 00000648  899		.byte	116,0,123,0
        00780039 0000064c  900		.byte	57,0,120,0
        ffff006a 00000650  901		.byte	106,0,255,255
        ffff0065 00000654  902		.byte	101,0,255,255
        00600041 00000658  903		.byte	65,0,96,0
        005f0041 0000065c  904		.byte	65,0,95,0
        00610041 00000660  905		.byte	65,0,97,0
        00630041 00000664  906		.byte	65,0,99,0
        00620041 00000668  907		.byte	65,0,98,0
        ffff0067 0000066c  908		.byte	103,0,255,255
        ffff006b 00000670  909		.byte	107,0,255,255
        007d0043 00000674  910		.byte	67,0,125,0
        00600045 00000678  911		.byte	69,0,96,0
        005f0045 0000067c  912		.byte	69,0,95,0
        00610045 00000680  913		.byte	69,0,97,0
        00620045 00000684  914		.byte	69,0,98,0
        00600064 00000688  915		.byte	100,0,96,0
        005f0064 0000068c  916		.byte	100,0,95,0
        00610064 00000690  917		.byte	100,0,97,0
        00620064 00000694  918		.byte	100,0,98,0
        ffff006c 00000698  919		.byte	108,0,255,255
        0063004e 0000069c  920		.byte	78,0,99,0
        0060004f 000006a0  921		.byte	79,0,96,0
        005f004f 000006a4  922		.byte	79,0,95,0
        0061004f 000006a8  923		.byte	79,0,97,0
        0063004f 000006ac  924		.byte	79,0,99,0
        0062004f 000006b0  925		.byte	79,0,98,0
        ffff009c 000006b4  926		.byte	156,0,255,255
        ffff006f 000006b8  927		.byte	111,0,255,255
        005f0055 000006bc  928		.byte	85,0,95,0
        00600055 000006c0  929		.byte	85,0,96,0
        00610055 000006c4  930		.byte	85,0,97,0
        00620055 000006c8  931		.byte	85,0,98,0
        005f0059 000006cc  932		.byte	89,0,95,0
        ffff006d 000006d0  933		.byte	109,0,255,255
        00620059 000006d4  934		.byte	89,0,98,0
                           935		.type	GUI_F6x8_TL8859_1,@object
                           936		.size	GUI_F6x8_TL8859_1,448
                           937	.L6:
                           938		.globl	GUI_F6x8_TI8859_1
        00ff0090 000006d8  939	GUI_F6x8_TI8859_1:	.byte	144,0,255,0
        00000000 000006dc  940		.word	.L5
                           941		.type	GUI_F6x8_TI8859_1,@object
                           942		.size	GUI_F6x8_TI8859_1,8
                           943	.L7:
                           944		.globl	GUI_F6x8_Mono
        00000000 000006e0  945	GUI_F6x8_Mono:	.word	.L4
        00000000 000006e4  946		.word	.L4
        00000000 000006e8  947		.word	.L6
        007e0020 000006ec  948		.byte	32,0,126,0
            0606 000006f0  949		.byte	6,6
              01 000006f2  950		.byte	1
              00 000006f3  951		.space	1
                           952		.type	GUI_F6x8_Mono,@object
                           953		.size	GUI_F6x8_Mono,20

                                   Tue Apr 07 08:57:38 2015           Page 19
                                   Tue Apr 07 08:57:38 2015       gh_2i0a2.s
                           954	.L8:
                           955		.globl	GUI_Font6x8
        00000000 000006f4  956	GUI_Font6x8:	.word	GUIMONO_DispChar
        00000000 000006f8  957		.word	GUIMONO_GetCharDistX
        00000000 000006fc  958		.word	GUIMONO_GetFontInfo
        00000000 00000700  959		.word	GUIMONO_IsInFont
        00000000 00000704  960		.space	4
        01010808 00000708  961		.byte	8,8,1,1
        00000000 0000070c  962		.word	.L7
            0507 00000710  963		.byte	7,5
              07 00000712  964		.byte	7
              00 00000713  965		.space	1
                           966		.type	GUI_Font6x8,@object
                           967		.size	GUI_Font6x8,32
                           968	.L9:
                           969		.globl	GUI_Font6x9
        00000000 00000714  970	GUI_Font6x9:	.word	GUIMONO_DispChar
        00000000 00000718  971		.word	GUIMONO_GetCharDistX
        00000000 0000071c  972		.word	GUIMONO_GetFontInfo
        00000000 00000720  973		.word	GUIMONO_IsInFont
        00000000 00000724  974		.space	4
        01010908 00000728  975		.byte	8,9,1,1
        00000000 0000072c  976		.word	.L7
            0507 00000730  977		.byte	7,5
              07 00000732  978		.byte	7
              00 00000733  979		.space	1
                           980		.type	GUI_Font6x9,@object
                           981		.size	GUI_Font6x9,32
                           982		.data
                           983		.section ".rodata","a"
                           984		.align	4
                           985		.text
