
                                   Tue Apr 07 08:56:09 2015           Page 1
                                   Tue Apr 07 08:56:09 2015       gh_2i085.s
Command Line:   C:\GHS\V35\mips35\asmips.exe -noundefined -elf -b0
                -IC:\local\Workspace\DC_V04.01.00_int\cu3x1Platform_SRC\emWinColour
                -IC:\local\Workspace\DC_V04.01.00_int\cu3x1Platform_SRC\platform\include
                -IC:\local\Workspace\DC_V04.01.00_int\cu3x1Platform_SRC\platform\common
                -IC:\local\Workspace\DC_V04.01.00_int\cu3x1Platform_SRC\platform\hardware
                -IC:\local\Workspace\DC_V04.01.00_int\cu3x1Platform_SRC\platform\hardware\D3018X
                -IC:\local\Workspace\DC_V04.01.00_int\cu3x1Platform_SRC\embos\inc
                -IC:\local\Workspace\DC_V04.01.00_int\cu3x1Platform_SRC\emWinColour\config
                -IC:\local\Workspace\DC_V04.01.00_int\cu3x1Platform_SRC\emWinColour\gui\ConvertMono
                -IC:\local\Workspace\DC_V04.01.00_int\cu3x1Platform_SRC\emWinColour\gui\Core
                -IC:\local\Workspace\DC_V04.01.00_int\cu3x1Platform_SRC\emWinColour\gui\Font
                -IC:\local\Workspace\DC_V04.01.00_int\cu3x1Platform_SRC\emWinColour\gui\LCDDriver
                -IC:\local\Workspace\DC_V04.01.00_int\cu3x1Platform_SRC\emWinColour\gui\MemDev
                -IC:\local\Workspace\DC_V04.01.00_int\cu3x1Platform_SRC\emWinColour\gui\VNC
                -IC:\local\Workspace\DC_V04.01.00_int\cu3x1Platform_SRC\emWinColour\gui\Widget
                -IC:\local\Workspace\DC_V04.01.00_int\cu3x1Platform_SRC\emWinColour\gui\wm
                -IC:\local\Workspace\DC_V04.01.00_int\cu3x1App_SRC\Control\source
                -IC:\local\Workspace\DC_V04.01.00_int\cu3x1App_SRC\Control\source\include
                -IC:\local\Workspace\DC_V04.01.00_int\cu3x1App_SRC\Control\source\util
                -IC:\local\Workspace\DC_V04.01.00_int\cu3x1App_SRC\Control\source\datapoint
                -IC:\local\Workspace\DC_V04.01.00_int\cu3x1App_SRC\Control\source\factory
                -IC:\local\Workspace\DC_V04.01.00_int\cu3x1Platform_SRC\embos
                -IC:\local\Workspace\DC_V04.01.00_int\cu3x1Platform_SRC\emWinColour\gui\core
                -IC:\local\Workspace\DC_V04.01.00_int\cu3x1App_SRC\Control\source\rtip\webpage
                -IC:\local\Workspace\DC_V04.01.00_int\cu3x1App_SRC\Control\source\rtip\config
                -IC:\local\Workspace\DC_V04.01.00_int\cu3x1App_SRC\Control\source\rtip\xnet
                -IC:\local\Workspace\DC_V04.01.00_int\cu3x1App_SRC\Control\source\stub
                -IC:\local\Workspace\DC_V04.01.00_int\cu3x1App_SRC\Control\source\test
                -IC:\local\Workspace\DC_V04.01.00_int\cu3x1App_SRC\Control\source\GENIpro
                -IC:\local\Workspace\DC_V04.01.00_int\cu3x1App_SRC\Control\source\GENIpro\GENI_sys
                -IC:\local\Workspace\DC_V04.01.00_int\cu3x1App_SRC\Control\source\GENIpro\GENIusb\emUSB\USB\Driver
                -IC:\local\Workspace\DC_V04.01.00_int\cu3x1App_SRC\Control\source\application\intercom
                -IC:\local\Workspace\DC_V04.01.00_int\cu3x1App_SRC\Control\source\application\controller
                -IC:\local\Workspace\DC_V04.01.00_int\cu3x1App_SRC\Control\source\application\driver
                -IC:\local\Workspace\DC_V04.01.00_int\cu3x1App_SRC\Control\source\application\webif
                -IC:\local\Workspace\DC_V04.01.00_int\cu3x1App_SRC\Control\source\application\relay
                -IC:\local\Workspace\DC_V04.01.00_int\cu3x1App_SRC\Control\source\application\GENIApp
                -IC:\local\Workspace\DC_V04.01.00_int\cu3x1App_SRC\Control\source\application\alarm
                -IC:\local\Workspace\DC_V04.01.00_int\cu3x1App_SRC\Control\source\application\config
                -IC:\local\Workspace\DC_V04.01.00_int\cu3x1App_SRC\Control\source\application\AnaInConfigCtrl
                -IC:\local\Workspace\DC_V04.01.00_int\cu3x1App_SRC\Control\source\application\Sms
                -IC:\local\Workspace\DC_V04.01.00_int\cu3x1App_SRC\Control\source\application\display
                -IC:\local\Workspace\DC_V04.01.00_int\cu3x1App_SRC\Control\source\application\display\display_task
                -IC:\local\Workspace\DC_V04.01.00_int\cu3x1App_SRC\Control\source\application\display\gui_utility
                -IC:\local\Workspace\DC_V04.01.00_int\cu3x1App_SRC\Control\source\application\display\mpcunit
                -IC:\local\Workspace\DC_V04.01.00_int\cu3x1App_SRC\Control\source\GeniPro
                -IC:\local\Workspace\DC_V04.01.00_int\cu3x1App_SRC\Control\source\GeniPro\GENI_sys
                -IC:\local\Workspace\DC_V04.01.00_int\cu3x1App_SRC\Control\source\GeniPro\GENIbus
                -IC:\local\Workspace\DC_V04.01.00_int\cu3x1App_SRC\Control\source\GeniPro\GENIcom
                -IC:\local\Workspace\DC_V04.01.00_int\cu3x1App_SRC\Control\source\GeniPro\GENIrs232
                -IC:\local\Workspace\DC_V04.01.00_int\cu3x1App_SRC\Control\source\GeniPro\Virtual
                -IC:\local\Workspace\DC_V04.01.00_int\cu3x1Platform_SRC\Platform\common
                -IC:\local\Workspace\DC_V04.01.00_int\cu3x1Platform_SRC\Platform\hardware
                -IC:\local\Workspace\DC_V04.01.00_int\cu3x1Platform_SRC\Platform\hardware\D3018X
                -IC:\local\Workspace\DC_V04.01.00_int\cu3x1App_SRC\Control\source\application\display\imagesTFT
                -IC:\GHS\V35\mips35\mipsl_sf -r4121 -source=GUI2DLib.c -o
                objs\gh_2i085.o -list=objs\GUI2DLib.lst
                C:\Users\55602\AppData\Local\Temp\gh_2i085.s
Source File:    C:\Users\55602\AppData\Local\Temp\gh_2i085.s
Directory:      C:\local\Workspace\DC_V04.01.00_int\cu3x1App_SRC\Control\source
Host OS:        GHS_WIN32
Version:        AS-MIPS 3.5#11 
Release:        MULTI 2000, MIPS v3.5
Revision Date:  Wed Feb 27 12:19:03 2002
Release Date:   Sat Mar 02 02:57:59 2002
                             1	 #Source File:   C:\local\Workspace\DC_V04.01.00_int\cu3x1Platform_SRC\emWinColour\GUI\Core\GUI2DLib.c

                                   Tue Apr 07 08:56:09 2015           Page 2
                                   Tue Apr 07 08:56:09 2015       gh_2i085.s
                             2	 #Directory:     
                             3	 #		C:\local\Workspace\DC_V04.01.00_int\cu3x1App_SRC\Control\source
                             4	 #Compile Date:  Tue Apr 07 08:56:09 2015
                             5	 #Host OS:       Win32
                             6	 #Version:       C-MIPS 3.5#11 RELEASE VERSION
                             7	 #Release:       MULTI 2000, MIPS v3.5
                             8	 #Revision Date: Fri Mar 01 11:32:40 2002
                             9	 #Release Date:  Sat Mar 02 02:58:48 2002
                            10		.set	noat
                            11		.set	noreorder
                            12		.set	nomacro
                            13		.text
                            14		.align	4
                            15		.globl	GUI_MoveRel
                            16	GUI_MoveRel:
        27bdfff0 00000000   17		addiu	$sp, $sp, -16
        afbf000c 00000004   18		sw	$ra, 12($sp)
        afb10004 00000008   19		sw	$17, 4($sp)
        afb00000 0000000c   20		sw	$16, 0($sp)
        00808025 00000010   21		move	$16, $4
                            22	 #	    .bf
        0c000000 00000014   23		jal	GUI_Lock
        00a08825 00000018   24		move	$17, $5
        3c030000 0000001c   25		lui	$3, %hi(GUI_Context)
        24630000 00000020   26		addiu	$3, $3, %lo(GUI_Context)
        8479002a 00000024   27		lh	$25, 42($3)
        8478002c 00000028   28		lh	$24, 44($3)
        0330c821 0000002c   29		addu	$25, $25, $16
        a479002a 00000030   30		sh	$25, 42($3)
        0311c021 00000034   31		addu	$24, $24, $17
        0c000000 00000038   32		jal	GUI_Unlock
        a478002c 0000003c   33		sh	$24, 44($3)
                            34	 #	    .ef
        8fbf000c 00000040   35		lw	$ra, 12($sp)
        8fb00000 00000044   36		lw	$16, 0($sp)
        8fb10004 00000048   37		lw	$17, 4($sp)
        03e00008 0000004c   38		jr	$ra
        27bd0010 00000050   39		addiu	$sp, $sp, 16
                            40		.type	GUI_MoveRel,@function
                            41		.size	GUI_MoveRel,.-GUI_MoveRel
                            42		.align	4
                            43	
                            44	 #dx	$16	param
                            45	 #dy	$17	param
                            46	
                            47		.data
                            48	.L22:
                            49		.text
                            50		.align	4
                            51		.align	4
                            52		.globl	GL_MoveTo
                            53	GL_MoveTo:
        3c030000 00000054   54		lui	$3, %hi(GUI_Context)
                            55	 #	    .bf
        24630000 00000058   56		addiu	$3, $3, %lo(GUI_Context)
                            57	 #	    .ef

                                   Tue Apr 07 08:56:09 2015           Page 3
                                   Tue Apr 07 08:56:09 2015       gh_2i085.s
        a465002c 0000005c   58		sh	$5, 44($3)
        03e00008 00000060   59		jr	$ra
        a464002a 00000064   60		sh	$4, 42($3)
                            61		.type	GL_MoveTo,@function
                            62		.size	GL_MoveTo,.-GL_MoveTo
                            63		.align	4
                            64	
                            65	 #x	$4	param
                            66	 #y	$5	param
                            67	
                            68		.data
                            69	.L41:
                            70		.text
                            71		.align	4
                            72		.align	4
                            73		.globl	GUI_MoveTo
                            74	GUI_MoveTo:
        27bdfff0 00000068   75		addiu	$sp, $sp, -16
        afbf000c 0000006c   76		sw	$ra, 12($sp)
        afb10004 00000070   77		sw	$17, 4($sp)
        afb00000 00000074   78		sw	$16, 0($sp)
        00808025 00000078   79		move	$16, $4
                            80	 #	    .bf
        0c000000 0000007c   81		jal	GUI_Lock
        00a08825 00000080   82		move	$17, $5
        3c030000 00000084   83		lui	$3, %hi(GUI_Context)
        24630000 00000088   84		addiu	$3, $3, %lo(GUI_Context)
        8c790044 0000008c   85		lw	$25, 68($3)
        8c780048 00000090   86		lw	$24, 72($3)
        02192021 00000094   87		addu	$4, $16, $25
        0c000000 00000098   88		jal	GL_MoveTo
        02382821 0000009c   89		addu	$5, $17, $24
        0c000000 000000a0   90		jal	GUI_Unlock
        00000000 000000a4   91		nop
                            92	 #	    .ef
        8fbf000c 000000a8   93		lw	$ra, 12($sp)
        8fb00000 000000ac   94		lw	$16, 0($sp)
        8fb10004 000000b0   95		lw	$17, 4($sp)
        03e00008 000000b4   96		jr	$ra
        27bd0010 000000b8   97		addiu	$sp, $sp, 16
                            98		.type	GUI_MoveTo,@function
                            99		.size	GUI_MoveTo,.-GUI_MoveTo
                           100		.align	4
                           101	
                           102	 #x	$16	param
                           103	 #y	$17	param
                           104	
                           105		.data
                           106	.L60:
                           107		.text
                           108		.align	4
                           109		.align	4
                           110		.globl	GUI_DrawRect
                           111	GUI_DrawRect:
        27bdffd8 000000bc  112		addiu	$sp, $sp, -40
        afbf0024 000000c0  113		sw	$ra, 36($sp)

                                   Tue Apr 07 08:56:09 2015           Page 4
                                   Tue Apr 07 08:56:09 2015       gh_2i085.s
        afb50014 000000c4  114		sw	$21, 20($sp)
        afb40010 000000c8  115		sw	$20, 16($sp)
        afb3000c 000000cc  116		sw	$19, 12($sp)
        afb00000 000000d0  117		sw	$16, 0($sp)
        00808025 000000d4  118		move	$16, $4
        afb10004 000000d8  119		sw	$17, 4($sp)
        00a08825 000000dc  120		move	$17, $5
        afb20008 000000e0  121		sw	$18, 8($sp)
        00c09025 000000e4  122		move	$18, $6
                           123	 #	    .bf
        0c000000 000000e8  124		jal	GUI_Lock
        00e09825 000000ec  125		move	$19, $7
        3c030000 000000f0  126		lui	$3, %hi(GUI_Context)
        24630000 000000f4  127		addiu	$3, $3, %lo(GUI_Context)
        90790018 000000f8  128		lbu	$25, 24($3)
        2722ffff 000000fc  129		addiu	$2, $25, -1
        8c790044 00000100  130		lw	$25, 68($3)
        8c630048 00000104  131		lw	$3, 72($3)
        27a40018 00000108  132		addiu	$4, $sp, 24
        02599021 0000010c  133		addu	$18, $18, $25
        02198021 00000110  134		addu	$16, $16, $25
        0202c023 00000114  135		subu	$24, $16, $2
        a7b80018 00000118  136		sh	$24, 24($sp)
        02427821 0000011c  137		addu	$15, $18, $2
        a7af001c 00000120  138		sh	$15, 28($sp)
        02238821 00000124  139		addu	$17, $17, $3
        02227023 00000128  140		subu	$14, $17, $2
        a7ae001a 0000012c  141		sh	$14, 26($sp)
        02639821 00000130  142		addu	$19, $19, $3
        02626821 00000134  143		addu	$13, $19, $2
        0c000000 00000138  144		jal	WM__InitIVRSearch
        a7ad001e 0000013c  145		sh	$13, 30($sp)
        10400016 00000140  146		beq	$2, $0, .L68
        2674ffff 00000144  147		addiu	$20, $19, -1
        26350001 00000148  148		addiu	$21, $17, 1
        02002025 0000014c  149		move	$4, $16
                           150	.L1000075:
        02202825 00000150  151		move	$5, $17
        0c000000 00000154  152		jal	LCD_DrawHLine
        02403025 00000158  153		move	$6, $18
        02002025 0000015c  154		move	$4, $16
        02602825 00000160  155		move	$5, $19
        0c000000 00000164  156		jal	LCD_DrawHLine
        02403025 00000168  157		move	$6, $18
        02002025 0000016c  158		move	$4, $16
        02a02825 00000170  159		move	$5, $21
        0c000000 00000174  160		jal	LCD_DrawVLine
        02803025 00000178  161		move	$6, $20
        02402025 0000017c  162		move	$4, $18
        02a02825 00000180  163		move	$5, $21
        0c000000 00000184  164		jal	LCD_DrawVLine
        02803025 00000188  165		move	$6, $20
        0c000000 0000018c  166		jal	WM__GetNextIVR
        00000000 00000190  167		nop
        5440ffee 00000194  168		bnel	$2, $0, .L1000075
        02002025 00000198  169		move	$4, $16

                                   Tue Apr 07 08:56:09 2015           Page 5
                                   Tue Apr 07 08:56:09 2015       gh_2i085.s
                           170	.L68:
        0c000000 0000019c  171		jal	GUI_Unlock
        00000000 000001a0  172		nop
                           173	 #	    .ef
        8fb3000c 000001a4  174		lw	$19, 12($sp)
        8fb20008 000001a8  175		lw	$18, 8($sp)
        8fb10004 000001ac  176		lw	$17, 4($sp)
        8fb00000 000001b0  177		lw	$16, 0($sp)
        8fbf0024 000001b4  178		lw	$ra, 36($sp)
        8fb40010 000001b8  179		lw	$20, 16($sp)
        8fb50014 000001bc  180		lw	$21, 20($sp)
        03e00008 000001c0  181		jr	$ra
        27bd0028 000001c4  182		addiu	$sp, $sp, 40
                           183		.type	GUI_DrawRect,@function
                           184		.size	GUI_DrawRect,.-GUI_DrawRect
                           185		.align	4
                           186	 #Off	$2	local
                           187	 #r	24($sp)	local
                           188	
                           189	 #x0	$16	param
                           190	 #y0	$17	param
                           191	 #x1	$18	param
                           192	 #y1	$19	param
                           193	
                           194		.data
                           195	.L107:
                           196		.text
                           197		.align	4
                           198	 #GUI_Context	GUI_Context	import
                           199	
                           200		.data
                           201		.text
