
                                   Tue Apr 07 08:54:00 2015           Page 1
                                   Tue Apr 07 08:54:00 2015       gh_2i05f.s
Command Line:   C:\GHS\V35\mips35\asmips.exe -noundefined -elf -b0
                -IC:\local\Workspace\DC_V04.01.00_int\cu3x1Platform_SRC\emWinColour
                -IC:\local\Workspace\DC_V04.01.00_int\cu3x1Platform_SRC\platform\include
                -IC:\local\Workspace\DC_V04.01.00_int\cu3x1Platform_SRC\platform\common
                -IC:\local\Workspace\DC_V04.01.00_int\cu3x1Platform_SRC\platform\hardware
                -IC:\local\Workspace\DC_V04.01.00_int\cu3x1Platform_SRC\platform\hardware\D3018X
                -IC:\local\Workspace\DC_V04.01.00_int\cu3x1Platform_SRC\embos\inc
                -IC:\local\Workspace\DC_V04.01.00_int\cu3x1Platform_SRC\emWinColour\config
                -IC:\local\Workspace\DC_V04.01.00_int\cu3x1Platform_SRC\emWinColour\gui\ConvertMono
                -IC:\local\Workspace\DC_V04.01.00_int\cu3x1Platform_SRC\emWinColour\gui\Core
                -IC:\local\Workspace\DC_V04.01.00_int\cu3x1Platform_SRC\emWinColour\gui\Font
                -IC:\local\Workspace\DC_V04.01.00_int\cu3x1Platform_SRC\emWinColour\gui\LCDDriver
                -IC:\local\Workspace\DC_V04.01.00_int\cu3x1Platform_SRC\emWinColour\gui\MemDev
                -IC:\local\Workspace\DC_V04.01.00_int\cu3x1Platform_SRC\emWinColour\gui\VNC
                -IC:\local\Workspace\DC_V04.01.00_int\cu3x1Platform_SRC\emWinColour\gui\Widget
                -IC:\local\Workspace\DC_V04.01.00_int\cu3x1Platform_SRC\emWinColour\gui\wm
                -IC:\local\Workspace\DC_V04.01.00_int\cu3x1App_SRC\Control\source
                -IC:\local\Workspace\DC_V04.01.00_int\cu3x1App_SRC\Control\source\include
                -IC:\local\Workspace\DC_V04.01.00_int\cu3x1App_SRC\Control\source\util
                -IC:\local\Workspace\DC_V04.01.00_int\cu3x1App_SRC\Control\source\datapoint
                -IC:\local\Workspace\DC_V04.01.00_int\cu3x1App_SRC\Control\source\factory
                -IC:\local\Workspace\DC_V04.01.00_int\cu3x1Platform_SRC\embos
                -IC:\local\Workspace\DC_V04.01.00_int\cu3x1Platform_SRC\emWinColour\gui\core
                -IC:\local\Workspace\DC_V04.01.00_int\cu3x1App_SRC\Control\source\rtip\webpage
                -IC:\local\Workspace\DC_V04.01.00_int\cu3x1App_SRC\Control\source\rtip\config
                -IC:\local\Workspace\DC_V04.01.00_int\cu3x1App_SRC\Control\source\rtip\xnet
                -IC:\local\Workspace\DC_V04.01.00_int\cu3x1App_SRC\Control\source\stub
                -IC:\local\Workspace\DC_V04.01.00_int\cu3x1App_SRC\Control\source\test
                -IC:\local\Workspace\DC_V04.01.00_int\cu3x1App_SRC\Control\source\GENIpro
                -IC:\local\Workspace\DC_V04.01.00_int\cu3x1App_SRC\Control\source\GENIpro\GENI_sys
                -IC:\local\Workspace\DC_V04.01.00_int\cu3x1App_SRC\Control\source\GENIpro\GENIusb\emUSB\USB\Driver
                -IC:\local\Workspace\DC_V04.01.00_int\cu3x1App_SRC\Control\source\application\intercom
                -IC:\local\Workspace\DC_V04.01.00_int\cu3x1App_SRC\Control\source\application\controller
                -IC:\local\Workspace\DC_V04.01.00_int\cu3x1App_SRC\Control\source\application\driver
                -IC:\local\Workspace\DC_V04.01.00_int\cu3x1App_SRC\Control\source\application\webif
                -IC:\local\Workspace\DC_V04.01.00_int\cu3x1App_SRC\Control\source\application\relay
                -IC:\local\Workspace\DC_V04.01.00_int\cu3x1App_SRC\Control\source\application\GENIApp
                -IC:\local\Workspace\DC_V04.01.00_int\cu3x1App_SRC\Control\source\application\alarm
                -IC:\local\Workspace\DC_V04.01.00_int\cu3x1App_SRC\Control\source\application\config
                -IC:\local\Workspace\DC_V04.01.00_int\cu3x1App_SRC\Control\source\application\AnaInConfigCtrl
                -IC:\local\Workspace\DC_V04.01.00_int\cu3x1App_SRC\Control\source\application\Sms
                -IC:\local\Workspace\DC_V04.01.00_int\cu3x1App_SRC\Control\source\application\display
                -IC:\local\Workspace\DC_V04.01.00_int\cu3x1App_SRC\Control\source\application\display\display_task
                -IC:\local\Workspace\DC_V04.01.00_int\cu3x1App_SRC\Control\source\application\display\gui_utility
                -IC:\local\Workspace\DC_V04.01.00_int\cu3x1App_SRC\Control\source\application\display\mpcunit
                -IC:\local\Workspace\DC_V04.01.00_int\cu3x1App_SRC\Control\source\GeniPro
                -IC:\local\Workspace\DC_V04.01.00_int\cu3x1App_SRC\Control\source\GeniPro\GENI_sys
                -IC:\local\Workspace\DC_V04.01.00_int\cu3x1App_SRC\Control\source\GeniPro\GENIbus
                -IC:\local\Workspace\DC_V04.01.00_int\cu3x1App_SRC\Control\source\GeniPro\GENIcom
                -IC:\local\Workspace\DC_V04.01.00_int\cu3x1App_SRC\Control\source\GeniPro\GENIrs232
                -IC:\local\Workspace\DC_V04.01.00_int\cu3x1App_SRC\Control\source\GeniPro\Virtual
                -IC:\local\Workspace\DC_V04.01.00_int\cu3x1Platform_SRC\Platform\common
                -IC:\local\Workspace\DC_V04.01.00_int\cu3x1Platform_SRC\Platform\hardware
                -IC:\local\Workspace\DC_V04.01.00_int\cu3x1Platform_SRC\Platform\hardware\D3018X
                -IC:\local\Workspace\DC_V04.01.00_int\cu3x1App_SRC\Control\source\application\display\imagesTFT
                -IC:\GHS\V35\mips35\mipsl_sf -r4121 -source=GUI_DrawBitmapExp.c
                -o objs\gh_2i05f.o -list=objs\GUI_DrawBitmapExp.lst
                C:\Users\55602\AppData\Local\Temp\gh_2i05f.s
Source File:    C:\Users\55602\AppData\Local\Temp\gh_2i05f.s
Directory:      C:\local\Workspace\DC_V04.01.00_int\cu3x1App_SRC\Control\source
Host OS:        GHS_WIN32
Version:        AS-MIPS 3.5#11 
Release:        MULTI 2000, MIPS v3.5
Revision Date:  Wed Feb 27 12:19:03 2002
Release Date:   Sat Mar 02 02:57:59 2002
                             1	 #Source File:   C:\local\Workspace\DC_V04.01.00_int\cu3x1Platform_SRC\emWinColour\GUI\Core\GUI_DrawBitmapExp.c

                                   Tue Apr 07 08:54:00 2015           Page 2
                                   Tue Apr 07 08:54:00 2015       gh_2i05f.s
                             2	 #Directory:     
                             3	 #		C:\local\Workspace\DC_V04.01.00_int\cu3x1App_SRC\Control\source
                             4	 #Compile Date:  Tue Apr 07 08:54:00 2015
                             5	 #Host OS:       Win32
                             6	 #Version:       C-MIPS 3.5#11 RELEASE VERSION
                             7	 #Release:       MULTI 2000, MIPS v3.5
                             8	 #Revision Date: Fri Mar 01 11:32:40 2002
                             9	 #Release Date:  Sat Mar 02 02:58:48 2002
                            10		.set	noat
                            11		.set	noreorder
                            12		.set	nomacro
                            13		.text
                            14		.align	4
                            15		.globl	GUI_DrawBitmapExp
                            16	GUI_DrawBitmapExp:
        27bdffb8 00000000   17		addiu	$sp, $sp, -72
        afbf0044 00000004   18		sw	$ra, 68($sp)
        afbe0028 00000008   19		sw	$fp, 40($sp)
        afb00008 0000000c   20		sw	$16, 8($sp)
        00808025 00000010   21		move	$16, $4
        afb1000c 00000014   22		sw	$17, 12($sp)
        00a08825 00000018   23		move	$17, $5
        afb20010 0000001c   24		sw	$18, 16($sp)
        00c09025 00000020   25		move	$18, $6
        afb30014 00000024   26		sw	$19, 20($sp)
        00e09825 00000028   27		move	$19, $7
        afb40018 0000002c   28		sw	$20, 24($sp)
        0100a025 00000030   29		move	$20, $8
        afb5001c 00000034   30		sw	$21, 28($sp)
        0120a825 00000038   31		move	$21, $9
        afb60020 0000003c   32		sw	$22, 32($sp)
        0140b025 00000040   33		move	$22, $10
        afb70024 00000044   34		sw	$23, 36($sp)
        0160b825 00000048   35		move	$23, $11
                            36	 #	    .bf
        0c000000 0000004c   37		jal	GUI_Lock
        8fbe0048 00000050   38		lw	$fp, 72($sp)
        0c000000 00000054   39		jal	LCD_GetpPalConvTable
        8fa4004c 00000058   40		lw	$4, 76($sp)
        8fa1004c 0000005c   41		lw	$1, 76($sp)
        34040000 00000060   42		ori	$4, $0, 0
        afa20030 00000064   43		sw	$2, 48($sp)
        10200004 00000068   44		beq	$1, $0, .L4
        00000000 0000006c   45		nop
        80380004 00000070   46		lb	$24, 4($1)
        57000001 00000074   47		bnel	$24, $0, .L4
        34040002 00000078   48		ori	$4, $0, 2
                            49	.L4:
        0c000000 0000007c   50		jal	GUI_SetDrawMode
        00000000 00000080   51		nop
        3c030000 00000084   52		lui	$3, %hi(GUI_Context)
        24630000 00000088   53		addiu	$3, $3, %lo(GUI_Context)
        8c6d0048 0000008c   54		lw	$13, 72($3)
        8c6e0044 00000090   55		lw	$14, 68($3)
        022d8821 00000094   56		addu	$17, $17, $13
        020e8021 00000098   57		addu	$16, $16, $14

                                   Tue Apr 07 08:54:00 2015           Page 3
                                   Tue Apr 07 08:54:00 2015       gh_2i05f.s
        02000013 0000009c   58		mtlo	$16
        0254c028 000000a0   59		macc	$24, $18, $20
        02200013 000000a4   60		mtlo	$17
        02756828 000000a8   61		macc	$13, $19, $21
        2718ffff 000000ac   62		addiu	$24, $24, -1
        a7b8003c 000000b0   63		sh	$24, 60($sp)
        afa20034 000000b4   64		sw	$2, 52($sp)
        a7b00038 000000b8   65		sh	$16, 56($sp)
        a7b1003a 000000bc   66		sh	$17, 58($sp)
        27a40038 000000c0   67		addiu	$4, $sp, 56
        25adffff 000000c4   68		addiu	$13, $13, -1
        0c000000 000000c8   69		jal	WM__InitIVRSearch
        a7ad003e 000000cc   70		sh	$13, 62($sp)
        10400011 000000d0   71		beq	$2, $0, .L7
        00000000 000000d4   72		nop
        8fac0030 000000d8   73		lw	$12, 48($sp)
                            74	.L1000011:
        afbe0000 000000dc   75		sw	$fp, 0($sp)
        02002025 000000e0   76		move	$4, $16
        afac0004 000000e4   77		sw	$12, 4($sp)
        02202825 000000e8   78		move	$5, $17
        02403025 000000ec   79		move	$6, $18
        02603825 000000f0   80		move	$7, $19
        02804025 000000f4   81		move	$8, $20
        02a04825 000000f8   82		move	$9, $21
        02c05025 000000fc   83		move	$10, $22
        0c000000 00000100   84		jal	LCD_DrawBitmap
        02e05825 00000104   85		move	$11, $23
        0c000000 00000108   86		jal	WM__GetNextIVR
        00000000 0000010c   87		nop
        5440fff2 00000110   88		bnel	$2, $0, .L1000011
        8fac0030 00000114   89		lw	$12, 48($sp)
                            90	.L7:
        0c000000 00000118   91		jal	GUI_SetDrawMode
        8fa40034 0000011c   92		lw	$4, 52($sp)
        0c000000 00000120   93		jal	GUI_Unlock
        00000000 00000124   94		nop
                            95	 #	    .ef
        8fb60020 00000128   96		lw	$22, 32($sp)
        8fb5001c 0000012c   97		lw	$21, 28($sp)
        8fb40018 00000130   98		lw	$20, 24($sp)
        8fb30014 00000134   99		lw	$19, 20($sp)
        8fb20010 00000138  100		lw	$18, 16($sp)
        8fb1000c 0000013c  101		lw	$17, 12($sp)
        8fb00008 00000140  102		lw	$16, 8($sp)
        8fbf0044 00000144  103		lw	$ra, 68($sp)
        8fb70024 00000148  104		lw	$23, 36($sp)
        8fbe0028 0000014c  105		lw	$fp, 40($sp)
        03e00008 00000150  106		jr	$ra
        27bd0048 00000154  107		addiu	$sp, $sp, 72
                           108		.type	GUI_DrawBitmapExp,@function
                           109		.size	GUI_DrawBitmapExp,.-GUI_DrawBitmapExp
                           110		.align	4
                           111	 #PrevDraw	52($sp)	local
                           112	 #pTrans	48($sp)	local
                           113	 #r	56($sp)	local

                                   Tue Apr 07 08:54:00 2015           Page 4
                                   Tue Apr 07 08:54:00 2015       gh_2i05f.s
                           114	
                           115	 #x0	$16	param
                           116	 #y0	$17	param
                           117	 #XSize	$18	param
                           118	 #YSize	$19	param
                           119	 #XMul	$20	param
                           120	 #YMul	$21	param
                           121	 #BitsPerPixel	$22	param
                           122	 #BytesPerLine	$23	param
                           123	 #pData	$fp	param
                           124	 #pPal	76($sp)	param
                           125	
                           126		.data
                           127	.L54:
                           128		.text
                           129		.align	4
                           130	 #GUI_Context	GUI_Context	import
                           131	
                           132		.data
                           133		.text
