
                                   Tue Apr 07 08:52:22 2015           Page 1
                                   Tue Apr 07 08:52:21 2015       gh_2i037.s
Command Line:   C:\GHS\V35\mips35\asmips.exe -noundefined -elf -b0
                -IC:\local\Workspace\DC_V04.01.00_int\cu3x1Platform_SRC\emWinColour
                -IC:\local\Workspace\DC_V04.01.00_int\cu3x1Platform_SRC\platform\include
                -IC:\local\Workspace\DC_V04.01.00_int\cu3x1Platform_SRC\platform\common
                -IC:\local\Workspace\DC_V04.01.00_int\cu3x1Platform_SRC\platform\hardware
                -IC:\local\Workspace\DC_V04.01.00_int\cu3x1Platform_SRC\platform\hardware\D3018X
                -IC:\local\Workspace\DC_V04.01.00_int\cu3x1Platform_SRC\embos\inc
                -IC:\local\Workspace\DC_V04.01.00_int\cu3x1Platform_SRC\emWinColour\config
                -IC:\local\Workspace\DC_V04.01.00_int\cu3x1Platform_SRC\emWinColour\gui\ConvertMono
                -IC:\local\Workspace\DC_V04.01.00_int\cu3x1Platform_SRC\emWinColour\gui\Core
                -IC:\local\Workspace\DC_V04.01.00_int\cu3x1Platform_SRC\emWinColour\gui\Font
                -IC:\local\Workspace\DC_V04.01.00_int\cu3x1Platform_SRC\emWinColour\gui\LCDDriver
                -IC:\local\Workspace\DC_V04.01.00_int\cu3x1Platform_SRC\emWinColour\gui\MemDev
                -IC:\local\Workspace\DC_V04.01.00_int\cu3x1Platform_SRC\emWinColour\gui\VNC
                -IC:\local\Workspace\DC_V04.01.00_int\cu3x1Platform_SRC\emWinColour\gui\Widget
                -IC:\local\Workspace\DC_V04.01.00_int\cu3x1Platform_SRC\emWinColour\gui\wm
                -IC:\local\Workspace\DC_V04.01.00_int\cu3x1App_SRC\Control\source
                -IC:\local\Workspace\DC_V04.01.00_int\cu3x1App_SRC\Control\source\include
                -IC:\local\Workspace\DC_V04.01.00_int\cu3x1App_SRC\Control\source\util
                -IC:\local\Workspace\DC_V04.01.00_int\cu3x1App_SRC\Control\source\datapoint
                -IC:\local\Workspace\DC_V04.01.00_int\cu3x1App_SRC\Control\source\factory
                -IC:\local\Workspace\DC_V04.01.00_int\cu3x1Platform_SRC\embos
                -IC:\local\Workspace\DC_V04.01.00_int\cu3x1Platform_SRC\emWinColour\gui\core
                -IC:\local\Workspace\DC_V04.01.00_int\cu3x1App_SRC\Control\source\rtip\webpage
                -IC:\local\Workspace\DC_V04.01.00_int\cu3x1App_SRC\Control\source\rtip\config
                -IC:\local\Workspace\DC_V04.01.00_int\cu3x1App_SRC\Control\source\rtip\xnet
                -IC:\local\Workspace\DC_V04.01.00_int\cu3x1App_SRC\Control\source\stub
                -IC:\local\Workspace\DC_V04.01.00_int\cu3x1App_SRC\Control\source\test
                -IC:\local\Workspace\DC_V04.01.00_int\cu3x1App_SRC\Control\source\GENIpro
                -IC:\local\Workspace\DC_V04.01.00_int\cu3x1App_SRC\Control\source\GENIpro\GENI_sys
                -IC:\local\Workspace\DC_V04.01.00_int\cu3x1App_SRC\Control\source\GENIpro\GENIusb\emUSB\USB\Driver
                -IC:\local\Workspace\DC_V04.01.00_int\cu3x1App_SRC\Control\source\application\intercom
                -IC:\local\Workspace\DC_V04.01.00_int\cu3x1App_SRC\Control\source\application\controller
                -IC:\local\Workspace\DC_V04.01.00_int\cu3x1App_SRC\Control\source\application\driver
                -IC:\local\Workspace\DC_V04.01.00_int\cu3x1App_SRC\Control\source\application\webif
                -IC:\local\Workspace\DC_V04.01.00_int\cu3x1App_SRC\Control\source\application\relay
                -IC:\local\Workspace\DC_V04.01.00_int\cu3x1App_SRC\Control\source\application\GENIApp
                -IC:\local\Workspace\DC_V04.01.00_int\cu3x1App_SRC\Control\source\application\alarm
                -IC:\local\Workspace\DC_V04.01.00_int\cu3x1App_SRC\Control\source\application\config
                -IC:\local\Workspace\DC_V04.01.00_int\cu3x1App_SRC\Control\source\application\AnaInConfigCtrl
                -IC:\local\Workspace\DC_V04.01.00_int\cu3x1App_SRC\Control\source\application\Sms
                -IC:\local\Workspace\DC_V04.01.00_int\cu3x1App_SRC\Control\source\application\display
                -IC:\local\Workspace\DC_V04.01.00_int\cu3x1App_SRC\Control\source\application\display\display_task
                -IC:\local\Workspace\DC_V04.01.00_int\cu3x1App_SRC\Control\source\application\display\gui_utility
                -IC:\local\Workspace\DC_V04.01.00_int\cu3x1App_SRC\Control\source\application\display\mpcunit
                -IC:\local\Workspace\DC_V04.01.00_int\cu3x1App_SRC\Control\source\GeniPro
                -IC:\local\Workspace\DC_V04.01.00_int\cu3x1App_SRC\Control\source\GeniPro\GENI_sys
                -IC:\local\Workspace\DC_V04.01.00_int\cu3x1App_SRC\Control\source\GeniPro\GENIbus
                -IC:\local\Workspace\DC_V04.01.00_int\cu3x1App_SRC\Control\source\GeniPro\GENIcom
                -IC:\local\Workspace\DC_V04.01.00_int\cu3x1App_SRC\Control\source\GeniPro\GENIrs232
                -IC:\local\Workspace\DC_V04.01.00_int\cu3x1App_SRC\Control\source\GeniPro\Virtual
                -IC:\local\Workspace\DC_V04.01.00_int\cu3x1Platform_SRC\Platform\common
                -IC:\local\Workspace\DC_V04.01.00_int\cu3x1Platform_SRC\Platform\hardware
                -IC:\local\Workspace\DC_V04.01.00_int\cu3x1Platform_SRC\Platform\hardware\D3018X
                -IC:\local\Workspace\DC_V04.01.00_int\cu3x1App_SRC\Control\source\application\display\imagesTFT
                -IC:\GHS\V35\mips35\mipsl_sf -r4121 -source=GUI_X.c -o
                objs\gh_2i037.o -list=objs\GUI_X.lst
                C:\Users\55602\AppData\Local\Temp\gh_2i037.s
Source File:    C:\Users\55602\AppData\Local\Temp\gh_2i037.s
Directory:      C:\local\Workspace\DC_V04.01.00_int\cu3x1App_SRC\Control\source
Host OS:        GHS_WIN32
Version:        AS-MIPS 3.5#11 
Release:        MULTI 2000, MIPS v3.5
Revision Date:  Wed Feb 27 12:19:03 2002
Release Date:   Sat Mar 02 02:57:59 2002
                             1	 #Source File:   C:\local\Workspace\DC_V04.01.00_int\cu3x1Platform_SRC\emWinColour\Config\GUI_X.c

                                   Tue Apr 07 08:52:22 2015           Page 2
                                   Tue Apr 07 08:52:21 2015       gh_2i037.s
                             2	 #Directory:     
                             3	 #		C:\local\Workspace\DC_V04.01.00_int\cu3x1App_SRC\Control\source
                             4	 #Compile Date:  Tue Apr 07 08:52:21 2015
                             5	 #Host OS:       Win32
                             6	 #Version:       C-MIPS 3.5#11 RELEASE VERSION
                             7	 #Release:       MULTI 2000, MIPS v3.5
                             8	 #Revision Date: Fri Mar 01 11:32:40 2002
                             9	 #Release Date:  Sat Mar 02 02:58:48 2002
                            10		.set	noat
                            11		.set	noreorder
                            12		.set	nomacro
                            13		.text
                            14		.align	4
                            15	_OnRx:
        34050001 00000000   16		ori	$5, $0, 1
                            17	 #	    .bf
        08000000 00000004   18		j	GUI_StoreKeyMsg
        308400ff 00000008   19		andi	$4, $4, 255
                            20	 #	    .ef
                            21		.type	_OnRx,@function
                            22		.size	_OnRx,.-_OnRx
                            23		.align	4
                            24	
                            25	 #Data	$4	param
                            26	
                            27		.data
                            28	.L15:
                            29		.text
                            30		.align	4
                            31		.align	4
                            32		.align	4
                            33		.globl	GUI_X_Init
                            34	GUI_X_Init:
        27bdfff0 0000000c   35		addiu	$sp, $sp, -16
                            36	 #	    .bf
        afbf000c 00000010   37		sw	$ra, 12($sp)
        afb00000 00000014   38		sw	$16, 0($sp)
        341000ff 00000018   39		ori	$16, $0, 255
        3c040000 0000001c   40		lui	$4, %hi(_OnRx)
        0c000000 00000020   41		jal	OS_SetRxCallback
        24840000 00000024   42		addiu	$4, $4, %lo(_OnRx)
        3c01be61 00000028   43		lui	$1, %hi(-1100958848)
        9439b380 0000002c   44		lhu	$25, %lo(-1100958848)($1)
        37397e00 00000030   45		ori	$25, $25, 32256
        a439b380 00000034   46		sh	$25, %lo(-1100958848)($1)
        3c01be61 00000038   47		lui	$1, %hi(-1100958964)
        9438b30c 0000003c   48		lhu	$24, %lo(-1100958964)($1)
        3318ff00 00000040   49		andi	$24, $24, 65280
        a438b30c 00000044   50		sh	$24, %lo(-1100958964)($1)
        3c01be61 00000048   51		lui	$1, %hi(-1100958966)
        942fb30a 0000004c   52		lhu	$15, %lo(-1100958966)($1)
        340f0000 00000050   53		ori	$15, $0, 0
        3c030000 00000054   54		lui	$3, %hi(FB)
        a42fb30a 00000058   55		sh	$15, %lo(-1100958966)($1)
        3c01be61 0000005c   56		lui	$1, %hi(-1100958962)
        942eb30e 00000060   57		lhu	$14, %lo(-1100958962)($1)

                                   Tue Apr 07 08:52:22 2015           Page 3
                                   Tue Apr 07 08:52:21 2015       gh_2i037.s
        34024b00 00000064   58		ori	$2, $0, 19200
        24630000 00000068   59		addiu	$3, $3, %lo(FB)
        31ce0fff 0000006c   60		andi	$14, $14, 4095
        a42eb30e 00000070   61		sh	$14, %lo(-1100958962)($1)
                            62	.L59:
        24630008 00000074   63		addiu	$3, $3, 8
        a070fff9 00000078   64		sb	$16, -7($3)
        a070fffa 0000007c   65		sb	$16, -6($3)
        a070fffb 00000080   66		sb	$16, -5($3)
        a070fffc 00000084   67		sb	$16, -4($3)
        a070fffd 00000088   68		sb	$16, -3($3)
        a070fffe 0000008c   69		sb	$16, -2($3)
        a070ffff 00000090   70		sb	$16, -1($3)
        2442ffff 00000094   71		addiu	$2, $2, -1
        1440fff6 00000098   72		bne	$2, $0, .L59
        a070fff8 0000009c   73		sb	$16, -8($3)
        3c01be60 000000a0   74		lui	$1, %hi(-1101003632)
        8c390490 000000a4   75		lw	$25, %lo(-1101003632)($1)
        37390004 000000a8   76		ori	$25, $25, 4
        ac390490 000000ac   77		sw	$25, %lo(-1101003632)($1)
        3c01be60 000000b0   78		lui	$1, %hi(-1101003214)
        94380632 000000b4   79		lhu	$24, %lo(-1101003214)($1)
        37188000 000000b8   80		ori	$24, $24, 32768
        a4380632 000000bc   81		sh	$24, %lo(-1101003214)($1)
        3c01be60 000000c0   82		lui	$1, %hi(-1101003248)
        942f0610 000000c4   83		lhu	$15, %lo(-1101003248)($1)
        340e8080 000000c8   84		ori	$14, $0, 32896
        31effff7 000000cc   85		andi	$15, $15, 65527
        a42f0610 000000d0   86		sh	$15, %lo(-1101003248)($1)
        3c01be60 000000d4   87		lui	$1, %hi(-1101003214)
        a42e0632 000000d8   88		sh	$14, %lo(-1101003214)($1)
        3c01be61 000000dc   89		lui	$1, %hi(-1100958968)
        942db308 000000e0   90		lhu	$13, %lo(-1100958968)($1)
        35adc3c0 000000e4   91		ori	$13, $13, 50112
        a42db308 000000e8   92		sh	$13, %lo(-1100958968)($1)
        3c01be61 000000ec   93		lui	$1, %hi(-1100958956)
        9439b314 000000f0   94		lhu	$25, %lo(-1100958956)($1)
        3339ff7f 000000f4   95		andi	$25, $25, 65407
        a439b314 000000f8   96		sh	$25, %lo(-1100958956)($1)
        9438b314 000000fc   97		lhu	$24, %lo(-1100958956)($1)
        340d0050 00000100   98		ori	$13, $0, 80
        340e014e 00000104   99		ori	$14, $0, 334
        3318ffef 00000108  100		andi	$24, $24, 65519
        a438b314 0000010c  101		sh	$24, %lo(-1100958956)($1)
        942fb314 00000110  102		lhu	$15, %lo(-1100958956)($1)
        34180142 00000114  103		ori	$24, $0, 322
        34190141 00000118  104		ori	$25, $0, 321
        35ef0008 0000011c  105		ori	$15, $15, 8
        a42fb314 00000120  106		sh	$15, %lo(-1100958956)($1)
        3c01be60 00000124  107		lui	$1, %hi(-1101003264)
        a42e0600 00000128  108		sh	$14, %lo(-1101003264)($1)
        3c01be60 0000012c  109		lui	$1, %hi(-1101003262)
        a42d0602 00000130  110		sh	$13, %lo(-1101003262)($1)
        340d00f1 00000134  111		ori	$13, $0, 241
        340e80f0 00000138  112		ori	$14, $0, 33008
        340f00f4 0000013c  113		ori	$15, $0, 244

                                   Tue Apr 07 08:52:22 2015           Page 4
                                   Tue Apr 07 08:52:21 2015       gh_2i037.s
        3c01be60 00000140  114		lui	$1, %hi(-1101003260)
        a4390604 00000144  115		sh	$25, %lo(-1101003260)($1)
        3c01be60 00000148  116		lui	$1, %hi(-1101003258)
        a4380606 0000014c  117		sh	$24, %lo(-1101003258)($1)
        3c01be60 00000150  118		lui	$1, %hi(-1101003256)
        a42f0608 00000154  119		sh	$15, %lo(-1101003256)($1)
        3c01be60 00000158  120		lui	$1, %hi(-1101003254)
        a42e060a 0000015c  121		sh	$14, %lo(-1101003254)($1)
        3c01be60 00000160  122		lui	$1, %hi(-1101003252)
        a42d060c 00000164  123		sh	$13, %lo(-1101003252)($1)
        340da700 00000168  124		ori	$13, $0, 42752
        340e0404 0000016c  125		ori	$14, $0, 1028
        341900f2 00000170  126		ori	$25, $0, 242
        3c01be60 00000174  127		lui	$1, %hi(-1101003250)
        a439060e 00000178  128		sh	$25, %lo(-1101003250)($1)
        3c01be60 0000017c  129		lui	$1, %hi(-1101003246)
        a4200612 00000180  130		sh	$0, %lo(-1101003246)($1)
        3c01be60 00000184  131		lui	$1, %hi(-1101003244)
        a4200614 00000188  132		sh	$0, %lo(-1101003244)($1)
        3c01be60 0000018c  133		lui	$1, %hi(-1101003242)
        a42e0616 00000190  134		sh	$14, %lo(-1101003242)($1)
        3c01be60 00000194  135		lui	$1, %hi(-1101003240)
        a42d0618 00000198  136		sh	$13, %lo(-1101003240)($1)
        340f01ff 0000019c  137		ori	$15, $0, 511
        3418ff00 000001a0  138		ori	$24, $0, 65280
        341901fd 000001a4  139		ori	$25, $0, 509
        3c01be60 000001a8  140		lui	$1, %hi(-1101003238)
        a439061a 000001ac  141		sh	$25, %lo(-1101003238)($1)
        3c01be60 000001b0  142		lui	$1, %hi(-1101003232)
        a4380620 000001b4  143		sh	$24, %lo(-1101003232)($1)
        3c01be60 000001b8  144		lui	$1, %hi(-1101003230)
        a42f0622 000001bc  145		sh	$15, %lo(-1101003230)($1)
        340f02e3 000001c0  146		ori	$15, $0, 739
        34180002 000001c4  147		ori	$24, $0, 2
        340d0143 000001c8  148		ori	$13, $0, 323
        3c01be60 000001cc  149		lui	$1, %hi(-1101003228)
        a4200624 000001d0  150		sh	$0, %lo(-1101003228)($1)
        3c01be60 000001d4  151		lui	$1, %hi(-1101003226)
        a42d0626 000001d8  152		sh	$13, %lo(-1101003226)($1)
        3c01be60 000001dc  153		lui	$1, %hi(-1101003212)
        a4200634 000001e0  154		sh	$0, %lo(-1101003212)($1)
        3c01be60 000001e4  155		lui	$1, %hi(-1101003216)
        a4380630 000001e8  156		sh	$24, %lo(-1101003216)($1)
        3c01be60 000001ec  157		lui	$1, %hi(-1101003248)
        a42f0610 000001f0  158		sh	$15, %lo(-1101003248)($1)
        3c01be60 000001f4  159		lui	$1, %hi(-1101003214)
        942e0632 000001f8  160		lhu	$14, %lo(-1101003214)($1)
        31ce7fff 000001fc  161		andi	$14, $14, 32767
        a42e0632 00000200  162		sh	$14, %lo(-1101003214)($1)
        3c01be60 00000204  163		lui	$1, %hi(-1101003248)
        942d0610 00000208  164		lhu	$13, %lo(-1101003248)($1)
        34030000 0000020c  165		ori	$3, $0, 0
        340b0004 00000210  166		ori	$11, $0, 4
        35ad0008 00000214  167		ori	$13, $13, 8
        a42d0610 00000218  168		sh	$13, %lo(-1101003248)($1)
        3c02be60 0000021c  169		lui	$2, 48736

                                   Tue Apr 07 08:52:22 2015           Page 5
                                   Tue Apr 07 08:52:21 2015       gh_2i037.s
        34420610 00000220  170		ori	$2, $2, 1552
                           171	.L51:
        94590000 00000224  172		lhu	$25, 0($2)
        94580000 00000228  173		lhu	$24, 0($2)
        944f0000 0000022c  174		lhu	$15, 0($2)
        00791825 00000230  175		or	$3, $3, $25
        00781825 00000234  176		or	$3, $3, $24
        944e0000 00000238  177		lhu	$14, 0($2)
        944d0000 0000023c  178		lhu	$13, 0($2)
        006f1825 00000240  179		or	$3, $3, $15
        006e1825 00000244  180		or	$3, $3, $14
        006d1825 00000248  181		or	$3, $3, $13
        94590000 0000024c  182		lhu	$25, 0($2)
        94580000 00000250  183		lhu	$24, 0($2)
        944f0000 00000254  184		lhu	$15, 0($2)
        00791825 00000258  185		or	$3, $3, $25
        00781825 0000025c  186		or	$3, $3, $24
        006f1825 00000260  187		or	$3, $3, $15
        256bffff 00000264  188		addiu	$11, $11, -1
        1560ffee 00000268  189		bne	$11, $0, .L51
        3063ffff 0000026c  190		andi	$3, $3, 65535
        3c01be60 00000270  191		lui	$1, %hi(-1101003214)
        942d0632 00000274  192		lhu	$13, %lo(-1101003214)($1)
        3404001e 00000278  193		ori	$4, $0, 30
        35ad0400 0000027c  194		ori	$13, $13, 1024
        0c000000 00000280  195		jal	OS_Delay
        a42d0632 00000284  196		sh	$13, %lo(-1101003214)($1)
        3c01be61 00000288  197		lui	$1, %hi(-1100958956)
        9439b314 0000028c  198		lhu	$25, %lo(-1100958956)($1)
        37390080 00000290  199		ori	$25, $25, 128
        a439b314 00000294  200		sh	$25, %lo(-1100958956)($1)
                           201	 #	    .ef
        8fb00000 00000298  202		lw	$16, 0($sp)
        8fbf000c 0000029c  203		lw	$ra, 12($sp)
        03e00008 000002a0  204		jr	$ra
        27bd0010 000002a4  205		addiu	$sp, $sp, 16
                           206		.type	GUI_X_Init,@function
                           207		.size	GUI_X_Init,.-GUI_X_Init
                           208		.align	4
                           209	 #dummy	$3	local
                           210	
                           211		.data
                           212	.L102:
                           213		.text
                           214		.align	4
                           215	
                           216		.data
                           217		.section ".frambuf","awb"
                           218		.align	4
                           219		.globl	FB
0000000000000000 00000000  220	FB:	.space	153600
0000000000000000 00000008
0000000000000000 00000010
0000000000000000 00000018
0000000000000000 00000020
0000000000000000 00000028
0000000000000000 00000030
0000000000000000 00000038
0000000000000000 00000040
0000000000000000 00000048
0000000000000000 00000050
0000000000000000 00000058
0000000000000000 00000060
0000000000000000 00000068
0000000000000000 00000070
0000000000000000 00000078
0000000000000000 00000080
0000000000000000 00000088
0000000000000000 00000090
0000000000000000 00000098
0000000000000000 000000a0
0000000000000000 000000a8
0000000000000000 000000b0
0000000000000000 000000b8
0000000000000000 000000c0
0000000000000000 000000c8
0000000000000000 000000d0
0000000000000000 000000d8
0000000000000000 000000e0
0000000000000000 000000e8
0000000000000000 000000f0
0000000000000000 000000f8
                           221		.type	FB,@object
                           222		.size	FB,153600
                           223		.align	4
                           224		.text
