
                                   Tue Apr 07 08:55:25 2015           Page 1
                                   Tue Apr 07 08:55:25 2015       gh_2i079.s
Command Line:   C:\GHS\V35\mips35\asmips.exe -noundefined -elf -b0
                -IC:\local\Workspace\DC_V04.01.00_int\cu3x1Platform_SRC\emWinColour
                -IC:\local\Workspace\DC_V04.01.00_int\cu3x1Platform_SRC\platform\include
                -IC:\local\Workspace\DC_V04.01.00_int\cu3x1Platform_SRC\platform\common
                -IC:\local\Workspace\DC_V04.01.00_int\cu3x1Platform_SRC\platform\hardware
                -IC:\local\Workspace\DC_V04.01.00_int\cu3x1Platform_SRC\platform\hardware\D3018X
                -IC:\local\Workspace\DC_V04.01.00_int\cu3x1Platform_SRC\embos\inc
                -IC:\local\Workspace\DC_V04.01.00_int\cu3x1Platform_SRC\emWinColour\config
                -IC:\local\Workspace\DC_V04.01.00_int\cu3x1Platform_SRC\emWinColour\gui\ConvertMono
                -IC:\local\Workspace\DC_V04.01.00_int\cu3x1Platform_SRC\emWinColour\gui\Core
                -IC:\local\Workspace\DC_V04.01.00_int\cu3x1Platform_SRC\emWinColour\gui\Font
                -IC:\local\Workspace\DC_V04.01.00_int\cu3x1Platform_SRC\emWinColour\gui\LCDDriver
                -IC:\local\Workspace\DC_V04.01.00_int\cu3x1Platform_SRC\emWinColour\gui\MemDev
                -IC:\local\Workspace\DC_V04.01.00_int\cu3x1Platform_SRC\emWinColour\gui\VNC
                -IC:\local\Workspace\DC_V04.01.00_int\cu3x1Platform_SRC\emWinColour\gui\Widget
                -IC:\local\Workspace\DC_V04.01.00_int\cu3x1Platform_SRC\emWinColour\gui\wm
                -IC:\local\Workspace\DC_V04.01.00_int\cu3x1App_SRC\Control\source
                -IC:\local\Workspace\DC_V04.01.00_int\cu3x1App_SRC\Control\source\include
                -IC:\local\Workspace\DC_V04.01.00_int\cu3x1App_SRC\Control\source\util
                -IC:\local\Workspace\DC_V04.01.00_int\cu3x1App_SRC\Control\source\datapoint
                -IC:\local\Workspace\DC_V04.01.00_int\cu3x1App_SRC\Control\source\factory
                -IC:\local\Workspace\DC_V04.01.00_int\cu3x1Platform_SRC\embos
                -IC:\local\Workspace\DC_V04.01.00_int\cu3x1Platform_SRC\emWinColour\gui\core
                -IC:\local\Workspace\DC_V04.01.00_int\cu3x1App_SRC\Control\source\rtip\webpage
                -IC:\local\Workspace\DC_V04.01.00_int\cu3x1App_SRC\Control\source\rtip\config
                -IC:\local\Workspace\DC_V04.01.00_int\cu3x1App_SRC\Control\source\rtip\xnet
                -IC:\local\Workspace\DC_V04.01.00_int\cu3x1App_SRC\Control\source\stub
                -IC:\local\Workspace\DC_V04.01.00_int\cu3x1App_SRC\Control\source\test
                -IC:\local\Workspace\DC_V04.01.00_int\cu3x1App_SRC\Control\source\GENIpro
                -IC:\local\Workspace\DC_V04.01.00_int\cu3x1App_SRC\Control\source\GENIpro\GENI_sys
                -IC:\local\Workspace\DC_V04.01.00_int\cu3x1App_SRC\Control\source\GENIpro\GENIusb\emUSB\USB\Driver
                -IC:\local\Workspace\DC_V04.01.00_int\cu3x1App_SRC\Control\source\application\intercom
                -IC:\local\Workspace\DC_V04.01.00_int\cu3x1App_SRC\Control\source\application\controller
                -IC:\local\Workspace\DC_V04.01.00_int\cu3x1App_SRC\Control\source\application\driver
                -IC:\local\Workspace\DC_V04.01.00_int\cu3x1App_SRC\Control\source\application\webif
                -IC:\local\Workspace\DC_V04.01.00_int\cu3x1App_SRC\Control\source\application\relay
                -IC:\local\Workspace\DC_V04.01.00_int\cu3x1App_SRC\Control\source\application\GENIApp
                -IC:\local\Workspace\DC_V04.01.00_int\cu3x1App_SRC\Control\source\application\alarm
                -IC:\local\Workspace\DC_V04.01.00_int\cu3x1App_SRC\Control\source\application\config
                -IC:\local\Workspace\DC_V04.01.00_int\cu3x1App_SRC\Control\source\application\AnaInConfigCtrl
                -IC:\local\Workspace\DC_V04.01.00_int\cu3x1App_SRC\Control\source\application\Sms
                -IC:\local\Workspace\DC_V04.01.00_int\cu3x1App_SRC\Control\source\application\display
                -IC:\local\Workspace\DC_V04.01.00_int\cu3x1App_SRC\Control\source\application\display\display_task
                -IC:\local\Workspace\DC_V04.01.00_int\cu3x1App_SRC\Control\source\application\display\gui_utility
                -IC:\local\Workspace\DC_V04.01.00_int\cu3x1App_SRC\Control\source\application\display\mpcunit
                -IC:\local\Workspace\DC_V04.01.00_int\cu3x1App_SRC\Control\source\GeniPro
                -IC:\local\Workspace\DC_V04.01.00_int\cu3x1App_SRC\Control\source\GeniPro\GENI_sys
                -IC:\local\Workspace\DC_V04.01.00_int\cu3x1App_SRC\Control\source\GeniPro\GENIbus
                -IC:\local\Workspace\DC_V04.01.00_int\cu3x1App_SRC\Control\source\GeniPro\GENIcom
                -IC:\local\Workspace\DC_V04.01.00_int\cu3x1App_SRC\Control\source\GeniPro\GENIrs232
                -IC:\local\Workspace\DC_V04.01.00_int\cu3x1App_SRC\Control\source\GeniPro\Virtual
                -IC:\local\Workspace\DC_V04.01.00_int\cu3x1Platform_SRC\Platform\common
                -IC:\local\Workspace\DC_V04.01.00_int\cu3x1Platform_SRC\Platform\hardware
                -IC:\local\Workspace\DC_V04.01.00_int\cu3x1Platform_SRC\Platform\hardware\D3018X
                -IC:\local\Workspace\DC_V04.01.00_int\cu3x1App_SRC\Control\source\application\display\imagesTFT
                -IC:\GHS\V35\mips35\mipsl_sf -r4121 -source=GUI_SetDefault.c -o
                objs\gh_2i079.o -list=objs\GUI_SetDefault.lst
                C:\Users\55602\AppData\Local\Temp\gh_2i079.s
Source File:    C:\Users\55602\AppData\Local\Temp\gh_2i079.s
Directory:      C:\local\Workspace\DC_V04.01.00_int\cu3x1App_SRC\Control\source
Host OS:        GHS_WIN32
Version:        AS-MIPS 3.5#11 
Release:        MULTI 2000, MIPS v3.5
Revision Date:  Wed Feb 27 12:19:03 2002
Release Date:   Sat Mar 02 02:57:59 2002
                             1	 #Source File:   C:\local\Workspace\DC_V04.01.00_int\cu3x1Platform_SRC\emWinColour\GUI\Core\GUI_SetDefault.c

                                   Tue Apr 07 08:55:25 2015           Page 2
                                   Tue Apr 07 08:55:25 2015       gh_2i079.s
                             2	 #Directory:     
                             3	 #		C:\local\Workspace\DC_V04.01.00_int\cu3x1App_SRC\Control\source
                             4	 #Compile Date:  Tue Apr 07 08:55:25 2015
                             5	 #Host OS:       Win32
                             6	 #Version:       C-MIPS 3.5#11 RELEASE VERSION
                             7	 #Release:       MULTI 2000, MIPS v3.5
                             8	 #Revision Date: Fri Mar 01 11:32:40 2002
                             9	 #Release Date:  Sat Mar 02 02:58:48 2002
                            10		.set	noat
                            11		.set	noreorder
                            12		.set	nomacro
                            13		.text
                            14		.align	4
                            15		.globl	GL_SetDefault
                            16	GL_SetDefault:
        27bdfff8 00000000   17		addiu	$sp, $sp, -8
        afbf0004 00000004   18		sw	$ra, 4($sp)
                            19	 #	    .bf
        0c000000 00000008   20		jal	GUI_SetBkColor
        34040000 0000000c   21		ori	$4, $0, 0
        3c0400ff 00000010   22		lui	$4, 255
        0c000000 00000014   23		jal	GUI_SetColor
        3484ffff 00000018   24		ori	$4, $4, 65535
        0c000000 0000001c   25		jal	GUI_SetPenSize
        34040001 00000020   26		ori	$4, $0, 1
        0c000000 00000024   27		jal	GUI_SetTextAlign
        34040000 00000028   28		ori	$4, $0, 0
        0c000000 0000002c   29		jal	GUI_SetTextMode
        34040000 00000030   30		ori	$4, $0, 0
        0c000000 00000034   31		jal	GUI_SetDrawMode
        34040000 00000038   32		ori	$4, $0, 0
        3c040000 0000003c   33		lui	$4, %hi(GUI_Font6x8)
        0c000000 00000040   34		jal	GUI_SetFont
        24840000 00000044   35		addiu	$4, $4, %lo(GUI_Font6x8)
        0c000000 00000048   36		jal	GUI_SetLineStyle
        34040000 0000004c   37		ori	$4, $0, 0
                            38	 #	    .ef
        8fbf0004 00000050   39		lw	$ra, 4($sp)
        03e00008 00000054   40		jr	$ra
        27bd0008 00000058   41		addiu	$sp, $sp, 8
                            42		.type	GL_SetDefault,@function
                            43		.size	GL_SetDefault,.-GL_SetDefault
                            44		.align	4
                            45	
                            46		.data
                            47	.L15:
                            48		.text
                            49		.align	4
                            50		.align	4
                            51		.globl	GUI_SetDefault
                            52	GUI_SetDefault:
        27bdfff8 0000005c   53		addiu	$sp, $sp, -8
                            54	 #	    .bf
        afbf0004 00000060   55		sw	$ra, 4($sp)
        0c000000 00000064   56		jal	GUI_Lock
        00000000 00000068   57		nop

                                   Tue Apr 07 08:55:25 2015           Page 3
                                   Tue Apr 07 08:55:25 2015       gh_2i079.s
        0c000000 0000006c   58		jal	GL_SetDefault
        00000000 00000070   59		nop
        0c000000 00000074   60		jal	GUI_Unlock
        00000000 00000078   61		nop
                            62	 #	    .ef
        8fbf0004 0000007c   63		lw	$ra, 4($sp)
        03e00008 00000080   64		jr	$ra
        27bd0008 00000084   65		addiu	$sp, $sp, 8
                            66		.type	GUI_SetDefault,@function
                            67		.size	GUI_SetDefault,.-GUI_SetDefault
                            68		.align	4
                            69	
                            70		.data
                            71	.L34:
                            72		.text
                            73		.align	4
                            74	 #GUI_Font6x8	GUI_Font6x8	import
                            75	
                            76		.data
                            77		.text
