
                                   Tue Apr 07 08:52:48 2015           Page 1
                                   Tue Apr 07 08:52:47 2015       gh_2i03q.s
Command Line:   C:\GHS\V35\mips35\asmips.exe -noundefined -elf -b0
                -IC:\local\Workspace\DC_V04.01.00_int\cu3x1Platform_SRC\emWinColour
                -IC:\local\Workspace\DC_V04.01.00_int\cu3x1Platform_SRC\platform\include
                -IC:\local\Workspace\DC_V04.01.00_int\cu3x1Platform_SRC\platform\common
                -IC:\local\Workspace\DC_V04.01.00_int\cu3x1Platform_SRC\platform\hardware
                -IC:\local\Workspace\DC_V04.01.00_int\cu3x1Platform_SRC\platform\hardware\D3018X
                -IC:\local\Workspace\DC_V04.01.00_int\cu3x1Platform_SRC\embos\inc
                -IC:\local\Workspace\DC_V04.01.00_int\cu3x1Platform_SRC\emWinColour\config
                -IC:\local\Workspace\DC_V04.01.00_int\cu3x1Platform_SRC\emWinColour\gui\ConvertMono
                -IC:\local\Workspace\DC_V04.01.00_int\cu3x1Platform_SRC\emWinColour\gui\Core
                -IC:\local\Workspace\DC_V04.01.00_int\cu3x1Platform_SRC\emWinColour\gui\Font
                -IC:\local\Workspace\DC_V04.01.00_int\cu3x1Platform_SRC\emWinColour\gui\LCDDriver
                -IC:\local\Workspace\DC_V04.01.00_int\cu3x1Platform_SRC\emWinColour\gui\MemDev
                -IC:\local\Workspace\DC_V04.01.00_int\cu3x1Platform_SRC\emWinColour\gui\VNC
                -IC:\local\Workspace\DC_V04.01.00_int\cu3x1Platform_SRC\emWinColour\gui\Widget
                -IC:\local\Workspace\DC_V04.01.00_int\cu3x1Platform_SRC\emWinColour\gui\wm
                -IC:\local\Workspace\DC_V04.01.00_int\cu3x1App_SRC\Control\source
                -IC:\local\Workspace\DC_V04.01.00_int\cu3x1App_SRC\Control\source\include
                -IC:\local\Workspace\DC_V04.01.00_int\cu3x1App_SRC\Control\source\util
                -IC:\local\Workspace\DC_V04.01.00_int\cu3x1App_SRC\Control\source\datapoint
                -IC:\local\Workspace\DC_V04.01.00_int\cu3x1App_SRC\Control\source\factory
                -IC:\local\Workspace\DC_V04.01.00_int\cu3x1Platform_SRC\embos
                -IC:\local\Workspace\DC_V04.01.00_int\cu3x1Platform_SRC\emWinColour\gui\core
                -IC:\local\Workspace\DC_V04.01.00_int\cu3x1App_SRC\Control\source\rtip\webpage
                -IC:\local\Workspace\DC_V04.01.00_int\cu3x1App_SRC\Control\source\rtip\config
                -IC:\local\Workspace\DC_V04.01.00_int\cu3x1App_SRC\Control\source\rtip\xnet
                -IC:\local\Workspace\DC_V04.01.00_int\cu3x1App_SRC\Control\source\stub
                -IC:\local\Workspace\DC_V04.01.00_int\cu3x1App_SRC\Control\source\test
                -IC:\local\Workspace\DC_V04.01.00_int\cu3x1App_SRC\Control\source\GENIpro
                -IC:\local\Workspace\DC_V04.01.00_int\cu3x1App_SRC\Control\source\GENIpro\GENI_sys
                -IC:\local\Workspace\DC_V04.01.00_int\cu3x1App_SRC\Control\source\GENIpro\GENIusb\emUSB\USB\Driver
                -IC:\local\Workspace\DC_V04.01.00_int\cu3x1App_SRC\Control\source\application\intercom
                -IC:\local\Workspace\DC_V04.01.00_int\cu3x1App_SRC\Control\source\application\controller
                -IC:\local\Workspace\DC_V04.01.00_int\cu3x1App_SRC\Control\source\application\driver
                -IC:\local\Workspace\DC_V04.01.00_int\cu3x1App_SRC\Control\source\application\webif
                -IC:\local\Workspace\DC_V04.01.00_int\cu3x1App_SRC\Control\source\application\relay
                -IC:\local\Workspace\DC_V04.01.00_int\cu3x1App_SRC\Control\source\application\GENIApp
                -IC:\local\Workspace\DC_V04.01.00_int\cu3x1App_SRC\Control\source\application\alarm
                -IC:\local\Workspace\DC_V04.01.00_int\cu3x1App_SRC\Control\source\application\config
                -IC:\local\Workspace\DC_V04.01.00_int\cu3x1App_SRC\Control\source\application\AnaInConfigCtrl
                -IC:\local\Workspace\DC_V04.01.00_int\cu3x1App_SRC\Control\source\application\Sms
                -IC:\local\Workspace\DC_V04.01.00_int\cu3x1App_SRC\Control\source\application\display
                -IC:\local\Workspace\DC_V04.01.00_int\cu3x1App_SRC\Control\source\application\display\display_task
                -IC:\local\Workspace\DC_V04.01.00_int\cu3x1App_SRC\Control\source\application\display\gui_utility
                -IC:\local\Workspace\DC_V04.01.00_int\cu3x1App_SRC\Control\source\application\display\mpcunit
                -IC:\local\Workspace\DC_V04.01.00_int\cu3x1App_SRC\Control\source\GeniPro
                -IC:\local\Workspace\DC_V04.01.00_int\cu3x1App_SRC\Control\source\GeniPro\GENI_sys
                -IC:\local\Workspace\DC_V04.01.00_int\cu3x1App_SRC\Control\source\GeniPro\GENIbus
                -IC:\local\Workspace\DC_V04.01.00_int\cu3x1App_SRC\Control\source\GeniPro\GENIcom
                -IC:\local\Workspace\DC_V04.01.00_int\cu3x1App_SRC\Control\source\GeniPro\GENIrs232
                -IC:\local\Workspace\DC_V04.01.00_int\cu3x1App_SRC\Control\source\GeniPro\Virtual
                -IC:\local\Workspace\DC_V04.01.00_int\cu3x1Platform_SRC\Platform\common
                -IC:\local\Workspace\DC_V04.01.00_int\cu3x1Platform_SRC\Platform\hardware
                -IC:\local\Workspace\DC_V04.01.00_int\cu3x1Platform_SRC\Platform\hardware\D3018X
                -IC:\local\Workspace\DC_V04.01.00_int\cu3x1App_SRC\Control\source\application\display\imagesTFT
                -IC:\GHS\V35\mips35\mipsl_sf -r4121 -source=GUI__strcmp.c -o
                objs\gh_2i03q.o -list=objs\GUI__strcmp.lst
                C:\Users\55602\AppData\Local\Temp\gh_2i03q.s
Source File:    C:\Users\55602\AppData\Local\Temp\gh_2i03q.s
Directory:      C:\local\Workspace\DC_V04.01.00_int\cu3x1App_SRC\Control\source
Host OS:        GHS_WIN32
Version:        AS-MIPS 3.5#11 
Release:        MULTI 2000, MIPS v3.5
Revision Date:  Wed Feb 27 12:19:03 2002
Release Date:   Sat Mar 02 02:57:59 2002
                             1	 #Source File:   C:\local\Workspace\DC_V04.01.00_int\cu3x1Platform_SRC\emWinColour\GUI\Core\GUI__strcmp.c

                                   Tue Apr 07 08:52:48 2015           Page 2
                                   Tue Apr 07 08:52:47 2015       gh_2i03q.s
                             2	 #Directory:     
                             3	 #		C:\local\Workspace\DC_V04.01.00_int\cu3x1App_SRC\Control\source
                             4	 #Compile Date:  Tue Apr 07 08:52:47 2015
                             5	 #Host OS:       Win32
                             6	 #Version:       C-MIPS 3.5#11 RELEASE VERSION
                             7	 #Release:       MULTI 2000, MIPS v3.5
                             8	 #Revision Date: Fri Mar 01 11:32:40 2002
                             9	 #Release Date:  Sat Mar 02 02:58:48 2002
                            10		.set	noat
                            11		.set	noreorder
                            12		.set	nomacro
                            13		.text
                            14		.align	4
                            15		.globl	GUI__strcmp
                            16	GUI__strcmp:
                            17	 #	    .bf
        14800003 00000000   18		bne	$4, $0, .L4
        00000000 00000004   19		nop
        3c040000 00000008   20		lui	$4, %hi(.L67)
        24840000 0000000c   21		addiu	$4, $4, %lo(.L67)
                            22	.L4:
        54a00004 00000010   23		bnel	$5, $0, .L1000010
        80ae0000 00000014   24		lb	$14, 0($5)
        3c050000 00000018   25		lui	$5, %hi(.L67)
        24a50000 0000001c   26		addiu	$5, $5, %lo(.L67)
        80ae0000 00000020   27		lb	$14, 0($5)
                            28	.L1000010:
        808f0000 00000024   29		lb	$15, 0($4)
        51ee0003 00000028   30		beql	$15, $14, .L1000011
        80990001 0000002c   31		lb	$25, 1($4)
        03e00008 00000030   32		jr	$ra
        34020001 00000034   33		ori	$2, $0, 1
                            34	.L1000011:
        24840001 00000038   35		addiu	$4, $4, 1
        24a50001 0000003c   36		addiu	$5, $5, 1
        5720fff8 00000040   37		bnel	$25, $0, .L1000010
        80ae0000 00000044   38		lb	$14, 0($5)
        80af0000 00000048   39		lb	$15, 0($5)
                            40	 #	    .ef
        03e00008 0000004c   41		jr	$ra
        000f102b 00000050   42		sltu	$2, $0, $15
                            43		.type	GUI__strcmp,@function
                            44		.size	GUI__strcmp,.-GUI__strcmp
                            45		.align	4
                            46	 #.L64	.L67	static
                            47	
                            48	 #s0	$4	param
                            49	 #s1	$5	param
                            50	
                            51		.data
                            52	.L63:
                            53		.section ".rodata","a"
                            54	.L67: #	"\000"
              00 00000000   55		.byte	0
                            56		.type	.L67,@object
                            57		.size	.L67,1

                                   Tue Apr 07 08:52:48 2015           Page 3
                                   Tue Apr 07 08:52:47 2015       gh_2i03q.s
                            58		.data
                            59		.text
                            60		.align	4
                            61		.align	4
                            62		.globl	GUI__strcmp_hp
                            63	GUI__strcmp_hp:
        34030000 00000054   64		ori	$3, $0, 0
                            65	 #	    .bf
        00042400 00000058   66		sll	$4, $4, 16
        00042403 0000005c   67		sra	$4, $4, 16
        27bdfff0 00000060   68		addiu	$sp, $sp, -16
        afb00000 00000064   69		sw	$16, 0($sp)
        00a08025 00000068   70		move	$16, $5
        10800004 0000006c   71		beq	$4, $0, .L89
        afbf000c 00000070   72		sw	$ra, 12($sp)
        0c000000 00000074   73		jal	GUI_ALLOC_h2p
        00000000 00000078   74		nop
        00401825 0000007c   75		move	$3, $2
                            76	.L89:
        00602025 00000080   77		move	$4, $3
        0c000000 00000084   78		jal	GUI__strcmp
        02002825 00000088   79		move	$5, $16
                            80	 #	    .ef
        8fbf000c 0000008c   81		lw	$ra, 12($sp)
        8fb00000 00000090   82		lw	$16, 0($sp)
        03e00008 00000094   83		jr	$ra
        27bd0010 00000098   84		addiu	$sp, $sp, 16
                            85		.type	GUI__strcmp_hp,@function
                            86		.size	GUI__strcmp_hp,.-GUI__strcmp_hp
                            87		.align	4
                            88	 #s0	$3	local
                            89	
                            90	 #hs0	$4	param
                            91	 #s1	$16	param
                            92	
                            93		.data
                            94	.L108:
                            95		.text
                            96		.align	4
                            97	
                            98		.data
                            99		.text
