
                                   Tue Apr 07 08:54:05 2015           Page 1
                                   Tue Apr 07 08:54:04 2015       gh_2i05i.s
Command Line:   C:\GHS\V35\mips35\asmips.exe -noundefined -elf -b0
                -IC:\local\Workspace\DC_V04.01.00_int\cu3x1Platform_SRC\emWinColour
                -IC:\local\Workspace\DC_V04.01.00_int\cu3x1Platform_SRC\platform\include
                -IC:\local\Workspace\DC_V04.01.00_int\cu3x1Platform_SRC\platform\common
                -IC:\local\Workspace\DC_V04.01.00_int\cu3x1Platform_SRC\platform\hardware
                -IC:\local\Workspace\DC_V04.01.00_int\cu3x1Platform_SRC\platform\hardware\D3018X
                -IC:\local\Workspace\DC_V04.01.00_int\cu3x1Platform_SRC\embos\inc
                -IC:\local\Workspace\DC_V04.01.00_int\cu3x1Platform_SRC\emWinColour\config
                -IC:\local\Workspace\DC_V04.01.00_int\cu3x1Platform_SRC\emWinColour\gui\ConvertMono
                -IC:\local\Workspace\DC_V04.01.00_int\cu3x1Platform_SRC\emWinColour\gui\Core
                -IC:\local\Workspace\DC_V04.01.00_int\cu3x1Platform_SRC\emWinColour\gui\Font
                -IC:\local\Workspace\DC_V04.01.00_int\cu3x1Platform_SRC\emWinColour\gui\LCDDriver
                -IC:\local\Workspace\DC_V04.01.00_int\cu3x1Platform_SRC\emWinColour\gui\MemDev
                -IC:\local\Workspace\DC_V04.01.00_int\cu3x1Platform_SRC\emWinColour\gui\VNC
                -IC:\local\Workspace\DC_V04.01.00_int\cu3x1Platform_SRC\emWinColour\gui\Widget
                -IC:\local\Workspace\DC_V04.01.00_int\cu3x1Platform_SRC\emWinColour\gui\wm
                -IC:\local\Workspace\DC_V04.01.00_int\cu3x1App_SRC\Control\source
                -IC:\local\Workspace\DC_V04.01.00_int\cu3x1App_SRC\Control\source\include
                -IC:\local\Workspace\DC_V04.01.00_int\cu3x1App_SRC\Control\source\util
                -IC:\local\Workspace\DC_V04.01.00_int\cu3x1App_SRC\Control\source\datapoint
                -IC:\local\Workspace\DC_V04.01.00_int\cu3x1App_SRC\Control\source\factory
                -IC:\local\Workspace\DC_V04.01.00_int\cu3x1Platform_SRC\embos
                -IC:\local\Workspace\DC_V04.01.00_int\cu3x1Platform_SRC\emWinColour\gui\core
                -IC:\local\Workspace\DC_V04.01.00_int\cu3x1App_SRC\Control\source\rtip\webpage
                -IC:\local\Workspace\DC_V04.01.00_int\cu3x1App_SRC\Control\source\rtip\config
                -IC:\local\Workspace\DC_V04.01.00_int\cu3x1App_SRC\Control\source\rtip\xnet
                -IC:\local\Workspace\DC_V04.01.00_int\cu3x1App_SRC\Control\source\stub
                -IC:\local\Workspace\DC_V04.01.00_int\cu3x1App_SRC\Control\source\test
                -IC:\local\Workspace\DC_V04.01.00_int\cu3x1App_SRC\Control\source\GENIpro
                -IC:\local\Workspace\DC_V04.01.00_int\cu3x1App_SRC\Control\source\GENIpro\GENI_sys
                -IC:\local\Workspace\DC_V04.01.00_int\cu3x1App_SRC\Control\source\GENIpro\GENIusb\emUSB\USB\Driver
                -IC:\local\Workspace\DC_V04.01.00_int\cu3x1App_SRC\Control\source\application\intercom
                -IC:\local\Workspace\DC_V04.01.00_int\cu3x1App_SRC\Control\source\application\controller
                -IC:\local\Workspace\DC_V04.01.00_int\cu3x1App_SRC\Control\source\application\driver
                -IC:\local\Workspace\DC_V04.01.00_int\cu3x1App_SRC\Control\source\application\webif
                -IC:\local\Workspace\DC_V04.01.00_int\cu3x1App_SRC\Control\source\application\relay
                -IC:\local\Workspace\DC_V04.01.00_int\cu3x1App_SRC\Control\source\application\GENIApp
                -IC:\local\Workspace\DC_V04.01.00_int\cu3x1App_SRC\Control\source\application\alarm
                -IC:\local\Workspace\DC_V04.01.00_int\cu3x1App_SRC\Control\source\application\config
                -IC:\local\Workspace\DC_V04.01.00_int\cu3x1App_SRC\Control\source\application\AnaInConfigCtrl
                -IC:\local\Workspace\DC_V04.01.00_int\cu3x1App_SRC\Control\source\application\Sms
                -IC:\local\Workspace\DC_V04.01.00_int\cu3x1App_SRC\Control\source\application\display
                -IC:\local\Workspace\DC_V04.01.00_int\cu3x1App_SRC\Control\source\application\display\display_task
                -IC:\local\Workspace\DC_V04.01.00_int\cu3x1App_SRC\Control\source\application\display\gui_utility
                -IC:\local\Workspace\DC_V04.01.00_int\cu3x1App_SRC\Control\source\application\display\mpcunit
                -IC:\local\Workspace\DC_V04.01.00_int\cu3x1App_SRC\Control\source\GeniPro
                -IC:\local\Workspace\DC_V04.01.00_int\cu3x1App_SRC\Control\source\GeniPro\GENI_sys
                -IC:\local\Workspace\DC_V04.01.00_int\cu3x1App_SRC\Control\source\GeniPro\GENIbus
                -IC:\local\Workspace\DC_V04.01.00_int\cu3x1App_SRC\Control\source\GeniPro\GENIcom
                -IC:\local\Workspace\DC_V04.01.00_int\cu3x1App_SRC\Control\source\GeniPro\GENIrs232
                -IC:\local\Workspace\DC_V04.01.00_int\cu3x1App_SRC\Control\source\GeniPro\Virtual
                -IC:\local\Workspace\DC_V04.01.00_int\cu3x1Platform_SRC\Platform\common
                -IC:\local\Workspace\DC_V04.01.00_int\cu3x1Platform_SRC\Platform\hardware
                -IC:\local\Workspace\DC_V04.01.00_int\cu3x1Platform_SRC\Platform\hardware\D3018X
                -IC:\local\Workspace\DC_V04.01.00_int\cu3x1App_SRC\Control\source\application\display\imagesTFT
                -IC:\GHS\V35\mips35\mipsl_sf -r4121 -source=GUI_DrawGraph.c -o
                objs\gh_2i05i.o -list=objs\GUI_DrawGraph.lst
                C:\Users\55602\AppData\Local\Temp\gh_2i05i.s
Source File:    C:\Users\55602\AppData\Local\Temp\gh_2i05i.s
Directory:      C:\local\Workspace\DC_V04.01.00_int\cu3x1App_SRC\Control\source
Host OS:        GHS_WIN32
Version:        AS-MIPS 3.5#11 
Release:        MULTI 2000, MIPS v3.5
Revision Date:  Wed Feb 27 12:19:03 2002
Release Date:   Sat Mar 02 02:57:59 2002
                             1	 #Source File:   C:\local\Workspace\DC_V04.01.00_int\cu3x1Platform_SRC\emWinColour\GUI\Core\GUI_DrawGraph.c

                                   Tue Apr 07 08:54:05 2015           Page 2
                                   Tue Apr 07 08:54:04 2015       gh_2i05i.s
                             2	 #Directory:     
                             3	 #		C:\local\Workspace\DC_V04.01.00_int\cu3x1App_SRC\Control\source
                             4	 #Compile Date:  Tue Apr 07 08:54:04 2015
                             5	 #Host OS:       Win32
                             6	 #Version:       C-MIPS 3.5#11 RELEASE VERSION
                             7	 #Release:       MULTI 2000, MIPS v3.5
                             8	 #Revision Date: Fri Mar 01 11:32:40 2002
                             9	 #Release Date:  Sat Mar 02 02:58:48 2002
                            10		.set	noat
                            11		.set	noreorder
                            12		.set	nomacro
                            13		.text
                            14		.align	4
                            15		.globl	GUI_DrawGraph
                            16	GUI_DrawGraph:
        27bdffb8 00000000   17		addiu	$sp, $sp, -72
        afbf0044 00000004   18		sw	$ra, 68($sp)
        afbe0020 00000008   19		sw	$fp, 32($sp)
        afb7001c 0000000c   20		sw	$23, 28($sp)
        afb60018 00000010   21		sw	$22, 24($sp)
        afb50014 00000014   22		sw	$21, 20($sp)
        afb40010 00000018   23		sw	$20, 16($sp)
        afb00000 0000001c   24		sw	$16, 0($sp)
        00808025 00000020   25		move	$16, $4
        afb10004 00000024   26		sw	$17, 4($sp)
        00a08825 00000028   27		move	$17, $5
        afb20008 0000002c   28		sw	$18, 8($sp)
        00c09025 00000030   29		move	$18, $6
        afb3000c 00000034   30		sw	$19, 12($sp)
        00e09825 00000038   31		move	$19, $7
                            32	 #	    .bf
        0c000000 0000003c   33		jal	GUI_Lock
        3c140000 00000040   34		lui	$20, %hi(GUI_Context)
        26940000 00000044   35		addiu	$20, $20, %lo(GUI_Context)
        8e990044 00000048   36		lw	$25, 68($20)
        8e980048 0000004c   37		lw	$24, 72($20)
        34040000 00000050   38		ori	$4, $0, 0
        02599021 00000054   39		addu	$18, $18, $25
        0c000000 00000058   40		jal	WM__InitIVRSearch
        02789821 0000005c   41		addu	$19, $19, $24
        10400134 00000060   42		beq	$2, $0, .L47
        00000000 00000064   43		nop
        afb4003c 00000068   44		sw	$20, 60($sp)
        8fa3003c 0000006c   45		lw	$3, 60($sp)
                            46	.L1000051:
        8c630014 00000070   47		lw	$3, 20($3)
        afa00030 00000074   48		sw	$0, 48($sp)
        02201025 00000078   49		move	$2, $17
        847e0006 0000007c   50		lh	$fp, 6($3)
        1060000d 00000080   51		beq	$3, $0, .L59
        84770002 00000084   52		lh	$23, 2($3)
        84790000 00000088   53		lh	$25, 0($3)
        0259702a 0000008c   54		slt	$14, $18, $25
        11c00002 00000090   55		beq	$14, $0, .L57
        03326023 00000094   56		subu	$12, $25, $18
        afac0030 00000098   57		sw	$12, 48($sp)

                                   Tue Apr 07 08:54:05 2015           Page 3
                                   Tue Apr 07 08:54:04 2015       gh_2i05i.s
                            58	.L57:
        84630004 0000009c   59		lh	$3, 4($3)
        02426821 000000a0   60		addu	$13, $18, $2
        25adffff 000000a4   61		addiu	$13, $13, -1
        006dc02a 000000a8   62		slt	$24, $3, $13
        13000002 000000ac   63		beq	$24, $0, .L59
        00727823 000000b0   64		subu	$15, $3, $18
        25e20001 000000b4   65		addiu	$2, $15, 1
                            66	.L59:
        8fa10030 000000b8   67		lw	$1, 48($sp)
        0022702a 000000bc   68		slt	$14, $1, $2
        11c00118 000000c0   69		beq	$14, $0, .L50
        00000000 000000c4   70		nop
        0001c840 000000c8   71		sll	$25, $1, 1
        0219c021 000000cc   72		addu	$24, $16, $25
        870f0000 000000d0   73		lh	$15, 0($24)
        afa00038 000000d4   74		sw	$0, 56($sp)
        244effff 000000d8   75		addiu	$14, $2, -1
        01f31821 000000dc   76		addu	$3, $15, $19
        242c0001 000000e0   77		addiu	$12, $1, 1
        01cc6823 000000e4   78		subu	$13, $14, $12
        25b90001 000000e8   79		addiu	$25, $13, 1
        34010000 000000ec   80		ori	$1, $0, 0
        0039c02a 000000f0   81		slt	$24, $1, $25
        13000002 000000f4   82		beq	$24, $0, .L321
        afac0030 000000f8   83		sw	$12, 48($sp)
        afb90038 000000fc   84		sw	$25, 56($sp)
                            85	.L321:
        8fa10038 00000100   86		lw	$1, 56($sp)
        00016082 00000104   87		srl	$12, $1, 2
        118000c6 00000108   88		beq	$12, $0, .L142
        afac0028 0000010c   89		sw	$12, 40($sp)
        8fa10030 00000110   90		lw	$1, 48($sp)
        00326821 00000114   91		addu	$13, $1, $18
        00017040 00000118   92		sll	$14, $1, 1
        8fa10028 0000011c   93		lw	$1, 40($sp)
        020e6021 00000120   94		addu	$12, $16, $14
        0001c880 00000124   95		sll	$25, $1, 2
        8fa10030 00000128   96		lw	$1, 48($sp)
        afac002c 0000012c   97		sw	$12, 44($sp)
        25b60002 00000130   98		addiu	$22, $13, 2
        00396021 00000134   99		addu	$12, $1, $25
        afac0030 00000138  100		sw	$12, 48($sp)
                           101	.L143:
        8fb8002c 0000013c  102		lw	$24, 44($sp)
        87180000 00000140  103		lh	$24, 0($24)
        0077782a 00000144  104		slt	$15, $3, $23
        11e00003 00000148  105		beq	$15, $0, .L145
        0313a021 0000014c  106		addu	$20, $24, $19
        0297702a 00000150  107		slt	$14, $20, $23
        15c00024 00000154  108		bne	$14, $0, .L152
                           109	.L145:
        03c3682a 00000158  110		slt	$13, $fp, $3
        51a00004 0000015c  111		beql	$13, $0, .L1000147
        02831021 00000160  112		addu	$2, $20, $3
        03d4c82a 00000164  113		slt	$25, $fp, $20

                                   Tue Apr 07 08:54:05 2015           Page 4
                                   Tue Apr 07 08:54:04 2015       gh_2i05i.s
        1720001f 00000168  114		bne	$25, $0, .L152
        02831021 0000016c  115		addu	$2, $20, $3
                           116	.L1000147:
        0002c7c3 00000170  117		sra	$24, $2, 31
        00187fc2 00000174  118		srl	$15, $24, 31
        01e27021 00000178  119		addu	$14, $15, $2
        0283682a 0000017c  120		slt	$13, $20, $3
        15a00011 00000180  121		bne	$13, $0, .L149
        000ea843 00000184  122		sra	$21, $14, 1
        26c4fffd 00000188  123		addiu	$4, $22, -3
        00602825 0000018c  124		move	$5, $3
        0c000000 00000190  125		jal	LCD_DrawVLine
        02a03025 00000194  126		move	$6, $21
        26c4fffe 00000198  127		addiu	$4, $22, -2
        02a02825 0000019c  128		move	$5, $21
        0c000000 000001a0  129		jal	LCD_DrawVLine
        02803025 000001a4  130		move	$6, $20
        8fb9002c 000001a8  131		lw	$25, 44($sp)
        02801825 000001ac  132		move	$3, $20
        87390002 000001b0  133		lh	$25, 2($25)
        0077c02a 000001b4  134		slt	$24, $3, $23
        13000013 000001b8  135		beq	$24, $0, .L154
        0333a021 000001bc  136		addu	$20, $25, $19
        08000000 000001c0  137		j	.L1000153
        0297782a 000001c4  138		slt	$15, $20, $23
                           139	.L149:
        26c4fffd 000001c8  140		addiu	$4, $22, -3
        02a02825 000001cc  141		move	$5, $21
        0c000000 000001d0  142		jal	LCD_DrawVLine
        00603025 000001d4  143		move	$6, $3
        26c4fffe 000001d8  144		addiu	$4, $22, -2
        02802825 000001dc  145		move	$5, $20
        0c000000 000001e0  146		jal	LCD_DrawVLine
        02a03025 000001e4  147		move	$6, $21
                           148	.L152:
        8fb9002c 000001e8  149		lw	$25, 44($sp)
        02801825 000001ec  150		move	$3, $20
        87390002 000001f0  151		lh	$25, 2($25)
        0077c02a 000001f4  152		slt	$24, $3, $23
        13000003 000001f8  153		beq	$24, $0, .L154
        0333a021 000001fc  154		addu	$20, $25, $19
        0297782a 00000200  155		slt	$15, $20, $23
                           156	.L1000153:
        15e00024 00000204  157		bne	$15, $0, .L161
                           158	.L154:
        03c3702a 00000208  159		slt	$14, $fp, $3
        51c00004 0000020c  160		beql	$14, $0, .L1000156
        02831021 00000210  161		addu	$2, $20, $3
        03d4682a 00000214  162		slt	$13, $fp, $20
        15a0001f 00000218  163		bne	$13, $0, .L161
        02831021 0000021c  164		addu	$2, $20, $3
                           165	.L1000156:
        0002cfc3 00000220  166		sra	$25, $2, 31
        0019c7c2 00000224  167		srl	$24, $25, 31
        03027821 00000228  168		addu	$15, $24, $2
        0283702a 0000022c  169		slt	$14, $20, $3

                                   Tue Apr 07 08:54:05 2015           Page 5
                                   Tue Apr 07 08:54:04 2015       gh_2i05i.s
        15c00011 00000230  170		bne	$14, $0, .L158
        000fa843 00000234  171		sra	$21, $15, 1
        26c4fffe 00000238  172		addiu	$4, $22, -2
        00602825 0000023c  173		move	$5, $3
        0c000000 00000240  174		jal	LCD_DrawVLine
        02a03025 00000244  175		move	$6, $21
        26c4ffff 00000248  176		addiu	$4, $22, -1
        02a02825 0000024c  177		move	$5, $21
        0c000000 00000250  178		jal	LCD_DrawVLine
        02803025 00000254  179		move	$6, $20
        8fad002c 00000258  180		lw	$13, 44($sp)
        02801825 0000025c  181		move	$3, $20
        85ad0004 00000260  182		lh	$13, 4($13)
        0077c82a 00000264  183		slt	$25, $3, $23
        13200013 00000268  184		beq	$25, $0, .L163
        01b3a021 0000026c  185		addu	$20, $13, $19
        08000000 00000270  186		j	.L1000162
        0297c02a 00000274  187		slt	$24, $20, $23
                           188	.L158:
        26c4fffe 00000278  189		addiu	$4, $22, -2
        02a02825 0000027c  190		move	$5, $21
        0c000000 00000280  191		jal	LCD_DrawVLine
        00603025 00000284  192		move	$6, $3
        26c4ffff 00000288  193		addiu	$4, $22, -1
        02802825 0000028c  194		move	$5, $20
        0c000000 00000290  195		jal	LCD_DrawVLine
        02a03025 00000294  196		move	$6, $21
                           197	.L161:
        8fad002c 00000298  198		lw	$13, 44($sp)
        02801825 0000029c  199		move	$3, $20
        85ad0004 000002a0  200		lh	$13, 4($13)
        0077c82a 000002a4  201		slt	$25, $3, $23
        13200003 000002a8  202		beq	$25, $0, .L163
        01b3a021 000002ac  203		addu	$20, $13, $19
        0297c02a 000002b0  204		slt	$24, $20, $23
                           205	.L1000162:
        17000024 000002b4  206		bne	$24, $0, .L170
                           207	.L163:
        03c3782a 000002b8  208		slt	$15, $fp, $3
        51e00004 000002bc  209		beql	$15, $0, .L1000165
        02831021 000002c0  210		addu	$2, $20, $3
        03d4702a 000002c4  211		slt	$14, $fp, $20
        15c0001f 000002c8  212		bne	$14, $0, .L170
        02831021 000002cc  213		addu	$2, $20, $3
                           214	.L1000165:
        00026fc3 000002d0  215		sra	$13, $2, 31
        000dcfc2 000002d4  216		srl	$25, $13, 31
        0322c021 000002d8  217		addu	$24, $25, $2
        0283782a 000002dc  218		slt	$15, $20, $3
        15e00011 000002e0  219		bne	$15, $0, .L167
        0018a843 000002e4  220		sra	$21, $24, 1
        26c4ffff 000002e8  221		addiu	$4, $22, -1
        00602825 000002ec  222		move	$5, $3
        0c000000 000002f0  223		jal	LCD_DrawVLine
        02a03025 000002f4  224		move	$6, $21
        02c02025 000002f8  225		move	$4, $22

                                   Tue Apr 07 08:54:05 2015           Page 6
                                   Tue Apr 07 08:54:04 2015       gh_2i05i.s
        02a02825 000002fc  226		move	$5, $21
        0c000000 00000300  227		jal	LCD_DrawVLine
        02803025 00000304  228		move	$6, $20
        8fae002c 00000308  229		lw	$14, 44($sp)
        02801825 0000030c  230		move	$3, $20
        85ce0006 00000310  231		lh	$14, 6($14)
        0077682a 00000314  232		slt	$13, $3, $23
        11a00013 00000318  233		beq	$13, $0, .L172
        01d3a021 0000031c  234		addu	$20, $14, $19
        08000000 00000320  235		j	.L1000171
        0297c82a 00000324  236		slt	$25, $20, $23
                           237	.L167:
        26c4ffff 00000328  238		addiu	$4, $22, -1
        02a02825 0000032c  239		move	$5, $21
        0c000000 00000330  240		jal	LCD_DrawVLine
        00603025 00000334  241		move	$6, $3
        02c02025 00000338  242		move	$4, $22
        02802825 0000033c  243		move	$5, $20
        0c000000 00000340  244		jal	LCD_DrawVLine
        02a03025 00000344  245		move	$6, $21
                           246	.L170:
        8fae002c 00000348  247		lw	$14, 44($sp)
        02801825 0000034c  248		move	$3, $20
        85ce0006 00000350  249		lh	$14, 6($14)
        0077682a 00000354  250		slt	$13, $3, $23
        11a00003 00000358  251		beq	$13, $0, .L172
        01d3a021 0000035c  252		addu	$20, $14, $19
        0297c82a 00000360  253		slt	$25, $20, $23
                           254	.L1000171:
        17200026 00000364  255		bne	$25, $0, .L178
                           256	.L172:
        03c3c02a 00000368  257		slt	$24, $fp, $3
        13000002 0000036c  258		beq	$24, $0, .L174
        03d4782a 00000370  259		slt	$15, $fp, $20
        15e00022 00000374  260		bne	$15, $0, .L178
                           261	.L174:
        02831021 00000378  262		addu	$2, $20, $3
        000277c3 0000037c  263		sra	$14, $2, 31
        000e6fc2 00000380  264		srl	$13, $14, 31
        01a2c821 00000384  265		addu	$25, $13, $2
        0283c02a 00000388  266		slt	$24, $20, $3
        17000014 0000038c  267		bne	$24, $0, .L176
        0019a843 00000390  268		sra	$21, $25, 1
        02c02025 00000394  269		move	$4, $22
        00602825 00000398  270		move	$5, $3
        0c000000 0000039c  271		jal	LCD_DrawVLine
        02a03025 000003a0  272		move	$6, $21
        26c40001 000003a4  273		addiu	$4, $22, 1
        02a02825 000003a8  274		move	$5, $21
        0c000000 000003ac  275		jal	LCD_DrawVLine
        02803025 000003b0  276		move	$6, $20
        8fa1002c 000003b4  277		lw	$1, 44($sp)
        26d60004 000003b8  278		addiu	$22, $22, 4
        242c0008 000003bc  279		addiu	$12, $1, 8
        8fa10028 000003c0  280		lw	$1, 40($sp)
        afac002c 000003c4  281		sw	$12, 44($sp)

                                   Tue Apr 07 08:54:05 2015           Page 7
                                   Tue Apr 07 08:54:04 2015       gh_2i05i.s
        02801825 000003c8  282		move	$3, $20
        242cffff 000003cc  283		addiu	$12, $1, -1
        1580ff5a 000003d0  284		bne	$12, $0, .L143
        afac0028 000003d4  285		sw	$12, 40($sp)
        08000000 000003d8  286		j	.L1000142
        8fa10038 000003dc  287		lw	$1, 56($sp)
                           288	.L176:
        02c02025 000003e0  289		move	$4, $22
        02a02825 000003e4  290		move	$5, $21
        0c000000 000003e8  291		jal	LCD_DrawVLine
        00603025 000003ec  292		move	$6, $3
        26c40001 000003f0  293		addiu	$4, $22, 1
        02802825 000003f4  294		move	$5, $20
        0c000000 000003f8  295		jal	LCD_DrawVLine
        02a03025 000003fc  296		move	$6, $21
                           297	.L178:
        8fa1002c 00000400  298		lw	$1, 44($sp)
        26d60004 00000404  299		addiu	$22, $22, 4
        242c0008 00000408  300		addiu	$12, $1, 8
        8fa10028 0000040c  301		lw	$1, 40($sp)
        afac002c 00000410  302		sw	$12, 44($sp)
        02801825 00000414  303		move	$3, $20
        242cffff 00000418  304		addiu	$12, $1, -1
        1580ff47 0000041c  305		bne	$12, $0, .L143
        afac0028 00000420  306		sw	$12, 40($sp)
                           307	.L142:
        8fa10038 00000424  308		lw	$1, 56($sp)
                           309	.L1000142:
        302c0003 00000428  310		andi	$12, $1, 3
        1180003d 0000042c  311		beq	$12, $0, .L50
        afac0028 00000430  312		sw	$12, 40($sp)
        8fa10030 00000434  313		lw	$1, 48($sp)
        00011040 00000438  314		sll	$2, $1, 1
        00326821 0000043c  315		addu	$13, $1, $18
        25b6ffff 00000440  316		addiu	$22, $13, -1
        02026021 00000444  317		addu	$12, $16, $2
        afac0034 00000448  318		sw	$12, 52($sp)
                           319	.L181:
        8fb90034 0000044c  320		lw	$25, 52($sp)
        87390000 00000450  321		lh	$25, 0($25)
        0077c02a 00000454  322		slt	$24, $3, $23
        13000003 00000458  323		beq	$24, $0, .L183
        0333a021 0000045c  324		addu	$20, $25, $19
        0297782a 00000460  325		slt	$15, $20, $23
        15e00026 00000464  326		bne	$15, $0, .L189
                           327	.L183:
        03c3702a 00000468  328		slt	$14, $fp, $3
        11c00002 0000046c  329		beq	$14, $0, .L185
        03d4682a 00000470  330		slt	$13, $fp, $20
        15a00022 00000474  331		bne	$13, $0, .L189
                           332	.L185:
        02831021 00000478  333		addu	$2, $20, $3
        0002cfc3 0000047c  334		sra	$25, $2, 31
        0019c7c2 00000480  335		srl	$24, $25, 31
        03027821 00000484  336		addu	$15, $24, $2
        0283702a 00000488  337		slt	$14, $20, $3

                                   Tue Apr 07 08:54:05 2015           Page 8
                                   Tue Apr 07 08:54:04 2015       gh_2i05i.s
        15c00014 0000048c  338		bne	$14, $0, .L187
        000fa843 00000490  339		sra	$21, $15, 1
        02c02025 00000494  340		move	$4, $22
        00602825 00000498  341		move	$5, $3
        0c000000 0000049c  342		jal	LCD_DrawVLine
        02a03025 000004a0  343		move	$6, $21
        26c40001 000004a4  344		addiu	$4, $22, 1
        02a02825 000004a8  345		move	$5, $21
        0c000000 000004ac  346		jal	LCD_DrawVLine
        02803025 000004b0  347		move	$6, $20
        8fa10034 000004b4  348		lw	$1, 52($sp)
        26d60001 000004b8  349		addiu	$22, $22, 1
        242c0002 000004bc  350		addiu	$12, $1, 2
        8fa10028 000004c0  351		lw	$1, 40($sp)
        afac0034 000004c4  352		sw	$12, 52($sp)
        02801825 000004c8  353		move	$3, $20
        242cffff 000004cc  354		addiu	$12, $1, -1
        1580ffde 000004d0  355		bne	$12, $0, .L181
        afac0028 000004d4  356		sw	$12, 40($sp)
        08000000 000004d8  357		j	.L50
        00000000 000004dc  358		nop
                           359	.L187:
        02c02025 000004e0  360		move	$4, $22
        02a02825 000004e4  361		move	$5, $21
        0c000000 000004e8  362		jal	LCD_DrawVLine
        00603025 000004ec  363		move	$6, $3
        26c40001 000004f0  364		addiu	$4, $22, 1
        02802825 000004f4  365		move	$5, $20
        0c000000 000004f8  366		jal	LCD_DrawVLine
        02a03025 000004fc  367		move	$6, $21
                           368	.L189:
        8fa10034 00000500  369		lw	$1, 52($sp)
        26d60001 00000504  370		addiu	$22, $22, 1
        242c0002 00000508  371		addiu	$12, $1, 2
        8fa10028 0000050c  372		lw	$1, 40($sp)
        afac0034 00000510  373		sw	$12, 52($sp)
        02801825 00000514  374		move	$3, $20
        242cffff 00000518  375		addiu	$12, $1, -1
        1580ffcb 0000051c  376		bne	$12, $0, .L181
        afac0028 00000520  377		sw	$12, 40($sp)
                           378	.L50:
        0c000000 00000524  379		jal	WM__GetNextIVR
        00000000 00000528  380		nop
        5440fed0 0000052c  381		bnel	$2, $0, .L1000051
        8fa3003c 00000530  382		lw	$3, 60($sp)
                           383	.L47:
        0c000000 00000534  384		jal	GUI_Unlock
        00000000 00000538  385		nop
                           386	 #	    .ef
        8fb60018 0000053c  387		lw	$22, 24($sp)
        8fb50014 00000540  388		lw	$21, 20($sp)
        8fb40010 00000544  389		lw	$20, 16($sp)
        8fb3000c 00000548  390		lw	$19, 12($sp)
        8fb20008 0000054c  391		lw	$18, 8($sp)
        8fb10004 00000550  392		lw	$17, 4($sp)
        8fb00000 00000554  393		lw	$16, 0($sp)

                                   Tue Apr 07 08:54:05 2015           Page 9
                                   Tue Apr 07 08:54:04 2015       gh_2i05i.s
        8fbf0044 00000558  394		lw	$ra, 68($sp)
        8fb7001c 0000055c  395		lw	$23, 28($sp)
        8fbe0020 00000560  396		lw	$fp, 32($sp)
        03e00008 00000564  397		jr	$ra
        27bd0048 00000568  398		addiu	$sp, $sp, 72
                           399		.type	GUI_DrawGraph,@function
                           400		.size	GUI_DrawGraph,.-GUI_DrawGraph
                           401		.align	4
                           402	 #NumPoints	$2	local
                           403	 #i	48($sp)	local
                           404	 #y0	$3	local
                           405	 #y1	$20	local
                           406	 #yClip0	$23	local
                           407	 #yClip1	$fp	local
                           408	 #y01	$21	local
                           409	
                           410	 #pay	$16	param
                           411	 #NumPoints	$17	param
                           412	 #x0	$18	param
                           413	 #y0	$19	param
                           414	
                           415		.data
                           416	.L320:
                           417		.text
                           418		.align	4
                           419	 #GUI_Context	GUI_Context	import
                           420	
                           421		.data
                           422		.text
