
                                   Tue Apr 07 08:53:59 2015           Page 1
                                   Tue Apr 07 08:53:59 2015       gh_2i05e.s
Command Line:   C:\GHS\V35\mips35\asmips.exe -noundefined -elf -b0
                -IC:\local\Workspace\DC_V04.01.00_int\cu3x1Platform_SRC\emWinColour
                -IC:\local\Workspace\DC_V04.01.00_int\cu3x1Platform_SRC\platform\include
                -IC:\local\Workspace\DC_V04.01.00_int\cu3x1Platform_SRC\platform\common
                -IC:\local\Workspace\DC_V04.01.00_int\cu3x1Platform_SRC\platform\hardware
                -IC:\local\Workspace\DC_V04.01.00_int\cu3x1Platform_SRC\platform\hardware\D3018X
                -IC:\local\Workspace\DC_V04.01.00_int\cu3x1Platform_SRC\embos\inc
                -IC:\local\Workspace\DC_V04.01.00_int\cu3x1Platform_SRC\emWinColour\config
                -IC:\local\Workspace\DC_V04.01.00_int\cu3x1Platform_SRC\emWinColour\gui\ConvertMono
                -IC:\local\Workspace\DC_V04.01.00_int\cu3x1Platform_SRC\emWinColour\gui\Core
                -IC:\local\Workspace\DC_V04.01.00_int\cu3x1Platform_SRC\emWinColour\gui\Font
                -IC:\local\Workspace\DC_V04.01.00_int\cu3x1Platform_SRC\emWinColour\gui\LCDDriver
                -IC:\local\Workspace\DC_V04.01.00_int\cu3x1Platform_SRC\emWinColour\gui\MemDev
                -IC:\local\Workspace\DC_V04.01.00_int\cu3x1Platform_SRC\emWinColour\gui\VNC
                -IC:\local\Workspace\DC_V04.01.00_int\cu3x1Platform_SRC\emWinColour\gui\Widget
                -IC:\local\Workspace\DC_V04.01.00_int\cu3x1Platform_SRC\emWinColour\gui\wm
                -IC:\local\Workspace\DC_V04.01.00_int\cu3x1App_SRC\Control\source
                -IC:\local\Workspace\DC_V04.01.00_int\cu3x1App_SRC\Control\source\include
                -IC:\local\Workspace\DC_V04.01.00_int\cu3x1App_SRC\Control\source\util
                -IC:\local\Workspace\DC_V04.01.00_int\cu3x1App_SRC\Control\source\datapoint
                -IC:\local\Workspace\DC_V04.01.00_int\cu3x1App_SRC\Control\source\factory
                -IC:\local\Workspace\DC_V04.01.00_int\cu3x1Platform_SRC\embos
                -IC:\local\Workspace\DC_V04.01.00_int\cu3x1Platform_SRC\emWinColour\gui\core
                -IC:\local\Workspace\DC_V04.01.00_int\cu3x1App_SRC\Control\source\rtip\webpage
                -IC:\local\Workspace\DC_V04.01.00_int\cu3x1App_SRC\Control\source\rtip\config
                -IC:\local\Workspace\DC_V04.01.00_int\cu3x1App_SRC\Control\source\rtip\xnet
                -IC:\local\Workspace\DC_V04.01.00_int\cu3x1App_SRC\Control\source\stub
                -IC:\local\Workspace\DC_V04.01.00_int\cu3x1App_SRC\Control\source\test
                -IC:\local\Workspace\DC_V04.01.00_int\cu3x1App_SRC\Control\source\GENIpro
                -IC:\local\Workspace\DC_V04.01.00_int\cu3x1App_SRC\Control\source\GENIpro\GENI_sys
                -IC:\local\Workspace\DC_V04.01.00_int\cu3x1App_SRC\Control\source\GENIpro\GENIusb\emUSB\USB\Driver
                -IC:\local\Workspace\DC_V04.01.00_int\cu3x1App_SRC\Control\source\application\intercom
                -IC:\local\Workspace\DC_V04.01.00_int\cu3x1App_SRC\Control\source\application\controller
                -IC:\local\Workspace\DC_V04.01.00_int\cu3x1App_SRC\Control\source\application\driver
                -IC:\local\Workspace\DC_V04.01.00_int\cu3x1App_SRC\Control\source\application\webif
                -IC:\local\Workspace\DC_V04.01.00_int\cu3x1App_SRC\Control\source\application\relay
                -IC:\local\Workspace\DC_V04.01.00_int\cu3x1App_SRC\Control\source\application\GENIApp
                -IC:\local\Workspace\DC_V04.01.00_int\cu3x1App_SRC\Control\source\application\alarm
                -IC:\local\Workspace\DC_V04.01.00_int\cu3x1App_SRC\Control\source\application\config
                -IC:\local\Workspace\DC_V04.01.00_int\cu3x1App_SRC\Control\source\application\AnaInConfigCtrl
                -IC:\local\Workspace\DC_V04.01.00_int\cu3x1App_SRC\Control\source\application\Sms
                -IC:\local\Workspace\DC_V04.01.00_int\cu3x1App_SRC\Control\source\application\display
                -IC:\local\Workspace\DC_V04.01.00_int\cu3x1App_SRC\Control\source\application\display\display_task
                -IC:\local\Workspace\DC_V04.01.00_int\cu3x1App_SRC\Control\source\application\display\gui_utility
                -IC:\local\Workspace\DC_V04.01.00_int\cu3x1App_SRC\Control\source\application\display\mpcunit
                -IC:\local\Workspace\DC_V04.01.00_int\cu3x1App_SRC\Control\source\GeniPro
                -IC:\local\Workspace\DC_V04.01.00_int\cu3x1App_SRC\Control\source\GeniPro\GENI_sys
                -IC:\local\Workspace\DC_V04.01.00_int\cu3x1App_SRC\Control\source\GeniPro\GENIbus
                -IC:\local\Workspace\DC_V04.01.00_int\cu3x1App_SRC\Control\source\GeniPro\GENIcom
                -IC:\local\Workspace\DC_V04.01.00_int\cu3x1App_SRC\Control\source\GeniPro\GENIrs232
                -IC:\local\Workspace\DC_V04.01.00_int\cu3x1App_SRC\Control\source\GeniPro\Virtual
                -IC:\local\Workspace\DC_V04.01.00_int\cu3x1Platform_SRC\Platform\common
                -IC:\local\Workspace\DC_V04.01.00_int\cu3x1Platform_SRC\Platform\hardware
                -IC:\local\Workspace\DC_V04.01.00_int\cu3x1Platform_SRC\Platform\hardware\D3018X
                -IC:\local\Workspace\DC_V04.01.00_int\cu3x1App_SRC\Control\source\application\display\imagesTFT
                -IC:\GHS\V35\mips35\mipsl_sf -r4121 -source=GUI_DrawBitmapEx.c -o
                objs\gh_2i05e.o -list=objs\GUI_DrawBitmapEx.lst
                C:\Users\55602\AppData\Local\Temp\gh_2i05e.s
Source File:    C:\Users\55602\AppData\Local\Temp\gh_2i05e.s
Directory:      C:\local\Workspace\DC_V04.01.00_int\cu3x1App_SRC\Control\source
Host OS:        GHS_WIN32
Version:        AS-MIPS 3.5#11 
Release:        MULTI 2000, MIPS v3.5
Revision Date:  Wed Feb 27 12:19:03 2002
Release Date:   Sat Mar 02 02:57:59 2002
                             1	 #Source File:   C:\local\Workspace\DC_V04.01.00_int\cu3x1Platform_SRC\emWinColour\GUI\Core\GUI_DrawBitmapEx.c

                                   Tue Apr 07 08:53:59 2015           Page 2
                                   Tue Apr 07 08:53:59 2015       gh_2i05e.s
                             2	 #Directory:     
                             3	 #		C:\local\Workspace\DC_V04.01.00_int\cu3x1App_SRC\Control\source
                             4	 #Compile Date:  Tue Apr 07 08:53:59 2015
                             5	 #Host OS:       Win32
                             6	 #Version:       C-MIPS 3.5#11 RELEASE VERSION
                             7	 #Release:       MULTI 2000, MIPS v3.5
                             8	 #Revision Date: Fri Mar 01 11:32:40 2002
                             9	 #Release Date:  Sat Mar 02 02:58:48 2002
                            10		.set	noat
                            11		.set	noreorder
                            12		.set	nomacro
                            13		.text
                            14		.align	4
                            15		.globl	GUI_DrawBitmapEx
                            16	GUI_DrawBitmapEx:
        27bdff40 00000000   17		addiu	$sp, $sp, -192
        afbf00bc 00000004   18		sw	$ra, 188($sp)
        afbe0020 00000008   19		sw	$fp, 32($sp)
        afb7001c 0000000c   20		sw	$23, 28($sp)
        afb60018 00000010   21		sw	$22, 24($sp)
        afb00000 00000014   22		sw	$16, 0($sp)
        00808025 00000018   23		move	$16, $4
        afb10004 0000001c   24		sw	$17, 4($sp)
        00a08825 00000020   25		move	$17, $5
        afb20008 00000024   26		sw	$18, 8($sp)
        00c09025 00000028   27		move	$18, $6
        afb3000c 0000002c   28		sw	$19, 12($sp)
        00e09825 00000030   29		move	$19, $7
        afb40010 00000034   30		sw	$20, 16($sp)
        0100a025 00000038   31		move	$20, $8
        afb50014 0000003c   32		sw	$21, 20($sp)
        0120a825 00000040   33		move	$21, $9
                            34	 #	    .bf
        0c000000 00000044   35		jal	GUI_Lock
        0140b025 00000048   36		move	$22, $10
        0c000000 0000004c   37		jal	GUI_GetColor
        00000000 00000050   38		nop
        3c010000 00000054   39		lui	$1, %hi(GUI_Context+68)
        8c390000 00000058   40		lw	$25, %lo(GUI_Context+68)($1)
        3c010000 0000005c   41		lui	$1, %hi(GUI_Context+72)
        8c380000 00000060   42		lw	$24, %lo(GUI_Context+72)($1)
        02398821 00000064   43		addu	$17, $17, $25
        afa2009c 00000068   44		sw	$2, 156($sp)
        06a00014 0000006c   45		bltz	$21, .L153
        02589021 00000070   46		addu	$18, $18, $24
        02750018 00000074   47		mult	$19, $21
        00007012 00000078   48		mflo	$14
        000e2023 0000007c   49		subu	$4, $0, $14
        0c000000 00000080   50		jal	GUI__DivideRound32
        340503e8 00000084   51		ori	$5, $0, 1000
        02221821 00000088   52		addu	$3, $17, $2
        a7a300b0 0000008c   53		sh	$3, 176($sp)
        96190000 00000090   54		lhu	$25, 0($16)
        03336823 00000094   55		subu	$13, $25, $19
        25adffff 00000098   56		addiu	$13, $13, -1
        01b50018 0000009c   57		mult	$13, $21

                                   Tue Apr 07 08:53:59 2015           Page 3
                                   Tue Apr 07 08:53:59 2015       gh_2i05e.s
        00002012 000000a0   58		mflo	$4
        0c000000 000000a4   59		jal	GUI__DivideRound32
        340503e8 000000a8   60		ori	$5, $0, 1000
        02221821 000000ac   61		addu	$3, $17, $2
        06c0002b 000000b0   62		bltz	$22, .L156
        a7a300b4 000000b4   63		sh	$3, 180($sp)
        08000000 000000b8   64		j	.L1000157
        27b700b0 000000bc   65		addiu	$23, $sp, 176
                            66	.L153:
        02750018 000000c0   67		mult	$19, $21
        00007812 000000c4   68		mflo	$15
        000f2023 000000c8   69		subu	$4, $0, $15
        0c000000 000000cc   70		jal	GUI__DivideRound32
        340503e8 000000d0   71		ori	$5, $0, 1000
        02221821 000000d4   72		addu	$3, $17, $2
        a7a300b4 000000d8   73		sh	$3, 180($sp)
        960d0000 000000dc   74		lhu	$13, 0($16)
        01b37023 000000e0   75		subu	$14, $13, $19
        25ceffff 000000e4   76		addiu	$14, $14, -1
        01d50018 000000e8   77		mult	$14, $21
        00002012 000000ec   78		mflo	$4
        0c000000 000000f0   79		jal	GUI__DivideRound32
        340503e8 000000f4   80		ori	$5, $0, 1000
        02221821 000000f8   81		addu	$3, $17, $2
        06c00018 000000fc   82		bltz	$22, .L156
        a7a300b0 00000100   83		sh	$3, 176($sp)
        27b700b0 00000104   84		addiu	$23, $sp, 176
                            85	.L1000157:
        02960018 00000108   86		mult	$20, $22
        00007812 0000010c   87		mflo	$15
        000f2023 00000110   88		subu	$4, $0, $15
        0c000000 00000114   89		jal	GUI__DivideRound32
        340503e8 00000118   90		ori	$5, $0, 1000
        02421821 0000011c   91		addu	$3, $18, $2
        a7a300b2 00000120   92		sh	$3, 178($sp)
        960d0002 00000124   93		lhu	$13, 2($16)
        01b47023 00000128   94		subu	$14, $13, $20
        25ceffff 0000012c   95		addiu	$14, $14, -1
        01d60018 00000130   96		mult	$14, $22
        00002012 00000134   97		mflo	$4
        0c000000 00000138   98		jal	GUI__DivideRound32
        340503e8 0000013c   99		ori	$5, $0, 1000
        02421821 00000140  100		addu	$3, $18, $2
        a7a300b6 00000144  101		sh	$3, 182($sp)
        0c000000 00000148  102		jal	WM__InitIVRSearch
        02e02025 0000014c  103		move	$4, $23
        104001fe 00000150  104		beq	$2, $0, .L159
        00000000 00000154  105		nop
        08000000 00000158  106		j	.L1000267
        34180001 0000015c  107		ori	$24, $0, 1
                           108	.L156:
        27b700b0 00000160  109		addiu	$23, $sp, 176
        02960018 00000164  110		mult	$20, $22
        0000c012 00000168  111		mflo	$24
        00182023 0000016c  112		subu	$4, $0, $24
        0c000000 00000170  113		jal	GUI__DivideRound32

                                   Tue Apr 07 08:53:59 2015           Page 4
                                   Tue Apr 07 08:53:59 2015       gh_2i05e.s
        340503e8 00000174  114		ori	$5, $0, 1000
        02421821 00000178  115		addu	$3, $18, $2
        a7a300b6 0000017c  116		sh	$3, 182($sp)
        960e0002 00000180  117		lhu	$14, 2($16)
        01d47823 00000184  118		subu	$15, $14, $20
        25efffff 00000188  119		addiu	$15, $15, -1
        01f60018 0000018c  120		mult	$15, $22
        00002012 00000190  121		mflo	$4
        0c000000 00000194  122		jal	GUI__DivideRound32
        340503e8 00000198  123		ori	$5, $0, 1000
        02421821 0000019c  124		addu	$3, $18, $2
        a7a300b2 000001a0  125		sh	$3, 178($sp)
        0c000000 000001a4  126		jal	WM__InitIVRSearch
        02e02025 000001a8  127		move	$4, $23
        104001e7 000001ac  128		beq	$2, $0, .L159
        00000000 000001b0  129		nop
        34180001 000001b4  130		ori	$24, $0, 1
                           131	.L1000267:
        0314c823 000001b8  132		subu	$25, $24, $20
        03360018 000001bc  133		mult	$25, $22
        00006012 000001c0  134		mflo	$12
        afac0098 000001c4  135		sw	$12, 152($sp)
        00000000 000001c8  136		nop
        02960018 000001cc  137		mult	$20, $22
        00007812 000001d0  138		mflo	$15
        000f6023 000001d4  139		subu	$12, $0, $15
        afac00a0 000001d8  140		sw	$12, 160($sp)
        3c010000 000001dc  141		lui	$1, %hi(GUI_Context+10)
                           142	.L1000163:
        842c0000 000001e0  143		lh	$12, %lo(GUI_Context+10)($1)
        3c010000 000001e4  144		lui	$1, %hi(GUI_Context+14)
        001577c3 000001e8  145		sra	$14, $21, 31
        afac0084 000001ec  146		sw	$12, 132($sp)
        842c0000 000001f0  147		lh	$12, %lo(GUI_Context+14)($1)
        96010000 000001f4  148		lhu	$1, 0($16)
        a7a0003e 000001f8  149		sh	$0, 62($sp)
        afac0088 000001fc  150		sw	$12, 136($sp)
        960c0002 00000200  151		lhu	$12, 2($16)
        a3a0002b 00000204  152		sb	$0, 43($sp)
        afa10064 00000208  153		sw	$1, 100($sp)
        afac0094 0000020c  154		sw	$12, 148($sp)
        02ae6026 00000210  155		xor	$12, $21, $14
        018e6023 00000214  156		subu	$12, $12, $14
        afac0050 00000218  157		sw	$12, 80($sp)
        06a10014 0000021c  158		bgez	$21, .L168
        afb10030 00000220  159		sw	$17, 48($sp)
        0033c823 00000224  160		subu	$25, $1, $19
        2723ffff 00000228  161		addiu	$3, $25, -1
        006c0018 0000022c  162		mult	$3, $12
        0000c012 00000230  163		mflo	$24
        340503e8 00000234  164		ori	$5, $0, 1000
        8fa400a0 00000238  165		lw	$4, 160($sp)
        0305001a 0000023c  166		div	$0,$24, $5
        00007812 00000240  167		mflo	$15
        022f6023 00000244  168		subu	$12, $17, $15
        0c000000 00000248  169		jal	GUI__DivideRound32

                                   Tue Apr 07 08:53:59 2015           Page 5
                                   Tue Apr 07 08:53:59 2015       gh_2i05e.s
        afac0030 0000024c  170		sw	$12, 48($sp)
        34030001 00000250  171		ori	$3, $0, 1
        02426021 00000254  172		addu	$12, $18, $2
        afac0074 00000258  173		sw	$12, 116($sp)
        258c0001 0000025c  174		addiu	$12, $12, 1
        06c00012 00000260  175		bltz	$22, .L170
        afac0090 00000264  176		sw	$12, 144($sp)
        08000000 00000268  177		j	.L1000171
        afa3008c 0000026c  178		sw	$3, 140($sp)
                           179	.L168:
        026c0018 00000270  180		mult	$19, $12
        0000c012 00000274  181		mflo	$24
        340503e8 00000278  182		ori	$5, $0, 1000
        8fa400a0 0000027c  183		lw	$4, 160($sp)
        0305001a 00000280  184		div	$0,$24, $5
        00007812 00000284  185		mflo	$15
        022f6023 00000288  186		subu	$12, $17, $15
        0c000000 0000028c  187		jal	GUI__DivideRound32
        afac0030 00000290  188		sw	$12, 48($sp)
        34030001 00000294  189		ori	$3, $0, 1
        02426021 00000298  190		addu	$12, $18, $2
        afac0074 0000029c  191		sw	$12, 116($sp)
        258c0001 000002a0  192		addiu	$12, $12, 1
        06c10002 000002a4  193		bgez	$22, .L171
        afac0090 000002a8  194		sw	$12, 144($sp)
                           195	.L170:
        2403ffff 000002ac  196		addiu	$3, $0, -1
                           197	.L171:
        afa3008c 000002b0  198		sw	$3, 140($sp)
                           199	.L1000171:
        8e03000c 000002b4  200		lw	$3, 12($16)
        50600006 000002b8  201		beql	$3, $0, .L1000174
        8fac0098 000002bc  202		lw	$12, 152($sp)
        80780004 000002c0  203		lb	$24, 4($3)
        13000002 000002c4  204		beq	$24, $0, .L174
        340c0001 000002c8  205		ori	$12, $0, 1
        a3ac002b 000002cc  206		sb	$12, 43($sp)
                           207	.L174:
        8fac0098 000002d0  208		lw	$12, 152($sp)
                           209	.L1000174:
        afac00a4 000002d4  210		sw	$12, 164($sp)
        8fac0094 000002d8  211		lw	$12, 148($sp)
        afa0004c 000002dc  212		sw	$0, 76($sp)
        000cc02a 000002e0  213		slt	$24, $0, $12
        13000195 000002e4  214		beq	$24, $0, .L162
        00000000 000002e8  215		nop
        8fac0074 000002ec  216		lw	$12, 116($sp)
                           217	.L1000175:
        8fa400a4 000002f0  218		lw	$4, 164($sp)
        340503e8 000002f4  219		ori	$5, $0, 1000
        0c000000 000002f8  220		jal	GUI__DivideRound32
        afac00ac 000002fc  221		sw	$12, 172($sp)
        02426021 00000300  222		addu	$12, $18, $2
        afac0074 00000304  223		sw	$12, 116($sp)
        8fa100ac 00000308  224		lw	$1, 172($sp)
        8fac0090 0000030c  225		lw	$12, 144($sp)

                                   Tue Apr 07 08:53:59 2015           Page 6
                                   Tue Apr 07 08:53:59 2015       gh_2i05e.s
        102c0180 00000310  226		beq	$1, $12, .L208
        0015602a 00000314  227		slt	$12, $0, $21
        afac0078 00000318  228		sw	$12, 120($sp)
        83ac002b 0000031c  229		lb	$12, 43($sp)
        afa10090 00000320  230		sw	$1, 144($sp)
        000c602b 00000324  231		sltu	$12, $0, $12
        afac007c 00000328  232		sw	$12, 124($sp)
        8fac0084 0000032c  233		lw	$12, 132($sp)
                           234	.L1000177:
        8fa100ac 00000330  235		lw	$1, 172($sp)
        002c682a 00000334  236		slt	$13, $1, $12
        15a00166 00000338  237		bne	$13, $0, .L203
        00206025 0000033c  238		move	$12, $1
        8fa10088 00000340  239		lw	$1, 136($sp)
        002cc82a 00000344  240		slt	$25, $1, $12
        17200162 00000348  241		bne	$25, $0, .L203
        34140000 0000034c  242		ori	$20, $0, 0
        afa0002c 00000350  243		sw	$0, 44($sp)
        afa00060 00000354  244		sw	$0, 96($sp)
        a3a0002a 00000358  245		sb	$0, 42($sp)
        8fac0064 0000035c  246		lw	$12, 100($sp)
        afa00034 00000360  247		sw	$0, 52($sp)
        34010000 00000364  248		ori	$1, $0, 0
        002cc02a 00000368  249		slt	$24, $1, $12
        13000002 0000036c  250		beq	$24, $0, .L661
        241effff 00000370  251		addiu	$fp, $0, -1
        afac0060 00000374  252		sw	$12, 96($sp)
                           253	.L661:
        8fa10060 00000378  254		lw	$1, 96($sp)
        00016042 0000037c  255		srl	$12, $1, 1
        118000d1 00000380  256		beq	$12, $0, .L384
        afac0038 00000384  257		sw	$12, 56($sp)
        3c0c0000 00000388  258		lui	$12, %hi(GUI_Context)
        258c0000 0000038c  259		addiu	$12, $12, %lo(GUI_Context)
        afac0054 00000390  260		sw	$12, 84($sp)
        8fac007c 00000394  261		lw	$12, 124($sp)
        afac0058 00000398  262		sw	$12, 88($sp)
        8fac0078 0000039c  263		lw	$12, 120($sp)
        8fa10064 000003a0  264		lw	$1, 100($sp)
        afac005c 000003a4  265		sw	$12, 92($sp)
        242cfffe 000003a8  266		addiu	$12, $1, -2
        afac0044 000003ac  267		sw	$12, 68($sp)
        242cffff 000003b0  268		addiu	$12, $1, -1
        afac0048 000003b4  269		sw	$12, 72($sp)
                           270	.L385:
        8fac0050 000003b8  271		lw	$12, 80($sp)
        028ca021 000003bc  272		addu	$20, $20, $12
        2a8e03e8 000003c0  273		slti	$14, $20, 1000
        55c00058 000003c4  274		bnel	$14, $0, .L1000406
        8fac0050 000003c8  275		lw	$12, 80($sp)
        8fa1005c 000003cc  276		lw	$1, 92($sp)
        5020000b 000003d0  277		beql	$1, $0, .L1000388
        8fa50048 000003d4  278		lw	$5, 72($sp)
        8fa50034 000003d8  279		lw	$5, 52($sp)
        02002025 000003dc  280		move	$4, $16
        0c000000 000003e0  281		jal	GUI_GetBitmapPixelIndex

                                   Tue Apr 07 08:53:59 2015           Page 7
                                   Tue Apr 07 08:53:59 2015       gh_2i05e.s
        8fa6004c 000003e4  282		lw	$6, 76($sp)
        97ac003e 000003e8  283		lhu	$12, 62($sp)
        3057ffff 000003ec  284		andi	$23, $2, 65535
        16ec000c 000003f0  285		bne	$23, $12, .L391
        00000000 000003f4  286		nop
        08000000 000003f8  287		j	.L1000390
        2418ffff 000003fc  288		addiu	$24, $0, -1
                           289	.L1000388:
        02002025 00000400  290		move	$4, $16
        0c000000 00000404  291		jal	GUI_GetBitmapPixelIndex
        8fa6004c 00000408  292		lw	$6, 76($sp)
        97ac003e 0000040c  293		lhu	$12, 62($sp)
        3057ffff 00000410  294		andi	$23, $2, 65535
        16ec0003 00000414  295		bne	$23, $12, .L391
        2418ffff 00000418  296		addiu	$24, $0, -1
                           297	.L1000390:
        57d8003c 0000041c  298		bnel	$fp, $24, .L1000403
        8fa1002c 00000420  299		lw	$1, 44($sp)
                           300	.L391:
        56e00010 00000424  301		bnel	$23, $0, .L1000395
        83a1002a 00000428  302		lb	$1, 42($sp)
        8fa10058 0000042c  303		lw	$1, 88($sp)
        1020000d 00000430  304		beq	$1, $0, .L1000395
        83a1002a 00000434  305		lb	$1, 42($sp)
        50200034 00000438  306		beql	$1, $0, .L1000402
        a7b7003e 0000043c  307		sh	$23, 62($sp)
        8fa10030 00000440  308		lw	$1, 48($sp)
        8fac002c 00000444  309		lw	$12, 44($sp)
        8fa500ac 00000448  310		lw	$5, 172($sp)
        003e2021 0000044c  311		addu	$4, $1, $fp
        002cc021 00000450  312		addu	$24, $1, $12
        0c000000 00000454  313		jal	LCD_DrawHLine
        2706ffff 00000458  314		addiu	$6, $24, -1
        a7b7003e 0000045c  315		sh	$23, 62($sp)
        08000000 00000460  316		j	.L403
        a3a0002a 00000464  317		sb	$0, 42($sp)
                           318	.L1000395:
        5020000c 00000468  319		beql	$1, $0, .L1000398
        8e180010 0000046c  320		lw	$24, 16($16)
        240effff 00000470  321		addiu	$14, $0, -1
        53ce0009 00000474  322		beql	$fp, $14, .L1000398
        8e180010 00000478  323		lw	$24, 16($16)
        8fa10030 0000047c  324		lw	$1, 48($sp)
        8fac002c 00000480  325		lw	$12, 44($sp)
        8fa500ac 00000484  326		lw	$5, 172($sp)
        003e2021 00000488  327		addu	$4, $1, $fp
        002cc821 0000048c  328		addu	$25, $1, $12
        0c000000 00000490  329		jal	LCD_DrawHLine
        2726ffff 00000494  330		addiu	$6, $25, -1
        8e180010 00000498  331		lw	$24, 16($16)
                           332	.L1000398:
        340c0001 0000049c  333		ori	$12, $0, 1
        a3ac002a 000004a0  334		sb	$12, 42($sp)
        1300000d 000004a4  335		beq	$24, $0, .L400
        8fbe002c 000004a8  336		lw	$fp, 44($sp)
        8f0e0004 000004ac  337		lw	$14, 4($24)

                                   Tue Apr 07 08:53:59 2015           Page 8
                                   Tue Apr 07 08:53:59 2015       gh_2i05e.s
        01c0f809 000004b0  338		jalr	$14
        02e02025 000004b4  339		move	$4, $23
        8fae0054 000004b8  340		lw	$14, 84($sp)
        8dce004c 000004bc  341		lw	$14, 76($14)
        8dce0000 000004c0  342		lw	$14, 0($14)
        01c0f809 000004c4  343		jalr	$14
        00402025 000004c8  344		move	$4, $2
        0c000000 000004cc  345		jal	LCD_SetColorIndex
        00402025 000004d0  346		move	$4, $2
        08000000 000004d4  347		j	.L403
        a7b7003e 000004d8  348		sh	$23, 62($sp)
                           349	.L400:
        8fae0054 000004dc  350		lw	$14, 84($sp)
        8e0f000c 000004e0  351		lw	$15, 12($16)
        8dce004c 000004e4  352		lw	$14, 76($14)
        8def0008 000004e8  353		lw	$15, 8($15)
        8dce0000 000004ec  354		lw	$14, 0($14)
        0017c880 000004f0  355		sll	$25, $23, 2
        01f9c021 000004f4  356		addu	$24, $15, $25
        01c0f809 000004f8  357		jalr	$14
        8f040000 000004fc  358		lw	$4, 0($24)
        0c000000 00000500  359		jal	LCD_SetColorIndex
        00402025 00000504  360		move	$4, $2
        a7b7003e 00000508  361		sh	$23, 62($sp)
                           362	.L1000402:
                           363	.L403:
        8fa1002c 0000050c  364		lw	$1, 44($sp)
                           365	.L1000403:
        2694fc18 00000510  366		addiu	$20, $20, -1000
        2a8d03e8 00000514  367		slti	$13, $20, 1000
        242c0001 00000518  368		addiu	$12, $1, 1
        11a0fffb 0000051c  369		beq	$13, $0, .L403
        afac002c 00000520  370		sw	$12, 44($sp)
        8fac0050 00000524  371		lw	$12, 80($sp)
                           372	.L1000406:
        028ca021 00000528  373		addu	$20, $20, $12
        2a9903e8 0000052c  374		slti	$25, $20, 1000
        57200059 00000530  375		bnel	$25, $0, .L1000426
        8fa10044 00000534  376		lw	$1, 68($sp)
        8fa1005c 00000538  377		lw	$1, 92($sp)
        5020000c 0000053c  378		beql	$1, $0, .L1000409
        8fa50044 00000540  379		lw	$5, 68($sp)
        8fa10034 00000544  380		lw	$1, 52($sp)
        02002025 00000548  381		move	$4, $16
        8fa6004c 0000054c  382		lw	$6, 76($sp)
        0c000000 00000550  383		jal	GUI_GetBitmapPixelIndex
        24250001 00000554  384		addiu	$5, $1, 1
        97ac003e 00000558  385		lhu	$12, 62($sp)
        3057ffff 0000055c  386		andi	$23, $2, 65535
        16ec000c 00000560  387		bne	$23, $12, .L412
        00000000 00000564  388		nop
        08000000 00000568  389		j	.L1000411
        240effff 0000056c  390		addiu	$14, $0, -1
                           391	.L1000409:
        02002025 00000570  392		move	$4, $16
        0c000000 00000574  393		jal	GUI_GetBitmapPixelIndex

                                   Tue Apr 07 08:53:59 2015           Page 9
                                   Tue Apr 07 08:53:59 2015       gh_2i05e.s
        8fa6004c 00000578  394		lw	$6, 76($sp)
        97ac003e 0000057c  395		lhu	$12, 62($sp)
        3057ffff 00000580  396		andi	$23, $2, 65535
        16ec0003 00000584  397		bne	$23, $12, .L412
        240effff 00000588  398		addiu	$14, $0, -1
                           399	.L1000411:
        57ce003c 0000058c  400		bnel	$fp, $14, .L1000424
        8fa1002c 00000590  401		lw	$1, 44($sp)
                           402	.L412:
        56e00010 00000594  403		bnel	$23, $0, .L1000416
        83a1002a 00000598  404		lb	$1, 42($sp)
        8fa10058 0000059c  405		lw	$1, 88($sp)
        1020000d 000005a0  406		beq	$1, $0, .L1000416
        83a1002a 000005a4  407		lb	$1, 42($sp)
        50200034 000005a8  408		beql	$1, $0, .L1000423
        a7b7003e 000005ac  409		sh	$23, 62($sp)
        8fa10030 000005b0  410		lw	$1, 48($sp)
        8fac002c 000005b4  411		lw	$12, 44($sp)
        8fa500ac 000005b8  412		lw	$5, 172($sp)
        003e2021 000005bc  413		addu	$4, $1, $fp
        002c7021 000005c0  414		addu	$14, $1, $12
        0c000000 000005c4  415		jal	LCD_DrawHLine
        25c6ffff 000005c8  416		addiu	$6, $14, -1
        a7b7003e 000005cc  417		sh	$23, 62($sp)
        08000000 000005d0  418		j	.L424
        a3a0002a 000005d4  419		sb	$0, 42($sp)
                           420	.L1000416:
        5020000c 000005d8  421		beql	$1, $0, .L1000419
        8e0e0010 000005dc  422		lw	$14, 16($16)
        2419ffff 000005e0  423		addiu	$25, $0, -1
        53d90009 000005e4  424		beql	$fp, $25, .L1000419
        8e0e0010 000005e8  425		lw	$14, 16($16)
        8fa10030 000005ec  426		lw	$1, 48($sp)
        8fac002c 000005f0  427		lw	$12, 44($sp)
        8fa500ac 000005f4  428		lw	$5, 172($sp)
        003e2021 000005f8  429		addu	$4, $1, $fp
        002c7821 000005fc  430		addu	$15, $1, $12
        0c000000 00000600  431		jal	LCD_DrawHLine
        25e6ffff 00000604  432		addiu	$6, $15, -1
        8e0e0010 00000608  433		lw	$14, 16($16)
                           434	.L1000419:
        340c0001 0000060c  435		ori	$12, $0, 1
        a3ac002a 00000610  436		sb	$12, 42($sp)
        11c0000d 00000614  437		beq	$14, $0, .L421
        8fbe002c 00000618  438		lw	$fp, 44($sp)
        8dd90004 0000061c  439		lw	$25, 4($14)
        0320f809 00000620  440		jalr	$25
        02e02025 00000624  441		move	$4, $23
        8fb90054 00000628  442		lw	$25, 84($sp)
        8f39004c 0000062c  443		lw	$25, 76($25)
        8f390000 00000630  444		lw	$25, 0($25)
        0320f809 00000634  445		jalr	$25
        00402025 00000638  446		move	$4, $2
        0c000000 0000063c  447		jal	LCD_SetColorIndex
        00402025 00000640  448		move	$4, $2
        08000000 00000644  449		j	.L424

                                   Tue Apr 07 08:53:59 2015           Page 10
                                   Tue Apr 07 08:53:59 2015       gh_2i05e.s
        a7b7003e 00000648  450		sh	$23, 62($sp)
                           451	.L421:
        8fb90054 0000064c  452		lw	$25, 84($sp)
        8e0d000c 00000650  453		lw	$13, 12($16)
        8f39004c 00000654  454		lw	$25, 76($25)
        8dad0008 00000658  455		lw	$13, 8($13)
        8f390000 0000065c  456		lw	$25, 0($25)
        00177880 00000660  457		sll	$15, $23, 2
        01af7021 00000664  458		addu	$14, $13, $15
        0320f809 00000668  459		jalr	$25
        8dc40000 0000066c  460		lw	$4, 0($14)
        0c000000 00000670  461		jal	LCD_SetColorIndex
        00402025 00000674  462		move	$4, $2
        a7b7003e 00000678  463		sh	$23, 62($sp)
                           464	.L1000423:
                           465	.L424:
        8fa1002c 0000067c  466		lw	$1, 44($sp)
                           467	.L1000424:
        2694fc18 00000680  468		addiu	$20, $20, -1000
        2a9803e8 00000684  469		slti	$24, $20, 1000
        242c0001 00000688  470		addiu	$12, $1, 1
        1300fffb 0000068c  471		beq	$24, $0, .L424
        afac002c 00000690  472		sw	$12, 44($sp)
        8fa10044 00000694  473		lw	$1, 68($sp)
                           474	.L1000426:
        242cfffe 00000698  475		addiu	$12, $1, -2
        8fa10048 0000069c  476		lw	$1, 72($sp)
        afac0044 000006a0  477		sw	$12, 68($sp)
        242cfffe 000006a4  478		addiu	$12, $1, -2
        8fa10034 000006a8  479		lw	$1, 52($sp)
        afac0048 000006ac  480		sw	$12, 72($sp)
        242c0002 000006b0  481		addiu	$12, $1, 2
        8fa10038 000006b4  482		lw	$1, 56($sp)
        afac0034 000006b8  483		sw	$12, 52($sp)
        242cffff 000006bc  484		addiu	$12, $1, -1
        1580ff3d 000006c0  485		bne	$12, $0, .L385
        afac0038 000006c4  486		sw	$12, 56($sp)
                           487	.L384:
        8fa10060 000006c8  488		lw	$1, 96($sp)
        302c0001 000006cc  489		andi	$12, $1, 1
        11800076 000006d0  490		beq	$12, $0, .L201
        afac0038 000006d4  491		sw	$12, 56($sp)
        8fac002c 000006d8  492		lw	$12, 44($sp)
        8fa10030 000006dc  493		lw	$1, 48($sp)
        002c6821 000006e0  494		addu	$13, $1, $12
        25acffff 000006e4  495		addiu	$12, $13, -1
        afac00a8 000006e8  496		sw	$12, 168($sp)
        3c0c0000 000006ec  497		lui	$12, %hi(GUI_Context)
        258c0000 000006f0  498		addiu	$12, $12, %lo(GUI_Context)
        afac0068 000006f4  499		sw	$12, 104($sp)
        8fac007c 000006f8  500		lw	$12, 124($sp)
        8fa10064 000006fc  501		lw	$1, 100($sp)
        afac006c 00000700  502		sw	$12, 108($sp)
        8fac0034 00000704  503		lw	$12, 52($sp)
        002cc823 00000708  504		subu	$25, $1, $12
        272cffff 0000070c  505		addiu	$12, $25, -1

                                   Tue Apr 07 08:53:59 2015           Page 11
                                   Tue Apr 07 08:53:59 2015       gh_2i05e.s
        afac0040 00000710  506		sw	$12, 64($sp)
        8fac0078 00000714  507		lw	$12, 120($sp)
        afac0070 00000718  508		sw	$12, 112($sp)
                           509	.L429:
        8fac0050 0000071c  510		lw	$12, 80($sp)
        028ca021 00000720  511		addu	$20, $20, $12
        2a9803e8 00000724  512		slti	$24, $20, 1000
        57000057 00000728  513		bnel	$24, $0, .L1000449
        8fa10040 0000072c  514		lw	$1, 64($sp)
        8fa10070 00000730  515		lw	$1, 112($sp)
        5020000b 00000734  516		beql	$1, $0, .L1000432
        8fa50040 00000738  517		lw	$5, 64($sp)
        8fa50034 0000073c  518		lw	$5, 52($sp)
        02002025 00000740  519		move	$4, $16
        0c000000 00000744  520		jal	GUI_GetBitmapPixelIndex
        8fa6004c 00000748  521		lw	$6, 76($sp)
        97ac003e 0000074c  522		lhu	$12, 62($sp)
        3057ffff 00000750  523		andi	$23, $2, 65535
        16ec000c 00000754  524		bne	$23, $12, .L435
        00000000 00000758  525		nop
        08000000 0000075c  526		j	.L1000434
        240dffff 00000760  527		addiu	$13, $0, -1
                           528	.L1000432:
        02002025 00000764  529		move	$4, $16
        0c000000 00000768  530		jal	GUI_GetBitmapPixelIndex
        8fa6004c 0000076c  531		lw	$6, 76($sp)
        97ac003e 00000770  532		lhu	$12, 62($sp)
        3057ffff 00000774  533		andi	$23, $2, 65535
        16ec0003 00000778  534		bne	$23, $12, .L435
        240dffff 0000077c  535		addiu	$13, $0, -1
                           536	.L1000434:
        57cd0038 00000780  537		bnel	$fp, $13, .L1000447
        8fa100a8 00000784  538		lw	$1, 168($sp)
                           539	.L435:
        56e0000e 00000788  540		bnel	$23, $0, .L1000439
        83a1002a 0000078c  541		lb	$1, 42($sp)
        8fa1006c 00000790  542		lw	$1, 108($sp)
        1020000b 00000794  543		beq	$1, $0, .L1000439
        83a1002a 00000798  544		lb	$1, 42($sp)
        50200030 0000079c  545		beql	$1, $0, .L1000446
        a7b7003e 000007a0  546		sh	$23, 62($sp)
        8fa10030 000007a4  547		lw	$1, 48($sp)
        8fa500ac 000007a8  548		lw	$5, 172($sp)
        8fa600a8 000007ac  549		lw	$6, 168($sp)
        0c000000 000007b0  550		jal	LCD_DrawHLine
        003e2021 000007b4  551		addu	$4, $1, $fp
        a7b7003e 000007b8  552		sh	$23, 62($sp)
        08000000 000007bc  553		j	.L447
        a3a0002a 000007c0  554		sb	$0, 42($sp)
                           555	.L1000439:
        5020000a 000007c4  556		beql	$1, $0, .L1000442
        8e0f0010 000007c8  557		lw	$15, 16($16)
        2419ffff 000007cc  558		addiu	$25, $0, -1
        53d90007 000007d0  559		beql	$fp, $25, .L1000442
        8e0f0010 000007d4  560		lw	$15, 16($16)
        8fa10030 000007d8  561		lw	$1, 48($sp)

                                   Tue Apr 07 08:53:59 2015           Page 12
                                   Tue Apr 07 08:53:59 2015       gh_2i05e.s
        8fa500ac 000007dc  562		lw	$5, 172($sp)
        8fa600a8 000007e0  563		lw	$6, 168($sp)
        0c000000 000007e4  564		jal	LCD_DrawHLine
        003e2021 000007e8  565		addu	$4, $1, $fp
        8e0f0010 000007ec  566		lw	$15, 16($16)
                           567	.L1000442:
        340c0001 000007f0  568		ori	$12, $0, 1
        a3ac002a 000007f4  569		sb	$12, 42($sp)
        11e0000d 000007f8  570		beq	$15, $0, .L444
        8fbe002c 000007fc  571		lw	$fp, 44($sp)
        8ded0004 00000800  572		lw	$13, 4($15)
        01a0f809 00000804  573		jalr	$13
        02e02025 00000808  574		move	$4, $23
        8fad0068 0000080c  575		lw	$13, 104($sp)
        8dad004c 00000810  576		lw	$13, 76($13)
        8dad0000 00000814  577		lw	$13, 0($13)
        01a0f809 00000818  578		jalr	$13
        00402025 0000081c  579		move	$4, $2
        0c000000 00000820  580		jal	LCD_SetColorIndex
        00402025 00000824  581		move	$4, $2
        08000000 00000828  582		j	.L447
        a7b7003e 0000082c  583		sh	$23, 62($sp)
                           584	.L444:
        8fad0068 00000830  585		lw	$13, 104($sp)
        8e0e000c 00000834  586		lw	$14, 12($16)
        8dad004c 00000838  587		lw	$13, 76($13)
        8dce0008 0000083c  588		lw	$14, 8($14)
        8dad0000 00000840  589		lw	$13, 0($13)
        0017c080 00000844  590		sll	$24, $23, 2
        01d87821 00000848  591		addu	$15, $14, $24
        01a0f809 0000084c  592		jalr	$13
        8de40000 00000850  593		lw	$4, 0($15)
        0c000000 00000854  594		jal	LCD_SetColorIndex
        00402025 00000858  595		move	$4, $2
        a7b7003e 0000085c  596		sh	$23, 62($sp)
                           597	.L1000446:
                           598	.L447:
        8fa100a8 00000860  599		lw	$1, 168($sp)
                           600	.L1000447:
        2694fc18 00000864  601		addiu	$20, $20, -1000
        242c0001 00000868  602		addiu	$12, $1, 1
        8fa1002c 0000086c  603		lw	$1, 44($sp)
        afac00a8 00000870  604		sw	$12, 168($sp)
        2a9903e8 00000874  605		slti	$25, $20, 1000
        242c0001 00000878  606		addiu	$12, $1, 1
        1320fff8 0000087c  607		beq	$25, $0, .L447
        afac002c 00000880  608		sw	$12, 44($sp)
        8fa10040 00000884  609		lw	$1, 64($sp)
                           610	.L1000449:
        242cffff 00000888  611		addiu	$12, $1, -1
        8fa10034 0000088c  612		lw	$1, 52($sp)
        afac0040 00000890  613		sw	$12, 64($sp)
        242c0001 00000894  614		addiu	$12, $1, 1
        8fa10038 00000898  615		lw	$1, 56($sp)
        afac0034 0000089c  616		sw	$12, 52($sp)
        242cffff 000008a0  617		addiu	$12, $1, -1

                                   Tue Apr 07 08:53:59 2015           Page 13
                                   Tue Apr 07 08:53:59 2015       gh_2i05e.s
        1580ff9d 000008a4  618		bne	$12, $0, .L429
        afac0038 000008a8  619		sw	$12, 56($sp)
                           620	.L201:
        83a1002a 000008ac  621		lb	$1, 42($sp)
        50200009 000008b0  622		beql	$1, $0, .L1000203
        8fa100ac 000008b4  623		lw	$1, 172($sp)
        8fa10030 000008b8  624		lw	$1, 48($sp)
        8fac002c 000008bc  625		lw	$12, 44($sp)
        8fa500ac 000008c0  626		lw	$5, 172($sp)
        003e2021 000008c4  627		addu	$4, $1, $fp
        002c7021 000008c8  628		addu	$14, $1, $12
        0c000000 000008cc  629		jal	LCD_DrawHLine
        25c6ffff 000008d0  630		addiu	$6, $14, -1
                           631	.L203:
        8fa100ac 000008d4  632		lw	$1, 172($sp)
                           633	.L1000203:
        8fac008c 000008d8  634		lw	$12, 140($sp)
        002c6021 000008dc  635		addu	$12, $1, $12
        06c10007 000008e0  636		bgez	$22, .L205
        afac00ac 000008e4  637		sw	$12, 172($sp)
        8fa10074 000008e8  638		lw	$1, 116($sp)
        002c182a 000008ec  639		slt	$3, $1, $12
        5460fe8f 000008f0  640		bnel	$3, $0, .L1000177
        8fac0084 000008f4  641		lw	$12, 132($sp)
        08000000 000008f8  642		j	.L1000208
        8fa100a4 000008fc  643		lw	$1, 164($sp)
                           644	.L205:
        01800825 00000900  645		move	$1, $12
        8fac0074 00000904  646		lw	$12, 116($sp)
        002c182a 00000908  647		slt	$3, $1, $12
        5460fe88 0000090c  648		bnel	$3, $0, .L1000177
        8fac0084 00000910  649		lw	$12, 132($sp)
                           650	.L208:
        8fa100a4 00000914  651		lw	$1, 164($sp)
                           652	.L1000208:
        00366021 00000918  653		addu	$12, $1, $22
        8fa1004c 0000091c  654		lw	$1, 76($sp)
        afac00a4 00000920  655		sw	$12, 164($sp)
        8fac0094 00000924  656		lw	$12, 148($sp)
        24210001 00000928  657		addiu	$1, $1, 1
        afa1004c 0000092c  658		sw	$1, 76($sp)
        002cc02a 00000930  659		slt	$24, $1, $12
        5700fe6e 00000934  660		bnel	$24, $0, .L1000175
        8fac0074 00000938  661		lw	$12, 116($sp)
                           662	.L162:
        0c000000 0000093c  663		jal	WM__GetNextIVR
        00000000 00000940  664		nop
        5440fe26 00000944  665		bnel	$2, $0, .L1000163
        3c010000 00000948  666		lui	$1, %hi(GUI_Context+10)
                           667	.L159:
        0c000000 0000094c  668		jal	GUI_SetColor
        8fa4009c 00000950  669		lw	$4, 156($sp)
        0c000000 00000954  670		jal	GUI_Unlock
        00000000 00000958  671		nop
                           672	 #	    .ef
        8fb60018 0000095c  673		lw	$22, 24($sp)

                                   Tue Apr 07 08:53:59 2015           Page 14
                                   Tue Apr 07 08:53:59 2015       gh_2i05e.s
        8fb50014 00000960  674		lw	$21, 20($sp)
        8fb40010 00000964  675		lw	$20, 16($sp)
        8fb3000c 00000968  676		lw	$19, 12($sp)
        8fb20008 0000096c  677		lw	$18, 8($sp)
        8fb10004 00000970  678		lw	$17, 4($sp)
        8fb00000 00000974  679		lw	$16, 0($sp)
        8fbf00bc 00000978  680		lw	$ra, 188($sp)
        8fb7001c 0000097c  681		lw	$23, 28($sp)
        8fbe0020 00000980  682		lw	$fp, 32($sp)
        03e00008 00000984  683		jr	$ra
        27bd00c0 00000988  684		addiu	$sp, $sp, 192
                           685		.type	GUI_DrawBitmapEx,@function
                           686		.size	GUI_DrawBitmapEx,.-GUI_DrawBitmapEx
                           687		.align	4
                           688	 #OldColor	156($sp)	local
                           689	 #r	176($sp)	local
                           690	 #x0	48($sp)	local
                           691	 #Index	$23	local
                           692	 #IndexPrev	62($sp)	local
                           693	 #Color	$4	local
                           694	 #x	44($sp)	local
                           695	 #y	172($sp)	local
                           696	 #xi	52($sp)	local
                           697	 #yi	76($sp)	local
                           698	 #xSize	100($sp)	local
                           699	 #ySize	148($sp)	local
                           700	 #xStart	$fp	local
                           701	 #xMagAbs	80($sp)	local
                           702	 #xiMag	$20	local
                           703	 #yMin	132($sp)	local
                           704	 #yMax	136($sp)	local
                           705	 #yEnd	116($sp)	local
                           706	 #yPrev	144($sp)	local
                           707	 #yStep	140($sp)	local
                           708	 #Cached	42($sp)	local
                           709	 #HasTrans	43($sp)	local
                           710	
                           711	 #pBitmap	$16	param
                           712	 #x0	$17	param
                           713	 #y0	$18	param
                           714	 #xCenter	$19	param
                           715	 #yCenter	$20	param
                           716	 #xMag	$21	param
                           717	 #yMag	$22	param
                           718	
                           719		.data
                           720	.L660:
                           721		.text
                           722		.align	4
                           723	 #GUI_Context	GUI_Context	import
                           724	
                           725		.data
                           726		.text
