
                                   Tue Apr 07 08:55:53 2015           Page 1
                                   Tue Apr 07 08:55:53 2015       gh_2i07t.s
Command Line:   C:\GHS\V35\mips35\asmips.exe -noundefined -elf -b0
                -IC:\local\Workspace\DC_V04.01.00_int\cu3x1Platform_SRC\emWinColour
                -IC:\local\Workspace\DC_V04.01.00_int\cu3x1Platform_SRC\platform\include
                -IC:\local\Workspace\DC_V04.01.00_int\cu3x1Platform_SRC\platform\common
                -IC:\local\Workspace\DC_V04.01.00_int\cu3x1Platform_SRC\platform\hardware
                -IC:\local\Workspace\DC_V04.01.00_int\cu3x1Platform_SRC\platform\hardware\D3018X
                -IC:\local\Workspace\DC_V04.01.00_int\cu3x1Platform_SRC\embos\inc
                -IC:\local\Workspace\DC_V04.01.00_int\cu3x1Platform_SRC\emWinColour\config
                -IC:\local\Workspace\DC_V04.01.00_int\cu3x1Platform_SRC\emWinColour\gui\ConvertMono
                -IC:\local\Workspace\DC_V04.01.00_int\cu3x1Platform_SRC\emWinColour\gui\Core
                -IC:\local\Workspace\DC_V04.01.00_int\cu3x1Platform_SRC\emWinColour\gui\Font
                -IC:\local\Workspace\DC_V04.01.00_int\cu3x1Platform_SRC\emWinColour\gui\LCDDriver
                -IC:\local\Workspace\DC_V04.01.00_int\cu3x1Platform_SRC\emWinColour\gui\MemDev
                -IC:\local\Workspace\DC_V04.01.00_int\cu3x1Platform_SRC\emWinColour\gui\VNC
                -IC:\local\Workspace\DC_V04.01.00_int\cu3x1Platform_SRC\emWinColour\gui\Widget
                -IC:\local\Workspace\DC_V04.01.00_int\cu3x1Platform_SRC\emWinColour\gui\wm
                -IC:\local\Workspace\DC_V04.01.00_int\cu3x1App_SRC\Control\source
                -IC:\local\Workspace\DC_V04.01.00_int\cu3x1App_SRC\Control\source\include
                -IC:\local\Workspace\DC_V04.01.00_int\cu3x1App_SRC\Control\source\util
                -IC:\local\Workspace\DC_V04.01.00_int\cu3x1App_SRC\Control\source\datapoint
                -IC:\local\Workspace\DC_V04.01.00_int\cu3x1App_SRC\Control\source\factory
                -IC:\local\Workspace\DC_V04.01.00_int\cu3x1Platform_SRC\embos
                -IC:\local\Workspace\DC_V04.01.00_int\cu3x1Platform_SRC\emWinColour\gui\core
                -IC:\local\Workspace\DC_V04.01.00_int\cu3x1App_SRC\Control\source\rtip\webpage
                -IC:\local\Workspace\DC_V04.01.00_int\cu3x1App_SRC\Control\source\rtip\config
                -IC:\local\Workspace\DC_V04.01.00_int\cu3x1App_SRC\Control\source\rtip\xnet
                -IC:\local\Workspace\DC_V04.01.00_int\cu3x1App_SRC\Control\source\stub
                -IC:\local\Workspace\DC_V04.01.00_int\cu3x1App_SRC\Control\source\test
                -IC:\local\Workspace\DC_V04.01.00_int\cu3x1App_SRC\Control\source\GENIpro
                -IC:\local\Workspace\DC_V04.01.00_int\cu3x1App_SRC\Control\source\GENIpro\GENI_sys
                -IC:\local\Workspace\DC_V04.01.00_int\cu3x1App_SRC\Control\source\GENIpro\GENIusb\emUSB\USB\Driver
                -IC:\local\Workspace\DC_V04.01.00_int\cu3x1App_SRC\Control\source\application\intercom
                -IC:\local\Workspace\DC_V04.01.00_int\cu3x1App_SRC\Control\source\application\controller
                -IC:\local\Workspace\DC_V04.01.00_int\cu3x1App_SRC\Control\source\application\driver
                -IC:\local\Workspace\DC_V04.01.00_int\cu3x1App_SRC\Control\source\application\webif
                -IC:\local\Workspace\DC_V04.01.00_int\cu3x1App_SRC\Control\source\application\relay
                -IC:\local\Workspace\DC_V04.01.00_int\cu3x1App_SRC\Control\source\application\GENIApp
                -IC:\local\Workspace\DC_V04.01.00_int\cu3x1App_SRC\Control\source\application\alarm
                -IC:\local\Workspace\DC_V04.01.00_int\cu3x1App_SRC\Control\source\application\config
                -IC:\local\Workspace\DC_V04.01.00_int\cu3x1App_SRC\Control\source\application\AnaInConfigCtrl
                -IC:\local\Workspace\DC_V04.01.00_int\cu3x1App_SRC\Control\source\application\Sms
                -IC:\local\Workspace\DC_V04.01.00_int\cu3x1App_SRC\Control\source\application\display
                -IC:\local\Workspace\DC_V04.01.00_int\cu3x1App_SRC\Control\source\application\display\display_task
                -IC:\local\Workspace\DC_V04.01.00_int\cu3x1App_SRC\Control\source\application\display\gui_utility
                -IC:\local\Workspace\DC_V04.01.00_int\cu3x1App_SRC\Control\source\application\display\mpcunit
                -IC:\local\Workspace\DC_V04.01.00_int\cu3x1App_SRC\Control\source\GeniPro
                -IC:\local\Workspace\DC_V04.01.00_int\cu3x1App_SRC\Control\source\GeniPro\GENI_sys
                -IC:\local\Workspace\DC_V04.01.00_int\cu3x1App_SRC\Control\source\GeniPro\GENIbus
                -IC:\local\Workspace\DC_V04.01.00_int\cu3x1App_SRC\Control\source\GeniPro\GENIcom
                -IC:\local\Workspace\DC_V04.01.00_int\cu3x1App_SRC\Control\source\GeniPro\GENIrs232
                -IC:\local\Workspace\DC_V04.01.00_int\cu3x1App_SRC\Control\source\GeniPro\Virtual
                -IC:\local\Workspace\DC_V04.01.00_int\cu3x1Platform_SRC\Platform\common
                -IC:\local\Workspace\DC_V04.01.00_int\cu3x1Platform_SRC\Platform\hardware
                -IC:\local\Workspace\DC_V04.01.00_int\cu3x1Platform_SRC\Platform\hardware\D3018X
                -IC:\local\Workspace\DC_V04.01.00_int\cu3x1App_SRC\Control\source\application\display\imagesTFT
                -IC:\GHS\V35\mips35\mipsl_sf -r4121
                -source=GUI_UC_ConvertUC2UTF8.c -o objs\gh_2i07t.o
                -list=objs\GUI_UC_ConvertUC2UTF8.lst
                C:\Users\55602\AppData\Local\Temp\gh_2i07t.s
Source File:    C:\Users\55602\AppData\Local\Temp\gh_2i07t.s
Directory:      C:\local\Workspace\DC_V04.01.00_int\cu3x1App_SRC\Control\source
Host OS:        GHS_WIN32
Version:        AS-MIPS 3.5#11 
Release:        MULTI 2000, MIPS v3.5
Revision Date:  Wed Feb 27 12:19:03 2002
Release Date:   Sat Mar 02 02:57:59 2002
                             1	 #Source File:   C:\local\Workspace\DC_V04.01.00_int\cu3x1Platform_SRC\emWinColour\GUI\Core\GUI_UC_ConvertUC2UTF8.c

                                   Tue Apr 07 08:55:53 2015           Page 2
                                   Tue Apr 07 08:55:53 2015       gh_2i07t.s
                             2	 #Directory:     
                             3	 #		C:\local\Workspace\DC_V04.01.00_int\cu3x1App_SRC\Control\source
                             4	 #Compile Date:  Tue Apr 07 08:55:53 2015
                             5	 #Host OS:       Win32
                             6	 #Version:       C-MIPS 3.5#11 RELEASE VERSION
                             7	 #Release:       MULTI 2000, MIPS v3.5
                             8	 #Revision Date: Fri Mar 01 11:32:40 2002
                             9	 #Release Date:  Sat Mar 02 02:58:48 2002
                            10		.set	noat
                            11		.set	noreorder
                            12		.set	nomacro
                            13		.text
                            14		.align	4
                            15		.globl	GUI_UC_ConvertUC2UTF8
                            16	GUI_UC_ConvertUC2UTF8:
        27bdffd8 00000000   17		addiu	$sp, $sp, -40
                            18	 #	    .bf
        afbf0024 00000004   19		sw	$ra, 36($sp)
        afb60018 00000008   20		sw	$22, 24($sp)
        afb50014 0000000c   21		sw	$21, 20($sp)
        afb00000 00000010   22		sw	$16, 0($sp)
        00808025 00000014   23		move	$16, $4
        afb10004 00000018   24		sw	$17, 4($sp)
        00a08825 0000001c   25		move	$17, $5
        afb20008 00000020   26		sw	$18, 8($sp)
        00c09025 00000024   27		move	$18, $6
        afb3000c 00000028   28		sw	$19, 12($sp)
        00e09825 0000002c   29		move	$19, $7
        afb40010 00000030   30		sw	$20, 16($sp)
        34140000 00000034   31		ori	$20, $0, 0
        0c000000 00000038   32		jal	GUI_Lock
        2631ffff 0000003c   33		addiu	$17, $17, -1
        26360001 00000040   34		addiu	$22, $17, 1
        0016a8c2 00000044   35		srl	$21, $22, 3
        12a0005a 00000048   36		beq	$21, $0, .L27
                            37	.L28:
        02402025 0000004c   38		move	$4, $18
        0c000000 00000050   39		jal	GUI_UC_Encode
        96050000 00000054   40		lhu	$5, 0($16)
        00401825 00000058   41		move	$3, $2
        02831021 0000005c   42		addu	$2, $20, $3
        0262c02a 00000060   43		slt	$24, $19, $2
        17000063 00000064   44		bne	$24, $0, .L9
        26100002 00000068   45		addiu	$16, $16, 2
        0040a025 0000006c   46		move	$20, $2
        2631ffff 00000070   47		addiu	$17, $17, -1
        02439021 00000074   48		addu	$18, $18, $3
        02402025 00000078   49		move	$4, $18
        0c000000 0000007c   50		jal	GUI_UC_Encode
        96050000 00000080   51		lhu	$5, 0($16)
        00401825 00000084   52		move	$3, $2
        02831021 00000088   53		addu	$2, $20, $3
        0262782a 0000008c   54		slt	$15, $19, $2
        15e00058 00000090   55		bne	$15, $0, .L9
        26100002 00000094   56		addiu	$16, $16, 2
        0040a025 00000098   57		move	$20, $2

                                   Tue Apr 07 08:55:53 2015           Page 3
                                   Tue Apr 07 08:55:53 2015       gh_2i07t.s
        2631ffff 0000009c   58		addiu	$17, $17, -1
        02439021 000000a0   59		addu	$18, $18, $3
        02402025 000000a4   60		move	$4, $18
        0c000000 000000a8   61		jal	GUI_UC_Encode
        96050000 000000ac   62		lhu	$5, 0($16)
        00401825 000000b0   63		move	$3, $2
        02831021 000000b4   64		addu	$2, $20, $3
        0262702a 000000b8   65		slt	$14, $19, $2
        15c0004d 000000bc   66		bne	$14, $0, .L9
        26100002 000000c0   67		addiu	$16, $16, 2
        0040a025 000000c4   68		move	$20, $2
        2631ffff 000000c8   69		addiu	$17, $17, -1
        02439021 000000cc   70		addu	$18, $18, $3
        02402025 000000d0   71		move	$4, $18
        0c000000 000000d4   72		jal	GUI_UC_Encode
        96050000 000000d8   73		lhu	$5, 0($16)
        00401825 000000dc   74		move	$3, $2
        02831021 000000e0   75		addu	$2, $20, $3
        0262682a 000000e4   76		slt	$13, $19, $2
        15a00042 000000e8   77		bne	$13, $0, .L9
        26100002 000000ec   78		addiu	$16, $16, 2
        0040a025 000000f0   79		move	$20, $2
        2631ffff 000000f4   80		addiu	$17, $17, -1
        02439021 000000f8   81		addu	$18, $18, $3
        02402025 000000fc   82		move	$4, $18
        0c000000 00000100   83		jal	GUI_UC_Encode
        96050000 00000104   84		lhu	$5, 0($16)
        00401825 00000108   85		move	$3, $2
        02831021 0000010c   86		addu	$2, $20, $3
        0262c82a 00000110   87		slt	$25, $19, $2
        17200037 00000114   88		bne	$25, $0, .L9
        26100002 00000118   89		addiu	$16, $16, 2
        0040a025 0000011c   90		move	$20, $2
        2631ffff 00000120   91		addiu	$17, $17, -1
        02439021 00000124   92		addu	$18, $18, $3
        02402025 00000128   93		move	$4, $18
        0c000000 0000012c   94		jal	GUI_UC_Encode
        96050000 00000130   95		lhu	$5, 0($16)
        00401825 00000134   96		move	$3, $2
        02831021 00000138   97		addu	$2, $20, $3
        0262c02a 0000013c   98		slt	$24, $19, $2
        1700002c 00000140   99		bne	$24, $0, .L9
        26100002 00000144  100		addiu	$16, $16, 2
        0040a025 00000148  101		move	$20, $2
        2631ffff 0000014c  102		addiu	$17, $17, -1
        02439021 00000150  103		addu	$18, $18, $3
        02402025 00000154  104		move	$4, $18
        0c000000 00000158  105		jal	GUI_UC_Encode
        96050000 0000015c  106		lhu	$5, 0($16)
        00401825 00000160  107		move	$3, $2
        02831021 00000164  108		addu	$2, $20, $3
        0262782a 00000168  109		slt	$15, $19, $2
        15e00021 0000016c  110		bne	$15, $0, .L9
        26100002 00000170  111		addiu	$16, $16, 2
        0040a025 00000174  112		move	$20, $2
        2631ffff 00000178  113		addiu	$17, $17, -1

                                   Tue Apr 07 08:55:53 2015           Page 4
                                   Tue Apr 07 08:55:53 2015       gh_2i07t.s
        02439021 0000017c  114		addu	$18, $18, $3
        02402025 00000180  115		move	$4, $18
        0c000000 00000184  116		jal	GUI_UC_Encode
        96050000 00000188  117		lhu	$5, 0($16)
        00401825 0000018c  118		move	$3, $2
        02831021 00000190  119		addu	$2, $20, $3
        0262702a 00000194  120		slt	$14, $19, $2
        15c00016 00000198  121		bne	$14, $0, .L9
        26100002 0000019c  122		addiu	$16, $16, 2
        2631ffff 000001a0  123		addiu	$17, $17, -1
        0040a025 000001a4  124		move	$20, $2
        26b5ffff 000001a8  125		addiu	$21, $21, -1
        16a0ffa7 000001ac  126		bne	$21, $0, .L28
        02439021 000001b0  127		addu	$18, $18, $3
                           128	.L27:
        32d50007 000001b4  129		andi	$21, $22, 7
        12a0000e 000001b8  130		beq	$21, $0, .L9
        00000000 000001bc  131		nop
                           132	.L54:
        02402025 000001c0  133		move	$4, $18
        0c000000 000001c4  134		jal	GUI_UC_Encode
        96050000 000001c8  135		lhu	$5, 0($16)
        00401825 000001cc  136		move	$3, $2
        02831021 000001d0  137		addu	$2, $20, $3
        0262c02a 000001d4  138		slt	$24, $19, $2
        17000006 000001d8  139		bne	$24, $0, .L9
        26100002 000001dc  140		addiu	$16, $16, 2
        2631ffff 000001e0  141		addiu	$17, $17, -1
        0040a025 000001e4  142		move	$20, $2
        26b5ffff 000001e8  143		addiu	$21, $21, -1
        16a0fff4 000001ec  144		bne	$21, $0, .L54
        02439021 000001f0  145		addu	$18, $18, $3
                           146	.L9:
        0c000000 000001f4  147		jal	GUI_Unlock
        00000000 000001f8  148		nop
                           149	 #	    .ef
        02801025 000001fc  150		move	$2, $20
        8fb40010 00000200  151		lw	$20, 16($sp)
        8fb3000c 00000204  152		lw	$19, 12($sp)
        8fb20008 00000208  153		lw	$18, 8($sp)
        8fb10004 0000020c  154		lw	$17, 4($sp)
        8fb00000 00000210  155		lw	$16, 0($sp)
        8fbf0024 00000214  156		lw	$ra, 36($sp)
        8fb50014 00000218  157		lw	$21, 20($sp)
        8fb60018 0000021c  158		lw	$22, 24($sp)
        03e00008 00000220  159		jr	$ra
        27bd0028 00000224  160		addiu	$sp, $sp, 40
                           161		.type	GUI_UC_ConvertUC2UTF8,@function
                           162		.size	GUI_UC_ConvertUC2UTF8,.-GUI_UC_ConvertUC2UTF8
                           163		.align	4
                           164	 #LenDest	$20	local
                           165	 #NumBytes	$3	local
                           166	
                           167	 #s	$16	param
                           168	 #Len	$17	param
                           169	 #pBuffer	$18	param

                                   Tue Apr 07 08:55:53 2015           Page 5
                                   Tue Apr 07 08:55:53 2015       gh_2i07t.s
                           170	 #BufferSize	$19	param
                           171	
                           172		.data
                           173	.L131:
                           174		.text
                           175		.align	4
                           176	
                           177		.data
                           178		.text
