
                                   Tue Apr 07 08:53:58 2015           Page 1
                                   Tue Apr 07 08:53:57 2015       gh_2i05d.s
Command Line:   C:\GHS\V35\mips35\asmips.exe -noundefined -elf -b0
                -IC:\local\Workspace\DC_V04.01.00_int\cu3x1Platform_SRC\emWinColour
                -IC:\local\Workspace\DC_V04.01.00_int\cu3x1Platform_SRC\platform\include
                -IC:\local\Workspace\DC_V04.01.00_int\cu3x1Platform_SRC\platform\common
                -IC:\local\Workspace\DC_V04.01.00_int\cu3x1Platform_SRC\platform\hardware
                -IC:\local\Workspace\DC_V04.01.00_int\cu3x1Platform_SRC\platform\hardware\D3018X
                -IC:\local\Workspace\DC_V04.01.00_int\cu3x1Platform_SRC\embos\inc
                -IC:\local\Workspace\DC_V04.01.00_int\cu3x1Platform_SRC\emWinColour\config
                -IC:\local\Workspace\DC_V04.01.00_int\cu3x1Platform_SRC\emWinColour\gui\ConvertMono
                -IC:\local\Workspace\DC_V04.01.00_int\cu3x1Platform_SRC\emWinColour\gui\Core
                -IC:\local\Workspace\DC_V04.01.00_int\cu3x1Platform_SRC\emWinColour\gui\Font
                -IC:\local\Workspace\DC_V04.01.00_int\cu3x1Platform_SRC\emWinColour\gui\LCDDriver
                -IC:\local\Workspace\DC_V04.01.00_int\cu3x1Platform_SRC\emWinColour\gui\MemDev
                -IC:\local\Workspace\DC_V04.01.00_int\cu3x1Platform_SRC\emWinColour\gui\VNC
                -IC:\local\Workspace\DC_V04.01.00_int\cu3x1Platform_SRC\emWinColour\gui\Widget
                -IC:\local\Workspace\DC_V04.01.00_int\cu3x1Platform_SRC\emWinColour\gui\wm
                -IC:\local\Workspace\DC_V04.01.00_int\cu3x1App_SRC\Control\source
                -IC:\local\Workspace\DC_V04.01.00_int\cu3x1App_SRC\Control\source\include
                -IC:\local\Workspace\DC_V04.01.00_int\cu3x1App_SRC\Control\source\util
                -IC:\local\Workspace\DC_V04.01.00_int\cu3x1App_SRC\Control\source\datapoint
                -IC:\local\Workspace\DC_V04.01.00_int\cu3x1App_SRC\Control\source\factory
                -IC:\local\Workspace\DC_V04.01.00_int\cu3x1Platform_SRC\embos
                -IC:\local\Workspace\DC_V04.01.00_int\cu3x1Platform_SRC\emWinColour\gui\core
                -IC:\local\Workspace\DC_V04.01.00_int\cu3x1App_SRC\Control\source\rtip\webpage
                -IC:\local\Workspace\DC_V04.01.00_int\cu3x1App_SRC\Control\source\rtip\config
                -IC:\local\Workspace\DC_V04.01.00_int\cu3x1App_SRC\Control\source\rtip\xnet
                -IC:\local\Workspace\DC_V04.01.00_int\cu3x1App_SRC\Control\source\stub
                -IC:\local\Workspace\DC_V04.01.00_int\cu3x1App_SRC\Control\source\test
                -IC:\local\Workspace\DC_V04.01.00_int\cu3x1App_SRC\Control\source\GENIpro
                -IC:\local\Workspace\DC_V04.01.00_int\cu3x1App_SRC\Control\source\GENIpro\GENI_sys
                -IC:\local\Workspace\DC_V04.01.00_int\cu3x1App_SRC\Control\source\GENIpro\GENIusb\emUSB\USB\Driver
                -IC:\local\Workspace\DC_V04.01.00_int\cu3x1App_SRC\Control\source\application\intercom
                -IC:\local\Workspace\DC_V04.01.00_int\cu3x1App_SRC\Control\source\application\controller
                -IC:\local\Workspace\DC_V04.01.00_int\cu3x1App_SRC\Control\source\application\driver
                -IC:\local\Workspace\DC_V04.01.00_int\cu3x1App_SRC\Control\source\application\webif
                -IC:\local\Workspace\DC_V04.01.00_int\cu3x1App_SRC\Control\source\application\relay
                -IC:\local\Workspace\DC_V04.01.00_int\cu3x1App_SRC\Control\source\application\GENIApp
                -IC:\local\Workspace\DC_V04.01.00_int\cu3x1App_SRC\Control\source\application\alarm
                -IC:\local\Workspace\DC_V04.01.00_int\cu3x1App_SRC\Control\source\application\config
                -IC:\local\Workspace\DC_V04.01.00_int\cu3x1App_SRC\Control\source\application\AnaInConfigCtrl
                -IC:\local\Workspace\DC_V04.01.00_int\cu3x1App_SRC\Control\source\application\Sms
                -IC:\local\Workspace\DC_V04.01.00_int\cu3x1App_SRC\Control\source\application\display
                -IC:\local\Workspace\DC_V04.01.00_int\cu3x1App_SRC\Control\source\application\display\display_task
                -IC:\local\Workspace\DC_V04.01.00_int\cu3x1App_SRC\Control\source\application\display\gui_utility
                -IC:\local\Workspace\DC_V04.01.00_int\cu3x1App_SRC\Control\source\application\display\mpcunit
                -IC:\local\Workspace\DC_V04.01.00_int\cu3x1App_SRC\Control\source\GeniPro
                -IC:\local\Workspace\DC_V04.01.00_int\cu3x1App_SRC\Control\source\GeniPro\GENI_sys
                -IC:\local\Workspace\DC_V04.01.00_int\cu3x1App_SRC\Control\source\GeniPro\GENIbus
                -IC:\local\Workspace\DC_V04.01.00_int\cu3x1App_SRC\Control\source\GeniPro\GENIcom
                -IC:\local\Workspace\DC_V04.01.00_int\cu3x1App_SRC\Control\source\GeniPro\GENIrs232
                -IC:\local\Workspace\DC_V04.01.00_int\cu3x1App_SRC\Control\source\GeniPro\Virtual
                -IC:\local\Workspace\DC_V04.01.00_int\cu3x1Platform_SRC\Platform\common
                -IC:\local\Workspace\DC_V04.01.00_int\cu3x1Platform_SRC\Platform\hardware
                -IC:\local\Workspace\DC_V04.01.00_int\cu3x1Platform_SRC\Platform\hardware\D3018X
                -IC:\local\Workspace\DC_V04.01.00_int\cu3x1App_SRC\Control\source\application\display\imagesTFT
                -IC:\GHS\V35\mips35\mipsl_sf -r4121 -source=GUI_DrawBitmap.c -o
                objs\gh_2i05d.o -list=objs\GUI_DrawBitmap.lst
                C:\Users\55602\AppData\Local\Temp\gh_2i05d.s
Source File:    C:\Users\55602\AppData\Local\Temp\gh_2i05d.s
Directory:      C:\local\Workspace\DC_V04.01.00_int\cu3x1App_SRC\Control\source
Host OS:        GHS_WIN32
Version:        AS-MIPS 3.5#11 
Release:        MULTI 2000, MIPS v3.5
Revision Date:  Wed Feb 27 12:19:03 2002
Release Date:   Sat Mar 02 02:57:59 2002
                             1	 #Source File:   C:\local\Workspace\DC_V04.01.00_int\cu3x1Platform_SRC\emWinColour\GUI\Core\GUI_DrawBitmap.c

                                   Tue Apr 07 08:53:58 2015           Page 2
                                   Tue Apr 07 08:53:57 2015       gh_2i05d.s
                             2	 #Directory:     
                             3	 #		C:\local\Workspace\DC_V04.01.00_int\cu3x1App_SRC\Control\source
                             4	 #Compile Date:  Tue Apr 07 08:53:57 2015
                             5	 #Host OS:       Win32
                             6	 #Version:       C-MIPS 3.5#11 RELEASE VERSION
                             7	 #Release:       MULTI 2000, MIPS v3.5
                             8	 #Revision Date: Fri Mar 01 11:32:40 2002
                             9	 #Release Date:  Sat Mar 02 02:58:48 2002
                            10		.set	noat
                            11		.set	noreorder
                            12		.set	nomacro
                            13		.text
                            14		.align	4
                            15		.globl	GL_DrawBitmap
                            16	GL_DrawBitmap:
        27bdffd8 00000000   17		addiu	$sp, $sp, -40
        afb1000c 00000004   18		sw	$17, 12($sp)
                            19	 #	    .bf
        00a08825 00000008   20		move	$17, $5
        afb20010 0000000c   21		sw	$18, 16($sp)
        00c09025 00000010   22		move	$18, $6
        afbf0024 00000014   23		sw	$ra, 36($sp)
        afb40018 00000018   24		sw	$20, 24($sp)
        afb30014 0000001c   25		sw	$19, 20($sp)
        afb00008 00000020   26		sw	$16, 8($sp)
        00808025 00000024   27		move	$16, $4
        8e14000c 00000028   28		lw	$20, 12($16)
        0c000000 0000002c   29		jal	GUI_SetDrawMode
        34040000 00000030   30		ori	$4, $0, 0
        1280000b 00000034   31		beq	$20, $0, .L4
        00409825 00000038   32		move	$19, $2
        82980004 0000003c   33		lb	$24, 4($20)
        53000009 00000040   34		beql	$24, $0, .L1000004
        240efffd 00000044   35		addiu	$14, $0, -3
        0c000000 00000048   36		jal	GUI_SetDrawMode
        36640002 0000004c   37		ori	$4, $19, 2
        8e0d0010 00000050   38		lw	$13, 16($16)
        11a0001d 00000054   39		beq	$13, $0, .L8
        00000000 00000058   40		nop
        08000000 0000005c   41		j	.L1000009
        02202025 00000060   42		move	$4, $17
                            43	.L4:
        240efffd 00000064   44		addiu	$14, $0, -3
                            45	.L1000004:
        0c000000 00000068   46		jal	GUI_SetDrawMode
        01d32024 0000006c   47		and	$4, $14, $19
        8e0d0010 00000070   48		lw	$13, 16($16)
        11a00015 00000074   49		beq	$13, $0, .L8
        00000000 00000078   50		nop
        02202025 0000007c   51		move	$4, $17
                            52	.L1000009:
        02402825 00000080   53		move	$5, $18
        96060000 00000084   54		lhu	$6, 0($16)
        96070002 00000088   55		lhu	$7, 2($16)
        8e080008 0000008c   56		lw	$8, 8($16)
        8db80000 00000090   57		lw	$24, 0($13)

                                   Tue Apr 07 08:53:58 2015           Page 3
                                   Tue Apr 07 08:53:57 2015       gh_2i05d.s
        8e09000c 00000094   58		lw	$9, 12($16)
        340a0001 00000098   59		ori	$10, $0, 1
        0300f809 0000009c   60		jalr	$24
        340b0001 000000a0   61		ori	$11, $0, 1
        0c000000 000000a4   62		jal	GUI_SetDrawMode
        02602025 000000a8   63		move	$4, $19
        8fb20010 000000ac   64		lw	$18, 16($sp)
        8fb1000c 000000b0   65		lw	$17, 12($sp)
        8fb00008 000000b4   66		lw	$16, 8($sp)
        8fbf0024 000000b8   67		lw	$ra, 36($sp)
        8fb30014 000000bc   68		lw	$19, 20($sp)
        8fb40018 000000c0   69		lw	$20, 24($sp)
        03e00008 000000c4   70		jr	$ra
        27bd0028 000000c8   71		addiu	$sp, $sp, 40
                            72	.L8:
        0c000000 000000cc   73		jal	LCD_GetpPalConvTable
        8e04000c 000000d0   74		lw	$4, 12($16)
        00401825 000000d4   75		move	$3, $2
        54600018 000000d8   76		bnel	$3, $0, .L1000011
        8e020008 000000dc   77		lw	$2, 8($16)
        960e0006 000000e0   78		lhu	$14, 6($16)
        340d0001 000000e4   79		ori	$13, $0, 1
        51cd0012 000000e8   80		beql	$14, $13, .L1000013
        3c030000 000000ec   81		lui	$3, %hi(GUI_Context)
        8e020008 000000f0   82		lw	$2, 8($16)
        02202025 000000f4   83		move	$4, $17
        02402825 000000f8   84		move	$5, $18
        afa20000 000000fc   85		sw	$2, 0($sp)
        34030000 00000100   86		ori	$3, $0, 0
        afa30004 00000104   87		sw	$3, 4($sp)
        96060000 00000108   88		lhu	$6, 0($16)
        96070002 0000010c   89		lhu	$7, 2($16)
        960a0006 00000110   90		lhu	$10, 6($16)
        960b0004 00000114   91		lhu	$11, 4($16)
        34080001 00000118   92		ori	$8, $0, 1
        0c000000 0000011c   93		jal	LCD_DrawBitmap
        34090001 00000120   94		ori	$9, $0, 1
        0c000000 00000124   95		jal	GUI_SetDrawMode
        02602025 00000128   96		move	$4, $19
        08000000 0000012c   97		j	.L1000002
        8fb40018 00000130   98		lw	$20, 24($sp)
                            99	.L1000013:
        24630000 00000134  100		addiu	$3, $3, %lo(GUI_Context)
        8e020008 00000138  101		lw	$2, 8($16)
                           102	.L1000011:
        02202025 0000013c  103		move	$4, $17
        02402825 00000140  104		move	$5, $18
        afa20000 00000144  105		sw	$2, 0($sp)
        afa30004 00000148  106		sw	$3, 4($sp)
        96060000 0000014c  107		lhu	$6, 0($16)
        96070002 00000150  108		lhu	$7, 2($16)
        960a0006 00000154  109		lhu	$10, 6($16)
        960b0004 00000158  110		lhu	$11, 4($16)
        34080001 0000015c  111		ori	$8, $0, 1
        0c000000 00000160  112		jal	LCD_DrawBitmap
        34090001 00000164  113		ori	$9, $0, 1

                                   Tue Apr 07 08:53:58 2015           Page 4
                                   Tue Apr 07 08:53:57 2015       gh_2i05d.s
        0c000000 00000168  114		jal	GUI_SetDrawMode
        02602025 0000016c  115		move	$4, $19
        8fb40018 00000170  116		lw	$20, 24($sp)
                           117	.L1000002:
                           118	 #	    .ef
        8fb30014 00000174  119		lw	$19, 20($sp)
        8fbf0024 00000178  120		lw	$ra, 36($sp)
        8fb00008 0000017c  121		lw	$16, 8($sp)
        8fb1000c 00000180  122		lw	$17, 12($sp)
        8fb20010 00000184  123		lw	$18, 16($sp)
        03e00008 00000188  124		jr	$ra
        27bd0028 0000018c  125		addiu	$sp, $sp, 40
                           126		.type	GL_DrawBitmap,@function
                           127		.size	GL_DrawBitmap,.-GL_DrawBitmap
                           128		.align	4
                           129	 #PrevDraw	$19	local
                           130	 #pPal	$20	local
                           131	 #pTrans	$3	local
                           132	
                           133	 #pBitmap	$16	param
                           134	 #x0	$17	param
                           135	 #y0	$18	param
                           136	
                           137		.data
                           138	.L63:
                           139		.text
                           140		.align	4
                           141		.align	4
                           142		.globl	GUI_DrawBitmap
                           143	GUI_DrawBitmap:
        27bdffe0 00000190  144		addiu	$sp, $sp, -32
        afbf001c 00000194  145		sw	$ra, 28($sp)
        afb20008 00000198  146		sw	$18, 8($sp)
        afb00000 0000019c  147		sw	$16, 0($sp)
        00808025 000001a0  148		move	$16, $4
        afb10004 000001a4  149		sw	$17, 4($sp)
        00a08825 000001a8  150		move	$17, $5
                           151	 #	    .bf
        0c000000 000001ac  152		jal	GUI_Lock
        00c09025 000001b0  153		move	$18, $6
        3c030000 000001b4  154		lui	$3, %hi(GUI_Context)
        24630000 000001b8  155		addiu	$3, $3, %lo(GUI_Context)
        8c790044 000001bc  156		lw	$25, 68($3)
        8c780048 000001c0  157		lw	$24, 72($3)
        02398821 000001c4  158		addu	$17, $17, $25
        a7b10010 000001c8  159		sh	$17, 16($sp)
        960d0000 000001cc  160		lhu	$13, 0($16)
        02589021 000001d0  161		addu	$18, $18, $24
        a7b20012 000001d4  162		sh	$18, 18($sp)
        022d7821 000001d8  163		addu	$15, $17, $13
        25f9ffff 000001dc  164		addiu	$25, $15, -1
        a7b90014 000001e0  165		sh	$25, 20($sp)
        960e0002 000001e4  166		lhu	$14, 2($16)
        27a40010 000001e8  167		addiu	$4, $sp, 16
        024ec021 000001ec  168		addu	$24, $18, $14
        270dffff 000001f0  169		addiu	$13, $24, -1

                                   Tue Apr 07 08:53:58 2015           Page 5
                                   Tue Apr 07 08:53:57 2015       gh_2i05d.s
        0c000000 000001f4  170		jal	WM__InitIVRSearch
        a7ad0016 000001f8  171		sh	$13, 22($sp)
        10400009 000001fc  172		beq	$2, $0, .L96
        00000000 00000200  173		nop
        02002025 00000204  174		move	$4, $16
                           175	.L1000100:
        02202825 00000208  176		move	$5, $17
        0c000000 0000020c  177		jal	GL_DrawBitmap
        02403025 00000210  178		move	$6, $18
        0c000000 00000214  179		jal	WM__GetNextIVR
        00000000 00000218  180		nop
        5440fffa 0000021c  181		bnel	$2, $0, .L1000100
        02002025 00000220  182		move	$4, $16
                           183	.L96:
        0c000000 00000224  184		jal	GUI_Unlock
        00000000 00000228  185		nop
                           186	 #	    .ef
        8fb00000 0000022c  187		lw	$16, 0($sp)
        8fbf001c 00000230  188		lw	$ra, 28($sp)
        8fb10004 00000234  189		lw	$17, 4($sp)
        8fb20008 00000238  190		lw	$18, 8($sp)
        03e00008 0000023c  191		jr	$ra
        27bd0020 00000240  192		addiu	$sp, $sp, 32
                           193		.type	GUI_DrawBitmap,@function
                           194		.size	GUI_DrawBitmap,.-GUI_DrawBitmap
                           195		.align	4
                           196	 #r	16($sp)	local
                           197	
                           198	 #pBitmap	$16	param
                           199	 #x0	$17	param
                           200	 #y0	$18	param
                           201	
                           202		.data
                           203	.L131:
                           204		.text
                           205		.align	4
                           206	 #GUI_Context	GUI_Context	import
                           207	
                           208		.data
                           209		.text
