
                                   Tue Apr 07 08:54:59 2015           Page 1
                                   Tue Apr 07 08:54:59 2015       gh_2i06m.s
Command Line:   C:\GHS\V35\mips35\asmips.exe -noundefined -elf -b0
                -IC:\local\Workspace\DC_V04.01.00_int\cu3x1Platform_SRC\emWinColour
                -IC:\local\Workspace\DC_V04.01.00_int\cu3x1Platform_SRC\platform\include
                -IC:\local\Workspace\DC_V04.01.00_int\cu3x1Platform_SRC\platform\common
                -IC:\local\Workspace\DC_V04.01.00_int\cu3x1Platform_SRC\platform\hardware
                -IC:\local\Workspace\DC_V04.01.00_int\cu3x1Platform_SRC\platform\hardware\D3018X
                -IC:\local\Workspace\DC_V04.01.00_int\cu3x1Platform_SRC\embos\inc
                -IC:\local\Workspace\DC_V04.01.00_int\cu3x1Platform_SRC\emWinColour\config
                -IC:\local\Workspace\DC_V04.01.00_int\cu3x1Platform_SRC\emWinColour\gui\ConvertMono
                -IC:\local\Workspace\DC_V04.01.00_int\cu3x1Platform_SRC\emWinColour\gui\Core
                -IC:\local\Workspace\DC_V04.01.00_int\cu3x1Platform_SRC\emWinColour\gui\Font
                -IC:\local\Workspace\DC_V04.01.00_int\cu3x1Platform_SRC\emWinColour\gui\LCDDriver
                -IC:\local\Workspace\DC_V04.01.00_int\cu3x1Platform_SRC\emWinColour\gui\MemDev
                -IC:\local\Workspace\DC_V04.01.00_int\cu3x1Platform_SRC\emWinColour\gui\VNC
                -IC:\local\Workspace\DC_V04.01.00_int\cu3x1Platform_SRC\emWinColour\gui\Widget
                -IC:\local\Workspace\DC_V04.01.00_int\cu3x1Platform_SRC\emWinColour\gui\wm
                -IC:\local\Workspace\DC_V04.01.00_int\cu3x1App_SRC\Control\source
                -IC:\local\Workspace\DC_V04.01.00_int\cu3x1App_SRC\Control\source\include
                -IC:\local\Workspace\DC_V04.01.00_int\cu3x1App_SRC\Control\source\util
                -IC:\local\Workspace\DC_V04.01.00_int\cu3x1App_SRC\Control\source\datapoint
                -IC:\local\Workspace\DC_V04.01.00_int\cu3x1App_SRC\Control\source\factory
                -IC:\local\Workspace\DC_V04.01.00_int\cu3x1Platform_SRC\embos
                -IC:\local\Workspace\DC_V04.01.00_int\cu3x1Platform_SRC\emWinColour\gui\core
                -IC:\local\Workspace\DC_V04.01.00_int\cu3x1App_SRC\Control\source\rtip\webpage
                -IC:\local\Workspace\DC_V04.01.00_int\cu3x1App_SRC\Control\source\rtip\config
                -IC:\local\Workspace\DC_V04.01.00_int\cu3x1App_SRC\Control\source\rtip\xnet
                -IC:\local\Workspace\DC_V04.01.00_int\cu3x1App_SRC\Control\source\stub
                -IC:\local\Workspace\DC_V04.01.00_int\cu3x1App_SRC\Control\source\test
                -IC:\local\Workspace\DC_V04.01.00_int\cu3x1App_SRC\Control\source\GENIpro
                -IC:\local\Workspace\DC_V04.01.00_int\cu3x1App_SRC\Control\source\GENIpro\GENI_sys
                -IC:\local\Workspace\DC_V04.01.00_int\cu3x1App_SRC\Control\source\GENIpro\GENIusb\emUSB\USB\Driver
                -IC:\local\Workspace\DC_V04.01.00_int\cu3x1App_SRC\Control\source\application\intercom
                -IC:\local\Workspace\DC_V04.01.00_int\cu3x1App_SRC\Control\source\application\controller
                -IC:\local\Workspace\DC_V04.01.00_int\cu3x1App_SRC\Control\source\application\driver
                -IC:\local\Workspace\DC_V04.01.00_int\cu3x1App_SRC\Control\source\application\webif
                -IC:\local\Workspace\DC_V04.01.00_int\cu3x1App_SRC\Control\source\application\relay
                -IC:\local\Workspace\DC_V04.01.00_int\cu3x1App_SRC\Control\source\application\GENIApp
                -IC:\local\Workspace\DC_V04.01.00_int\cu3x1App_SRC\Control\source\application\alarm
                -IC:\local\Workspace\DC_V04.01.00_int\cu3x1App_SRC\Control\source\application\config
                -IC:\local\Workspace\DC_V04.01.00_int\cu3x1App_SRC\Control\source\application\AnaInConfigCtrl
                -IC:\local\Workspace\DC_V04.01.00_int\cu3x1App_SRC\Control\source\application\Sms
                -IC:\local\Workspace\DC_V04.01.00_int\cu3x1App_SRC\Control\source\application\display
                -IC:\local\Workspace\DC_V04.01.00_int\cu3x1App_SRC\Control\source\application\display\display_task
                -IC:\local\Workspace\DC_V04.01.00_int\cu3x1App_SRC\Control\source\application\display\gui_utility
                -IC:\local\Workspace\DC_V04.01.00_int\cu3x1App_SRC\Control\source\application\display\mpcunit
                -IC:\local\Workspace\DC_V04.01.00_int\cu3x1App_SRC\Control\source\GeniPro
                -IC:\local\Workspace\DC_V04.01.00_int\cu3x1App_SRC\Control\source\GeniPro\GENI_sys
                -IC:\local\Workspace\DC_V04.01.00_int\cu3x1App_SRC\Control\source\GeniPro\GENIbus
                -IC:\local\Workspace\DC_V04.01.00_int\cu3x1App_SRC\Control\source\GeniPro\GENIcom
                -IC:\local\Workspace\DC_V04.01.00_int\cu3x1App_SRC\Control\source\GeniPro\GENIrs232
                -IC:\local\Workspace\DC_V04.01.00_int\cu3x1App_SRC\Control\source\GeniPro\Virtual
                -IC:\local\Workspace\DC_V04.01.00_int\cu3x1Platform_SRC\Platform\common
                -IC:\local\Workspace\DC_V04.01.00_int\cu3x1Platform_SRC\Platform\hardware
                -IC:\local\Workspace\DC_V04.01.00_int\cu3x1Platform_SRC\Platform\hardware\D3018X
                -IC:\local\Workspace\DC_V04.01.00_int\cu3x1App_SRC\Control\source\application\display\imagesTFT
                -IC:\GHS\V35\mips35\mipsl_sf -r4121 -source=GUI_InvertRect.c -o
                objs\gh_2i06m.o -list=objs\GUI_InvertRect.lst
                C:\Users\55602\AppData\Local\Temp\gh_2i06m.s
Source File:    C:\Users\55602\AppData\Local\Temp\gh_2i06m.s
Directory:      C:\local\Workspace\DC_V04.01.00_int\cu3x1App_SRC\Control\source
Host OS:        GHS_WIN32
Version:        AS-MIPS 3.5#11 
Release:        MULTI 2000, MIPS v3.5
Revision Date:  Wed Feb 27 12:19:03 2002
Release Date:   Sat Mar 02 02:57:59 2002
                             1	 #Source File:   C:\local\Workspace\DC_V04.01.00_int\cu3x1Platform_SRC\emWinColour\GUI\Core\GUI_InvertRect.c

                                   Tue Apr 07 08:54:59 2015           Page 2
                                   Tue Apr 07 08:54:59 2015       gh_2i06m.s
                             2	 #Directory:     
                             3	 #		C:\local\Workspace\DC_V04.01.00_int\cu3x1App_SRC\Control\source
                             4	 #Compile Date:  Tue Apr 07 08:54:59 2015
                             5	 #Host OS:       Win32
                             6	 #Version:       C-MIPS 3.5#11 RELEASE VERSION
                             7	 #Release:       MULTI 2000, MIPS v3.5
                             8	 #Revision Date: Fri Mar 01 11:32:40 2002
                             9	 #Release Date:  Sat Mar 02 02:58:48 2002
                            10		.set	noat
                            11		.set	noreorder
                            12		.set	nomacro
                            13		.text
                            14		.align	4
                            15		.globl	GUI_InvertRect
                            16	GUI_InvertRect:
        27bdffd8 00000000   17		addiu	$sp, $sp, -40
        afbf0024 00000004   18		sw	$ra, 36($sp)
        afb40010 00000008   19		sw	$20, 16($sp)
        afb3000c 0000000c   20		sw	$19, 12($sp)
        afb00000 00000010   21		sw	$16, 0($sp)
        00808025 00000014   22		move	$16, $4
        afb10004 00000018   23		sw	$17, 4($sp)
        00a08825 0000001c   24		move	$17, $5
        afb20008 00000020   25		sw	$18, 8($sp)
        00c09025 00000024   26		move	$18, $6
                            27	 #	    .bf
        0c000000 00000028   28		jal	GUI_Lock
        00e09825 0000002c   29		move	$19, $7
        0c000000 00000030   30		jal	GUI_SetDrawMode
        34040001 00000034   31		ori	$4, $0, 1
        0040a025 00000038   32		move	$20, $2
        3c020000 0000003c   33		lui	$2, %hi(GUI_Context)
        24420000 00000040   34		addiu	$2, $2, %lo(GUI_Context)
        8c430044 00000044   35		lw	$3, 68($2)
        27a40018 00000048   36		addiu	$4, $sp, 24
        8c420048 0000004c   37		lw	$2, 72($2)
        02038021 00000050   38		addu	$16, $16, $3
        a7b00018 00000054   39		sh	$16, 24($sp)
        02439021 00000058   40		addu	$18, $18, $3
        a7b2001c 0000005c   41		sh	$18, 28($sp)
        02228821 00000060   42		addu	$17, $17, $2
        a7b1001a 00000064   43		sh	$17, 26($sp)
        02629821 00000068   44		addu	$19, $19, $2
        0c000000 0000006c   45		jal	WM__InitIVRSearch
        a7b3001e 00000070   46		sh	$19, 30($sp)
        1040000a 00000074   47		beq	$2, $0, .L4
        00000000 00000078   48		nop
        02002025 0000007c   49		move	$4, $16
                            50	.L1000008:
        02202825 00000080   51		move	$5, $17
        02403025 00000084   52		move	$6, $18
        0c000000 00000088   53		jal	LCD_FillRect
        02603825 0000008c   54		move	$7, $19
        0c000000 00000090   55		jal	WM__GetNextIVR
        00000000 00000094   56		nop
        5440fff9 00000098   57		bnel	$2, $0, .L1000008

                                   Tue Apr 07 08:54:59 2015           Page 3
                                   Tue Apr 07 08:54:59 2015       gh_2i06m.s
        02002025 0000009c   58		move	$4, $16
                            59	.L4:
        0c000000 000000a0   60		jal	GUI_SetDrawMode
        02802025 000000a4   61		move	$4, $20
        0c000000 000000a8   62		jal	GUI_Unlock
        00000000 000000ac   63		nop
                            64	 #	    .ef
        8fb20008 000000b0   65		lw	$18, 8($sp)
        8fb10004 000000b4   66		lw	$17, 4($sp)
        8fb00000 000000b8   67		lw	$16, 0($sp)
        8fbf0024 000000bc   68		lw	$ra, 36($sp)
        8fb3000c 000000c0   69		lw	$19, 12($sp)
        8fb40010 000000c4   70		lw	$20, 16($sp)
        03e00008 000000c8   71		jr	$ra
        27bd0028 000000cc   72		addiu	$sp, $sp, 40
                            73		.type	GUI_InvertRect,@function
                            74		.size	GUI_InvertRect,.-GUI_InvertRect
                            75		.align	4
                            76	 #PrevDraw	$20	local
                            77	 #r	24($sp)	local
                            78	
                            79	 #x0	$16	param
                            80	 #y0	$17	param
                            81	 #x1	$18	param
                            82	 #y1	$19	param
                            83	
                            84		.data
                            85	.L39:
                            86		.text
                            87		.align	4
                            88	 #GUI_Context	GUI_Context	import
                            89	
                            90		.data
                            91		.text
