
                                   Tue Apr 07 08:54:54 2015           Page 1
                                   Tue Apr 07 08:54:53 2015       gh_2i06i.s
Command Line:   C:\GHS\V35\mips35\asmips.exe -noundefined -elf -b0
                -IC:\local\Workspace\DC_V04.01.00_int\cu3x1Platform_SRC\emWinColour
                -IC:\local\Workspace\DC_V04.01.00_int\cu3x1Platform_SRC\platform\include
                -IC:\local\Workspace\DC_V04.01.00_int\cu3x1Platform_SRC\platform\common
                -IC:\local\Workspace\DC_V04.01.00_int\cu3x1Platform_SRC\platform\hardware
                -IC:\local\Workspace\DC_V04.01.00_int\cu3x1Platform_SRC\platform\hardware\D3018X
                -IC:\local\Workspace\DC_V04.01.00_int\cu3x1Platform_SRC\embos\inc
                -IC:\local\Workspace\DC_V04.01.00_int\cu3x1Platform_SRC\emWinColour\config
                -IC:\local\Workspace\DC_V04.01.00_int\cu3x1Platform_SRC\emWinColour\gui\ConvertMono
                -IC:\local\Workspace\DC_V04.01.00_int\cu3x1Platform_SRC\emWinColour\gui\Core
                -IC:\local\Workspace\DC_V04.01.00_int\cu3x1Platform_SRC\emWinColour\gui\Font
                -IC:\local\Workspace\DC_V04.01.00_int\cu3x1Platform_SRC\emWinColour\gui\LCDDriver
                -IC:\local\Workspace\DC_V04.01.00_int\cu3x1Platform_SRC\emWinColour\gui\MemDev
                -IC:\local\Workspace\DC_V04.01.00_int\cu3x1Platform_SRC\emWinColour\gui\VNC
                -IC:\local\Workspace\DC_V04.01.00_int\cu3x1Platform_SRC\emWinColour\gui\Widget
                -IC:\local\Workspace\DC_V04.01.00_int\cu3x1Platform_SRC\emWinColour\gui\wm
                -IC:\local\Workspace\DC_V04.01.00_int\cu3x1App_SRC\Control\source
                -IC:\local\Workspace\DC_V04.01.00_int\cu3x1App_SRC\Control\source\include
                -IC:\local\Workspace\DC_V04.01.00_int\cu3x1App_SRC\Control\source\util
                -IC:\local\Workspace\DC_V04.01.00_int\cu3x1App_SRC\Control\source\datapoint
                -IC:\local\Workspace\DC_V04.01.00_int\cu3x1App_SRC\Control\source\factory
                -IC:\local\Workspace\DC_V04.01.00_int\cu3x1Platform_SRC\embos
                -IC:\local\Workspace\DC_V04.01.00_int\cu3x1Platform_SRC\emWinColour\gui\core
                -IC:\local\Workspace\DC_V04.01.00_int\cu3x1App_SRC\Control\source\rtip\webpage
                -IC:\local\Workspace\DC_V04.01.00_int\cu3x1App_SRC\Control\source\rtip\config
                -IC:\local\Workspace\DC_V04.01.00_int\cu3x1App_SRC\Control\source\rtip\xnet
                -IC:\local\Workspace\DC_V04.01.00_int\cu3x1App_SRC\Control\source\stub
                -IC:\local\Workspace\DC_V04.01.00_int\cu3x1App_SRC\Control\source\test
                -IC:\local\Workspace\DC_V04.01.00_int\cu3x1App_SRC\Control\source\GENIpro
                -IC:\local\Workspace\DC_V04.01.00_int\cu3x1App_SRC\Control\source\GENIpro\GENI_sys
                -IC:\local\Workspace\DC_V04.01.00_int\cu3x1App_SRC\Control\source\GENIpro\GENIusb\emUSB\USB\Driver
                -IC:\local\Workspace\DC_V04.01.00_int\cu3x1App_SRC\Control\source\application\intercom
                -IC:\local\Workspace\DC_V04.01.00_int\cu3x1App_SRC\Control\source\application\controller
                -IC:\local\Workspace\DC_V04.01.00_int\cu3x1App_SRC\Control\source\application\driver
                -IC:\local\Workspace\DC_V04.01.00_int\cu3x1App_SRC\Control\source\application\webif
                -IC:\local\Workspace\DC_V04.01.00_int\cu3x1App_SRC\Control\source\application\relay
                -IC:\local\Workspace\DC_V04.01.00_int\cu3x1App_SRC\Control\source\application\GENIApp
                -IC:\local\Workspace\DC_V04.01.00_int\cu3x1App_SRC\Control\source\application\alarm
                -IC:\local\Workspace\DC_V04.01.00_int\cu3x1App_SRC\Control\source\application\config
                -IC:\local\Workspace\DC_V04.01.00_int\cu3x1App_SRC\Control\source\application\AnaInConfigCtrl
                -IC:\local\Workspace\DC_V04.01.00_int\cu3x1App_SRC\Control\source\application\Sms
                -IC:\local\Workspace\DC_V04.01.00_int\cu3x1App_SRC\Control\source\application\display
                -IC:\local\Workspace\DC_V04.01.00_int\cu3x1App_SRC\Control\source\application\display\display_task
                -IC:\local\Workspace\DC_V04.01.00_int\cu3x1App_SRC\Control\source\application\display\gui_utility
                -IC:\local\Workspace\DC_V04.01.00_int\cu3x1App_SRC\Control\source\application\display\mpcunit
                -IC:\local\Workspace\DC_V04.01.00_int\cu3x1App_SRC\Control\source\GeniPro
                -IC:\local\Workspace\DC_V04.01.00_int\cu3x1App_SRC\Control\source\GeniPro\GENI_sys
                -IC:\local\Workspace\DC_V04.01.00_int\cu3x1App_SRC\Control\source\GeniPro\GENIbus
                -IC:\local\Workspace\DC_V04.01.00_int\cu3x1App_SRC\Control\source\GeniPro\GENIcom
                -IC:\local\Workspace\DC_V04.01.00_int\cu3x1App_SRC\Control\source\GeniPro\GENIrs232
                -IC:\local\Workspace\DC_V04.01.00_int\cu3x1App_SRC\Control\source\GeniPro\Virtual
                -IC:\local\Workspace\DC_V04.01.00_int\cu3x1Platform_SRC\Platform\common
                -IC:\local\Workspace\DC_V04.01.00_int\cu3x1Platform_SRC\Platform\hardware
                -IC:\local\Workspace\DC_V04.01.00_int\cu3x1Platform_SRC\Platform\hardware\D3018X
                -IC:\local\Workspace\DC_V04.01.00_int\cu3x1App_SRC\Control\source\application\display\imagesTFT
                -IC:\GHS\V35\mips35\mipsl_sf -r4121 -source=GUI_GetYSizeOfFont.c
                -o objs\gh_2i06i.o -list=objs\GUI_GetYSizeOfFont.lst
                C:\Users\55602\AppData\Local\Temp\gh_2i06i.s
Source File:    C:\Users\55602\AppData\Local\Temp\gh_2i06i.s
Directory:      C:\local\Workspace\DC_V04.01.00_int\cu3x1App_SRC\Control\source
Host OS:        GHS_WIN32
Version:        AS-MIPS 3.5#11 
Release:        MULTI 2000, MIPS v3.5
Revision Date:  Wed Feb 27 12:19:03 2002
Release Date:   Sat Mar 02 02:57:59 2002
                             1	 #Source File:   C:\local\Workspace\DC_V04.01.00_int\cu3x1Platform_SRC\emWinColour\GUI\Core\GUI_GetYSizeOfFont.c

                                   Tue Apr 07 08:54:54 2015           Page 2
                                   Tue Apr 07 08:54:53 2015       gh_2i06i.s
                             2	 #Directory:     
                             3	 #		C:\local\Workspace\DC_V04.01.00_int\cu3x1App_SRC\Control\source
                             4	 #Compile Date:  Tue Apr 07 08:54:53 2015
                             5	 #Host OS:       Win32
                             6	 #Version:       C-MIPS 3.5#11 RELEASE VERSION
                             7	 #Release:       MULTI 2000, MIPS v3.5
                             8	 #Revision Date: Fri Mar 01 11:32:40 2002
                             9	 #Release Date:  Sat Mar 02 02:58:48 2002
                            10		.set	noat
                            11		.set	noreorder
                            12		.set	nomacro
                            13		.text
                            14		.align	4
                            15		.globl	GUI_GetYSizeOfFont
                            16	GUI_GetYSizeOfFont:
        90990014 00000000   17		lbu	$25, 20($4)
                            18	 #	    .bf
        90980017 00000004   19		lbu	$24, 23($4)
        03380018 00000008   20		mult	$25, $24
        00001012 0000000c   21		mflo	$2
                            22	 #	    .ef
        03e00008 00000010   23		jr	$ra
        00000000 00000014   24		nop
        00000000 00000018   25		nop
                            26		.type	GUI_GetYSizeOfFont,@function
                            27		.size	GUI_GetYSizeOfFont,.-GUI_GetYSizeOfFont
                            28		.align	4
                            29	
                            30	 #pFont	$4	param
                            31	
                            32		.data
                            33	.L15:
                            34		.text
                            35		.align	4
                            36		.align	4
                            37		.globl	GUI_GetYDistOfFont
                            38	GUI_GetYDistOfFont:
        90990015 0000001c   39		lbu	$25, 21($4)
                            40	 #	    .bf
        90980017 00000020   41		lbu	$24, 23($4)
        03380018 00000024   42		mult	$25, $24
        00001012 00000028   43		mflo	$2
                            44	 #	    .ef
        03e00008 0000002c   45		jr	$ra
        00000000 00000030   46		nop
        00000000 00000034   47		nop
                            48		.type	GUI_GetYDistOfFont,@function
                            49		.size	GUI_GetYDistOfFont,.-GUI_GetYDistOfFont
                            50		.align	4
                            51	
                            52	 #pFont	$4	param
                            53	
                            54		.data
                            55	.L34:
                            56		.text
                            57		.align	4

                                   Tue Apr 07 08:54:54 2015           Page 3
                                   Tue Apr 07 08:54:53 2015       gh_2i06i.s
                            58	
                            59		.data
                            60		.text
