
                                   Tue Apr 07 08:55:52 2015           Page 1
                                   Tue Apr 07 08:55:51 2015       gh_2i07s.s
Command Line:   C:\GHS\V35\mips35\asmips.exe -noundefined -elf -b0
                -IC:\local\Workspace\DC_V04.01.00_int\cu3x1Platform_SRC\emWinColour
                -IC:\local\Workspace\DC_V04.01.00_int\cu3x1Platform_SRC\platform\include
                -IC:\local\Workspace\DC_V04.01.00_int\cu3x1Platform_SRC\platform\common
                -IC:\local\Workspace\DC_V04.01.00_int\cu3x1Platform_SRC\platform\hardware
                -IC:\local\Workspace\DC_V04.01.00_int\cu3x1Platform_SRC\platform\hardware\D3018X
                -IC:\local\Workspace\DC_V04.01.00_int\cu3x1Platform_SRC\embos\inc
                -IC:\local\Workspace\DC_V04.01.00_int\cu3x1Platform_SRC\emWinColour\config
                -IC:\local\Workspace\DC_V04.01.00_int\cu3x1Platform_SRC\emWinColour\gui\ConvertMono
                -IC:\local\Workspace\DC_V04.01.00_int\cu3x1Platform_SRC\emWinColour\gui\Core
                -IC:\local\Workspace\DC_V04.01.00_int\cu3x1Platform_SRC\emWinColour\gui\Font
                -IC:\local\Workspace\DC_V04.01.00_int\cu3x1Platform_SRC\emWinColour\gui\LCDDriver
                -IC:\local\Workspace\DC_V04.01.00_int\cu3x1Platform_SRC\emWinColour\gui\MemDev
                -IC:\local\Workspace\DC_V04.01.00_int\cu3x1Platform_SRC\emWinColour\gui\VNC
                -IC:\local\Workspace\DC_V04.01.00_int\cu3x1Platform_SRC\emWinColour\gui\Widget
                -IC:\local\Workspace\DC_V04.01.00_int\cu3x1Platform_SRC\emWinColour\gui\wm
                -IC:\local\Workspace\DC_V04.01.00_int\cu3x1App_SRC\Control\source
                -IC:\local\Workspace\DC_V04.01.00_int\cu3x1App_SRC\Control\source\include
                -IC:\local\Workspace\DC_V04.01.00_int\cu3x1App_SRC\Control\source\util
                -IC:\local\Workspace\DC_V04.01.00_int\cu3x1App_SRC\Control\source\datapoint
                -IC:\local\Workspace\DC_V04.01.00_int\cu3x1App_SRC\Control\source\factory
                -IC:\local\Workspace\DC_V04.01.00_int\cu3x1Platform_SRC\embos
                -IC:\local\Workspace\DC_V04.01.00_int\cu3x1Platform_SRC\emWinColour\gui\core
                -IC:\local\Workspace\DC_V04.01.00_int\cu3x1App_SRC\Control\source\rtip\webpage
                -IC:\local\Workspace\DC_V04.01.00_int\cu3x1App_SRC\Control\source\rtip\config
                -IC:\local\Workspace\DC_V04.01.00_int\cu3x1App_SRC\Control\source\rtip\xnet
                -IC:\local\Workspace\DC_V04.01.00_int\cu3x1App_SRC\Control\source\stub
                -IC:\local\Workspace\DC_V04.01.00_int\cu3x1App_SRC\Control\source\test
                -IC:\local\Workspace\DC_V04.01.00_int\cu3x1App_SRC\Control\source\GENIpro
                -IC:\local\Workspace\DC_V04.01.00_int\cu3x1App_SRC\Control\source\GENIpro\GENI_sys
                -IC:\local\Workspace\DC_V04.01.00_int\cu3x1App_SRC\Control\source\GENIpro\GENIusb\emUSB\USB\Driver
                -IC:\local\Workspace\DC_V04.01.00_int\cu3x1App_SRC\Control\source\application\intercom
                -IC:\local\Workspace\DC_V04.01.00_int\cu3x1App_SRC\Control\source\application\controller
                -IC:\local\Workspace\DC_V04.01.00_int\cu3x1App_SRC\Control\source\application\driver
                -IC:\local\Workspace\DC_V04.01.00_int\cu3x1App_SRC\Control\source\application\webif
                -IC:\local\Workspace\DC_V04.01.00_int\cu3x1App_SRC\Control\source\application\relay
                -IC:\local\Workspace\DC_V04.01.00_int\cu3x1App_SRC\Control\source\application\GENIApp
                -IC:\local\Workspace\DC_V04.01.00_int\cu3x1App_SRC\Control\source\application\alarm
                -IC:\local\Workspace\DC_V04.01.00_int\cu3x1App_SRC\Control\source\application\config
                -IC:\local\Workspace\DC_V04.01.00_int\cu3x1App_SRC\Control\source\application\AnaInConfigCtrl
                -IC:\local\Workspace\DC_V04.01.00_int\cu3x1App_SRC\Control\source\application\Sms
                -IC:\local\Workspace\DC_V04.01.00_int\cu3x1App_SRC\Control\source\application\display
                -IC:\local\Workspace\DC_V04.01.00_int\cu3x1App_SRC\Control\source\application\display\display_task
                -IC:\local\Workspace\DC_V04.01.00_int\cu3x1App_SRC\Control\source\application\display\gui_utility
                -IC:\local\Workspace\DC_V04.01.00_int\cu3x1App_SRC\Control\source\application\display\mpcunit
                -IC:\local\Workspace\DC_V04.01.00_int\cu3x1App_SRC\Control\source\GeniPro
                -IC:\local\Workspace\DC_V04.01.00_int\cu3x1App_SRC\Control\source\GeniPro\GENI_sys
                -IC:\local\Workspace\DC_V04.01.00_int\cu3x1App_SRC\Control\source\GeniPro\GENIbus
                -IC:\local\Workspace\DC_V04.01.00_int\cu3x1App_SRC\Control\source\GeniPro\GENIcom
                -IC:\local\Workspace\DC_V04.01.00_int\cu3x1App_SRC\Control\source\GeniPro\GENIrs232
                -IC:\local\Workspace\DC_V04.01.00_int\cu3x1App_SRC\Control\source\GeniPro\Virtual
                -IC:\local\Workspace\DC_V04.01.00_int\cu3x1Platform_SRC\Platform\common
                -IC:\local\Workspace\DC_V04.01.00_int\cu3x1Platform_SRC\Platform\hardware
                -IC:\local\Workspace\DC_V04.01.00_int\cu3x1Platform_SRC\Platform\hardware\D3018X
                -IC:\local\Workspace\DC_V04.01.00_int\cu3x1App_SRC\Control\source\application\display\imagesTFT
                -IC:\GHS\V35\mips35\mipsl_sf -r4121 -source=GUI_UC.c -o
                objs\gh_2i07s.o -list=objs\GUI_UC.lst
                C:\Users\55602\AppData\Local\Temp\gh_2i07s.s
Source File:    C:\Users\55602\AppData\Local\Temp\gh_2i07s.s
Directory:      C:\local\Workspace\DC_V04.01.00_int\cu3x1App_SRC\Control\source
Host OS:        GHS_WIN32
Version:        AS-MIPS 3.5#11 
Release:        MULTI 2000, MIPS v3.5
Revision Date:  Wed Feb 27 12:19:03 2002
Release Date:   Sat Mar 02 02:57:59 2002
                             1	 #Source File:   C:\local\Workspace\DC_V04.01.00_int\cu3x1Platform_SRC\emWinColour\GUI\Core\GUI_UC.c

                                   Tue Apr 07 08:55:52 2015           Page 2
                                   Tue Apr 07 08:55:51 2015       gh_2i07s.s
                             2	 #Directory:     
                             3	 #		C:\local\Workspace\DC_V04.01.00_int\cu3x1App_SRC\Control\source
                             4	 #Compile Date:  Tue Apr 07 08:55:51 2015
                             5	 #Host OS:       Win32
                             6	 #Version:       C-MIPS 3.5#11 RELEASE VERSION
                             7	 #Release:       MULTI 2000, MIPS v3.5
                             8	 #Revision Date: Fri Mar 01 11:32:40 2002
                             9	 #Release Date:  Sat Mar 02 02:58:48 2002
                            10		.set	noat
                            11		.set	noreorder
                            12		.set	nomacro
                            13		.text
                            14		.align	4
                            15		.globl	GUI_UC_GetCharSize
                            16	GUI_UC_GetCharSize:
        27bdfff0 00000000   17		addiu	$sp, $sp, -16
        afbf000c 00000004   18		sw	$ra, 12($sp)
        afb00000 00000008   19		sw	$16, 0($sp)
                            20	 #	    .bf
        0c000000 0000000c   21		jal	GUI_Lock
        00808025 00000010   22		move	$16, $4
        3c010000 00000014   23		lui	$1, %hi(GUI_Context+32)
        8c390000 00000018   24		lw	$25, %lo(GUI_Context+32)($1)
        8f390004 0000001c   25		lw	$25, 4($25)
        0320f809 00000020   26		jalr	$25
        02002025 00000024   27		move	$4, $16
        0c000000 00000028   28		jal	GUI_Unlock
        00408025 0000002c   29		move	$16, $2
                            30	 #	    .ef
        02001025 00000030   31		move	$2, $16
        8fbf000c 00000034   32		lw	$ra, 12($sp)
        8fb00000 00000038   33		lw	$16, 0($sp)
        03e00008 0000003c   34		jr	$ra
        27bd0010 00000040   35		addiu	$sp, $sp, 16
                            36		.type	GUI_UC_GetCharSize,@function
                            37		.size	GUI_UC_GetCharSize,.-GUI_UC_GetCharSize
                            38		.align	4
                            39	
                            40	 #s	$16	param
                            41	
                            42		.data
                            43	.L15:
                            44		.text
                            45		.align	4
                            46		.align	4
                            47		.globl	GUI_UC_GetCharCode
                            48	GUI_UC_GetCharCode:
        27bdfff0 00000044   49		addiu	$sp, $sp, -16
        afbf000c 00000048   50		sw	$ra, 12($sp)
        afb00000 0000004c   51		sw	$16, 0($sp)
                            52	 #	    .bf
        0c000000 00000050   53		jal	GUI_Lock
        00808025 00000054   54		move	$16, $4
        3c010000 00000058   55		lui	$1, %hi(GUI_Context+32)
        8c390000 0000005c   56		lw	$25, %lo(GUI_Context+32)($1)
        8f390000 00000060   57		lw	$25, 0($25)

                                   Tue Apr 07 08:55:52 2015           Page 3
                                   Tue Apr 07 08:55:51 2015       gh_2i07s.s
        0320f809 00000064   58		jalr	$25
        02002025 00000068   59		move	$4, $16
        0c000000 0000006c   60		jal	GUI_Unlock
        00408025 00000070   61		move	$16, $2
                            62	 #	    .ef
        02001025 00000074   63		move	$2, $16
        8fbf000c 00000078   64		lw	$ra, 12($sp)
        8fb00000 0000007c   65		lw	$16, 0($sp)
        03e00008 00000080   66		jr	$ra
        27bd0010 00000084   67		addiu	$sp, $sp, 16
                            68		.type	GUI_UC_GetCharCode,@function
                            69		.size	GUI_UC_GetCharCode,.-GUI_UC_GetCharCode
                            70		.align	4
                            71	
                            72	 #s	$16	param
                            73	
                            74		.data
                            75	.L34:
                            76		.text
                            77		.align	4
                            78		.align	4
                            79		.globl	GUI_UC_Encode
                            80	GUI_UC_Encode:
        27bdfff0 00000088   81		addiu	$sp, $sp, -16
        afbf000c 0000008c   82		sw	$ra, 12($sp)
        afb10004 00000090   83		sw	$17, 4($sp)
        afb00000 00000094   84		sw	$16, 0($sp)
        00808025 00000098   85		move	$16, $4
                            86	 #	    .bf
        0c000000 0000009c   87		jal	GUI_Lock
        30b1ffff 000000a0   88		andi	$17, $5, 65535
        3c010000 000000a4   89		lui	$1, %hi(GUI_Context+32)
        8c390000 000000a8   90		lw	$25, %lo(GUI_Context+32)($1)
        8f39000c 000000ac   91		lw	$25, 12($25)
        02002025 000000b0   92		move	$4, $16
        0320f809 000000b4   93		jalr	$25
        02202825 000000b8   94		move	$5, $17
        0c000000 000000bc   95		jal	GUI_Unlock
        00408025 000000c0   96		move	$16, $2
                            97	 #	    .ef
        02001025 000000c4   98		move	$2, $16
        8fbf000c 000000c8   99		lw	$ra, 12($sp)
        8fb00000 000000cc  100		lw	$16, 0($sp)
        8fb10004 000000d0  101		lw	$17, 4($sp)
        03e00008 000000d4  102		jr	$ra
        27bd0010 000000d8  103		addiu	$sp, $sp, 16
                           104		.type	GUI_UC_Encode,@function
                           105		.size	GUI_UC_Encode,.-GUI_UC_Encode
                           106		.align	4
                           107	
                           108	 #s	$16	param
                           109	 #Char	$17	param
                           110	
                           111		.data
                           112	.L53:
                           113		.text

                                   Tue Apr 07 08:55:52 2015           Page 4
                                   Tue Apr 07 08:55:51 2015       gh_2i07s.s
                           114		.align	4
                           115		.align	4
                           116		.globl	GUI_UC__CalcSizeOfChar
                           117	GUI_UC__CalcSizeOfChar:
        3c010000 000000dc  118		lui	$1, %hi(GUI_Context+32)
                           119	 #	    .bf
        8c390000 000000e0  120		lw	$25, %lo(GUI_Context+32)($1)
        8f390008 000000e4  121		lw	$25, 8($25)
        3084ffff 000000e8  122		andi	$4, $4, 65535
        03200008 000000ec  123		j	$25
        00000000 000000f0  124		nop
                           125	 #	    .ef
                           126		.type	GUI_UC__CalcSizeOfChar,@function
                           127		.size	GUI_UC__CalcSizeOfChar,.-GUI_UC__CalcSizeOfChar
                           128		.align	4
                           129	
                           130	 #Char	$4	param
                           131	
                           132		.data
                           133	.L72:
                           134		.text
                           135		.align	4
                           136		.align	4
                           137		.globl	GUI_UC__GetCharCodeInc
                           138	GUI_UC__GetCharCodeInc:
        27bdffe8 000000f4  139		addiu	$sp, $sp, -24
                           140	 #	    .bf
        afbf0014 000000f8  141		sw	$ra, 20($sp)
        afb20008 000000fc  142		sw	$18, 8($sp)
        afb00000 00000100  143		sw	$16, 0($sp)
        3c010000 00000104  144		lui	$1, %hi(GUI_Context+32)
        8c390000 00000108  145		lw	$25, %lo(GUI_Context+32)($1)
        00808025 0000010c  146		move	$16, $4
        afb10004 00000110  147		sw	$17, 4($sp)
        8f390000 00000114  148		lw	$25, 0($25)
        8e110000 00000118  149		lw	$17, 0($16)
        0320f809 0000011c  150		jalr	$25
        02202025 00000120  151		move	$4, $17
        3c010000 00000124  152		lui	$1, %hi(GUI_Context+32)
        8c380000 00000128  153		lw	$24, %lo(GUI_Context+32)($1)
        8f180004 0000012c  154		lw	$24, 4($24)
        00409025 00000130  155		move	$18, $2
        0300f809 00000134  156		jalr	$24
        02202025 00000138  157		move	$4, $17
        02228821 0000013c  158		addu	$17, $17, $2
                           159	 #	    .ef
        02401025 00000140  160		move	$2, $18
        ae110000 00000144  161		sw	$17, 0($16)
        8fb20008 00000148  162		lw	$18, 8($sp)
        8fb10004 0000014c  163		lw	$17, 4($sp)
        8fbf0014 00000150  164		lw	$ra, 20($sp)
        8fb00000 00000154  165		lw	$16, 0($sp)
        03e00008 00000158  166		jr	$ra
        27bd0018 0000015c  167		addiu	$sp, $sp, 24
                           168		.type	GUI_UC__GetCharCodeInc,@function
                           169		.size	GUI_UC__GetCharCodeInc,.-GUI_UC__GetCharCodeInc

                                   Tue Apr 07 08:55:52 2015           Page 5
                                   Tue Apr 07 08:55:51 2015       gh_2i07s.s
                           170		.align	4
                           171	 #s	$17	local
                           172	
                           173	 #ps	$16	param
                           174	
                           175		.data
                           176	.L91:
                           177		.text
                           178		.align	4
                           179		.align	4
                           180		.globl	GUI_UC__NumChars2NumBytes
                           181	GUI_UC__NumChars2NumBytes:
        27bdffe0 00000160  182		addiu	$sp, $sp, -32
                           183	 #	    .bf
        afb10004 00000164  184		sw	$17, 4($sp)
        34110000 00000168  185		ori	$17, $0, 0
        afb20008 0000016c  186		sw	$18, 8($sp)
        afb00000 00000170  187		sw	$16, 0($sp)
        00808025 00000174  188		move	$16, $4
        afb3000c 00000178  189		sw	$19, 12($sp)
        afb40010 0000017c  190		sw	$20, 16($sp)
        00a0a025 00000180  191		move	$20, $5
        001498c2 00000184  192		srl	$19, $20, 3
        12600035 00000188  193		beq	$19, $0, .L116
        afbf001c 0000018c  194		sw	$ra, 28($sp)
        3c120000 00000190  195		lui	$18, %hi(GUI_Context)
        26520000 00000194  196		addiu	$18, $18, %lo(GUI_Context)
                           197	.L132:
        8e4f0020 00000198  198		lw	$15, 32($18)
        8def0004 0000019c  199		lw	$15, 4($15)
        01e0f809 000001a0  200		jalr	$15
        02002025 000001a4  201		move	$4, $16
        8e4e0020 000001a8  202		lw	$14, 32($18)
        8dce0004 000001ac  203		lw	$14, 4($14)
        02228821 000001b0  204		addu	$17, $17, $2
        02028021 000001b4  205		addu	$16, $16, $2
        01c0f809 000001b8  206		jalr	$14
        02002025 000001bc  207		move	$4, $16
        8e4d0020 000001c0  208		lw	$13, 32($18)
        8dad0004 000001c4  209		lw	$13, 4($13)
        02228821 000001c8  210		addu	$17, $17, $2
        02028021 000001cc  211		addu	$16, $16, $2
        01a0f809 000001d0  212		jalr	$13
        02002025 000001d4  213		move	$4, $16
        8e590020 000001d8  214		lw	$25, 32($18)
        8f390004 000001dc  215		lw	$25, 4($25)
        02028021 000001e0  216		addu	$16, $16, $2
        02228821 000001e4  217		addu	$17, $17, $2
        0320f809 000001e8  218		jalr	$25
        02002025 000001ec  219		move	$4, $16
        8e580020 000001f0  220		lw	$24, 32($18)
        8f180004 000001f4  221		lw	$24, 4($24)
        02028021 000001f8  222		addu	$16, $16, $2
        02228821 000001fc  223		addu	$17, $17, $2
        0300f809 00000200  224		jalr	$24
        02002025 00000204  225		move	$4, $16

                                   Tue Apr 07 08:55:52 2015           Page 6
                                   Tue Apr 07 08:55:51 2015       gh_2i07s.s
        8e4f0020 00000208  226		lw	$15, 32($18)
        8def0004 0000020c  227		lw	$15, 4($15)
        02028021 00000210  228		addu	$16, $16, $2
        02228821 00000214  229		addu	$17, $17, $2
        01e0f809 00000218  230		jalr	$15
        02002025 0000021c  231		move	$4, $16
        8e4e0020 00000220  232		lw	$14, 32($18)
        8dce0004 00000224  233		lw	$14, 4($14)
        02028021 00000228  234		addu	$16, $16, $2
        02228821 0000022c  235		addu	$17, $17, $2
        01c0f809 00000230  236		jalr	$14
        02002025 00000234  237		move	$4, $16
        8e4d0020 00000238  238		lw	$13, 32($18)
        2673ffff 0000023c  239		addiu	$19, $19, -1
        8dad0004 00000240  240		lw	$13, 4($13)
        02228821 00000244  241		addu	$17, $17, $2
        02028021 00000248  242		addu	$16, $16, $2
        01a0f809 0000024c  243		jalr	$13
        02002025 00000250  244		move	$4, $16
        02228821 00000254  245		addu	$17, $17, $2
        1660ffcf 00000258  246		bne	$19, $0, .L132
        02028021 0000025c  247		addu	$16, $16, $2
                           248	.L116:
        32930007 00000260  249		andi	$19, $20, 7
        1260000a 00000264  250		beq	$19, $0, .L100
        3c120000 00000268  251		lui	$18, %hi(GUI_Context)
        26520000 0000026c  252		addiu	$18, $18, %lo(GUI_Context)
                           253	.L136:
        8e4f0020 00000270  254		lw	$15, 32($18)
        8def0004 00000274  255		lw	$15, 4($15)
        2673ffff 00000278  256		addiu	$19, $19, -1
        01e0f809 0000027c  257		jalr	$15
        02002025 00000280  258		move	$4, $16
        02228821 00000284  259		addu	$17, $17, $2
        1660fff9 00000288  260		bne	$19, $0, .L136
        02028021 0000028c  261		addu	$16, $16, $2
                           262	.L100:
        8fb40010 00000290  263		lw	$20, 16($sp)
                           264	 #	    .ef
        02201025 00000294  265		move	$2, $17
        8fb3000c 00000298  266		lw	$19, 12($sp)
        8fbf001c 0000029c  267		lw	$ra, 28($sp)
        8fb00000 000002a0  268		lw	$16, 0($sp)
        8fb10004 000002a4  269		lw	$17, 4($sp)
        8fb20008 000002a8  270		lw	$18, 8($sp)
        03e00008 000002ac  271		jr	$ra
        27bd0020 000002b0  272		addiu	$sp, $sp, 32
                           273		.type	GUI_UC__NumChars2NumBytes,@function
                           274		.size	GUI_UC__NumChars2NumBytes,.-GUI_UC__NumChars2NumBytes
                           275		.align	4
                           276	 #NumBytes	$17	local
                           277	
                           278	 #s	$16	param
                           279	 #NumChars	$3	param
                           280	
                           281		.data

                                   Tue Apr 07 08:55:52 2015           Page 7
                                   Tue Apr 07 08:55:51 2015       gh_2i07s.s
                           282	.L193:
                           283		.text
                           284		.align	4
                           285		.align	4
                           286		.globl	GUI_UC__NumBytes2NumChars
                           287	GUI_UC__NumBytes2NumChars:
        27bdffe0 000002b4  288		addiu	$sp, $sp, -32
                           289	 #	    .bf
        afb40010 000002b8  290		sw	$20, 16($sp)
        3c140000 000002bc  291		lui	$20, %hi(GUI_Context)
        26940000 000002c0  292		addiu	$20, $20, %lo(GUI_Context)
        afb00000 000002c4  293		sw	$16, 0($sp)
        00808025 000002c8  294		move	$16, $4
        afb3000c 000002cc  295		sw	$19, 12($sp)
        34130000 000002d0  296		ori	$19, $0, 0
        afb10004 000002d4  297		sw	$17, 4($sp)
        00a08825 000002d8  298		move	$17, $5
        afb20008 000002dc  299		sw	$18, 8($sp)
        34120000 000002e0  300		ori	$18, $0, 0
        0251c02a 000002e4  301		slt	$24, $18, $17
        1300000a 000002e8  302		beq	$24, $0, .L214
        afbf001c 000002ec  303		sw	$ra, 28($sp)
        8e990020 000002f0  304		lw	$25, 32($20)
                           305	.L1000215:
        8f390004 000002f4  306		lw	$25, 4($25)
        02122021 000002f8  307		addu	$4, $16, $18
        0320f809 000002fc  308		jalr	$25
        26730001 00000300  309		addiu	$19, $19, 1
        02429021 00000304  310		addu	$18, $18, $2
        0251c02a 00000308  311		slt	$24, $18, $17
        5700fff9 0000030c  312		bnel	$24, $0, .L1000215
        8e990020 00000310  313		lw	$25, 32($20)
                           314	.L214:
        8fb40010 00000314  315		lw	$20, 16($sp)
                           316	 #	    .ef
        02601025 00000318  317		move	$2, $19
        8fb3000c 0000031c  318		lw	$19, 12($sp)
        8fbf001c 00000320  319		lw	$ra, 28($sp)
        8fb00000 00000324  320		lw	$16, 0($sp)
        8fb10004 00000328  321		lw	$17, 4($sp)
        8fb20008 0000032c  322		lw	$18, 8($sp)
        03e00008 00000330  323		jr	$ra
        27bd0020 00000334  324		addiu	$sp, $sp, 32
                           325		.type	GUI_UC__NumBytes2NumChars,@function
                           326		.size	GUI_UC__NumBytes2NumChars,.-GUI_UC__NumBytes2NumChars
                           327		.align	4
                           328	 #Chars	$19	local
                           329	 #Bytes	$18	local
                           330	
                           331	 #s	$16	param
                           332	 #NumBytes	$17	param
                           333	
                           334		.data
                           335	.L236:
                           336		.text
                           337		.align	4

                                   Tue Apr 07 08:55:52 2015           Page 8
                                   Tue Apr 07 08:55:51 2015       gh_2i07s.s
                           338	 #GUI_Context	GUI_Context	import
                           339	
                           340		.data
                           341		.text
