
                                   Tue Apr 07 08:56:05 2015           Page 1
                                   Tue Apr 07 08:56:05 2015       gh_2i082.s
Command Line:   C:\GHS\V35\mips35\asmips.exe -noundefined -elf -b0
                -IC:\local\Workspace\DC_V04.01.00_int\cu3x1Platform_SRC\emWinColour
                -IC:\local\Workspace\DC_V04.01.00_int\cu3x1Platform_SRC\platform\include
                -IC:\local\Workspace\DC_V04.01.00_int\cu3x1Platform_SRC\platform\common
                -IC:\local\Workspace\DC_V04.01.00_int\cu3x1Platform_SRC\platform\hardware
                -IC:\local\Workspace\DC_V04.01.00_int\cu3x1Platform_SRC\platform\hardware\D3018X
                -IC:\local\Workspace\DC_V04.01.00_int\cu3x1Platform_SRC\embos\inc
                -IC:\local\Workspace\DC_V04.01.00_int\cu3x1Platform_SRC\emWinColour\config
                -IC:\local\Workspace\DC_V04.01.00_int\cu3x1Platform_SRC\emWinColour\gui\ConvertMono
                -IC:\local\Workspace\DC_V04.01.00_int\cu3x1Platform_SRC\emWinColour\gui\Core
                -IC:\local\Workspace\DC_V04.01.00_int\cu3x1Platform_SRC\emWinColour\gui\Font
                -IC:\local\Workspace\DC_V04.01.00_int\cu3x1Platform_SRC\emWinColour\gui\LCDDriver
                -IC:\local\Workspace\DC_V04.01.00_int\cu3x1Platform_SRC\emWinColour\gui\MemDev
                -IC:\local\Workspace\DC_V04.01.00_int\cu3x1Platform_SRC\emWinColour\gui\VNC
                -IC:\local\Workspace\DC_V04.01.00_int\cu3x1Platform_SRC\emWinColour\gui\Widget
                -IC:\local\Workspace\DC_V04.01.00_int\cu3x1Platform_SRC\emWinColour\gui\wm
                -IC:\local\Workspace\DC_V04.01.00_int\cu3x1App_SRC\Control\source
                -IC:\local\Workspace\DC_V04.01.00_int\cu3x1App_SRC\Control\source\include
                -IC:\local\Workspace\DC_V04.01.00_int\cu3x1App_SRC\Control\source\util
                -IC:\local\Workspace\DC_V04.01.00_int\cu3x1App_SRC\Control\source\datapoint
                -IC:\local\Workspace\DC_V04.01.00_int\cu3x1App_SRC\Control\source\factory
                -IC:\local\Workspace\DC_V04.01.00_int\cu3x1Platform_SRC\embos
                -IC:\local\Workspace\DC_V04.01.00_int\cu3x1Platform_SRC\emWinColour\gui\core
                -IC:\local\Workspace\DC_V04.01.00_int\cu3x1App_SRC\Control\source\rtip\webpage
                -IC:\local\Workspace\DC_V04.01.00_int\cu3x1App_SRC\Control\source\rtip\config
                -IC:\local\Workspace\DC_V04.01.00_int\cu3x1App_SRC\Control\source\rtip\xnet
                -IC:\local\Workspace\DC_V04.01.00_int\cu3x1App_SRC\Control\source\stub
                -IC:\local\Workspace\DC_V04.01.00_int\cu3x1App_SRC\Control\source\test
                -IC:\local\Workspace\DC_V04.01.00_int\cu3x1App_SRC\Control\source\GENIpro
                -IC:\local\Workspace\DC_V04.01.00_int\cu3x1App_SRC\Control\source\GENIpro\GENI_sys
                -IC:\local\Workspace\DC_V04.01.00_int\cu3x1App_SRC\Control\source\GENIpro\GENIusb\emUSB\USB\Driver
                -IC:\local\Workspace\DC_V04.01.00_int\cu3x1App_SRC\Control\source\application\intercom
                -IC:\local\Workspace\DC_V04.01.00_int\cu3x1App_SRC\Control\source\application\controller
                -IC:\local\Workspace\DC_V04.01.00_int\cu3x1App_SRC\Control\source\application\driver
                -IC:\local\Workspace\DC_V04.01.00_int\cu3x1App_SRC\Control\source\application\webif
                -IC:\local\Workspace\DC_V04.01.00_int\cu3x1App_SRC\Control\source\application\relay
                -IC:\local\Workspace\DC_V04.01.00_int\cu3x1App_SRC\Control\source\application\GENIApp
                -IC:\local\Workspace\DC_V04.01.00_int\cu3x1App_SRC\Control\source\application\alarm
                -IC:\local\Workspace\DC_V04.01.00_int\cu3x1App_SRC\Control\source\application\config
                -IC:\local\Workspace\DC_V04.01.00_int\cu3x1App_SRC\Control\source\application\AnaInConfigCtrl
                -IC:\local\Workspace\DC_V04.01.00_int\cu3x1App_SRC\Control\source\application\Sms
                -IC:\local\Workspace\DC_V04.01.00_int\cu3x1App_SRC\Control\source\application\display
                -IC:\local\Workspace\DC_V04.01.00_int\cu3x1App_SRC\Control\source\application\display\display_task
                -IC:\local\Workspace\DC_V04.01.00_int\cu3x1App_SRC\Control\source\application\display\gui_utility
                -IC:\local\Workspace\DC_V04.01.00_int\cu3x1App_SRC\Control\source\application\display\mpcunit
                -IC:\local\Workspace\DC_V04.01.00_int\cu3x1App_SRC\Control\source\GeniPro
                -IC:\local\Workspace\DC_V04.01.00_int\cu3x1App_SRC\Control\source\GeniPro\GENI_sys
                -IC:\local\Workspace\DC_V04.01.00_int\cu3x1App_SRC\Control\source\GeniPro\GENIbus
                -IC:\local\Workspace\DC_V04.01.00_int\cu3x1App_SRC\Control\source\GeniPro\GENIcom
                -IC:\local\Workspace\DC_V04.01.00_int\cu3x1App_SRC\Control\source\GeniPro\GENIrs232
                -IC:\local\Workspace\DC_V04.01.00_int\cu3x1App_SRC\Control\source\GeniPro\Virtual
                -IC:\local\Workspace\DC_V04.01.00_int\cu3x1Platform_SRC\Platform\common
                -IC:\local\Workspace\DC_V04.01.00_int\cu3x1Platform_SRC\Platform\hardware
                -IC:\local\Workspace\DC_V04.01.00_int\cu3x1Platform_SRC\Platform\hardware\D3018X
                -IC:\local\Workspace\DC_V04.01.00_int\cu3x1App_SRC\Control\source\application\display\imagesTFT
                -IC:\GHS\V35\mips35\mipsl_sf -r4121 -source=GUI_WaitEvent.c -o
                objs\gh_2i082.o -list=objs\GUI_WaitEvent.lst
                C:\Users\55602\AppData\Local\Temp\gh_2i082.s
Source File:    C:\Users\55602\AppData\Local\Temp\gh_2i082.s
Directory:      C:\local\Workspace\DC_V04.01.00_int\cu3x1App_SRC\Control\source
Host OS:        GHS_WIN32
Version:        AS-MIPS 3.5#11 
Release:        MULTI 2000, MIPS v3.5
Revision Date:  Wed Feb 27 12:19:03 2002
Release Date:   Sat Mar 02 02:57:59 2002
                             1	 #Source File:   C:\local\Workspace\DC_V04.01.00_int\cu3x1Platform_SRC\emWinColour\GUI\Core\GUI_WaitEvent.c

                                   Tue Apr 07 08:56:05 2015           Page 2
                                   Tue Apr 07 08:56:05 2015       gh_2i082.s
                             2	 #Directory:     
                             3	 #		C:\local\Workspace\DC_V04.01.00_int\cu3x1App_SRC\Control\source
                             4	 #Compile Date:  Tue Apr 07 08:56:05 2015
                             5	 #Host OS:       Win32
                             6	 #Version:       C-MIPS 3.5#11 RELEASE VERSION
                             7	 #Release:       MULTI 2000, MIPS v3.5
                             8	 #Revision Date: Fri Mar 01 11:32:40 2002
                             9	 #Release Date:  Sat Mar 02 02:58:48 2002
                            10		.set	noat
                            11		.set	noreorder
                            12		.set	nomacro
                            13		.text
                            14		.align	4
                            15		.globl	GUI_WaitEvent
                            16	GUI_WaitEvent:
        27bdffe8 00000000   17		addiu	$sp, $sp, -24
                            18	 #	    .bf
        afbf0014 00000004   19		sw	$ra, 20($sp)
        afb20008 00000008   20		sw	$18, 8($sp)
        afb10004 0000000c   21		sw	$17, 4($sp)
        8f910000 00000010   22		lw	$17, %sdaoff(GUITASK__EntranceCnt)($28)
        0c000000 00000014   23		jal	GUI_ALLOC_Lock
        afb00000 00000018   24		sw	$16, 0($sp)
        02209025 0000001c   25		move	$18, $17
        001280c2 00000020   26		srl	$16, $18, 3
        52000014 00000024   27		beql	$16, $0, .L1000032
        32500007 00000028   28		andi	$16, $18, 7
                            29	.L48:
        0c000000 0000002c   30		jal	GUI_Unlock
        00000000 00000030   31		nop
        0c000000 00000034   32		jal	GUI_Unlock
        00000000 00000038   33		nop
        0c000000 0000003c   34		jal	GUI_Unlock
        00000000 00000040   35		nop
        0c000000 00000044   36		jal	GUI_Unlock
        00000000 00000048   37		nop
        0c000000 0000004c   38		jal	GUI_Unlock
        00000000 00000050   39		nop
        0c000000 00000054   40		jal	GUI_Unlock
        00000000 00000058   41		nop
        0c000000 0000005c   42		jal	GUI_Unlock
        00000000 00000060   43		nop
        0c000000 00000064   44		jal	GUI_Unlock
        2610ffff 00000068   45		addiu	$16, $16, -1
        1600ffef 0000006c   46		bne	$16, $0, .L48
        00000000 00000070   47		nop
        32500007 00000074   48		andi	$16, $18, 7
                            49	.L1000032:
        12000005 00000078   50		beq	$16, $0, .L4
        00000000 0000007c   51		nop
                            52	.L52:
        0c000000 00000080   53		jal	GUI_Unlock
        2610ffff 00000084   54		addiu	$16, $16, -1
        1600fffd 00000088   55		bne	$16, $0, .L52
        00000000 0000008c   56		nop
                            57	.L4:

                                   Tue Apr 07 08:56:05 2015           Page 3
                                   Tue Apr 07 08:56:05 2015       gh_2i082.s
        0c000000 00000090   58		jal	GUI_X_ExecIdle
        001180c2 00000094   59		srl	$16, $17, 3
        52000014 00000098   60		beql	$16, $0, .L1000055
        32300007 0000009c   61		andi	$16, $17, 7
                            62	.L71:
        0c000000 000000a0   63		jal	GUI_Lock
        00000000 000000a4   64		nop
        0c000000 000000a8   65		jal	GUI_Lock
        00000000 000000ac   66		nop
        0c000000 000000b0   67		jal	GUI_Lock
        00000000 000000b4   68		nop
        0c000000 000000b8   69		jal	GUI_Lock
        00000000 000000bc   70		nop
        0c000000 000000c0   71		jal	GUI_Lock
        00000000 000000c4   72		nop
        0c000000 000000c8   73		jal	GUI_Lock
        00000000 000000cc   74		nop
        0c000000 000000d0   75		jal	GUI_Lock
        00000000 000000d4   76		nop
        0c000000 000000d8   77		jal	GUI_Lock
        2610ffff 000000dc   78		addiu	$16, $16, -1
        1600ffef 000000e0   79		bne	$16, $0, .L71
        00000000 000000e4   80		nop
        32300007 000000e8   81		andi	$16, $17, 7
                            82	.L1000055:
        12000005 000000ec   83		beq	$16, $0, .L8
        00000000 000000f0   84		nop
                            85	.L75:
        0c000000 000000f4   86		jal	GUI_Lock
        2610ffff 000000f8   87		addiu	$16, $16, -1
        1600fffd 000000fc   88		bne	$16, $0, .L75
        00000000 00000100   89		nop
                            90	.L8:
        0c000000 00000104   91		jal	GUI_ALLOC_Unlock
        00000000 00000108   92		nop
                            93	 #	    .ef
        8fb00000 0000010c   94		lw	$16, 0($sp)
        8fbf0014 00000110   95		lw	$ra, 20($sp)
        8fb10004 00000114   96		lw	$17, 4($sp)
        8fb20008 00000118   97		lw	$18, 8($sp)
        03e00008 0000011c   98		jr	$ra
        27bd0018 00000120   99		addiu	$sp, $sp, 24
                           100		.type	GUI_WaitEvent,@function
                           101		.size	GUI_WaitEvent,.-GUI_WaitEvent
                           102		.align	4
                           103	 #LockCnt	$17	local
                           104	
                           105		.data
                           106	.L180:
                           107		.text
                           108		.align	4
                           109	 #GUITASK__EntranceCnt	%sdaoff(GUITASK__EntranceCnt)	import
                           110	
                           111		.data
                           112		.text
