
                                   Tue Apr 07 08:54:24 2015           Page 1
                                   Tue Apr 07 08:54:24 2015       gh_2i060.s
Command Line:   C:\GHS\V35\mips35\asmips.exe -noundefined -elf -b0
                -IC:\local\Workspace\DC_V04.01.00_int\cu3x1Platform_SRC\emWinColour
                -IC:\local\Workspace\DC_V04.01.00_int\cu3x1Platform_SRC\platform\include
                -IC:\local\Workspace\DC_V04.01.00_int\cu3x1Platform_SRC\platform\common
                -IC:\local\Workspace\DC_V04.01.00_int\cu3x1Platform_SRC\platform\hardware
                -IC:\local\Workspace\DC_V04.01.00_int\cu3x1Platform_SRC\platform\hardware\D3018X
                -IC:\local\Workspace\DC_V04.01.00_int\cu3x1Platform_SRC\embos\inc
                -IC:\local\Workspace\DC_V04.01.00_int\cu3x1Platform_SRC\emWinColour\config
                -IC:\local\Workspace\DC_V04.01.00_int\cu3x1Platform_SRC\emWinColour\gui\ConvertMono
                -IC:\local\Workspace\DC_V04.01.00_int\cu3x1Platform_SRC\emWinColour\gui\Core
                -IC:\local\Workspace\DC_V04.01.00_int\cu3x1Platform_SRC\emWinColour\gui\Font
                -IC:\local\Workspace\DC_V04.01.00_int\cu3x1Platform_SRC\emWinColour\gui\LCDDriver
                -IC:\local\Workspace\DC_V04.01.00_int\cu3x1Platform_SRC\emWinColour\gui\MemDev
                -IC:\local\Workspace\DC_V04.01.00_int\cu3x1Platform_SRC\emWinColour\gui\VNC
                -IC:\local\Workspace\DC_V04.01.00_int\cu3x1Platform_SRC\emWinColour\gui\Widget
                -IC:\local\Workspace\DC_V04.01.00_int\cu3x1Platform_SRC\emWinColour\gui\wm
                -IC:\local\Workspace\DC_V04.01.00_int\cu3x1App_SRC\Control\source
                -IC:\local\Workspace\DC_V04.01.00_int\cu3x1App_SRC\Control\source\include
                -IC:\local\Workspace\DC_V04.01.00_int\cu3x1App_SRC\Control\source\util
                -IC:\local\Workspace\DC_V04.01.00_int\cu3x1App_SRC\Control\source\datapoint
                -IC:\local\Workspace\DC_V04.01.00_int\cu3x1App_SRC\Control\source\factory
                -IC:\local\Workspace\DC_V04.01.00_int\cu3x1Platform_SRC\embos
                -IC:\local\Workspace\DC_V04.01.00_int\cu3x1Platform_SRC\emWinColour\gui\core
                -IC:\local\Workspace\DC_V04.01.00_int\cu3x1App_SRC\Control\source\rtip\webpage
                -IC:\local\Workspace\DC_V04.01.00_int\cu3x1App_SRC\Control\source\rtip\config
                -IC:\local\Workspace\DC_V04.01.00_int\cu3x1App_SRC\Control\source\rtip\xnet
                -IC:\local\Workspace\DC_V04.01.00_int\cu3x1App_SRC\Control\source\stub
                -IC:\local\Workspace\DC_V04.01.00_int\cu3x1App_SRC\Control\source\test
                -IC:\local\Workspace\DC_V04.01.00_int\cu3x1App_SRC\Control\source\GENIpro
                -IC:\local\Workspace\DC_V04.01.00_int\cu3x1App_SRC\Control\source\GENIpro\GENI_sys
                -IC:\local\Workspace\DC_V04.01.00_int\cu3x1App_SRC\Control\source\GENIpro\GENIusb\emUSB\USB\Driver
                -IC:\local\Workspace\DC_V04.01.00_int\cu3x1App_SRC\Control\source\application\intercom
                -IC:\local\Workspace\DC_V04.01.00_int\cu3x1App_SRC\Control\source\application\controller
                -IC:\local\Workspace\DC_V04.01.00_int\cu3x1App_SRC\Control\source\application\driver
                -IC:\local\Workspace\DC_V04.01.00_int\cu3x1App_SRC\Control\source\application\webif
                -IC:\local\Workspace\DC_V04.01.00_int\cu3x1App_SRC\Control\source\application\relay
                -IC:\local\Workspace\DC_V04.01.00_int\cu3x1App_SRC\Control\source\application\GENIApp
                -IC:\local\Workspace\DC_V04.01.00_int\cu3x1App_SRC\Control\source\application\alarm
                -IC:\local\Workspace\DC_V04.01.00_int\cu3x1App_SRC\Control\source\application\config
                -IC:\local\Workspace\DC_V04.01.00_int\cu3x1App_SRC\Control\source\application\AnaInConfigCtrl
                -IC:\local\Workspace\DC_V04.01.00_int\cu3x1App_SRC\Control\source\application\Sms
                -IC:\local\Workspace\DC_V04.01.00_int\cu3x1App_SRC\Control\source\application\display
                -IC:\local\Workspace\DC_V04.01.00_int\cu3x1App_SRC\Control\source\application\display\display_task
                -IC:\local\Workspace\DC_V04.01.00_int\cu3x1App_SRC\Control\source\application\display\gui_utility
                -IC:\local\Workspace\DC_V04.01.00_int\cu3x1App_SRC\Control\source\application\display\mpcunit
                -IC:\local\Workspace\DC_V04.01.00_int\cu3x1App_SRC\Control\source\GeniPro
                -IC:\local\Workspace\DC_V04.01.00_int\cu3x1App_SRC\Control\source\GeniPro\GENI_sys
                -IC:\local\Workspace\DC_V04.01.00_int\cu3x1App_SRC\Control\source\GeniPro\GENIbus
                -IC:\local\Workspace\DC_V04.01.00_int\cu3x1App_SRC\Control\source\GeniPro\GENIcom
                -IC:\local\Workspace\DC_V04.01.00_int\cu3x1App_SRC\Control\source\GeniPro\GENIrs232
                -IC:\local\Workspace\DC_V04.01.00_int\cu3x1App_SRC\Control\source\GeniPro\Virtual
                -IC:\local\Workspace\DC_V04.01.00_int\cu3x1Platform_SRC\Platform\common
                -IC:\local\Workspace\DC_V04.01.00_int\cu3x1Platform_SRC\Platform\hardware
                -IC:\local\Workspace\DC_V04.01.00_int\cu3x1Platform_SRC\Platform\hardware\D3018X
                -IC:\local\Workspace\DC_V04.01.00_int\cu3x1App_SRC\Control\source\application\display\imagesTFT
                -IC:\GHS\V35\mips35\mipsl_sf -r4121 -source=GUI_FillRect.c -o
                objs\gh_2i060.o -list=objs\GUI_FillRect.lst
                C:\Users\55602\AppData\Local\Temp\gh_2i060.s
Source File:    C:\Users\55602\AppData\Local\Temp\gh_2i060.s
Directory:      C:\local\Workspace\DC_V04.01.00_int\cu3x1App_SRC\Control\source
Host OS:        GHS_WIN32
Version:        AS-MIPS 3.5#11 
Release:        MULTI 2000, MIPS v3.5
Revision Date:  Wed Feb 27 12:19:03 2002
Release Date:   Sat Mar 02 02:57:59 2002
                             1	 #Source File:   C:\local\Workspace\DC_V04.01.00_int\cu3x1Platform_SRC\emWinColour\GUI\Core\GUI_FillRect.c

                                   Tue Apr 07 08:54:24 2015           Page 2
                                   Tue Apr 07 08:54:24 2015       gh_2i060.s
                             2	 #Directory:     
                             3	 #		C:\local\Workspace\DC_V04.01.00_int\cu3x1App_SRC\Control\source
                             4	 #Compile Date:  Tue Apr 07 08:54:24 2015
                             5	 #Host OS:       Win32
                             6	 #Version:       C-MIPS 3.5#11 RELEASE VERSION
                             7	 #Release:       MULTI 2000, MIPS v3.5
                             8	 #Revision Date: Fri Mar 01 11:32:40 2002
                             9	 #Release Date:  Sat Mar 02 02:58:48 2002
                            10		.set	noat
                            11		.set	noreorder
                            12		.set	nomacro
                            13		.text
                            14		.align	4
                            15		.globl	GUI_FillRect
                            16	GUI_FillRect:
        27bdffe0 00000000   17		addiu	$sp, $sp, -32
        afbf001c 00000004   18		sw	$ra, 28($sp)
        afb3000c 00000008   19		sw	$19, 12($sp)
        afb00000 0000000c   20		sw	$16, 0($sp)
        00808025 00000010   21		move	$16, $4
        afb10004 00000014   22		sw	$17, 4($sp)
        00a08825 00000018   23		move	$17, $5
        afb20008 0000001c   24		sw	$18, 8($sp)
        00c09025 00000020   25		move	$18, $6
                            26	 #	    .bf
        0c000000 00000024   27		jal	GUI_Lock
        00e09825 00000028   28		move	$19, $7
        3c020000 0000002c   29		lui	$2, %hi(GUI_Context)
        24420000 00000030   30		addiu	$2, $2, %lo(GUI_Context)
        8c430044 00000034   31		lw	$3, 68($2)
        8c420048 00000038   32		lw	$2, 72($2)
        27a40010 0000003c   33		addiu	$4, $sp, 16
        02038021 00000040   34		addu	$16, $16, $3
        02629821 00000044   35		addu	$19, $19, $2
        a7b00010 00000048   36		sh	$16, 16($sp)
        02439021 0000004c   37		addu	$18, $18, $3
        a7b20014 00000050   38		sh	$18, 20($sp)
        02228821 00000054   39		addu	$17, $17, $2
        a7b10012 00000058   40		sh	$17, 18($sp)
        0c000000 0000005c   41		jal	WM__InitIVRSearch
        a7b30016 00000060   42		sh	$19, 22($sp)
        1040000a 00000064   43		beq	$2, $0, .L4
        00000000 00000068   44		nop
        02002025 0000006c   45		move	$4, $16
                            46	.L1000008:
        02202825 00000070   47		move	$5, $17
        02403025 00000074   48		move	$6, $18
        0c000000 00000078   49		jal	LCD_FillRect
        02603825 0000007c   50		move	$7, $19
        0c000000 00000080   51		jal	WM__GetNextIVR
        00000000 00000084   52		nop
        5440fff9 00000088   53		bnel	$2, $0, .L1000008
        02002025 0000008c   54		move	$4, $16
                            55	.L4:
        0c000000 00000090   56		jal	GUI_Unlock
        00000000 00000094   57		nop

                                   Tue Apr 07 08:54:24 2015           Page 3
                                   Tue Apr 07 08:54:24 2015       gh_2i060.s
                            58	 #	    .ef
        8fb10004 00000098   59		lw	$17, 4($sp)
        8fb00000 0000009c   60		lw	$16, 0($sp)
        8fbf001c 000000a0   61		lw	$ra, 28($sp)
        8fb20008 000000a4   62		lw	$18, 8($sp)
        8fb3000c 000000a8   63		lw	$19, 12($sp)
        03e00008 000000ac   64		jr	$ra
        27bd0020 000000b0   65		addiu	$sp, $sp, 32
                            66		.type	GUI_FillRect,@function
                            67		.size	GUI_FillRect,.-GUI_FillRect
                            68		.align	4
                            69	 #r	16($sp)	local
                            70	
                            71	 #x0	$16	param
                            72	 #y0	$17	param
                            73	 #x1	$18	param
                            74	 #y1	$19	param
                            75	
                            76		.data
                            77	.L39:
                            78		.text
                            79		.align	4
                            80	 #GUI_Context	GUI_Context	import
                            81	
                            82		.data
                            83		.text
