
                                   Tue Apr 07 08:52:46 2015           Page 1
                                   Tue Apr 07 08:52:46 2015       gh_2i03p.s
Command Line:   C:\GHS\V35\mips35\asmips.exe -noundefined -elf -b0
                -IC:\local\Workspace\DC_V04.01.00_int\cu3x1Platform_SRC\emWinColour
                -IC:\local\Workspace\DC_V04.01.00_int\cu3x1Platform_SRC\platform\include
                -IC:\local\Workspace\DC_V04.01.00_int\cu3x1Platform_SRC\platform\common
                -IC:\local\Workspace\DC_V04.01.00_int\cu3x1Platform_SRC\platform\hardware
                -IC:\local\Workspace\DC_V04.01.00_int\cu3x1Platform_SRC\platform\hardware\D3018X
                -IC:\local\Workspace\DC_V04.01.00_int\cu3x1Platform_SRC\embos\inc
                -IC:\local\Workspace\DC_V04.01.00_int\cu3x1Platform_SRC\emWinColour\config
                -IC:\local\Workspace\DC_V04.01.00_int\cu3x1Platform_SRC\emWinColour\gui\ConvertMono
                -IC:\local\Workspace\DC_V04.01.00_int\cu3x1Platform_SRC\emWinColour\gui\Core
                -IC:\local\Workspace\DC_V04.01.00_int\cu3x1Platform_SRC\emWinColour\gui\Font
                -IC:\local\Workspace\DC_V04.01.00_int\cu3x1Platform_SRC\emWinColour\gui\LCDDriver
                -IC:\local\Workspace\DC_V04.01.00_int\cu3x1Platform_SRC\emWinColour\gui\MemDev
                -IC:\local\Workspace\DC_V04.01.00_int\cu3x1Platform_SRC\emWinColour\gui\VNC
                -IC:\local\Workspace\DC_V04.01.00_int\cu3x1Platform_SRC\emWinColour\gui\Widget
                -IC:\local\Workspace\DC_V04.01.00_int\cu3x1Platform_SRC\emWinColour\gui\wm
                -IC:\local\Workspace\DC_V04.01.00_int\cu3x1App_SRC\Control\source
                -IC:\local\Workspace\DC_V04.01.00_int\cu3x1App_SRC\Control\source\include
                -IC:\local\Workspace\DC_V04.01.00_int\cu3x1App_SRC\Control\source\util
                -IC:\local\Workspace\DC_V04.01.00_int\cu3x1App_SRC\Control\source\datapoint
                -IC:\local\Workspace\DC_V04.01.00_int\cu3x1App_SRC\Control\source\factory
                -IC:\local\Workspace\DC_V04.01.00_int\cu3x1Platform_SRC\embos
                -IC:\local\Workspace\DC_V04.01.00_int\cu3x1Platform_SRC\emWinColour\gui\core
                -IC:\local\Workspace\DC_V04.01.00_int\cu3x1App_SRC\Control\source\rtip\webpage
                -IC:\local\Workspace\DC_V04.01.00_int\cu3x1App_SRC\Control\source\rtip\config
                -IC:\local\Workspace\DC_V04.01.00_int\cu3x1App_SRC\Control\source\rtip\xnet
                -IC:\local\Workspace\DC_V04.01.00_int\cu3x1App_SRC\Control\source\stub
                -IC:\local\Workspace\DC_V04.01.00_int\cu3x1App_SRC\Control\source\test
                -IC:\local\Workspace\DC_V04.01.00_int\cu3x1App_SRC\Control\source\GENIpro
                -IC:\local\Workspace\DC_V04.01.00_int\cu3x1App_SRC\Control\source\GENIpro\GENI_sys
                -IC:\local\Workspace\DC_V04.01.00_int\cu3x1App_SRC\Control\source\GENIpro\GENIusb\emUSB\USB\Driver
                -IC:\local\Workspace\DC_V04.01.00_int\cu3x1App_SRC\Control\source\application\intercom
                -IC:\local\Workspace\DC_V04.01.00_int\cu3x1App_SRC\Control\source\application\controller
                -IC:\local\Workspace\DC_V04.01.00_int\cu3x1App_SRC\Control\source\application\driver
                -IC:\local\Workspace\DC_V04.01.00_int\cu3x1App_SRC\Control\source\application\webif
                -IC:\local\Workspace\DC_V04.01.00_int\cu3x1App_SRC\Control\source\application\relay
                -IC:\local\Workspace\DC_V04.01.00_int\cu3x1App_SRC\Control\source\application\GENIApp
                -IC:\local\Workspace\DC_V04.01.00_int\cu3x1App_SRC\Control\source\application\alarm
                -IC:\local\Workspace\DC_V04.01.00_int\cu3x1App_SRC\Control\source\application\config
                -IC:\local\Workspace\DC_V04.01.00_int\cu3x1App_SRC\Control\source\application\AnaInConfigCtrl
                -IC:\local\Workspace\DC_V04.01.00_int\cu3x1App_SRC\Control\source\application\Sms
                -IC:\local\Workspace\DC_V04.01.00_int\cu3x1App_SRC\Control\source\application\display
                -IC:\local\Workspace\DC_V04.01.00_int\cu3x1App_SRC\Control\source\application\display\display_task
                -IC:\local\Workspace\DC_V04.01.00_int\cu3x1App_SRC\Control\source\application\display\gui_utility
                -IC:\local\Workspace\DC_V04.01.00_int\cu3x1App_SRC\Control\source\application\display\mpcunit
                -IC:\local\Workspace\DC_V04.01.00_int\cu3x1App_SRC\Control\source\GeniPro
                -IC:\local\Workspace\DC_V04.01.00_int\cu3x1App_SRC\Control\source\GeniPro\GENI_sys
                -IC:\local\Workspace\DC_V04.01.00_int\cu3x1App_SRC\Control\source\GeniPro\GENIbus
                -IC:\local\Workspace\DC_V04.01.00_int\cu3x1App_SRC\Control\source\GeniPro\GENIcom
                -IC:\local\Workspace\DC_V04.01.00_int\cu3x1App_SRC\Control\source\GeniPro\GENIrs232
                -IC:\local\Workspace\DC_V04.01.00_int\cu3x1App_SRC\Control\source\GeniPro\Virtual
                -IC:\local\Workspace\DC_V04.01.00_int\cu3x1Platform_SRC\Platform\common
                -IC:\local\Workspace\DC_V04.01.00_int\cu3x1Platform_SRC\Platform\hardware
                -IC:\local\Workspace\DC_V04.01.00_int\cu3x1Platform_SRC\Platform\hardware\D3018X
                -IC:\local\Workspace\DC_V04.01.00_int\cu3x1App_SRC\Control\source\application\display\imagesTFT
                -IC:\GHS\V35\mips35\mipsl_sf -r4121 -source=GUI__SetText.c -o
                objs\gh_2i03p.o -list=objs\GUI__SetText.lst
                C:\Users\55602\AppData\Local\Temp\gh_2i03p.s
Source File:    C:\Users\55602\AppData\Local\Temp\gh_2i03p.s
Directory:      C:\local\Workspace\DC_V04.01.00_int\cu3x1App_SRC\Control\source
Host OS:        GHS_WIN32
Version:        AS-MIPS 3.5#11 
Release:        MULTI 2000, MIPS v3.5
Revision Date:  Wed Feb 27 12:19:03 2002
Release Date:   Sat Mar 02 02:57:59 2002
                             1	 #Source File:   C:\local\Workspace\DC_V04.01.00_int\cu3x1Platform_SRC\emWinColour\GUI\Core\GUI__SetText.c

                                   Tue Apr 07 08:52:46 2015           Page 2
                                   Tue Apr 07 08:52:46 2015       gh_2i03p.s
                             2	 #Directory:     
                             3	 #		C:\local\Workspace\DC_V04.01.00_int\cu3x1App_SRC\Control\source
                             4	 #Compile Date:  Tue Apr 07 08:52:46 2015
                             5	 #Host OS:       Win32
                             6	 #Version:       C-MIPS 3.5#11 RELEASE VERSION
                             7	 #Release:       MULTI 2000, MIPS v3.5
                             8	 #Revision Date: Fri Mar 01 11:32:40 2002
                             9	 #Release Date:  Sat Mar 02 02:58:48 2002
                            10		.set	noat
                            11		.set	noreorder
                            12		.set	nomacro
                            13		.text
                            14		.align	4
                            15		.globl	GUI__SetText
                            16	GUI__SetText:
        27bdffe0 00000000   17		addiu	$sp, $sp, -32
        afbf001c 00000004   18		sw	$ra, 28($sp)
        afb40010 00000008   19		sw	$20, 16($sp)
        afb3000c 0000000c   20		sw	$19, 12($sp)
        afb20008 00000010   21		sw	$18, 8($sp)
        afb10004 00000014   22		sw	$17, 4($sp)
        afb00000 00000018   23		sw	$16, 0($sp)
        00808025 0000001c   24		move	$16, $4
                            25	 #	    .bf
        86130000 00000020   26		lh	$19, 0($16)
        34120000 00000024   27		ori	$18, $0, 0
        00a08825 00000028   28		move	$17, $5
        0c000000 0000002c   29		jal	GUI__strcmp_hp
        02602025 00000030   30		move	$4, $19
        50400026 00000034   31		beql	$2, $0, .L1000004
        8fb40010 00000038   32		lw	$20, 16($sp)
        0c000000 0000003c   33		jal	GUI__strlen
        02202025 00000040   34		move	$4, $17
        24540001 00000044   35		addiu	$20, $2, 1
        0c000000 00000048   36		jal	GUI_ALLOC_GetSize
        02602025 0000004c   37		move	$4, $19
        16820010 00000050   38		bne	$20, $2, .L6
        00000000 00000054   39		nop
        0c000000 00000058   40		jal	GUI_ALLOC_h2p
        02602025 0000005c   41		move	$4, $19
        00402025 00000060   42		move	$4, $2
        02202825 00000064   43		move	$5, $17
        0c000000 00000068   44		jal	memcpy
        02803025 0000006c   45		move	$6, $20
        8fb40010 00000070   46		lw	$20, 16($sp)
        8fb3000c 00000074   47		lw	$19, 12($sp)
        8fbf001c 00000078   48		lw	$ra, 28($sp)
        8fb00000 0000007c   49		lw	$16, 0($sp)
        8fb10004 00000080   50		lw	$17, 4($sp)
        8fb20008 00000084   51		lw	$18, 8($sp)
        27bd0020 00000088   52		addiu	$sp, $sp, 32
        03e00008 0000008c   53		jr	$ra
        34020001 00000090   54		ori	$2, $0, 1
                            55	.L6:
        0c000000 00000094   56		jal	GUI_ALLOC_AllocNoInit
        02802025 00000098   57		move	$4, $20

                                   Tue Apr 07 08:52:46 2015           Page 3
                                   Tue Apr 07 08:52:46 2015       gh_2i03p.s
        00409825 0000009c   58		move	$19, $2
        5260000b 000000a0   59		beql	$19, $0, .L1000004
        8fb40010 000000a4   60		lw	$20, 16($sp)
        0c000000 000000a8   61		jal	GUI_ALLOC_h2p
        02602025 000000ac   62		move	$4, $19
        00402025 000000b0   63		move	$4, $2
        0c000000 000000b4   64		jal	strcpy
        02202825 000000b8   65		move	$5, $17
        0c000000 000000bc   66		jal	GUI_ALLOC_FreePtr
        02002025 000000c0   67		move	$4, $16
        a6130000 000000c4   68		sh	$19, 0($16)
        34120001 000000c8   69		ori	$18, $0, 1
        8fb40010 000000cc   70		lw	$20, 16($sp)
                            71	.L1000004:
                            72	 #	    .ef
        02401025 000000d0   73		move	$2, $18
        8fb3000c 000000d4   74		lw	$19, 12($sp)
        8fbf001c 000000d8   75		lw	$ra, 28($sp)
        8fb00000 000000dc   76		lw	$16, 0($sp)
        8fb10004 000000e0   77		lw	$17, 4($sp)
        8fb20008 000000e4   78		lw	$18, 8($sp)
        03e00008 000000e8   79		jr	$ra
        27bd0020 000000ec   80		addiu	$sp, $sp, 32
                            81		.type	GUI__SetText,@function
                            82		.size	GUI__SetText,.-GUI__SetText
                            83		.align	4
                            84	 #r	$18	local
                            85	 #hOld	$19	local
                            86	 #hMem	$19	local
                            87	 #NewLen	$20	local
                            88	
                            89	 #phText	$16	param
                            90	 #s	$17	param
                            91	
                            92		.data
                            93	.L37:
                            94		.text
                            95		.align	4
                            96	
                            97		.data
                            98		.text
