
                                   Tue Apr 07 08:55:16 2015           Page 1
                                   Tue Apr 07 08:55:15 2015       gh_2i072.s
Command Line:   C:\GHS\V35\mips35\asmips.exe -noundefined -elf -b0
                -IC:\local\Workspace\DC_V04.01.00_int\cu3x1Platform_SRC\emWinColour
                -IC:\local\Workspace\DC_V04.01.00_int\cu3x1Platform_SRC\platform\include
                -IC:\local\Workspace\DC_V04.01.00_int\cu3x1Platform_SRC\platform\common
                -IC:\local\Workspace\DC_V04.01.00_int\cu3x1Platform_SRC\platform\hardware
                -IC:\local\Workspace\DC_V04.01.00_int\cu3x1Platform_SRC\platform\hardware\D3018X
                -IC:\local\Workspace\DC_V04.01.00_int\cu3x1Platform_SRC\embos\inc
                -IC:\local\Workspace\DC_V04.01.00_int\cu3x1Platform_SRC\emWinColour\config
                -IC:\local\Workspace\DC_V04.01.00_int\cu3x1Platform_SRC\emWinColour\gui\ConvertMono
                -IC:\local\Workspace\DC_V04.01.00_int\cu3x1Platform_SRC\emWinColour\gui\Core
                -IC:\local\Workspace\DC_V04.01.00_int\cu3x1Platform_SRC\emWinColour\gui\Font
                -IC:\local\Workspace\DC_V04.01.00_int\cu3x1Platform_SRC\emWinColour\gui\LCDDriver
                -IC:\local\Workspace\DC_V04.01.00_int\cu3x1Platform_SRC\emWinColour\gui\MemDev
                -IC:\local\Workspace\DC_V04.01.00_int\cu3x1Platform_SRC\emWinColour\gui\VNC
                -IC:\local\Workspace\DC_V04.01.00_int\cu3x1Platform_SRC\emWinColour\gui\Widget
                -IC:\local\Workspace\DC_V04.01.00_int\cu3x1Platform_SRC\emWinColour\gui\wm
                -IC:\local\Workspace\DC_V04.01.00_int\cu3x1App_SRC\Control\source
                -IC:\local\Workspace\DC_V04.01.00_int\cu3x1App_SRC\Control\source\include
                -IC:\local\Workspace\DC_V04.01.00_int\cu3x1App_SRC\Control\source\util
                -IC:\local\Workspace\DC_V04.01.00_int\cu3x1App_SRC\Control\source\datapoint
                -IC:\local\Workspace\DC_V04.01.00_int\cu3x1App_SRC\Control\source\factory
                -IC:\local\Workspace\DC_V04.01.00_int\cu3x1Platform_SRC\embos
                -IC:\local\Workspace\DC_V04.01.00_int\cu3x1Platform_SRC\emWinColour\gui\core
                -IC:\local\Workspace\DC_V04.01.00_int\cu3x1App_SRC\Control\source\rtip\webpage
                -IC:\local\Workspace\DC_V04.01.00_int\cu3x1App_SRC\Control\source\rtip\config
                -IC:\local\Workspace\DC_V04.01.00_int\cu3x1App_SRC\Control\source\rtip\xnet
                -IC:\local\Workspace\DC_V04.01.00_int\cu3x1App_SRC\Control\source\stub
                -IC:\local\Workspace\DC_V04.01.00_int\cu3x1App_SRC\Control\source\test
                -IC:\local\Workspace\DC_V04.01.00_int\cu3x1App_SRC\Control\source\GENIpro
                -IC:\local\Workspace\DC_V04.01.00_int\cu3x1App_SRC\Control\source\GENIpro\GENI_sys
                -IC:\local\Workspace\DC_V04.01.00_int\cu3x1App_SRC\Control\source\GENIpro\GENIusb\emUSB\USB\Driver
                -IC:\local\Workspace\DC_V04.01.00_int\cu3x1App_SRC\Control\source\application\intercom
                -IC:\local\Workspace\DC_V04.01.00_int\cu3x1App_SRC\Control\source\application\controller
                -IC:\local\Workspace\DC_V04.01.00_int\cu3x1App_SRC\Control\source\application\driver
                -IC:\local\Workspace\DC_V04.01.00_int\cu3x1App_SRC\Control\source\application\webif
                -IC:\local\Workspace\DC_V04.01.00_int\cu3x1App_SRC\Control\source\application\relay
                -IC:\local\Workspace\DC_V04.01.00_int\cu3x1App_SRC\Control\source\application\GENIApp
                -IC:\local\Workspace\DC_V04.01.00_int\cu3x1App_SRC\Control\source\application\alarm
                -IC:\local\Workspace\DC_V04.01.00_int\cu3x1App_SRC\Control\source\application\config
                -IC:\local\Workspace\DC_V04.01.00_int\cu3x1App_SRC\Control\source\application\AnaInConfigCtrl
                -IC:\local\Workspace\DC_V04.01.00_int\cu3x1App_SRC\Control\source\application\Sms
                -IC:\local\Workspace\DC_V04.01.00_int\cu3x1App_SRC\Control\source\application\display
                -IC:\local\Workspace\DC_V04.01.00_int\cu3x1App_SRC\Control\source\application\display\display_task
                -IC:\local\Workspace\DC_V04.01.00_int\cu3x1App_SRC\Control\source\application\display\gui_utility
                -IC:\local\Workspace\DC_V04.01.00_int\cu3x1App_SRC\Control\source\application\display\mpcunit
                -IC:\local\Workspace\DC_V04.01.00_int\cu3x1App_SRC\Control\source\GeniPro
                -IC:\local\Workspace\DC_V04.01.00_int\cu3x1App_SRC\Control\source\GeniPro\GENI_sys
                -IC:\local\Workspace\DC_V04.01.00_int\cu3x1App_SRC\Control\source\GeniPro\GENIbus
                -IC:\local\Workspace\DC_V04.01.00_int\cu3x1App_SRC\Control\source\GeniPro\GENIcom
                -IC:\local\Workspace\DC_V04.01.00_int\cu3x1App_SRC\Control\source\GeniPro\GENIrs232
                -IC:\local\Workspace\DC_V04.01.00_int\cu3x1App_SRC\Control\source\GeniPro\Virtual
                -IC:\local\Workspace\DC_V04.01.00_int\cu3x1Platform_SRC\Platform\common
                -IC:\local\Workspace\DC_V04.01.00_int\cu3x1Platform_SRC\Platform\hardware
                -IC:\local\Workspace\DC_V04.01.00_int\cu3x1Platform_SRC\Platform\hardware\D3018X
                -IC:\local\Workspace\DC_V04.01.00_int\cu3x1App_SRC\Control\source\application\display\imagesTFT
                -IC:\GHS\V35\mips35\mipsl_sf -r4121 -source=GUI_ScreenSize.c -o
                objs\gh_2i072.o -list=objs\GUI_ScreenSize.lst
                C:\Users\55602\AppData\Local\Temp\gh_2i072.s
Source File:    C:\Users\55602\AppData\Local\Temp\gh_2i072.s
Directory:      C:\local\Workspace\DC_V04.01.00_int\cu3x1App_SRC\Control\source
Host OS:        GHS_WIN32
Version:        AS-MIPS 3.5#11 
Release:        MULTI 2000, MIPS v3.5
Revision Date:  Wed Feb 27 12:19:03 2002
Release Date:   Sat Mar 02 02:57:59 2002
                             1	 #Source File:   C:\local\Workspace\DC_V04.01.00_int\cu3x1Platform_SRC\emWinColour\GUI\Core\GUI_ScreenSize.c

                                   Tue Apr 07 08:55:16 2015           Page 2
                                   Tue Apr 07 08:55:15 2015       gh_2i072.s
                             2	 #Directory:     
                             3	 #		C:\local\Workspace\DC_V04.01.00_int\cu3x1App_SRC\Control\source
                             4	 #Compile Date:  Tue Apr 07 08:55:15 2015
                             5	 #Host OS:       Win32
                             6	 #Version:       C-MIPS 3.5#11 RELEASE VERSION
                             7	 #Release:       MULTI 2000, MIPS v3.5
                             8	 #Revision Date: Fri Mar 01 11:32:40 2002
                             9	 #Release Date:  Sat Mar 02 02:58:48 2002
                            10		.set	noat
                            11		.set	noreorder
                            12		.set	nomacro
                            13		.text
                            14		.align	4
                            15		.globl	GUI_SetScreenSizeX
                            16	GUI_SetScreenSizeX:
                            17	 #	    .bf
                            18	 #	    .ef
        03e00008 00000000   19		jr	$ra
        af840000 00000004   20		sw	$4, %sdaoff(_ScreenSizeX)($28)
                            21		.type	GUI_SetScreenSizeX,@function
                            22		.size	GUI_SetScreenSizeX,.-GUI_SetScreenSizeX
                            23		.align	4
                            24	
                            25	 #xSize	$4	param
                            26	
                            27		.data
                            28	.L15:
                            29		.lsbss	_ScreenSizeY,4,4
                            30	
                            31		.lsbss	_ScreenSizeX,4,4
                            32	
                            33		.text
                            34		.align	4
                            35		.align	4
                            36		.globl	GUI_SetScreenSizeY
                            37	GUI_SetScreenSizeY:
                            38	 #	    .bf
                            39	 #	    .ef
        03e00008 00000008   40		jr	$ra
        af840000 0000000c   41		sw	$4, %sdaoff(_ScreenSizeY)($28)
                            42		.type	GUI_SetScreenSizeY,@function
                            43		.size	GUI_SetScreenSizeY,.-GUI_SetScreenSizeY
                            44		.align	4
                            45	
                            46	 #ySize	$4	param
                            47	
                            48		.data
                            49	.L34:
                            50		.text
                            51		.align	4
                            52		.align	4
                            53		.globl	GUI_GetScreenSizeX
                            54	GUI_GetScreenSizeX:
        8f990000 00000010   55		lw	$25, %sdaoff(_ScreenSizeX)($28)
                            56	 #	    .bf
        27bdfff8 00000014   57		addiu	$sp, $sp, -8

                                   Tue Apr 07 08:55:16 2015           Page 3
                                   Tue Apr 07 08:55:15 2015       gh_2i072.s
        afbf0004 00000018   58		sw	$ra, 4($sp)
        57200005 0000001c   59		bnel	$25, $0, .L1000042
        8fbf0004 00000020   60		lw	$ra, 4($sp)
        0c000000 00000024   61		jal	LCD_GetXSize
        00000000 00000028   62		nop
        af820000 0000002c   63		sw	$2, %sdaoff(_ScreenSizeX)($28)
        8fbf0004 00000030   64		lw	$ra, 4($sp)
                            65	.L1000042:
                            66	 #	    .ef
        27bd0008 00000034   67		addiu	$sp, $sp, 8
        03e00008 00000038   68		jr	$ra
        8f820000 0000003c   69		lw	$2, %sdaoff(_ScreenSizeX)($28)
                            70		.type	GUI_GetScreenSizeX,@function
                            71		.size	GUI_GetScreenSizeX,.-GUI_GetScreenSizeX
                            72		.align	4
                            73	
                            74		.data
                            75	.L61:
                            76		.text
                            77		.align	4
                            78		.align	4
                            79		.globl	GUI_GetScreenSizeY
                            80	GUI_GetScreenSizeY:
        8f990000 00000040   81		lw	$25, %sdaoff(_ScreenSizeY)($28)
                            82	 #	    .bf
        27bdfff8 00000044   83		addiu	$sp, $sp, -8
        afbf0004 00000048   84		sw	$ra, 4($sp)
        57200005 0000004c   85		bnel	$25, $0, .L1000074
        8fbf0004 00000050   86		lw	$ra, 4($sp)
        0c000000 00000054   87		jal	LCD_GetYSize
        00000000 00000058   88		nop
        af820000 0000005c   89		sw	$2, %sdaoff(_ScreenSizeY)($28)
        8fbf0004 00000060   90		lw	$ra, 4($sp)
                            91	.L1000074:
                            92	 #	    .ef
        27bd0008 00000064   93		addiu	$sp, $sp, 8
        03e00008 00000068   94		jr	$ra
        8f820000 0000006c   95		lw	$2, %sdaoff(_ScreenSizeY)($28)
                            96		.type	GUI_GetScreenSizeY,@function
                            97		.size	GUI_GetScreenSizeY,.-GUI_GetScreenSizeY
                            98		.align	4
                            99	
                           100		.data
                           101	.L93:
                           102		.text
                           103		.align	4
                           104	 #_ScreenSizeX	%sdaoff(_ScreenSizeX)	static
                           105	 #_ScreenSizeY	%sdaoff(_ScreenSizeY)	static
                           106	
                           107		.data
                           108		.section ".sbss","awb"
                           109		.align	4
                           110		.text
