
                                   Tue Apr 07 08:52:52 2015           Page 1
                                   Tue Apr 07 08:52:51 2015       gh_2i03t.s
Command Line:   C:\GHS\V35\mips35\asmips.exe -noundefined -elf -b0
                -IC:\local\Workspace\DC_V04.01.00_int\cu3x1Platform_SRC\emWinColour
                -IC:\local\Workspace\DC_V04.01.00_int\cu3x1Platform_SRC\platform\include
                -IC:\local\Workspace\DC_V04.01.00_int\cu3x1Platform_SRC\platform\common
                -IC:\local\Workspace\DC_V04.01.00_int\cu3x1Platform_SRC\platform\hardware
                -IC:\local\Workspace\DC_V04.01.00_int\cu3x1Platform_SRC\platform\hardware\D3018X
                -IC:\local\Workspace\DC_V04.01.00_int\cu3x1Platform_SRC\embos\inc
                -IC:\local\Workspace\DC_V04.01.00_int\cu3x1Platform_SRC\emWinColour\config
                -IC:\local\Workspace\DC_V04.01.00_int\cu3x1Platform_SRC\emWinColour\gui\ConvertMono
                -IC:\local\Workspace\DC_V04.01.00_int\cu3x1Platform_SRC\emWinColour\gui\Core
                -IC:\local\Workspace\DC_V04.01.00_int\cu3x1Platform_SRC\emWinColour\gui\Font
                -IC:\local\Workspace\DC_V04.01.00_int\cu3x1Platform_SRC\emWinColour\gui\LCDDriver
                -IC:\local\Workspace\DC_V04.01.00_int\cu3x1Platform_SRC\emWinColour\gui\MemDev
                -IC:\local\Workspace\DC_V04.01.00_int\cu3x1Platform_SRC\emWinColour\gui\VNC
                -IC:\local\Workspace\DC_V04.01.00_int\cu3x1Platform_SRC\emWinColour\gui\Widget
                -IC:\local\Workspace\DC_V04.01.00_int\cu3x1Platform_SRC\emWinColour\gui\wm
                -IC:\local\Workspace\DC_V04.01.00_int\cu3x1App_SRC\Control\source
                -IC:\local\Workspace\DC_V04.01.00_int\cu3x1App_SRC\Control\source\include
                -IC:\local\Workspace\DC_V04.01.00_int\cu3x1App_SRC\Control\source\util
                -IC:\local\Workspace\DC_V04.01.00_int\cu3x1App_SRC\Control\source\datapoint
                -IC:\local\Workspace\DC_V04.01.00_int\cu3x1App_SRC\Control\source\factory
                -IC:\local\Workspace\DC_V04.01.00_int\cu3x1Platform_SRC\embos
                -IC:\local\Workspace\DC_V04.01.00_int\cu3x1Platform_SRC\emWinColour\gui\core
                -IC:\local\Workspace\DC_V04.01.00_int\cu3x1App_SRC\Control\source\rtip\webpage
                -IC:\local\Workspace\DC_V04.01.00_int\cu3x1App_SRC\Control\source\rtip\config
                -IC:\local\Workspace\DC_V04.01.00_int\cu3x1App_SRC\Control\source\rtip\xnet
                -IC:\local\Workspace\DC_V04.01.00_int\cu3x1App_SRC\Control\source\stub
                -IC:\local\Workspace\DC_V04.01.00_int\cu3x1App_SRC\Control\source\test
                -IC:\local\Workspace\DC_V04.01.00_int\cu3x1App_SRC\Control\source\GENIpro
                -IC:\local\Workspace\DC_V04.01.00_int\cu3x1App_SRC\Control\source\GENIpro\GENI_sys
                -IC:\local\Workspace\DC_V04.01.00_int\cu3x1App_SRC\Control\source\GENIpro\GENIusb\emUSB\USB\Driver
                -IC:\local\Workspace\DC_V04.01.00_int\cu3x1App_SRC\Control\source\application\intercom
                -IC:\local\Workspace\DC_V04.01.00_int\cu3x1App_SRC\Control\source\application\controller
                -IC:\local\Workspace\DC_V04.01.00_int\cu3x1App_SRC\Control\source\application\driver
                -IC:\local\Workspace\DC_V04.01.00_int\cu3x1App_SRC\Control\source\application\webif
                -IC:\local\Workspace\DC_V04.01.00_int\cu3x1App_SRC\Control\source\application\relay
                -IC:\local\Workspace\DC_V04.01.00_int\cu3x1App_SRC\Control\source\application\GENIApp
                -IC:\local\Workspace\DC_V04.01.00_int\cu3x1App_SRC\Control\source\application\alarm
                -IC:\local\Workspace\DC_V04.01.00_int\cu3x1App_SRC\Control\source\application\config
                -IC:\local\Workspace\DC_V04.01.00_int\cu3x1App_SRC\Control\source\application\AnaInConfigCtrl
                -IC:\local\Workspace\DC_V04.01.00_int\cu3x1App_SRC\Control\source\application\Sms
                -IC:\local\Workspace\DC_V04.01.00_int\cu3x1App_SRC\Control\source\application\display
                -IC:\local\Workspace\DC_V04.01.00_int\cu3x1App_SRC\Control\source\application\display\display_task
                -IC:\local\Workspace\DC_V04.01.00_int\cu3x1App_SRC\Control\source\application\display\gui_utility
                -IC:\local\Workspace\DC_V04.01.00_int\cu3x1App_SRC\Control\source\application\display\mpcunit
                -IC:\local\Workspace\DC_V04.01.00_int\cu3x1App_SRC\Control\source\GeniPro
                -IC:\local\Workspace\DC_V04.01.00_int\cu3x1App_SRC\Control\source\GeniPro\GENI_sys
                -IC:\local\Workspace\DC_V04.01.00_int\cu3x1App_SRC\Control\source\GeniPro\GENIbus
                -IC:\local\Workspace\DC_V04.01.00_int\cu3x1App_SRC\Control\source\GeniPro\GENIcom
                -IC:\local\Workspace\DC_V04.01.00_int\cu3x1App_SRC\Control\source\GeniPro\GENIrs232
                -IC:\local\Workspace\DC_V04.01.00_int\cu3x1App_SRC\Control\source\GeniPro\Virtual
                -IC:\local\Workspace\DC_V04.01.00_int\cu3x1Platform_SRC\Platform\common
                -IC:\local\Workspace\DC_V04.01.00_int\cu3x1Platform_SRC\Platform\hardware
                -IC:\local\Workspace\DC_V04.01.00_int\cu3x1Platform_SRC\Platform\hardware\D3018X
                -IC:\local\Workspace\DC_V04.01.00_int\cu3x1App_SRC\Control\source\application\display\imagesTFT
                -IC:\GHS\V35\mips35\mipsl_sf -r4121 -source=GUI_AddBin.c -o
                objs\gh_2i03t.o -list=objs\GUI_AddBin.lst
                C:\Users\55602\AppData\Local\Temp\gh_2i03t.s
Source File:    C:\Users\55602\AppData\Local\Temp\gh_2i03t.s
Directory:      C:\local\Workspace\DC_V04.01.00_int\cu3x1App_SRC\Control\source
Host OS:        GHS_WIN32
Version:        AS-MIPS 3.5#11 
Release:        MULTI 2000, MIPS v3.5
Revision Date:  Wed Feb 27 12:19:03 2002
Release Date:   Sat Mar 02 02:57:59 2002
                             1	 #Source File:   C:\local\Workspace\DC_V04.01.00_int\cu3x1Platform_SRC\emWinColour\GUI\Core\GUI_AddBin.c

                                   Tue Apr 07 08:52:52 2015           Page 2
                                   Tue Apr 07 08:52:51 2015       gh_2i03t.s
                             2	 #Directory:     
                             3	 #		C:\local\Workspace\DC_V04.01.00_int\cu3x1App_SRC\Control\source
                             4	 #Compile Date:  Tue Apr 07 08:52:51 2015
                             5	 #Host OS:       Win32
                             6	 #Version:       C-MIPS 3.5#11 RELEASE VERSION
                             7	 #Release:       MULTI 2000, MIPS v3.5
                             8	 #Revision Date: Fri Mar 01 11:32:40 2002
                             9	 #Release Date:  Sat Mar 02 02:58:48 2002
                            10		.set	noat
                            11		.set	noreorder
                            12		.set	nomacro
                            13		.text
                            14		.align	4
                            15		.globl	GUI_AddBin
                            16	GUI_AddBin:
        30aa00ff 00000000   17		andi	$10, $5, 255
                            18	 #	    .bf
        8ccb0000 00000004   19		lw	$11, 0($6)
        2545ffff 00000008   20		addiu	$5, $10, -1
        30a500ff 0000000c   21		andi	$5, $5, 255
        016ac821 00000010   22		addu	$25, $11, $10
        acd90000 00000014   23		sw	$25, 0($6)
        000a10c2 00000018   24		srl	$2, $10, 3
        10400029 0000001c   25		beq	$2, $0, .L19
        a3200000 00000020   26		sb	$0, 0($25)
        00abc821 00000024   27		addu	$25, $5, $11
        2723fff9 00000028   28		addiu	$3, $25, -7
        0002c0c0 0000002c   29		sll	$24, $2, 3
        00b82823 00000030   30		subu	$5, $5, $24
        30a500ff 00000034   31		andi	$5, $5, 255
                            32	.L35:
        308f0001 00000038   33		andi	$15, $4, 1
        00042042 0000003c   34		srl	$4, $4, 1
        308d0001 00000040   35		andi	$13, $4, 1
        00042042 00000044   36		srl	$4, $4, 1
        30980001 00000048   37		andi	$24, $4, 1
        00042042 0000004c   38		srl	$4, $4, 1
        308e0001 00000050   39		andi	$14, $4, 1
        25ce0030 00000054   40		addiu	$14, $14, 48
        a06e0004 00000058   41		sb	$14, 4($3)
        00042042 0000005c   42		srl	$4, $4, 1
        30990001 00000060   43		andi	$25, $4, 1
        27390030 00000064   44		addiu	$25, $25, 48
        a0790003 00000068   45		sb	$25, 3($3)
        25ef0030 0000006c   46		addiu	$15, $15, 48
        a06f0007 00000070   47		sb	$15, 7($3)
        2463fff8 00000074   48		addiu	$3, $3, -8
        00042042 00000078   49		srl	$4, $4, 1
        308f0001 0000007c   50		andi	$15, $4, 1
        25ef0030 00000080   51		addiu	$15, $15, 48
        25ad0030 00000084   52		addiu	$13, $13, 48
        a06d000e 00000088   53		sb	$13, 14($3)
        00042042 0000008c   54		srl	$4, $4, 1
        308d0001 00000090   55		andi	$13, $4, 1
        25ad0030 00000094   56		addiu	$13, $13, 48
        a06d0009 00000098   57		sb	$13, 9($3)

                                   Tue Apr 07 08:52:52 2015           Page 3
                                   Tue Apr 07 08:52:51 2015       gh_2i03t.s
        27180030 0000009c   58		addiu	$24, $24, 48
        a078000d 000000a0   59		sb	$24, 13($3)
        00042042 000000a4   60		srl	$4, $4, 1
        30980001 000000a8   61		andi	$24, $4, 1
        27180030 000000ac   62		addiu	$24, $24, 48
        a0780008 000000b0   63		sb	$24, 8($3)
        00042042 000000b4   64		srl	$4, $4, 1
        2442ffff 000000b8   65		addiu	$2, $2, -1
        1440ffde 000000bc   66		bne	$2, $0, .L35
        a06f000a 000000c0   67		sb	$15, 10($3)
                            68	.L19:
        31420007 000000c4   69		andi	$2, $10, 7
        10400008 000000c8   70		beq	$2, $0, .L2
        01651821 000000cc   71		addu	$3, $11, $5
                            72	.L39:
        2463ffff 000000d0   73		addiu	$3, $3, -1
        30990001 000000d4   74		andi	$25, $4, 1
        27390030 000000d8   75		addiu	$25, $25, 48
        00042042 000000dc   76		srl	$4, $4, 1
        2442ffff 000000e0   77		addiu	$2, $2, -1
        1440fffa 000000e4   78		bne	$2, $0, .L39
        a0790001 000000e8   79		sb	$25, 1($3)
                            80	.L2:
                            81	 #	    .ef
        03e00008 000000ec   82		jr	$ra
        00000000 000000f0   83		nop
                            84		.type	GUI_AddBin,@function
                            85		.size	GUI_AddBin,.-GUI_AddBin
                            86		.align	4
                            87	 #s	$11	local
                            88	
                            89	 #v	$4	param
                            90	 #Len	$5	param
                            91	 #ps	$6	param
                            92	
                            93		.data
                            94	.L94:
                            95		.text
                            96		.align	4
                            97	
                            98		.data
                            99		.text
