
                                   Tue Apr 07 08:52:41 2015           Page 1
                                   Tue Apr 07 08:52:41 2015       gh_2i03l.s
Command Line:   C:\GHS\V35\mips35\asmips.exe -noundefined -elf -b0
                -IC:\local\Workspace\DC_V04.01.00_int\cu3x1Platform_SRC\emWinColour
                -IC:\local\Workspace\DC_V04.01.00_int\cu3x1Platform_SRC\platform\include
                -IC:\local\Workspace\DC_V04.01.00_int\cu3x1Platform_SRC\platform\common
                -IC:\local\Workspace\DC_V04.01.00_int\cu3x1Platform_SRC\platform\hardware
                -IC:\local\Workspace\DC_V04.01.00_int\cu3x1Platform_SRC\platform\hardware\D3018X
                -IC:\local\Workspace\DC_V04.01.00_int\cu3x1Platform_SRC\embos\inc
                -IC:\local\Workspace\DC_V04.01.00_int\cu3x1Platform_SRC\emWinColour\config
                -IC:\local\Workspace\DC_V04.01.00_int\cu3x1Platform_SRC\emWinColour\gui\ConvertMono
                -IC:\local\Workspace\DC_V04.01.00_int\cu3x1Platform_SRC\emWinColour\gui\Core
                -IC:\local\Workspace\DC_V04.01.00_int\cu3x1Platform_SRC\emWinColour\gui\Font
                -IC:\local\Workspace\DC_V04.01.00_int\cu3x1Platform_SRC\emWinColour\gui\LCDDriver
                -IC:\local\Workspace\DC_V04.01.00_int\cu3x1Platform_SRC\emWinColour\gui\MemDev
                -IC:\local\Workspace\DC_V04.01.00_int\cu3x1Platform_SRC\emWinColour\gui\VNC
                -IC:\local\Workspace\DC_V04.01.00_int\cu3x1Platform_SRC\emWinColour\gui\Widget
                -IC:\local\Workspace\DC_V04.01.00_int\cu3x1Platform_SRC\emWinColour\gui\wm
                -IC:\local\Workspace\DC_V04.01.00_int\cu3x1App_SRC\Control\source
                -IC:\local\Workspace\DC_V04.01.00_int\cu3x1App_SRC\Control\source\include
                -IC:\local\Workspace\DC_V04.01.00_int\cu3x1App_SRC\Control\source\util
                -IC:\local\Workspace\DC_V04.01.00_int\cu3x1App_SRC\Control\source\datapoint
                -IC:\local\Workspace\DC_V04.01.00_int\cu3x1App_SRC\Control\source\factory
                -IC:\local\Workspace\DC_V04.01.00_int\cu3x1Platform_SRC\embos
                -IC:\local\Workspace\DC_V04.01.00_int\cu3x1Platform_SRC\emWinColour\gui\core
                -IC:\local\Workspace\DC_V04.01.00_int\cu3x1App_SRC\Control\source\rtip\webpage
                -IC:\local\Workspace\DC_V04.01.00_int\cu3x1App_SRC\Control\source\rtip\config
                -IC:\local\Workspace\DC_V04.01.00_int\cu3x1App_SRC\Control\source\rtip\xnet
                -IC:\local\Workspace\DC_V04.01.00_int\cu3x1App_SRC\Control\source\stub
                -IC:\local\Workspace\DC_V04.01.00_int\cu3x1App_SRC\Control\source\test
                -IC:\local\Workspace\DC_V04.01.00_int\cu3x1App_SRC\Control\source\GENIpro
                -IC:\local\Workspace\DC_V04.01.00_int\cu3x1App_SRC\Control\source\GENIpro\GENI_sys
                -IC:\local\Workspace\DC_V04.01.00_int\cu3x1App_SRC\Control\source\GENIpro\GENIusb\emUSB\USB\Driver
                -IC:\local\Workspace\DC_V04.01.00_int\cu3x1App_SRC\Control\source\application\intercom
                -IC:\local\Workspace\DC_V04.01.00_int\cu3x1App_SRC\Control\source\application\controller
                -IC:\local\Workspace\DC_V04.01.00_int\cu3x1App_SRC\Control\source\application\driver
                -IC:\local\Workspace\DC_V04.01.00_int\cu3x1App_SRC\Control\source\application\webif
                -IC:\local\Workspace\DC_V04.01.00_int\cu3x1App_SRC\Control\source\application\relay
                -IC:\local\Workspace\DC_V04.01.00_int\cu3x1App_SRC\Control\source\application\GENIApp
                -IC:\local\Workspace\DC_V04.01.00_int\cu3x1App_SRC\Control\source\application\alarm
                -IC:\local\Workspace\DC_V04.01.00_int\cu3x1App_SRC\Control\source\application\config
                -IC:\local\Workspace\DC_V04.01.00_int\cu3x1App_SRC\Control\source\application\AnaInConfigCtrl
                -IC:\local\Workspace\DC_V04.01.00_int\cu3x1App_SRC\Control\source\application\Sms
                -IC:\local\Workspace\DC_V04.01.00_int\cu3x1App_SRC\Control\source\application\display
                -IC:\local\Workspace\DC_V04.01.00_int\cu3x1App_SRC\Control\source\application\display\display_task
                -IC:\local\Workspace\DC_V04.01.00_int\cu3x1App_SRC\Control\source\application\display\gui_utility
                -IC:\local\Workspace\DC_V04.01.00_int\cu3x1App_SRC\Control\source\application\display\mpcunit
                -IC:\local\Workspace\DC_V04.01.00_int\cu3x1App_SRC\Control\source\GeniPro
                -IC:\local\Workspace\DC_V04.01.00_int\cu3x1App_SRC\Control\source\GeniPro\GENI_sys
                -IC:\local\Workspace\DC_V04.01.00_int\cu3x1App_SRC\Control\source\GeniPro\GENIbus
                -IC:\local\Workspace\DC_V04.01.00_int\cu3x1App_SRC\Control\source\GeniPro\GENIcom
                -IC:\local\Workspace\DC_V04.01.00_int\cu3x1App_SRC\Control\source\GeniPro\GENIrs232
                -IC:\local\Workspace\DC_V04.01.00_int\cu3x1App_SRC\Control\source\GeniPro\Virtual
                -IC:\local\Workspace\DC_V04.01.00_int\cu3x1Platform_SRC\Platform\common
                -IC:\local\Workspace\DC_V04.01.00_int\cu3x1Platform_SRC\Platform\hardware
                -IC:\local\Workspace\DC_V04.01.00_int\cu3x1Platform_SRC\Platform\hardware\D3018X
                -IC:\local\Workspace\DC_V04.01.00_int\cu3x1App_SRC\Control\source\application\display\imagesTFT
                -IC:\GHS\V35\mips35\mipsl_sf -r4121 -source=GUI__memset.c -o
                objs\gh_2i03l.o -list=objs\GUI__memset.lst
                C:\Users\55602\AppData\Local\Temp\gh_2i03l.s
Source File:    C:\Users\55602\AppData\Local\Temp\gh_2i03l.s
Directory:      C:\local\Workspace\DC_V04.01.00_int\cu3x1App_SRC\Control\source
Host OS:        GHS_WIN32
Version:        AS-MIPS 3.5#11 
Release:        MULTI 2000, MIPS v3.5
Revision Date:  Wed Feb 27 12:19:03 2002
Release Date:   Sat Mar 02 02:57:59 2002
                             1	 #Source File:   C:\local\Workspace\DC_V04.01.00_int\cu3x1Platform_SRC\emWinColour\GUI\Core\GUI__memset.c

                                   Tue Apr 07 08:52:41 2015           Page 2
                                   Tue Apr 07 08:52:41 2015       gh_2i03l.s
                             2	 #Directory:     
                             3	 #		C:\local\Workspace\DC_V04.01.00_int\cu3x1App_SRC\Control\source
                             4	 #Compile Date:  Tue Apr 07 08:52:40 2015
                             5	 #Host OS:       Win32
                             6	 #Version:       C-MIPS 3.5#11 RELEASE VERSION
                             7	 #Release:       MULTI 2000, MIPS v3.5
                             8	 #Revision Date: Fri Mar 01 11:32:40 2002
                             9	 #Release Date:  Sat Mar 02 02:58:48 2002
                            10		.set	noat
                            11		.set	noreorder
                            12		.set	nomacro
                            13		.text
                            14		.align	4
                            15		.globl	GUI__memset
                            16	GUI__memset:
                            17	 #	    .bf
        10c00009 00000000   18		beq	$6, $0, .L5
        30a500ff 00000004   19		andi	$5, $5, 255
        08000000 00000008   20		j	.L1000007
        308f0003 0000000c   21		andi	$15, $4, 3
                            22	.L1000006:
        24c6ffff 00000010   23		addiu	$6, $6, -1
        10c00004 00000014   24		beq	$6, $0, .L5
        a085ffff 00000018   25		sb	$5, -1($4)
        308f0003 0000001c   26		andi	$15, $4, 3
                            27	.L1000007:
        55e0fffb 00000020   28		bnel	$15, $0, .L1000006
        24840001 00000024   29		addiu	$4, $4, 1
                            30	.L5:
        00065882 00000028   31		srl	$11, $6, 2
        1160005c 0000002c   32		beq	$11, $0, .L21
        00801825 00000030   33		move	$3, $4
        0005cc00 00000034   34		sll	$25, $5, 16
        03251021 00000038   35		addu	$2, $25, $5
        0002ca00 0000003c   36		sll	$25, $2, 8
        03221021 00000040   37		addu	$2, $25, $2
        340f0004 00000044   38		ori	$15, $0, 4
        01ebc023 00000048   39		subu	$24, $15, $11
        00187023 0000004c   40		subu	$14, $0, $24
        000e6883 00000050   41		sra	$13, $14, 2
        25b90001 00000054   42		addiu	$25, $13, 1
        340f0000 00000058   43		ori	$15, $0, 0
        01f9c02a 0000005c   44		slt	$24, $15, $25
        13000002 00000060   45		beq	$24, $0, .L237
        30c60003 00000064   46		andi	$6, $6, 3
        03207825 00000068   47		move	$15, $25
                            48	.L237:
        000fc8c2 0000006c   49		srl	$25, $15, 3
        13200025 00000070   50		beq	$25, $0, .L97
        00197140 00000074   51		sll	$14, $25, 5
        016e5823 00000078   52		subu	$11, $11, $14
                            53	.L113:
        ac620078 0000007c   54		sw	$2, 120($3)
        ac620074 00000080   55		sw	$2, 116($3)
        ac620070 00000084   56		sw	$2, 112($3)
        ac62006c 00000088   57		sw	$2, 108($3)

                                   Tue Apr 07 08:52:41 2015           Page 3
                                   Tue Apr 07 08:52:41 2015       gh_2i03l.s
        ac620068 0000008c   58		sw	$2, 104($3)
        ac620064 00000090   59		sw	$2, 100($3)
        ac620060 00000094   60		sw	$2, 96($3)
        ac62005c 00000098   61		sw	$2, 92($3)
        ac620058 0000009c   62		sw	$2, 88($3)
        ac620054 000000a0   63		sw	$2, 84($3)
        ac620050 000000a4   64		sw	$2, 80($3)
        ac62004c 000000a8   65		sw	$2, 76($3)
        ac620048 000000ac   66		sw	$2, 72($3)
        ac620044 000000b0   67		sw	$2, 68($3)
        ac620040 000000b4   68		sw	$2, 64($3)
        24630080 000000b8   69		addiu	$3, $3, 128
        ac62ffb8 000000bc   70		sw	$2, -72($3)
        ac62ffb4 000000c0   71		sw	$2, -76($3)
        ac62ffb0 000000c4   72		sw	$2, -80($3)
        ac62ffac 000000c8   73		sw	$2, -84($3)
        ac62ffa8 000000cc   74		sw	$2, -88($3)
        ac62ffa4 000000d0   75		sw	$2, -92($3)
        ac62ffa0 000000d4   76		sw	$2, -96($3)
        ac62ff9c 000000d8   77		sw	$2, -100($3)
        ac62ff98 000000dc   78		sw	$2, -104($3)
        ac62ff94 000000e0   79		sw	$2, -108($3)
        ac62ff90 000000e4   80		sw	$2, -112($3)
        ac62ff8c 000000e8   81		sw	$2, -116($3)
        ac62ff88 000000ec   82		sw	$2, -120($3)
        ac62ff84 000000f0   83		sw	$2, -124($3)
        ac62ff80 000000f4   84		sw	$2, -128($3)
        ac62fffc 000000f8   85		sw	$2, -4($3)
        2739ffff 000000fc   86		addiu	$25, $25, -1
        1720ffde 00000100   87		bne	$25, $0, .L113
        ac62ffbc 00000104   88		sw	$2, -68($3)
                            89	.L97:
        31f90007 00000108   90		andi	$25, $15, 7
        13200009 0000010c   91		beq	$25, $0, .L41
        00197080 00000110   92		sll	$14, $25, 2
        016e5823 00000114   93		subu	$11, $11, $14
                            94	.L117:
        24630010 00000118   95		addiu	$3, $3, 16
        ac62fff4 0000011c   96		sw	$2, -12($3)
        ac62fff8 00000120   97		sw	$2, -8($3)
        ac62fffc 00000124   98		sw	$2, -4($3)
        2739ffff 00000128   99		addiu	$25, $25, -1
        1720fffa 0000012c  100		bne	$25, $0, .L117
        ac62fff0 00000130  101		sw	$2, -16($3)
                           102	.L41:
        01607825 00000134  103		move	$15, $11
        000fc0c2 00000138  104		srl	$24, $15, 3
        5300000d 0000013c  105		beql	$24, $0, .L1000074
        31f80007 00000140  106		andi	$24, $15, 7
                           107	.L90:
        24630020 00000144  108		addiu	$3, $3, 32
        ac62ffe4 00000148  109		sw	$2, -28($3)
        ac62ffe8 0000014c  110		sw	$2, -24($3)
        ac62ffec 00000150  111		sw	$2, -20($3)
        ac62fff0 00000154  112		sw	$2, -16($3)
        ac62fff4 00000158  113		sw	$2, -12($3)

                                   Tue Apr 07 08:52:41 2015           Page 4
                                   Tue Apr 07 08:52:41 2015       gh_2i03l.s
        ac62fff8 0000015c  114		sw	$2, -8($3)
        ac62fffc 00000160  115		sw	$2, -4($3)
        2718ffff 00000164  116		addiu	$24, $24, -1
        1700fff6 00000168  117		bne	$24, $0, .L90
        ac62ffe0 0000016c  118		sw	$2, -32($3)
        31f80007 00000170  119		andi	$24, $15, 7
                           120	.L1000074:
        13000005 00000174  121		beq	$24, $0, .L19
        00000000 00000178  122		nop
                           123	.L94:
        24630004 0000017c  124		addiu	$3, $3, 4
        2718ffff 00000180  125		addiu	$24, $24, -1
        1700fffd 00000184  126		bne	$24, $0, .L94
        ac62fffc 00000188  127		sw	$2, -4($3)
                           128	.L19:
        10c00006 0000018c  129		beq	$6, $0, .L2
        00602025 00000190  130		move	$4, $3
        24840001 00000194  131		addiu	$4, $4, 1
                           132	.L1000023:
        a085ffff 00000198  133		sb	$5, -1($4)
        24c6ffff 0000019c  134		addiu	$6, $6, -1
                           135	.L21:
        54c0fffd 000001a0  136		bnel	$6, $0, .L1000023
        24840001 000001a4  137		addiu	$4, $4, 1
                           138	.L2:
                           139	 #	    .ef
        03e00008 000001a8  140		jr	$ra
        00000000 000001ac  141		nop
                           142		.type	GUI__memset,@function
                           143		.size	GUI__memset,.-GUI__memset
                           144		.align	4
                           145	 #NumInts	$11	local
                           146	 #FillInt	$2	local
                           147	 #pInt	$3	local
                           148	
                           149	 #p	$4	param
                           150	 #Fill	$5	param
                           151	 #NumBytes	$6	param
                           152	
                           153		.data
                           154	.L236:
                           155		.text
                           156		.align	4
                           157	
                           158		.data
                           159		.text
