
                                   Tue Apr 07 08:55:56 2015           Page 1
                                   Tue Apr 07 08:55:55 2015       gh_2i07v.s
Command Line:   C:\GHS\V35\mips35\asmips.exe -noundefined -elf -b0
                -IC:\local\Workspace\DC_V04.01.00_int\cu3x1Platform_SRC\emWinColour
                -IC:\local\Workspace\DC_V04.01.00_int\cu3x1Platform_SRC\platform\include
                -IC:\local\Workspace\DC_V04.01.00_int\cu3x1Platform_SRC\platform\common
                -IC:\local\Workspace\DC_V04.01.00_int\cu3x1Platform_SRC\platform\hardware
                -IC:\local\Workspace\DC_V04.01.00_int\cu3x1Platform_SRC\platform\hardware\D3018X
                -IC:\local\Workspace\DC_V04.01.00_int\cu3x1Platform_SRC\embos\inc
                -IC:\local\Workspace\DC_V04.01.00_int\cu3x1Platform_SRC\emWinColour\config
                -IC:\local\Workspace\DC_V04.01.00_int\cu3x1Platform_SRC\emWinColour\gui\ConvertMono
                -IC:\local\Workspace\DC_V04.01.00_int\cu3x1Platform_SRC\emWinColour\gui\Core
                -IC:\local\Workspace\DC_V04.01.00_int\cu3x1Platform_SRC\emWinColour\gui\Font
                -IC:\local\Workspace\DC_V04.01.00_int\cu3x1Platform_SRC\emWinColour\gui\LCDDriver
                -IC:\local\Workspace\DC_V04.01.00_int\cu3x1Platform_SRC\emWinColour\gui\MemDev
                -IC:\local\Workspace\DC_V04.01.00_int\cu3x1Platform_SRC\emWinColour\gui\VNC
                -IC:\local\Workspace\DC_V04.01.00_int\cu3x1Platform_SRC\emWinColour\gui\Widget
                -IC:\local\Workspace\DC_V04.01.00_int\cu3x1Platform_SRC\emWinColour\gui\wm
                -IC:\local\Workspace\DC_V04.01.00_int\cu3x1App_SRC\Control\source
                -IC:\local\Workspace\DC_V04.01.00_int\cu3x1App_SRC\Control\source\include
                -IC:\local\Workspace\DC_V04.01.00_int\cu3x1App_SRC\Control\source\util
                -IC:\local\Workspace\DC_V04.01.00_int\cu3x1App_SRC\Control\source\datapoint
                -IC:\local\Workspace\DC_V04.01.00_int\cu3x1App_SRC\Control\source\factory
                -IC:\local\Workspace\DC_V04.01.00_int\cu3x1Platform_SRC\embos
                -IC:\local\Workspace\DC_V04.01.00_int\cu3x1Platform_SRC\emWinColour\gui\core
                -IC:\local\Workspace\DC_V04.01.00_int\cu3x1App_SRC\Control\source\rtip\webpage
                -IC:\local\Workspace\DC_V04.01.00_int\cu3x1App_SRC\Control\source\rtip\config
                -IC:\local\Workspace\DC_V04.01.00_int\cu3x1App_SRC\Control\source\rtip\xnet
                -IC:\local\Workspace\DC_V04.01.00_int\cu3x1App_SRC\Control\source\stub
                -IC:\local\Workspace\DC_V04.01.00_int\cu3x1App_SRC\Control\source\test
                -IC:\local\Workspace\DC_V04.01.00_int\cu3x1App_SRC\Control\source\GENIpro
                -IC:\local\Workspace\DC_V04.01.00_int\cu3x1App_SRC\Control\source\GENIpro\GENI_sys
                -IC:\local\Workspace\DC_V04.01.00_int\cu3x1App_SRC\Control\source\GENIpro\GENIusb\emUSB\USB\Driver
                -IC:\local\Workspace\DC_V04.01.00_int\cu3x1App_SRC\Control\source\application\intercom
                -IC:\local\Workspace\DC_V04.01.00_int\cu3x1App_SRC\Control\source\application\controller
                -IC:\local\Workspace\DC_V04.01.00_int\cu3x1App_SRC\Control\source\application\driver
                -IC:\local\Workspace\DC_V04.01.00_int\cu3x1App_SRC\Control\source\application\webif
                -IC:\local\Workspace\DC_V04.01.00_int\cu3x1App_SRC\Control\source\application\relay
                -IC:\local\Workspace\DC_V04.01.00_int\cu3x1App_SRC\Control\source\application\GENIApp
                -IC:\local\Workspace\DC_V04.01.00_int\cu3x1App_SRC\Control\source\application\alarm
                -IC:\local\Workspace\DC_V04.01.00_int\cu3x1App_SRC\Control\source\application\config
                -IC:\local\Workspace\DC_V04.01.00_int\cu3x1App_SRC\Control\source\application\AnaInConfigCtrl
                -IC:\local\Workspace\DC_V04.01.00_int\cu3x1App_SRC\Control\source\application\Sms
                -IC:\local\Workspace\DC_V04.01.00_int\cu3x1App_SRC\Control\source\application\display
                -IC:\local\Workspace\DC_V04.01.00_int\cu3x1App_SRC\Control\source\application\display\display_task
                -IC:\local\Workspace\DC_V04.01.00_int\cu3x1App_SRC\Control\source\application\display\gui_utility
                -IC:\local\Workspace\DC_V04.01.00_int\cu3x1App_SRC\Control\source\application\display\mpcunit
                -IC:\local\Workspace\DC_V04.01.00_int\cu3x1App_SRC\Control\source\GeniPro
                -IC:\local\Workspace\DC_V04.01.00_int\cu3x1App_SRC\Control\source\GeniPro\GENI_sys
                -IC:\local\Workspace\DC_V04.01.00_int\cu3x1App_SRC\Control\source\GeniPro\GENIbus
                -IC:\local\Workspace\DC_V04.01.00_int\cu3x1App_SRC\Control\source\GeniPro\GENIcom
                -IC:\local\Workspace\DC_V04.01.00_int\cu3x1App_SRC\Control\source\GeniPro\GENIrs232
                -IC:\local\Workspace\DC_V04.01.00_int\cu3x1App_SRC\Control\source\GeniPro\Virtual
                -IC:\local\Workspace\DC_V04.01.00_int\cu3x1Platform_SRC\Platform\common
                -IC:\local\Workspace\DC_V04.01.00_int\cu3x1Platform_SRC\Platform\hardware
                -IC:\local\Workspace\DC_V04.01.00_int\cu3x1Platform_SRC\Platform\hardware\D3018X
                -IC:\local\Workspace\DC_V04.01.00_int\cu3x1App_SRC\Control\source\application\display\imagesTFT
                -IC:\GHS\V35\mips35\mipsl_sf -r4121 -source=GUI_UC_DispString.c
                -o objs\gh_2i07v.o -list=objs\GUI_UC_DispString.lst
                C:\Users\55602\AppData\Local\Temp\gh_2i07v.s
Source File:    C:\Users\55602\AppData\Local\Temp\gh_2i07v.s
Directory:      C:\local\Workspace\DC_V04.01.00_int\cu3x1App_SRC\Control\source
Host OS:        GHS_WIN32
Version:        AS-MIPS 3.5#11 
Release:        MULTI 2000, MIPS v3.5
Revision Date:  Wed Feb 27 12:19:03 2002
Release Date:   Sat Mar 02 02:57:59 2002
                             1	 #Source File:   C:\local\Workspace\DC_V04.01.00_int\cu3x1Platform_SRC\emWinColour\GUI\Core\GUI_UC_DispString.c

                                   Tue Apr 07 08:55:56 2015           Page 2
                                   Tue Apr 07 08:55:55 2015       gh_2i07v.s
                             2	 #Directory:     
                             3	 #		C:\local\Workspace\DC_V04.01.00_int\cu3x1App_SRC\Control\source
                             4	 #Compile Date:  Tue Apr 07 08:55:55 2015
                             5	 #Host OS:       Win32
                             6	 #Version:       C-MIPS 3.5#11 RELEASE VERSION
                             7	 #Release:       MULTI 2000, MIPS v3.5
                             8	 #Revision Date: Fri Mar 01 11:32:40 2002
                             9	 #Release Date:  Sat Mar 02 02:58:48 2002
                            10		.set	noat
                            11		.set	noreorder
                            12		.set	nomacro
                            13		.text
                            14		.align	4
                            15		.globl	GUI_UC_DispString
                            16	GUI_UC_DispString:
        27bdffb0 00000000   17		addiu	$sp, $sp, -80
                            18	 #	    .bf
        afb10004 00000004   19		sw	$17, 4($sp)
        afbe0020 00000008   20		sw	$fp, 32($sp)
        afb7001c 0000000c   21		sw	$23, 28($sp)
        afb60018 00000010   22		sw	$22, 24($sp)
        afb50014 00000014   23		sw	$21, 20($sp)
        afb40010 00000018   24		sw	$20, 16($sp)
        afb3000c 0000001c   25		sw	$19, 12($sp)
        afb20008 00000020   26		sw	$18, 8($sp)
        afb00000 00000024   27		sw	$16, 0($sp)
        00808025 00000028   28		move	$16, $4
        120000ff 0000002c   29		beq	$16, $0, .L113
        afbf004c 00000030   30		sw	$ra, 76($sp)
        3c110000 00000034   31		lui	$17, %hi(GUI_Context)
        0c000000 00000038   32		jal	GUI_Lock
        26310000 0000003c   33		addiu	$17, $17, %lo(GUI_Context)
        8e2c001c 00000040   34		lw	$12, 28($17)
        918c0014 00000044   35		lbu	$12, 20($12)
        afac002c 00000048   36		sw	$12, 44($sp)
        862c0026 0000004c   37		lh	$12, 38($17)
        0c000000 00000050   38		jal	GUI_GetYAdjust
        afac0030 00000054   39		sw	$12, 48($sp)
        86230028 00000058   40		lh	$3, 40($17)
        27b60038 0000005c   41		addiu	$22, $sp, 56
        00621823 00000060   42		subu	$3, $3, $2
        a6230028 00000064   43		sh	$3, 40($17)
        960d0000 00000068   44		lhu	$13, 0($16)
        27b70040 0000006c   45		addiu	$23, $sp, 64
        afa20034 00000070   46		sw	$2, 52($sp)
        11a000e3 00000074   47		beq	$13, $0, .L167
        02001825 00000078   48		move	$3, $16
                            49	.L1000120:
        14600009 0000007c   50		bne	$3, $0, .L128
        34020000 00000080   51		ori	$2, $0, 0
        34140000 00000084   52		ori	$20, $0, 0
        02009025 00000088   53		move	$18, $16
        34130000 0000008c   54		ori	$19, $0, 0
        1640000f 00000090   55		bne	$18, $0, .L207
        341e0000 00000094   56		ori	$fp, $0, 0
        08000000 00000098   57		j	.L1000139

                                   Tue Apr 07 08:55:56 2015           Page 3
                                   Tue Apr 07 08:55:55 2015       gh_2i07v.s
        86390030 0000009c   58		lh	$25, 48($17)
                            59	.L1000127:
        24630002 000000a0   60		addiu	$3, $3, 2
                            61	.L128:
        946e0000 000000a4   62		lhu	$14, 0($3)
        11c00004 000000a8   63		beq	$14, $0, .L130
        34197fff 000000ac   64		ori	$25, $0, 32767
        0059c02a 000000b0   65		slt	$24, $2, $25
        5700fffa 000000b4   66		bnel	$24, $0, .L1000127
        24420001 000000b8   67		addiu	$2, $2, 1
                            68	.L130:
        34140000 000000bc   69		ori	$20, $0, 0
        02009025 000000c0   70		move	$18, $16
        0040f025 000000c4   71		move	$fp, $2
        1240000f 000000c8   72		beq	$18, $0, .L139
        03c09825 000000cc   73		move	$19, $fp
                            74	.L207:
        96430000 000000d0   75		lhu	$3, 0($18)
        1460000a 000000d4   76		bne	$3, $0, .L138
        00000000 000000d8   77		nop
        08000000 000000dc   78		j	.L1000139
        86390030 000000e0   79		lh	$25, 48($17)
                            80	.L1000136:
        0c000000 000000e4   81		jal	GUI_GetCharDistX
        00602025 000000e8   82		move	$4, $3
        96430002 000000ec   83		lhu	$3, 2($18)
        26520002 000000f0   84		addiu	$18, $18, 2
        0282a021 000000f4   85		addu	$20, $20, $2
        50600004 000000f8   86		beql	$3, $0, .L1000139
        86390030 000000fc   87		lh	$25, 48($17)
                            88	.L138:
        0663fff8 00000100   89		bgezl	$19, .L1000136
        2673ffff 00000104   90		addiu	$19, $19, -1
                            91	.L139:
        86390030 00000108   92		lh	$25, 48($17)
                            93	.L1000139:
        afb40028 0000010c   94		sw	$20, 40($sp)
        33230003 00000110   95		andi	$3, $25, 3
        2463ffff 00000114   96		addiu	$3, $3, -1
        1060002b 00000118   97		beq	$3, $0, .L144
        2463ffff 0000011c   98		addiu	$3, $3, -1
        5460004d 00000120   99		bnel	$3, $0, .L1000145
        86230026 00000124  100		lh	$3, 38($17)
        8fa10028 00000128  101		lw	$1, 40($sp)
        86230026 0000012c  102		lh	$3, 38($17)
        8fac002c 00000130  103		lw	$12, 44($sp)
        000177c3 00000134  104		sra	$14, $1, 31
        000e6fc2 00000138  105		srl	$13, $14, 31
        01a1c821 0000013c  106		addu	$25, $13, $1
        00191043 00000140  107		sra	$2, $25, 1
        00621823 00000144  108		subu	$3, $3, $2
        a6230026 00000148  109		sh	$3, 38($17)
        a6e30000 0000014c  110		sh	$3, 0($23)
        0061c021 00000150  111		addu	$24, $3, $1
        86230028 00000154  112		lh	$3, 40($17)
        2718ffff 00000158  113		addiu	$24, $24, -1

                                   Tue Apr 07 08:55:56 2015           Page 4
                                   Tue Apr 07 08:55:55 2015       gh_2i07v.s
        a6f80004 0000015c  114		sh	$24, 4($23)
        a6e30002 00000160  115		sh	$3, 2($23)
        8eee0000 00000164  116		lw	$14, 0($23)
        006c6821 00000168  117		addu	$13, $3, $12
        25adffff 0000016c  118		addiu	$13, $13, -1
        a6ed0006 00000170  119		sh	$13, 6($23)
        8eed0004 00000174  120		lw	$13, 4($23)
        aece0000 00000178  121		sw	$14, 0($22)
        aecd0004 0000017c  122		sw	$13, 4($22)
        8e230044 00000180  123		lw	$3, 68($17)
        8e220048 00000184  124		lw	$2, 72($17)
        02c02025 00000188  125		move	$4, $22
        01a37821 0000018c  126		addu	$15, $13, $3
        01c3c821 00000190  127		addu	$25, $14, $3
        a6d90000 00000194  128		sh	$25, 0($22)
        86d80002 00000198  129		lh	$24, 2($22)
        a6cf0004 0000019c  130		sh	$15, 4($22)
        86ce0006 000001a0  131		lh	$14, 6($22)
        0302c021 000001a4  132		addu	$24, $24, $2
        a6d80002 000001a8  133		sh	$24, 2($22)
        01c27021 000001ac  134		addu	$14, $14, $2
        0c000000 000001b0  135		jal	WM__InitIVRSearch
        a6ce0006 000001b4  136		sh	$14, 6($22)
        54400046 000001b8  137		bnel	$2, $0, .L1000205
        02209825 000001bc  138		move	$19, $17
        08000000 000001c0  139		j	.L1000156
        86ef0002 000001c4  140		lh	$15, 2($23)
                           141	.L144:
        8fa20028 000001c8  142		lw	$2, 40($sp)
        86230026 000001cc  143		lh	$3, 38($17)
        8fac002c 000001d0  144		lw	$12, 44($sp)
        00621823 000001d4  145		subu	$3, $3, $2
        a6230026 000001d8  146		sh	$3, 38($17)
        a6e30000 000001dc  147		sh	$3, 0($23)
        0062c021 000001e0  148		addu	$24, $3, $2
        86230028 000001e4  149		lh	$3, 40($17)
        2718ffff 000001e8  150		addiu	$24, $24, -1
        a6f80004 000001ec  151		sh	$24, 4($23)
        a6e30002 000001f0  152		sh	$3, 2($23)
        8eee0000 000001f4  153		lw	$14, 0($23)
        006c6821 000001f8  154		addu	$13, $3, $12
        25adffff 000001fc  155		addiu	$13, $13, -1
        a6ed0006 00000200  156		sh	$13, 6($23)
        8eed0004 00000204  157		lw	$13, 4($23)
        aece0000 00000208  158		sw	$14, 0($22)
        aecd0004 0000020c  159		sw	$13, 4($22)
        8e230044 00000210  160		lw	$3, 68($17)
        8e220048 00000214  161		lw	$2, 72($17)
        02c02025 00000218  162		move	$4, $22
        01c3c821 0000021c  163		addu	$25, $14, $3
        a6d90000 00000220  164		sh	$25, 0($22)
        86d80002 00000224  165		lh	$24, 2($22)
        86ce0006 00000228  166		lh	$14, 6($22)
        01a37821 0000022c  167		addu	$15, $13, $3
        0302c021 00000230  168		addu	$24, $24, $2
        a6d80002 00000234  169		sh	$24, 2($22)

                                   Tue Apr 07 08:55:56 2015           Page 5
                                   Tue Apr 07 08:55:55 2015       gh_2i07v.s
        a6cf0004 00000238  170		sh	$15, 4($22)
        01c27021 0000023c  171		addu	$14, $14, $2
        0c000000 00000240  172		jal	WM__InitIVRSearch
        a6ce0006 00000244  173		sh	$14, 6($22)
        54400022 00000248  174		bnel	$2, $0, .L1000205
        02209825 0000024c  175		move	$19, $17
        08000000 00000250  176		j	.L1000156
        86ef0002 00000254  177		lh	$15, 2($23)
                           178	.L1000145:
        8fac0028 00000258  179		lw	$12, 40($sp)
        a6e30000 0000025c  180		sh	$3, 0($23)
        006cc021 00000260  181		addu	$24, $3, $12
        86230028 00000264  182		lh	$3, 40($17)
        8fac002c 00000268  183		lw	$12, 44($sp)
        2718ffff 0000026c  184		addiu	$24, $24, -1
        a6e30002 00000270  185		sh	$3, 2($23)
        8eee0000 00000274  186		lw	$14, 0($23)
        a6f80004 00000278  187		sh	$24, 4($23)
        006c6821 0000027c  188		addu	$13, $3, $12
        25adffff 00000280  189		addiu	$13, $13, -1
        a6ed0006 00000284  190		sh	$13, 6($23)
        8eed0004 00000288  191		lw	$13, 4($23)
        aece0000 0000028c  192		sw	$14, 0($22)
        aecd0004 00000290  193		sw	$13, 4($22)
        8e230044 00000294  194		lw	$3, 68($17)
        8e220048 00000298  195		lw	$2, 72($17)
        02c02025 0000029c  196		move	$4, $22
        01c3c821 000002a0  197		addu	$25, $14, $3
        a6d90000 000002a4  198		sh	$25, 0($22)
        86d80002 000002a8  199		lh	$24, 2($22)
        86ce0006 000002ac  200		lh	$14, 6($22)
        01a37821 000002b0  201		addu	$15, $13, $3
        0302c021 000002b4  202		addu	$24, $24, $2
        a6d80002 000002b8  203		sh	$24, 2($22)
        a6cf0004 000002bc  204		sh	$15, 4($22)
        01c27021 000002c0  205		addu	$14, $14, $2
        0c000000 000002c4  206		jal	WM__InitIVRSearch
        a6ce0006 000002c8  207		sh	$14, 6($22)
        1040001b 000002cc  208		beq	$2, $0, .L156
        02209825 000002d0  209		move	$19, $17
                           210	.L1000205:
        02c0a025 000002d4  211		move	$20, $22
        86990002 000002d8  212		lh	$25, 2($20)
                           213	.L1000150:
        03c09025 000002dc  214		move	$18, $fp
        8e630014 000002e0  215		lw	$3, 20($19)
        a6790028 000002e4  216		sh	$25, 40($19)
        868d0000 000002e8  217		lh	$13, 0($20)
        0200a825 000002ec  218		move	$21, $16
        1060000b 000002f0  219		beq	$3, $0, .L153
        a66d0026 000002f4  220		sh	$13, 38($19)
        00602025 000002f8  221		move	$4, $3
        0c000000 000002fc  222		jal	GUI_RectsIntersect
        02802825 00000300  223		move	$5, $20
        54400007 00000304  224		bnel	$2, $0, .L1000153
        2652ffff 00000308  225		addiu	$18, $18, -1

                                   Tue Apr 07 08:55:56 2015           Page 6
                                   Tue Apr 07 08:55:55 2015       gh_2i07v.s
        08000000 0000030c  226		j	.L154
        00000000 00000310  227		nop
                           228	.L152:
        0c000000 00000314  229		jal	GL_DispChar
        96a40000 00000318  230		lhu	$4, 0($21)
        26b50002 0000031c  231		addiu	$21, $21, 2
                           232	.L153:
        2652ffff 00000320  233		addiu	$18, $18, -1
                           234	.L1000153:
        0641fffb 00000324  235		bgez	$18, .L152
        00000000 00000328  236		nop
                           237	.L154:
        0c000000 0000032c  238		jal	WM__GetNextIVR
        00000000 00000330  239		nop
        5440ffe9 00000334  240		bnel	$2, $0, .L1000150
        86990002 00000338  241		lh	$25, 2($20)
                           242	.L156:
        86ef0002 0000033c  243		lh	$15, 2($23)
                           244	.L1000156:
        8e2d0044 00000340  245		lw	$13, 68($17)
        862e0026 00000344  246		lh	$14, 38($17)
        a62f0028 00000348  247		sh	$15, 40($17)
        01cd7023 0000034c  248		subu	$14, $14, $13
        a62e0026 00000350  249		sh	$14, 38($17)
        001e7040 00000354  250		sll	$14, $fp, 1
        020e8021 00000358  251		addu	$16, $16, $14
        960d0000 0000035c  252		lhu	$13, 0($16)
        3419000a 00000360  253		ori	$25, $0, 10
        55b9001d 00000364  254		bnel	$13, $25, .L1000158
        8fac0028 00000368  255		lw	$12, 40($sp)
        86380030 0000036c  256		lh	$24, 48($17)
        33030003 00000370  257		andi	$3, $24, 3
        1060000e 00000374  258		beq	$3, $0, .L163
        2c6e0003 00000378  259		sltiu	$14, $3, 3
        51c0000d 0000037c  260		beql	$14, $0, .L1000163
        862d0024 00000380  261		lh	$13, 36($17)
        8fac0030 00000384  262		lw	$12, 48($sp)
        0c000000 00000388  263		jal	GUI_GetFontDistY
        a62c0026 0000038c  264		sh	$12, 38($17)
        86230028 00000390  265		lh	$3, 40($17)
        00621821 00000394  266		addu	$3, $3, $2
        a6230028 00000398  267		sh	$3, 40($17)
        960f0000 0000039c  268		lhu	$15, 0($16)
        55e00015 000003a0  269		bnel	$15, $0, .L1000119
        960d0002 000003a4  270		lhu	$13, 2($16)
        08000000 000003a8  271		j	.L1000167
        8fac0034 000003ac  272		lw	$12, 52($sp)
                           273	.L163:
        862d0024 000003b0  274		lh	$13, 36($17)
                           275	.L1000163:
        0c000000 000003b4  276		jal	GUI_GetFontDistY
        a62d0026 000003b8  277		sh	$13, 38($17)
        86230028 000003bc  278		lh	$3, 40($17)
        00621821 000003c0  279		addu	$3, $3, $2
        a6230028 000003c4  280		sh	$3, 40($17)
        960f0000 000003c8  281		lhu	$15, 0($16)

                                   Tue Apr 07 08:55:56 2015           Page 7
                                   Tue Apr 07 08:55:55 2015       gh_2i07v.s
        55e0000a 000003cc  282		bnel	$15, $0, .L1000119
        960d0002 000003d0  283		lhu	$13, 2($16)
        08000000 000003d4  284		j	.L1000167
        8fac0034 000003d8  285		lw	$12, 52($sp)
                           286	.L1000158:
        86f80000 000003dc  287		lh	$24, 0($23)
        030cc821 000003e0  288		addu	$25, $24, $12
        a6390026 000003e4  289		sh	$25, 38($17)
        960f0000 000003e8  290		lhu	$15, 0($16)
        51e00006 000003ec  291		beql	$15, $0, .L1000167
        8fac0034 000003f0  292		lw	$12, 52($sp)
        960d0002 000003f4  293		lhu	$13, 2($16)
                           294	.L1000119:
        26100002 000003f8  295		addiu	$16, $16, 2
        55a0ff1f 000003fc  296		bnel	$13, $0, .L1000120
        02001825 00000400  297		move	$3, $16
                           298	.L167:
        8fac0034 00000404  299		lw	$12, 52($sp)
                           300	.L1000167:
        3c030000 00000408  301		lui	$3, %hi(GUI_Context)
        24630000 0000040c  302		addiu	$3, $3, %lo(GUI_Context)
        84780028 00000410  303		lh	$24, 40($3)
        846f0030 00000414  304		lh	$15, 48($3)
        030cc021 00000418  305		addu	$24, $24, $12
        a4780028 0000041c  306		sh	$24, 40($3)
        31effffc 00000420  307		andi	$15, $15, 65532
        0c000000 00000424  308		jal	GUI_Unlock
        a46f0030 00000428  309		sh	$15, 48($3)
                           310	.L113:
        8fbe0020 0000042c  311		lw	$fp, 32($sp)
                           312	 #	    .ef
        8fb7001c 00000430  313		lw	$23, 28($sp)
        8fbf004c 00000434  314		lw	$ra, 76($sp)
        8fb00000 00000438  315		lw	$16, 0($sp)
        8fb10004 0000043c  316		lw	$17, 4($sp)
        8fb20008 00000440  317		lw	$18, 8($sp)
        8fb3000c 00000444  318		lw	$19, 12($sp)
        8fb40010 00000448  319		lw	$20, 16($sp)
        8fb50014 0000044c  320		lw	$21, 20($sp)
        8fb60018 00000450  321		lw	$22, 24($sp)
        03e00008 00000454  322		jr	$ra
        27bd0050 00000458  323		addiu	$sp, $sp, 80
                           324		.type	GUI_UC_DispString,@function
                           325		.size	GUI_UC_DispString,.-GUI_UC_DispString
                           326		.align	4
                           327	 #xAdjust	$2	local
                           328	 #yAdjust	52($sp)	local
                           329	 #xOrg	48($sp)	local
                           330	 #FontSizeY	44($sp)	local
                           331	 #r	64($sp)	local
                           332	 #LineLen	$fp	local
                           333	 #xLineSize	40($sp)	local
                           334	 #s	$3	local
                           335	 #Len	$2	local
                           336	 #s	$18	local
                           337	 #MaxNumChars	$19	local

                                   Tue Apr 07 08:55:56 2015           Page 8
                                   Tue Apr 07 08:55:55 2015       gh_2i07v.s
                           338	 #Dist	$20	local
                           339	 #Char	$3	local
                           340	 #r	56($sp)	local
                           341	 #s	$21	local
                           342	 #Len	$18	local
                           343	 #c0	$3	local
                           344	
                           345	 #s	$16	param
                           346	
                           347		.data
                           348	.L323:
                           349		.text
                           350		.align	4
                           351	 #GUI_Context	GUI_Context	import
                           352	
                           353		.data
                           354		.text
