
                                   Tue Apr 07 08:53:52 2015           Page 1
                                   Tue Apr 07 08:53:52 2015       gh_2i059.s
Command Line:   C:\GHS\V35\mips35\asmips.exe -noundefined -elf -b0
                -IC:\local\Workspace\DC_V04.01.00_int\cu3x1Platform_SRC\emWinColour
                -IC:\local\Workspace\DC_V04.01.00_int\cu3x1Platform_SRC\platform\include
                -IC:\local\Workspace\DC_V04.01.00_int\cu3x1Platform_SRC\platform\common
                -IC:\local\Workspace\DC_V04.01.00_int\cu3x1Platform_SRC\platform\hardware
                -IC:\local\Workspace\DC_V04.01.00_int\cu3x1Platform_SRC\platform\hardware\D3018X
                -IC:\local\Workspace\DC_V04.01.00_int\cu3x1Platform_SRC\embos\inc
                -IC:\local\Workspace\DC_V04.01.00_int\cu3x1Platform_SRC\emWinColour\config
                -IC:\local\Workspace\DC_V04.01.00_int\cu3x1Platform_SRC\emWinColour\gui\ConvertMono
                -IC:\local\Workspace\DC_V04.01.00_int\cu3x1Platform_SRC\emWinColour\gui\Core
                -IC:\local\Workspace\DC_V04.01.00_int\cu3x1Platform_SRC\emWinColour\gui\Font
                -IC:\local\Workspace\DC_V04.01.00_int\cu3x1Platform_SRC\emWinColour\gui\LCDDriver
                -IC:\local\Workspace\DC_V04.01.00_int\cu3x1Platform_SRC\emWinColour\gui\MemDev
                -IC:\local\Workspace\DC_V04.01.00_int\cu3x1Platform_SRC\emWinColour\gui\VNC
                -IC:\local\Workspace\DC_V04.01.00_int\cu3x1Platform_SRC\emWinColour\gui\Widget
                -IC:\local\Workspace\DC_V04.01.00_int\cu3x1Platform_SRC\emWinColour\gui\wm
                -IC:\local\Workspace\DC_V04.01.00_int\cu3x1App_SRC\Control\source
                -IC:\local\Workspace\DC_V04.01.00_int\cu3x1App_SRC\Control\source\include
                -IC:\local\Workspace\DC_V04.01.00_int\cu3x1App_SRC\Control\source\util
                -IC:\local\Workspace\DC_V04.01.00_int\cu3x1App_SRC\Control\source\datapoint
                -IC:\local\Workspace\DC_V04.01.00_int\cu3x1App_SRC\Control\source\factory
                -IC:\local\Workspace\DC_V04.01.00_int\cu3x1Platform_SRC\embos
                -IC:\local\Workspace\DC_V04.01.00_int\cu3x1Platform_SRC\emWinColour\gui\core
                -IC:\local\Workspace\DC_V04.01.00_int\cu3x1App_SRC\Control\source\rtip\webpage
                -IC:\local\Workspace\DC_V04.01.00_int\cu3x1App_SRC\Control\source\rtip\config
                -IC:\local\Workspace\DC_V04.01.00_int\cu3x1App_SRC\Control\source\rtip\xnet
                -IC:\local\Workspace\DC_V04.01.00_int\cu3x1App_SRC\Control\source\stub
                -IC:\local\Workspace\DC_V04.01.00_int\cu3x1App_SRC\Control\source\test
                -IC:\local\Workspace\DC_V04.01.00_int\cu3x1App_SRC\Control\source\GENIpro
                -IC:\local\Workspace\DC_V04.01.00_int\cu3x1App_SRC\Control\source\GENIpro\GENI_sys
                -IC:\local\Workspace\DC_V04.01.00_int\cu3x1App_SRC\Control\source\GENIpro\GENIusb\emUSB\USB\Driver
                -IC:\local\Workspace\DC_V04.01.00_int\cu3x1App_SRC\Control\source\application\intercom
                -IC:\local\Workspace\DC_V04.01.00_int\cu3x1App_SRC\Control\source\application\controller
                -IC:\local\Workspace\DC_V04.01.00_int\cu3x1App_SRC\Control\source\application\driver
                -IC:\local\Workspace\DC_V04.01.00_int\cu3x1App_SRC\Control\source\application\webif
                -IC:\local\Workspace\DC_V04.01.00_int\cu3x1App_SRC\Control\source\application\relay
                -IC:\local\Workspace\DC_V04.01.00_int\cu3x1App_SRC\Control\source\application\GENIApp
                -IC:\local\Workspace\DC_V04.01.00_int\cu3x1App_SRC\Control\source\application\alarm
                -IC:\local\Workspace\DC_V04.01.00_int\cu3x1App_SRC\Control\source\application\config
                -IC:\local\Workspace\DC_V04.01.00_int\cu3x1App_SRC\Control\source\application\AnaInConfigCtrl
                -IC:\local\Workspace\DC_V04.01.00_int\cu3x1App_SRC\Control\source\application\Sms
                -IC:\local\Workspace\DC_V04.01.00_int\cu3x1App_SRC\Control\source\application\display
                -IC:\local\Workspace\DC_V04.01.00_int\cu3x1App_SRC\Control\source\application\display\display_task
                -IC:\local\Workspace\DC_V04.01.00_int\cu3x1App_SRC\Control\source\application\display\gui_utility
                -IC:\local\Workspace\DC_V04.01.00_int\cu3x1App_SRC\Control\source\application\display\mpcunit
                -IC:\local\Workspace\DC_V04.01.00_int\cu3x1App_SRC\Control\source\GeniPro
                -IC:\local\Workspace\DC_V04.01.00_int\cu3x1App_SRC\Control\source\GeniPro\GENI_sys
                -IC:\local\Workspace\DC_V04.01.00_int\cu3x1App_SRC\Control\source\GeniPro\GENIbus
                -IC:\local\Workspace\DC_V04.01.00_int\cu3x1App_SRC\Control\source\GeniPro\GENIcom
                -IC:\local\Workspace\DC_V04.01.00_int\cu3x1App_SRC\Control\source\GeniPro\GENIrs232
                -IC:\local\Workspace\DC_V04.01.00_int\cu3x1App_SRC\Control\source\GeniPro\Virtual
                -IC:\local\Workspace\DC_V04.01.00_int\cu3x1Platform_SRC\Platform\common
                -IC:\local\Workspace\DC_V04.01.00_int\cu3x1Platform_SRC\Platform\hardware
                -IC:\local\Workspace\DC_V04.01.00_int\cu3x1Platform_SRC\Platform\hardware\D3018X
                -IC:\local\Workspace\DC_V04.01.00_int\cu3x1App_SRC\Control\source\application\display\imagesTFT
                -IC:\GHS\V35\mips35\mipsl_sf -r4121
                -source=GUI_DispStringInRect.c -o objs\gh_2i059.o
                -list=objs\GUI_DispStringInRect.lst
                C:\Users\55602\AppData\Local\Temp\gh_2i059.s
Source File:    C:\Users\55602\AppData\Local\Temp\gh_2i059.s
Directory:      C:\local\Workspace\DC_V04.01.00_int\cu3x1App_SRC\Control\source
Host OS:        GHS_WIN32
Version:        AS-MIPS 3.5#11 
Release:        MULTI 2000, MIPS v3.5
Revision Date:  Wed Feb 27 12:19:03 2002
Release Date:   Sat Mar 02 02:57:59 2002
                             1	 #Source File:   C:\local\Workspace\DC_V04.01.00_int\cu3x1Platform_SRC\emWinColour\GUI\Core\GUI_DispStringInRect.c

                                   Tue Apr 07 08:53:52 2015           Page 2
                                   Tue Apr 07 08:53:52 2015       gh_2i059.s
                             2	 #Directory:     
                             3	 #		C:\local\Workspace\DC_V04.01.00_int\cu3x1App_SRC\Control\source
                             4	 #Compile Date:  Tue Apr 07 08:53:52 2015
                             5	 #Host OS:       Win32
                             6	 #Version:       C-MIPS 3.5#11 RELEASE VERSION
                             7	 #Release:       MULTI 2000, MIPS v3.5
                             8	 #Revision Date: Fri Mar 01 11:32:40 2002
                             9	 #Release Date:  Sat Mar 02 02:58:48 2002
                            10		.set	noat
                            11		.set	noreorder
                            12		.set	nomacro
                            13		.text
                            14		.align	4
                            15		.globl	GUI__DispStringInRect
                            16	GUI__DispStringInRect:
        27bdffb8 00000000   17		addiu	$sp, $sp, -72
                            18	 #	    .bf
        afbf0044 00000004   19		sw	$ra, 68($sp)
        afbe0020 00000008   20		sw	$fp, 32($sp)
        afb7001c 0000000c   21		sw	$23, 28($sp)
        afb60018 00000010   22		sw	$22, 24($sp)
        afb50014 00000014   23		sw	$21, 20($sp)
        afa40028 00000018   24		sw	$4, 40($sp)
        afb00000 0000001c   25		sw	$16, 0($sp)
        00a08025 00000020   26		move	$16, $5
        afb10004 00000024   27		sw	$17, 4($sp)
        00c08825 00000028   28		move	$17, $6
        afb20008 0000002c   29		sw	$18, 8($sp)
        00e09025 00000030   30		move	$18, $7
        afb40010 00000034   31		sw	$20, 16($sp)
        34140000 00000038   32		ori	$20, $0, 0
        afb3000c 0000003c   33		sw	$19, 12($sp)
        34130000 00000040   34		ori	$19, $0, 0
        0c000000 00000044   35		jal	GUI_GetFontDistY
        0080f025 00000048   36		move	$fp, $4
        1200000d 0000004c   37		beq	$16, $0, .L4
        afa2002c 00000050   38		sw	$2, 44($sp)
        86180006 00000054   39		lh	$24, 6($16)
        86030000 00000058   40		lh	$3, 0($16)
        86020002 0000005c   41		lh	$2, 2($16)
        86190004 00000060   42		lh	$25, 4($16)
        a7b8003e 00000064   43		sh	$24, 62($sp)
        a7a2003a 00000068   44		sh	$2, 58($sp)
        a7b9003c 0000006c   45		sh	$25, 60($sp)
        3237000c 00000070   46		andi	$23, $17, 12
        16e00014 00000074   47		bne	$23, $0, .L7
        a7a30038 00000078   48		sh	$3, 56($sp)
        08000000 0000007c   49		j	.L1000008
        32370003 00000080   50		andi	$23, $17, 3
                            51	.L4:
        0c000000 00000084   52		jal	GUI_GetClientRect
        27a40038 00000088   53		addiu	$4, $sp, 56
        3237000c 0000008c   54		andi	$23, $17, 12
        56e0000e 00000090   55		bnel	$23, $0, .L1000007
        27b50028 00000094   56		addiu	$21, $sp, 40
        32370003 00000098   57		andi	$23, $17, 3

                                   Tue Apr 07 08:53:52 2015           Page 3
                                   Tue Apr 07 08:53:52 2015       gh_2i059.s
                            58	.L1000008:
        27b50030 0000009c   59		addiu	$21, $sp, 48
        02408025 000000a0   60		move	$16, $18
        27b20028 000000a4   61		addiu	$18, $sp, 40
        27b60038 000000a8   62		addiu	$22, $sp, 56
        afbe0028 000000ac   63		sw	$fp, 40($sp)
        3c1e0000 000000b0   64		lui	$fp, %hi(GUI_Context)
        27de0000 000000b4   65		addiu	$fp, $fp, %lo(GUI_Context)
        120000ca 000000b8   66		beq	$16, $0, .L2
        87b4003a 000000bc   67		lh	$20, 58($sp)
        08000000 000000c0   68		j	.L1000024
        8e440000 000000c4   69		lw	$4, 0($18)
                            70	.L7:
        27b50028 000000c8   71		addiu	$21, $sp, 40
                            72	.L1000007:
        02408025 000000cc   73		move	$16, $18
        12000011 000000d0   74		beq	$16, $0, .L16
        34160001 000000d4   75		ori	$22, $0, 1
                            76	.L12:
        8ea40000 000000d8   77		lw	$4, 0($21)
        0c000000 000000dc   78		jal	GUI__GetLineNumChars
        02002825 000000e0   79		move	$5, $16
        02028023 000000e4   80		subu	$16, $16, $2
        8ea40000 000000e8   81		lw	$4, 0($21)
        0c000000 000000ec   82		jal	GUI_UC__NumChars2NumBytes
        00402825 000000f0   83		move	$5, $2
        8ea30000 000000f4   84		lw	$3, 0($21)
        02a02025 000000f8   85		move	$4, $21
        00621821 000000fc   86		addu	$3, $3, $2
        0c000000 00000100   87		jal	GUI__HandleEOLine
        aea30000 00000104   88		sw	$3, 0($21)
        54400004 00000108   89		bnel	$2, $0, .L1000016
        26e3fffc 0000010c   90		addiu	$3, $23, -4
        1600fff1 00000110   91		bne	$16, $0, .L12
        26d60001 00000114   92		addiu	$22, $22, 1
                            93	.L16:
        26e3fffc 00000118   94		addiu	$3, $23, -4
                            95	.L1000016:
        10600007 0000011c   96		beq	$3, $0, .L20
        2463fffc 00000120   97		addiu	$3, $3, -4
        10600005 00000124   98		beq	$3, $0, .L20
        2463fffc 00000128   99		addiu	$3, $3, -4
        50600014 0000012c  100		beql	$3, $0, .L1000021
        87a3003e 00000130  101		lh	$3, 62($sp)
        08000000 00000134  102		j	.L1000009
        32370003 00000138  103		andi	$23, $17, 3
                           104	.L20:
        8fac002c 0000013c  105		lw	$12, 44($sp)
        87b9003e 00000140  106		lh	$25, 62($sp)
        32370003 00000144  107		andi	$23, $17, 3
        02cc0018 00000148  108		mult	$22, $12
        00007012 0000014c  109		mflo	$14
        27b50030 00000150  110		addiu	$21, $sp, 48
        02408025 00000154  111		move	$16, $18
        27b60038 00000158  112		addiu	$22, $sp, 56
        afbe0028 0000015c  113		sw	$fp, 40($sp)

                                   Tue Apr 07 08:53:52 2015           Page 4
                                   Tue Apr 07 08:53:52 2015       gh_2i059.s
        032e6823 00000160  114		subu	$13, $25, $14
        27b20028 00000164  115		addiu	$18, $sp, 40
        3c1e0000 00000168  116		lui	$fp, %hi(GUI_Context)
        27de0000 0000016c  117		addiu	$fp, $fp, %lo(GUI_Context)
        1200009c 00000170  118		beq	$16, $0, .L2
        25b40001 00000174  119		addiu	$20, $13, 1
        08000000 00000178  120		j	.L1000024
        8e440000 0000017c  121		lw	$4, 0($18)
                           122	.L1000021:
        87a2003a 00000180  123		lh	$2, 58($sp)
        8fac002c 00000184  124		lw	$12, 44($sp)
        00621823 00000188  125		subu	$3, $3, $2
        24740001 0000018c  126		addiu	$20, $3, 1
        26c3ffff 00000190  127		addiu	$3, $22, -1
        006c0018 00000194  128		mult	$3, $12
        0000a812 00000198  129		mflo	$21
        0c000000 0000019c  130		jal	GUI_GetFontSizeY
        00000000 000001a0  131		nop
        02a21821 000001a4  132		addu	$3, $21, $2
        02831823 000001a8  133		subu	$3, $20, $3
        0003c7c3 000001ac  134		sra	$24, $3, 31
        00187fc2 000001b0  135		srl	$15, $24, 31
        87b9003a 000001b4  136		lh	$25, 58($sp)
        01e37021 000001b8  137		addu	$14, $15, $3
        000e6843 000001bc  138		sra	$13, $14, 1
        032da021 000001c0  139		addu	$20, $25, $13
        32370003 000001c4  140		andi	$23, $17, 3
                           141	.L1000009:
        02408025 000001c8  142		move	$16, $18
        27b20028 000001cc  143		addiu	$18, $sp, 40
        27b60038 000001d0  144		addiu	$22, $sp, 56
        afbe0028 000001d4  145		sw	$fp, 40($sp)
        3c1e0000 000001d8  146		lui	$fp, %hi(GUI_Context)
        27de0000 000001dc  147		addiu	$fp, $fp, %lo(GUI_Context)
        12000080 000001e0  148		beq	$16, $0, .L2
        27b50030 000001e4  149		addiu	$21, $sp, 48
        8e440000 000001e8  150		lw	$4, 0($18)
                           151	.L1000024:
        0c000000 000001ec  152		jal	GUI__GetLineNumChars
        02002825 000001f0  153		move	$5, $16
        00408825 000001f4  154		move	$17, $2
        02118023 000001f8  155		subu	$16, $16, $17
        8e440000 000001fc  156		lw	$4, 0($18)
        0c000000 00000200  157		jal	GUI__GetLineDistX
        02202825 00000204  158		move	$5, $17
        12e0002c 00000208  159		beq	$23, $0, .L29
        00401825 0000020c  160		move	$3, $2
        340f0001 00000210  161		ori	$15, $0, 1
        12ef0047 00000214  162		beq	$23, $15, .L30
        26e2fffe 00000218  163		addiu	$2, $23, -2
        54400049 0000021c  164		bnel	$2, $0, .L1000026
        02637021 00000220  165		addu	$14, $19, $3
        86d90004 00000224  166		lh	$25, 4($22)
        86cb0000 00000228  167		lh	$11, 0($22)
        8fac002c 0000022c  168		lw	$12, 44($sp)
        a7d40028 00000230  169		sh	$20, 40($fp)

                                   Tue Apr 07 08:53:52 2015           Page 5
                                   Tue Apr 07 08:53:52 2015       gh_2i059.s
        032b6823 00000234  170		subu	$13, $25, $11
        01a31023 00000238  171		subu	$2, $13, $3
        0002c7c3 0000023c  172		sra	$24, $2, 31
        00187fc2 00000240  173		srl	$15, $24, 31
        01e27021 00000244  174		addu	$14, $15, $2
        000e6843 00000248  175		sra	$13, $14, 1
        016d9821 0000024c  176		addu	$19, $11, $13
        a7d30026 00000250  177		sh	$19, 38($fp)
        02637021 00000254  178		addu	$14, $19, $3
        25ceffff 00000258  179		addiu	$14, $14, -1
        a6b30000 0000025c  180		sh	$19, 0($21)
        a6ae0004 00000260  181		sh	$14, 4($21)
        a6b40002 00000264  182		sh	$20, 2($21)
        028c7821 00000268  183		addu	$15, $20, $12
        25efffff 0000026c  184		addiu	$15, $15, -1
        a6af0006 00000270  185		sh	$15, 6($21)
        8e440000 00000274  186		lw	$4, 0($18)
        02202825 00000278  187		move	$5, $17
        0c000000 0000027c  188		jal	GUI__DispLine
        02a03025 00000280  189		move	$6, $21
        8e440000 00000284  190		lw	$4, 0($18)
        0c000000 00000288  191		jal	GUI_UC__NumChars2NumBytes
        02202825 0000028c  192		move	$5, $17
        8e430000 00000290  193		lw	$3, 0($18)
        00621821 00000294  194		addu	$3, $3, $2
        0c000000 00000298  195		jal	GUI_GetFontDistY
        ae430000 0000029c  196		sw	$3, 0($18)
        0282a021 000002a0  197		addu	$20, $20, $2
        0c000000 000002a4  198		jal	GUI__HandleEOLine
        02402025 000002a8  199		move	$4, $18
        1040004b 000002ac  200		beq	$2, $0, .L25
        00000000 000002b0  201		nop
        08000000 000002b4  202		j	.L1000058
        8fb60018 000002b8  203		lw	$22, 24($sp)
                           204	.L29:
        86d30000 000002bc  205		lh	$19, 0($22)
        8fac002c 000002c0  206		lw	$12, 44($sp)
        a7d40028 000002c4  207		sh	$20, 40($fp)
        a7d30026 000002c8  208		sh	$19, 38($fp)
        02637021 000002cc  209		addu	$14, $19, $3
        25ceffff 000002d0  210		addiu	$14, $14, -1
        a6b30000 000002d4  211		sh	$19, 0($21)
        a6ae0004 000002d8  212		sh	$14, 4($21)
        a6b40002 000002dc  213		sh	$20, 2($21)
        028c7821 000002e0  214		addu	$15, $20, $12
        25efffff 000002e4  215		addiu	$15, $15, -1
        a6af0006 000002e8  216		sh	$15, 6($21)
        8e440000 000002ec  217		lw	$4, 0($18)
        02202825 000002f0  218		move	$5, $17
        0c000000 000002f4  219		jal	GUI__DispLine
        02a03025 000002f8  220		move	$6, $21
        8e440000 000002fc  221		lw	$4, 0($18)
        0c000000 00000300  222		jal	GUI_UC__NumChars2NumBytes
        02202825 00000304  223		move	$5, $17
        8e430000 00000308  224		lw	$3, 0($18)
        00621821 0000030c  225		addu	$3, $3, $2

                                   Tue Apr 07 08:53:52 2015           Page 6
                                   Tue Apr 07 08:53:52 2015       gh_2i059.s
        0c000000 00000310  226		jal	GUI_GetFontDistY
        ae430000 00000314  227		sw	$3, 0($18)
        0282a021 00000318  228		addu	$20, $20, $2
        0c000000 0000031c  229		jal	GUI__HandleEOLine
        02402025 00000320  230		move	$4, $18
        1040002d 00000324  231		beq	$2, $0, .L25
        00000000 00000328  232		nop
        08000000 0000032c  233		j	.L1000058
        8fb60018 00000330  234		lw	$22, 24($sp)
                           235	.L30:
        86d80004 00000334  236		lh	$24, 4($22)
        0303c823 00000338  237		subu	$25, $24, $3
        27330001 0000033c  238		addiu	$19, $25, 1
        02637021 00000340  239		addu	$14, $19, $3
                           240	.L1000026:
        a7d30026 00000344  241		sh	$19, 38($fp)
        25ceffff 00000348  242		addiu	$14, $14, -1
        a6b30000 0000034c  243		sh	$19, 0($21)
        a6ae0004 00000350  244		sh	$14, 4($21)
        8fac002c 00000354  245		lw	$12, 44($sp)
        a7d40028 00000358  246		sh	$20, 40($fp)
        a6b40002 0000035c  247		sh	$20, 2($21)
        028c7821 00000360  248		addu	$15, $20, $12
        25efffff 00000364  249		addiu	$15, $15, -1
        a6af0006 00000368  250		sh	$15, 6($21)
        8e440000 0000036c  251		lw	$4, 0($18)
        02202825 00000370  252		move	$5, $17
        0c000000 00000374  253		jal	GUI__DispLine
        02a03025 00000378  254		move	$6, $21
        8e440000 0000037c  255		lw	$4, 0($18)
        0c000000 00000380  256		jal	GUI_UC__NumChars2NumBytes
        02202825 00000384  257		move	$5, $17
        8e430000 00000388  258		lw	$3, 0($18)
        00621821 0000038c  259		addu	$3, $3, $2
        0c000000 00000390  260		jal	GUI_GetFontDistY
        ae430000 00000394  261		sw	$3, 0($18)
        0282a021 00000398  262		addu	$20, $20, $2
        0c000000 0000039c  263		jal	GUI__HandleEOLine
        02402025 000003a0  264		move	$4, $18
        1040000d 000003a4  265		beq	$2, $0, .L25
        00000000 000003a8  266		nop
        8fb60018 000003ac  267		lw	$22, 24($sp)
                           268	.L1000058:
        8fb50014 000003b0  269		lw	$21, 20($sp)
        8fb40010 000003b4  270		lw	$20, 16($sp)
        8fb3000c 000003b8  271		lw	$19, 12($sp)
        8fb20008 000003bc  272		lw	$18, 8($sp)
        8fb10004 000003c0  273		lw	$17, 4($sp)
        8fb00000 000003c4  274		lw	$16, 0($sp)
        8fbf0044 000003c8  275		lw	$ra, 68($sp)
        8fb7001c 000003cc  276		lw	$23, 28($sp)
        8fbe0020 000003d0  277		lw	$fp, 32($sp)
        03e00008 000003d4  278		jr	$ra
        27bd0048 000003d8  279		addiu	$sp, $sp, 72
                           280	.L25:
        5600ff83 000003dc  281		bnel	$16, $0, .L1000024

                                   Tue Apr 07 08:53:52 2015           Page 7
                                   Tue Apr 07 08:53:52 2015       gh_2i059.s
        8e440000 000003e0  282		lw	$4, 0($18)
                           283	.L2:
        8fbe0020 000003e4  284		lw	$fp, 32($sp)
                           285	 #	    .ef
        8fb7001c 000003e8  286		lw	$23, 28($sp)
        8fbf0044 000003ec  287		lw	$ra, 68($sp)
        8fb00000 000003f0  288		lw	$16, 0($sp)
        8fb10004 000003f4  289		lw	$17, 4($sp)
        8fb20008 000003f8  290		lw	$18, 8($sp)
        8fb3000c 000003fc  291		lw	$19, 12($sp)
        8fb40010 00000400  292		lw	$20, 16($sp)
        8fb50014 00000404  293		lw	$21, 20($sp)
        8fb60018 00000408  294		lw	$22, 24($sp)
        03e00008 0000040c  295		jr	$ra
        27bd0048 00000410  296		addiu	$sp, $sp, 72
                           297		.type	GUI__DispStringInRect,@function
                           298		.size	GUI__DispStringInRect,.-GUI__DispStringInRect
                           299		.align	4
                           300	 #r	56($sp)	local
                           301	 #rLine	48($sp)	local
                           302	 #y	$20	local
                           303	 #sOrg	$fp	local
                           304	 #FontYSize	44($sp)	local
                           305	 #xLine	$19	local
                           306	 #LineLen	$17	local
                           307	 #NumCharsRem	$16	local
                           308	 #NumLines	$22	local
                           309	 #xLineSize	$3	local
                           310	
                           311	 #s	40($sp)	param
                           312	 #pRect	$16	param
                           313	 #TextAlign	$17	param
                           314	 #MaxNumChars	$18	param
                           315	
                           316		.data
                           317	.L125:
                           318		.text
                           319		.align	4
                           320		.align	4
                           321		.globl	GUI_DispStringInRectMax
                           322	GUI_DispStringInRectMax:
        27bdffd8 00000414  323		addiu	$sp, $sp, -40
        afb3000c 00000418  324		sw	$19, 12($sp)
                           325	 #	    .bf
        00e09825 0000041c  326		move	$19, $7
        afb50014 00000420  327		sw	$21, 20($sp)
        afb40010 00000424  328		sw	$20, 16($sp)
        afb00000 00000428  329		sw	$16, 0($sp)
        00808025 0000042c  330		move	$16, $4
        afb10004 00000430  331		sw	$17, 4($sp)
        00a08825 00000434  332		move	$17, $5
        afb20008 00000438  333		sw	$18, 8($sp)
        00c09025 0000043c  334		move	$18, $6
        12000019 00000440  335		beq	$16, $0, .L175
        afbf0024 00000444  336		sw	$ra, 36($sp)
        0c000000 00000448  337		jal	GUI_Lock

                                   Tue Apr 07 08:53:52 2015           Page 8
                                   Tue Apr 07 08:53:52 2015       gh_2i059.s
        34140000 0000044c  338		ori	$20, $0, 0
        5220000d 00000450  339		beql	$17, $0, .L1000179
        02002025 00000454  340		move	$4, $16
        0c000000 00000458  341		jal	WM_SetUserClipRect
        02202025 0000045c  342		move	$4, $17
        0040a025 00000460  343		move	$20, $2
        12800007 00000464  344		beq	$20, $0, .L179
        27b50018 00000468  345		addiu	$21, $sp, 24
        02a02025 0000046c  346		move	$4, $21
        02202825 00000470  347		move	$5, $17
        0c000000 00000474  348		jal	GUI__IntersectRects
        02803025 00000478  349		move	$6, $20
        0c000000 0000047c  350		jal	WM_SetUserClipRect
        02a02025 00000480  351		move	$4, $21
                           352	.L179:
        02002025 00000484  353		move	$4, $16
                           354	.L1000179:
        02202825 00000488  355		move	$5, $17
        02403025 0000048c  356		move	$6, $18
        0c000000 00000490  357		jal	GUI__DispStringInRect
        02603825 00000494  358		move	$7, $19
        0c000000 00000498  359		jal	WM_SetUserClipRect
        02802025 0000049c  360		move	$4, $20
        0c000000 000004a0  361		jal	GUI_Unlock
        00000000 000004a4  362		nop
                           363	.L175:
        8fb50014 000004a8  364		lw	$21, 20($sp)
                           365	 #	    .ef
        8fb40010 000004ac  366		lw	$20, 16($sp)
        8fbf0024 000004b0  367		lw	$ra, 36($sp)
        8fb00000 000004b4  368		lw	$16, 0($sp)
        8fb10004 000004b8  369		lw	$17, 4($sp)
        8fb20008 000004bc  370		lw	$18, 8($sp)
        8fb3000c 000004c0  371		lw	$19, 12($sp)
        03e00008 000004c4  372		jr	$ra
        27bd0028 000004c8  373		addiu	$sp, $sp, 40
                           374		.type	GUI_DispStringInRectMax,@function
                           375		.size	GUI_DispStringInRectMax,.-GUI_DispStringInRectMax
                           376		.align	4
                           377	 #pOldClipRect	$20	local
                           378	 #r	24($sp)	local
                           379	
                           380	 #s	$16	param
                           381	 #pRect	$17	param
                           382	 #TextAlign	$18	param
                           383	 #MaxLen	$19	param
                           384	
                           385		.data
                           386	.L206:
                           387		.text
                           388		.align	4
                           389		.align	4
                           390		.globl	GUI_DispStringInRect
                           391	GUI_DispStringInRect:
                           392	 #	    .bf
        08000000 000004cc  393		j	GUI_DispStringInRectMax

                                   Tue Apr 07 08:53:52 2015           Page 9
                                   Tue Apr 07 08:53:52 2015       gh_2i059.s
        34077fff 000004d0  394		ori	$7, $0, 32767
                           395	 #	    .ef
                           396		.type	GUI_DispStringInRect,@function
                           397		.size	GUI_DispStringInRect,.-GUI_DispStringInRect
                           398		.align	4
                           399	
                           400	 #s	none	param
                           401	 #pRect	none	param
                           402	 #TextAlign	none	param
                           403	
                           404		.data
                           405	.L236:
                           406		.text
                           407		.align	4
                           408	 #GUI_Context	GUI_Context	import
                           409	
                           410		.data
                           411		.text
