
                                   Tue Apr 07 08:55:03 2015           Page 1
                                   Tue Apr 07 08:55:03 2015       gh_2i06p.s
Command Line:   C:\GHS\V35\mips35\asmips.exe -noundefined -elf -b0
                -IC:\local\Workspace\DC_V04.01.00_int\cu3x1Platform_SRC\emWinColour
                -IC:\local\Workspace\DC_V04.01.00_int\cu3x1Platform_SRC\platform\include
                -IC:\local\Workspace\DC_V04.01.00_int\cu3x1Platform_SRC\platform\common
                -IC:\local\Workspace\DC_V04.01.00_int\cu3x1Platform_SRC\platform\hardware
                -IC:\local\Workspace\DC_V04.01.00_int\cu3x1Platform_SRC\platform\hardware\D3018X
                -IC:\local\Workspace\DC_V04.01.00_int\cu3x1Platform_SRC\embos\inc
                -IC:\local\Workspace\DC_V04.01.00_int\cu3x1Platform_SRC\emWinColour\config
                -IC:\local\Workspace\DC_V04.01.00_int\cu3x1Platform_SRC\emWinColour\gui\ConvertMono
                -IC:\local\Workspace\DC_V04.01.00_int\cu3x1Platform_SRC\emWinColour\gui\Core
                -IC:\local\Workspace\DC_V04.01.00_int\cu3x1Platform_SRC\emWinColour\gui\Font
                -IC:\local\Workspace\DC_V04.01.00_int\cu3x1Platform_SRC\emWinColour\gui\LCDDriver
                -IC:\local\Workspace\DC_V04.01.00_int\cu3x1Platform_SRC\emWinColour\gui\MemDev
                -IC:\local\Workspace\DC_V04.01.00_int\cu3x1Platform_SRC\emWinColour\gui\VNC
                -IC:\local\Workspace\DC_V04.01.00_int\cu3x1Platform_SRC\emWinColour\gui\Widget
                -IC:\local\Workspace\DC_V04.01.00_int\cu3x1Platform_SRC\emWinColour\gui\wm
                -IC:\local\Workspace\DC_V04.01.00_int\cu3x1App_SRC\Control\source
                -IC:\local\Workspace\DC_V04.01.00_int\cu3x1App_SRC\Control\source\include
                -IC:\local\Workspace\DC_V04.01.00_int\cu3x1App_SRC\Control\source\util
                -IC:\local\Workspace\DC_V04.01.00_int\cu3x1App_SRC\Control\source\datapoint
                -IC:\local\Workspace\DC_V04.01.00_int\cu3x1App_SRC\Control\source\factory
                -IC:\local\Workspace\DC_V04.01.00_int\cu3x1Platform_SRC\embos
                -IC:\local\Workspace\DC_V04.01.00_int\cu3x1Platform_SRC\emWinColour\gui\core
                -IC:\local\Workspace\DC_V04.01.00_int\cu3x1App_SRC\Control\source\rtip\webpage
                -IC:\local\Workspace\DC_V04.01.00_int\cu3x1App_SRC\Control\source\rtip\config
                -IC:\local\Workspace\DC_V04.01.00_int\cu3x1App_SRC\Control\source\rtip\xnet
                -IC:\local\Workspace\DC_V04.01.00_int\cu3x1App_SRC\Control\source\stub
                -IC:\local\Workspace\DC_V04.01.00_int\cu3x1App_SRC\Control\source\test
                -IC:\local\Workspace\DC_V04.01.00_int\cu3x1App_SRC\Control\source\GENIpro
                -IC:\local\Workspace\DC_V04.01.00_int\cu3x1App_SRC\Control\source\GENIpro\GENI_sys
                -IC:\local\Workspace\DC_V04.01.00_int\cu3x1App_SRC\Control\source\GENIpro\GENIusb\emUSB\USB\Driver
                -IC:\local\Workspace\DC_V04.01.00_int\cu3x1App_SRC\Control\source\application\intercom
                -IC:\local\Workspace\DC_V04.01.00_int\cu3x1App_SRC\Control\source\application\controller
                -IC:\local\Workspace\DC_V04.01.00_int\cu3x1App_SRC\Control\source\application\driver
                -IC:\local\Workspace\DC_V04.01.00_int\cu3x1App_SRC\Control\source\application\webif
                -IC:\local\Workspace\DC_V04.01.00_int\cu3x1App_SRC\Control\source\application\relay
                -IC:\local\Workspace\DC_V04.01.00_int\cu3x1App_SRC\Control\source\application\GENIApp
                -IC:\local\Workspace\DC_V04.01.00_int\cu3x1App_SRC\Control\source\application\alarm
                -IC:\local\Workspace\DC_V04.01.00_int\cu3x1App_SRC\Control\source\application\config
                -IC:\local\Workspace\DC_V04.01.00_int\cu3x1App_SRC\Control\source\application\AnaInConfigCtrl
                -IC:\local\Workspace\DC_V04.01.00_int\cu3x1App_SRC\Control\source\application\Sms
                -IC:\local\Workspace\DC_V04.01.00_int\cu3x1App_SRC\Control\source\application\display
                -IC:\local\Workspace\DC_V04.01.00_int\cu3x1App_SRC\Control\source\application\display\display_task
                -IC:\local\Workspace\DC_V04.01.00_int\cu3x1App_SRC\Control\source\application\display\gui_utility
                -IC:\local\Workspace\DC_V04.01.00_int\cu3x1App_SRC\Control\source\application\display\mpcunit
                -IC:\local\Workspace\DC_V04.01.00_int\cu3x1App_SRC\Control\source\GeniPro
                -IC:\local\Workspace\DC_V04.01.00_int\cu3x1App_SRC\Control\source\GeniPro\GENI_sys
                -IC:\local\Workspace\DC_V04.01.00_int\cu3x1App_SRC\Control\source\GeniPro\GENIbus
                -IC:\local\Workspace\DC_V04.01.00_int\cu3x1App_SRC\Control\source\GeniPro\GENIcom
                -IC:\local\Workspace\DC_V04.01.00_int\cu3x1App_SRC\Control\source\GeniPro\GENIrs232
                -IC:\local\Workspace\DC_V04.01.00_int\cu3x1App_SRC\Control\source\GeniPro\Virtual
                -IC:\local\Workspace\DC_V04.01.00_int\cu3x1Platform_SRC\Platform\common
                -IC:\local\Workspace\DC_V04.01.00_int\cu3x1Platform_SRC\Platform\hardware
                -IC:\local\Workspace\DC_V04.01.00_int\cu3x1Platform_SRC\Platform\hardware\D3018X
                -IC:\local\Workspace\DC_V04.01.00_int\cu3x1App_SRC\Control\source\application\display\imagesTFT
                -IC:\GHS\V35\mips35\mipsl_sf -r4121 -source=GUI_MergeRect.c -o
                objs\gh_2i06p.o -list=objs\GUI_MergeRect.lst
                C:\Users\55602\AppData\Local\Temp\gh_2i06p.s
Source File:    C:\Users\55602\AppData\Local\Temp\gh_2i06p.s
Directory:      C:\local\Workspace\DC_V04.01.00_int\cu3x1App_SRC\Control\source
Host OS:        GHS_WIN32
Version:        AS-MIPS 3.5#11 
Release:        MULTI 2000, MIPS v3.5
Revision Date:  Wed Feb 27 12:19:03 2002
Release Date:   Sat Mar 02 02:57:59 2002
                             1	 #Source File:   C:\local\Workspace\DC_V04.01.00_int\cu3x1Platform_SRC\emWinColour\GUI\Core\GUI_MergeRect.c

                                   Tue Apr 07 08:55:03 2015           Page 2
                                   Tue Apr 07 08:55:03 2015       gh_2i06p.s
                             2	 #Directory:     
                             3	 #		C:\local\Workspace\DC_V04.01.00_int\cu3x1App_SRC\Control\source
                             4	 #Compile Date:  Tue Apr 07 08:55:03 2015
                             5	 #Host OS:       Win32
                             6	 #Version:       C-MIPS 3.5#11 RELEASE VERSION
                             7	 #Release:       MULTI 2000, MIPS v3.5
                             8	 #Revision Date: Fri Mar 01 11:32:40 2002
                             9	 #Release Date:  Sat Mar 02 02:58:48 2002
                            10		.set	noat
                            11		.set	noreorder
                            12		.set	nomacro
                            13		.text
                            14		.align	4
                            15		.globl	GUI_MergeRect
                            16	GUI_MergeRect:
                            17	 #	    .bf
        10800038 00000000   18		beq	$4, $0, .L2
        00000000 00000004   19		nop
        10a00024 00000008   20		beq	$5, $0, .L6
        00000000 0000000c   21		nop
        10c00022 00000010   22		beq	$6, $0, .L6
        00000000 00000014   23		nop
        84b90000 00000018   24		lh	$25, 0($5)
        84cd0000 0000001c   25		lh	$13, 0($6)
        03207025 00000020   26		move	$14, $25
        01aec02a 00000024   27		slt	$24, $13, $14
        13000002 00000028   28		beq	$24, $0, .L46
        00000000 0000002c   29		nop
        01a07025 00000030   30		move	$14, $13
                            31	.L46:
        a48e0000 00000034   32		sh	$14, 0($4)
        84ad0002 00000038   33		lh	$13, 2($5)
        84ce0002 0000003c   34		lh	$14, 2($6)
        01a07825 00000040   35		move	$15, $13
        01cfc82a 00000044   36		slt	$25, $14, $15
        13200002 00000048   37		beq	$25, $0, .L47
        00000000 0000004c   38		nop
        01c07825 00000050   39		move	$15, $14
                            40	.L47:
        a48f0002 00000054   41		sh	$15, 2($4)
        84ce0004 00000058   42		lh	$14, 4($6)
        84af0004 0000005c   43		lh	$15, 4($5)
        01c0c025 00000060   44		move	$24, $14
        030f682a 00000064   45		slt	$13, $24, $15
        11a00002 00000068   46		beq	$13, $0, .L48
        00000000 0000006c   47		nop
        01e0c025 00000070   48		move	$24, $15
                            49	.L48:
        a4980004 00000074   50		sh	$24, 4($4)
        84cf0006 00000078   51		lh	$15, 6($6)
        84b80006 0000007c   52		lh	$24, 6($5)
        01e0c825 00000080   53		move	$25, $15
        0338702a 00000084   54		slt	$14, $25, $24
        11c00002 00000088   55		beq	$14, $0, .L49
        00000000 0000008c   56		nop
        0300c825 00000090   57		move	$25, $24

                                   Tue Apr 07 08:55:03 2015           Page 3
                                   Tue Apr 07 08:55:03 2015       gh_2i06p.s
                            58	.L49:
        03e00008 00000094   59		jr	$ra
        a4990006 00000098   60		sh	$25, 6($4)
                            61	.L6:
        50a0000a 0000009c   62		beql	$5, $0, .L1000010
        84c20000 000000a0   63		lh	$2, 0($6)
        84a30006 000000a4   64		lh	$3, 6($5)
        84a20000 000000a8   65		lh	$2, 0($5)
        84b90002 000000ac   66		lh	$25, 2($5)
        84b80004 000000b0   67		lh	$24, 4($5)
        a4830006 000000b4   68		sh	$3, 6($4)
        a4990002 000000b8   69		sh	$25, 2($4)
        a4980004 000000bc   70		sh	$24, 4($4)
        03e00008 000000c0   71		jr	$ra
        a4820000 000000c4   72		sh	$2, 0($4)
                            73	.L1000010:
        84d90002 000000c8   74		lh	$25, 2($6)
        84d80004 000000cc   75		lh	$24, 4($6)
        84c30006 000000d0   76		lh	$3, 6($6)
        a4820000 000000d4   77		sh	$2, 0($4)
        a4990002 000000d8   78		sh	$25, 2($4)
        a4980004 000000dc   79		sh	$24, 4($4)
        a4830006 000000e0   80		sh	$3, 6($4)
                            81	.L2:
                            82	 #	    .ef
        03e00008 000000e4   83		jr	$ra
        00000000 000000e8   84		nop
                            85		.type	GUI_MergeRect,@function
                            86		.size	GUI_MergeRect,.-GUI_MergeRect
                            87		.align	4
                            88	
                            89	 #pDest	$4	param
                            90	 #pr0	$5	param
                            91	 #pr1	$6	param
                            92	
                            93		.data
                            94	.L45:
                            95		.text
                            96		.align	4
                            97	
                            98		.data
                            99		.text
