
                                   Tue Apr 07 08:55:10 2015           Page 1
                                   Tue Apr 07 08:55:10 2015       gh_2i06u.s
Command Line:   C:\GHS\V35\mips35\asmips.exe -noundefined -elf -b0
                -IC:\local\Workspace\DC_V04.01.00_int\cu3x1Platform_SRC\emWinColour
                -IC:\local\Workspace\DC_V04.01.00_int\cu3x1Platform_SRC\platform\include
                -IC:\local\Workspace\DC_V04.01.00_int\cu3x1Platform_SRC\platform\common
                -IC:\local\Workspace\DC_V04.01.00_int\cu3x1Platform_SRC\platform\hardware
                -IC:\local\Workspace\DC_V04.01.00_int\cu3x1Platform_SRC\platform\hardware\D3018X
                -IC:\local\Workspace\DC_V04.01.00_int\cu3x1Platform_SRC\embos\inc
                -IC:\local\Workspace\DC_V04.01.00_int\cu3x1Platform_SRC\emWinColour\config
                -IC:\local\Workspace\DC_V04.01.00_int\cu3x1Platform_SRC\emWinColour\gui\ConvertMono
                -IC:\local\Workspace\DC_V04.01.00_int\cu3x1Platform_SRC\emWinColour\gui\Core
                -IC:\local\Workspace\DC_V04.01.00_int\cu3x1Platform_SRC\emWinColour\gui\Font
                -IC:\local\Workspace\DC_V04.01.00_int\cu3x1Platform_SRC\emWinColour\gui\LCDDriver
                -IC:\local\Workspace\DC_V04.01.00_int\cu3x1Platform_SRC\emWinColour\gui\MemDev
                -IC:\local\Workspace\DC_V04.01.00_int\cu3x1Platform_SRC\emWinColour\gui\VNC
                -IC:\local\Workspace\DC_V04.01.00_int\cu3x1Platform_SRC\emWinColour\gui\Widget
                -IC:\local\Workspace\DC_V04.01.00_int\cu3x1Platform_SRC\emWinColour\gui\wm
                -IC:\local\Workspace\DC_V04.01.00_int\cu3x1App_SRC\Control\source
                -IC:\local\Workspace\DC_V04.01.00_int\cu3x1App_SRC\Control\source\include
                -IC:\local\Workspace\DC_V04.01.00_int\cu3x1App_SRC\Control\source\util
                -IC:\local\Workspace\DC_V04.01.00_int\cu3x1App_SRC\Control\source\datapoint
                -IC:\local\Workspace\DC_V04.01.00_int\cu3x1App_SRC\Control\source\factory
                -IC:\local\Workspace\DC_V04.01.00_int\cu3x1Platform_SRC\embos
                -IC:\local\Workspace\DC_V04.01.00_int\cu3x1Platform_SRC\emWinColour\gui\core
                -IC:\local\Workspace\DC_V04.01.00_int\cu3x1App_SRC\Control\source\rtip\webpage
                -IC:\local\Workspace\DC_V04.01.00_int\cu3x1App_SRC\Control\source\rtip\config
                -IC:\local\Workspace\DC_V04.01.00_int\cu3x1App_SRC\Control\source\rtip\xnet
                -IC:\local\Workspace\DC_V04.01.00_int\cu3x1App_SRC\Control\source\stub
                -IC:\local\Workspace\DC_V04.01.00_int\cu3x1App_SRC\Control\source\test
                -IC:\local\Workspace\DC_V04.01.00_int\cu3x1App_SRC\Control\source\GENIpro
                -IC:\local\Workspace\DC_V04.01.00_int\cu3x1App_SRC\Control\source\GENIpro\GENI_sys
                -IC:\local\Workspace\DC_V04.01.00_int\cu3x1App_SRC\Control\source\GENIpro\GENIusb\emUSB\USB\Driver
                -IC:\local\Workspace\DC_V04.01.00_int\cu3x1App_SRC\Control\source\application\intercom
                -IC:\local\Workspace\DC_V04.01.00_int\cu3x1App_SRC\Control\source\application\controller
                -IC:\local\Workspace\DC_V04.01.00_int\cu3x1App_SRC\Control\source\application\driver
                -IC:\local\Workspace\DC_V04.01.00_int\cu3x1App_SRC\Control\source\application\webif
                -IC:\local\Workspace\DC_V04.01.00_int\cu3x1App_SRC\Control\source\application\relay
                -IC:\local\Workspace\DC_V04.01.00_int\cu3x1App_SRC\Control\source\application\GENIApp
                -IC:\local\Workspace\DC_V04.01.00_int\cu3x1App_SRC\Control\source\application\alarm
                -IC:\local\Workspace\DC_V04.01.00_int\cu3x1App_SRC\Control\source\application\config
                -IC:\local\Workspace\DC_V04.01.00_int\cu3x1App_SRC\Control\source\application\AnaInConfigCtrl
                -IC:\local\Workspace\DC_V04.01.00_int\cu3x1App_SRC\Control\source\application\Sms
                -IC:\local\Workspace\DC_V04.01.00_int\cu3x1App_SRC\Control\source\application\display
                -IC:\local\Workspace\DC_V04.01.00_int\cu3x1App_SRC\Control\source\application\display\display_task
                -IC:\local\Workspace\DC_V04.01.00_int\cu3x1App_SRC\Control\source\application\display\gui_utility
                -IC:\local\Workspace\DC_V04.01.00_int\cu3x1App_SRC\Control\source\application\display\mpcunit
                -IC:\local\Workspace\DC_V04.01.00_int\cu3x1App_SRC\Control\source\GeniPro
                -IC:\local\Workspace\DC_V04.01.00_int\cu3x1App_SRC\Control\source\GeniPro\GENI_sys
                -IC:\local\Workspace\DC_V04.01.00_int\cu3x1App_SRC\Control\source\GeniPro\GENIbus
                -IC:\local\Workspace\DC_V04.01.00_int\cu3x1App_SRC\Control\source\GeniPro\GENIcom
                -IC:\local\Workspace\DC_V04.01.00_int\cu3x1App_SRC\Control\source\GeniPro\GENIrs232
                -IC:\local\Workspace\DC_V04.01.00_int\cu3x1App_SRC\Control\source\GeniPro\Virtual
                -IC:\local\Workspace\DC_V04.01.00_int\cu3x1Platform_SRC\Platform\common
                -IC:\local\Workspace\DC_V04.01.00_int\cu3x1Platform_SRC\Platform\hardware
                -IC:\local\Workspace\DC_V04.01.00_int\cu3x1Platform_SRC\Platform\hardware\D3018X
                -IC:\local\Workspace\DC_V04.01.00_int\cu3x1App_SRC\Control\source\application\display\imagesTFT
                -IC:\GHS\V35\mips35\mipsl_sf -r4121 -source=GUI_Pen.c -o
                objs\gh_2i06u.o -list=objs\GUI_Pen.lst
                C:\Users\55602\AppData\Local\Temp\gh_2i06u.s
Source File:    C:\Users\55602\AppData\Local\Temp\gh_2i06u.s
Directory:      C:\local\Workspace\DC_V04.01.00_int\cu3x1App_SRC\Control\source
Host OS:        GHS_WIN32
Version:        AS-MIPS 3.5#11 
Release:        MULTI 2000, MIPS v3.5
Revision Date:  Wed Feb 27 12:19:03 2002
Release Date:   Sat Mar 02 02:57:59 2002
                             1	 #Source File:   C:\local\Workspace\DC_V04.01.00_int\cu3x1Platform_SRC\emWinColour\GUI\Core\GUI_Pen.c

                                   Tue Apr 07 08:55:10 2015           Page 2
                                   Tue Apr 07 08:55:10 2015       gh_2i06u.s
                             2	 #Directory:     
                             3	 #		C:\local\Workspace\DC_V04.01.00_int\cu3x1App_SRC\Control\source
                             4	 #Compile Date:  Tue Apr 07 08:55:10 2015
                             5	 #Host OS:       Win32
                             6	 #Version:       C-MIPS 3.5#11 RELEASE VERSION
                             7	 #Release:       MULTI 2000, MIPS v3.5
                             8	 #Revision Date: Fri Mar 01 11:32:40 2002
                             9	 #Release Date:  Sat Mar 02 02:58:48 2002
                            10		.set	noat
                            11		.set	noreorder
                            12		.set	nomacro
                            13		.text
                            14		.align	4
                            15		.globl	GUI_GetPenSize
                            16	GUI_GetPenSize:
        27bdfff0 00000000   17		addiu	$sp, $sp, -16
        afbf000c 00000004   18		sw	$ra, 12($sp)
                            19	 #	    .bf
        0c000000 00000008   20		jal	GUI_Lock
        afb00000 0000000c   21		sw	$16, 0($sp)
        3c010000 00000010   22		lui	$1, %hi(GUI_Context+24)
        0c000000 00000014   23		jal	GUI_Unlock
        90300000 00000018   24		lbu	$16, %lo(GUI_Context+24)($1)
                            25	 #	    .ef
        8fbf000c 0000001c   26		lw	$ra, 12($sp)
        02001025 00000020   27		move	$2, $16
        8fb00000 00000024   28		lw	$16, 0($sp)
        03e00008 00000028   29		jr	$ra
        27bd0010 0000002c   30		addiu	$sp, $sp, 16
                            31		.type	GUI_GetPenSize,@function
                            32		.size	GUI_GetPenSize,.-GUI_GetPenSize
                            33		.align	4
                            34	 #r	$16	local
                            35	
                            36		.data
                            37	.L15:
                            38		.text
                            39		.align	4
                            40		.align	4
                            41		.globl	GUI_GetPenShape
                            42	GUI_GetPenShape:
        27bdfff0 00000030   43		addiu	$sp, $sp, -16
        afbf000c 00000034   44		sw	$ra, 12($sp)
                            45	 #	    .bf
        0c000000 00000038   46		jal	GUI_Lock
        afb00000 0000003c   47		sw	$16, 0($sp)
        3c010000 00000040   48		lui	$1, %hi(GUI_Context+25)
        0c000000 00000044   49		jal	GUI_Unlock
        90300000 00000048   50		lbu	$16, %lo(GUI_Context+25)($1)
                            51	 #	    .ef
        02001025 0000004c   52		move	$2, $16
        8fbf000c 00000050   53		lw	$ra, 12($sp)
        8fb00000 00000054   54		lw	$16, 0($sp)
        03e00008 00000058   55		jr	$ra
        27bd0010 0000005c   56		addiu	$sp, $sp, 16
                            57		.type	GUI_GetPenShape,@function

                                   Tue Apr 07 08:55:10 2015           Page 3
                                   Tue Apr 07 08:55:10 2015       gh_2i06u.s
                            58		.size	GUI_GetPenShape,.-GUI_GetPenShape
                            59		.align	4
                            60	 #r	$16	local
                            61	
                            62		.data
                            63	.L34:
                            64		.text
                            65		.align	4
                            66		.align	4
                            67		.globl	GUI_SetPenSize
                            68	GUI_SetPenSize:
        27bdfff0 00000060   69		addiu	$sp, $sp, -16
        afbf000c 00000064   70		sw	$ra, 12($sp)
        afb10004 00000068   71		sw	$17, 4($sp)
        afb00000 0000006c   72		sw	$16, 0($sp)
                            73	 #	    .bf
        0c000000 00000070   74		jal	GUI_Lock
        00808025 00000074   75		move	$16, $4
        3c030000 00000078   76		lui	$3, %hi(GUI_Context+24)
        90710000 0000007c   77		lbu	$17, %lo(GUI_Context+24)($3)
        0c000000 00000080   78		jal	GUI_Unlock
        a0700000 00000084   79		sb	$16, %lo(GUI_Context+24)($3)
                            80	 #	    .ef
        02201025 00000088   81		move	$2, $17
        8fbf000c 0000008c   82		lw	$ra, 12($sp)
        8fb00000 00000090   83		lw	$16, 0($sp)
        8fb10004 00000094   84		lw	$17, 4($sp)
        03e00008 00000098   85		jr	$ra
        27bd0010 0000009c   86		addiu	$sp, $sp, 16
                            87		.type	GUI_SetPenSize,@function
                            88		.size	GUI_SetPenSize,.-GUI_SetPenSize
                            89		.align	4
                            90	
                            91	 #PenSize	$16	param
                            92	
                            93		.data
                            94	.L53:
                            95		.text
                            96		.align	4
                            97		.align	4
                            98		.globl	GUI_SetPenShape
                            99	GUI_SetPenShape:
        27bdfff0 000000a0  100		addiu	$sp, $sp, -16
        afbf000c 000000a4  101		sw	$ra, 12($sp)
        afb10004 000000a8  102		sw	$17, 4($sp)
        afb00000 000000ac  103		sw	$16, 0($sp)
                           104	 #	    .bf
        0c000000 000000b0  105		jal	GUI_Lock
        00808025 000000b4  106		move	$16, $4
        3c030000 000000b8  107		lui	$3, %hi(GUI_Context+25)
        90710000 000000bc  108		lbu	$17, %lo(GUI_Context+25)($3)
        0c000000 000000c0  109		jal	GUI_Unlock
        a0700000 000000c4  110		sb	$16, %lo(GUI_Context+25)($3)
                           111	 #	    .ef
        02201025 000000c8  112		move	$2, $17
        8fbf000c 000000cc  113		lw	$ra, 12($sp)

                                   Tue Apr 07 08:55:10 2015           Page 4
                                   Tue Apr 07 08:55:10 2015       gh_2i06u.s
        8fb00000 000000d0  114		lw	$16, 0($sp)
        8fb10004 000000d4  115		lw	$17, 4($sp)
        03e00008 000000d8  116		jr	$ra
        27bd0010 000000dc  117		addiu	$sp, $sp, 16
                           118		.type	GUI_SetPenShape,@function
                           119		.size	GUI_SetPenShape,.-GUI_SetPenShape
                           120		.align	4
                           121	
                           122	 #PenShape	$16	param
                           123	
                           124		.data
                           125	.L72:
                           126		.text
                           127		.align	4
                           128	 #GUI_Context	GUI_Context	import
                           129	
                           130		.data
                           131		.text
