
                                   Tue Apr 07 08:52:53 2015           Page 1
                                   Tue Apr 07 08:52:53 2015       gh_2i03u.s
Command Line:   C:\GHS\V35\mips35\asmips.exe -noundefined -elf -b0
                -IC:\local\Workspace\DC_V04.01.00_int\cu3x1Platform_SRC\emWinColour
                -IC:\local\Workspace\DC_V04.01.00_int\cu3x1Platform_SRC\platform\include
                -IC:\local\Workspace\DC_V04.01.00_int\cu3x1Platform_SRC\platform\common
                -IC:\local\Workspace\DC_V04.01.00_int\cu3x1Platform_SRC\platform\hardware
                -IC:\local\Workspace\DC_V04.01.00_int\cu3x1Platform_SRC\platform\hardware\D3018X
                -IC:\local\Workspace\DC_V04.01.00_int\cu3x1Platform_SRC\embos\inc
                -IC:\local\Workspace\DC_V04.01.00_int\cu3x1Platform_SRC\emWinColour\config
                -IC:\local\Workspace\DC_V04.01.00_int\cu3x1Platform_SRC\emWinColour\gui\ConvertMono
                -IC:\local\Workspace\DC_V04.01.00_int\cu3x1Platform_SRC\emWinColour\gui\Core
                -IC:\local\Workspace\DC_V04.01.00_int\cu3x1Platform_SRC\emWinColour\gui\Font
                -IC:\local\Workspace\DC_V04.01.00_int\cu3x1Platform_SRC\emWinColour\gui\LCDDriver
                -IC:\local\Workspace\DC_V04.01.00_int\cu3x1Platform_SRC\emWinColour\gui\MemDev
                -IC:\local\Workspace\DC_V04.01.00_int\cu3x1Platform_SRC\emWinColour\gui\VNC
                -IC:\local\Workspace\DC_V04.01.00_int\cu3x1Platform_SRC\emWinColour\gui\Widget
                -IC:\local\Workspace\DC_V04.01.00_int\cu3x1Platform_SRC\emWinColour\gui\wm
                -IC:\local\Workspace\DC_V04.01.00_int\cu3x1App_SRC\Control\source
                -IC:\local\Workspace\DC_V04.01.00_int\cu3x1App_SRC\Control\source\include
                -IC:\local\Workspace\DC_V04.01.00_int\cu3x1App_SRC\Control\source\util
                -IC:\local\Workspace\DC_V04.01.00_int\cu3x1App_SRC\Control\source\datapoint
                -IC:\local\Workspace\DC_V04.01.00_int\cu3x1App_SRC\Control\source\factory
                -IC:\local\Workspace\DC_V04.01.00_int\cu3x1Platform_SRC\embos
                -IC:\local\Workspace\DC_V04.01.00_int\cu3x1Platform_SRC\emWinColour\gui\core
                -IC:\local\Workspace\DC_V04.01.00_int\cu3x1App_SRC\Control\source\rtip\webpage
                -IC:\local\Workspace\DC_V04.01.00_int\cu3x1App_SRC\Control\source\rtip\config
                -IC:\local\Workspace\DC_V04.01.00_int\cu3x1App_SRC\Control\source\rtip\xnet
                -IC:\local\Workspace\DC_V04.01.00_int\cu3x1App_SRC\Control\source\stub
                -IC:\local\Workspace\DC_V04.01.00_int\cu3x1App_SRC\Control\source\test
                -IC:\local\Workspace\DC_V04.01.00_int\cu3x1App_SRC\Control\source\GENIpro
                -IC:\local\Workspace\DC_V04.01.00_int\cu3x1App_SRC\Control\source\GENIpro\GENI_sys
                -IC:\local\Workspace\DC_V04.01.00_int\cu3x1App_SRC\Control\source\GENIpro\GENIusb\emUSB\USB\Driver
                -IC:\local\Workspace\DC_V04.01.00_int\cu3x1App_SRC\Control\source\application\intercom
                -IC:\local\Workspace\DC_V04.01.00_int\cu3x1App_SRC\Control\source\application\controller
                -IC:\local\Workspace\DC_V04.01.00_int\cu3x1App_SRC\Control\source\application\driver
                -IC:\local\Workspace\DC_V04.01.00_int\cu3x1App_SRC\Control\source\application\webif
                -IC:\local\Workspace\DC_V04.01.00_int\cu3x1App_SRC\Control\source\application\relay
                -IC:\local\Workspace\DC_V04.01.00_int\cu3x1App_SRC\Control\source\application\GENIApp
                -IC:\local\Workspace\DC_V04.01.00_int\cu3x1App_SRC\Control\source\application\alarm
                -IC:\local\Workspace\DC_V04.01.00_int\cu3x1App_SRC\Control\source\application\config
                -IC:\local\Workspace\DC_V04.01.00_int\cu3x1App_SRC\Control\source\application\AnaInConfigCtrl
                -IC:\local\Workspace\DC_V04.01.00_int\cu3x1App_SRC\Control\source\application\Sms
                -IC:\local\Workspace\DC_V04.01.00_int\cu3x1App_SRC\Control\source\application\display
                -IC:\local\Workspace\DC_V04.01.00_int\cu3x1App_SRC\Control\source\application\display\display_task
                -IC:\local\Workspace\DC_V04.01.00_int\cu3x1App_SRC\Control\source\application\display\gui_utility
                -IC:\local\Workspace\DC_V04.01.00_int\cu3x1App_SRC\Control\source\application\display\mpcunit
                -IC:\local\Workspace\DC_V04.01.00_int\cu3x1App_SRC\Control\source\GeniPro
                -IC:\local\Workspace\DC_V04.01.00_int\cu3x1App_SRC\Control\source\GeniPro\GENI_sys
                -IC:\local\Workspace\DC_V04.01.00_int\cu3x1App_SRC\Control\source\GeniPro\GENIbus
                -IC:\local\Workspace\DC_V04.01.00_int\cu3x1App_SRC\Control\source\GeniPro\GENIcom
                -IC:\local\Workspace\DC_V04.01.00_int\cu3x1App_SRC\Control\source\GeniPro\GENIrs232
                -IC:\local\Workspace\DC_V04.01.00_int\cu3x1App_SRC\Control\source\GeniPro\Virtual
                -IC:\local\Workspace\DC_V04.01.00_int\cu3x1Platform_SRC\Platform\common
                -IC:\local\Workspace\DC_V04.01.00_int\cu3x1Platform_SRC\Platform\hardware
                -IC:\local\Workspace\DC_V04.01.00_int\cu3x1Platform_SRC\Platform\hardware\D3018X
                -IC:\local\Workspace\DC_V04.01.00_int\cu3x1App_SRC\Control\source\application\display\imagesTFT
                -IC:\GHS\V35\mips35\mipsl_sf -r4121 -source=GUI_AddDec.c -o
                objs\gh_2i03u.o -list=objs\GUI_AddDec.lst
                C:\Users\55602\AppData\Local\Temp\gh_2i03u.s
Source File:    C:\Users\55602\AppData\Local\Temp\gh_2i03u.s
Directory:      C:\local\Workspace\DC_V04.01.00_int\cu3x1App_SRC\Control\source
Host OS:        GHS_WIN32
Version:        AS-MIPS 3.5#11 
Release:        MULTI 2000, MIPS v3.5
Revision Date:  Wed Feb 27 12:19:03 2002
Release Date:   Sat Mar 02 02:57:59 2002
                             1	 #Source File:   C:\local\Workspace\DC_V04.01.00_int\cu3x1Platform_SRC\emWinColour\GUI\Core\GUI_AddDec.c

                                   Tue Apr 07 08:52:53 2015           Page 2
                                   Tue Apr 07 08:52:53 2015       gh_2i03u.s
                             2	 #Directory:     
                             3	 #		C:\local\Workspace\DC_V04.01.00_int\cu3x1App_SRC\Control\source
                             4	 #Compile Date:  Tue Apr 07 08:52:53 2015
                             5	 #Host OS:       Win32
                             6	 #Version:       C-MIPS 3.5#11 RELEASE VERSION
                             7	 #Release:       MULTI 2000, MIPS v3.5
                             8	 #Revision Date: Fri Mar 01 11:32:40 2002
                             9	 #Release Date:  Sat Mar 02 02:58:48 2002
                            10		.set	noat
                            11		.set	noreorder
                            12		.set	nomacro
                            13		.text
                            14		.align	4
                            15		.globl	GUI_AddDec
                            16	GUI_AddDec:
        00c03825 00000000   17		move	$7, $6
                            18	 #	    .bf
        34060000 00000004   19		ori	$6, $0, 0
        08000000 00000008   20		j	GUI_AddDecShift
        30a500ff 0000000c   21		andi	$5, $5, 255
                            22	 #	    .ef
                            23		.type	GUI_AddDec,@function
                            24		.size	GUI_AddDec,.-GUI_AddDec
                            25		.align	4
                            26	
                            27	 #v	none	param
                            28	 #Len	$5	param
                            29	 #ps	none	param
                            30	
                            31		.data
                            32	.L15:
                            33		.text
                            34		.align	4
                            35	
                            36		.data
                            37		.text
