
                                   Tue Apr 07 08:55:12 2015           Page 1
                                   Tue Apr 07 08:55:11 2015       gh_2i06v.s
Command Line:   C:\GHS\V35\mips35\asmips.exe -noundefined -elf -b0
                -IC:\local\Workspace\DC_V04.01.00_int\cu3x1Platform_SRC\emWinColour
                -IC:\local\Workspace\DC_V04.01.00_int\cu3x1Platform_SRC\platform\include
                -IC:\local\Workspace\DC_V04.01.00_int\cu3x1Platform_SRC\platform\common
                -IC:\local\Workspace\DC_V04.01.00_int\cu3x1Platform_SRC\platform\hardware
                -IC:\local\Workspace\DC_V04.01.00_int\cu3x1Platform_SRC\platform\hardware\D3018X
                -IC:\local\Workspace\DC_V04.01.00_int\cu3x1Platform_SRC\embos\inc
                -IC:\local\Workspace\DC_V04.01.00_int\cu3x1Platform_SRC\emWinColour\config
                -IC:\local\Workspace\DC_V04.01.00_int\cu3x1Platform_SRC\emWinColour\gui\ConvertMono
                -IC:\local\Workspace\DC_V04.01.00_int\cu3x1Platform_SRC\emWinColour\gui\Core
                -IC:\local\Workspace\DC_V04.01.00_int\cu3x1Platform_SRC\emWinColour\gui\Font
                -IC:\local\Workspace\DC_V04.01.00_int\cu3x1Platform_SRC\emWinColour\gui\LCDDriver
                -IC:\local\Workspace\DC_V04.01.00_int\cu3x1Platform_SRC\emWinColour\gui\MemDev
                -IC:\local\Workspace\DC_V04.01.00_int\cu3x1Platform_SRC\emWinColour\gui\VNC
                -IC:\local\Workspace\DC_V04.01.00_int\cu3x1Platform_SRC\emWinColour\gui\Widget
                -IC:\local\Workspace\DC_V04.01.00_int\cu3x1Platform_SRC\emWinColour\gui\wm
                -IC:\local\Workspace\DC_V04.01.00_int\cu3x1App_SRC\Control\source
                -IC:\local\Workspace\DC_V04.01.00_int\cu3x1App_SRC\Control\source\include
                -IC:\local\Workspace\DC_V04.01.00_int\cu3x1App_SRC\Control\source\util
                -IC:\local\Workspace\DC_V04.01.00_int\cu3x1App_SRC\Control\source\datapoint
                -IC:\local\Workspace\DC_V04.01.00_int\cu3x1App_SRC\Control\source\factory
                -IC:\local\Workspace\DC_V04.01.00_int\cu3x1Platform_SRC\embos
                -IC:\local\Workspace\DC_V04.01.00_int\cu3x1Platform_SRC\emWinColour\gui\core
                -IC:\local\Workspace\DC_V04.01.00_int\cu3x1App_SRC\Control\source\rtip\webpage
                -IC:\local\Workspace\DC_V04.01.00_int\cu3x1App_SRC\Control\source\rtip\config
                -IC:\local\Workspace\DC_V04.01.00_int\cu3x1App_SRC\Control\source\rtip\xnet
                -IC:\local\Workspace\DC_V04.01.00_int\cu3x1App_SRC\Control\source\stub
                -IC:\local\Workspace\DC_V04.01.00_int\cu3x1App_SRC\Control\source\test
                -IC:\local\Workspace\DC_V04.01.00_int\cu3x1App_SRC\Control\source\GENIpro
                -IC:\local\Workspace\DC_V04.01.00_int\cu3x1App_SRC\Control\source\GENIpro\GENI_sys
                -IC:\local\Workspace\DC_V04.01.00_int\cu3x1App_SRC\Control\source\GENIpro\GENIusb\emUSB\USB\Driver
                -IC:\local\Workspace\DC_V04.01.00_int\cu3x1App_SRC\Control\source\application\intercom
                -IC:\local\Workspace\DC_V04.01.00_int\cu3x1App_SRC\Control\source\application\controller
                -IC:\local\Workspace\DC_V04.01.00_int\cu3x1App_SRC\Control\source\application\driver
                -IC:\local\Workspace\DC_V04.01.00_int\cu3x1App_SRC\Control\source\application\webif
                -IC:\local\Workspace\DC_V04.01.00_int\cu3x1App_SRC\Control\source\application\relay
                -IC:\local\Workspace\DC_V04.01.00_int\cu3x1App_SRC\Control\source\application\GENIApp
                -IC:\local\Workspace\DC_V04.01.00_int\cu3x1App_SRC\Control\source\application\alarm
                -IC:\local\Workspace\DC_V04.01.00_int\cu3x1App_SRC\Control\source\application\config
                -IC:\local\Workspace\DC_V04.01.00_int\cu3x1App_SRC\Control\source\application\AnaInConfigCtrl
                -IC:\local\Workspace\DC_V04.01.00_int\cu3x1App_SRC\Control\source\application\Sms
                -IC:\local\Workspace\DC_V04.01.00_int\cu3x1App_SRC\Control\source\application\display
                -IC:\local\Workspace\DC_V04.01.00_int\cu3x1App_SRC\Control\source\application\display\display_task
                -IC:\local\Workspace\DC_V04.01.00_int\cu3x1App_SRC\Control\source\application\display\gui_utility
                -IC:\local\Workspace\DC_V04.01.00_int\cu3x1App_SRC\Control\source\application\display\mpcunit
                -IC:\local\Workspace\DC_V04.01.00_int\cu3x1App_SRC\Control\source\GeniPro
                -IC:\local\Workspace\DC_V04.01.00_int\cu3x1App_SRC\Control\source\GeniPro\GENI_sys
                -IC:\local\Workspace\DC_V04.01.00_int\cu3x1App_SRC\Control\source\GeniPro\GENIbus
                -IC:\local\Workspace\DC_V04.01.00_int\cu3x1App_SRC\Control\source\GeniPro\GENIcom
                -IC:\local\Workspace\DC_V04.01.00_int\cu3x1App_SRC\Control\source\GeniPro\GENIrs232
                -IC:\local\Workspace\DC_V04.01.00_int\cu3x1App_SRC\Control\source\GeniPro\Virtual
                -IC:\local\Workspace\DC_V04.01.00_int\cu3x1Platform_SRC\Platform\common
                -IC:\local\Workspace\DC_V04.01.00_int\cu3x1Platform_SRC\Platform\hardware
                -IC:\local\Workspace\DC_V04.01.00_int\cu3x1Platform_SRC\Platform\hardware\D3018X
                -IC:\local\Workspace\DC_V04.01.00_int\cu3x1App_SRC\Control\source\application\display\imagesTFT
                -IC:\GHS\V35\mips35\mipsl_sf -r4121 -source=GUI_PID.c -o
                objs\gh_2i06v.o -list=objs\GUI_PID.lst
                C:\Users\55602\AppData\Local\Temp\gh_2i06v.s
Source File:    C:\Users\55602\AppData\Local\Temp\gh_2i06v.s
Directory:      C:\local\Workspace\DC_V04.01.00_int\cu3x1App_SRC\Control\source
Host OS:        GHS_WIN32
Version:        AS-MIPS 3.5#11 
Release:        MULTI 2000, MIPS v3.5
Revision Date:  Wed Feb 27 12:19:03 2002
Release Date:   Sat Mar 02 02:57:59 2002
                             1	 #Source File:   C:\local\Workspace\DC_V04.01.00_int\cu3x1Platform_SRC\emWinColour\GUI\Core\GUI_PID.c

                                   Tue Apr 07 08:55:12 2015           Page 2
                                   Tue Apr 07 08:55:11 2015       gh_2i06v.s
                             2	 #Directory:     
                             3	 #		C:\local\Workspace\DC_V04.01.00_int\cu3x1App_SRC\Control\source
                             4	 #Compile Date:  Tue Apr 07 08:55:11 2015
                             5	 #Host OS:       Win32
                             6	 #Version:       C-MIPS 3.5#11 RELEASE VERSION
                             7	 #Release:       MULTI 2000, MIPS v3.5
                             8	 #Revision Date: Fri Mar 01 11:32:40 2002
                             9	 #Release Date:  Sat Mar 02 02:58:48 2002
                            10		.set	noat
                            11		.set	noreorder
                            12		.set	nomacro
                            13		.text
                            14		.align	4
                            15		.globl	GUI_PID_GetState
                            16	GUI_PID_GetState:
        3c190000 00000000   17		lui	$25, %hi(_State)
                            18	 #	    .bf
        8f2f0000 00000004   19		lw	$15, %lo(_State)($25)
        27390000 00000008   20		addiu	$25, $25, %lo(_State)
        8f2d0008 0000000c   21		lw	$13, 8($25)
        8f2e0004 00000010   22		lw	$14, 4($25)
                            23	 #	    .ef
        ac8f0000 00000014   24		sw	$15, 0($4)
        ac8d0008 00000018   25		sw	$13, 8($4)
        31b900ff 0000001c   26		andi	$25, $13, 255
        0019102b 00000020   27		sltu	$2, $0, $25
        03e00008 00000024   28		jr	$ra
        ac8e0004 00000028   29		sw	$14, 4($4)
                            30		.type	GUI_PID_GetState,@function
                            31		.size	GUI_PID_GetState,.-GUI_PID_GetState
                            32		.align	4
                            33	
                            34	 #pState	$4	param
                            35	
                            36		.data
                            37	.L51:
                            38		.bss	_State,12,4
                            39	
                            40		.text
                            41		.align	4
                            42		.align	4
                            43		.globl	GUI_PID_StoreState
                            44	GUI_PID_StoreState:
        3c190000 0000002c   45		lui	$25, %hi(WM_HandlePID)
                            46	 #	    .bf
        27390000 00000030   47		addiu	$25, $25, %lo(WM_HandlePID)
        af990000 00000034   48		sw	$25, %sdaoff(WM_pfHandlePID)($28)
        808f0000 00000038   49		lb	$15, 0($4)
        3c030000 0000003c   50		lui	$3, %hi(_State)
        80780000 00000040   51		lb	$24, %lo(_State)($3)
        24630000 00000044   52		addiu	$3, $3, %lo(_State)
        24630001 00000048   53		addiu	$3, $3, 1
        030fc823 0000004c   54		subu	$25, $24, $15
        1720004a 00000050   55		bne	$25, $0, .L72
        24820001 00000054   56		addiu	$2, $4, 1
        806d0000 00000058   57		lb	$13, 0($3)

                                   Tue Apr 07 08:55:12 2015           Page 3
                                   Tue Apr 07 08:55:11 2015       gh_2i06v.s
        80590000 0000005c   58		lb	$25, 0($2)
        24420001 00000060   59		addiu	$2, $2, 1
        24630001 00000064   60		addiu	$3, $3, 1
        01b9c823 00000068   61		subu	$25, $13, $25
        17200043 0000006c   62		bne	$25, $0, .L72
        00000000 00000070   63		nop
        806f0000 00000074   64		lb	$15, 0($3)
        804e0000 00000078   65		lb	$14, 0($2)
        24420001 0000007c   66		addiu	$2, $2, 1
        24630001 00000080   67		addiu	$3, $3, 1
        01eec823 00000084   68		subu	$25, $15, $14
        1720003c 00000088   69		bne	$25, $0, .L72
        00000000 0000008c   70		nop
        80790000 00000090   71		lb	$25, 0($3)
        80580000 00000094   72		lb	$24, 0($2)
        24420001 00000098   73		addiu	$2, $2, 1
        24630001 0000009c   74		addiu	$3, $3, 1
        0338c823 000000a0   75		subu	$25, $25, $24
        17200035 000000a4   76		bne	$25, $0, .L72
        00000000 000000a8   77		nop
        806e0000 000000ac   78		lb	$14, 0($3)
        804d0000 000000b0   79		lb	$13, 0($2)
        24420001 000000b4   80		addiu	$2, $2, 1
        24630001 000000b8   81		addiu	$3, $3, 1
        01cdc823 000000bc   82		subu	$25, $14, $13
        1720002e 000000c0   83		bne	$25, $0, .L72
        00000000 000000c4   84		nop
        80780000 000000c8   85		lb	$24, 0($3)
        804f0000 000000cc   86		lb	$15, 0($2)
        24420001 000000d0   87		addiu	$2, $2, 1
        24630001 000000d4   88		addiu	$3, $3, 1
        030fc823 000000d8   89		subu	$25, $24, $15
        17200027 000000dc   90		bne	$25, $0, .L72
        00000000 000000e0   91		nop
        806d0000 000000e4   92		lb	$13, 0($3)
        80590000 000000e8   93		lb	$25, 0($2)
        24420001 000000ec   94		addiu	$2, $2, 1
        24630001 000000f0   95		addiu	$3, $3, 1
        01b9c823 000000f4   96		subu	$25, $13, $25
        17200020 000000f8   97		bne	$25, $0, .L72
        00000000 000000fc   98		nop
        806f0000 00000100   99		lb	$15, 0($3)
        804e0000 00000104  100		lb	$14, 0($2)
        24420001 00000108  101		addiu	$2, $2, 1
        24630001 0000010c  102		addiu	$3, $3, 1
        01eec823 00000110  103		subu	$25, $15, $14
        17200019 00000114  104		bne	$25, $0, .L72
        00000000 00000118  105		nop
        80790000 0000011c  106		lb	$25, 0($3)
        80580000 00000120  107		lb	$24, 0($2)
        24420001 00000124  108		addiu	$2, $2, 1
        24630001 00000128  109		addiu	$3, $3, 1
        0338c823 0000012c  110		subu	$25, $25, $24
        17200012 00000130  111		bne	$25, $0, .L72
        00000000 00000134  112		nop
        806e0000 00000138  113		lb	$14, 0($3)

                                   Tue Apr 07 08:55:12 2015           Page 4
                                   Tue Apr 07 08:55:11 2015       gh_2i06v.s
        804d0000 0000013c  114		lb	$13, 0($2)
        24420001 00000140  115		addiu	$2, $2, 1
        24630001 00000144  116		addiu	$3, $3, 1
        01cdc823 00000148  117		subu	$25, $14, $13
        1720000b 0000014c  118		bne	$25, $0, .L72
        00000000 00000150  119		nop
        80780000 00000154  120		lb	$24, 0($3)
        804f0000 00000158  121		lb	$15, 0($2)
        24420001 0000015c  122		addiu	$2, $2, 1
        24630001 00000160  123		addiu	$3, $3, 1
        030fc823 00000164  124		subu	$25, $24, $15
        17200004 00000168  125		bne	$25, $0, .L72
        00000000 0000016c  126		nop
        80590000 00000170  127		lb	$25, 0($2)
        806d0000 00000174  128		lb	$13, 0($3)
        01b9c823 00000178  129		subu	$25, $13, $25
                           130	.L72:
        13200008 0000017c  131		beq	$25, $0, .L57
        3c0d0000 00000180  132		lui	$13, %hi(_State)
        8c990000 00000184  133		lw	$25, 0($4)
        8c980004 00000188  134		lw	$24, 4($4)
        8c8f0008 0000018c  135		lw	$15, 8($4)
        adb90000 00000190  136		sw	$25, %lo(_State)($13)
        25ad0000 00000194  137		addiu	$13, $13, %lo(_State)
        adb80004 00000198  138		sw	$24, 4($13)
        adaf0008 0000019c  139		sw	$15, 8($13)
                           140	.L57:
                           141	 #	    .ef
        03e00008 000001a0  142		jr	$ra
        00000000 000001a4  143		nop
                           144		.type	GUI_PID_StoreState,@function
                           145		.size	GUI_PID_StoreState,.-GUI_PID_StoreState
                           146		.align	4
                           147	 #__GHS_S1	$3	local
                           148	 #__GHS_S2	$2	local
                           149	 #__GHS_R	$25	local
                           150	
                           151	 #pState	$4	param
                           152	
                           153		.data
                           154	.L198:
                           155		.text
                           156		.align	4
                           157	 #WM_pfHandlePID	%sdaoff(WM_pfHandlePID)	import
                           158	 #_State	_State	static
                           159	
                           160		.data
                           161		.section ".bss","awb"
                           162		.align	4
                           163		.text
