
                                   Tue Apr 07 08:54:28 2015           Page 1
                                   Tue Apr 07 08:54:28 2015       gh_2i063.s
Command Line:   C:\GHS\V35\mips35\asmips.exe -noundefined -elf -b0
                -IC:\local\Workspace\DC_V04.01.00_int\cu3x1Platform_SRC\emWinColour
                -IC:\local\Workspace\DC_V04.01.00_int\cu3x1Platform_SRC\platform\include
                -IC:\local\Workspace\DC_V04.01.00_int\cu3x1Platform_SRC\platform\common
                -IC:\local\Workspace\DC_V04.01.00_int\cu3x1Platform_SRC\platform\hardware
                -IC:\local\Workspace\DC_V04.01.00_int\cu3x1Platform_SRC\platform\hardware\D3018X
                -IC:\local\Workspace\DC_V04.01.00_int\cu3x1Platform_SRC\embos\inc
                -IC:\local\Workspace\DC_V04.01.00_int\cu3x1Platform_SRC\emWinColour\config
                -IC:\local\Workspace\DC_V04.01.00_int\cu3x1Platform_SRC\emWinColour\gui\ConvertMono
                -IC:\local\Workspace\DC_V04.01.00_int\cu3x1Platform_SRC\emWinColour\gui\Core
                -IC:\local\Workspace\DC_V04.01.00_int\cu3x1Platform_SRC\emWinColour\gui\Font
                -IC:\local\Workspace\DC_V04.01.00_int\cu3x1Platform_SRC\emWinColour\gui\LCDDriver
                -IC:\local\Workspace\DC_V04.01.00_int\cu3x1Platform_SRC\emWinColour\gui\MemDev
                -IC:\local\Workspace\DC_V04.01.00_int\cu3x1Platform_SRC\emWinColour\gui\VNC
                -IC:\local\Workspace\DC_V04.01.00_int\cu3x1Platform_SRC\emWinColour\gui\Widget
                -IC:\local\Workspace\DC_V04.01.00_int\cu3x1Platform_SRC\emWinColour\gui\wm
                -IC:\local\Workspace\DC_V04.01.00_int\cu3x1App_SRC\Control\source
                -IC:\local\Workspace\DC_V04.01.00_int\cu3x1App_SRC\Control\source\include
                -IC:\local\Workspace\DC_V04.01.00_int\cu3x1App_SRC\Control\source\util
                -IC:\local\Workspace\DC_V04.01.00_int\cu3x1App_SRC\Control\source\datapoint
                -IC:\local\Workspace\DC_V04.01.00_int\cu3x1App_SRC\Control\source\factory
                -IC:\local\Workspace\DC_V04.01.00_int\cu3x1Platform_SRC\embos
                -IC:\local\Workspace\DC_V04.01.00_int\cu3x1Platform_SRC\emWinColour\gui\core
                -IC:\local\Workspace\DC_V04.01.00_int\cu3x1App_SRC\Control\source\rtip\webpage
                -IC:\local\Workspace\DC_V04.01.00_int\cu3x1App_SRC\Control\source\rtip\config
                -IC:\local\Workspace\DC_V04.01.00_int\cu3x1App_SRC\Control\source\rtip\xnet
                -IC:\local\Workspace\DC_V04.01.00_int\cu3x1App_SRC\Control\source\stub
                -IC:\local\Workspace\DC_V04.01.00_int\cu3x1App_SRC\Control\source\test
                -IC:\local\Workspace\DC_V04.01.00_int\cu3x1App_SRC\Control\source\GENIpro
                -IC:\local\Workspace\DC_V04.01.00_int\cu3x1App_SRC\Control\source\GENIpro\GENI_sys
                -IC:\local\Workspace\DC_V04.01.00_int\cu3x1App_SRC\Control\source\GENIpro\GENIusb\emUSB\USB\Driver
                -IC:\local\Workspace\DC_V04.01.00_int\cu3x1App_SRC\Control\source\application\intercom
                -IC:\local\Workspace\DC_V04.01.00_int\cu3x1App_SRC\Control\source\application\controller
                -IC:\local\Workspace\DC_V04.01.00_int\cu3x1App_SRC\Control\source\application\driver
                -IC:\local\Workspace\DC_V04.01.00_int\cu3x1App_SRC\Control\source\application\webif
                -IC:\local\Workspace\DC_V04.01.00_int\cu3x1App_SRC\Control\source\application\relay
                -IC:\local\Workspace\DC_V04.01.00_int\cu3x1App_SRC\Control\source\application\GENIApp
                -IC:\local\Workspace\DC_V04.01.00_int\cu3x1App_SRC\Control\source\application\alarm
                -IC:\local\Workspace\DC_V04.01.00_int\cu3x1App_SRC\Control\source\application\config
                -IC:\local\Workspace\DC_V04.01.00_int\cu3x1App_SRC\Control\source\application\AnaInConfigCtrl
                -IC:\local\Workspace\DC_V04.01.00_int\cu3x1App_SRC\Control\source\application\Sms
                -IC:\local\Workspace\DC_V04.01.00_int\cu3x1App_SRC\Control\source\application\display
                -IC:\local\Workspace\DC_V04.01.00_int\cu3x1App_SRC\Control\source\application\display\display_task
                -IC:\local\Workspace\DC_V04.01.00_int\cu3x1App_SRC\Control\source\application\display\gui_utility
                -IC:\local\Workspace\DC_V04.01.00_int\cu3x1App_SRC\Control\source\application\display\mpcunit
                -IC:\local\Workspace\DC_V04.01.00_int\cu3x1App_SRC\Control\source\GeniPro
                -IC:\local\Workspace\DC_V04.01.00_int\cu3x1App_SRC\Control\source\GeniPro\GENI_sys
                -IC:\local\Workspace\DC_V04.01.00_int\cu3x1App_SRC\Control\source\GeniPro\GENIbus
                -IC:\local\Workspace\DC_V04.01.00_int\cu3x1App_SRC\Control\source\GeniPro\GENIcom
                -IC:\local\Workspace\DC_V04.01.00_int\cu3x1App_SRC\Control\source\GeniPro\GENIrs232
                -IC:\local\Workspace\DC_V04.01.00_int\cu3x1App_SRC\Control\source\GeniPro\Virtual
                -IC:\local\Workspace\DC_V04.01.00_int\cu3x1Platform_SRC\Platform\common
                -IC:\local\Workspace\DC_V04.01.00_int\cu3x1Platform_SRC\Platform\hardware
                -IC:\local\Workspace\DC_V04.01.00_int\cu3x1Platform_SRC\Platform\hardware\D3018X
                -IC:\local\Workspace\DC_V04.01.00_int\cu3x1App_SRC\Control\source\application\display\imagesTFT
                -IC:\GHS\V35\mips35\mipsl_sf -r4121
                -source=GUI_GetBitmapPixelIndex.c -o objs\gh_2i063.o
                -list=objs\GUI_GetBitmapPixelIndex.lst
                C:\Users\55602\AppData\Local\Temp\gh_2i063.s
Source File:    C:\Users\55602\AppData\Local\Temp\gh_2i063.s
Directory:      C:\local\Workspace\DC_V04.01.00_int\cu3x1App_SRC\Control\source
Host OS:        GHS_WIN32
Version:        AS-MIPS 3.5#11 
Release:        MULTI 2000, MIPS v3.5
Revision Date:  Wed Feb 27 12:19:03 2002
Release Date:   Sat Mar 02 02:57:59 2002
                             1	 #Source File:   C:\local\Workspace\DC_V04.01.00_int\cu3x1Platform_SRC\emWinColour\GUI\Core\GUI_GetBitmapPixelIndex.c

                                   Tue Apr 07 08:54:28 2015           Page 2
                                   Tue Apr 07 08:54:28 2015       gh_2i063.s
                             2	 #Directory:     
                             3	 #		C:\local\Workspace\DC_V04.01.00_int\cu3x1App_SRC\Control\source
                             4	 #Compile Date:  Tue Apr 07 08:54:28 2015
                             5	 #Host OS:       Win32
                             6	 #Version:       C-MIPS 3.5#11 RELEASE VERSION
                             7	 #Release:       MULTI 2000, MIPS v3.5
                             8	 #Revision Date: Fri Mar 01 11:32:40 2002
                             9	 #Release Date:  Sat Mar 02 02:58:48 2002
                            10		.set	noat
                            11		.set	noreorder
                            12		.set	nomacro
                            13		.text
                            14		.align	4
                            15		.globl	GUI_GetBitmapPixelIndex
                            16	GUI_GetBitmapPixelIndex:
        94830006 00000000   17		lhu	$3, 6($4)
                            18	 #	    .bf
        2c790004 00000004   19		sltiu	$25, $3, 4
        13200008 00000008   20		beq	$25, $0, .L57
        00000000 0000000c   21		nop
        2463ffff 00000010   22		addiu	$3, $3, -1
        1060000e 00000014   23		beq	$3, $0, .L6
        2463ffff 00000018   24		addiu	$3, $3, -1
        50600019 0000001c   25		beql	$3, $0, .L1000007
        94980004 00000020   26		lhu	$24, 4($4)
        08000000 00000024   27		j	.L14
        00000000 00000028   28		nop
                            29	.L57:
        2463fffc 0000002c   30		addiu	$3, $3, -4
        10600021 00000030   31		beq	$3, $0, .L8
        2463fffc 00000034   32		addiu	$3, $3, -4
        1060002c 00000038   33		beq	$3, $0, .L12
        2463fff8 0000003c   34		addiu	$3, $3, -8
        50600031 00000040   35		beql	$3, $0, .L1000013
        948f0004 00000044   36		lhu	$15, 4($4)
        08000000 00000048   37		j	.L14
        00000000 0000004c   38		nop
                            39	.L6:
        948f0004 00000050   40		lhu	$15, 4($4)
        0005c8c2 00000054   41		srl	$25, $5, 3
        03200013 00000058   42		mtlo	$25
        00cf1828 0000005c   43		macc	$3, $6, $15
        8c8d0008 00000060   44		lw	$13, 8($4)
        30b90007 00000064   45		andi	$25, $5, 7
        01a37021 00000068   46		addu	$14, $13, $3
        91c30000 0000006c   47		lbu	$3, 0($14)
        340f0007 00000070   48		ori	$15, $0, 7
        01f9c023 00000074   49		subu	$24, $15, $25
        03037006 00000078   50		srlv	$14, $3, $24
        03e00008 0000007c   51		jr	$ra
        31c20001 00000080   52		andi	$2, $14, 1
                            53	.L1000007:
        00056882 00000084   54		srl	$13, $5, 2
        01a00013 00000088   55		mtlo	$13
        00d81828 0000008c   56		macc	$3, $6, $24
        8c8e0008 00000090   57		lw	$14, 8($4)

                                   Tue Apr 07 08:54:28 2015           Page 3
                                   Tue Apr 07 08:54:28 2015       gh_2i063.s
        00056840 00000094   58		sll	$13, $5, 1
        31ad0006 00000098   59		andi	$13, $13, 6
        01c37821 0000009c   60		addu	$15, $14, $3
        91e30000 000000a0   61		lbu	$3, 0($15)
        340f0006 000000a4   62		ori	$15, $0, 6
        01edc023 000000a8   63		subu	$24, $15, $13
        03037006 000000ac   64		srlv	$14, $3, $24
        03e00008 000000b0   65		jr	$ra
        31c20003 000000b4   66		andi	$2, $14, 3
                            67	.L8:
        94980004 000000b8   68		lhu	$24, 4($4)
        00056842 000000bc   69		srl	$13, $5, 1
        01a00013 000000c0   70		mtlo	$13
        00d81828 000000c4   71		macc	$3, $6, $24
        8c8e0008 000000c8   72		lw	$14, 8($4)
        30ad0001 000000cc   73		andi	$13, $5, 1
        01c37821 000000d0   74		addu	$15, $14, $3
        11a00003 000000d4   75		beq	$13, $0, .L9
        91e30000 000000d8   76		lbu	$3, 0($15)
        03e00008 000000dc   77		jr	$ra
        3062000f 000000e0   78		andi	$2, $3, 15
                            79	.L9:
        03e00008 000000e4   80		jr	$ra
        00031102 000000e8   81		srl	$2, $3, 4
                            82	.L12:
        948f0004 000000ec   83		lhu	$15, 4($4)
        00a00013 000000f0   84		mtlo	$5
        00cf1828 000000f4   85		macc	$3, $6, $15
        8c8d0008 000000f8   86		lw	$13, 8($4)
        01a37021 000000fc   87		addu	$14, $13, $3
        03e00008 00000100   88		jr	$ra
        91c20000 00000104   89		lbu	$2, 0($14)
                            90	.L1000013:
        0005c840 00000108   91		sll	$25, $5, 1
        03200013 0000010c   92		mtlo	$25
        00cf1828 00000110   93		macc	$3, $6, $15
        8c8e0008 00000114   94		lw	$14, 8($4)
        01c31821 00000118   95		addu	$3, $14, $3
        90790001 0000011c   96		lbu	$25, 1($3)
        90780000 00000120   97		lbu	$24, 0($3)
        00196a00 00000124   98		sll	$13, $25, 8
        03e00008 00000128   99		jr	$ra
        030d1025 0000012c  100		or	$2, $24, $13
                           101	.L14:
                           102	 #	    .ef
        03e00008 00000130  103		jr	$ra
        34020000 00000134  104		ori	$2, $0, 0
                           105		.type	GUI_GetBitmapPixelIndex,@function
                           106		.size	GUI_GetBitmapPixelIndex,.-GUI_GetBitmapPixelIndex
                           107		.align	4
                           108	 #Off	$3	local
                           109	 #Value	$3	local
                           110	
                           111	 #pBMP	$4	param
                           112	 #x	$5	param
                           113	 #y	$6	param

                                   Tue Apr 07 08:54:28 2015           Page 4
                                   Tue Apr 07 08:54:28 2015       gh_2i063.s
                           114	
                           115		.data
                           116	.L56:
                           117		.text
                           118		.align	4
                           119	
                           120		.data
                           121		.text
