
                                   Tue Apr 07 08:54:03 2015           Page 1
                                   Tue Apr 07 08:54:03 2015       gh_2i05h.s
Command Line:   C:\GHS\V35\mips35\asmips.exe -noundefined -elf -b0
                -IC:\local\Workspace\DC_V04.01.00_int\cu3x1Platform_SRC\emWinColour
                -IC:\local\Workspace\DC_V04.01.00_int\cu3x1Platform_SRC\platform\include
                -IC:\local\Workspace\DC_V04.01.00_int\cu3x1Platform_SRC\platform\common
                -IC:\local\Workspace\DC_V04.01.00_int\cu3x1Platform_SRC\platform\hardware
                -IC:\local\Workspace\DC_V04.01.00_int\cu3x1Platform_SRC\platform\hardware\D3018X
                -IC:\local\Workspace\DC_V04.01.00_int\cu3x1Platform_SRC\embos\inc
                -IC:\local\Workspace\DC_V04.01.00_int\cu3x1Platform_SRC\emWinColour\config
                -IC:\local\Workspace\DC_V04.01.00_int\cu3x1Platform_SRC\emWinColour\gui\ConvertMono
                -IC:\local\Workspace\DC_V04.01.00_int\cu3x1Platform_SRC\emWinColour\gui\Core
                -IC:\local\Workspace\DC_V04.01.00_int\cu3x1Platform_SRC\emWinColour\gui\Font
                -IC:\local\Workspace\DC_V04.01.00_int\cu3x1Platform_SRC\emWinColour\gui\LCDDriver
                -IC:\local\Workspace\DC_V04.01.00_int\cu3x1Platform_SRC\emWinColour\gui\MemDev
                -IC:\local\Workspace\DC_V04.01.00_int\cu3x1Platform_SRC\emWinColour\gui\VNC
                -IC:\local\Workspace\DC_V04.01.00_int\cu3x1Platform_SRC\emWinColour\gui\Widget
                -IC:\local\Workspace\DC_V04.01.00_int\cu3x1Platform_SRC\emWinColour\gui\wm
                -IC:\local\Workspace\DC_V04.01.00_int\cu3x1App_SRC\Control\source
                -IC:\local\Workspace\DC_V04.01.00_int\cu3x1App_SRC\Control\source\include
                -IC:\local\Workspace\DC_V04.01.00_int\cu3x1App_SRC\Control\source\util
                -IC:\local\Workspace\DC_V04.01.00_int\cu3x1App_SRC\Control\source\datapoint
                -IC:\local\Workspace\DC_V04.01.00_int\cu3x1App_SRC\Control\source\factory
                -IC:\local\Workspace\DC_V04.01.00_int\cu3x1Platform_SRC\embos
                -IC:\local\Workspace\DC_V04.01.00_int\cu3x1Platform_SRC\emWinColour\gui\core
                -IC:\local\Workspace\DC_V04.01.00_int\cu3x1App_SRC\Control\source\rtip\webpage
                -IC:\local\Workspace\DC_V04.01.00_int\cu3x1App_SRC\Control\source\rtip\config
                -IC:\local\Workspace\DC_V04.01.00_int\cu3x1App_SRC\Control\source\rtip\xnet
                -IC:\local\Workspace\DC_V04.01.00_int\cu3x1App_SRC\Control\source\stub
                -IC:\local\Workspace\DC_V04.01.00_int\cu3x1App_SRC\Control\source\test
                -IC:\local\Workspace\DC_V04.01.00_int\cu3x1App_SRC\Control\source\GENIpro
                -IC:\local\Workspace\DC_V04.01.00_int\cu3x1App_SRC\Control\source\GENIpro\GENI_sys
                -IC:\local\Workspace\DC_V04.01.00_int\cu3x1App_SRC\Control\source\GENIpro\GENIusb\emUSB\USB\Driver
                -IC:\local\Workspace\DC_V04.01.00_int\cu3x1App_SRC\Control\source\application\intercom
                -IC:\local\Workspace\DC_V04.01.00_int\cu3x1App_SRC\Control\source\application\controller
                -IC:\local\Workspace\DC_V04.01.00_int\cu3x1App_SRC\Control\source\application\driver
                -IC:\local\Workspace\DC_V04.01.00_int\cu3x1App_SRC\Control\source\application\webif
                -IC:\local\Workspace\DC_V04.01.00_int\cu3x1App_SRC\Control\source\application\relay
                -IC:\local\Workspace\DC_V04.01.00_int\cu3x1App_SRC\Control\source\application\GENIApp
                -IC:\local\Workspace\DC_V04.01.00_int\cu3x1App_SRC\Control\source\application\alarm
                -IC:\local\Workspace\DC_V04.01.00_int\cu3x1App_SRC\Control\source\application\config
                -IC:\local\Workspace\DC_V04.01.00_int\cu3x1App_SRC\Control\source\application\AnaInConfigCtrl
                -IC:\local\Workspace\DC_V04.01.00_int\cu3x1App_SRC\Control\source\application\Sms
                -IC:\local\Workspace\DC_V04.01.00_int\cu3x1App_SRC\Control\source\application\display
                -IC:\local\Workspace\DC_V04.01.00_int\cu3x1App_SRC\Control\source\application\display\display_task
                -IC:\local\Workspace\DC_V04.01.00_int\cu3x1App_SRC\Control\source\application\display\gui_utility
                -IC:\local\Workspace\DC_V04.01.00_int\cu3x1App_SRC\Control\source\application\display\mpcunit
                -IC:\local\Workspace\DC_V04.01.00_int\cu3x1App_SRC\Control\source\GeniPro
                -IC:\local\Workspace\DC_V04.01.00_int\cu3x1App_SRC\Control\source\GeniPro\GENI_sys
                -IC:\local\Workspace\DC_V04.01.00_int\cu3x1App_SRC\Control\source\GeniPro\GENIbus
                -IC:\local\Workspace\DC_V04.01.00_int\cu3x1App_SRC\Control\source\GeniPro\GENIcom
                -IC:\local\Workspace\DC_V04.01.00_int\cu3x1App_SRC\Control\source\GeniPro\GENIrs232
                -IC:\local\Workspace\DC_V04.01.00_int\cu3x1App_SRC\Control\source\GeniPro\Virtual
                -IC:\local\Workspace\DC_V04.01.00_int\cu3x1Platform_SRC\Platform\common
                -IC:\local\Workspace\DC_V04.01.00_int\cu3x1Platform_SRC\Platform\hardware
                -IC:\local\Workspace\DC_V04.01.00_int\cu3x1Platform_SRC\Platform\hardware\D3018X
                -IC:\local\Workspace\DC_V04.01.00_int\cu3x1App_SRC\Control\source\application\display\imagesTFT
                -IC:\GHS\V35\mips35\mipsl_sf -r4121 -source=GUI_DrawFocusRect.c
                -o objs\gh_2i05h.o -list=objs\GUI_DrawFocusRect.lst
                C:\Users\55602\AppData\Local\Temp\gh_2i05h.s
Source File:    C:\Users\55602\AppData\Local\Temp\gh_2i05h.s
Directory:      C:\local\Workspace\DC_V04.01.00_int\cu3x1App_SRC\Control\source
Host OS:        GHS_WIN32
Version:        AS-MIPS 3.5#11 
Release:        MULTI 2000, MIPS v3.5
Revision Date:  Wed Feb 27 12:19:03 2002
Release Date:   Sat Mar 02 02:57:59 2002
                             1	 #Source File:   C:\local\Workspace\DC_V04.01.00_int\cu3x1Platform_SRC\emWinColour\GUI\Core\GUI_DrawFocusRect.c

                                   Tue Apr 07 08:54:03 2015           Page 2
                                   Tue Apr 07 08:54:03 2015       gh_2i05h.s
                             2	 #Directory:     
                             3	 #		C:\local\Workspace\DC_V04.01.00_int\cu3x1App_SRC\Control\source
                             4	 #Compile Date:  Tue Apr 07 08:54:03 2015
                             5	 #Host OS:       Win32
                             6	 #Version:       C-MIPS 3.5#11 RELEASE VERSION
                             7	 #Release:       MULTI 2000, MIPS v3.5
                             8	 #Revision Date: Fri Mar 01 11:32:40 2002
                             9	 #Release Date:  Sat Mar 02 02:58:48 2002
                            10		.set	noat
                            11		.set	noreorder
                            12		.set	nomacro
                            13		.text
                            14		.align	4
                            15		.globl	GUI_DrawFocusRect
                            16	GUI_DrawFocusRect:
        27bdffe0 00000000   17		addiu	$sp, $sp, -32
                            18	 #	    .bf
        afbf001c 00000004   19		sw	$ra, 28($sp)
        afb20008 00000008   20		sw	$18, 8($sp)
        afb10004 0000000c   21		sw	$17, 4($sp)
        00a03025 00000010   22		move	$6, $5
        00803825 00000014   23		move	$7, $4
        afb00000 00000018   24		sw	$16, 0($sp)
        27b00010 0000001c   25		addiu	$16, $sp, 16
        02002025 00000020   26		move	$4, $16
        0c000000 00000024   27		jal	GUI__ReduceRect
        00e02825 00000028   28		move	$5, $7
        0c000000 0000002c   29		jal	GUI_Lock
        00000000 00000030   30		nop
        3c020000 00000034   31		lui	$2, %hi(GUI_Context)
        24420000 00000038   32		addiu	$2, $2, %lo(GUI_Context)
        8c430044 0000003c   33		lw	$3, 68($2)
        87b90010 00000040   34		lh	$25, 16($sp)
        87b80012 00000044   35		lh	$24, 18($sp)
        8c420048 00000048   36		lw	$2, 72($2)
        0323c821 0000004c   37		addu	$25, $25, $3
        a7b90010 00000050   38		sh	$25, 16($sp)
        87af0014 00000054   39		lh	$15, 20($sp)
        0302c021 00000058   40		addu	$24, $24, $2
        a7b80012 0000005c   41		sh	$24, 18($sp)
        87ae0016 00000060   42		lh	$14, 22($sp)
        01e37821 00000064   43		addu	$15, $15, $3
        a7af0014 00000068   44		sh	$15, 20($sp)
        01c27021 0000006c   45		addu	$14, $14, $2
        a7ae0016 00000070   46		sh	$14, 22($sp)
        0c000000 00000074   47		jal	WM__InitIVRSearch
        02002025 00000078   48		move	$4, $16
        10400026 0000007c   49		beq	$2, $0, .L24
        02009025 00000080   50		move	$18, $16
        02408825 00000084   51		move	$17, $18
                            52	.L1000031:
        862d0004 00000088   53		lh	$13, 4($17)
        86500000 0000008c   54		lh	$16, 0($18)
        01b0c82a 00000090   55		slt	$25, $13, $16
        1720000b 00000094   56		bne	$25, $0, .L34
        02002025 00000098   57		move	$4, $16

                                   Tue Apr 07 08:54:03 2015           Page 3
                                   Tue Apr 07 08:54:03 2015       gh_2i05h.s
                            58	.L1000032:
        0c000000 0000009c   59		jal	LCD_DrawPixel
        86250002 000000a0   60		lh	$5, 2($17)
        02002025 000000a4   61		move	$4, $16
        0c000000 000000a8   62		jal	LCD_DrawPixel
        86250006 000000ac   63		lh	$5, 6($17)
        862d0004 000000b0   64		lh	$13, 4($17)
        26100002 000000b4   65		addiu	$16, $16, 2
        01b0c82a 000000b8   66		slt	$25, $13, $16
        5320fff7 000000bc   67		beql	$25, $0, .L1000032
        02002025 000000c0   68		move	$4, $16
                            69	.L34:
        02408825 000000c4   70		move	$17, $18
        86380006 000000c8   71		lh	$24, 6($17)
        86500002 000000cc   72		lh	$16, 2($18)
        0310782a 000000d0   73		slt	$15, $24, $16
        15e0000c 000000d4   74		bne	$15, $0, .L27
        00000000 000000d8   75		nop
        86240000 000000dc   76		lh	$4, 0($17)
                            77	.L1000035:
        0c000000 000000e0   78		jal	LCD_DrawPixel
        02002825 000000e4   79		move	$5, $16
        86240004 000000e8   80		lh	$4, 4($17)
        0c000000 000000ec   81		jal	LCD_DrawPixel
        02002825 000000f0   82		move	$5, $16
        86380006 000000f4   83		lh	$24, 6($17)
        26100002 000000f8   84		addiu	$16, $16, 2
        0310782a 000000fc   85		slt	$15, $24, $16
        51e0fff7 00000100   86		beql	$15, $0, .L1000035
        86240000 00000104   87		lh	$4, 0($17)
                            88	.L27:
        0c000000 00000108   89		jal	WM__GetNextIVR
        00000000 0000010c   90		nop
        5440ffdd 00000110   91		bnel	$2, $0, .L1000031
        02408825 00000114   92		move	$17, $18
                            93	.L24:
        0c000000 00000118   94		jal	GUI_Unlock
        00000000 0000011c   95		nop
                            96	 #	    .ef
        8fb00000 00000120   97		lw	$16, 0($sp)
        8fbf001c 00000124   98		lw	$ra, 28($sp)
        8fb10004 00000128   99		lw	$17, 4($sp)
        8fb20008 0000012c  100		lw	$18, 8($sp)
        03e00008 00000130  101		jr	$ra
        27bd0020 00000134  102		addiu	$sp, $sp, 32
                           103		.type	GUI_DrawFocusRect,@function
                           104		.size	GUI_DrawFocusRect,.-GUI_DrawFocusRect
                           105		.align	4
                           106	 #r	16($sp)	local
                           107	 #i	$16	local
                           108	
                           109	 #pRect	$7	param
                           110	 #Dist	none	param
                           111	
                           112		.data
                           113	.L92:

                                   Tue Apr 07 08:54:03 2015           Page 4
                                   Tue Apr 07 08:54:03 2015       gh_2i05h.s
                           114		.text
                           115		.align	4
                           116	 #GUI_Context	GUI_Context	import
                           117	
                           118		.data
                           119		.text
