
                                   Tue Apr 07 08:53:42 2015           Page 1
                                   Tue Apr 07 08:53:42 2015       gh_2i052.s
Command Line:   C:\GHS\V35\mips35\asmips.exe -noundefined -elf -b0
                -IC:\local\Workspace\DC_V04.01.00_int\cu3x1Platform_SRC\emWinColour
                -IC:\local\Workspace\DC_V04.01.00_int\cu3x1Platform_SRC\platform\include
                -IC:\local\Workspace\DC_V04.01.00_int\cu3x1Platform_SRC\platform\common
                -IC:\local\Workspace\DC_V04.01.00_int\cu3x1Platform_SRC\platform\hardware
                -IC:\local\Workspace\DC_V04.01.00_int\cu3x1Platform_SRC\platform\hardware\D3018X
                -IC:\local\Workspace\DC_V04.01.00_int\cu3x1Platform_SRC\embos\inc
                -IC:\local\Workspace\DC_V04.01.00_int\cu3x1Platform_SRC\emWinColour\config
                -IC:\local\Workspace\DC_V04.01.00_int\cu3x1Platform_SRC\emWinColour\gui\ConvertMono
                -IC:\local\Workspace\DC_V04.01.00_int\cu3x1Platform_SRC\emWinColour\gui\Core
                -IC:\local\Workspace\DC_V04.01.00_int\cu3x1Platform_SRC\emWinColour\gui\Font
                -IC:\local\Workspace\DC_V04.01.00_int\cu3x1Platform_SRC\emWinColour\gui\LCDDriver
                -IC:\local\Workspace\DC_V04.01.00_int\cu3x1Platform_SRC\emWinColour\gui\MemDev
                -IC:\local\Workspace\DC_V04.01.00_int\cu3x1Platform_SRC\emWinColour\gui\VNC
                -IC:\local\Workspace\DC_V04.01.00_int\cu3x1Platform_SRC\emWinColour\gui\Widget
                -IC:\local\Workspace\DC_V04.01.00_int\cu3x1Platform_SRC\emWinColour\gui\wm
                -IC:\local\Workspace\DC_V04.01.00_int\cu3x1App_SRC\Control\source
                -IC:\local\Workspace\DC_V04.01.00_int\cu3x1App_SRC\Control\source\include
                -IC:\local\Workspace\DC_V04.01.00_int\cu3x1App_SRC\Control\source\util
                -IC:\local\Workspace\DC_V04.01.00_int\cu3x1App_SRC\Control\source\datapoint
                -IC:\local\Workspace\DC_V04.01.00_int\cu3x1App_SRC\Control\source\factory
                -IC:\local\Workspace\DC_V04.01.00_int\cu3x1Platform_SRC\embos
                -IC:\local\Workspace\DC_V04.01.00_int\cu3x1Platform_SRC\emWinColour\gui\core
                -IC:\local\Workspace\DC_V04.01.00_int\cu3x1App_SRC\Control\source\rtip\webpage
                -IC:\local\Workspace\DC_V04.01.00_int\cu3x1App_SRC\Control\source\rtip\config
                -IC:\local\Workspace\DC_V04.01.00_int\cu3x1App_SRC\Control\source\rtip\xnet
                -IC:\local\Workspace\DC_V04.01.00_int\cu3x1App_SRC\Control\source\stub
                -IC:\local\Workspace\DC_V04.01.00_int\cu3x1App_SRC\Control\source\test
                -IC:\local\Workspace\DC_V04.01.00_int\cu3x1App_SRC\Control\source\GENIpro
                -IC:\local\Workspace\DC_V04.01.00_int\cu3x1App_SRC\Control\source\GENIpro\GENI_sys
                -IC:\local\Workspace\DC_V04.01.00_int\cu3x1App_SRC\Control\source\GENIpro\GENIusb\emUSB\USB\Driver
                -IC:\local\Workspace\DC_V04.01.00_int\cu3x1App_SRC\Control\source\application\intercom
                -IC:\local\Workspace\DC_V04.01.00_int\cu3x1App_SRC\Control\source\application\controller
                -IC:\local\Workspace\DC_V04.01.00_int\cu3x1App_SRC\Control\source\application\driver
                -IC:\local\Workspace\DC_V04.01.00_int\cu3x1App_SRC\Control\source\application\webif
                -IC:\local\Workspace\DC_V04.01.00_int\cu3x1App_SRC\Control\source\application\relay
                -IC:\local\Workspace\DC_V04.01.00_int\cu3x1App_SRC\Control\source\application\GENIApp
                -IC:\local\Workspace\DC_V04.01.00_int\cu3x1App_SRC\Control\source\application\alarm
                -IC:\local\Workspace\DC_V04.01.00_int\cu3x1App_SRC\Control\source\application\config
                -IC:\local\Workspace\DC_V04.01.00_int\cu3x1App_SRC\Control\source\application\AnaInConfigCtrl
                -IC:\local\Workspace\DC_V04.01.00_int\cu3x1App_SRC\Control\source\application\Sms
                -IC:\local\Workspace\DC_V04.01.00_int\cu3x1App_SRC\Control\source\application\display
                -IC:\local\Workspace\DC_V04.01.00_int\cu3x1App_SRC\Control\source\application\display\display_task
                -IC:\local\Workspace\DC_V04.01.00_int\cu3x1App_SRC\Control\source\application\display\gui_utility
                -IC:\local\Workspace\DC_V04.01.00_int\cu3x1App_SRC\Control\source\application\display\mpcunit
                -IC:\local\Workspace\DC_V04.01.00_int\cu3x1App_SRC\Control\source\GeniPro
                -IC:\local\Workspace\DC_V04.01.00_int\cu3x1App_SRC\Control\source\GeniPro\GENI_sys
                -IC:\local\Workspace\DC_V04.01.00_int\cu3x1App_SRC\Control\source\GeniPro\GENIbus
                -IC:\local\Workspace\DC_V04.01.00_int\cu3x1App_SRC\Control\source\GeniPro\GENIcom
                -IC:\local\Workspace\DC_V04.01.00_int\cu3x1App_SRC\Control\source\GeniPro\GENIrs232
                -IC:\local\Workspace\DC_V04.01.00_int\cu3x1App_SRC\Control\source\GeniPro\Virtual
                -IC:\local\Workspace\DC_V04.01.00_int\cu3x1Platform_SRC\Platform\common
                -IC:\local\Workspace\DC_V04.01.00_int\cu3x1Platform_SRC\Platform\hardware
                -IC:\local\Workspace\DC_V04.01.00_int\cu3x1Platform_SRC\Platform\hardware\D3018X
                -IC:\local\Workspace\DC_V04.01.00_int\cu3x1App_SRC\Control\source\application\display\imagesTFT
                -IC:\GHS\V35\mips35\mipsl_sf -r4121 -source=GUI_DispChar.c -o
                objs\gh_2i052.o -list=objs\GUI_DispChar.lst
                C:\Users\55602\AppData\Local\Temp\gh_2i052.s
Source File:    C:\Users\55602\AppData\Local\Temp\gh_2i052.s
Directory:      C:\local\Workspace\DC_V04.01.00_int\cu3x1App_SRC\Control\source
Host OS:        GHS_WIN32
Version:        AS-MIPS 3.5#11 
Release:        MULTI 2000, MIPS v3.5
Revision Date:  Wed Feb 27 12:19:03 2002
Release Date:   Sat Mar 02 02:57:59 2002
                             1	 #Source File:   C:\local\Workspace\DC_V04.01.00_int\cu3x1Platform_SRC\emWinColour\GUI\Core\GUI_DispChar.c

                                   Tue Apr 07 08:53:42 2015           Page 2
                                   Tue Apr 07 08:53:42 2015       gh_2i052.s
                             2	 #Directory:     
                             3	 #		C:\local\Workspace\DC_V04.01.00_int\cu3x1App_SRC\Control\source
                             4	 #Compile Date:  Tue Apr 07 08:53:42 2015
                             5	 #Host OS:       Win32
                             6	 #Version:       C-MIPS 3.5#11 RELEASE VERSION
                             7	 #Release:       MULTI 2000, MIPS v3.5
                             8	 #Revision Date: Fri Mar 01 11:32:40 2002
                             9	 #Release Date:  Sat Mar 02 02:58:48 2002
                            10		.set	noat
                            11		.set	noreorder
                            12		.set	nomacro
                            13		.text
                            14		.align	4
                            15	CL_DispChar:
        27bdffe0 00000000   16		addiu	$sp, $sp, -32
                            17	 #	    .bf
        afb00000 00000004   18		sw	$16, 0($sp)
        3090ffff 00000008   19		andi	$16, $4, 65535
        afbf001c 0000000c   20		sw	$ra, 28($sp)
        afb20008 00000010   21		sw	$18, 8($sp)
        afb10004 00000014   22		sw	$17, 4($sp)
        3c110000 00000018   23		lui	$17, %hi(GUI_Context)
        26310000 0000001c   24		addiu	$17, $17, %lo(GUI_Context)
        86390026 00000020   25		lh	$25, 38($17)
        8e380044 00000024   26		lw	$24, 68($17)
        862f0028 00000028   27		lh	$15, 40($17)
        8e2e0048 0000002c   28		lw	$14, 72($17)
        0338c821 00000030   29		addu	$25, $25, $24
        a6390026 00000034   30		sh	$25, 38($17)
        01ee7821 00000038   31		addu	$15, $15, $14
        a62f0028 0000003c   32		sh	$15, 40($17)
        27b20010 00000040   33		addiu	$18, $sp, 16
        a7b90010 00000044   34		sh	$25, 16($sp)
        0c000000 00000048   35		jal	GUI_GetCharDistX
        02002025 0000004c   36		move	$4, $16
        87a30010 00000050   37		lh	$3, 16($sp)
        00621821 00000054   38		addu	$3, $3, $2
        2463ffff 00000058   39		addiu	$3, $3, -1
        a7a30014 0000005c   40		sh	$3, 20($sp)
        86230028 00000060   41		lh	$3, 40($17)
        0c000000 00000064   42		jal	GUI_GetFontSizeY
        a7a30012 00000068   43		sh	$3, 18($sp)
        87a30012 0000006c   44		lh	$3, 18($sp)
        02402025 00000070   45		move	$4, $18
        00621821 00000074   46		addu	$3, $3, $2
        2463ffff 00000078   47		addiu	$3, $3, -1
        0c000000 0000007c   48		jal	WM__InitIVRSearch
        a7a30016 00000080   49		sh	$3, 22($sp)
        50400007 00000084   50		beql	$2, $0, .L1000004
        340d000a 00000088   51		ori	$13, $0, 10
                            52	.L8:
        0c000000 0000008c   53		jal	GL_DispChar
        02002025 00000090   54		move	$4, $16
        0c000000 00000094   55		jal	WM__GetNextIVR
        00000000 00000098   56		nop
        1440fffb 0000009c   57		bne	$2, $0, .L8

                                   Tue Apr 07 08:53:42 2015           Page 3
                                   Tue Apr 07 08:53:42 2015       gh_2i052.s
        340d000a 000000a0   58		ori	$13, $0, 10
                            59	.L1000004:
        520d0005 000000a4   60		beql	$16, $13, .L1000009
        8e2e0044 000000a8   61		lw	$14, 68($17)
        87b80014 000000ac   62		lh	$24, 20($sp)
        27180001 000000b0   63		addiu	$24, $24, 1
        a6380026 000000b4   64		sh	$24, 38($17)
        8e2e0044 000000b8   65		lw	$14, 68($17)
                            66	.L1000009:
        862f0026 000000bc   67		lh	$15, 38($17)
        8e390048 000000c0   68		lw	$25, 72($17)
        862d0028 000000c4   69		lh	$13, 40($17)
        01ee7823 000000c8   70		subu	$15, $15, $14
        a62f0026 000000cc   71		sh	$15, 38($17)
        01b96823 000000d0   72		subu	$13, $13, $25
        a62d0028 000000d4   73		sh	$13, 40($17)
                            74	 #	    .ef
        8fb00000 000000d8   75		lw	$16, 0($sp)
        8fbf001c 000000dc   76		lw	$ra, 28($sp)
        8fb10004 000000e0   77		lw	$17, 4($sp)
        8fb20008 000000e4   78		lw	$18, 8($sp)
        03e00008 000000e8   79		jr	$ra
        27bd0020 000000ec   80		addiu	$sp, $sp, 32
                            81		.type	CL_DispChar,@function
                            82		.size	CL_DispChar,.-CL_DispChar
                            83		.align	4
                            84	 #r	16($sp)	local
                            85	
                            86	 #c	$16	param
                            87	
                            88		.data
                            89	.L49:
                            90		.text
                            91		.align	4
                            92		.align	4
                            93		.globl	GUI_DispChar
                            94	GUI_DispChar:
        27bdfff0 000000f0   95		addiu	$sp, $sp, -16
        afbf000c 000000f4   96		sw	$ra, 12($sp)
        afb00000 000000f8   97		sw	$16, 0($sp)
                            98	 #	    .bf
        0c000000 000000fc   99		jal	GUI_Lock
        3090ffff 00000100  100		andi	$16, $4, 65535
        0c000000 00000104  101		jal	CL_DispChar
        02002025 00000108  102		move	$4, $16
        0c000000 0000010c  103		jal	GUI_Unlock
        00000000 00000110  104		nop
                           105	 #	    .ef
        8fbf000c 00000114  106		lw	$ra, 12($sp)
        8fb00000 00000118  107		lw	$16, 0($sp)
        03e00008 0000011c  108		jr	$ra
        27bd0010 00000120  109		addiu	$sp, $sp, 16
                           110		.type	GUI_DispChar,@function
                           111		.size	GUI_DispChar,.-GUI_DispChar
                           112		.align	4
                           113	

                                   Tue Apr 07 08:53:42 2015           Page 4
                                   Tue Apr 07 08:53:42 2015       gh_2i052.s
                           114	 #c	$16	param
                           115	
                           116		.data
                           117	.L79:
                           118		.text
                           119		.align	4
                           120		.align	4
                           121		.globl	GUI_DispCharAt
                           122	GUI_DispCharAt:
        27bdffe8 00000124  123		addiu	$sp, $sp, -24
        afbf0014 00000128  124		sw	$ra, 20($sp)
        afb20008 0000012c  125		sw	$18, 8($sp)
        afb00000 00000130  126		sw	$16, 0($sp)
        3090ffff 00000134  127		andi	$16, $4, 65535
        afb10004 00000138  128		sw	$17, 4($sp)
        00a08825 0000013c  129		move	$17, $5
                           130	 #	    .bf
        0c000000 00000140  131		jal	GUI_Lock
        00c09025 00000144  132		move	$18, $6
        3c030000 00000148  133		lui	$3, %hi(GUI_Context)
        24630000 0000014c  134		addiu	$3, $3, %lo(GUI_Context)
        a4710026 00000150  135		sh	$17, 38($3)
        a4720028 00000154  136		sh	$18, 40($3)
        0c000000 00000158  137		jal	CL_DispChar
        02002025 0000015c  138		move	$4, $16
        0c000000 00000160  139		jal	GUI_Unlock
        00000000 00000164  140		nop
                           141	 #	    .ef
        8fb00000 00000168  142		lw	$16, 0($sp)
        8fbf0014 0000016c  143		lw	$ra, 20($sp)
        8fb10004 00000170  144		lw	$17, 4($sp)
        8fb20008 00000174  145		lw	$18, 8($sp)
        03e00008 00000178  146		jr	$ra
        27bd0018 0000017c  147		addiu	$sp, $sp, 24
                           148		.type	GUI_DispCharAt,@function
                           149		.size	GUI_DispCharAt,.-GUI_DispCharAt
                           150		.align	4
                           151	
                           152	 #c	$16	param
                           153	 #x	$17	param
                           154	 #y	$18	param
                           155	
                           156		.data
                           157	.L98:
                           158		.text
                           159		.align	4
                           160	 #GUI_Context	GUI_Context	import
                           161	
                           162		.data
                           163		.text
