
                                   Tue Apr 07 08:54:12 2015           Page 1
                                   Tue Apr 07 08:54:11 2015       gh_2i05n.s
Command Line:   C:\GHS\V35\mips35\asmips.exe -noundefined -elf -b0
                -IC:\local\Workspace\DC_V04.01.00_int\cu3x1Platform_SRC\emWinColour
                -IC:\local\Workspace\DC_V04.01.00_int\cu3x1Platform_SRC\platform\include
                -IC:\local\Workspace\DC_V04.01.00_int\cu3x1Platform_SRC\platform\common
                -IC:\local\Workspace\DC_V04.01.00_int\cu3x1Platform_SRC\platform\hardware
                -IC:\local\Workspace\DC_V04.01.00_int\cu3x1Platform_SRC\platform\hardware\D3018X
                -IC:\local\Workspace\DC_V04.01.00_int\cu3x1Platform_SRC\embos\inc
                -IC:\local\Workspace\DC_V04.01.00_int\cu3x1Platform_SRC\emWinColour\config
                -IC:\local\Workspace\DC_V04.01.00_int\cu3x1Platform_SRC\emWinColour\gui\ConvertMono
                -IC:\local\Workspace\DC_V04.01.00_int\cu3x1Platform_SRC\emWinColour\gui\Core
                -IC:\local\Workspace\DC_V04.01.00_int\cu3x1Platform_SRC\emWinColour\gui\Font
                -IC:\local\Workspace\DC_V04.01.00_int\cu3x1Platform_SRC\emWinColour\gui\LCDDriver
                -IC:\local\Workspace\DC_V04.01.00_int\cu3x1Platform_SRC\emWinColour\gui\MemDev
                -IC:\local\Workspace\DC_V04.01.00_int\cu3x1Platform_SRC\emWinColour\gui\VNC
                -IC:\local\Workspace\DC_V04.01.00_int\cu3x1Platform_SRC\emWinColour\gui\Widget
                -IC:\local\Workspace\DC_V04.01.00_int\cu3x1Platform_SRC\emWinColour\gui\wm
                -IC:\local\Workspace\DC_V04.01.00_int\cu3x1App_SRC\Control\source
                -IC:\local\Workspace\DC_V04.01.00_int\cu3x1App_SRC\Control\source\include
                -IC:\local\Workspace\DC_V04.01.00_int\cu3x1App_SRC\Control\source\util
                -IC:\local\Workspace\DC_V04.01.00_int\cu3x1App_SRC\Control\source\datapoint
                -IC:\local\Workspace\DC_V04.01.00_int\cu3x1App_SRC\Control\source\factory
                -IC:\local\Workspace\DC_V04.01.00_int\cu3x1Platform_SRC\embos
                -IC:\local\Workspace\DC_V04.01.00_int\cu3x1Platform_SRC\emWinColour\gui\core
                -IC:\local\Workspace\DC_V04.01.00_int\cu3x1App_SRC\Control\source\rtip\webpage
                -IC:\local\Workspace\DC_V04.01.00_int\cu3x1App_SRC\Control\source\rtip\config
                -IC:\local\Workspace\DC_V04.01.00_int\cu3x1App_SRC\Control\source\rtip\xnet
                -IC:\local\Workspace\DC_V04.01.00_int\cu3x1App_SRC\Control\source\stub
                -IC:\local\Workspace\DC_V04.01.00_int\cu3x1App_SRC\Control\source\test
                -IC:\local\Workspace\DC_V04.01.00_int\cu3x1App_SRC\Control\source\GENIpro
                -IC:\local\Workspace\DC_V04.01.00_int\cu3x1App_SRC\Control\source\GENIpro\GENI_sys
                -IC:\local\Workspace\DC_V04.01.00_int\cu3x1App_SRC\Control\source\GENIpro\GENIusb\emUSB\USB\Driver
                -IC:\local\Workspace\DC_V04.01.00_int\cu3x1App_SRC\Control\source\application\intercom
                -IC:\local\Workspace\DC_V04.01.00_int\cu3x1App_SRC\Control\source\application\controller
                -IC:\local\Workspace\DC_V04.01.00_int\cu3x1App_SRC\Control\source\application\driver
                -IC:\local\Workspace\DC_V04.01.00_int\cu3x1App_SRC\Control\source\application\webif
                -IC:\local\Workspace\DC_V04.01.00_int\cu3x1App_SRC\Control\source\application\relay
                -IC:\local\Workspace\DC_V04.01.00_int\cu3x1App_SRC\Control\source\application\GENIApp
                -IC:\local\Workspace\DC_V04.01.00_int\cu3x1App_SRC\Control\source\application\alarm
                -IC:\local\Workspace\DC_V04.01.00_int\cu3x1App_SRC\Control\source\application\config
                -IC:\local\Workspace\DC_V04.01.00_int\cu3x1App_SRC\Control\source\application\AnaInConfigCtrl
                -IC:\local\Workspace\DC_V04.01.00_int\cu3x1App_SRC\Control\source\application\Sms
                -IC:\local\Workspace\DC_V04.01.00_int\cu3x1App_SRC\Control\source\application\display
                -IC:\local\Workspace\DC_V04.01.00_int\cu3x1App_SRC\Control\source\application\display\display_task
                -IC:\local\Workspace\DC_V04.01.00_int\cu3x1App_SRC\Control\source\application\display\gui_utility
                -IC:\local\Workspace\DC_V04.01.00_int\cu3x1App_SRC\Control\source\application\display\mpcunit
                -IC:\local\Workspace\DC_V04.01.00_int\cu3x1App_SRC\Control\source\GeniPro
                -IC:\local\Workspace\DC_V04.01.00_int\cu3x1App_SRC\Control\source\GeniPro\GENI_sys
                -IC:\local\Workspace\DC_V04.01.00_int\cu3x1App_SRC\Control\source\GeniPro\GENIbus
                -IC:\local\Workspace\DC_V04.01.00_int\cu3x1App_SRC\Control\source\GeniPro\GENIcom
                -IC:\local\Workspace\DC_V04.01.00_int\cu3x1App_SRC\Control\source\GeniPro\GENIrs232
                -IC:\local\Workspace\DC_V04.01.00_int\cu3x1App_SRC\Control\source\GeniPro\Virtual
                -IC:\local\Workspace\DC_V04.01.00_int\cu3x1Platform_SRC\Platform\common
                -IC:\local\Workspace\DC_V04.01.00_int\cu3x1Platform_SRC\Platform\hardware
                -IC:\local\Workspace\DC_V04.01.00_int\cu3x1Platform_SRC\Platform\hardware\D3018X
                -IC:\local\Workspace\DC_V04.01.00_int\cu3x1App_SRC\Control\source\application\display\imagesTFT
                -IC:\GHS\V35\mips35\mipsl_sf -r4121 -source=GUI_DrawPixel.c -o
                objs\gh_2i05n.o -list=objs\GUI_DrawPixel.lst
                C:\Users\55602\AppData\Local\Temp\gh_2i05n.s
Source File:    C:\Users\55602\AppData\Local\Temp\gh_2i05n.s
Directory:      C:\local\Workspace\DC_V04.01.00_int\cu3x1App_SRC\Control\source
Host OS:        GHS_WIN32
Version:        AS-MIPS 3.5#11 
Release:        MULTI 2000, MIPS v3.5
Revision Date:  Wed Feb 27 12:19:03 2002
Release Date:   Sat Mar 02 02:57:59 2002
                             1	 #Source File:   C:\local\Workspace\DC_V04.01.00_int\cu3x1Platform_SRC\emWinColour\GUI\Core\GUI_DrawPixel.c

                                   Tue Apr 07 08:54:12 2015           Page 2
                                   Tue Apr 07 08:54:11 2015       gh_2i05n.s
                             2	 #Directory:     
                             3	 #		C:\local\Workspace\DC_V04.01.00_int\cu3x1App_SRC\Control\source
                             4	 #Compile Date:  Tue Apr 07 08:54:11 2015
                             5	 #Host OS:       Win32
                             6	 #Version:       C-MIPS 3.5#11 RELEASE VERSION
                             7	 #Release:       MULTI 2000, MIPS v3.5
                             8	 #Revision Date: Fri Mar 01 11:32:40 2002
                             9	 #Release Date:  Sat Mar 02 02:58:48 2002
                            10		.set	noat
                            11		.set	noreorder
                            12		.set	nomacro
                            13		.text
                            14		.align	4
                            15		.globl	GUI_DrawPixel
                            16	GUI_DrawPixel:
        27bdffe8 00000000   17		addiu	$sp, $sp, -24
        afbf0014 00000004   18		sw	$ra, 20($sp)
        afb10004 00000008   19		sw	$17, 4($sp)
        afb00000 0000000c   20		sw	$16, 0($sp)
        00808025 00000010   21		move	$16, $4
                            22	 #	    .bf
        0c000000 00000014   23		jal	GUI_Lock
        00a08825 00000018   24		move	$17, $5
        3c030000 0000001c   25		lui	$3, %hi(GUI_Context)
        24630000 00000020   26		addiu	$3, $3, %lo(GUI_Context)
        8c790044 00000024   27		lw	$25, 68($3)
        27a40008 00000028   28		addiu	$4, $sp, 8
        8c780048 0000002c   29		lw	$24, 72($3)
        02198021 00000030   30		addu	$16, $16, $25
        a7b0000c 00000034   31		sh	$16, 12($sp)
        a7b00008 00000038   32		sh	$16, 8($sp)
        02388821 0000003c   33		addu	$17, $17, $24
        a7b1000e 00000040   34		sh	$17, 14($sp)
        0c000000 00000044   35		jal	WM__InitIVRSearch
        a7b1000a 00000048   36		sh	$17, 10($sp)
        10400008 0000004c   37		beq	$2, $0, .L4
        00000000 00000050   38		nop
        02002025 00000054   39		move	$4, $16
                            40	.L1000008:
        0c000000 00000058   41		jal	LCD_DrawPixel
        02202825 0000005c   42		move	$5, $17
        0c000000 00000060   43		jal	WM__GetNextIVR
        00000000 00000064   44		nop
        5440fffb 00000068   45		bnel	$2, $0, .L1000008
        02002025 0000006c   46		move	$4, $16
                            47	.L4:
        0c000000 00000070   48		jal	GUI_Unlock
        00000000 00000074   49		nop
                            50	 #	    .ef
        8fbf0014 00000078   51		lw	$ra, 20($sp)
        8fb00000 0000007c   52		lw	$16, 0($sp)
        8fb10004 00000080   53		lw	$17, 4($sp)
        03e00008 00000084   54		jr	$ra
        27bd0018 00000088   55		addiu	$sp, $sp, 24
                            56		.type	GUI_DrawPixel,@function
                            57		.size	GUI_DrawPixel,.-GUI_DrawPixel

                                   Tue Apr 07 08:54:12 2015           Page 3
                                   Tue Apr 07 08:54:11 2015       gh_2i05n.s
                            58		.align	4
                            59	 #r	8($sp)	local
                            60	
                            61	 #x	$16	param
                            62	 #y	$17	param
                            63	
                            64		.data
                            65	.L39:
                            66		.text
                            67		.align	4
                            68	 #GUI_Context	GUI_Context	import
                            69	
                            70		.data
                            71		.text
