
                                   Tue Apr 07 08:52:39 2015           Page 1
                                   Tue Apr 07 08:52:39 2015       gh_2i03k.s
Command Line:   C:\GHS\V35\mips35\asmips.exe -noundefined -elf -b0
                -IC:\local\Workspace\DC_V04.01.00_int\cu3x1Platform_SRC\emWinColour
                -IC:\local\Workspace\DC_V04.01.00_int\cu3x1Platform_SRC\platform\include
                -IC:\local\Workspace\DC_V04.01.00_int\cu3x1Platform_SRC\platform\common
                -IC:\local\Workspace\DC_V04.01.00_int\cu3x1Platform_SRC\platform\hardware
                -IC:\local\Workspace\DC_V04.01.00_int\cu3x1Platform_SRC\platform\hardware\D3018X
                -IC:\local\Workspace\DC_V04.01.00_int\cu3x1Platform_SRC\embos\inc
                -IC:\local\Workspace\DC_V04.01.00_int\cu3x1Platform_SRC\emWinColour\config
                -IC:\local\Workspace\DC_V04.01.00_int\cu3x1Platform_SRC\emWinColour\gui\ConvertMono
                -IC:\local\Workspace\DC_V04.01.00_int\cu3x1Platform_SRC\emWinColour\gui\Core
                -IC:\local\Workspace\DC_V04.01.00_int\cu3x1Platform_SRC\emWinColour\gui\Font
                -IC:\local\Workspace\DC_V04.01.00_int\cu3x1Platform_SRC\emWinColour\gui\LCDDriver
                -IC:\local\Workspace\DC_V04.01.00_int\cu3x1Platform_SRC\emWinColour\gui\MemDev
                -IC:\local\Workspace\DC_V04.01.00_int\cu3x1Platform_SRC\emWinColour\gui\VNC
                -IC:\local\Workspace\DC_V04.01.00_int\cu3x1Platform_SRC\emWinColour\gui\Widget
                -IC:\local\Workspace\DC_V04.01.00_int\cu3x1Platform_SRC\emWinColour\gui\wm
                -IC:\local\Workspace\DC_V04.01.00_int\cu3x1App_SRC\Control\source
                -IC:\local\Workspace\DC_V04.01.00_int\cu3x1App_SRC\Control\source\include
                -IC:\local\Workspace\DC_V04.01.00_int\cu3x1App_SRC\Control\source\util
                -IC:\local\Workspace\DC_V04.01.00_int\cu3x1App_SRC\Control\source\datapoint
                -IC:\local\Workspace\DC_V04.01.00_int\cu3x1App_SRC\Control\source\factory
                -IC:\local\Workspace\DC_V04.01.00_int\cu3x1Platform_SRC\embos
                -IC:\local\Workspace\DC_V04.01.00_int\cu3x1Platform_SRC\emWinColour\gui\core
                -IC:\local\Workspace\DC_V04.01.00_int\cu3x1App_SRC\Control\source\rtip\webpage
                -IC:\local\Workspace\DC_V04.01.00_int\cu3x1App_SRC\Control\source\rtip\config
                -IC:\local\Workspace\DC_V04.01.00_int\cu3x1App_SRC\Control\source\rtip\xnet
                -IC:\local\Workspace\DC_V04.01.00_int\cu3x1App_SRC\Control\source\stub
                -IC:\local\Workspace\DC_V04.01.00_int\cu3x1App_SRC\Control\source\test
                -IC:\local\Workspace\DC_V04.01.00_int\cu3x1App_SRC\Control\source\GENIpro
                -IC:\local\Workspace\DC_V04.01.00_int\cu3x1App_SRC\Control\source\GENIpro\GENI_sys
                -IC:\local\Workspace\DC_V04.01.00_int\cu3x1App_SRC\Control\source\GENIpro\GENIusb\emUSB\USB\Driver
                -IC:\local\Workspace\DC_V04.01.00_int\cu3x1App_SRC\Control\source\application\intercom
                -IC:\local\Workspace\DC_V04.01.00_int\cu3x1App_SRC\Control\source\application\controller
                -IC:\local\Workspace\DC_V04.01.00_int\cu3x1App_SRC\Control\source\application\driver
                -IC:\local\Workspace\DC_V04.01.00_int\cu3x1App_SRC\Control\source\application\webif
                -IC:\local\Workspace\DC_V04.01.00_int\cu3x1App_SRC\Control\source\application\relay
                -IC:\local\Workspace\DC_V04.01.00_int\cu3x1App_SRC\Control\source\application\GENIApp
                -IC:\local\Workspace\DC_V04.01.00_int\cu3x1App_SRC\Control\source\application\alarm
                -IC:\local\Workspace\DC_V04.01.00_int\cu3x1App_SRC\Control\source\application\config
                -IC:\local\Workspace\DC_V04.01.00_int\cu3x1App_SRC\Control\source\application\AnaInConfigCtrl
                -IC:\local\Workspace\DC_V04.01.00_int\cu3x1App_SRC\Control\source\application\Sms
                -IC:\local\Workspace\DC_V04.01.00_int\cu3x1App_SRC\Control\source\application\display
                -IC:\local\Workspace\DC_V04.01.00_int\cu3x1App_SRC\Control\source\application\display\display_task
                -IC:\local\Workspace\DC_V04.01.00_int\cu3x1App_SRC\Control\source\application\display\gui_utility
                -IC:\local\Workspace\DC_V04.01.00_int\cu3x1App_SRC\Control\source\application\display\mpcunit
                -IC:\local\Workspace\DC_V04.01.00_int\cu3x1App_SRC\Control\source\GeniPro
                -IC:\local\Workspace\DC_V04.01.00_int\cu3x1App_SRC\Control\source\GeniPro\GENI_sys
                -IC:\local\Workspace\DC_V04.01.00_int\cu3x1App_SRC\Control\source\GeniPro\GENIbus
                -IC:\local\Workspace\DC_V04.01.00_int\cu3x1App_SRC\Control\source\GeniPro\GENIcom
                -IC:\local\Workspace\DC_V04.01.00_int\cu3x1App_SRC\Control\source\GeniPro\GENIrs232
                -IC:\local\Workspace\DC_V04.01.00_int\cu3x1App_SRC\Control\source\GeniPro\Virtual
                -IC:\local\Workspace\DC_V04.01.00_int\cu3x1Platform_SRC\Platform\common
                -IC:\local\Workspace\DC_V04.01.00_int\cu3x1Platform_SRC\Platform\hardware
                -IC:\local\Workspace\DC_V04.01.00_int\cu3x1Platform_SRC\Platform\hardware\D3018X
                -IC:\local\Workspace\DC_V04.01.00_int\cu3x1App_SRC\Control\source\application\display\imagesTFT
                -IC:\GHS\V35\mips35\mipsl_sf -r4121 -source=GUI__IntersectRects.c
                -o objs\gh_2i03k.o -list=objs\GUI__IntersectRects.lst
                C:\Users\55602\AppData\Local\Temp\gh_2i03k.s
Source File:    C:\Users\55602\AppData\Local\Temp\gh_2i03k.s
Directory:      C:\local\Workspace\DC_V04.01.00_int\cu3x1App_SRC\Control\source
Host OS:        GHS_WIN32
Version:        AS-MIPS 3.5#11 
Release:        MULTI 2000, MIPS v3.5
Revision Date:  Wed Feb 27 12:19:03 2002
Release Date:   Sat Mar 02 02:57:59 2002
                             1	 #Source File:   C:\local\Workspace\DC_V04.01.00_int\cu3x1Platform_SRC\emWinColour\GUI\Core\GUI__IntersectRects.c

                                   Tue Apr 07 08:52:39 2015           Page 2
                                   Tue Apr 07 08:52:39 2015       gh_2i03k.s
                             2	 #Directory:     
                             3	 #		C:\local\Workspace\DC_V04.01.00_int\cu3x1App_SRC\Control\source
                             4	 #Compile Date:  Tue Apr 07 08:52:39 2015
                             5	 #Host OS:       Win32
                             6	 #Version:       C-MIPS 3.5#11 RELEASE VERSION
                             7	 #Release:       MULTI 2000, MIPS v3.5
                             8	 #Revision Date: Fri Mar 01 11:32:40 2002
                             9	 #Release Date:  Sat Mar 02 02:58:48 2002
                            10		.set	noat
                            11		.set	noreorder
                            12		.set	nomacro
                            13		.text
                            14		.align	4
                            15		.globl	GUI__IntersectRects
                            16	GUI__IntersectRects:
        84cf0000 00000000   17		lh	$15, 0($6)
                            18	 #	    .bf
        84b80000 00000004   19		lh	$24, 0($5)
        01e0c825 00000008   20		move	$25, $15
        0338702a 0000000c   21		slt	$14, $25, $24
        11c00002 00000010   22		beq	$14, $0, .L37
        00000000 00000014   23		nop
        0300c825 00000018   24		move	$25, $24
                            25	.L37:
        a4990000 0000001c   26		sh	$25, 0($4)
        84d80002 00000020   27		lh	$24, 2($6)
        84b90002 00000024   28		lh	$25, 2($5)
        03006825 00000028   29		move	$13, $24
        01b9782a 0000002c   30		slt	$15, $13, $25
        11e00002 00000030   31		beq	$15, $0, .L38
        00000000 00000034   32		nop
        03206825 00000038   33		move	$13, $25
                            34	.L38:
        a48d0002 0000003c   35		sh	$13, 2($4)
        84b90004 00000040   36		lh	$25, 4($5)
        84cd0004 00000044   37		lh	$13, 4($6)
        03207025 00000048   38		move	$14, $25
        01aec02a 0000004c   39		slt	$24, $13, $14
        13000002 00000050   40		beq	$24, $0, .L39
        00000000 00000054   41		nop
        01a07025 00000058   42		move	$14, $13
                            43	.L39:
        a48e0004 0000005c   44		sh	$14, 4($4)
        84ad0006 00000060   45		lh	$13, 6($5)
        84ce0006 00000064   46		lh	$14, 6($6)
        01a07825 00000068   47		move	$15, $13
        01cfc82a 0000006c   48		slt	$25, $14, $15
        13200002 00000070   49		beq	$25, $0, .L40
        00000000 00000074   50		nop
        01c07825 00000078   51		move	$15, $14
                            52	.L40:
        a48f0006 0000007c   53		sh	$15, 6($4)
        848f0000 00000080   54		lh	$15, 0($4)
        84980004 00000084   55		lh	$24, 4($4)
        030f702a 00000088   56		slt	$14, $24, $15
        51c00003 0000008c   57		beql	$14, $0, .L1000004

                                   Tue Apr 07 08:52:39 2015           Page 3
                                   Tue Apr 07 08:52:39 2015       gh_2i03k.s
        848d0006 00000090   58		lh	$13, 6($4)
        03e00008 00000094   59		jr	$ra
        34020000 00000098   60		ori	$2, $0, 0
                            61	.L1000004:
                            62	 #	    .ef
        84990002 0000009c   63		lh	$25, 2($4)
        01b9102a 000000a0   64		slt	$2, $13, $25
        03e00008 000000a4   65		jr	$ra
        38420001 000000a8   66		xori	$2, $2, 1
                            67		.type	GUI__IntersectRects,@function
                            68		.size	GUI__IntersectRects,.-GUI__IntersectRects
                            69		.align	4
                            70	
                            71	 #pDest	$4	param
                            72	 #pr0	$5	param
                            73	 #pr1	$6	param
                            74	
                            75		.data
                            76	.L36:
                            77		.text
                            78		.align	4
                            79	
                            80		.data
                            81		.text
