
                                   Tue Apr 07 08:54:13 2015           Page 1
                                   Tue Apr 07 08:54:13 2015       gh_2i05o.s
Command Line:   C:\GHS\V35\mips35\asmips.exe -noundefined -elf -b0
                -IC:\local\Workspace\DC_V04.01.00_int\cu3x1Platform_SRC\emWinColour
                -IC:\local\Workspace\DC_V04.01.00_int\cu3x1Platform_SRC\platform\include
                -IC:\local\Workspace\DC_V04.01.00_int\cu3x1Platform_SRC\platform\common
                -IC:\local\Workspace\DC_V04.01.00_int\cu3x1Platform_SRC\platform\hardware
                -IC:\local\Workspace\DC_V04.01.00_int\cu3x1Platform_SRC\platform\hardware\D3018X
                -IC:\local\Workspace\DC_V04.01.00_int\cu3x1Platform_SRC\embos\inc
                -IC:\local\Workspace\DC_V04.01.00_int\cu3x1Platform_SRC\emWinColour\config
                -IC:\local\Workspace\DC_V04.01.00_int\cu3x1Platform_SRC\emWinColour\gui\ConvertMono
                -IC:\local\Workspace\DC_V04.01.00_int\cu3x1Platform_SRC\emWinColour\gui\Core
                -IC:\local\Workspace\DC_V04.01.00_int\cu3x1Platform_SRC\emWinColour\gui\Font
                -IC:\local\Workspace\DC_V04.01.00_int\cu3x1Platform_SRC\emWinColour\gui\LCDDriver
                -IC:\local\Workspace\DC_V04.01.00_int\cu3x1Platform_SRC\emWinColour\gui\MemDev
                -IC:\local\Workspace\DC_V04.01.00_int\cu3x1Platform_SRC\emWinColour\gui\VNC
                -IC:\local\Workspace\DC_V04.01.00_int\cu3x1Platform_SRC\emWinColour\gui\Widget
                -IC:\local\Workspace\DC_V04.01.00_int\cu3x1Platform_SRC\emWinColour\gui\wm
                -IC:\local\Workspace\DC_V04.01.00_int\cu3x1App_SRC\Control\source
                -IC:\local\Workspace\DC_V04.01.00_int\cu3x1App_SRC\Control\source\include
                -IC:\local\Workspace\DC_V04.01.00_int\cu3x1App_SRC\Control\source\util
                -IC:\local\Workspace\DC_V04.01.00_int\cu3x1App_SRC\Control\source\datapoint
                -IC:\local\Workspace\DC_V04.01.00_int\cu3x1App_SRC\Control\source\factory
                -IC:\local\Workspace\DC_V04.01.00_int\cu3x1Platform_SRC\embos
                -IC:\local\Workspace\DC_V04.01.00_int\cu3x1Platform_SRC\emWinColour\gui\core
                -IC:\local\Workspace\DC_V04.01.00_int\cu3x1App_SRC\Control\source\rtip\webpage
                -IC:\local\Workspace\DC_V04.01.00_int\cu3x1App_SRC\Control\source\rtip\config
                -IC:\local\Workspace\DC_V04.01.00_int\cu3x1App_SRC\Control\source\rtip\xnet
                -IC:\local\Workspace\DC_V04.01.00_int\cu3x1App_SRC\Control\source\stub
                -IC:\local\Workspace\DC_V04.01.00_int\cu3x1App_SRC\Control\source\test
                -IC:\local\Workspace\DC_V04.01.00_int\cu3x1App_SRC\Control\source\GENIpro
                -IC:\local\Workspace\DC_V04.01.00_int\cu3x1App_SRC\Control\source\GENIpro\GENI_sys
                -IC:\local\Workspace\DC_V04.01.00_int\cu3x1App_SRC\Control\source\GENIpro\GENIusb\emUSB\USB\Driver
                -IC:\local\Workspace\DC_V04.01.00_int\cu3x1App_SRC\Control\source\application\intercom
                -IC:\local\Workspace\DC_V04.01.00_int\cu3x1App_SRC\Control\source\application\controller
                -IC:\local\Workspace\DC_V04.01.00_int\cu3x1App_SRC\Control\source\application\driver
                -IC:\local\Workspace\DC_V04.01.00_int\cu3x1App_SRC\Control\source\application\webif
                -IC:\local\Workspace\DC_V04.01.00_int\cu3x1App_SRC\Control\source\application\relay
                -IC:\local\Workspace\DC_V04.01.00_int\cu3x1App_SRC\Control\source\application\GENIApp
                -IC:\local\Workspace\DC_V04.01.00_int\cu3x1App_SRC\Control\source\application\alarm
                -IC:\local\Workspace\DC_V04.01.00_int\cu3x1App_SRC\Control\source\application\config
                -IC:\local\Workspace\DC_V04.01.00_int\cu3x1App_SRC\Control\source\application\AnaInConfigCtrl
                -IC:\local\Workspace\DC_V04.01.00_int\cu3x1App_SRC\Control\source\application\Sms
                -IC:\local\Workspace\DC_V04.01.00_int\cu3x1App_SRC\Control\source\application\display
                -IC:\local\Workspace\DC_V04.01.00_int\cu3x1App_SRC\Control\source\application\display\display_task
                -IC:\local\Workspace\DC_V04.01.00_int\cu3x1App_SRC\Control\source\application\display\gui_utility
                -IC:\local\Workspace\DC_V04.01.00_int\cu3x1App_SRC\Control\source\application\display\mpcunit
                -IC:\local\Workspace\DC_V04.01.00_int\cu3x1App_SRC\Control\source\GeniPro
                -IC:\local\Workspace\DC_V04.01.00_int\cu3x1App_SRC\Control\source\GeniPro\GENI_sys
                -IC:\local\Workspace\DC_V04.01.00_int\cu3x1App_SRC\Control\source\GeniPro\GENIbus
                -IC:\local\Workspace\DC_V04.01.00_int\cu3x1App_SRC\Control\source\GeniPro\GENIcom
                -IC:\local\Workspace\DC_V04.01.00_int\cu3x1App_SRC\Control\source\GeniPro\GENIrs232
                -IC:\local\Workspace\DC_V04.01.00_int\cu3x1App_SRC\Control\source\GeniPro\Virtual
                -IC:\local\Workspace\DC_V04.01.00_int\cu3x1Platform_SRC\Platform\common
                -IC:\local\Workspace\DC_V04.01.00_int\cu3x1Platform_SRC\Platform\hardware
                -IC:\local\Workspace\DC_V04.01.00_int\cu3x1Platform_SRC\Platform\hardware\D3018X
                -IC:\local\Workspace\DC_V04.01.00_int\cu3x1App_SRC\Control\source\application\display\imagesTFT
                -IC:\GHS\V35\mips35\mipsl_sf -r4121 -source=GUI_DrawPoint.c -o
                objs\gh_2i05o.o -list=objs\GUI_DrawPoint.lst
                C:\Users\55602\AppData\Local\Temp\gh_2i05o.s
Source File:    C:\Users\55602\AppData\Local\Temp\gh_2i05o.s
Directory:      C:\local\Workspace\DC_V04.01.00_int\cu3x1App_SRC\Control\source
Host OS:        GHS_WIN32
Version:        AS-MIPS 3.5#11 
Release:        MULTI 2000, MIPS v3.5
Revision Date:  Wed Feb 27 12:19:03 2002
Release Date:   Sat Mar 02 02:57:59 2002
                             1	 #Source File:   C:\local\Workspace\DC_V04.01.00_int\cu3x1Platform_SRC\emWinColour\GUI\Core\GUI_DrawPoint.c

                                   Tue Apr 07 08:54:13 2015           Page 2
                                   Tue Apr 07 08:54:13 2015       gh_2i05o.s
                             2	 #Directory:     
                             3	 #		C:\local\Workspace\DC_V04.01.00_int\cu3x1App_SRC\Control\source
                             4	 #Compile Date:  Tue Apr 07 08:54:13 2015
                             5	 #Host OS:       Win32
                             6	 #Version:       C-MIPS 3.5#11 RELEASE VERSION
                             7	 #Release:       MULTI 2000, MIPS v3.5
                             8	 #Revision Date: Fri Mar 01 11:32:40 2002
                             9	 #Release Date:  Sat Mar 02 02:58:48 2002
                            10		.set	noat
                            11		.set	noreorder
                            12		.set	nomacro
                            13		.text
                            14		.align	4
                            15		.globl	GL_DrawPoint
                            16	GL_DrawPoint:
        3c010000 00000000   17		lui	$1, %hi(GUI_Context+24)
                            18	 #	    .bf
        90230000 00000004   19		lbu	$3, %lo(GUI_Context+24)($1)
        34190001 00000008   20		ori	$25, $0, 1
        54790003 0000000c   21		bnel	$3, $25, .L1000004
        2463ffff 00000010   22		addiu	$3, $3, -1
        08000000 00000014   23		j	LCD_DrawPixel
        00000000 00000018   24		nop
                            25	.L1000004:
        0003c7c3 0000001c   26		sra	$24, $3, 31
        00187fc2 00000020   27		srl	$15, $24, 31
        01e37021 00000024   28		addu	$14, $15, $3
        08000000 00000028   29		j	GL_FillCircle
        000e3043 0000002c   30		sra	$6, $14, 1
                            31	 #	    .ef
                            32		.type	GL_DrawPoint,@function
                            33		.size	GL_DrawPoint,.-GL_DrawPoint
                            34		.align	4
                            35	
                            36	 #x	$4	param
                            37	 #y	$5	param
                            38	
                            39		.data
                            40	.L24:
                            41		.text
                            42		.align	4
                            43		.align	4
                            44		.globl	GUI_DrawPoint
                            45	GUI_DrawPoint:
        27bdfff0 00000030   46		addiu	$sp, $sp, -16
        afbf000c 00000034   47		sw	$ra, 12($sp)
        afb10004 00000038   48		sw	$17, 4($sp)
        afb00000 0000003c   49		sw	$16, 0($sp)
        00808025 00000040   50		move	$16, $4
                            51	 #	    .bf
        0c000000 00000044   52		jal	GUI_Lock
        00a08825 00000048   53		move	$17, $5
        3c030000 0000004c   54		lui	$3, %hi(GUI_Context)
        24630000 00000050   55		addiu	$3, $3, %lo(GUI_Context)
        8c790044 00000054   56		lw	$25, 68($3)
        8c780048 00000058   57		lw	$24, 72($3)

                                   Tue Apr 07 08:54:13 2015           Page 3
                                   Tue Apr 07 08:54:13 2015       gh_2i05o.s
        34040000 0000005c   58		ori	$4, $0, 0
        02198021 00000060   59		addu	$16, $16, $25
        0c000000 00000064   60		jal	WM__InitIVRSearch
        02388821 00000068   61		addu	$17, $17, $24
        10400008 0000006c   62		beq	$2, $0, .L37
        00000000 00000070   63		nop
        02002025 00000074   64		move	$4, $16
                            65	.L1000041:
        0c000000 00000078   66		jal	GL_DrawPoint
        02202825 0000007c   67		move	$5, $17
        0c000000 00000080   68		jal	WM__GetNextIVR
        00000000 00000084   69		nop
        5440fffb 00000088   70		bnel	$2, $0, .L1000041
        02002025 0000008c   71		move	$4, $16
                            72	.L37:
        0c000000 00000090   73		jal	GUI_Unlock
        00000000 00000094   74		nop
                            75	 #	    .ef
        8fbf000c 00000098   76		lw	$ra, 12($sp)
        8fb00000 0000009c   77		lw	$16, 0($sp)
        8fb10004 000000a0   78		lw	$17, 4($sp)
        03e00008 000000a4   79		jr	$ra
        27bd0010 000000a8   80		addiu	$sp, $sp, 16
                            81		.type	GUI_DrawPoint,@function
                            82		.size	GUI_DrawPoint,.-GUI_DrawPoint
                            83		.align	4
                            84	
                            85	 #x	$16	param
                            86	 #y	$17	param
                            87	
                            88		.data
                            89	.L72:
                            90		.text
                            91		.align	4
                            92	 #GUI_Context	GUI_Context	import
                            93	
                            94		.data
                            95		.text
