
                                   Tue Apr 07 08:53:06 2015           Page 1
                                   Tue Apr 07 08:53:05 2015       gh_2i047.s
Command Line:   C:\GHS\V35\mips35\asmips.exe -noundefined -elf -b0
                -IC:\local\Workspace\DC_V04.01.00_int\cu3x1Platform_SRC\emWinColour
                -IC:\local\Workspace\DC_V04.01.00_int\cu3x1Platform_SRC\platform\include
                -IC:\local\Workspace\DC_V04.01.00_int\cu3x1Platform_SRC\platform\common
                -IC:\local\Workspace\DC_V04.01.00_int\cu3x1Platform_SRC\platform\hardware
                -IC:\local\Workspace\DC_V04.01.00_int\cu3x1Platform_SRC\platform\hardware\D3018X
                -IC:\local\Workspace\DC_V04.01.00_int\cu3x1Platform_SRC\embos\inc
                -IC:\local\Workspace\DC_V04.01.00_int\cu3x1Platform_SRC\emWinColour\config
                -IC:\local\Workspace\DC_V04.01.00_int\cu3x1Platform_SRC\emWinColour\gui\ConvertMono
                -IC:\local\Workspace\DC_V04.01.00_int\cu3x1Platform_SRC\emWinColour\gui\Core
                -IC:\local\Workspace\DC_V04.01.00_int\cu3x1Platform_SRC\emWinColour\gui\Font
                -IC:\local\Workspace\DC_V04.01.00_int\cu3x1Platform_SRC\emWinColour\gui\LCDDriver
                -IC:\local\Workspace\DC_V04.01.00_int\cu3x1Platform_SRC\emWinColour\gui\MemDev
                -IC:\local\Workspace\DC_V04.01.00_int\cu3x1Platform_SRC\emWinColour\gui\VNC
                -IC:\local\Workspace\DC_V04.01.00_int\cu3x1Platform_SRC\emWinColour\gui\Widget
                -IC:\local\Workspace\DC_V04.01.00_int\cu3x1Platform_SRC\emWinColour\gui\wm
                -IC:\local\Workspace\DC_V04.01.00_int\cu3x1App_SRC\Control\source
                -IC:\local\Workspace\DC_V04.01.00_int\cu3x1App_SRC\Control\source\include
                -IC:\local\Workspace\DC_V04.01.00_int\cu3x1App_SRC\Control\source\util
                -IC:\local\Workspace\DC_V04.01.00_int\cu3x1App_SRC\Control\source\datapoint
                -IC:\local\Workspace\DC_V04.01.00_int\cu3x1App_SRC\Control\source\factory
                -IC:\local\Workspace\DC_V04.01.00_int\cu3x1Platform_SRC\embos
                -IC:\local\Workspace\DC_V04.01.00_int\cu3x1Platform_SRC\emWinColour\gui\core
                -IC:\local\Workspace\DC_V04.01.00_int\cu3x1App_SRC\Control\source\rtip\webpage
                -IC:\local\Workspace\DC_V04.01.00_int\cu3x1App_SRC\Control\source\rtip\config
                -IC:\local\Workspace\DC_V04.01.00_int\cu3x1App_SRC\Control\source\rtip\xnet
                -IC:\local\Workspace\DC_V04.01.00_int\cu3x1App_SRC\Control\source\stub
                -IC:\local\Workspace\DC_V04.01.00_int\cu3x1App_SRC\Control\source\test
                -IC:\local\Workspace\DC_V04.01.00_int\cu3x1App_SRC\Control\source\GENIpro
                -IC:\local\Workspace\DC_V04.01.00_int\cu3x1App_SRC\Control\source\GENIpro\GENI_sys
                -IC:\local\Workspace\DC_V04.01.00_int\cu3x1App_SRC\Control\source\GENIpro\GENIusb\emUSB\USB\Driver
                -IC:\local\Workspace\DC_V04.01.00_int\cu3x1App_SRC\Control\source\application\intercom
                -IC:\local\Workspace\DC_V04.01.00_int\cu3x1App_SRC\Control\source\application\controller
                -IC:\local\Workspace\DC_V04.01.00_int\cu3x1App_SRC\Control\source\application\driver
                -IC:\local\Workspace\DC_V04.01.00_int\cu3x1App_SRC\Control\source\application\webif
                -IC:\local\Workspace\DC_V04.01.00_int\cu3x1App_SRC\Control\source\application\relay
                -IC:\local\Workspace\DC_V04.01.00_int\cu3x1App_SRC\Control\source\application\GENIApp
                -IC:\local\Workspace\DC_V04.01.00_int\cu3x1App_SRC\Control\source\application\alarm
                -IC:\local\Workspace\DC_V04.01.00_int\cu3x1App_SRC\Control\source\application\config
                -IC:\local\Workspace\DC_V04.01.00_int\cu3x1App_SRC\Control\source\application\AnaInConfigCtrl
                -IC:\local\Workspace\DC_V04.01.00_int\cu3x1App_SRC\Control\source\application\Sms
                -IC:\local\Workspace\DC_V04.01.00_int\cu3x1App_SRC\Control\source\application\display
                -IC:\local\Workspace\DC_V04.01.00_int\cu3x1App_SRC\Control\source\application\display\display_task
                -IC:\local\Workspace\DC_V04.01.00_int\cu3x1App_SRC\Control\source\application\display\gui_utility
                -IC:\local\Workspace\DC_V04.01.00_int\cu3x1App_SRC\Control\source\application\display\mpcunit
                -IC:\local\Workspace\DC_V04.01.00_int\cu3x1App_SRC\Control\source\GeniPro
                -IC:\local\Workspace\DC_V04.01.00_int\cu3x1App_SRC\Control\source\GeniPro\GENI_sys
                -IC:\local\Workspace\DC_V04.01.00_int\cu3x1App_SRC\Control\source\GeniPro\GENIbus
                -IC:\local\Workspace\DC_V04.01.00_int\cu3x1App_SRC\Control\source\GeniPro\GENIcom
                -IC:\local\Workspace\DC_V04.01.00_int\cu3x1App_SRC\Control\source\GeniPro\GENIrs232
                -IC:\local\Workspace\DC_V04.01.00_int\cu3x1App_SRC\Control\source\GeniPro\Virtual
                -IC:\local\Workspace\DC_V04.01.00_int\cu3x1Platform_SRC\Platform\common
                -IC:\local\Workspace\DC_V04.01.00_int\cu3x1Platform_SRC\Platform\hardware
                -IC:\local\Workspace\DC_V04.01.00_int\cu3x1Platform_SRC\Platform\hardware\D3018X
                -IC:\local\Workspace\DC_V04.01.00_int\cu3x1App_SRC\Control\source\application\display\imagesTFT
                -IC:\GHS\V35\mips35\mipsl_sf -r4121 -source=GUI_CalcColorDist.c
                -o objs\gh_2i047.o -list=objs\GUI_CalcColorDist.lst
                C:\Users\55602\AppData\Local\Temp\gh_2i047.s
Source File:    C:\Users\55602\AppData\Local\Temp\gh_2i047.s
Directory:      C:\local\Workspace\DC_V04.01.00_int\cu3x1App_SRC\Control\source
Host OS:        GHS_WIN32
Version:        AS-MIPS 3.5#11 
Release:        MULTI 2000, MIPS v3.5
Revision Date:  Wed Feb 27 12:19:03 2002
Release Date:   Sat Mar 02 02:57:59 2002
                             1	 #Source File:   C:\local\Workspace\DC_V04.01.00_int\cu3x1Platform_SRC\emWinColour\GUI\Core\GUI_CalcColorDist.c

                                   Tue Apr 07 08:53:06 2015           Page 2
                                   Tue Apr 07 08:53:05 2015       gh_2i047.s
                             2	 #Directory:     
                             3	 #		C:\local\Workspace\DC_V04.01.00_int\cu3x1App_SRC\Control\source
                             4	 #Compile Date:  Tue Apr 07 08:53:05 2015
                             5	 #Host OS:       Win32
                             6	 #Version:       C-MIPS 3.5#11 RELEASE VERSION
                             7	 #Release:       MULTI 2000, MIPS v3.5
                             8	 #Revision Date: Fri Mar 01 11:32:40 2002
                             9	 #Release Date:  Sat Mar 02 02:58:48 2002
                            10		.set	noat
                            11		.set	noreorder
                            12		.set	nomacro
                            13		.text
                            14		.align	4
                            15		.globl	GUI_CalcColorDist
                            16	GUI_CalcColorDist:
        309900ff 00000000   17		andi	$25, $4, 255
                            18	 #	    .bf
        30b800ff 00000004   19		andi	$24, $5, 255
        03381823 00000008   20		subu	$3, $25, $24
        00031c00 0000000c   21		sll	$3, $3, 16
        00031c03 00000010   22		sra	$3, $3, 16
        04630005 00000014   23		bgezl	$3, .L1000004
        306effff 00000018   24		andi	$14, $3, 65535
        00031823 0000001c   25		subu	$3, $0, $3
        00031c00 00000020   26		sll	$3, $3, 16
        00031c03 00000024   27		sra	$3, $3, 16
        306effff 00000028   28		andi	$14, $3, 65535
                            29	.L1000004:
        01ce0018 0000002c   30		mult	$14, $14
        00057a02 00000030   31		srl	$15, $5, 8
        0004ca02 00000034   32		srl	$25, $4, 8
        00001012 00000038   33		mflo	$2
        333900ff 0000003c   34		andi	$25, $25, 255
        31ef00ff 00000040   35		andi	$15, $15, 255
        032f1823 00000044   36		subu	$3, $25, $15
        00031c00 00000048   37		sll	$3, $3, 16
        00031c03 0000004c   38		sra	$3, $3, 16
        04630005 00000050   39		bgezl	$3, .L1000006
        3079ffff 00000054   40		andi	$25, $3, 65535
        00031823 00000058   41		subu	$3, $0, $3
        00031c00 0000005c   42		sll	$3, $3, 16
        00031c03 00000060   43		sra	$3, $3, 16
        3079ffff 00000064   44		andi	$25, $3, 65535
                            45	.L1000006:
        00400013 00000068   46		mtlo	$2
        00047402 0000006c   47		srl	$14, $4, 16
        00056c02 00000070   48		srl	$13, $5, 16
        01cd1823 00000074   49		subu	$3, $14, $13
        00031c00 00000078   50		sll	$3, $3, 16
        00031c03 0000007c   51		sra	$3, $3, 16
        04610004 00000080   52		bgez	$3, .L8
        03391428 00000084   53		maccs	$2, $25, $25
        00031823 00000088   54		subu	$3, $0, $3
        00031c00 0000008c   55		sll	$3, $3, 16
        00031c03 00000090   56		sra	$3, $3, 16
                            57	.L8:

                                   Tue Apr 07 08:53:06 2015           Page 3
                                   Tue Apr 07 08:53:05 2015       gh_2i047.s
        3078ffff 00000094   58		andi	$24, $3, 65535
        00400013 00000098   59		mtlo	$2
                            60	 #	    .ef
        03e00008 0000009c   61		jr	$ra
        03181428 000000a0   62		maccs	$2, $24, $24
                            63		.type	GUI_CalcColorDist,@function
                            64		.size	GUI_CalcColorDist,.-GUI_CalcColorDist
                            65		.align	4
                            66	 #Dist	$3	local
                            67	 #Sum	$2	local
                            68	
                            69	 #PalColor	$4	param
                            70	 #Color	$5	param
                            71	
                            72		.data
                            73	.L39:
                            74		.text
                            75		.align	4
                            76	
                            77		.data
                            78		.text
