
                                   Tue Apr 07 08:54:10 2015           Page 1
                                   Tue Apr 07 08:54:10 2015       gh_2i05m.s
Command Line:   C:\GHS\V35\mips35\asmips.exe -noundefined -elf -b0
                -IC:\local\Workspace\DC_V04.01.00_int\cu3x1Platform_SRC\emWinColour
                -IC:\local\Workspace\DC_V04.01.00_int\cu3x1Platform_SRC\platform\include
                -IC:\local\Workspace\DC_V04.01.00_int\cu3x1Platform_SRC\platform\common
                -IC:\local\Workspace\DC_V04.01.00_int\cu3x1Platform_SRC\platform\hardware
                -IC:\local\Workspace\DC_V04.01.00_int\cu3x1Platform_SRC\platform\hardware\D3018X
                -IC:\local\Workspace\DC_V04.01.00_int\cu3x1Platform_SRC\embos\inc
                -IC:\local\Workspace\DC_V04.01.00_int\cu3x1Platform_SRC\emWinColour\config
                -IC:\local\Workspace\DC_V04.01.00_int\cu3x1Platform_SRC\emWinColour\gui\ConvertMono
                -IC:\local\Workspace\DC_V04.01.00_int\cu3x1Platform_SRC\emWinColour\gui\Core
                -IC:\local\Workspace\DC_V04.01.00_int\cu3x1Platform_SRC\emWinColour\gui\Font
                -IC:\local\Workspace\DC_V04.01.00_int\cu3x1Platform_SRC\emWinColour\gui\LCDDriver
                -IC:\local\Workspace\DC_V04.01.00_int\cu3x1Platform_SRC\emWinColour\gui\MemDev
                -IC:\local\Workspace\DC_V04.01.00_int\cu3x1Platform_SRC\emWinColour\gui\VNC
                -IC:\local\Workspace\DC_V04.01.00_int\cu3x1Platform_SRC\emWinColour\gui\Widget
                -IC:\local\Workspace\DC_V04.01.00_int\cu3x1Platform_SRC\emWinColour\gui\wm
                -IC:\local\Workspace\DC_V04.01.00_int\cu3x1App_SRC\Control\source
                -IC:\local\Workspace\DC_V04.01.00_int\cu3x1App_SRC\Control\source\include
                -IC:\local\Workspace\DC_V04.01.00_int\cu3x1App_SRC\Control\source\util
                -IC:\local\Workspace\DC_V04.01.00_int\cu3x1App_SRC\Control\source\datapoint
                -IC:\local\Workspace\DC_V04.01.00_int\cu3x1App_SRC\Control\source\factory
                -IC:\local\Workspace\DC_V04.01.00_int\cu3x1Platform_SRC\embos
                -IC:\local\Workspace\DC_V04.01.00_int\cu3x1Platform_SRC\emWinColour\gui\core
                -IC:\local\Workspace\DC_V04.01.00_int\cu3x1App_SRC\Control\source\rtip\webpage
                -IC:\local\Workspace\DC_V04.01.00_int\cu3x1App_SRC\Control\source\rtip\config
                -IC:\local\Workspace\DC_V04.01.00_int\cu3x1App_SRC\Control\source\rtip\xnet
                -IC:\local\Workspace\DC_V04.01.00_int\cu3x1App_SRC\Control\source\stub
                -IC:\local\Workspace\DC_V04.01.00_int\cu3x1App_SRC\Control\source\test
                -IC:\local\Workspace\DC_V04.01.00_int\cu3x1App_SRC\Control\source\GENIpro
                -IC:\local\Workspace\DC_V04.01.00_int\cu3x1App_SRC\Control\source\GENIpro\GENI_sys
                -IC:\local\Workspace\DC_V04.01.00_int\cu3x1App_SRC\Control\source\GENIpro\GENIusb\emUSB\USB\Driver
                -IC:\local\Workspace\DC_V04.01.00_int\cu3x1App_SRC\Control\source\application\intercom
                -IC:\local\Workspace\DC_V04.01.00_int\cu3x1App_SRC\Control\source\application\controller
                -IC:\local\Workspace\DC_V04.01.00_int\cu3x1App_SRC\Control\source\application\driver
                -IC:\local\Workspace\DC_V04.01.00_int\cu3x1App_SRC\Control\source\application\webif
                -IC:\local\Workspace\DC_V04.01.00_int\cu3x1App_SRC\Control\source\application\relay
                -IC:\local\Workspace\DC_V04.01.00_int\cu3x1App_SRC\Control\source\application\GENIApp
                -IC:\local\Workspace\DC_V04.01.00_int\cu3x1App_SRC\Control\source\application\alarm
                -IC:\local\Workspace\DC_V04.01.00_int\cu3x1App_SRC\Control\source\application\config
                -IC:\local\Workspace\DC_V04.01.00_int\cu3x1App_SRC\Control\source\application\AnaInConfigCtrl
                -IC:\local\Workspace\DC_V04.01.00_int\cu3x1App_SRC\Control\source\application\Sms
                -IC:\local\Workspace\DC_V04.01.00_int\cu3x1App_SRC\Control\source\application\display
                -IC:\local\Workspace\DC_V04.01.00_int\cu3x1App_SRC\Control\source\application\display\display_task
                -IC:\local\Workspace\DC_V04.01.00_int\cu3x1App_SRC\Control\source\application\display\gui_utility
                -IC:\local\Workspace\DC_V04.01.00_int\cu3x1App_SRC\Control\source\application\display\mpcunit
                -IC:\local\Workspace\DC_V04.01.00_int\cu3x1App_SRC\Control\source\GeniPro
                -IC:\local\Workspace\DC_V04.01.00_int\cu3x1App_SRC\Control\source\GeniPro\GENI_sys
                -IC:\local\Workspace\DC_V04.01.00_int\cu3x1App_SRC\Control\source\GeniPro\GENIbus
                -IC:\local\Workspace\DC_V04.01.00_int\cu3x1App_SRC\Control\source\GeniPro\GENIcom
                -IC:\local\Workspace\DC_V04.01.00_int\cu3x1App_SRC\Control\source\GeniPro\GENIrs232
                -IC:\local\Workspace\DC_V04.01.00_int\cu3x1App_SRC\Control\source\GeniPro\Virtual
                -IC:\local\Workspace\DC_V04.01.00_int\cu3x1Platform_SRC\Platform\common
                -IC:\local\Workspace\DC_V04.01.00_int\cu3x1Platform_SRC\Platform\hardware
                -IC:\local\Workspace\DC_V04.01.00_int\cu3x1Platform_SRC\Platform\hardware\D3018X
                -IC:\local\Workspace\DC_V04.01.00_int\cu3x1App_SRC\Control\source\application\display\imagesTFT
                -IC:\GHS\V35\mips35\mipsl_sf -r4121 -source=GUI_DrawPie.c -o
                objs\gh_2i05m.o -list=objs\GUI_DrawPie.lst
                C:\Users\55602\AppData\Local\Temp\gh_2i05m.s
Source File:    C:\Users\55602\AppData\Local\Temp\gh_2i05m.s
Directory:      C:\local\Workspace\DC_V04.01.00_int\cu3x1App_SRC\Control\source
Host OS:        GHS_WIN32
Version:        AS-MIPS 3.5#11 
Release:        MULTI 2000, MIPS v3.5
Revision Date:  Wed Feb 27 12:19:03 2002
Release Date:   Sat Mar 02 02:57:59 2002
                             1	 #Source File:   C:\local\Workspace\DC_V04.01.00_int\cu3x1Platform_SRC\emWinColour\GUI\Core\GUI_DrawPie.c

                                   Tue Apr 07 08:54:10 2015           Page 2
                                   Tue Apr 07 08:54:10 2015       gh_2i05m.s
                             2	 #Directory:     
                             3	 #		C:\local\Workspace\DC_V04.01.00_int\cu3x1App_SRC\Control\source
                             4	 #Compile Date:  Tue Apr 07 08:54:10 2015
                             5	 #Host OS:       Win32
                             6	 #Version:       C-MIPS 3.5#11 RELEASE VERSION
                             7	 #Release:       MULTI 2000, MIPS v3.5
                             8	 #Revision Date: Fri Mar 01 11:32:40 2002
                             9	 #Release Date:  Sat Mar 02 02:58:48 2002
                            10		.set	noat
                            11		.set	noreorder
                            12		.set	nomacro
                            13		.text
                            14		.align	4
                            15		.globl	GUI_DrawPie
                            16	GUI_DrawPie:
        27bdffe0 00000000   17		addiu	$sp, $sp, -32
        afbf001c 00000004   18		sw	$ra, 28($sp)
        afb50014 00000008   19		sw	$21, 20($sp)
        afb40010 0000000c   20		sw	$20, 16($sp)
        afb00000 00000010   21		sw	$16, 0($sp)
        00808025 00000014   22		move	$16, $4
        afb10004 00000018   23		sw	$17, 4($sp)
        00a08825 0000001c   24		move	$17, $5
        afb20008 00000020   25		sw	$18, 8($sp)
        00c09025 00000024   26		move	$18, $6
        afb3000c 00000028   27		sw	$19, 12($sp)
        00e09825 0000002c   28		move	$19, $7
                            29	 #	    .bf
        0c000000 00000030   30		jal	GUI_Lock
        0100a025 00000034   31		move	$20, $8
        3c030000 00000038   32		lui	$3, %hi(GUI_Context)
        24630000 0000003c   33		addiu	$3, $3, %lo(GUI_Context)
        8c790044 00000040   34		lw	$25, 68($3)
        8c780048 00000044   35		lw	$24, 72($3)
        34040000 00000048   36		ori	$4, $0, 0
        02198021 0000004c   37		addu	$16, $16, $25
        0c000000 00000050   38		jal	WM__InitIVRSearch
        02388821 00000054   39		addu	$17, $17, $24
        10400013 00000058   40		beq	$2, $0, .L11
        00000000 0000005c   41		nop
                            42	.L15:
        0c000000 00000060   43		jal	GUI_GetPenSize
        00000000 00000064   44		nop
        0040a825 00000068   45		move	$21, $2
        0c000000 0000006c   46		jal	GUI_SetPenSize
        324400ff 00000070   47		andi	$4, $18, 255
        02002025 00000074   48		move	$4, $16
        02202825 00000078   49		move	$5, $17
        00123042 0000007c   50		srl	$6, $18, 1
        00c03825 00000080   51		move	$7, $6
        02604025 00000084   52		move	$8, $19
        0c000000 00000088   53		jal	GL_DrawArc
        02804825 0000008c   54		move	$9, $20
        0c000000 00000090   55		jal	GUI_SetPenSize
        32a400ff 00000094   56		andi	$4, $21, 255
        0c000000 00000098   57		jal	WM__GetNextIVR

                                   Tue Apr 07 08:54:10 2015           Page 3
                                   Tue Apr 07 08:54:10 2015       gh_2i05m.s
        00000000 0000009c   58		nop
        1440ffef 000000a0   59		bne	$2, $0, .L15
        00000000 000000a4   60		nop
                            61	.L11:
        0c000000 000000a8   62		jal	GUI_Unlock
        00000000 000000ac   63		nop
                            64	 #	    .ef
        8fb3000c 000000b0   65		lw	$19, 12($sp)
        8fb20008 000000b4   66		lw	$18, 8($sp)
        8fb10004 000000b8   67		lw	$17, 4($sp)
        8fb00000 000000bc   68		lw	$16, 0($sp)
        8fbf001c 000000c0   69		lw	$ra, 28($sp)
        8fb40010 000000c4   70		lw	$20, 16($sp)
        8fb50014 000000c8   71		lw	$21, 20($sp)
        03e00008 000000cc   72		jr	$ra
        27bd0020 000000d0   73		addiu	$sp, $sp, 32
                            74		.type	GUI_DrawPie,@function
                            75		.size	GUI_DrawPie,.-GUI_DrawPie
                            76		.align	4
                            77	 #PenSizeOld	$21	local
                            78	
                            79	 #x0	$16	param
                            80	 #y0	$17	param
                            81	 #r	$18	param
                            82	 #a0	$19	param
                            83	 #a1	$20	param
                            84	 #Type	none	param
                            85	
                            86		.data
                            87	.L50:
                            88		.text
                            89		.align	4
                            90	 #GUI_Context	GUI_Context	import
                            91	
                            92		.data
                            93		.text
