
                                   Tue Apr 07 08:55:50 2015           Page 1
                                   Tue Apr 07 08:55:50 2015       gh_2i07r.s
Command Line:   C:\GHS\V35\mips35\asmips.exe -noundefined -elf -b0
                -IC:\local\Workspace\DC_V04.01.00_int\cu3x1Platform_SRC\emWinColour
                -IC:\local\Workspace\DC_V04.01.00_int\cu3x1Platform_SRC\platform\include
                -IC:\local\Workspace\DC_V04.01.00_int\cu3x1Platform_SRC\platform\common
                -IC:\local\Workspace\DC_V04.01.00_int\cu3x1Platform_SRC\platform\hardware
                -IC:\local\Workspace\DC_V04.01.00_int\cu3x1Platform_SRC\platform\hardware\D3018X
                -IC:\local\Workspace\DC_V04.01.00_int\cu3x1Platform_SRC\embos\inc
                -IC:\local\Workspace\DC_V04.01.00_int\cu3x1Platform_SRC\emWinColour\config
                -IC:\local\Workspace\DC_V04.01.00_int\cu3x1Platform_SRC\emWinColour\gui\ConvertMono
                -IC:\local\Workspace\DC_V04.01.00_int\cu3x1Platform_SRC\emWinColour\gui\Core
                -IC:\local\Workspace\DC_V04.01.00_int\cu3x1Platform_SRC\emWinColour\gui\Font
                -IC:\local\Workspace\DC_V04.01.00_int\cu3x1Platform_SRC\emWinColour\gui\LCDDriver
                -IC:\local\Workspace\DC_V04.01.00_int\cu3x1Platform_SRC\emWinColour\gui\MemDev
                -IC:\local\Workspace\DC_V04.01.00_int\cu3x1Platform_SRC\emWinColour\gui\VNC
                -IC:\local\Workspace\DC_V04.01.00_int\cu3x1Platform_SRC\emWinColour\gui\Widget
                -IC:\local\Workspace\DC_V04.01.00_int\cu3x1Platform_SRC\emWinColour\gui\wm
                -IC:\local\Workspace\DC_V04.01.00_int\cu3x1App_SRC\Control\source
                -IC:\local\Workspace\DC_V04.01.00_int\cu3x1App_SRC\Control\source\include
                -IC:\local\Workspace\DC_V04.01.00_int\cu3x1App_SRC\Control\source\util
                -IC:\local\Workspace\DC_V04.01.00_int\cu3x1App_SRC\Control\source\datapoint
                -IC:\local\Workspace\DC_V04.01.00_int\cu3x1App_SRC\Control\source\factory
                -IC:\local\Workspace\DC_V04.01.00_int\cu3x1Platform_SRC\embos
                -IC:\local\Workspace\DC_V04.01.00_int\cu3x1Platform_SRC\emWinColour\gui\core
                -IC:\local\Workspace\DC_V04.01.00_int\cu3x1App_SRC\Control\source\rtip\webpage
                -IC:\local\Workspace\DC_V04.01.00_int\cu3x1App_SRC\Control\source\rtip\config
                -IC:\local\Workspace\DC_V04.01.00_int\cu3x1App_SRC\Control\source\rtip\xnet
                -IC:\local\Workspace\DC_V04.01.00_int\cu3x1App_SRC\Control\source\stub
                -IC:\local\Workspace\DC_V04.01.00_int\cu3x1App_SRC\Control\source\test
                -IC:\local\Workspace\DC_V04.01.00_int\cu3x1App_SRC\Control\source\GENIpro
                -IC:\local\Workspace\DC_V04.01.00_int\cu3x1App_SRC\Control\source\GENIpro\GENI_sys
                -IC:\local\Workspace\DC_V04.01.00_int\cu3x1App_SRC\Control\source\GENIpro\GENIusb\emUSB\USB\Driver
                -IC:\local\Workspace\DC_V04.01.00_int\cu3x1App_SRC\Control\source\application\intercom
                -IC:\local\Workspace\DC_V04.01.00_int\cu3x1App_SRC\Control\source\application\controller
                -IC:\local\Workspace\DC_V04.01.00_int\cu3x1App_SRC\Control\source\application\driver
                -IC:\local\Workspace\DC_V04.01.00_int\cu3x1App_SRC\Control\source\application\webif
                -IC:\local\Workspace\DC_V04.01.00_int\cu3x1App_SRC\Control\source\application\relay
                -IC:\local\Workspace\DC_V04.01.00_int\cu3x1App_SRC\Control\source\application\GENIApp
                -IC:\local\Workspace\DC_V04.01.00_int\cu3x1App_SRC\Control\source\application\alarm
                -IC:\local\Workspace\DC_V04.01.00_int\cu3x1App_SRC\Control\source\application\config
                -IC:\local\Workspace\DC_V04.01.00_int\cu3x1App_SRC\Control\source\application\AnaInConfigCtrl
                -IC:\local\Workspace\DC_V04.01.00_int\cu3x1App_SRC\Control\source\application\Sms
                -IC:\local\Workspace\DC_V04.01.00_int\cu3x1App_SRC\Control\source\application\display
                -IC:\local\Workspace\DC_V04.01.00_int\cu3x1App_SRC\Control\source\application\display\display_task
                -IC:\local\Workspace\DC_V04.01.00_int\cu3x1App_SRC\Control\source\application\display\gui_utility
                -IC:\local\Workspace\DC_V04.01.00_int\cu3x1App_SRC\Control\source\application\display\mpcunit
                -IC:\local\Workspace\DC_V04.01.00_int\cu3x1App_SRC\Control\source\GeniPro
                -IC:\local\Workspace\DC_V04.01.00_int\cu3x1App_SRC\Control\source\GeniPro\GENI_sys
                -IC:\local\Workspace\DC_V04.01.00_int\cu3x1App_SRC\Control\source\GeniPro\GENIbus
                -IC:\local\Workspace\DC_V04.01.00_int\cu3x1App_SRC\Control\source\GeniPro\GENIcom
                -IC:\local\Workspace\DC_V04.01.00_int\cu3x1App_SRC\Control\source\GeniPro\GENIrs232
                -IC:\local\Workspace\DC_V04.01.00_int\cu3x1App_SRC\Control\source\GeniPro\Virtual
                -IC:\local\Workspace\DC_V04.01.00_int\cu3x1Platform_SRC\Platform\common
                -IC:\local\Workspace\DC_V04.01.00_int\cu3x1Platform_SRC\Platform\hardware
                -IC:\local\Workspace\DC_V04.01.00_int\cu3x1Platform_SRC\Platform\hardware\D3018X
                -IC:\local\Workspace\DC_V04.01.00_int\cu3x1App_SRC\Control\source\application\display\imagesTFT
                -IC:\GHS\V35\mips35\mipsl_sf -r4121
                -source=GUI_TOUCH_StoreUnstable.c -o objs\gh_2i07r.o
                -list=objs\GUI_TOUCH_StoreUnstable.lst
                C:\Users\55602\AppData\Local\Temp\gh_2i07r.s
Source File:    C:\Users\55602\AppData\Local\Temp\gh_2i07r.s
Directory:      C:\local\Workspace\DC_V04.01.00_int\cu3x1App_SRC\Control\source
Host OS:        GHS_WIN32
Version:        AS-MIPS 3.5#11 
Release:        MULTI 2000, MIPS v3.5
Revision Date:  Wed Feb 27 12:19:03 2002
Release Date:   Sat Mar 02 02:57:59 2002
                             1	 #Source File:   C:\local\Workspace\DC_V04.01.00_int\cu3x1Platform_SRC\emWinColour\GUI\Core\GUI_TOUCH_StoreUnstable.c

                                   Tue Apr 07 08:55:50 2015           Page 2
                                   Tue Apr 07 08:55:50 2015       gh_2i07r.s
                             2	 #Directory:     
                             3	 #		C:\local\Workspace\DC_V04.01.00_int\cu3x1App_SRC\Control\source
                             4	 #Compile Date:  Tue Apr 07 08:55:50 2015
                             5	 #Host OS:       Win32
                             6	 #Version:       C-MIPS 3.5#11 RELEASE VERSION
                             7	 #Release:       MULTI 2000, MIPS v3.5
                             8	 #Revision Date: Fri Mar 01 11:32:40 2002
                             9	 #Release Date:  Sat Mar 02 02:58:48 2002
                            10		.set	noat
                            11		.set	noreorder
                            12		.set	nomacro
                            13		.text
                            14		.align	4
                            15		.globl	GUI_TOUCH_StoreUnstable
                            16	GUI_TOUCH_StoreUnstable:
        8f990000 00000000   17		lw	$25, %sdaoff(_x)($28)
                            18	 #	    .bf
        8f8f0000 00000004   19		lw	$15, %sdaoff(_y)($28)
        0099c823 00000008   20		subu	$25, $4, $25
        0019c7c3 0000000c   21		sra	$24, $25, 31
        03381826 00000010   22		xor	$3, $25, $24
        00781823 00000014   23		subu	$3, $3, $24
        00af7823 00000018   24		subu	$15, $5, $15
        000f77c3 0000001c   25		sra	$14, $15, 31
        01ee1026 00000020   26		xor	$2, $15, $14
        004e1023 00000024   27		subu	$2, $2, $14
        00626821 00000028   28		addu	$13, $3, $2
        29b90003 0000002c   29		slti	$25, $13, 3
        17200004 00000030   30		bne	$25, $0, .L2
        00000000 00000034   31		nop
        af850000 00000038   32		sw	$5, %sdaoff(_y)($28)
        08000000 0000003c   33		j	GUI_TOUCH_StoreState
        af840000 00000040   34		sw	$4, %sdaoff(_x)($28)
                            35	.L2:
                            36	 #	    .ef
        03e00008 00000044   37		jr	$ra
        00000000 00000048   38		nop
                            39		.type	GUI_TOUCH_StoreUnstable,@function
                            40		.size	GUI_TOUCH_StoreUnstable,.-GUI_TOUCH_StoreUnstable
                            41		.align	4
                            42	 #xDiff	$3	local
                            43	 #yDiff	$2	local
                            44	
                            45	 #x	$4	param
                            46	 #y	$5	param
                            47	
                            48		.data
                            49	.L20:
                            50		.lsbss	_y,4,4
                            51	
                            52		.lsbss	_x,4,4
                            53	
                            54		.text
                            55		.align	4
                            56		.align	4
                            57		.globl	GUI_TOUCH_GetUnstable

                                   Tue Apr 07 08:55:50 2015           Page 3
                                   Tue Apr 07 08:55:50 2015       gh_2i07r.s
                            58	GUI_TOUCH_GetUnstable:
        8f990000 0000004c   59		lw	$25, %sdaoff(_x)($28)
                            60	 #	    .bf
                            61	 #	    .ef
        ac990000 00000050   62		sw	$25, 0($4)
        8f980000 00000054   63		lw	$24, %sdaoff(_y)($28)
        03e00008 00000058   64		jr	$ra
        acb80000 0000005c   65		sw	$24, 0($5)
                            66		.type	GUI_TOUCH_GetUnstable,@function
                            67		.size	GUI_TOUCH_GetUnstable,.-GUI_TOUCH_GetUnstable
                            68		.align	4
                            69	
                            70	 #px	$4	param
                            71	 #py	$5	param
                            72	
                            73		.data
                            74	.L43:
                            75		.text
                            76		.align	4
                            77	 #_x	%sdaoff(_x)	static
                            78	 #_y	%sdaoff(_y)	static
                            79	
                            80		.data
                            81		.section ".sbss","awb"
                            82		.align	4
                            83		.text
