
                                   Tue Apr 07 08:52:57 2015           Page 1
                                   Tue Apr 07 08:52:57 2015       gh_2i041.s
Command Line:   C:\GHS\V35\mips35\asmips.exe -noundefined -elf -b0
                -IC:\local\Workspace\DC_V04.01.00_int\cu3x1Platform_SRC\emWinColour
                -IC:\local\Workspace\DC_V04.01.00_int\cu3x1Platform_SRC\platform\include
                -IC:\local\Workspace\DC_V04.01.00_int\cu3x1Platform_SRC\platform\common
                -IC:\local\Workspace\DC_V04.01.00_int\cu3x1Platform_SRC\platform\hardware
                -IC:\local\Workspace\DC_V04.01.00_int\cu3x1Platform_SRC\platform\hardware\D3018X
                -IC:\local\Workspace\DC_V04.01.00_int\cu3x1Platform_SRC\embos\inc
                -IC:\local\Workspace\DC_V04.01.00_int\cu3x1Platform_SRC\emWinColour\config
                -IC:\local\Workspace\DC_V04.01.00_int\cu3x1Platform_SRC\emWinColour\gui\ConvertMono
                -IC:\local\Workspace\DC_V04.01.00_int\cu3x1Platform_SRC\emWinColour\gui\Core
                -IC:\local\Workspace\DC_V04.01.00_int\cu3x1Platform_SRC\emWinColour\gui\Font
                -IC:\local\Workspace\DC_V04.01.00_int\cu3x1Platform_SRC\emWinColour\gui\LCDDriver
                -IC:\local\Workspace\DC_V04.01.00_int\cu3x1Platform_SRC\emWinColour\gui\MemDev
                -IC:\local\Workspace\DC_V04.01.00_int\cu3x1Platform_SRC\emWinColour\gui\VNC
                -IC:\local\Workspace\DC_V04.01.00_int\cu3x1Platform_SRC\emWinColour\gui\Widget
                -IC:\local\Workspace\DC_V04.01.00_int\cu3x1Platform_SRC\emWinColour\gui\wm
                -IC:\local\Workspace\DC_V04.01.00_int\cu3x1App_SRC\Control\source
                -IC:\local\Workspace\DC_V04.01.00_int\cu3x1App_SRC\Control\source\include
                -IC:\local\Workspace\DC_V04.01.00_int\cu3x1App_SRC\Control\source\util
                -IC:\local\Workspace\DC_V04.01.00_int\cu3x1App_SRC\Control\source\datapoint
                -IC:\local\Workspace\DC_V04.01.00_int\cu3x1App_SRC\Control\source\factory
                -IC:\local\Workspace\DC_V04.01.00_int\cu3x1Platform_SRC\embos
                -IC:\local\Workspace\DC_V04.01.00_int\cu3x1Platform_SRC\emWinColour\gui\core
                -IC:\local\Workspace\DC_V04.01.00_int\cu3x1App_SRC\Control\source\rtip\webpage
                -IC:\local\Workspace\DC_V04.01.00_int\cu3x1App_SRC\Control\source\rtip\config
                -IC:\local\Workspace\DC_V04.01.00_int\cu3x1App_SRC\Control\source\rtip\xnet
                -IC:\local\Workspace\DC_V04.01.00_int\cu3x1App_SRC\Control\source\stub
                -IC:\local\Workspace\DC_V04.01.00_int\cu3x1App_SRC\Control\source\test
                -IC:\local\Workspace\DC_V04.01.00_int\cu3x1App_SRC\Control\source\GENIpro
                -IC:\local\Workspace\DC_V04.01.00_int\cu3x1App_SRC\Control\source\GENIpro\GENI_sys
                -IC:\local\Workspace\DC_V04.01.00_int\cu3x1App_SRC\Control\source\GENIpro\GENIusb\emUSB\USB\Driver
                -IC:\local\Workspace\DC_V04.01.00_int\cu3x1App_SRC\Control\source\application\intercom
                -IC:\local\Workspace\DC_V04.01.00_int\cu3x1App_SRC\Control\source\application\controller
                -IC:\local\Workspace\DC_V04.01.00_int\cu3x1App_SRC\Control\source\application\driver
                -IC:\local\Workspace\DC_V04.01.00_int\cu3x1App_SRC\Control\source\application\webif
                -IC:\local\Workspace\DC_V04.01.00_int\cu3x1App_SRC\Control\source\application\relay
                -IC:\local\Workspace\DC_V04.01.00_int\cu3x1App_SRC\Control\source\application\GENIApp
                -IC:\local\Workspace\DC_V04.01.00_int\cu3x1App_SRC\Control\source\application\alarm
                -IC:\local\Workspace\DC_V04.01.00_int\cu3x1App_SRC\Control\source\application\config
                -IC:\local\Workspace\DC_V04.01.00_int\cu3x1App_SRC\Control\source\application\AnaInConfigCtrl
                -IC:\local\Workspace\DC_V04.01.00_int\cu3x1App_SRC\Control\source\application\Sms
                -IC:\local\Workspace\DC_V04.01.00_int\cu3x1App_SRC\Control\source\application\display
                -IC:\local\Workspace\DC_V04.01.00_int\cu3x1App_SRC\Control\source\application\display\display_task
                -IC:\local\Workspace\DC_V04.01.00_int\cu3x1App_SRC\Control\source\application\display\gui_utility
                -IC:\local\Workspace\DC_V04.01.00_int\cu3x1App_SRC\Control\source\application\display\mpcunit
                -IC:\local\Workspace\DC_V04.01.00_int\cu3x1App_SRC\Control\source\GeniPro
                -IC:\local\Workspace\DC_V04.01.00_int\cu3x1App_SRC\Control\source\GeniPro\GENI_sys
                -IC:\local\Workspace\DC_V04.01.00_int\cu3x1App_SRC\Control\source\GeniPro\GENIbus
                -IC:\local\Workspace\DC_V04.01.00_int\cu3x1App_SRC\Control\source\GeniPro\GENIcom
                -IC:\local\Workspace\DC_V04.01.00_int\cu3x1App_SRC\Control\source\GeniPro\GENIrs232
                -IC:\local\Workspace\DC_V04.01.00_int\cu3x1App_SRC\Control\source\GeniPro\Virtual
                -IC:\local\Workspace\DC_V04.01.00_int\cu3x1Platform_SRC\Platform\common
                -IC:\local\Workspace\DC_V04.01.00_int\cu3x1Platform_SRC\Platform\hardware
                -IC:\local\Workspace\DC_V04.01.00_int\cu3x1Platform_SRC\Platform\hardware\D3018X
                -IC:\local\Workspace\DC_V04.01.00_int\cu3x1App_SRC\Control\source\application\display\imagesTFT
                -IC:\GHS\V35\mips35\mipsl_sf -r4121 -source=GUI_AddHex.c -o
                objs\gh_2i041.o -list=objs\GUI_AddHex.lst
                C:\Users\55602\AppData\Local\Temp\gh_2i041.s
Source File:    C:\Users\55602\AppData\Local\Temp\gh_2i041.s
Directory:      C:\local\Workspace\DC_V04.01.00_int\cu3x1App_SRC\Control\source
Host OS:        GHS_WIN32
Version:        AS-MIPS 3.5#11 
Release:        MULTI 2000, MIPS v3.5
Revision Date:  Wed Feb 27 12:19:03 2002
Release Date:   Sat Mar 02 02:57:59 2002
                             1	 #Source File:   C:\local\Workspace\DC_V04.01.00_int\cu3x1Platform_SRC\emWinColour\GUI\Core\GUI_AddHex.c

                                   Tue Apr 07 08:52:57 2015           Page 2
                                   Tue Apr 07 08:52:57 2015       gh_2i041.s
                             2	 #Directory:     
                             3	 #		C:\local\Workspace\DC_V04.01.00_int\cu3x1App_SRC\Control\source
                             4	 #Compile Date:  Tue Apr 07 08:52:57 2015
                             5	 #Host OS:       Win32
                             6	 #Version:       C-MIPS 3.5#11 RELEASE VERSION
                             7	 #Release:       MULTI 2000, MIPS v3.5
                             8	 #Revision Date: Fri Mar 01 11:32:40 2002
                             9	 #Release Date:  Sat Mar 02 02:58:48 2002
                            10		.set	noat
                            11		.set	noreorder
                            12		.set	nomacro
                            13		.text
                            14		.align	4
                            15		.globl	GUI_AddHex
                            16	GUI_AddHex:
        30a500ff 00000000   17		andi	$5, $5, 255
                            18	 #	    .bf
        2cb90009 00000004   19		sltiu	$25, $5, 9
        13200047 00000008   20		beq	$25, $0, .L2
        8cca0000 0000000c   21		lw	$10, 0($6)
        0145c021 00000010   22		addu	$24, $10, $5
        00a04825 00000014   23		move	$9, $5
        24a5ffff 00000018   24		addiu	$5, $5, -1
        30a500ff 0000001c   25		andi	$5, $5, 255
        acd80000 00000020   26		sw	$24, 0($6)
        000958c2 00000024   27		srl	$11, $9, 3
        11600032 00000028   28		beq	$11, $0, .L24
        a3000000 0000002c   29		sb	$0, 0($24)
        3c020000 00000030   30		lui	$2, %hi(.L102)
        24420000 00000034   31		addiu	$2, $2, %lo(.L102)
        00aac021 00000038   32		addu	$24, $5, $10
        2703fff9 0000003c   33		addiu	$3, $24, -7
        000b78c0 00000040   34		sll	$15, $11, 3
        00af2823 00000044   35		subu	$5, $5, $15
        30a500ff 00000048   36		andi	$5, $5, 255
                            37	.L40:
        308e000f 0000004c   38		andi	$14, $4, 15
        004e6821 00000050   39		addu	$13, $2, $14
        81b90000 00000054   40		lb	$25, 0($13)
        00042102 00000058   41		srl	$4, $4, 4
        3098000f 0000005c   42		andi	$24, $4, 15
        a0790007 00000060   43		sb	$25, 7($3)
        00587821 00000064   44		addu	$15, $2, $24
        81ee0000 00000068   45		lb	$14, 0($15)
        00042102 0000006c   46		srl	$4, $4, 4
        308d000f 00000070   47		andi	$13, $4, 15
        a06e0006 00000074   48		sb	$14, 6($3)
        004dc821 00000078   49		addu	$25, $2, $13
        83380000 0000007c   50		lb	$24, 0($25)
        00042102 00000080   51		srl	$4, $4, 4
        308f000f 00000084   52		andi	$15, $4, 15
        a0780005 00000088   53		sb	$24, 5($3)
        004f7021 0000008c   54		addu	$14, $2, $15
        81cd0000 00000090   55		lb	$13, 0($14)
        00042102 00000094   56		srl	$4, $4, 4
        3099000f 00000098   57		andi	$25, $4, 15

                                   Tue Apr 07 08:52:57 2015           Page 3
                                   Tue Apr 07 08:52:57 2015       gh_2i041.s
        a06d0004 0000009c   58		sb	$13, 4($3)
        0059c021 000000a0   59		addu	$24, $2, $25
        830f0000 000000a4   60		lb	$15, 0($24)
        2463fff8 000000a8   61		addiu	$3, $3, -8
        00042102 000000ac   62		srl	$4, $4, 4
        a06f000b 000000b0   63		sb	$15, 11($3)
        308e000f 000000b4   64		andi	$14, $4, 15
        004e6821 000000b8   65		addu	$13, $2, $14
        81b90000 000000bc   66		lb	$25, 0($13)
        00042102 000000c0   67		srl	$4, $4, 4
        3098000f 000000c4   68		andi	$24, $4, 15
        00042102 000000c8   69		srl	$4, $4, 4
        a079000a 000000cc   70		sb	$25, 10($3)
        00587821 000000d0   71		addu	$15, $2, $24
        81ee0000 000000d4   72		lb	$14, 0($15)
        0044c821 000000d8   73		addu	$25, $2, $4
        00042102 000000dc   74		srl	$4, $4, 4
        a06e0009 000000e0   75		sb	$14, 9($3)
        83380000 000000e4   76		lb	$24, 0($25)
        256bffff 000000e8   77		addiu	$11, $11, -1
        1560ffd7 000000ec   78		bne	$11, $0, .L40
        a0780008 000000f0   79		sb	$24, 8($3)
                            80	.L24:
        312b0007 000000f4   81		andi	$11, $9, 7
        1160000b 000000f8   82		beq	$11, $0, .L2
        3c020000 000000fc   83		lui	$2, %hi(.L102)
        24420000 00000100   84		addiu	$2, $2, %lo(.L102)
        01451821 00000104   85		addu	$3, $10, $5
                            86	.L44:
        2463ffff 00000108   87		addiu	$3, $3, -1
        308d000f 0000010c   88		andi	$13, $4, 15
        00042102 00000110   89		srl	$4, $4, 4
        004dc821 00000114   90		addu	$25, $2, $13
        83380000 00000118   91		lb	$24, 0($25)
        256bffff 0000011c   92		addiu	$11, $11, -1
        1560fff9 00000120   93		bne	$11, $0, .L44
        a0780001 00000124   94		sb	$24, 1($3)
                            95	.L2:
                            96	 #	    .ef
        03e00008 00000128   97		jr	$ra
        00000000 0000012c   98		nop
                            99		.type	GUI_AddHex,@function
                           100		.size	GUI_AddHex,.-GUI_AddHex
                           101		.align	4
                           102	 #s	$10	local
                           103	
                           104	 #v	$4	param
                           105	 #Len	$5	param
                           106	 #ps	$6	param
                           107	
                           108		.data
                           109	.L101:
                           110		.section ".rodata","a"
                           111	.L102:
        33323130 00000000  112	acHex:	.byte	48,49,50,51
        37363534 00000004  113		.byte	52,53,54,55

                                   Tue Apr 07 08:52:57 2015           Page 4
                                   Tue Apr 07 08:52:57 2015       gh_2i041.s
        42413938 00000008  114		.byte	56,57,65,66
        46454443 0000000c  115		.byte	67,68,69,70
                           116		.type	acHex,@object
                           117		.size	acHex,16
                           118		.data
                           119		.text
                           120		.align	4
                           121	 #acHex	.L102	static
                           122	
                           123		.data
                           124		.section ".rodata","a"
                           125		.align	4
                           126		.text
