
                                   Tue Apr 07 08:54:19 2015           Page 1
                                   Tue Apr 07 08:54:18 2015       gh_2i05s.s
Command Line:   C:\GHS\V35\mips35\asmips.exe -noundefined -elf -b0
                -IC:\local\Workspace\DC_V04.01.00_int\cu3x1Platform_SRC\emWinColour
                -IC:\local\Workspace\DC_V04.01.00_int\cu3x1Platform_SRC\platform\include
                -IC:\local\Workspace\DC_V04.01.00_int\cu3x1Platform_SRC\platform\common
                -IC:\local\Workspace\DC_V04.01.00_int\cu3x1Platform_SRC\platform\hardware
                -IC:\local\Workspace\DC_V04.01.00_int\cu3x1Platform_SRC\platform\hardware\D3018X
                -IC:\local\Workspace\DC_V04.01.00_int\cu3x1Platform_SRC\embos\inc
                -IC:\local\Workspace\DC_V04.01.00_int\cu3x1Platform_SRC\emWinColour\config
                -IC:\local\Workspace\DC_V04.01.00_int\cu3x1Platform_SRC\emWinColour\gui\ConvertMono
                -IC:\local\Workspace\DC_V04.01.00_int\cu3x1Platform_SRC\emWinColour\gui\Core
                -IC:\local\Workspace\DC_V04.01.00_int\cu3x1Platform_SRC\emWinColour\gui\Font
                -IC:\local\Workspace\DC_V04.01.00_int\cu3x1Platform_SRC\emWinColour\gui\LCDDriver
                -IC:\local\Workspace\DC_V04.01.00_int\cu3x1Platform_SRC\emWinColour\gui\MemDev
                -IC:\local\Workspace\DC_V04.01.00_int\cu3x1Platform_SRC\emWinColour\gui\VNC
                -IC:\local\Workspace\DC_V04.01.00_int\cu3x1Platform_SRC\emWinColour\gui\Widget
                -IC:\local\Workspace\DC_V04.01.00_int\cu3x1Platform_SRC\emWinColour\gui\wm
                -IC:\local\Workspace\DC_V04.01.00_int\cu3x1App_SRC\Control\source
                -IC:\local\Workspace\DC_V04.01.00_int\cu3x1App_SRC\Control\source\include
                -IC:\local\Workspace\DC_V04.01.00_int\cu3x1App_SRC\Control\source\util
                -IC:\local\Workspace\DC_V04.01.00_int\cu3x1App_SRC\Control\source\datapoint
                -IC:\local\Workspace\DC_V04.01.00_int\cu3x1App_SRC\Control\source\factory
                -IC:\local\Workspace\DC_V04.01.00_int\cu3x1Platform_SRC\embos
                -IC:\local\Workspace\DC_V04.01.00_int\cu3x1Platform_SRC\emWinColour\gui\core
                -IC:\local\Workspace\DC_V04.01.00_int\cu3x1App_SRC\Control\source\rtip\webpage
                -IC:\local\Workspace\DC_V04.01.00_int\cu3x1App_SRC\Control\source\rtip\config
                -IC:\local\Workspace\DC_V04.01.00_int\cu3x1App_SRC\Control\source\rtip\xnet
                -IC:\local\Workspace\DC_V04.01.00_int\cu3x1App_SRC\Control\source\stub
                -IC:\local\Workspace\DC_V04.01.00_int\cu3x1App_SRC\Control\source\test
                -IC:\local\Workspace\DC_V04.01.00_int\cu3x1App_SRC\Control\source\GENIpro
                -IC:\local\Workspace\DC_V04.01.00_int\cu3x1App_SRC\Control\source\GENIpro\GENI_sys
                -IC:\local\Workspace\DC_V04.01.00_int\cu3x1App_SRC\Control\source\GENIpro\GENIusb\emUSB\USB\Driver
                -IC:\local\Workspace\DC_V04.01.00_int\cu3x1App_SRC\Control\source\application\intercom
                -IC:\local\Workspace\DC_V04.01.00_int\cu3x1App_SRC\Control\source\application\controller
                -IC:\local\Workspace\DC_V04.01.00_int\cu3x1App_SRC\Control\source\application\driver
                -IC:\local\Workspace\DC_V04.01.00_int\cu3x1App_SRC\Control\source\application\webif
                -IC:\local\Workspace\DC_V04.01.00_int\cu3x1App_SRC\Control\source\application\relay
                -IC:\local\Workspace\DC_V04.01.00_int\cu3x1App_SRC\Control\source\application\GENIApp
                -IC:\local\Workspace\DC_V04.01.00_int\cu3x1App_SRC\Control\source\application\alarm
                -IC:\local\Workspace\DC_V04.01.00_int\cu3x1App_SRC\Control\source\application\config
                -IC:\local\Workspace\DC_V04.01.00_int\cu3x1App_SRC\Control\source\application\AnaInConfigCtrl
                -IC:\local\Workspace\DC_V04.01.00_int\cu3x1App_SRC\Control\source\application\Sms
                -IC:\local\Workspace\DC_V04.01.00_int\cu3x1App_SRC\Control\source\application\display
                -IC:\local\Workspace\DC_V04.01.00_int\cu3x1App_SRC\Control\source\application\display\display_task
                -IC:\local\Workspace\DC_V04.01.00_int\cu3x1App_SRC\Control\source\application\display\gui_utility
                -IC:\local\Workspace\DC_V04.01.00_int\cu3x1App_SRC\Control\source\application\display\mpcunit
                -IC:\local\Workspace\DC_V04.01.00_int\cu3x1App_SRC\Control\source\GeniPro
                -IC:\local\Workspace\DC_V04.01.00_int\cu3x1App_SRC\Control\source\GeniPro\GENI_sys
                -IC:\local\Workspace\DC_V04.01.00_int\cu3x1App_SRC\Control\source\GeniPro\GENIbus
                -IC:\local\Workspace\DC_V04.01.00_int\cu3x1App_SRC\Control\source\GeniPro\GENIcom
                -IC:\local\Workspace\DC_V04.01.00_int\cu3x1App_SRC\Control\source\GeniPro\GENIrs232
                -IC:\local\Workspace\DC_V04.01.00_int\cu3x1App_SRC\Control\source\GeniPro\Virtual
                -IC:\local\Workspace\DC_V04.01.00_int\cu3x1Platform_SRC\Platform\common
                -IC:\local\Workspace\DC_V04.01.00_int\cu3x1Platform_SRC\Platform\hardware
                -IC:\local\Workspace\DC_V04.01.00_int\cu3x1Platform_SRC\Platform\hardware\D3018X
                -IC:\local\Workspace\DC_V04.01.00_int\cu3x1App_SRC\Control\source\application\display\imagesTFT
                -IC:\GHS\V35\mips35\mipsl_sf -r4121 -source=GUI_DrawVLine.c -o
                objs\gh_2i05s.o -list=objs\GUI_DrawVLine.lst
                C:\Users\55602\AppData\Local\Temp\gh_2i05s.s
Source File:    C:\Users\55602\AppData\Local\Temp\gh_2i05s.s
Directory:      C:\local\Workspace\DC_V04.01.00_int\cu3x1App_SRC\Control\source
Host OS:        GHS_WIN32
Version:        AS-MIPS 3.5#11 
Release:        MULTI 2000, MIPS v3.5
Revision Date:  Wed Feb 27 12:19:03 2002
Release Date:   Sat Mar 02 02:57:59 2002
                             1	 #Source File:   C:\local\Workspace\DC_V04.01.00_int\cu3x1Platform_SRC\emWinColour\GUI\Core\GUI_DrawVLine.c

                                   Tue Apr 07 08:54:19 2015           Page 2
                                   Tue Apr 07 08:54:18 2015       gh_2i05s.s
                             2	 #Directory:     
                             3	 #		C:\local\Workspace\DC_V04.01.00_int\cu3x1App_SRC\Control\source
                             4	 #Compile Date:  Tue Apr 07 08:54:18 2015
                             5	 #Host OS:       Win32
                             6	 #Version:       C-MIPS 3.5#11 RELEASE VERSION
                             7	 #Release:       MULTI 2000, MIPS v3.5
                             8	 #Revision Date: Fri Mar 01 11:32:40 2002
                             9	 #Release Date:  Sat Mar 02 02:58:48 2002
                            10		.set	noat
                            11		.set	noreorder
                            12		.set	nomacro
                            13		.text
                            14		.align	4
                            15		.globl	GUI_DrawVLine
                            16	GUI_DrawVLine:
        27bdffe0 00000000   17		addiu	$sp, $sp, -32
        afbf001c 00000004   18		sw	$ra, 28($sp)
        afb20008 00000008   19		sw	$18, 8($sp)
        afb00000 0000000c   20		sw	$16, 0($sp)
        00808025 00000010   21		move	$16, $4
        afb10004 00000014   22		sw	$17, 4($sp)
        00a08825 00000018   23		move	$17, $5
                            24	 #	    .bf
        0c000000 0000001c   25		jal	GUI_Lock
        00c09025 00000020   26		move	$18, $6
        3c030000 00000024   27		lui	$3, %hi(GUI_Context)
        24630000 00000028   28		addiu	$3, $3, %lo(GUI_Context)
        8c790044 0000002c   29		lw	$25, 68($3)
        8c630048 00000030   30		lw	$3, 72($3)
        27a40010 00000034   31		addiu	$4, $sp, 16
        02198021 00000038   32		addu	$16, $16, $25
        02439021 0000003c   33		addu	$18, $18, $3
        a7b00010 00000040   34		sh	$16, 16($sp)
        a7b00014 00000044   35		sh	$16, 20($sp)
        02238821 00000048   36		addu	$17, $17, $3
        a7b10012 0000004c   37		sh	$17, 18($sp)
        0c000000 00000050   38		jal	WM__InitIVRSearch
        a7b20016 00000054   39		sh	$18, 22($sp)
        10400009 00000058   40		beq	$2, $0, .L4
        00000000 0000005c   41		nop
        02002025 00000060   42		move	$4, $16
                            43	.L1000008:
        02202825 00000064   44		move	$5, $17
        0c000000 00000068   45		jal	LCD_DrawVLine
        02403025 0000006c   46		move	$6, $18
        0c000000 00000070   47		jal	WM__GetNextIVR
        00000000 00000074   48		nop
        5440fffa 00000078   49		bnel	$2, $0, .L1000008
        02002025 0000007c   50		move	$4, $16
                            51	.L4:
        0c000000 00000080   52		jal	GUI_Unlock
        00000000 00000084   53		nop
                            54	 #	    .ef
        8fb00000 00000088   55		lw	$16, 0($sp)
        8fbf001c 0000008c   56		lw	$ra, 28($sp)
        8fb10004 00000090   57		lw	$17, 4($sp)

                                   Tue Apr 07 08:54:19 2015           Page 3
                                   Tue Apr 07 08:54:18 2015       gh_2i05s.s
        8fb20008 00000094   58		lw	$18, 8($sp)
        03e00008 00000098   59		jr	$ra
        27bd0020 0000009c   60		addiu	$sp, $sp, 32
                            61		.type	GUI_DrawVLine,@function
                            62		.size	GUI_DrawVLine,.-GUI_DrawVLine
                            63		.align	4
                            64	 #r	16($sp)	local
                            65	
                            66	 #x0	$16	param
                            67	 #y0	$17	param
                            68	 #y1	$18	param
                            69	
                            70		.data
                            71	.L39:
                            72		.text
                            73		.align	4
                            74	 #GUI_Context	GUI_Context	import
                            75	
                            76		.data
                            77		.text
