
                                   Tue Apr 07 08:55:34 2015           Page 1
                                   Tue Apr 07 08:55:33 2015       gh_2i07f.s
Command Line:   C:\GHS\V35\mips35\asmips.exe -noundefined -elf -b0
                -IC:\local\Workspace\DC_V04.01.00_int\cu3x1Platform_SRC\emWinColour
                -IC:\local\Workspace\DC_V04.01.00_int\cu3x1Platform_SRC\platform\include
                -IC:\local\Workspace\DC_V04.01.00_int\cu3x1Platform_SRC\platform\common
                -IC:\local\Workspace\DC_V04.01.00_int\cu3x1Platform_SRC\platform\hardware
                -IC:\local\Workspace\DC_V04.01.00_int\cu3x1Platform_SRC\platform\hardware\D3018X
                -IC:\local\Workspace\DC_V04.01.00_int\cu3x1Platform_SRC\embos\inc
                -IC:\local\Workspace\DC_V04.01.00_int\cu3x1Platform_SRC\emWinColour\config
                -IC:\local\Workspace\DC_V04.01.00_int\cu3x1Platform_SRC\emWinColour\gui\ConvertMono
                -IC:\local\Workspace\DC_V04.01.00_int\cu3x1Platform_SRC\emWinColour\gui\Core
                -IC:\local\Workspace\DC_V04.01.00_int\cu3x1Platform_SRC\emWinColour\gui\Font
                -IC:\local\Workspace\DC_V04.01.00_int\cu3x1Platform_SRC\emWinColour\gui\LCDDriver
                -IC:\local\Workspace\DC_V04.01.00_int\cu3x1Platform_SRC\emWinColour\gui\MemDev
                -IC:\local\Workspace\DC_V04.01.00_int\cu3x1Platform_SRC\emWinColour\gui\VNC
                -IC:\local\Workspace\DC_V04.01.00_int\cu3x1Platform_SRC\emWinColour\gui\Widget
                -IC:\local\Workspace\DC_V04.01.00_int\cu3x1Platform_SRC\emWinColour\gui\wm
                -IC:\local\Workspace\DC_V04.01.00_int\cu3x1App_SRC\Control\source
                -IC:\local\Workspace\DC_V04.01.00_int\cu3x1App_SRC\Control\source\include
                -IC:\local\Workspace\DC_V04.01.00_int\cu3x1App_SRC\Control\source\util
                -IC:\local\Workspace\DC_V04.01.00_int\cu3x1App_SRC\Control\source\datapoint
                -IC:\local\Workspace\DC_V04.01.00_int\cu3x1App_SRC\Control\source\factory
                -IC:\local\Workspace\DC_V04.01.00_int\cu3x1Platform_SRC\embos
                -IC:\local\Workspace\DC_V04.01.00_int\cu3x1Platform_SRC\emWinColour\gui\core
                -IC:\local\Workspace\DC_V04.01.00_int\cu3x1App_SRC\Control\source\rtip\webpage
                -IC:\local\Workspace\DC_V04.01.00_int\cu3x1App_SRC\Control\source\rtip\config
                -IC:\local\Workspace\DC_V04.01.00_int\cu3x1App_SRC\Control\source\rtip\xnet
                -IC:\local\Workspace\DC_V04.01.00_int\cu3x1App_SRC\Control\source\stub
                -IC:\local\Workspace\DC_V04.01.00_int\cu3x1App_SRC\Control\source\test
                -IC:\local\Workspace\DC_V04.01.00_int\cu3x1App_SRC\Control\source\GENIpro
                -IC:\local\Workspace\DC_V04.01.00_int\cu3x1App_SRC\Control\source\GENIpro\GENI_sys
                -IC:\local\Workspace\DC_V04.01.00_int\cu3x1App_SRC\Control\source\GENIpro\GENIusb\emUSB\USB\Driver
                -IC:\local\Workspace\DC_V04.01.00_int\cu3x1App_SRC\Control\source\application\intercom
                -IC:\local\Workspace\DC_V04.01.00_int\cu3x1App_SRC\Control\source\application\controller
                -IC:\local\Workspace\DC_V04.01.00_int\cu3x1App_SRC\Control\source\application\driver
                -IC:\local\Workspace\DC_V04.01.00_int\cu3x1App_SRC\Control\source\application\webif
                -IC:\local\Workspace\DC_V04.01.00_int\cu3x1App_SRC\Control\source\application\relay
                -IC:\local\Workspace\DC_V04.01.00_int\cu3x1App_SRC\Control\source\application\GENIApp
                -IC:\local\Workspace\DC_V04.01.00_int\cu3x1App_SRC\Control\source\application\alarm
                -IC:\local\Workspace\DC_V04.01.00_int\cu3x1App_SRC\Control\source\application\config
                -IC:\local\Workspace\DC_V04.01.00_int\cu3x1App_SRC\Control\source\application\AnaInConfigCtrl
                -IC:\local\Workspace\DC_V04.01.00_int\cu3x1App_SRC\Control\source\application\Sms
                -IC:\local\Workspace\DC_V04.01.00_int\cu3x1App_SRC\Control\source\application\display
                -IC:\local\Workspace\DC_V04.01.00_int\cu3x1App_SRC\Control\source\application\display\display_task
                -IC:\local\Workspace\DC_V04.01.00_int\cu3x1App_SRC\Control\source\application\display\gui_utility
                -IC:\local\Workspace\DC_V04.01.00_int\cu3x1App_SRC\Control\source\application\display\mpcunit
                -IC:\local\Workspace\DC_V04.01.00_int\cu3x1App_SRC\Control\source\GeniPro
                -IC:\local\Workspace\DC_V04.01.00_int\cu3x1App_SRC\Control\source\GeniPro\GENI_sys
                -IC:\local\Workspace\DC_V04.01.00_int\cu3x1App_SRC\Control\source\GeniPro\GENIbus
                -IC:\local\Workspace\DC_V04.01.00_int\cu3x1App_SRC\Control\source\GeniPro\GENIcom
                -IC:\local\Workspace\DC_V04.01.00_int\cu3x1App_SRC\Control\source\GeniPro\GENIrs232
                -IC:\local\Workspace\DC_V04.01.00_int\cu3x1App_SRC\Control\source\GeniPro\Virtual
                -IC:\local\Workspace\DC_V04.01.00_int\cu3x1Platform_SRC\Platform\common
                -IC:\local\Workspace\DC_V04.01.00_int\cu3x1Platform_SRC\Platform\hardware
                -IC:\local\Workspace\DC_V04.01.00_int\cu3x1Platform_SRC\Platform\hardware\D3018X
                -IC:\local\Workspace\DC_V04.01.00_int\cu3x1App_SRC\Control\source\application\display\imagesTFT
                -IC:\GHS\V35\mips35\mipsl_sf -r4121 -source=GUI_SetLUTColorEx.c
                -o objs\gh_2i07f.o -list=objs\GUI_SetLUTColorEx.lst
                C:\Users\55602\AppData\Local\Temp\gh_2i07f.s
Source File:    C:\Users\55602\AppData\Local\Temp\gh_2i07f.s
Directory:      C:\local\Workspace\DC_V04.01.00_int\cu3x1App_SRC\Control\source
Host OS:        GHS_WIN32
Version:        AS-MIPS 3.5#11 
Release:        MULTI 2000, MIPS v3.5
Revision Date:  Wed Feb 27 12:19:03 2002
Release Date:   Sat Mar 02 02:57:59 2002
                             1	 #Source File:   C:\local\Workspace\DC_V04.01.00_int\cu3x1Platform_SRC\emWinColour\GUI\Core\GUI_SetLUTColorEx.c

                                   Tue Apr 07 08:55:34 2015           Page 2
                                   Tue Apr 07 08:55:33 2015       gh_2i07f.s
                             2	 #Directory:     
                             3	 #		C:\local\Workspace\DC_V04.01.00_int\cu3x1App_SRC\Control\source
                             4	 #Compile Date:  Tue Apr 07 08:55:33 2015
                             5	 #Host OS:       Win32
                             6	 #Version:       C-MIPS 3.5#11 RELEASE VERSION
                             7	 #Release:       MULTI 2000, MIPS v3.5
                             8	 #Revision Date: Fri Mar 01 11:32:40 2002
                             9	 #Release Date:  Sat Mar 02 02:58:48 2002
                            10		.set	noat
                            11		.set	noreorder
                            12		.set	nomacro
                            13		.text
                            14		.align	4
                            15		.globl	GUI_SetLUTColorEx
                            16	GUI_SetLUTColorEx:
        27bdffe8 00000000   17		addiu	$sp, $sp, -24
        afb10004 00000004   18		sw	$17, 4($sp)
                            19	 #	    .bf
        00a08825 00000008   20		move	$17, $5
        afb20008 0000000c   21		sw	$18, 8($sp)
        afb00000 00000010   22		sw	$16, 0($sp)
        309000ff 00000014   23		andi	$16, $4, 255
        00c01825 00000018   24		move	$3, $6
        14600012 0000001c   25		bne	$3, $0, .L2
        afbf0014 00000020   26		sw	$ra, 20($sp)
        0003c0c0 00000024   27		sll	$24, $3, 3
        3c0f0000 00000028   28		lui	$15, %hi(.L26)
        25ef0000 0000002c   29		addiu	$15, $15, %lo(.L26)
        01f89021 00000030   30		addu	$18, $15, $24
        864e0004 00000034   31		lh	$14, 4($18)
        020e682a 00000038   32		slt	$13, $16, $14
        11a0000a 0000003c   33		beq	$13, $0, .L2
        00031880 00000040   34		sll	$3, $3, 2
        03831821 00000044   35		addu	$3, $28, $3
        8c790000 00000048   36		lw	$25, %sdaoff(LCD_aAPI)($3)
        8f39002c 0000004c   37		lw	$25, 44($25)
        0320f809 00000050   38		jalr	$25
        02002025 00000054   39		move	$4, $16
        8e4e0000 00000058   40		lw	$14, 0($18)
        0010c080 0000005c   41		sll	$24, $16, 2
        01d87821 00000060   42		addu	$15, $14, $24
        adf10000 00000064   43		sw	$17, 0($15)
                            44	.L2:
        8fb20008 00000068   45		lw	$18, 8($sp)
                            46	 #	    .ef
        8fb10004 0000006c   47		lw	$17, 4($sp)
        8fbf0014 00000070   48		lw	$ra, 20($sp)
        8fb00000 00000074   49		lw	$16, 0($sp)
        03e00008 00000078   50		jr	$ra
        27bd0018 0000007c   51		addiu	$sp, $sp, 24
                            52		.type	GUI_SetLUTColorEx,@function
                            53		.size	GUI_SetLUTColorEx,.-GUI_SetLUTColorEx
                            54		.align	4
                            55	
                            56	 #Pos	$16	param
                            57	 #Color	$17	param

                                   Tue Apr 07 08:55:34 2015           Page 3
                                   Tue Apr 07 08:55:33 2015       gh_2i07f.s
                            58	 #LayerIndex	$3	param
                            59	
                            60		.data
                            61	.L25:
                            62		.section ".rodata","a"
                            63	.L26:
        00000000 00000000   64	_aLutInfo:	.space	4
            0000 00000004   65		.space	2
            0000 00000006   66		.space	2
                            67		.type	_aLutInfo,@object
                            68		.size	_aLutInfo,8
                            69		.data
                            70		.text
                            71		.align	4
                            72	 #LCD_aAPI	%sdaoff(LCD_aAPI)	import
                            73	 #_aLutInfo	.L26	static
                            74	
                            75		.data
                            76		.section ".rodata","a"
                            77		.align	4
                            78		.text
