
                                   Tue Apr 07 08:55:43 2015           Page 1
                                   Tue Apr 07 08:55:43 2015       gh_2i07m.s
Command Line:   C:\GHS\V35\mips35\asmips.exe -noundefined -elf -b0
                -IC:\local\Workspace\DC_V04.01.00_int\cu3x1Platform_SRC\emWinColour
                -IC:\local\Workspace\DC_V04.01.00_int\cu3x1Platform_SRC\platform\include
                -IC:\local\Workspace\DC_V04.01.00_int\cu3x1Platform_SRC\platform\common
                -IC:\local\Workspace\DC_V04.01.00_int\cu3x1Platform_SRC\platform\hardware
                -IC:\local\Workspace\DC_V04.01.00_int\cu3x1Platform_SRC\platform\hardware\D3018X
                -IC:\local\Workspace\DC_V04.01.00_int\cu3x1Platform_SRC\embos\inc
                -IC:\local\Workspace\DC_V04.01.00_int\cu3x1Platform_SRC\emWinColour\config
                -IC:\local\Workspace\DC_V04.01.00_int\cu3x1Platform_SRC\emWinColour\gui\ConvertMono
                -IC:\local\Workspace\DC_V04.01.00_int\cu3x1Platform_SRC\emWinColour\gui\Core
                -IC:\local\Workspace\DC_V04.01.00_int\cu3x1Platform_SRC\emWinColour\gui\Font
                -IC:\local\Workspace\DC_V04.01.00_int\cu3x1Platform_SRC\emWinColour\gui\LCDDriver
                -IC:\local\Workspace\DC_V04.01.00_int\cu3x1Platform_SRC\emWinColour\gui\MemDev
                -IC:\local\Workspace\DC_V04.01.00_int\cu3x1Platform_SRC\emWinColour\gui\VNC
                -IC:\local\Workspace\DC_V04.01.00_int\cu3x1Platform_SRC\emWinColour\gui\Widget
                -IC:\local\Workspace\DC_V04.01.00_int\cu3x1Platform_SRC\emWinColour\gui\wm
                -IC:\local\Workspace\DC_V04.01.00_int\cu3x1App_SRC\Control\source
                -IC:\local\Workspace\DC_V04.01.00_int\cu3x1App_SRC\Control\source\include
                -IC:\local\Workspace\DC_V04.01.00_int\cu3x1App_SRC\Control\source\util
                -IC:\local\Workspace\DC_V04.01.00_int\cu3x1App_SRC\Control\source\datapoint
                -IC:\local\Workspace\DC_V04.01.00_int\cu3x1App_SRC\Control\source\factory
                -IC:\local\Workspace\DC_V04.01.00_int\cu3x1Platform_SRC\embos
                -IC:\local\Workspace\DC_V04.01.00_int\cu3x1Platform_SRC\emWinColour\gui\core
                -IC:\local\Workspace\DC_V04.01.00_int\cu3x1App_SRC\Control\source\rtip\webpage
                -IC:\local\Workspace\DC_V04.01.00_int\cu3x1App_SRC\Control\source\rtip\config
                -IC:\local\Workspace\DC_V04.01.00_int\cu3x1App_SRC\Control\source\rtip\xnet
                -IC:\local\Workspace\DC_V04.01.00_int\cu3x1App_SRC\Control\source\stub
                -IC:\local\Workspace\DC_V04.01.00_int\cu3x1App_SRC\Control\source\test
                -IC:\local\Workspace\DC_V04.01.00_int\cu3x1App_SRC\Control\source\GENIpro
                -IC:\local\Workspace\DC_V04.01.00_int\cu3x1App_SRC\Control\source\GENIpro\GENI_sys
                -IC:\local\Workspace\DC_V04.01.00_int\cu3x1App_SRC\Control\source\GENIpro\GENIusb\emUSB\USB\Driver
                -IC:\local\Workspace\DC_V04.01.00_int\cu3x1App_SRC\Control\source\application\intercom
                -IC:\local\Workspace\DC_V04.01.00_int\cu3x1App_SRC\Control\source\application\controller
                -IC:\local\Workspace\DC_V04.01.00_int\cu3x1App_SRC\Control\source\application\driver
                -IC:\local\Workspace\DC_V04.01.00_int\cu3x1App_SRC\Control\source\application\webif
                -IC:\local\Workspace\DC_V04.01.00_int\cu3x1App_SRC\Control\source\application\relay
                -IC:\local\Workspace\DC_V04.01.00_int\cu3x1App_SRC\Control\source\application\GENIApp
                -IC:\local\Workspace\DC_V04.01.00_int\cu3x1App_SRC\Control\source\application\alarm
                -IC:\local\Workspace\DC_V04.01.00_int\cu3x1App_SRC\Control\source\application\config
                -IC:\local\Workspace\DC_V04.01.00_int\cu3x1App_SRC\Control\source\application\AnaInConfigCtrl
                -IC:\local\Workspace\DC_V04.01.00_int\cu3x1App_SRC\Control\source\application\Sms
                -IC:\local\Workspace\DC_V04.01.00_int\cu3x1App_SRC\Control\source\application\display
                -IC:\local\Workspace\DC_V04.01.00_int\cu3x1App_SRC\Control\source\application\display\display_task
                -IC:\local\Workspace\DC_V04.01.00_int\cu3x1App_SRC\Control\source\application\display\gui_utility
                -IC:\local\Workspace\DC_V04.01.00_int\cu3x1App_SRC\Control\source\application\display\mpcunit
                -IC:\local\Workspace\DC_V04.01.00_int\cu3x1App_SRC\Control\source\GeniPro
                -IC:\local\Workspace\DC_V04.01.00_int\cu3x1App_SRC\Control\source\GeniPro\GENI_sys
                -IC:\local\Workspace\DC_V04.01.00_int\cu3x1App_SRC\Control\source\GeniPro\GENIbus
                -IC:\local\Workspace\DC_V04.01.00_int\cu3x1App_SRC\Control\source\GeniPro\GENIcom
                -IC:\local\Workspace\DC_V04.01.00_int\cu3x1App_SRC\Control\source\GeniPro\GENIrs232
                -IC:\local\Workspace\DC_V04.01.00_int\cu3x1App_SRC\Control\source\GeniPro\Virtual
                -IC:\local\Workspace\DC_V04.01.00_int\cu3x1Platform_SRC\Platform\common
                -IC:\local\Workspace\DC_V04.01.00_int\cu3x1Platform_SRC\Platform\hardware
                -IC:\local\Workspace\DC_V04.01.00_int\cu3x1Platform_SRC\Platform\hardware\D3018X
                -IC:\local\Workspace\DC_V04.01.00_int\cu3x1App_SRC\Control\source\application\display\imagesTFT
                -IC:\GHS\V35\mips35\mipsl_sf -r4121 -source=GUI_SIF.c -o
                objs\gh_2i07m.o -list=objs\GUI_SIF.lst
                C:\Users\55602\AppData\Local\Temp\gh_2i07m.s
Source File:    C:\Users\55602\AppData\Local\Temp\gh_2i07m.s
Directory:      C:\local\Workspace\DC_V04.01.00_int\cu3x1App_SRC\Control\source
Host OS:        GHS_WIN32
Version:        AS-MIPS 3.5#11 
Release:        MULTI 2000, MIPS v3.5
Revision Date:  Wed Feb 27 12:19:03 2002
Release Date:   Sat Mar 02 02:57:59 2002
                             1	 #Source File:   C:\local\Workspace\DC_V04.01.00_int\cu3x1Platform_SRC\emWinColour\GUI\Core\GUI_SIF.c

                                   Tue Apr 07 08:55:43 2015           Page 2
                                   Tue Apr 07 08:55:43 2015       gh_2i07m.s
                             2	 #Directory:     
                             3	 #		C:\local\Workspace\DC_V04.01.00_int\cu3x1App_SRC\Control\source
                             4	 #Compile Date:  Tue Apr 07 08:55:43 2015
                             5	 #Host OS:       Win32
                             6	 #Version:       C-MIPS 3.5#11 RELEASE VERSION
                             7	 #Release:       MULTI 2000, MIPS v3.5
                             8	 #Revision Date: Fri Mar 01 11:32:40 2002
                             9	 #Release Date:  Sat Mar 02 02:58:48 2002
                            10		.set	noat
                            11		.set	noreorder
                            12		.set	nomacro
                            13		.text
                            14		.align	4
                            15		.globl	GUI_SIF__GetpCharInfo
                            16	GUI_SIF__GetpCharInfo:
        27bdffd0 00000000   17		addiu	$sp, $sp, -48
        afbf002c 00000004   18		sw	$ra, 44($sp)
        afb60018 00000008   19		sw	$22, 24($sp)
        afb50014 0000000c   20		sw	$21, 20($sp)
        afb40010 00000010   21		sw	$20, 16($sp)
        afb3000c 00000014   22		sw	$19, 12($sp)
        afb20008 00000018   23		sw	$18, 8($sp)
        afb10004 0000001c   24		sw	$17, 4($sp)
        afb00000 00000020   25		sw	$16, 0($sp)
        00808025 00000024   26		move	$16, $4
                            27	 #	    .bf
        8e180018 00000028   28		lw	$24, 24($16)
        30b1ffff 0000002c   29		andi	$17, $5, 65535
        27a40024 00000030   30		addiu	$4, $sp, 36
        2719000e 00000034   31		addiu	$25, $24, 14
        0c000000 00000038   32		jal	GUI__Read16
        afb90024 0000003c   33		sw	$25, 36($sp)
        8e030018 00000040   34		lw	$3, 24($16)
        0040a825 00000044   35		move	$21, $2
        00157080 00000048   36		sll	$14, $21, 2
        006e6821 0000004c   37		addu	$13, $3, $14
        25b20010 00000050   38		addiu	$18, $13, 16
        246f0010 00000054   39		addiu	$15, $3, 16
        02a0b025 00000058   40		move	$22, $21
        0016a0c2 0000005c   41		srl	$20, $22, 3
        12800135 00000060   42		beq	$20, $0, .L40
        afaf0020 00000064   43		sw	$15, 32($sp)
        27b30020 00000068   44		addiu	$19, $sp, 32
                            45	.L41:
        0c000000 0000006c   46		jal	GUI__Read16
        02602025 00000070   47		move	$4, $19
        3c0cffff 00000074   48		lui	$12, 65535
        020c8024 00000078   49		and	$16, $16, $12
        02028025 0000007c   50		or	$16, $16, $2
        0c000000 00000080   51		jal	GUI__Read16
        02602025 00000084   52		move	$4, $19
        3219ffff 00000088   53		andi	$25, $16, 65535
        00021c00 0000008c   54		sll	$3, $2, 16
        03238025 00000090   55		or	$16, $25, $3
        3203ffff 00000094   56		andi	$3, $16, 65535
        0223702b 00000098   57		sltu	$14, $17, $3

                                   Tue Apr 07 08:55:43 2015           Page 3
                                   Tue Apr 07 08:55:43 2015       gh_2i07m.s
        15c00012 0000009c   58		bne	$14, $0, .L45
        00106c02 000000a0   59		srl	$13, $16, 16
        01b1c02b 000000a4   60		sltu	$24, $13, $17
        1700000f 000000a8   61		bne	$24, $0, .L45
        02237823 000000ac   62		subu	$15, $17, $3
        000f6880 000000b0   63		sll	$13, $15, 2
        01af7023 000000b4   64		subu	$14, $13, $15
        000e7080 000000b8   65		sll	$14, $14, 2
        024e1021 000000bc   66		addu	$2, $18, $14
        8fb40010 000000c0   67		lw	$20, 16($sp)
        8fb3000c 000000c4   68		lw	$19, 12($sp)
        8fb20008 000000c8   69		lw	$18, 8($sp)
        8fb10004 000000cc   70		lw	$17, 4($sp)
        8fb00000 000000d0   71		lw	$16, 0($sp)
        8fbf002c 000000d4   72		lw	$ra, 44($sp)
        8fb50014 000000d8   73		lw	$21, 20($sp)
        8fb60018 000000dc   74		lw	$22, 24($sp)
        03e00008 000000e0   75		jr	$ra
        27bd0030 000000e4   76		addiu	$sp, $sp, 48
                            77	.L45:
        0010cc02 000000e8   78		srl	$25, $16, 16
        03237823 000000ec   79		subu	$15, $25, $3
        25ee0001 000000f0   80		addiu	$14, $15, 1
        000ec880 000000f4   81		sll	$25, $14, 2
        032e6823 000000f8   82		subu	$13, $25, $14
        000d6880 000000fc   83		sll	$13, $13, 2
        024d9021 00000100   84		addu	$18, $18, $13
        0c000000 00000104   85		jal	GUI__Read16
        02602025 00000108   86		move	$4, $19
        3c0cffff 0000010c   87		lui	$12, 65535
        020c8024 00000110   88		and	$16, $16, $12
        02028025 00000114   89		or	$16, $16, $2
        0c000000 00000118   90		jal	GUI__Read16
        02602025 0000011c   91		move	$4, $19
        3219ffff 00000120   92		andi	$25, $16, 65535
        00021c00 00000124   93		sll	$3, $2, 16
        03238025 00000128   94		or	$16, $25, $3
        3203ffff 0000012c   95		andi	$3, $16, 65535
        0223702b 00000130   96		sltu	$14, $17, $3
        15c00012 00000134   97		bne	$14, $0, .L49
        00106c02 00000138   98		srl	$13, $16, 16
        01b1c02b 0000013c   99		sltu	$24, $13, $17
        1700000f 00000140  100		bne	$24, $0, .L49
        02237823 00000144  101		subu	$15, $17, $3
        000f6880 00000148  102		sll	$13, $15, 2
        01af7023 0000014c  103		subu	$14, $13, $15
        000e7080 00000150  104		sll	$14, $14, 2
        024e1021 00000154  105		addu	$2, $18, $14
        8fb40010 00000158  106		lw	$20, 16($sp)
        8fb3000c 0000015c  107		lw	$19, 12($sp)
        8fb20008 00000160  108		lw	$18, 8($sp)
        8fb10004 00000164  109		lw	$17, 4($sp)
        8fb00000 00000168  110		lw	$16, 0($sp)
        8fbf002c 0000016c  111		lw	$ra, 44($sp)
        8fb50014 00000170  112		lw	$21, 20($sp)
        8fb60018 00000174  113		lw	$22, 24($sp)

                                   Tue Apr 07 08:55:43 2015           Page 4
                                   Tue Apr 07 08:55:43 2015       gh_2i07m.s
        03e00008 00000178  114		jr	$ra
        27bd0030 0000017c  115		addiu	$sp, $sp, 48
                           116	.L49:
        0010cc02 00000180  117		srl	$25, $16, 16
        03237823 00000184  118		subu	$15, $25, $3
        25ee0001 00000188  119		addiu	$14, $15, 1
        000ec880 0000018c  120		sll	$25, $14, 2
        032e6823 00000190  121		subu	$13, $25, $14
        000d6880 00000194  122		sll	$13, $13, 2
        024d9021 00000198  123		addu	$18, $18, $13
        0c000000 0000019c  124		jal	GUI__Read16
        02602025 000001a0  125		move	$4, $19
        3c0cffff 000001a4  126		lui	$12, 65535
        020c8024 000001a8  127		and	$16, $16, $12
        02028025 000001ac  128		or	$16, $16, $2
        0c000000 000001b0  129		jal	GUI__Read16
        02602025 000001b4  130		move	$4, $19
        3219ffff 000001b8  131		andi	$25, $16, 65535
        00021c00 000001bc  132		sll	$3, $2, 16
        03238025 000001c0  133		or	$16, $25, $3
        3203ffff 000001c4  134		andi	$3, $16, 65535
        0223702b 000001c8  135		sltu	$14, $17, $3
        15c00012 000001cc  136		bne	$14, $0, .L53
        00106c02 000001d0  137		srl	$13, $16, 16
        01b1c02b 000001d4  138		sltu	$24, $13, $17
        1700000f 000001d8  139		bne	$24, $0, .L53
        02237823 000001dc  140		subu	$15, $17, $3
        000f6880 000001e0  141		sll	$13, $15, 2
        01af7023 000001e4  142		subu	$14, $13, $15
        000e7080 000001e8  143		sll	$14, $14, 2
        024e1021 000001ec  144		addu	$2, $18, $14
        8fb40010 000001f0  145		lw	$20, 16($sp)
        8fb3000c 000001f4  146		lw	$19, 12($sp)
        8fb20008 000001f8  147		lw	$18, 8($sp)
        8fb10004 000001fc  148		lw	$17, 4($sp)
        8fb00000 00000200  149		lw	$16, 0($sp)
        8fbf002c 00000204  150		lw	$ra, 44($sp)
        8fb50014 00000208  151		lw	$21, 20($sp)
        8fb60018 0000020c  152		lw	$22, 24($sp)
        03e00008 00000210  153		jr	$ra
        27bd0030 00000214  154		addiu	$sp, $sp, 48
                           155	.L53:
        0010cc02 00000218  156		srl	$25, $16, 16
        03237823 0000021c  157		subu	$15, $25, $3
        25ee0001 00000220  158		addiu	$14, $15, 1
        000ec880 00000224  159		sll	$25, $14, 2
        032e6823 00000228  160		subu	$13, $25, $14
        000d6880 0000022c  161		sll	$13, $13, 2
        024d9021 00000230  162		addu	$18, $18, $13
        0c000000 00000234  163		jal	GUI__Read16
        02602025 00000238  164		move	$4, $19
        3c0cffff 0000023c  165		lui	$12, 65535
        020c8024 00000240  166		and	$16, $16, $12
        02028025 00000244  167		or	$16, $16, $2
        0c000000 00000248  168		jal	GUI__Read16
        02602025 0000024c  169		move	$4, $19

                                   Tue Apr 07 08:55:43 2015           Page 5
                                   Tue Apr 07 08:55:43 2015       gh_2i07m.s
        3219ffff 00000250  170		andi	$25, $16, 65535
        00021c00 00000254  171		sll	$3, $2, 16
        03238025 00000258  172		or	$16, $25, $3
        3203ffff 0000025c  173		andi	$3, $16, 65535
        0223702b 00000260  174		sltu	$14, $17, $3
        15c00012 00000264  175		bne	$14, $0, .L57
        00106c02 00000268  176		srl	$13, $16, 16
        01b1c02b 0000026c  177		sltu	$24, $13, $17
        1700000f 00000270  178		bne	$24, $0, .L57
        02237823 00000274  179		subu	$15, $17, $3
        000f6880 00000278  180		sll	$13, $15, 2
        01af7023 0000027c  181		subu	$14, $13, $15
        000e7080 00000280  182		sll	$14, $14, 2
        024e1021 00000284  183		addu	$2, $18, $14
        8fb40010 00000288  184		lw	$20, 16($sp)
        8fb3000c 0000028c  185		lw	$19, 12($sp)
        8fb20008 00000290  186		lw	$18, 8($sp)
        8fb10004 00000294  187		lw	$17, 4($sp)
        8fb00000 00000298  188		lw	$16, 0($sp)
        8fbf002c 0000029c  189		lw	$ra, 44($sp)
        8fb50014 000002a0  190		lw	$21, 20($sp)
        8fb60018 000002a4  191		lw	$22, 24($sp)
        03e00008 000002a8  192		jr	$ra
        27bd0030 000002ac  193		addiu	$sp, $sp, 48
                           194	.L57:
        0010cc02 000002b0  195		srl	$25, $16, 16
        03237823 000002b4  196		subu	$15, $25, $3
        25ee0001 000002b8  197		addiu	$14, $15, 1
        000ec880 000002bc  198		sll	$25, $14, 2
        032e6823 000002c0  199		subu	$13, $25, $14
        000d6880 000002c4  200		sll	$13, $13, 2
        024d9021 000002c8  201		addu	$18, $18, $13
        0c000000 000002cc  202		jal	GUI__Read16
        02602025 000002d0  203		move	$4, $19
        3c0cffff 000002d4  204		lui	$12, 65535
        020c8024 000002d8  205		and	$16, $16, $12
        02028025 000002dc  206		or	$16, $16, $2
        0c000000 000002e0  207		jal	GUI__Read16
        02602025 000002e4  208		move	$4, $19
        3219ffff 000002e8  209		andi	$25, $16, 65535
        00021c00 000002ec  210		sll	$3, $2, 16
        03238025 000002f0  211		or	$16, $25, $3
        3203ffff 000002f4  212		andi	$3, $16, 65535
        0223702b 000002f8  213		sltu	$14, $17, $3
        15c00012 000002fc  214		bne	$14, $0, .L61
        00106c02 00000300  215		srl	$13, $16, 16
        01b1c02b 00000304  216		sltu	$24, $13, $17
        1700000f 00000308  217		bne	$24, $0, .L61
        02237823 0000030c  218		subu	$15, $17, $3
        000f6880 00000310  219		sll	$13, $15, 2
        01af7023 00000314  220		subu	$14, $13, $15
        000e7080 00000318  221		sll	$14, $14, 2
        024e1021 0000031c  222		addu	$2, $18, $14
        8fb40010 00000320  223		lw	$20, 16($sp)
        8fb3000c 00000324  224		lw	$19, 12($sp)
        8fb20008 00000328  225		lw	$18, 8($sp)

                                   Tue Apr 07 08:55:43 2015           Page 6
                                   Tue Apr 07 08:55:43 2015       gh_2i07m.s
        8fb10004 0000032c  226		lw	$17, 4($sp)
        8fb00000 00000330  227		lw	$16, 0($sp)
        8fbf002c 00000334  228		lw	$ra, 44($sp)
        8fb50014 00000338  229		lw	$21, 20($sp)
        8fb60018 0000033c  230		lw	$22, 24($sp)
        03e00008 00000340  231		jr	$ra
        27bd0030 00000344  232		addiu	$sp, $sp, 48
                           233	.L61:
        0010cc02 00000348  234		srl	$25, $16, 16
        03237823 0000034c  235		subu	$15, $25, $3
        25ee0001 00000350  236		addiu	$14, $15, 1
        000ec880 00000354  237		sll	$25, $14, 2
        032e6823 00000358  238		subu	$13, $25, $14
        000d6880 0000035c  239		sll	$13, $13, 2
        024d9021 00000360  240		addu	$18, $18, $13
        0c000000 00000364  241		jal	GUI__Read16
        02602025 00000368  242		move	$4, $19
        3c0cffff 0000036c  243		lui	$12, 65535
        020c8024 00000370  244		and	$16, $16, $12
        02028025 00000374  245		or	$16, $16, $2
        0c000000 00000378  246		jal	GUI__Read16
        02602025 0000037c  247		move	$4, $19
        3219ffff 00000380  248		andi	$25, $16, 65535
        00021c00 00000384  249		sll	$3, $2, 16
        03238025 00000388  250		or	$16, $25, $3
        3203ffff 0000038c  251		andi	$3, $16, 65535
        0223702b 00000390  252		sltu	$14, $17, $3
        15c00012 00000394  253		bne	$14, $0, .L65
        00106c02 00000398  254		srl	$13, $16, 16
        01b1c02b 0000039c  255		sltu	$24, $13, $17
        1700000f 000003a0  256		bne	$24, $0, .L65
        02237823 000003a4  257		subu	$15, $17, $3
        000f6880 000003a8  258		sll	$13, $15, 2
        01af7023 000003ac  259		subu	$14, $13, $15
        000e7080 000003b0  260		sll	$14, $14, 2
        024e1021 000003b4  261		addu	$2, $18, $14
        8fb40010 000003b8  262		lw	$20, 16($sp)
        8fb3000c 000003bc  263		lw	$19, 12($sp)
        8fb20008 000003c0  264		lw	$18, 8($sp)
        8fb10004 000003c4  265		lw	$17, 4($sp)
        8fb00000 000003c8  266		lw	$16, 0($sp)
        8fbf002c 000003cc  267		lw	$ra, 44($sp)
        8fb50014 000003d0  268		lw	$21, 20($sp)
        8fb60018 000003d4  269		lw	$22, 24($sp)
        03e00008 000003d8  270		jr	$ra
        27bd0030 000003dc  271		addiu	$sp, $sp, 48
                           272	.L65:
        0010cc02 000003e0  273		srl	$25, $16, 16
        03237823 000003e4  274		subu	$15, $25, $3
        25ee0001 000003e8  275		addiu	$14, $15, 1
        000ec880 000003ec  276		sll	$25, $14, 2
        032e6823 000003f0  277		subu	$13, $25, $14
        000d6880 000003f4  278		sll	$13, $13, 2
        024d9021 000003f8  279		addu	$18, $18, $13
        0c000000 000003fc  280		jal	GUI__Read16
        02602025 00000400  281		move	$4, $19

                                   Tue Apr 07 08:55:43 2015           Page 7
                                   Tue Apr 07 08:55:43 2015       gh_2i07m.s
        3c0cffff 00000404  282		lui	$12, 65535
        020c8024 00000408  283		and	$16, $16, $12
        02028025 0000040c  284		or	$16, $16, $2
        0c000000 00000410  285		jal	GUI__Read16
        02602025 00000414  286		move	$4, $19
        3219ffff 00000418  287		andi	$25, $16, 65535
        00021c00 0000041c  288		sll	$3, $2, 16
        03238025 00000420  289		or	$16, $25, $3
        3203ffff 00000424  290		andi	$3, $16, 65535
        0223702b 00000428  291		sltu	$14, $17, $3
        15c00012 0000042c  292		bne	$14, $0, .L69
        00106c02 00000430  293		srl	$13, $16, 16
        01b1c02b 00000434  294		sltu	$24, $13, $17
        1700000f 00000438  295		bne	$24, $0, .L69
        02237823 0000043c  296		subu	$15, $17, $3
        000f6880 00000440  297		sll	$13, $15, 2
        01af7023 00000444  298		subu	$14, $13, $15
        000e7080 00000448  299		sll	$14, $14, 2
        024e1021 0000044c  300		addu	$2, $18, $14
        8fb40010 00000450  301		lw	$20, 16($sp)
        8fb3000c 00000454  302		lw	$19, 12($sp)
        8fb20008 00000458  303		lw	$18, 8($sp)
        8fb10004 0000045c  304		lw	$17, 4($sp)
        8fb00000 00000460  305		lw	$16, 0($sp)
        8fbf002c 00000464  306		lw	$ra, 44($sp)
        8fb50014 00000468  307		lw	$21, 20($sp)
        8fb60018 0000046c  308		lw	$22, 24($sp)
        03e00008 00000470  309		jr	$ra
        27bd0030 00000474  310		addiu	$sp, $sp, 48
                           311	.L69:
        0010cc02 00000478  312		srl	$25, $16, 16
        03237823 0000047c  313		subu	$15, $25, $3
        25ee0001 00000480  314		addiu	$14, $15, 1
        000ec880 00000484  315		sll	$25, $14, 2
        032e6823 00000488  316		subu	$13, $25, $14
        000d6880 0000048c  317		sll	$13, $13, 2
        024d9021 00000490  318		addu	$18, $18, $13
        0c000000 00000494  319		jal	GUI__Read16
        02602025 00000498  320		move	$4, $19
        3c0cffff 0000049c  321		lui	$12, 65535
        020c8024 000004a0  322		and	$16, $16, $12
        02028025 000004a4  323		or	$16, $16, $2
        0c000000 000004a8  324		jal	GUI__Read16
        02602025 000004ac  325		move	$4, $19
        3219ffff 000004b0  326		andi	$25, $16, 65535
        00021c00 000004b4  327		sll	$3, $2, 16
        03238025 000004b8  328		or	$16, $25, $3
        3203ffff 000004bc  329		andi	$3, $16, 65535
        0223702b 000004c0  330		sltu	$14, $17, $3
        15c00012 000004c4  331		bne	$14, $0, .L72
        00106c02 000004c8  332		srl	$13, $16, 16
        01b1c02b 000004cc  333		sltu	$24, $13, $17
        1700000f 000004d0  334		bne	$24, $0, .L72
        02237823 000004d4  335		subu	$15, $17, $3
        000f6880 000004d8  336		sll	$13, $15, 2
        01af7023 000004dc  337		subu	$14, $13, $15

                                   Tue Apr 07 08:55:43 2015           Page 8
                                   Tue Apr 07 08:55:43 2015       gh_2i07m.s
        000e7080 000004e0  338		sll	$14, $14, 2
        024e1021 000004e4  339		addu	$2, $18, $14
        8fb40010 000004e8  340		lw	$20, 16($sp)
        8fb3000c 000004ec  341		lw	$19, 12($sp)
        8fb20008 000004f0  342		lw	$18, 8($sp)
        8fb10004 000004f4  343		lw	$17, 4($sp)
        8fb00000 000004f8  344		lw	$16, 0($sp)
        8fbf002c 000004fc  345		lw	$ra, 44($sp)
        8fb50014 00000500  346		lw	$21, 20($sp)
        8fb60018 00000504  347		lw	$22, 24($sp)
        03e00008 00000508  348		jr	$ra
        27bd0030 0000050c  349		addiu	$sp, $sp, 48
                           350	.L72:
        26b5fff8 00000510  351		addiu	$21, $21, -8
        0010cc02 00000514  352		srl	$25, $16, 16
        03237823 00000518  353		subu	$15, $25, $3
        25ee0001 0000051c  354		addiu	$14, $15, 1
        000ec880 00000520  355		sll	$25, $14, 2
        032e6823 00000524  356		subu	$13, $25, $14
        000d6880 00000528  357		sll	$13, $13, 2
        2694ffff 0000052c  358		addiu	$20, $20, -1
        1680fece 00000530  359		bne	$20, $0, .L41
        024d9021 00000534  360		addu	$18, $18, $13
                           361	.L40:
        32d40007 00000538  362		andi	$20, $22, 7
        1280002a 0000053c  363		beq	$20, $0, .L15
        27b30020 00000540  364		addiu	$19, $sp, 32
                           365	.L75:
        0c000000 00000544  366		jal	GUI__Read16
        02602025 00000548  367		move	$4, $19
        3c0cffff 0000054c  368		lui	$12, 65535
        020c8024 00000550  369		and	$16, $16, $12
        02028025 00000554  370		or	$16, $16, $2
        0c000000 00000558  371		jal	GUI__Read16
        02602025 0000055c  372		move	$4, $19
        3219ffff 00000560  373		andi	$25, $16, 65535
        00021c00 00000564  374		sll	$3, $2, 16
        03238025 00000568  375		or	$16, $25, $3
        3203ffff 0000056c  376		andi	$3, $16, 65535
        0223c82b 00000570  377		sltu	$25, $17, $3
        17200012 00000574  378		bne	$25, $0, .L78
        0010c402 00000578  379		srl	$24, $16, 16
        0311702b 0000057c  380		sltu	$14, $24, $17
        15c0000f 00000580  381		bne	$14, $0, .L78
        02236823 00000584  382		subu	$13, $17, $3
        000dc080 00000588  383		sll	$24, $13, 2
        030dc823 0000058c  384		subu	$25, $24, $13
        0019c880 00000590  385		sll	$25, $25, 2
        02591021 00000594  386		addu	$2, $18, $25
        8fb40010 00000598  387		lw	$20, 16($sp)
        8fb3000c 0000059c  388		lw	$19, 12($sp)
        8fb20008 000005a0  389		lw	$18, 8($sp)
        8fb10004 000005a4  390		lw	$17, 4($sp)
        8fb00000 000005a8  391		lw	$16, 0($sp)
        8fbf002c 000005ac  392		lw	$ra, 44($sp)
        8fb50014 000005b0  393		lw	$21, 20($sp)

                                   Tue Apr 07 08:55:43 2015           Page 9
                                   Tue Apr 07 08:55:43 2015       gh_2i07m.s
        8fb60018 000005b4  394		lw	$22, 24($sp)
        03e00008 000005b8  395		jr	$ra
        27bd0030 000005bc  396		addiu	$sp, $sp, 48
                           397	.L78:
        26b5ffff 000005c0  398		addiu	$21, $21, -1
        00107c02 000005c4  399		srl	$15, $16, 16
        01e36823 000005c8  400		subu	$13, $15, $3
        25b90001 000005cc  401		addiu	$25, $13, 1
        00197880 000005d0  402		sll	$15, $25, 2
        01f9c023 000005d4  403		subu	$24, $15, $25
        0018c080 000005d8  404		sll	$24, $24, 2
        2694ffff 000005dc  405		addiu	$20, $20, -1
        1680ffd8 000005e0  406		bne	$20, $0, .L75
        02589021 000005e4  407		addu	$18, $18, $24
                           408	.L15:
        8fb60018 000005e8  409		lw	$22, 24($sp)
                           410	 #	    .ef
        8fb50014 000005ec  411		lw	$21, 20($sp)
        8fbf002c 000005f0  412		lw	$ra, 44($sp)
        8fb00000 000005f4  413		lw	$16, 0($sp)
        8fb10004 000005f8  414		lw	$17, 4($sp)
        8fb20008 000005fc  415		lw	$18, 8($sp)
        8fb3000c 00000600  416		lw	$19, 12($sp)
        8fb40010 00000604  417		lw	$20, 16($sp)
        27bd0030 00000608  418		addiu	$sp, $sp, 48
        03e00008 0000060c  419		jr	$ra
        34020000 00000610  420		ori	$2, $0, 0
                           421		.type	GUI_SIF__GetpCharInfo,@function
                           422		.size	GUI_SIF__GetpCharInfo,.-GUI_SIF__GetpCharInfo
                           423		.align	4
                           424	 #pCharArea	32($sp)	local
                           425	 #pCharInfo	$18	local
                           426	 #NumCharAreas	$21	local
                           427	 #pData	36($sp)	local
                           428	 #CharArea	$16	local
                           429	
                           430	 #pFont	$16	param
                           431	 #c	$17	param
                           432	
                           433		.data
                           434	.L171:
                           435		.text
                           436		.align	4
                           437		.align	4
                           438		.align	4
                           439		.globl	GUI_SIF__GetCharDistX
                           440	GUI_SIF__GetCharDistX:
        27bdfff0 00000614  441		addiu	$sp, $sp, -16
                           442	 #	    .bf
        afbf000c 00000618  443		sw	$ra, 12($sp)
        3085ffff 0000061c  444		andi	$5, $4, 65535
        afb00000 00000620  445		sw	$16, 0($sp)
        34100000 00000624  446		ori	$16, $0, 0
        3c010000 00000628  447		lui	$1, %hi(GUI_Context+28)
        0c000000 0000062c  448		jal	GUI_SIF__GetpCharInfo
        8c240000 00000630  449		lw	$4, %lo(GUI_Context+28)($1)

                                   Tue Apr 07 08:55:43 2015           Page 10
                                   Tue Apr 07 08:55:43 2015       gh_2i07m.s
        10400006 00000634  450		beq	$2, $0, .L245
        afa20004 00000638  451		sw	$2, 4($sp)
        244f0002 0000063c  452		addiu	$15, $2, 2
        afaf0004 00000640  453		sw	$15, 4($sp)
        0c000000 00000644  454		jal	GUI__Read16
        27a40004 00000648  455		addiu	$4, $sp, 4
        00408025 0000064c  456		move	$16, $2
                           457	.L245:
        02001025 00000650  458		move	$2, $16
                           459	 #	    .ef
        8fb00000 00000654  460		lw	$16, 0($sp)
        8fbf000c 00000658  461		lw	$ra, 12($sp)
        03e00008 0000065c  462		jr	$ra
        27bd0010 00000660  463		addiu	$sp, $sp, 16
                           464		.type	GUI_SIF__GetCharDistX,@function
                           465		.size	GUI_SIF__GetCharDistX,.-GUI_SIF__GetCharDistX
                           466		.align	4
                           467	 #pCharInfo	4($sp)	local
                           468	 #DistX	$16	local
                           469	
                           470	 #c	$5	param
                           471	
                           472		.data
                           473	.L264:
                           474		.text
                           475		.align	4
                           476		.align	4
                           477		.globl	GUI_SIF__GetFontInfo
                           478	GUI_SIF__GetFontInfo:
        27bdffe8 00000664  479		addiu	$sp, $sp, -24
        afbf0014 00000668  480		sw	$ra, 20($sp)
        afb10004 0000066c  481		sw	$17, 4($sp)
        afb00000 00000670  482		sw	$16, 0($sp)
                           483	 #	    .bf
        8c980018 00000674  484		lw	$24, 24($4)
        00a08025 00000678  485		move	$16, $5
        27b1000c 0000067c  486		addiu	$17, $sp, 12
        27190004 00000680  487		addiu	$25, $24, 4
        afb9000c 00000684  488		sw	$25, 12($sp)
        0c000000 00000688  489		jal	GUI__Read16
        02202025 0000068c  490		move	$4, $17
        a2020002 00000690  491		sb	$2, 2($16)
        0c000000 00000694  492		jal	GUI__Read16
        02202025 00000698  493		move	$4, $17
        a2020003 0000069c  494		sb	$2, 3($16)
        0c000000 000006a0  495		jal	GUI__Read16
        02202025 000006a4  496		move	$4, $17
        a2020004 000006a8  497		sb	$2, 4($16)
        340f0001 000006ac  498		ori	$15, $0, 1
        a60f0000 000006b0  499		sh	$15, 0($16)
                           500	 #	    .ef
        8fb10004 000006b4  501		lw	$17, 4($sp)
        8fb00000 000006b8  502		lw	$16, 0($sp)
        8fbf0014 000006bc  503		lw	$ra, 20($sp)
        03e00008 000006c0  504		jr	$ra
        27bd0018 000006c4  505		addiu	$sp, $sp, 24

                                   Tue Apr 07 08:55:43 2015           Page 11
                                   Tue Apr 07 08:55:43 2015       gh_2i07m.s
                           506		.type	GUI_SIF__GetFontInfo,@function
                           507		.size	GUI_SIF__GetFontInfo,.-GUI_SIF__GetFontInfo
                           508		.align	4
                           509	 #pData	12($sp)	local
                           510	
                           511	 #pFont	$4	param
                           512	 #pfi	$16	param
                           513	
                           514		.data
                           515	.L287:
                           516		.text
                           517		.align	4
                           518		.align	4
                           519		.globl	GUI_SIF__IsInFont
                           520	GUI_SIF__IsInFont:
        27bdfff8 000006c8  521		addiu	$sp, $sp, -8
                           522	 #	    .bf
        afbf0004 000006cc  523		sw	$ra, 4($sp)
        30a5ffff 000006d0  524		andi	$5, $5, 65535
        3c010000 000006d4  525		lui	$1, %hi(GUI_Context+28)
        0c000000 000006d8  526		jal	GUI_SIF__GetpCharInfo
        8c240000 000006dc  527		lw	$4, %lo(GUI_Context+28)($1)
                           528	 #	    .ef
        8fbf0004 000006e0  529		lw	$ra, 4($sp)
        27bd0008 000006e4  530		addiu	$sp, $sp, 8
        0002c82b 000006e8  531		sltu	$25, $0, $2
        00191600 000006ec  532		sll	$2, $25, 24
        03e00008 000006f0  533		jr	$ra
        00021603 000006f4  534		sra	$2, $2, 24
                           535		.type	GUI_SIF__IsInFont,@function
                           536		.size	GUI_SIF__IsInFont,.-GUI_SIF__IsInFont
                           537		.align	4
                           538	
                           539	 #pFont	none	param
                           540	 #c	$5	param
                           541	
                           542		.data
                           543	.L309:
                           544		.text
                           545		.align	4
                           546		.align	4
                           547		.globl	GUI_SIF_CreateFont
                           548	GUI_SIF_CreateFont:
        27bdffe8 000006f8  549		addiu	$sp, $sp, -24
                           550	 #	    .bf
        afb10004 000006fc  551		sw	$17, 4($sp)
        00c08825 00000700  552		move	$17, $6
        afa4000c 00000704  553		sw	$4, 12($sp)
        afbf0014 00000708  554		sw	$ra, 20($sp)
        afb00000 0000070c  555		sw	$16, 0($sp)
        00a08025 00000710  556		move	$16, $5
        afb20008 00000714  557		sw	$18, 8($sp)
        ae040018 00000718  558		sw	$4, 24($16)
        27b2000c 0000071c  559		addiu	$18, $sp, 12
        0c000000 00000720  560		jal	GUI__Read32
        02402025 00000724  561		move	$4, $18

                                   Tue Apr 07 08:55:43 2015           Page 12
                                   Tue Apr 07 08:55:43 2015       gh_2i07m.s
        3c195049 00000728  562		lui	$25, 20553
        37395547 0000072c  563		ori	$25, $25, 21831
        5459001f 00000730  564		bnel	$2, $25, .L1000315
        8fb20008 00000734  565		lw	$18, 8($sp)
        0c000000 00000738  566		jal	GUI__Read16
        02402025 0000073c  567		move	$4, $18
        a2020014 00000740  568		sb	$2, 20($16)
        0c000000 00000744  569		jal	GUI__Read16
        02402025 00000748  570		move	$4, $18
        a2020015 0000074c  571		sb	$2, 21($16)
        0c000000 00000750  572		jal	GUI__Read16
        02402025 00000754  573		move	$4, $18
        a202001c 00000758  574		sb	$2, 28($16)
        0c000000 0000075c  575		jal	GUI__Read16
        02402025 00000760  576		move	$4, $18
        a202001d 00000764  577		sb	$2, 29($16)
        0c000000 00000768  578		jal	GUI__Read16
        02402025 0000076c  579		move	$4, $18
        a202001e 00000770  580		sb	$2, 30($16)
        340f0001 00000774  581		ori	$15, $0, 1
        a20f0016 00000778  582		sb	$15, 22($16)
        a20f0017 0000077c  583		sb	$15, 23($16)
        8e2d0000 00000780  584		lw	$13, 0($17)
        ae0d0000 00000784  585		sw	$13, 0($16)
        8e390004 00000788  586		lw	$25, 4($17)
        ae190004 0000078c  587		sw	$25, 4($16)
        8e380008 00000790  588		lw	$24, 8($17)
        ae000010 00000794  589		sw	$0, 16($16)
        ae180008 00000798  590		sw	$24, 8($16)
        8e2f000c 0000079c  591		lw	$15, 12($17)
        02002025 000007a0  592		move	$4, $16
        0c000000 000007a4  593		jal	GUI_SetFont
        ae0f000c 000007a8  594		sw	$15, 12($16)
        8fb20008 000007ac  595		lw	$18, 8($sp)
                           596	.L1000315:
                           597	 #	    .ef
        8fb10004 000007b0  598		lw	$17, 4($sp)
        8fbf0014 000007b4  599		lw	$ra, 20($sp)
        8fb00000 000007b8  600		lw	$16, 0($sp)
        03e00008 000007bc  601		jr	$ra
        27bd0018 000007c0  602		addiu	$sp, $sp, 24
                           603		.type	GUI_SIF_CreateFont,@function
                           604		.size	GUI_SIF_CreateFont,.-GUI_SIF_CreateFont
                           605		.align	4
                           606	 #pSrc	12($sp)	local
                           607	
                           608	 #pFontData	$4	param
                           609	 #pFont	$16	param
                           610	 #pFontType	$17	param
                           611	
                           612		.data
                           613	.L334:
                           614		.text
                           615		.align	4
                           616		.align	4
                           617		.globl	GUI_SIF_DeleteFont

                                   Tue Apr 07 08:55:43 2015           Page 13
                                   Tue Apr 07 08:55:43 2015       gh_2i07m.s
                           618	GUI_SIF_DeleteFont:
                           619	 #	    .bf
                           620	 #	    .ef
        03e00008 000007c4  621		jr	$ra
        00000000 000007c8  622		nop
                           623		.type	GUI_SIF_DeleteFont,@function
                           624		.size	GUI_SIF_DeleteFont,.-GUI_SIF_DeleteFont
                           625		.align	4
                           626	
                           627	 #pFont	none	param
                           628	
                           629		.data
                           630	.L358:
                           631		.text
                           632		.align	4
                           633	 #GUI_Context	GUI_Context	import
                           634	
                           635		.data
                           636		.text
