
                                   Tue Apr 07 08:53:47 2015           Page 1
                                   Tue Apr 07 08:53:46 2015       gh_2i055.s
Command Line:   C:\GHS\V35\mips35\asmips.exe -noundefined -elf -b0
                -IC:\local\Workspace\DC_V04.01.00_int\cu3x1Platform_SRC\emWinColour
                -IC:\local\Workspace\DC_V04.01.00_int\cu3x1Platform_SRC\platform\include
                -IC:\local\Workspace\DC_V04.01.00_int\cu3x1Platform_SRC\platform\common
                -IC:\local\Workspace\DC_V04.01.00_int\cu3x1Platform_SRC\platform\hardware
                -IC:\local\Workspace\DC_V04.01.00_int\cu3x1Platform_SRC\platform\hardware\D3018X
                -IC:\local\Workspace\DC_V04.01.00_int\cu3x1Platform_SRC\embos\inc
                -IC:\local\Workspace\DC_V04.01.00_int\cu3x1Platform_SRC\emWinColour\config
                -IC:\local\Workspace\DC_V04.01.00_int\cu3x1Platform_SRC\emWinColour\gui\ConvertMono
                -IC:\local\Workspace\DC_V04.01.00_int\cu3x1Platform_SRC\emWinColour\gui\Core
                -IC:\local\Workspace\DC_V04.01.00_int\cu3x1Platform_SRC\emWinColour\gui\Font
                -IC:\local\Workspace\DC_V04.01.00_int\cu3x1Platform_SRC\emWinColour\gui\LCDDriver
                -IC:\local\Workspace\DC_V04.01.00_int\cu3x1Platform_SRC\emWinColour\gui\MemDev
                -IC:\local\Workspace\DC_V04.01.00_int\cu3x1Platform_SRC\emWinColour\gui\VNC
                -IC:\local\Workspace\DC_V04.01.00_int\cu3x1Platform_SRC\emWinColour\gui\Widget
                -IC:\local\Workspace\DC_V04.01.00_int\cu3x1Platform_SRC\emWinColour\gui\wm
                -IC:\local\Workspace\DC_V04.01.00_int\cu3x1App_SRC\Control\source
                -IC:\local\Workspace\DC_V04.01.00_int\cu3x1App_SRC\Control\source\include
                -IC:\local\Workspace\DC_V04.01.00_int\cu3x1App_SRC\Control\source\util
                -IC:\local\Workspace\DC_V04.01.00_int\cu3x1App_SRC\Control\source\datapoint
                -IC:\local\Workspace\DC_V04.01.00_int\cu3x1App_SRC\Control\source\factory
                -IC:\local\Workspace\DC_V04.01.00_int\cu3x1Platform_SRC\embos
                -IC:\local\Workspace\DC_V04.01.00_int\cu3x1Platform_SRC\emWinColour\gui\core
                -IC:\local\Workspace\DC_V04.01.00_int\cu3x1App_SRC\Control\source\rtip\webpage
                -IC:\local\Workspace\DC_V04.01.00_int\cu3x1App_SRC\Control\source\rtip\config
                -IC:\local\Workspace\DC_V04.01.00_int\cu3x1App_SRC\Control\source\rtip\xnet
                -IC:\local\Workspace\DC_V04.01.00_int\cu3x1App_SRC\Control\source\stub
                -IC:\local\Workspace\DC_V04.01.00_int\cu3x1App_SRC\Control\source\test
                -IC:\local\Workspace\DC_V04.01.00_int\cu3x1App_SRC\Control\source\GENIpro
                -IC:\local\Workspace\DC_V04.01.00_int\cu3x1App_SRC\Control\source\GENIpro\GENI_sys
                -IC:\local\Workspace\DC_V04.01.00_int\cu3x1App_SRC\Control\source\GENIpro\GENIusb\emUSB\USB\Driver
                -IC:\local\Workspace\DC_V04.01.00_int\cu3x1App_SRC\Control\source\application\intercom
                -IC:\local\Workspace\DC_V04.01.00_int\cu3x1App_SRC\Control\source\application\controller
                -IC:\local\Workspace\DC_V04.01.00_int\cu3x1App_SRC\Control\source\application\driver
                -IC:\local\Workspace\DC_V04.01.00_int\cu3x1App_SRC\Control\source\application\webif
                -IC:\local\Workspace\DC_V04.01.00_int\cu3x1App_SRC\Control\source\application\relay
                -IC:\local\Workspace\DC_V04.01.00_int\cu3x1App_SRC\Control\source\application\GENIApp
                -IC:\local\Workspace\DC_V04.01.00_int\cu3x1App_SRC\Control\source\application\alarm
                -IC:\local\Workspace\DC_V04.01.00_int\cu3x1App_SRC\Control\source\application\config
                -IC:\local\Workspace\DC_V04.01.00_int\cu3x1App_SRC\Control\source\application\AnaInConfigCtrl
                -IC:\local\Workspace\DC_V04.01.00_int\cu3x1App_SRC\Control\source\application\Sms
                -IC:\local\Workspace\DC_V04.01.00_int\cu3x1App_SRC\Control\source\application\display
                -IC:\local\Workspace\DC_V04.01.00_int\cu3x1App_SRC\Control\source\application\display\display_task
                -IC:\local\Workspace\DC_V04.01.00_int\cu3x1App_SRC\Control\source\application\display\gui_utility
                -IC:\local\Workspace\DC_V04.01.00_int\cu3x1App_SRC\Control\source\application\display\mpcunit
                -IC:\local\Workspace\DC_V04.01.00_int\cu3x1App_SRC\Control\source\GeniPro
                -IC:\local\Workspace\DC_V04.01.00_int\cu3x1App_SRC\Control\source\GeniPro\GENI_sys
                -IC:\local\Workspace\DC_V04.01.00_int\cu3x1App_SRC\Control\source\GeniPro\GENIbus
                -IC:\local\Workspace\DC_V04.01.00_int\cu3x1App_SRC\Control\source\GeniPro\GENIcom
                -IC:\local\Workspace\DC_V04.01.00_int\cu3x1App_SRC\Control\source\GeniPro\GENIrs232
                -IC:\local\Workspace\DC_V04.01.00_int\cu3x1App_SRC\Control\source\GeniPro\Virtual
                -IC:\local\Workspace\DC_V04.01.00_int\cu3x1Platform_SRC\Platform\common
                -IC:\local\Workspace\DC_V04.01.00_int\cu3x1Platform_SRC\Platform\hardware
                -IC:\local\Workspace\DC_V04.01.00_int\cu3x1Platform_SRC\Platform\hardware\D3018X
                -IC:\local\Workspace\DC_V04.01.00_int\cu3x1App_SRC\Control\source\application\display\imagesTFT
                -IC:\GHS\V35\mips35\mipsl_sf -r4121 -source=GUI_DispString.c -o
                objs\gh_2i055.o -list=objs\GUI_DispString.lst
                C:\Users\55602\AppData\Local\Temp\gh_2i055.s
Source File:    C:\Users\55602\AppData\Local\Temp\gh_2i055.s
Directory:      C:\local\Workspace\DC_V04.01.00_int\cu3x1App_SRC\Control\source
Host OS:        GHS_WIN32
Version:        AS-MIPS 3.5#11 
Release:        MULTI 2000, MIPS v3.5
Revision Date:  Wed Feb 27 12:19:03 2002
Release Date:   Sat Mar 02 02:57:59 2002
                             1	 #Source File:   C:\local\Workspace\DC_V04.01.00_int\cu3x1Platform_SRC\emWinColour\GUI\Core\GUI_DispString.c

                                   Tue Apr 07 08:53:47 2015           Page 2
                                   Tue Apr 07 08:53:46 2015       gh_2i055.s
                             2	 #Directory:     
                             3	 #		C:\local\Workspace\DC_V04.01.00_int\cu3x1App_SRC\Control\source
                             4	 #Compile Date:  Tue Apr 07 08:53:46 2015
                             5	 #Host OS:       Win32
                             6	 #Version:       C-MIPS 3.5#11 RELEASE VERSION
                             7	 #Release:       MULTI 2000, MIPS v3.5
                             8	 #Revision Date: Fri Mar 01 11:32:40 2002
                             9	 #Release Date:  Sat Mar 02 02:58:48 2002
                            10		.set	noat
                            11		.set	noreorder
                            12		.set	nomacro
                            13		.text
                            14		.align	4
                            15		.globl	GUI_DispString
                            16	GUI_DispString:
        27bdffd0 00000000   17		addiu	$sp, $sp, -48
                            18	 #	    .bf
        afb10004 00000004   19		sw	$17, 4($sp)
        afb7001c 00000008   20		sw	$23, 28($sp)
        afb60018 0000000c   21		sw	$22, 24($sp)
        afb50014 00000010   22		sw	$21, 20($sp)
        afb40010 00000014   23		sw	$20, 16($sp)
        afb3000c 00000018   24		sw	$19, 12($sp)
        afb20008 0000001c   25		sw	$18, 8($sp)
        afb00000 00000020   26		sw	$16, 0($sp)
        00808025 00000024   27		move	$16, $4
        120000a0 00000028   28		beq	$16, $0, .L2
        afbf002c 0000002c   29		sw	$ra, 44($sp)
        0c000000 00000030   30		jal	GUI_Lock
        3c110000 00000034   31		lui	$17, %hi(GUI_Context)
        0c000000 00000038   32		jal	GUI_GetFontDistY
        26310000 0000003c   33		addiu	$17, $17, %lo(GUI_Context)
        0040a825 00000040   34		move	$21, $2
        0c000000 00000044   35		jal	GUI_GetYAdjust
        86360026 00000048   36		lh	$22, 38($17)
        86230028 0000004c   37		lh	$3, 40($17)
        0040b825 00000050   38		move	$23, $2
        00771823 00000054   39		subu	$3, $3, $23
        a6230028 00000058   40		sh	$3, 40($17)
        82180000 0000005c   41		lb	$24, 0($16)
        27b20020 00000060   42		addiu	$18, $sp, 32
        53000089 00000064   43		beql	$24, $0, .L1000028
        3c030000 00000068   44		lui	$3, %hi(GUI_Context)
        02002025 0000006c   45		move	$4, $16
                            46	.L1000009:
        0c000000 00000070   47		jal	GUI__GetLineNumChars
        34057fff 00000074   48		ori	$5, $0, 32767
        0040a025 00000078   49		move	$20, $2
        02002025 0000007c   50		move	$4, $16
        0c000000 00000080   51		jal	GUI__GetLineDistX
        02802825 00000084   52		move	$5, $20
        86380030 00000088   53		lh	$24, 48($17)
        00409825 0000008c   54		move	$19, $2
        33030003 00000090   55		andi	$3, $24, 3
        2463ffff 00000094   56		addiu	$3, $3, -1
        10600022 00000098   57		beq	$3, $0, .L14

                                   Tue Apr 07 08:53:47 2015           Page 3
                                   Tue Apr 07 08:53:46 2015       gh_2i055.s
        2463ffff 0000009c   58		addiu	$3, $3, -1
        1460003c 000000a0   59		bne	$3, $0, .L1000015
        86230026 000000a4   60		lh	$3, 38($17)
        00136fc3 000000a8   61		sra	$13, $19, 31
        000dcfc2 000000ac   62		srl	$25, $13, 31
        0333c021 000000b0   63		addu	$24, $25, $19
        00181043 000000b4   64		sra	$2, $24, 1
        00621823 000000b8   65		subu	$3, $3, $2
        a6230026 000000bc   66		sh	$3, 38($17)
        a6430000 000000c0   67		sh	$3, 0($18)
        00737821 000000c4   68		addu	$15, $3, $19
        86230028 000000c8   69		lh	$3, 40($17)
        25efffff 000000cc   70		addiu	$15, $15, -1
        a64f0004 000000d0   71		sh	$15, 4($18)
        a6430002 000000d4   72		sh	$3, 2($18)
        0075c821 000000d8   73		addu	$25, $3, $21
        2739ffff 000000dc   74		addiu	$25, $25, -1
        a6590006 000000e0   75		sh	$25, 6($18)
        02002025 000000e4   76		move	$4, $16
        02802825 000000e8   77		move	$5, $20
        0c000000 000000ec   78		jal	GUI__DispLine
        02403025 000000f0   79		move	$6, $18
        864f0002 000000f4   80		lh	$15, 2($18)
        02002025 000000f8   81		move	$4, $16
        02802825 000000fc   82		move	$5, $20
        0c000000 00000100   83		jal	GUI_UC__NumChars2NumBytes
        a62f0028 00000104   84		sh	$15, 40($17)
        02028021 00000108   85		addu	$16, $16, $2
        82030000 0000010c   86		lb	$3, 0($16)
        340e000a 00000110   87		ori	$14, $0, 10
        546e0036 00000114   88		bnel	$3, $14, .L1000018
        340d000d 00000118   89		ori	$13, $0, 13
        08000000 0000011c   90		j	.L1000017
        86390030 00000120   91		lh	$25, 48($17)
                            92	.L14:
        86230026 00000124   93		lh	$3, 38($17)
        02002025 00000128   94		move	$4, $16
        02802825 0000012c   95		move	$5, $20
        00731823 00000130   96		subu	$3, $3, $19
        a6230026 00000134   97		sh	$3, 38($17)
        a6430000 00000138   98		sh	$3, 0($18)
        00737821 0000013c   99		addu	$15, $3, $19
        86230028 00000140  100		lh	$3, 40($17)
        25efffff 00000144  101		addiu	$15, $15, -1
        a64f0004 00000148  102		sh	$15, 4($18)
        a6430002 0000014c  103		sh	$3, 2($18)
        0075c821 00000150  104		addu	$25, $3, $21
        2739ffff 00000154  105		addiu	$25, $25, -1
        a6590006 00000158  106		sh	$25, 6($18)
        0c000000 0000015c  107		jal	GUI__DispLine
        02403025 00000160  108		move	$6, $18
        864f0002 00000164  109		lh	$15, 2($18)
        02002025 00000168  110		move	$4, $16
        02802825 0000016c  111		move	$5, $20
        0c000000 00000170  112		jal	GUI_UC__NumChars2NumBytes
        a62f0028 00000174  113		sh	$15, 40($17)

                                   Tue Apr 07 08:53:47 2015           Page 4
                                   Tue Apr 07 08:53:46 2015       gh_2i055.s
        02028021 00000178  114		addu	$16, $16, $2
        82030000 0000017c  115		lb	$3, 0($16)
        340e000a 00000180  116		ori	$14, $0, 10
        546e001a 00000184  117		bnel	$3, $14, .L1000018
        340d000d 00000188  118		ori	$13, $0, 13
        08000000 0000018c  119		j	.L1000017
        86390030 00000190  120		lh	$25, 48($17)
                           121	.L1000015:
        02002025 00000194  122		move	$4, $16
        02802825 00000198  123		move	$5, $20
        a6430000 0000019c  124		sh	$3, 0($18)
        00737821 000001a0  125		addu	$15, $3, $19
        86230028 000001a4  126		lh	$3, 40($17)
        25efffff 000001a8  127		addiu	$15, $15, -1
        a64f0004 000001ac  128		sh	$15, 4($18)
        a6430002 000001b0  129		sh	$3, 2($18)
        0075c821 000001b4  130		addu	$25, $3, $21
        2739ffff 000001b8  131		addiu	$25, $25, -1
        a6590006 000001bc  132		sh	$25, 6($18)
        0c000000 000001c0  133		jal	GUI__DispLine
        02403025 000001c4  134		move	$6, $18
        864f0002 000001c8  135		lh	$15, 2($18)
        02002025 000001cc  136		move	$4, $16
        02802825 000001d0  137		move	$5, $20
        0c000000 000001d4  138		jal	GUI_UC__NumChars2NumBytes
        a62f0028 000001d8  139		sh	$15, 40($17)
        02028021 000001dc  140		addu	$16, $16, $2
        82030000 000001e0  141		lb	$3, 0($16)
        340e000a 000001e4  142		ori	$14, $0, 10
        106e0003 000001e8  143		beq	$3, $14, .L17
        340d000d 000001ec  144		ori	$13, $0, 13
                           145	.L1000018:
        546d001c 000001f0  146		bnel	$3, $13, .L1000016
        864e0000 000001f4  147		lh	$14, 0($18)
                           148	.L17:
        86390030 000001f8  149		lh	$25, 48($17)
                           150	.L1000017:
        33230003 000001fc  151		andi	$3, $25, 3
        1060000a 00000200  152		beq	$3, $0, .L22
        2c6f0003 00000204  153		sltiu	$15, $3, 3
        51e00009 00000208  154		beql	$15, $0, .L1000022
        862e0024 0000020c  155		lh	$14, 36($17)
        a6360026 00000210  156		sh	$22, 38($17)
        820d0000 00000214  157		lb	$13, 0($16)
        3419000a 00000218  158		ori	$25, $0, 10
        55b90014 0000021c  159		bnel	$13, $25, .L1000025
        820d0000 00000220  160		lb	$13, 0($16)
        08000000 00000224  161		j	.L1000024
        86380028 00000228  162		lh	$24, 40($17)
                           163	.L22:
        862e0024 0000022c  164		lh	$14, 36($17)
                           165	.L1000022:
        a62e0026 00000230  166		sh	$14, 38($17)
        820d0000 00000234  167		lb	$13, 0($16)
        3419000a 00000238  168		ori	$25, $0, 10
        55b9000c 0000023c  169		bnel	$13, $25, .L1000025

                                   Tue Apr 07 08:53:47 2015           Page 5
                                   Tue Apr 07 08:53:46 2015       gh_2i055.s
        820d0000 00000240  170		lb	$13, 0($16)
        86380028 00000244  171		lh	$24, 40($17)
                           172	.L1000024:
        0315c021 00000248  173		addu	$24, $24, $21
        a6380028 0000024c  174		sh	$24, 40($17)
        820d0000 00000250  175		lb	$13, 0($16)
        55a00009 00000254  176		bnel	$13, $0, .L1000008
        82180001 00000258  177		lb	$24, 1($16)
        08000000 0000025c  178		j	.L1000028
        3c030000 00000260  179		lui	$3, %hi(GUI_Context)
                           180	.L1000016:
        01d37821 00000264  181		addu	$15, $14, $19
        a62f0026 00000268  182		sh	$15, 38($17)
        820d0000 0000026c  183		lb	$13, 0($16)
                           184	.L1000025:
        51a00006 00000270  185		beql	$13, $0, .L1000028
        3c030000 00000274  186		lui	$3, %hi(GUI_Context)
        82180001 00000278  187		lb	$24, 1($16)
                           188	.L1000008:
        26100001 0000027c  189		addiu	$16, $16, 1
        5700ff7b 00000280  190		bnel	$24, $0, .L1000009
        02002025 00000284  191		move	$4, $16
        3c030000 00000288  192		lui	$3, %hi(GUI_Context)
                           193	.L1000028:
        24630000 0000028c  194		addiu	$3, $3, %lo(GUI_Context)
        846e0028 00000290  195		lh	$14, 40($3)
        846d0030 00000294  196		lh	$13, 48($3)
        01d77021 00000298  197		addu	$14, $14, $23
        a46e0028 0000029c  198		sh	$14, 40($3)
        31adfffc 000002a0  199		andi	$13, $13, 65532
        0c000000 000002a4  200		jal	GUI_Unlock
        a46d0030 000002a8  201		sh	$13, 48($3)
                           202	.L2:
        8fb7001c 000002ac  203		lw	$23, 28($sp)
                           204	 #	    .ef
        8fb60018 000002b0  205		lw	$22, 24($sp)
        8fbf002c 000002b4  206		lw	$ra, 44($sp)
        8fb00000 000002b8  207		lw	$16, 0($sp)
        8fb10004 000002bc  208		lw	$17, 4($sp)
        8fb20008 000002c0  209		lw	$18, 8($sp)
        8fb3000c 000002c4  210		lw	$19, 12($sp)
        8fb40010 000002c8  211		lw	$20, 16($sp)
        8fb50014 000002cc  212		lw	$21, 20($sp)
        03e00008 000002d0  213		jr	$ra
        27bd0030 000002d4  214		addiu	$sp, $sp, 48
                           215		.type	GUI_DispString,@function
                           216		.size	GUI_DispString,.-GUI_DispString
                           217		.align	4
                           218	 #xAdjust	$2	local
                           219	 #yAdjust	$23	local
                           220	 #xOrg	$22	local
                           221	 #FontSizeY	$21	local
                           222	 #r	32($sp)	local
                           223	 #LineNumChars	$20	local
                           224	 #xLineSize	$19	local
                           225	

                                   Tue Apr 07 08:53:47 2015           Page 6
                                   Tue Apr 07 08:53:46 2015       gh_2i055.s
                           226	 #s	$16	param
                           227	
                           228		.data
                           229	.L92:
                           230		.text
                           231		.align	4
                           232	 #GUI_Context	GUI_Context	import
                           233	
                           234		.data
                           235		.text
