
                                   Tue Apr 07 08:53:04 2015           Page 1
                                   Tue Apr 07 08:53:04 2015       gh_2i046.s
Command Line:   C:\GHS\V35\mips35\asmips.exe -noundefined -elf -b0
                -IC:\local\Workspace\DC_V04.01.00_int\cu3x1Platform_SRC\emWinColour
                -IC:\local\Workspace\DC_V04.01.00_int\cu3x1Platform_SRC\platform\include
                -IC:\local\Workspace\DC_V04.01.00_int\cu3x1Platform_SRC\platform\common
                -IC:\local\Workspace\DC_V04.01.00_int\cu3x1Platform_SRC\platform\hardware
                -IC:\local\Workspace\DC_V04.01.00_int\cu3x1Platform_SRC\platform\hardware\D3018X
                -IC:\local\Workspace\DC_V04.01.00_int\cu3x1Platform_SRC\embos\inc
                -IC:\local\Workspace\DC_V04.01.00_int\cu3x1Platform_SRC\emWinColour\config
                -IC:\local\Workspace\DC_V04.01.00_int\cu3x1Platform_SRC\emWinColour\gui\ConvertMono
                -IC:\local\Workspace\DC_V04.01.00_int\cu3x1Platform_SRC\emWinColour\gui\Core
                -IC:\local\Workspace\DC_V04.01.00_int\cu3x1Platform_SRC\emWinColour\gui\Font
                -IC:\local\Workspace\DC_V04.01.00_int\cu3x1Platform_SRC\emWinColour\gui\LCDDriver
                -IC:\local\Workspace\DC_V04.01.00_int\cu3x1Platform_SRC\emWinColour\gui\MemDev
                -IC:\local\Workspace\DC_V04.01.00_int\cu3x1Platform_SRC\emWinColour\gui\VNC
                -IC:\local\Workspace\DC_V04.01.00_int\cu3x1Platform_SRC\emWinColour\gui\Widget
                -IC:\local\Workspace\DC_V04.01.00_int\cu3x1Platform_SRC\emWinColour\gui\wm
                -IC:\local\Workspace\DC_V04.01.00_int\cu3x1App_SRC\Control\source
                -IC:\local\Workspace\DC_V04.01.00_int\cu3x1App_SRC\Control\source\include
                -IC:\local\Workspace\DC_V04.01.00_int\cu3x1App_SRC\Control\source\util
                -IC:\local\Workspace\DC_V04.01.00_int\cu3x1App_SRC\Control\source\datapoint
                -IC:\local\Workspace\DC_V04.01.00_int\cu3x1App_SRC\Control\source\factory
                -IC:\local\Workspace\DC_V04.01.00_int\cu3x1Platform_SRC\embos
                -IC:\local\Workspace\DC_V04.01.00_int\cu3x1Platform_SRC\emWinColour\gui\core
                -IC:\local\Workspace\DC_V04.01.00_int\cu3x1App_SRC\Control\source\rtip\webpage
                -IC:\local\Workspace\DC_V04.01.00_int\cu3x1App_SRC\Control\source\rtip\config
                -IC:\local\Workspace\DC_V04.01.00_int\cu3x1App_SRC\Control\source\rtip\xnet
                -IC:\local\Workspace\DC_V04.01.00_int\cu3x1App_SRC\Control\source\stub
                -IC:\local\Workspace\DC_V04.01.00_int\cu3x1App_SRC\Control\source\test
                -IC:\local\Workspace\DC_V04.01.00_int\cu3x1App_SRC\Control\source\GENIpro
                -IC:\local\Workspace\DC_V04.01.00_int\cu3x1App_SRC\Control\source\GENIpro\GENI_sys
                -IC:\local\Workspace\DC_V04.01.00_int\cu3x1App_SRC\Control\source\GENIpro\GENIusb\emUSB\USB\Driver
                -IC:\local\Workspace\DC_V04.01.00_int\cu3x1App_SRC\Control\source\application\intercom
                -IC:\local\Workspace\DC_V04.01.00_int\cu3x1App_SRC\Control\source\application\controller
                -IC:\local\Workspace\DC_V04.01.00_int\cu3x1App_SRC\Control\source\application\driver
                -IC:\local\Workspace\DC_V04.01.00_int\cu3x1App_SRC\Control\source\application\webif
                -IC:\local\Workspace\DC_V04.01.00_int\cu3x1App_SRC\Control\source\application\relay
                -IC:\local\Workspace\DC_V04.01.00_int\cu3x1App_SRC\Control\source\application\GENIApp
                -IC:\local\Workspace\DC_V04.01.00_int\cu3x1App_SRC\Control\source\application\alarm
                -IC:\local\Workspace\DC_V04.01.00_int\cu3x1App_SRC\Control\source\application\config
                -IC:\local\Workspace\DC_V04.01.00_int\cu3x1App_SRC\Control\source\application\AnaInConfigCtrl
                -IC:\local\Workspace\DC_V04.01.00_int\cu3x1App_SRC\Control\source\application\Sms
                -IC:\local\Workspace\DC_V04.01.00_int\cu3x1App_SRC\Control\source\application\display
                -IC:\local\Workspace\DC_V04.01.00_int\cu3x1App_SRC\Control\source\application\display\display_task
                -IC:\local\Workspace\DC_V04.01.00_int\cu3x1App_SRC\Control\source\application\display\gui_utility
                -IC:\local\Workspace\DC_V04.01.00_int\cu3x1App_SRC\Control\source\application\display\mpcunit
                -IC:\local\Workspace\DC_V04.01.00_int\cu3x1App_SRC\Control\source\GeniPro
                -IC:\local\Workspace\DC_V04.01.00_int\cu3x1App_SRC\Control\source\GeniPro\GENI_sys
                -IC:\local\Workspace\DC_V04.01.00_int\cu3x1App_SRC\Control\source\GeniPro\GENIbus
                -IC:\local\Workspace\DC_V04.01.00_int\cu3x1App_SRC\Control\source\GeniPro\GENIcom
                -IC:\local\Workspace\DC_V04.01.00_int\cu3x1App_SRC\Control\source\GeniPro\GENIrs232
                -IC:\local\Workspace\DC_V04.01.00_int\cu3x1App_SRC\Control\source\GeniPro\Virtual
                -IC:\local\Workspace\DC_V04.01.00_int\cu3x1Platform_SRC\Platform\common
                -IC:\local\Workspace\DC_V04.01.00_int\cu3x1Platform_SRC\Platform\hardware
                -IC:\local\Workspace\DC_V04.01.00_int\cu3x1Platform_SRC\Platform\hardware\D3018X
                -IC:\local\Workspace\DC_V04.01.00_int\cu3x1App_SRC\Control\source\application\display\imagesTFT
                -IC:\GHS\V35\mips35\mipsl_sf -r4121 -source=GUI_BMP_Serialize.c
                -o objs\gh_2i046.o -list=objs\GUI_BMP_Serialize.lst
                C:\Users\55602\AppData\Local\Temp\gh_2i046.s
Source File:    C:\Users\55602\AppData\Local\Temp\gh_2i046.s
Directory:      C:\local\Workspace\DC_V04.01.00_int\cu3x1App_SRC\Control\source
Host OS:        GHS_WIN32
Version:        AS-MIPS 3.5#11 
Release:        MULTI 2000, MIPS v3.5
Revision Date:  Wed Feb 27 12:19:03 2002
Release Date:   Sat Mar 02 02:57:59 2002
                             1	 #Source File:   C:\local\Workspace\DC_V04.01.00_int\cu3x1Platform_SRC\emWinColour\GUI\Core\GUI_BMP_Serialize.c

                                   Tue Apr 07 08:53:04 2015           Page 2
                                   Tue Apr 07 08:53:04 2015       gh_2i046.s
                             2	 #Directory:     
                             3	 #		C:\local\Workspace\DC_V04.01.00_int\cu3x1App_SRC\Control\source
                             4	 #Compile Date:  Tue Apr 07 08:53:04 2015
                             5	 #Host OS:       Win32
                             6	 #Version:       C-MIPS 3.5#11 RELEASE VERSION
                             7	 #Release:       MULTI 2000, MIPS v3.5
                             8	 #Revision Date: Fri Mar 01 11:32:40 2002
                             9	 #Release Date:  Sat Mar 02 02:58:48 2002
                            10		.set	noat
                            11		.set	noreorder
                            12		.set	nomacro
                            13		.text
                            14		.align	4
                            15	_SendU16:
        27bdffe8 00000000   16		addiu	$sp, $sp, -24
                            17	 #	    .bf
        afbf0014 00000004   18		sw	$ra, 20($sp)
        afb10004 00000008   19		sw	$17, 4($sp)
        30b1ff00 0000000c   20		andi	$17, $5, 65280
        afb20008 00000010   21		sw	$18, 8($sp)
        00c09025 00000014   22		move	$18, $6
        afb00000 00000018   23		sw	$16, 0($sp)
        00808025 0000001c   24		move	$16, $4
        30a400ff 00000020   25		andi	$4, $5, 255
        0200f809 00000024   26		jalr	$16
        02402825 00000028   27		move	$5, $18
        00112202 0000002c   28		srl	$4, $17, 8
        0200f809 00000030   29		jalr	$16
        02402825 00000034   30		move	$5, $18
                            31	 #	    .ef
        8fb00000 00000038   32		lw	$16, 0($sp)
        8fbf0014 0000003c   33		lw	$ra, 20($sp)
        8fb10004 00000040   34		lw	$17, 4($sp)
        8fb20008 00000044   35		lw	$18, 8($sp)
        03e00008 00000048   36		jr	$ra
        27bd0018 0000004c   37		addiu	$sp, $sp, 24
                            38		.type	_SendU16,@function
                            39		.size	_SendU16,.-_SendU16
                            40		.align	4
                            41	
                            42	 #pfSerialize	$16	param
                            43	 #Data	$17	param
                            44	 #p	$18	param
                            45	
                            46		.data
                            47	.L15:
                            48		.text
                            49		.align	4
                            50		.align	4
                            51	_SendU32:
        27bdffe8 00000050   52		addiu	$sp, $sp, -24
                            53	 #	    .bf
        afbf0014 00000054   54		sw	$ra, 20($sp)
        afb20008 00000058   55		sw	$18, 8($sp)
        afb00000 0000005c   56		sw	$16, 0($sp)
        00808025 00000060   57		move	$16, $4

                                   Tue Apr 07 08:53:04 2015           Page 3
                                   Tue Apr 07 08:53:04 2015       gh_2i046.s
        afb10004 00000064   58		sw	$17, 4($sp)
        00a08825 00000068   59		move	$17, $5
        3225ffff 0000006c   60		andi	$5, $17, 65535
        0c000000 00000070   61		jal	_SendU16
        00c09025 00000074   62		move	$18, $6
        02002025 00000078   63		move	$4, $16
        00112c02 0000007c   64		srl	$5, $17, 16
        0c000000 00000080   65		jal	_SendU16
        02403025 00000084   66		move	$6, $18
                            67	 #	    .ef
        8fb00000 00000088   68		lw	$16, 0($sp)
        8fbf0014 0000008c   69		lw	$ra, 20($sp)
        8fb10004 00000090   70		lw	$17, 4($sp)
        8fb20008 00000094   71		lw	$18, 8($sp)
        03e00008 00000098   72		jr	$ra
        27bd0018 0000009c   73		addiu	$sp, $sp, 24
                            74		.type	_SendU32,@function
                            75		.size	_SendU32,.-_SendU32
                            76		.align	4
                            77	
                            78	 #pfSerialize	$16	param
                            79	 #Data	$17	param
                            80	 #p	$18	param
                            81	
                            82		.data
                            83	.L33:
                            84		.text
                            85		.align	4
                            86		.align	4
                            87		.globl	GUI_BMP_SerializeEx
                            88	GUI_BMP_SerializeEx:
        27bdffb0 000000a0   89		addiu	$sp, $sp, -80
        afbf004c 000000a4   90		sw	$ra, 76($sp)
        afbe0020 000000a8   91		sw	$fp, 32($sp)
        afb7001c 000000ac   92		sw	$23, 28($sp)
        afb60018 000000b0   93		sw	$22, 24($sp)
        afb50014 000000b4   94		sw	$21, 20($sp)
        afb00000 000000b8   95		sw	$16, 0($sp)
        00808025 000000bc   96		move	$16, $4
        afb10004 000000c0   97		sw	$17, 4($sp)
        00a08825 000000c4   98		move	$17, $5
        afb20008 000000c8   99		sw	$18, 8($sp)
        00c09025 000000cc  100		move	$18, $6
        afb3000c 000000d0  101		sw	$19, 12($sp)
        00e09825 000000d4  102		move	$19, $7
        afb40010 000000d8  103		sw	$20, 16($sp)
        0100a025 000000dc  104		move	$20, $8
                           105	 #	    .bf
        0c000000 000000e0  106		jal	LCD_GetBitsPerPixel
        0120a825 000000e4  107		move	$21, $9
        0040f025 000000e8  108		move	$fp, $2
        2bd90009 000000ec  109		slti	$25, $fp, 9
        17200008 000000f0  110		bne	$25, $0, .L40
        0013c040 000000f4  111		sll	$24, $19, 1
        27030002 000000f8  112		addiu	$3, $24, 2
        240ffffc 000000fc  113		addiu	$15, $0, -4

                                   Tue Apr 07 08:53:04 2015           Page 4
                                   Tue Apr 07 08:53:04 2015       gh_2i046.s
        01e36024 00000100  114		and	$12, $15, $3
        17200035 00000104  115		bne	$25, $0, .L43
        afac0040 00000108  116		sw	$12, 64($sp)
        08000000 0000010c  117		j	.L1000044
        8fac0040 00000110  118		lw	$12, 64($sp)
                           119	.L40:
        26630003 00000114  120		addiu	$3, $19, 3
        240ffffc 00000118  121		addiu	$15, $0, -4
        01e36024 0000011c  122		and	$12, $15, $3
        1720002e 00000120  123		bne	$25, $0, .L43
        afac0040 00000124  124		sw	$12, 64($sp)
        8fac0040 00000128  125		lw	$12, 64($sp)
                           126	.L1000044:
        34170000 0000012c  127		ori	$23, $0, 0
        0017c880 00000130  128		sll	$25, $23, 2
        028c0018 00000134  129		mult	$20, $12
        27360036 00000138  130		addiu	$22, $25, 54
        0000c012 0000013c  131		mflo	$24
        02002025 00000140  132		move	$4, $16
        02a03025 00000144  133		move	$6, $21
        02d86021 00000148  134		addu	$12, $22, $24
        afac0044 0000014c  135		sw	$12, 68($sp)
        0c000000 00000150  136		jal	_SendU16
        34054d42 00000154  137		ori	$5, $0, 19778
        02002025 00000158  138		move	$4, $16
        8fa50044 0000015c  139		lw	$5, 68($sp)
        0c000000 00000160  140		jal	_SendU32
        02a03025 00000164  141		move	$6, $21
        02002025 00000168  142		move	$4, $16
        02a03025 0000016c  143		move	$6, $21
        0c000000 00000170  144		jal	_SendU32
        34050000 00000174  145		ori	$5, $0, 0
        02002025 00000178  146		move	$4, $16
        02c02825 0000017c  147		move	$5, $22
        0c000000 00000180  148		jal	_SendU32
        02a03025 00000184  149		move	$6, $21
        02002025 00000188  150		move	$4, $16
        02a03025 0000018c  151		move	$6, $21
        0c000000 00000190  152		jal	_SendU32
        34050028 00000194  153		ori	$5, $0, 40
        02002025 00000198  154		move	$4, $16
        02602825 0000019c  155		move	$5, $19
        0c000000 000001a0  156		jal	_SendU32
        02a03025 000001a4  157		move	$6, $21
        02002025 000001a8  158		move	$4, $16
        02802825 000001ac  159		move	$5, $20
        0c000000 000001b0  160		jal	_SendU32
        02a03025 000001b4  161		move	$6, $21
        34050001 000001b8  162		ori	$5, $0, 1
        02a03025 000001bc  163		move	$6, $21
        0c000000 000001c0  164		jal	_SendU16
        02002025 000001c4  165		move	$4, $16
        2bcf0009 000001c8  166		slti	$15, $fp, 9
        11e00031 000001cc  167		beq	$15, $0, .L46
        34030010 000001d0  168		ori	$3, $0, 16
        08000000 000001d4  169		j	.L1000047

                                   Tue Apr 07 08:53:04 2015           Page 5
                                   Tue Apr 07 08:53:04 2015       gh_2i046.s
        34030008 000001d8  170		ori	$3, $0, 8
                           171	.L43:
        8fac0040 000001dc  172		lw	$12, 64($sp)
        340d0001 000001e0  173		ori	$13, $0, 1
        03cd1804 000001e4  174		sllv	$3, $13, $fp
        028c0018 000001e8  175		mult	$20, $12
        0060b825 000001ec  176		move	$23, $3
        02002025 000001f0  177		move	$4, $16
        02a03025 000001f4  178		move	$6, $21
        0017c880 000001f8  179		sll	$25, $23, 2
        0000c012 000001fc  180		mflo	$24
        27360036 00000200  181		addiu	$22, $25, 54
        02d86021 00000204  182		addu	$12, $22, $24
        afac0044 00000208  183		sw	$12, 68($sp)
        0c000000 0000020c  184		jal	_SendU16
        34054d42 00000210  185		ori	$5, $0, 19778
        02002025 00000214  186		move	$4, $16
        8fa50044 00000218  187		lw	$5, 68($sp)
        0c000000 0000021c  188		jal	_SendU32
        02a03025 00000220  189		move	$6, $21
        02002025 00000224  190		move	$4, $16
        02a03025 00000228  191		move	$6, $21
        0c000000 0000022c  192		jal	_SendU32
        34050000 00000230  193		ori	$5, $0, 0
        02002025 00000234  194		move	$4, $16
        02c02825 00000238  195		move	$5, $22
        0c000000 0000023c  196		jal	_SendU32
        02a03025 00000240  197		move	$6, $21
        02002025 00000244  198		move	$4, $16
        02a03025 00000248  199		move	$6, $21
        0c000000 0000024c  200		jal	_SendU32
        34050028 00000250  201		ori	$5, $0, 40
        02002025 00000254  202		move	$4, $16
        02602825 00000258  203		move	$5, $19
        0c000000 0000025c  204		jal	_SendU32
        02a03025 00000260  205		move	$6, $21
        02002025 00000264  206		move	$4, $16
        02802825 00000268  207		move	$5, $20
        0c000000 0000026c  208		jal	_SendU32
        02a03025 00000270  209		move	$6, $21
        02002025 00000274  210		move	$4, $16
        02a03025 00000278  211		move	$6, $21
        0c000000 0000027c  212		jal	_SendU16
        34050001 00000280  213		ori	$5, $0, 1
        2bcf0009 00000284  214		slti	$15, $fp, 9
        11e00002 00000288  215		beq	$15, $0, .L46
        34030010 0000028c  216		ori	$3, $0, 16
        34030008 00000290  217		ori	$3, $0, 8
                           218	.L1000047:
                           219	.L46:
        02002025 00000294  220		move	$4, $16
        00602825 00000298  221		move	$5, $3
        0c000000 0000029c  222		jal	_SendU16
        02a03025 000002a0  223		move	$6, $21
        02002025 000002a4  224		move	$4, $16
        02a03025 000002a8  225		move	$6, $21

                                   Tue Apr 07 08:53:04 2015           Page 6
                                   Tue Apr 07 08:53:04 2015       gh_2i046.s
        0c000000 000002ac  226		jal	_SendU32
        34050000 000002b0  227		ori	$5, $0, 0
        02002025 000002b4  228		move	$4, $16
        02a03025 000002b8  229		move	$6, $21
        0c000000 000002bc  230		jal	_SendU32
        34050000 000002c0  231		ori	$5, $0, 0
        02002025 000002c4  232		move	$4, $16
        02a03025 000002c8  233		move	$6, $21
        0c000000 000002cc  234		jal	_SendU32
        34050000 000002d0  235		ori	$5, $0, 0
        02002025 000002d4  236		move	$4, $16
        02a03025 000002d8  237		move	$6, $21
        0c000000 000002dc  238		jal	_SendU32
        34050000 000002e0  239		ori	$5, $0, 0
        02002025 000002e4  240		move	$4, $16
        02e02825 000002e8  241		move	$5, $23
        0c000000 000002ec  242		jal	_SendU32
        02a03025 000002f0  243		move	$6, $21
        02002025 000002f4  244		move	$4, $16
        02a03025 000002f8  245		move	$6, $21
        0c000000 000002fc  246		jal	_SendU32
        34050000 00000300  247		ori	$5, $0, 0
        afa00038 00000304  248		sw	$0, 56($sp)
        34010000 00000308  249		ori	$1, $0, 0
        0037702a 0000030c  250		slt	$14, $1, $23
        11c00002 00000310  251		beq	$14, $0, .L451
        34160000 00000314  252		ori	$22, $0, 0
        afb70038 00000318  253		sw	$23, 56($sp)
                           254	.L451:
        8fa10038 0000031c  255		lw	$1, 56($sp)
        0001b8c2 00000320  256		srl	$23, $1, 3
        52e00065 00000324  257		beql	$23, $0, .L1000243
        8fa10038 00000328  258		lw	$1, 56($sp)
                           259	.L259:
        0c000000 0000032c  260		jal	GUI_Index2Color
        02c02025 00000330  261		move	$4, $22
        0002cc02 00000334  262		srl	$25, $2, 16
        333900ff 00000338  263		andi	$25, $25, 255
        304fff00 0000033c  264		andi	$15, $2, 65280
        032f7025 00000340  265		or	$14, $25, $15
        304200ff 00000344  266		andi	$2, $2, 255
        0002cc00 00000348  267		sll	$25, $2, 16
        01d92825 0000034c  268		or	$5, $14, $25
        02002025 00000350  269		move	$4, $16
        0c000000 00000354  270		jal	_SendU32
        02a03025 00000358  271		move	$6, $21
        0c000000 0000035c  272		jal	GUI_Index2Color
        26c40001 00000360  273		addiu	$4, $22, 1
        0002c402 00000364  274		srl	$24, $2, 16
        331800ff 00000368  275		andi	$24, $24, 255
        304eff00 0000036c  276		andi	$14, $2, 65280
        030e6825 00000370  277		or	$13, $24, $14
        304200ff 00000374  278		andi	$2, $2, 255
        0002c400 00000378  279		sll	$24, $2, 16
        01b82825 0000037c  280		or	$5, $13, $24
        02002025 00000380  281		move	$4, $16

                                   Tue Apr 07 08:53:04 2015           Page 7
                                   Tue Apr 07 08:53:04 2015       gh_2i046.s
        0c000000 00000384  282		jal	_SendU32
        02a03025 00000388  283		move	$6, $21
        0c000000 0000038c  284		jal	GUI_Index2Color
        26c40002 00000390  285		addiu	$4, $22, 2
        00027c02 00000394  286		srl	$15, $2, 16
        31ef00ff 00000398  287		andi	$15, $15, 255
        304dff00 0000039c  288		andi	$13, $2, 65280
        01edc825 000003a0  289		or	$25, $15, $13
        304200ff 000003a4  290		andi	$2, $2, 255
        00027c00 000003a8  291		sll	$15, $2, 16
        032f2825 000003ac  292		or	$5, $25, $15
        02002025 000003b0  293		move	$4, $16
        0c000000 000003b4  294		jal	_SendU32
        02a03025 000003b8  295		move	$6, $21
        0c000000 000003bc  296		jal	GUI_Index2Color
        26c40003 000003c0  297		addiu	$4, $22, 3
        00027402 000003c4  298		srl	$14, $2, 16
        31ce00ff 000003c8  299		andi	$14, $14, 255
        3059ff00 000003cc  300		andi	$25, $2, 65280
        01d9c025 000003d0  301		or	$24, $14, $25
        304200ff 000003d4  302		andi	$2, $2, 255
        00027400 000003d8  303		sll	$14, $2, 16
        030e2825 000003dc  304		or	$5, $24, $14
        02002025 000003e0  305		move	$4, $16
        0c000000 000003e4  306		jal	_SendU32
        02a03025 000003e8  307		move	$6, $21
        0c000000 000003ec  308		jal	GUI_Index2Color
        26c40004 000003f0  309		addiu	$4, $22, 4
        00026c02 000003f4  310		srl	$13, $2, 16
        31ad00ff 000003f8  311		andi	$13, $13, 255
        3058ff00 000003fc  312		andi	$24, $2, 65280
        01b87825 00000400  313		or	$15, $13, $24
        304200ff 00000404  314		andi	$2, $2, 255
        00026c00 00000408  315		sll	$13, $2, 16
        01ed2825 0000040c  316		or	$5, $15, $13
        02002025 00000410  317		move	$4, $16
        0c000000 00000414  318		jal	_SendU32
        02a03025 00000418  319		move	$6, $21
        0c000000 0000041c  320		jal	GUI_Index2Color
        26c40005 00000420  321		addiu	$4, $22, 5
        0002cc02 00000424  322		srl	$25, $2, 16
        333900ff 00000428  323		andi	$25, $25, 255
        304fff00 0000042c  324		andi	$15, $2, 65280
        032f7025 00000430  325		or	$14, $25, $15
        304200ff 00000434  326		andi	$2, $2, 255
        0002cc00 00000438  327		sll	$25, $2, 16
        01d92825 0000043c  328		or	$5, $14, $25
        02002025 00000440  329		move	$4, $16
        0c000000 00000444  330		jal	_SendU32
        02a03025 00000448  331		move	$6, $21
        0c000000 0000044c  332		jal	GUI_Index2Color
        26c40006 00000450  333		addiu	$4, $22, 6
        0002c402 00000454  334		srl	$24, $2, 16
        331800ff 00000458  335		andi	$24, $24, 255
        304eff00 0000045c  336		andi	$14, $2, 65280
        030e6825 00000460  337		or	$13, $24, $14

                                   Tue Apr 07 08:53:04 2015           Page 8
                                   Tue Apr 07 08:53:04 2015       gh_2i046.s
        304200ff 00000464  338		andi	$2, $2, 255
        0002c400 00000468  339		sll	$24, $2, 16
        01b82825 0000046c  340		or	$5, $13, $24
        02002025 00000470  341		move	$4, $16
        0c000000 00000474  342		jal	_SendU32
        02a03025 00000478  343		move	$6, $21
        0c000000 0000047c  344		jal	GUI_Index2Color
        26c40007 00000480  345		addiu	$4, $22, 7
        02a03025 00000484  346		move	$6, $21
        00027c02 00000488  347		srl	$15, $2, 16
        31ef00ff 0000048c  348		andi	$15, $15, 255
        304dff00 00000490  349		andi	$13, $2, 65280
        01edc825 00000494  350		or	$25, $15, $13
        304200ff 00000498  351		andi	$2, $2, 255
        00027c00 0000049c  352		sll	$15, $2, 16
        02002025 000004a0  353		move	$4, $16
        0c000000 000004a4  354		jal	_SendU32
        032f2825 000004a8  355		or	$5, $25, $15
        26f7ffff 000004ac  356		addiu	$23, $23, -1
        16e0ff9e 000004b0  357		bne	$23, $0, .L259
        26d60008 000004b4  358		addiu	$22, $22, 8
        8fa10038 000004b8  359		lw	$1, 56($sp)
                           360	.L1000243:
        30370007 000004bc  361		andi	$23, $1, 7
        52e00011 000004c0  362		beql	$23, $0, .L1000048
        268cffff 000004c4  363		addiu	$12, $20, -1
                           364	.L263:
        0c000000 000004c8  365		jal	GUI_Index2Color
        02c02025 000004cc  366		move	$4, $22
        0002cc02 000004d0  367		srl	$25, $2, 16
        333900ff 000004d4  368		andi	$25, $25, 255
        304fff00 000004d8  369		andi	$15, $2, 65280
        032f7025 000004dc  370		or	$14, $25, $15
        304200ff 000004e0  371		andi	$2, $2, 255
        0002cc00 000004e4  372		sll	$25, $2, 16
        02002025 000004e8  373		move	$4, $16
        02a03025 000004ec  374		move	$6, $21
        0c000000 000004f0  375		jal	_SendU32
        01d92825 000004f4  376		or	$5, $14, $25
        26f7ffff 000004f8  377		addiu	$23, $23, -1
        16e0fff2 000004fc  378		bne	$23, $0, .L263
        26d60001 00000500  379		addiu	$22, $22, 1
        268cffff 00000504  380		addiu	$12, $20, -1
                           381	.L1000048:
        afac002c 00000508  382		sw	$12, 44($sp)
        340f0008 0000050c  383		ori	$15, $0, 8
        01fe602a 00000510  384		slt	$12, $15, $fp
        afac0034 00000514  385		sw	$12, 52($sp)
        8fac002c 00000518  386		lw	$12, 44($sp)
        8fa10040 0000051c  387		lw	$1, 64($sp)
        024c6021 00000520  388		addu	$12, $18, $12
        afac0028 00000524  389		sw	$12, 40($sp)
        302c0003 00000528  390		andi	$12, $1, 3
        8fa1002c 0000052c  391		lw	$1, 44($sp)
        afac003c 00000530  392		sw	$12, 60($sp)
        04220122 00000534  393		bltzl	$1, .L1000038

                                   Tue Apr 07 08:53:04 2015           Page 9
                                   Tue Apr 07 08:53:04 2015       gh_2i046.s
        8fbe0020 00000538  394		lw	$fp, 32($sp)
                           395	.L54:
        341e0000 0000053c  396		ori	$fp, $0, 0
        03d3702a 00000540  397		slt	$14, $fp, $19
        11c00002 00000544  398		beq	$14, $0, .L452
        afa00030 00000548  399		sw	$0, 48($sp)
        0260f025 0000054c  400		move	$fp, $19
                           401	.L452:
        001eb082 00000550  402		srl	$22, $fp, 2
        52c000b3 00000554  403		beql	$22, $0, .L1000119
        33d60003 00000558  404		andi	$22, $fp, 3
        8fb70034 0000055c  405		lw	$23, 52($sp)
        8fb40028 00000560  406		lw	$20, 40($sp)
        26320003 00000564  407		addiu	$18, $17, 3
        00166080 00000568  408		sll	$12, $22, 2
        afac0030 0000056c  409		sw	$12, 48($sp)
                           410	.L120:
        16e0000a 00000570  411		bne	$23, $0, .L1000122
        2644fffd 00000574  412		addiu	$4, $18, -3
        0c000000 00000578  413		jal	LCD_GetPixelIndex
        02802825 0000057c  414		move	$5, $20
        304400ff 00000580  415		andi	$4, $2, 255
        0200f809 00000584  416		jalr	$16
        02a02825 00000588  417		move	$5, $21
        56e0002d 0000058c  418		bnel	$23, $0, .L1000127
        2644fffe 00000590  419		addiu	$4, $18, -2
        08000000 00000594  420		j	.L1000126
        2644fffe 00000598  421		addiu	$4, $18, -2
                           422	.L1000122:
        0c000000 0000059c  423		jal	LCD_GetPixelColor
        02802825 000005a0  424		move	$5, $20
        0002c402 000005a4  425		srl	$24, $2, 16
        00187140 000005a8  426		sll	$14, $24, 5
        01d87823 000005ac  427		subu	$15, $14, $24
        25ed007f 000005b0  428		addiu	$13, $15, 127
        341900ff 000005b4  429		ori	$25, $0, 255
        01b9001b 000005b8  430		divu	$0,$13, $25
        0002c202 000005bc  431		srl	$24, $2, 8
        00001812 000005c0  432		mflo	$3
        331800ff 000005c4  433		andi	$24, $24, 255
        00186940 000005c8  434		sll	$13, $24, 5
        01b87023 000005cc  435		subu	$14, $13, $24
        25d9007f 000005d0  436		addiu	$25, $14, 127
        341800ff 000005d4  437		ori	$24, $0, 255
        0338001b 000005d8  438		divu	$0,$25, $24
        304200ff 000005dc  439		andi	$2, $2, 255
        00005812 000005e0  440		mflo	$11
        00026940 000005e4  441		sll	$13, $2, 5
        01a27023 000005e8  442		subu	$14, $13, $2
        25d9007f 000005ec  443		addiu	$25, $14, 127
        0338001b 000005f0  444		divu	$0,$25, $24
        02002025 000005f4  445		move	$4, $16
        00001012 000005f8  446		mflo	$2
        000b7140 000005fc  447		sll	$14, $11, 5
        00027a80 00000600  448		sll	$15, $2, 10
        01ee6825 00000604  449		or	$13, $15, $14

                                   Tue Apr 07 08:53:04 2015           Page 10
                                   Tue Apr 07 08:53:04 2015       gh_2i046.s
        01a31825 00000608  450		or	$3, $13, $3
        3065ffff 0000060c  451		andi	$5, $3, 65535
        0c000000 00000610  452		jal	_SendU16
        02a03025 00000614  453		move	$6, $21
        16e0000a 00000618  454		bne	$23, $0, .L1000127
        2644fffe 0000061c  455		addiu	$4, $18, -2
                           456	.L1000126:
        0c000000 00000620  457		jal	LCD_GetPixelIndex
        02802825 00000624  458		move	$5, $20
        304400ff 00000628  459		andi	$4, $2, 255
        0200f809 0000062c  460		jalr	$16
        02a02825 00000630  461		move	$5, $21
        56e0002d 00000634  462		bnel	$23, $0, .L1000132
        2644ffff 00000638  463		addiu	$4, $18, -1
        08000000 0000063c  464		j	.L1000131
        2644ffff 00000640  465		addiu	$4, $18, -1
                           466	.L1000127:
        0c000000 00000644  467		jal	LCD_GetPixelColor
        02802825 00000648  468		move	$5, $20
        0002c402 0000064c  469		srl	$24, $2, 16
        00187140 00000650  470		sll	$14, $24, 5
        01d87823 00000654  471		subu	$15, $14, $24
        25ed007f 00000658  472		addiu	$13, $15, 127
        341900ff 0000065c  473		ori	$25, $0, 255
        01b9001b 00000660  474		divu	$0,$13, $25
        0002c202 00000664  475		srl	$24, $2, 8
        00001812 00000668  476		mflo	$3
        331800ff 0000066c  477		andi	$24, $24, 255
        00186940 00000670  478		sll	$13, $24, 5
        01b87023 00000674  479		subu	$14, $13, $24
        25d9007f 00000678  480		addiu	$25, $14, 127
        341800ff 0000067c  481		ori	$24, $0, 255
        0338001b 00000680  482		divu	$0,$25, $24
        304200ff 00000684  483		andi	$2, $2, 255
        00005812 00000688  484		mflo	$11
        00026940 0000068c  485		sll	$13, $2, 5
        01a27023 00000690  486		subu	$14, $13, $2
        25d9007f 00000694  487		addiu	$25, $14, 127
        0338001b 00000698  488		divu	$0,$25, $24
        02002025 0000069c  489		move	$4, $16
        00001012 000006a0  490		mflo	$2
        000b7140 000006a4  491		sll	$14, $11, 5
        00027a80 000006a8  492		sll	$15, $2, 10
        01ee6825 000006ac  493		or	$13, $15, $14
        01a31825 000006b0  494		or	$3, $13, $3
        3065ffff 000006b4  495		andi	$5, $3, 65535
        0c000000 000006b8  496		jal	_SendU16
        02a03025 000006bc  497		move	$6, $21
        16e0000a 000006c0  498		bne	$23, $0, .L1000132
        2644ffff 000006c4  499		addiu	$4, $18, -1
                           500	.L1000131:
        0c000000 000006c8  501		jal	LCD_GetPixelIndex
        02802825 000006cc  502		move	$5, $20
        304400ff 000006d0  503		andi	$4, $2, 255
        0200f809 000006d4  504		jalr	$16
        02a02825 000006d8  505		move	$5, $21

                                   Tue Apr 07 08:53:04 2015           Page 11
                                   Tue Apr 07 08:53:04 2015       gh_2i046.s
        56e0002e 000006dc  506		bnel	$23, $0, .L1000137
        02402025 000006e0  507		move	$4, $18
        08000000 000006e4  508		j	.L1000136
        02402025 000006e8  509		move	$4, $18
                           510	.L1000132:
        0c000000 000006ec  511		jal	LCD_GetPixelColor
        02802825 000006f0  512		move	$5, $20
        0002c402 000006f4  513		srl	$24, $2, 16
        00187140 000006f8  514		sll	$14, $24, 5
        01d87823 000006fc  515		subu	$15, $14, $24
        25ed007f 00000700  516		addiu	$13, $15, 127
        341900ff 00000704  517		ori	$25, $0, 255
        01b9001b 00000708  518		divu	$0,$13, $25
        0002c202 0000070c  519		srl	$24, $2, 8
        00001812 00000710  520		mflo	$3
        331800ff 00000714  521		andi	$24, $24, 255
        00186940 00000718  522		sll	$13, $24, 5
        01b87023 0000071c  523		subu	$14, $13, $24
        25d9007f 00000720  524		addiu	$25, $14, 127
        341800ff 00000724  525		ori	$24, $0, 255
        0338001b 00000728  526		divu	$0,$25, $24
        304200ff 0000072c  527		andi	$2, $2, 255
        00005812 00000730  528		mflo	$11
        00026940 00000734  529		sll	$13, $2, 5
        01a27023 00000738  530		subu	$14, $13, $2
        25d9007f 0000073c  531		addiu	$25, $14, 127
        0338001b 00000740  532		divu	$0,$25, $24
        02002025 00000744  533		move	$4, $16
        00001012 00000748  534		mflo	$2
        000b7140 0000074c  535		sll	$14, $11, 5
        00027a80 00000750  536		sll	$15, $2, 10
        01ee6825 00000754  537		or	$13, $15, $14
        01a31825 00000758  538		or	$3, $13, $3
        3065ffff 0000075c  539		andi	$5, $3, 65535
        0c000000 00000760  540		jal	_SendU16
        02a03025 00000764  541		move	$6, $21
        16e0000b 00000768  542		bne	$23, $0, .L1000137
        02402025 0000076c  543		move	$4, $18
                           544	.L1000136:
        0c000000 00000770  545		jal	LCD_GetPixelIndex
        02802825 00000774  546		move	$5, $20
        02a02825 00000778  547		move	$5, $21
        0200f809 0000077c  548		jalr	$16
        304400ff 00000780  549		andi	$4, $2, 255
        26d6ffff 00000784  550		addiu	$22, $22, -1
        16c0ff79 00000788  551		bne	$22, $0, .L120
        26520004 0000078c  552		addiu	$18, $18, 4
        08000000 00000790  553		j	.L1000119
        33d60003 00000794  554		andi	$22, $fp, 3
                           555	.L1000137:
        0c000000 00000798  556		jal	LCD_GetPixelColor
        02802825 0000079c  557		move	$5, $20
        0002c402 000007a0  558		srl	$24, $2, 16
        00187140 000007a4  559		sll	$14, $24, 5
        01d87823 000007a8  560		subu	$15, $14, $24
        25ed007f 000007ac  561		addiu	$13, $15, 127

                                   Tue Apr 07 08:53:04 2015           Page 12
                                   Tue Apr 07 08:53:04 2015       gh_2i046.s
        341900ff 000007b0  562		ori	$25, $0, 255
        01b9001b 000007b4  563		divu	$0,$13, $25
        0002c202 000007b8  564		srl	$24, $2, 8
        00001812 000007bc  565		mflo	$3
        331800ff 000007c0  566		andi	$24, $24, 255
        00186940 000007c4  567		sll	$13, $24, 5
        01b87023 000007c8  568		subu	$14, $13, $24
        25d9007f 000007cc  569		addiu	$25, $14, 127
        341800ff 000007d0  570		ori	$24, $0, 255
        0338001b 000007d4  571		divu	$0,$25, $24
        00005812 000007d8  572		mflo	$11
        304200ff 000007dc  573		andi	$2, $2, 255
        00026940 000007e0  574		sll	$13, $2, 5
        01a27023 000007e4  575		subu	$14, $13, $2
        25d9007f 000007e8  576		addiu	$25, $14, 127
        0338001b 000007ec  577		divu	$0,$25, $24
        02a03025 000007f0  578		move	$6, $21
        000b7140 000007f4  579		sll	$14, $11, 5
        00001012 000007f8  580		mflo	$2
        00027a80 000007fc  581		sll	$15, $2, 10
        01ee6825 00000800  582		or	$13, $15, $14
        01a31825 00000804  583		or	$3, $13, $3
        3065ffff 00000808  584		andi	$5, $3, 65535
        0c000000 0000080c  585		jal	_SendU16
        02002025 00000810  586		move	$4, $16
        26d6ffff 00000814  587		addiu	$22, $22, -1
        16c0ff55 00000818  588		bne	$22, $0, .L120
        26520004 0000081c  589		addiu	$18, $18, 4
        33d60003 00000820  590		andi	$22, $fp, 3
                           591	.L1000119:
        52c00034 00000824  592		beql	$22, $0, .L1000056
        8fb6003c 00000828  593		lw	$22, 60($sp)
        8fac0030 0000082c  594		lw	$12, 48($sp)
        8fb70034 00000830  595		lw	$23, 52($sp)
        8fb40028 00000834  596		lw	$20, 40($sp)
        022c9021 00000838  597		addu	$18, $17, $12
                           598	.L142:
        16e0000b 0000083c  599		bne	$23, $0, .L1000144
        02402025 00000840  600		move	$4, $18
        0c000000 00000844  601		jal	LCD_GetPixelIndex
        02802825 00000848  602		move	$5, $20
        02a02825 0000084c  603		move	$5, $21
        0200f809 00000850  604		jalr	$16
        304400ff 00000854  605		andi	$4, $2, 255
        26d6ffff 00000858  606		addiu	$22, $22, -1
        16c0fff7 0000085c  607		bne	$22, $0, .L142
        26520001 00000860  608		addiu	$18, $18, 1
        08000000 00000864  609		j	.L1000056
        8fb6003c 00000868  610		lw	$22, 60($sp)
                           611	.L1000144:
        0c000000 0000086c  612		jal	LCD_GetPixelColor
        02802825 00000870  613		move	$5, $20
        00027402 00000874  614		srl	$14, $2, 16
        000ec940 00000878  615		sll	$25, $14, 5
        032e6823 0000087c  616		subu	$13, $25, $14
        25b8007f 00000880  617		addiu	$24, $13, 127

                                   Tue Apr 07 08:53:04 2015           Page 13
                                   Tue Apr 07 08:53:04 2015       gh_2i046.s
        340f00ff 00000884  618		ori	$15, $0, 255
        030f001b 00000888  619		divu	$0,$24, $15
        00027202 0000088c  620		srl	$14, $2, 8
        00001812 00000890  621		mflo	$3
        31ce00ff 00000894  622		andi	$14, $14, 255
        000ec140 00000898  623		sll	$24, $14, 5
        030ec823 0000089c  624		subu	$25, $24, $14
        272f007f 000008a0  625		addiu	$15, $25, 127
        340e00ff 000008a4  626		ori	$14, $0, 255
        01ee001b 000008a8  627		divu	$0,$15, $14
        00005812 000008ac  628		mflo	$11
        304200ff 000008b0  629		andi	$2, $2, 255
        0002c140 000008b4  630		sll	$24, $2, 5
        0302c823 000008b8  631		subu	$25, $24, $2
        272f007f 000008bc  632		addiu	$15, $25, 127
        01ee001b 000008c0  633		divu	$0,$15, $14
        02a03025 000008c4  634		move	$6, $21
        000bc940 000008c8  635		sll	$25, $11, 5
        00001012 000008cc  636		mflo	$2
        00026a80 000008d0  637		sll	$13, $2, 10
        01b9c025 000008d4  638		or	$24, $13, $25
        03031825 000008d8  639		or	$3, $24, $3
        3065ffff 000008dc  640		andi	$5, $3, 65535
        0c000000 000008e0  641		jal	_SendU16
        02002025 000008e4  642		move	$4, $16
        26d6ffff 000008e8  643		addiu	$22, $22, -1
        16c0ffd3 000008ec  644		bne	$22, $0, .L142
        26520001 000008f0  645		addiu	$18, $18, 1
        8fb6003c 000008f4  646		lw	$22, 60($sp)
                           647	.L1000056:
        34140000 000008f8  648		ori	$20, $0, 0
        0296702a 000008fc  649		slt	$14, $20, $22
        11c00002 00000900  650		beq	$14, $0, .L453
        00000000 00000904  651		nop
        02c0a025 00000908  652		move	$20, $22
                           653	.L453:
        001490c2 0000090c  654		srl	$18, $20, 3
        1240001b 00000910  655		beq	$18, $0, .L149
        02a02825 00000914  656		move	$5, $21
                           657	.L1000165:
        0200f809 00000918  658		jalr	$16
        34040000 0000091c  659		ori	$4, $0, 0
        02a02825 00000920  660		move	$5, $21
        0200f809 00000924  661		jalr	$16
        34040000 00000928  662		ori	$4, $0, 0
        02a02825 0000092c  663		move	$5, $21
        0200f809 00000930  664		jalr	$16
        34040000 00000934  665		ori	$4, $0, 0
        02a02825 00000938  666		move	$5, $21
        0200f809 0000093c  667		jalr	$16
        34040000 00000940  668		ori	$4, $0, 0
        02a02825 00000944  669		move	$5, $21
        0200f809 00000948  670		jalr	$16
        34040000 0000094c  671		ori	$4, $0, 0
        02a02825 00000950  672		move	$5, $21
        0200f809 00000954  673		jalr	$16

                                   Tue Apr 07 08:53:04 2015           Page 14
                                   Tue Apr 07 08:53:04 2015       gh_2i046.s
        34040000 00000958  674		ori	$4, $0, 0
        02a02825 0000095c  675		move	$5, $21
        0200f809 00000960  676		jalr	$16
        34040000 00000964  677		ori	$4, $0, 0
        34040000 00000968  678		ori	$4, $0, 0
        0200f809 0000096c  679		jalr	$16
        02a02825 00000970  680		move	$5, $21
        2652ffff 00000974  681		addiu	$18, $18, -1
        5640ffe7 00000978  682		bnel	$18, $0, .L1000165
        02a02825 0000097c  683		move	$5, $21
                           684	.L149:
        32920007 00000980  685		andi	$18, $20, 7
        12400006 00000984  686		beq	$18, $0, .L53
        34040000 00000988  687		ori	$4, $0, 0
                           688	.L1000169:
        0200f809 0000098c  689		jalr	$16
        02a02825 00000990  690		move	$5, $21
        2652ffff 00000994  691		addiu	$18, $18, -1
        5640fffc 00000998  692		bnel	$18, $0, .L1000169
        34040000 0000099c  693		ori	$4, $0, 0
                           694	.L53:
        8fa10028 000009a0  695		lw	$1, 40($sp)
        242cffff 000009a4  696		addiu	$12, $1, -1
        8fa1002c 000009a8  697		lw	$1, 44($sp)
        afac0028 000009ac  698		sw	$12, 40($sp)
        242cffff 000009b0  699		addiu	$12, $1, -1
        0581fee1 000009b4  700		bgez	$12, .L54
        afac002c 000009b8  701		sw	$12, 44($sp)
        8fbe0020 000009bc  702		lw	$fp, 32($sp)
                           703	.L1000038:
                           704	 #	    .ef
        8fb7001c 000009c0  705		lw	$23, 28($sp)
        8fbf004c 000009c4  706		lw	$ra, 76($sp)
        8fb00000 000009c8  707		lw	$16, 0($sp)
        8fb10004 000009cc  708		lw	$17, 4($sp)
        8fb20008 000009d0  709		lw	$18, 8($sp)
        8fb3000c 000009d4  710		lw	$19, 12($sp)
        8fb40010 000009d8  711		lw	$20, 16($sp)
        8fb50014 000009dc  712		lw	$21, 20($sp)
        8fb60018 000009e0  713		lw	$22, 24($sp)
        03e00008 000009e4  714		jr	$ra
        27bd0050 000009e8  715		addiu	$sp, $sp, 80
                           716		.type	GUI_BMP_SerializeEx,@function
                           717		.size	GUI_BMP_SerializeEx,.-GUI_BMP_SerializeEx
                           718		.align	4
                           719	 #x	48($sp)	local
                           720	 #y	44($sp)	local
                           721	 #i	$22	local
                           722	 #BitmapOffset	$22	local
                           723	 #FileSize	68($sp)	local
                           724	 #BPP	$fp	local
                           725	 #BytesPerLine	64($sp)	local
                           726	 #NumColors	$23	local
                           727	 #Color16	$3	local
                           728	 #b	$3	local
                           729	 #g	$11	local

                                   Tue Apr 07 08:53:04 2015           Page 15
                                   Tue Apr 07 08:53:04 2015       gh_2i046.s
                           730	 #r	$2	local
                           731	
                           732	 #pfSerialize	$16	param
                           733	 #x0	$17	param
                           734	 #y0	$18	param
                           735	 #xSize	$19	param
                           736	 #ySize	$20	param
                           737	 #p	$21	param
                           738	
                           739		.data
                           740	.L450:
                           741		.text
                           742		.align	4
                           743		.align	4
                           744		.globl	GUI_BMP_Serialize
                           745	GUI_BMP_Serialize:
        27bdffe8 000009ec  746		addiu	$sp, $sp, -24
        afbf0014 000009f0  747		sw	$ra, 20($sp)
        afb20008 000009f4  748		sw	$18, 8($sp)
        afb10004 000009f8  749		sw	$17, 4($sp)
        afb00000 000009fc  750		sw	$16, 0($sp)
        00808025 00000a00  751		move	$16, $4
                           752	 #	    .bf
        0c000000 00000a04  753		jal	LCD_GetXSize
        00a08825 00000a08  754		move	$17, $5
        0c000000 00000a0c  755		jal	LCD_GetYSize
        00409025 00000a10  756		move	$18, $2
        02002025 00000a14  757		move	$4, $16
        02403825 00000a18  758		move	$7, $18
        00404025 00000a1c  759		move	$8, $2
        02204825 00000a20  760		move	$9, $17
        34050000 00000a24  761		ori	$5, $0, 0
        0c000000 00000a28  762		jal	GUI_BMP_SerializeEx
        34060000 00000a2c  763		ori	$6, $0, 0
                           764	 #	    .ef
        8fb00000 00000a30  765		lw	$16, 0($sp)
        8fbf0014 00000a34  766		lw	$ra, 20($sp)
        8fb10004 00000a38  767		lw	$17, 4($sp)
        8fb20008 00000a3c  768		lw	$18, 8($sp)
        03e00008 00000a40  769		jr	$ra
        27bd0018 00000a44  770		addiu	$sp, $sp, 24
                           771		.type	GUI_BMP_Serialize,@function
                           772		.size	GUI_BMP_Serialize,.-GUI_BMP_Serialize
                           773		.align	4
                           774	
                           775	 #pfSerialize	$16	param
                           776	 #p	$17	param
                           777	
                           778		.data
                           779	.L562:
                           780		.text
                           781		.align	4
                           782	
                           783		.data
                           784		.text
