
                                   Tue Apr 07 08:52:29 2015           Page 1
                                   Tue Apr 07 08:52:28 2015       gh_2i03c.s
Command Line:   C:\GHS\V35\mips35\asmips.exe -noundefined -elf -b0
                -IC:\local\Workspace\DC_V04.01.00_int\cu3x1Platform_SRC\emWinColour
                -IC:\local\Workspace\DC_V04.01.00_int\cu3x1Platform_SRC\platform\include
                -IC:\local\Workspace\DC_V04.01.00_int\cu3x1Platform_SRC\platform\common
                -IC:\local\Workspace\DC_V04.01.00_int\cu3x1Platform_SRC\platform\hardware
                -IC:\local\Workspace\DC_V04.01.00_int\cu3x1Platform_SRC\platform\hardware\D3018X
                -IC:\local\Workspace\DC_V04.01.00_int\cu3x1Platform_SRC\embos\inc
                -IC:\local\Workspace\DC_V04.01.00_int\cu3x1Platform_SRC\emWinColour\config
                -IC:\local\Workspace\DC_V04.01.00_int\cu3x1Platform_SRC\emWinColour\gui\ConvertMono
                -IC:\local\Workspace\DC_V04.01.00_int\cu3x1Platform_SRC\emWinColour\gui\Core
                -IC:\local\Workspace\DC_V04.01.00_int\cu3x1Platform_SRC\emWinColour\gui\Font
                -IC:\local\Workspace\DC_V04.01.00_int\cu3x1Platform_SRC\emWinColour\gui\LCDDriver
                -IC:\local\Workspace\DC_V04.01.00_int\cu3x1Platform_SRC\emWinColour\gui\MemDev
                -IC:\local\Workspace\DC_V04.01.00_int\cu3x1Platform_SRC\emWinColour\gui\VNC
                -IC:\local\Workspace\DC_V04.01.00_int\cu3x1Platform_SRC\emWinColour\gui\Widget
                -IC:\local\Workspace\DC_V04.01.00_int\cu3x1Platform_SRC\emWinColour\gui\wm
                -IC:\local\Workspace\DC_V04.01.00_int\cu3x1App_SRC\Control\source
                -IC:\local\Workspace\DC_V04.01.00_int\cu3x1App_SRC\Control\source\include
                -IC:\local\Workspace\DC_V04.01.00_int\cu3x1App_SRC\Control\source\util
                -IC:\local\Workspace\DC_V04.01.00_int\cu3x1App_SRC\Control\source\datapoint
                -IC:\local\Workspace\DC_V04.01.00_int\cu3x1App_SRC\Control\source\factory
                -IC:\local\Workspace\DC_V04.01.00_int\cu3x1Platform_SRC\embos
                -IC:\local\Workspace\DC_V04.01.00_int\cu3x1Platform_SRC\emWinColour\gui\core
                -IC:\local\Workspace\DC_V04.01.00_int\cu3x1App_SRC\Control\source\rtip\webpage
                -IC:\local\Workspace\DC_V04.01.00_int\cu3x1App_SRC\Control\source\rtip\config
                -IC:\local\Workspace\DC_V04.01.00_int\cu3x1App_SRC\Control\source\rtip\xnet
                -IC:\local\Workspace\DC_V04.01.00_int\cu3x1App_SRC\Control\source\stub
                -IC:\local\Workspace\DC_V04.01.00_int\cu3x1App_SRC\Control\source\test
                -IC:\local\Workspace\DC_V04.01.00_int\cu3x1App_SRC\Control\source\GENIpro
                -IC:\local\Workspace\DC_V04.01.00_int\cu3x1App_SRC\Control\source\GENIpro\GENI_sys
                -IC:\local\Workspace\DC_V04.01.00_int\cu3x1App_SRC\Control\source\GENIpro\GENIusb\emUSB\USB\Driver
                -IC:\local\Workspace\DC_V04.01.00_int\cu3x1App_SRC\Control\source\application\intercom
                -IC:\local\Workspace\DC_V04.01.00_int\cu3x1App_SRC\Control\source\application\controller
                -IC:\local\Workspace\DC_V04.01.00_int\cu3x1App_SRC\Control\source\application\driver
                -IC:\local\Workspace\DC_V04.01.00_int\cu3x1App_SRC\Control\source\application\webif
                -IC:\local\Workspace\DC_V04.01.00_int\cu3x1App_SRC\Control\source\application\relay
                -IC:\local\Workspace\DC_V04.01.00_int\cu3x1App_SRC\Control\source\application\GENIApp
                -IC:\local\Workspace\DC_V04.01.00_int\cu3x1App_SRC\Control\source\application\alarm
                -IC:\local\Workspace\DC_V04.01.00_int\cu3x1App_SRC\Control\source\application\config
                -IC:\local\Workspace\DC_V04.01.00_int\cu3x1App_SRC\Control\source\application\AnaInConfigCtrl
                -IC:\local\Workspace\DC_V04.01.00_int\cu3x1App_SRC\Control\source\application\Sms
                -IC:\local\Workspace\DC_V04.01.00_int\cu3x1App_SRC\Control\source\application\display
                -IC:\local\Workspace\DC_V04.01.00_int\cu3x1App_SRC\Control\source\application\display\display_task
                -IC:\local\Workspace\DC_V04.01.00_int\cu3x1App_SRC\Control\source\application\display\gui_utility
                -IC:\local\Workspace\DC_V04.01.00_int\cu3x1App_SRC\Control\source\application\display\mpcunit
                -IC:\local\Workspace\DC_V04.01.00_int\cu3x1App_SRC\Control\source\GeniPro
                -IC:\local\Workspace\DC_V04.01.00_int\cu3x1App_SRC\Control\source\GeniPro\GENI_sys
                -IC:\local\Workspace\DC_V04.01.00_int\cu3x1App_SRC\Control\source\GeniPro\GENIbus
                -IC:\local\Workspace\DC_V04.01.00_int\cu3x1App_SRC\Control\source\GeniPro\GENIcom
                -IC:\local\Workspace\DC_V04.01.00_int\cu3x1App_SRC\Control\source\GeniPro\GENIrs232
                -IC:\local\Workspace\DC_V04.01.00_int\cu3x1App_SRC\Control\source\GeniPro\Virtual
                -IC:\local\Workspace\DC_V04.01.00_int\cu3x1Platform_SRC\Platform\common
                -IC:\local\Workspace\DC_V04.01.00_int\cu3x1Platform_SRC\Platform\hardware
                -IC:\local\Workspace\DC_V04.01.00_int\cu3x1Platform_SRC\Platform\hardware\D3018X
                -IC:\local\Workspace\DC_V04.01.00_int\cu3x1App_SRC\Control\source\application\display\imagesTFT
                -IC:\GHS\V35\mips35\mipsl_sf -r4121 -source=GUI__CalcTextRect.c
                -o objs\gh_2i03c.o -list=objs\GUI__CalcTextRect.lst
                C:\Users\55602\AppData\Local\Temp\gh_2i03c.s
Source File:    C:\Users\55602\AppData\Local\Temp\gh_2i03c.s
Directory:      C:\local\Workspace\DC_V04.01.00_int\cu3x1App_SRC\Control\source
Host OS:        GHS_WIN32
Version:        AS-MIPS 3.5#11 
Release:        MULTI 2000, MIPS v3.5
Revision Date:  Wed Feb 27 12:19:03 2002
Release Date:   Sat Mar 02 02:57:59 2002
                             1	 #Source File:   C:\local\Workspace\DC_V04.01.00_int\cu3x1Platform_SRC\emWinColour\GUI\Core\GUI__CalcTextRect.c

                                   Tue Apr 07 08:52:29 2015           Page 2
                                   Tue Apr 07 08:52:28 2015       gh_2i03c.s
                             2	 #Directory:     
                             3	 #		C:\local\Workspace\DC_V04.01.00_int\cu3x1App_SRC\Control\source
                             4	 #Compile Date:  Tue Apr 07 08:52:28 2015
                             5	 #Host OS:       Win32
                             6	 #Version:       C-MIPS 3.5#11 RELEASE VERSION
                             7	 #Release:       MULTI 2000, MIPS v3.5
                             8	 #Revision Date: Fri Mar 01 11:32:40 2002
                             9	 #Release Date:  Sat Mar 02 02:58:48 2002
                            10		.set	noat
                            11		.set	noreorder
                            12		.set	nomacro
                            13		.text
                            14		.align	4
                            15		.globl	GUI__CalcTextRect
                            16	GUI__CalcTextRect:
        27bdffe0 00000000   17		addiu	$sp, $sp, -32
        afb20008 00000004   18		sw	$18, 8($sp)
                            19	 #	    .bf
        00e09025 00000008   20		move	$18, $7
        afb40010 0000000c   21		sw	$20, 16($sp)
        afb3000c 00000010   22		sw	$19, 12($sp)
        afb00000 00000014   23		sw	$16, 0($sp)
        00a08025 00000018   24		move	$16, $5
        afb10004 0000001c   25		sw	$17, 4($sp)
        00c08825 00000020   26		move	$17, $6
        1080006e 00000024   27		beq	$4, $0, .L4
        afbf001c 00000028   28		sw	$ra, 28($sp)
        0c000000 0000002c   29		jal	GUI_GetStringDistX
        00000000 00000030   30		nop
        32430003 00000034   31		andi	$3, $18, 3
        2463ffff 00000038   32		addiu	$3, $3, -1
        10600017 0000003c   33		beq	$3, $0, .L9
        0040a025 00000040   34		move	$20, $2
        2463ffff 00000044   35		addiu	$3, $3, -1
        14600020 00000048   36		bne	$3, $0, .L10
        00000000 0000004c   37		nop
        860d0004 00000050   38		lh	$13, 4($16)
        86020000 00000054   39		lh	$2, 0($16)
        01a27023 00000058   40		subu	$14, $13, $2
        25ce0001 0000005c   41		addiu	$14, $14, 1
        01d41823 00000060   42		subu	$3, $14, $20
        0003c7c3 00000064   43		sra	$24, $3, 31
        00187fc2 00000068   44		srl	$15, $24, 31
        01e37021 0000006c   45		addu	$14, $15, $3
        000e6843 00000070   46		sra	$13, $14, 1
        0c000000 00000074   47		jal	GUI_GetFontDistY
        004d9821 00000078   48		addu	$19, $2, $13
        3243000c 0000007c   49		andi	$3, $18, 12
        2463fffc 00000080   50		addiu	$3, $3, -4
        10600033 00000084   51		beq	$3, $0, .L14
        2463fff8 00000088   52		addiu	$3, $3, -8
        50600018 0000008c   53		beql	$3, $0, .L1000013
        86190006 00000090   54		lh	$25, 6($16)
        08000000 00000094   55		j	.L1000015
        86030002 00000098   56		lh	$3, 2($16)
                            57	.L9:

                                   Tue Apr 07 08:52:29 2015           Page 3
                                   Tue Apr 07 08:52:28 2015       gh_2i03c.s
        86180004 0000009c   58		lh	$24, 4($16)
        0314c823 000000a0   59		subu	$25, $24, $20
        0c000000 000000a4   60		jal	GUI_GetFontDistY
        27330001 000000a8   61		addiu	$19, $25, 1
        3243000c 000000ac   62		andi	$3, $18, 12
        2463fffc 000000b0   63		addiu	$3, $3, -4
        10600027 000000b4   64		beq	$3, $0, .L14
        2463fff8 000000b8   65		addiu	$3, $3, -8
        5060000c 000000bc   66		beql	$3, $0, .L1000013
        86190006 000000c0   67		lh	$25, 6($16)
        08000000 000000c4   68		j	.L1000015
        86030002 000000c8   69		lh	$3, 2($16)
                            70	.L10:
        0c000000 000000cc   71		jal	GUI_GetFontDistY
        86130000 000000d0   72		lh	$19, 0($16)
        3243000c 000000d4   73		andi	$3, $18, 12
        2463fffc 000000d8   74		addiu	$3, $3, -4
        1060001d 000000dc   75		beq	$3, $0, .L14
        2463fff8 000000e0   76		addiu	$3, $3, -8
        5460002e 000000e4   77		bnel	$3, $0, .L1000015
        86030002 000000e8   78		lh	$3, 2($16)
        86190006 000000ec   79		lh	$25, 6($16)
                            80	.L1000013:
        86180002 000000f0   81		lh	$24, 2($16)
        a6330000 000000f4   82		sh	$19, 0($17)
        03386823 000000f8   83		subu	$13, $25, $24
        25ad0001 000000fc   84		addiu	$13, $13, 1
        01a21823 00000100   85		subu	$3, $13, $2
        00037fc3 00000104   86		sra	$15, $3, 31
        000f77c2 00000108   87		srl	$14, $15, 31
        01c36821 0000010c   88		addu	$13, $14, $3
        000dc843 00000110   89		sra	$25, $13, 1
        03191821 00000114   90		addu	$3, $24, $25
        a6230002 00000118   91		sh	$3, 2($17)
        02747021 0000011c   92		addu	$14, $19, $20
        25ceffff 00000120   93		addiu	$14, $14, -1
        a62e0004 00000124   94		sh	$14, 4($17)
        0062c821 00000128   95		addu	$25, $3, $2
        2739ffff 0000012c   96		addiu	$25, $25, -1
        a6390006 00000130   97		sh	$25, 6($17)
        8fb20008 00000134   98		lw	$18, 8($sp)
        8fb10004 00000138   99		lw	$17, 4($sp)
        8fb00000 0000013c  100		lw	$16, 0($sp)
        8fbf001c 00000140  101		lw	$ra, 28($sp)
        8fb3000c 00000144  102		lw	$19, 12($sp)
        8fb40010 00000148  103		lw	$20, 16($sp)
        03e00008 0000014c  104		jr	$ra
        27bd0020 00000150  105		addiu	$sp, $sp, 32
                           106	.L14:
        860f0006 00000154  107		lh	$15, 6($16)
        a6330000 00000158  108		sh	$19, 0($17)
        02747021 0000015c  109		addu	$14, $19, $20
        01e2c023 00000160  110		subu	$24, $15, $2
        27030001 00000164  111		addiu	$3, $24, 1
        a6230002 00000168  112		sh	$3, 2($17)
        25ceffff 0000016c  113		addiu	$14, $14, -1

                                   Tue Apr 07 08:52:29 2015           Page 4
                                   Tue Apr 07 08:52:28 2015       gh_2i03c.s
        a62e0004 00000170  114		sh	$14, 4($17)
        0062c821 00000174  115		addu	$25, $3, $2
        2739ffff 00000178  116		addiu	$25, $25, -1
        a6390006 0000017c  117		sh	$25, 6($17)
        8fb40010 00000180  118		lw	$20, 16($sp)
        8fb3000c 00000184  119		lw	$19, 12($sp)
        8fbf001c 00000188  120		lw	$ra, 28($sp)
        8fb00000 0000018c  121		lw	$16, 0($sp)
        8fb10004 00000190  122		lw	$17, 4($sp)
        8fb20008 00000194  123		lw	$18, 8($sp)
        03e00008 00000198  124		jr	$ra
        27bd0020 0000019c  125		addiu	$sp, $sp, 32
                           126	.L1000015:
        a6330000 000001a0  127		sh	$19, 0($17)
        02747021 000001a4  128		addu	$14, $19, $20
        a6230002 000001a8  129		sh	$3, 2($17)
        25ceffff 000001ac  130		addiu	$14, $14, -1
        a62e0004 000001b0  131		sh	$14, 4($17)
        0062c821 000001b4  132		addu	$25, $3, $2
        2739ffff 000001b8  133		addiu	$25, $25, -1
        a6390006 000001bc  134		sh	$25, 6($17)
        8fb40010 000001c0  135		lw	$20, 16($sp)
        8fb3000c 000001c4  136		lw	$19, 12($sp)
        8fbf001c 000001c8  137		lw	$ra, 28($sp)
        8fb00000 000001cc  138		lw	$16, 0($sp)
        8fb10004 000001d0  139		lw	$17, 4($sp)
        8fb20008 000001d4  140		lw	$18, 8($sp)
        03e00008 000001d8  141		jr	$ra
        27bd0020 000001dc  142		addiu	$sp, $sp, 32
                           143	.L4:
        86030000 000001e0  144		lh	$3, 0($16)
        86020002 000001e4  145		lh	$2, 2($16)
        86190004 000001e8  146		lh	$25, 4($16)
        86180006 000001ec  147		lh	$24, 6($16)
        a6230000 000001f0  148		sh	$3, 0($17)
        a6220002 000001f4  149		sh	$2, 2($17)
        a6390004 000001f8  150		sh	$25, 4($17)
        a6380006 000001fc  151		sh	$24, 6($17)
                           152	 #	    .ef
        8fb20008 00000200  153		lw	$18, 8($sp)
        8fb10004 00000204  154		lw	$17, 4($sp)
        8fb00000 00000208  155		lw	$16, 0($sp)
        8fbf001c 0000020c  156		lw	$ra, 28($sp)
        8fb3000c 00000210  157		lw	$19, 12($sp)
        8fb40010 00000214  158		lw	$20, 16($sp)
        03e00008 00000218  159		jr	$ra
        27bd0020 0000021c  160		addiu	$sp, $sp, 32
                           161		.type	GUI__CalcTextRect,@function
                           162		.size	GUI__CalcTextRect,.-GUI__CalcTextRect
                           163		.align	4
                           164	 #xPos	$19	local
                           165	 #yPos	$3	local
                           166	 #TextWidth	$20	local
                           167	 #TextHeight	$2	local
                           168	
                           169	 #pText	$4	param

                                   Tue Apr 07 08:52:29 2015           Page 5
                                   Tue Apr 07 08:52:28 2015       gh_2i03c.s
                           170	 #pTextRectIn	$16	param
                           171	 #pTextRectOut	$17	param
                           172	 #TextAlign	$18	param
                           173	
                           174		.data
                           175	.L58:
                           176		.text
                           177		.align	4
                           178	
                           179		.data
                           180		.text
