
                                   Tue Apr 07 08:53:53 2015           Page 1
                                   Tue Apr 07 08:53:53 2015       gh_2i05a.s
Command Line:   C:\GHS\V35\mips35\asmips.exe -noundefined -elf -b0
                -IC:\local\Workspace\DC_V04.01.00_int\cu3x1Platform_SRC\emWinColour
                -IC:\local\Workspace\DC_V04.01.00_int\cu3x1Platform_SRC\platform\include
                -IC:\local\Workspace\DC_V04.01.00_int\cu3x1Platform_SRC\platform\common
                -IC:\local\Workspace\DC_V04.01.00_int\cu3x1Platform_SRC\platform\hardware
                -IC:\local\Workspace\DC_V04.01.00_int\cu3x1Platform_SRC\platform\hardware\D3018X
                -IC:\local\Workspace\DC_V04.01.00_int\cu3x1Platform_SRC\embos\inc
                -IC:\local\Workspace\DC_V04.01.00_int\cu3x1Platform_SRC\emWinColour\config
                -IC:\local\Workspace\DC_V04.01.00_int\cu3x1Platform_SRC\emWinColour\gui\ConvertMono
                -IC:\local\Workspace\DC_V04.01.00_int\cu3x1Platform_SRC\emWinColour\gui\Core
                -IC:\local\Workspace\DC_V04.01.00_int\cu3x1Platform_SRC\emWinColour\gui\Font
                -IC:\local\Workspace\DC_V04.01.00_int\cu3x1Platform_SRC\emWinColour\gui\LCDDriver
                -IC:\local\Workspace\DC_V04.01.00_int\cu3x1Platform_SRC\emWinColour\gui\MemDev
                -IC:\local\Workspace\DC_V04.01.00_int\cu3x1Platform_SRC\emWinColour\gui\VNC
                -IC:\local\Workspace\DC_V04.01.00_int\cu3x1Platform_SRC\emWinColour\gui\Widget
                -IC:\local\Workspace\DC_V04.01.00_int\cu3x1Platform_SRC\emWinColour\gui\wm
                -IC:\local\Workspace\DC_V04.01.00_int\cu3x1App_SRC\Control\source
                -IC:\local\Workspace\DC_V04.01.00_int\cu3x1App_SRC\Control\source\include
                -IC:\local\Workspace\DC_V04.01.00_int\cu3x1App_SRC\Control\source\util
                -IC:\local\Workspace\DC_V04.01.00_int\cu3x1App_SRC\Control\source\datapoint
                -IC:\local\Workspace\DC_V04.01.00_int\cu3x1App_SRC\Control\source\factory
                -IC:\local\Workspace\DC_V04.01.00_int\cu3x1Platform_SRC\embos
                -IC:\local\Workspace\DC_V04.01.00_int\cu3x1Platform_SRC\emWinColour\gui\core
                -IC:\local\Workspace\DC_V04.01.00_int\cu3x1App_SRC\Control\source\rtip\webpage
                -IC:\local\Workspace\DC_V04.01.00_int\cu3x1App_SRC\Control\source\rtip\config
                -IC:\local\Workspace\DC_V04.01.00_int\cu3x1App_SRC\Control\source\rtip\xnet
                -IC:\local\Workspace\DC_V04.01.00_int\cu3x1App_SRC\Control\source\stub
                -IC:\local\Workspace\DC_V04.01.00_int\cu3x1App_SRC\Control\source\test
                -IC:\local\Workspace\DC_V04.01.00_int\cu3x1App_SRC\Control\source\GENIpro
                -IC:\local\Workspace\DC_V04.01.00_int\cu3x1App_SRC\Control\source\GENIpro\GENI_sys
                -IC:\local\Workspace\DC_V04.01.00_int\cu3x1App_SRC\Control\source\GENIpro\GENIusb\emUSB\USB\Driver
                -IC:\local\Workspace\DC_V04.01.00_int\cu3x1App_SRC\Control\source\application\intercom
                -IC:\local\Workspace\DC_V04.01.00_int\cu3x1App_SRC\Control\source\application\controller
                -IC:\local\Workspace\DC_V04.01.00_int\cu3x1App_SRC\Control\source\application\driver
                -IC:\local\Workspace\DC_V04.01.00_int\cu3x1App_SRC\Control\source\application\webif
                -IC:\local\Workspace\DC_V04.01.00_int\cu3x1App_SRC\Control\source\application\relay
                -IC:\local\Workspace\DC_V04.01.00_int\cu3x1App_SRC\Control\source\application\GENIApp
                -IC:\local\Workspace\DC_V04.01.00_int\cu3x1App_SRC\Control\source\application\alarm
                -IC:\local\Workspace\DC_V04.01.00_int\cu3x1App_SRC\Control\source\application\config
                -IC:\local\Workspace\DC_V04.01.00_int\cu3x1App_SRC\Control\source\application\AnaInConfigCtrl
                -IC:\local\Workspace\DC_V04.01.00_int\cu3x1App_SRC\Control\source\application\Sms
                -IC:\local\Workspace\DC_V04.01.00_int\cu3x1App_SRC\Control\source\application\display
                -IC:\local\Workspace\DC_V04.01.00_int\cu3x1App_SRC\Control\source\application\display\display_task
                -IC:\local\Workspace\DC_V04.01.00_int\cu3x1App_SRC\Control\source\application\display\gui_utility
                -IC:\local\Workspace\DC_V04.01.00_int\cu3x1App_SRC\Control\source\application\display\mpcunit
                -IC:\local\Workspace\DC_V04.01.00_int\cu3x1App_SRC\Control\source\GeniPro
                -IC:\local\Workspace\DC_V04.01.00_int\cu3x1App_SRC\Control\source\GeniPro\GENI_sys
                -IC:\local\Workspace\DC_V04.01.00_int\cu3x1App_SRC\Control\source\GeniPro\GENIbus
                -IC:\local\Workspace\DC_V04.01.00_int\cu3x1App_SRC\Control\source\GeniPro\GENIcom
                -IC:\local\Workspace\DC_V04.01.00_int\cu3x1App_SRC\Control\source\GeniPro\GENIrs232
                -IC:\local\Workspace\DC_V04.01.00_int\cu3x1App_SRC\Control\source\GeniPro\Virtual
                -IC:\local\Workspace\DC_V04.01.00_int\cu3x1Platform_SRC\Platform\common
                -IC:\local\Workspace\DC_V04.01.00_int\cu3x1Platform_SRC\Platform\hardware
                -IC:\local\Workspace\DC_V04.01.00_int\cu3x1Platform_SRC\Platform\hardware\D3018X
                -IC:\local\Workspace\DC_V04.01.00_int\cu3x1App_SRC\Control\source\application\display\imagesTFT
                -IC:\GHS\V35\mips35\mipsl_sf -r4121
                -source=GUI_DispStringInRectEx.c -o objs\gh_2i05a.o
                -list=objs\GUI_DispStringInRectEx.lst
                C:\Users\55602\AppData\Local\Temp\gh_2i05a.s
Source File:    C:\Users\55602\AppData\Local\Temp\gh_2i05a.s
Directory:      C:\local\Workspace\DC_V04.01.00_int\cu3x1App_SRC\Control\source
Host OS:        GHS_WIN32
Version:        AS-MIPS 3.5#11 
Release:        MULTI 2000, MIPS v3.5
Revision Date:  Wed Feb 27 12:19:03 2002
Release Date:   Sat Mar 02 02:57:59 2002
                             1	 #Source File:   C:\local\Workspace\DC_V04.01.00_int\cu3x1Platform_SRC\emWinColour\GUI\Core\GUI_DispStringInRectEx.c

                                   Tue Apr 07 08:53:53 2015           Page 2
                                   Tue Apr 07 08:53:53 2015       gh_2i05a.s
                             2	 #Directory:     
                             3	 #		C:\local\Workspace\DC_V04.01.00_int\cu3x1App_SRC\Control\source
                             4	 #Compile Date:  Tue Apr 07 08:53:53 2015
                             5	 #Host OS:       Win32
                             6	 #Version:       C-MIPS 3.5#11 RELEASE VERSION
                             7	 #Release:       MULTI 2000, MIPS v3.5
                             8	 #Revision Date: Fri Mar 01 11:32:40 2002
                             9	 #Release Date:  Sat Mar 02 02:58:48 2002
                            10		.set	noat
                            11		.set	noreorder
                            12		.set	nomacro
                            13		.text
                            14		.align	4
                            15	_SetRotation:
        27bdfff0 00000000   16		addiu	$sp, $sp, -16
        afbf000c 00000004   17		sw	$ra, 12($sp)
        afb10004 00000008   18		sw	$17, 4($sp)
        afb00000 0000000c   19		sw	$16, 0($sp)
                            20	 #	    .bf
        0c000000 00000010   21		jal	GUI_Lock
        00808025 00000014   22		move	$16, $4
        1200000b 00000018   23		beq	$16, $0, .L4
        8f910000 0000001c   24		lw	$17, %sdaoff(GUI_pLCD_APIList)($28)
        3c010000 00000020   25		lui	$1, %hi(GUI_Context+20)
        ac200000 00000024   26		sw	$0, %lo(GUI_Context+20)($1)
        0c000000 00000028   27		jal	GUI_Unlock
        af900000 0000002c   28		sw	$16, %sdaoff(GUI_pLCD_APIList)($28)
        02201025 00000030   29		move	$2, $17
        8fbf000c 00000034   30		lw	$ra, 12($sp)
        8fb00000 00000038   31		lw	$16, 0($sp)
        8fb10004 0000003c   32		lw	$17, 4($sp)
        03e00008 00000040   33		jr	$ra
        27bd0010 00000044   34		addiu	$sp, $sp, 16
                            35	.L4:
        3c030000 00000048   36		lui	$3, %hi(GUI_Context)
        24630000 0000004c   37		addiu	$3, $3, %lo(GUI_Context)
        246f0008 00000050   38		addiu	$15, $3, 8
        ac6f0014 00000054   39		sw	$15, 20($3)
        0c000000 00000058   40		jal	GUI_Unlock
        af900000 0000005c   41		sw	$16, %sdaoff(GUI_pLCD_APIList)($28)
                            42	 #	    .ef
        02201025 00000060   43		move	$2, $17
        8fbf000c 00000064   44		lw	$ra, 12($sp)
        8fb00000 00000068   45		lw	$16, 0($sp)
        8fb10004 0000006c   46		lw	$17, 4($sp)
        03e00008 00000070   47		jr	$ra
        27bd0010 00000074   48		addiu	$sp, $sp, 16
                            49		.type	_SetRotation,@function
                            50		.size	_SetRotation,.-_SetRotation
                            51		.align	4
                            52	 #pLCD_ApiOld	$17	local
                            53	
                            54	 #pLCD_Api	$16	param
                            55	
                            56		.data
                            57	.L27:

                                   Tue Apr 07 08:53:53 2015           Page 3
                                   Tue Apr 07 08:53:53 2015       gh_2i05a.s
                            58		.text
                            59		.align	4
                            60		.align	4
                            61		.globl	GUI_DispStringInRectEx
                            62	GUI_DispStringInRectEx:
        27bdffc8 00000078   63		addiu	$sp, $sp, -56
        afb3000c 0000007c   64		sw	$19, 12($sp)
                            65	 #	    .bf
        00e09825 00000080   66		move	$19, $7
        afb60018 00000084   67		sw	$22, 24($sp)
        afb50014 00000088   68		sw	$21, 20($sp)
        afb00000 0000008c   69		sw	$16, 0($sp)
        00808025 00000090   70		move	$16, $4
        afb10004 00000094   71		sw	$17, 4($sp)
        00a08825 00000098   72		move	$17, $5
        afb20008 0000009c   73		sw	$18, 8($sp)
        00c09025 000000a0   74		move	$18, $6
        afb40010 000000a4   75		sw	$20, 16($sp)
        0100a025 000000a8   76		move	$20, $8
        1680000d 000000ac   77		bne	$20, $0, .L39
        afbf0034 000000b0   78		sw	$ra, 52($sp)
        0c000000 000000b4   79		jal	GUI_DispStringInRectMax
        00000000 000000b8   80		nop
        8fb40010 000000bc   81		lw	$20, 16($sp)
        8fb3000c 000000c0   82		lw	$19, 12($sp)
        8fb20008 000000c4   83		lw	$18, 8($sp)
        8fb10004 000000c8   84		lw	$17, 4($sp)
        8fb00000 000000cc   85		lw	$16, 0($sp)
        8fbf0034 000000d0   86		lw	$ra, 52($sp)
        8fb50014 000000d4   87		lw	$21, 20($sp)
        8fb60018 000000d8   88		lw	$22, 24($sp)
        03e00008 000000dc   89		jr	$ra
        27bd0038 000000e0   90		addiu	$sp, $sp, 56
                            91	.L39:
        3c180000 000000e4   92		lui	$24, %hi(.L76)
        8f0e0000 000000e8   93		lw	$14, %lo(.L76)($24)
        27180000 000000ec   94		addiu	$24, $24, %lo(.L76)
        8f0d0004 000000f0   95		lw	$13, 4($24)
        afae0020 000000f4   96		sw	$14, 32($sp)
        0c000000 000000f8   97		jal	GUI_Lock
        afad0024 000000fc   98		sw	$13, 36($sp)
        12200018 00000100   99		beq	$17, $0, .L42
        34150000 00000104  100		ori	$21, $0, 0
        86230000 00000108  101		lh	$3, 0($17)
        86220002 0000010c  102		lh	$2, 2($17)
        86380006 00000110  103		lh	$24, 6($17)
        86390004 00000114  104		lh	$25, 4($17)
        a7a30020 00000118  105		sh	$3, 32($sp)
        a7a20022 0000011c  106		sh	$2, 34($sp)
        a7b90024 00000120  107		sh	$25, 36($sp)
        8fb90020 00000124  108		lw	$25, 32($sp)
        a7b80026 00000128  109		sh	$24, 38($sp)
        8fb80024 0000012c  110		lw	$24, 36($sp)
        af990000 00000130  111		sw	$25, %sdaoff(GUI_RectDispString)($28)
        02202025 00000134  112		move	$4, $17
        0c000000 00000138  113		jal	WM_SetUserClipRect

                                   Tue Apr 07 08:53:53 2015           Page 4
                                   Tue Apr 07 08:53:53 2015       gh_2i05a.s
        af980000 0000013c  114		sw	$24, %sdaoff(GUI_RectDispString+4)($28)
        0040a825 00000140  115		move	$21, $2
        12a00007 00000144  116		beq	$21, $0, .L42
        27b60028 00000148  117		addiu	$22, $sp, 40
        02c02025 0000014c  118		move	$4, $22
        02202825 00000150  119		move	$5, $17
        0c000000 00000154  120		jal	GUI__IntersectRects
        02a03025 00000158  121		move	$6, $21
        0c000000 0000015c  122		jal	WM_SetUserClipRect
        02c02025 00000160  123		move	$4, $22
                           124	.L42:
        0c000000 00000164  125		jal	_SetRotation
        02802025 00000168  126		move	$4, $20
        8e8e0004 0000016c  127		lw	$14, 4($20)
        0040b025 00000170  128		move	$22, $2
        27b10020 00000174  129		addiu	$17, $sp, 32
        01c0f809 00000178  130		jalr	$14
        02202025 0000017c  131		move	$4, $17
        02002025 00000180  132		move	$4, $16
        02202825 00000184  133		move	$5, $17
        02403025 00000188  134		move	$6, $18
        0c000000 0000018c  135		jal	GUI__DispStringInRect
        02603825 00000190  136		move	$7, $19
        0c000000 00000194  137		jal	WM_SetUserClipRect
        02a02025 00000198  138		move	$4, $21
        0c000000 0000019c  139		jal	_SetRotation
        02c02025 000001a0  140		move	$4, $22
        0c000000 000001a4  141		jal	GUI_Unlock
        00000000 000001a8  142		nop
                           143	 #	    .ef
        8fb40010 000001ac  144		lw	$20, 16($sp)
        8fb3000c 000001b0  145		lw	$19, 12($sp)
        8fb20008 000001b4  146		lw	$18, 8($sp)
        8fb10004 000001b8  147		lw	$17, 4($sp)
        8fb00000 000001bc  148		lw	$16, 0($sp)
        8fbf0034 000001c0  149		lw	$ra, 52($sp)
        8fb50014 000001c4  150		lw	$21, 20($sp)
        8fb60018 000001c8  151		lw	$22, 24($sp)
        03e00008 000001cc  152		jr	$ra
        27bd0038 000001d0  153		addiu	$sp, $sp, 56
                           154		.type	GUI_DispStringInRectEx,@function
                           155		.size	GUI_DispStringInRectEx,.-GUI_DispStringInRectEx
                           156		.align	4
                           157	 #pLCD_ApiOld	$22	local
                           158	 #pOldClipRect	$21	local
                           159	 #rClip	40($sp)	local
                           160	 #rText	32($sp)	local
                           161	 #.L73	.L76	static
                           162	
                           163	 #s	$16	param
                           164	 #pRect	$17	param
                           165	 #TextAlign	$18	param
                           166	 #MaxLen	$19	param
                           167	 #pLCD_Api	$20	param
                           168	
                           169		.data

                                   Tue Apr 07 08:53:53 2015           Page 5
                                   Tue Apr 07 08:53:53 2015       gh_2i05a.s
                           170	.L72:
                           171		.section ".rodata","a"
            0000 00000000  172	.L76:	.space	2
            0000 00000002  173		.space	2
            0000 00000004  174		.space	2
            0000 00000006  175		.space	2
                           176		.type	.L76,@object
                           177		.size	.L76,8
                           178		.data
                           179		.text
                           180		.align	4
                           181	 #GUI_Context	GUI_Context	import
                           182	 #GUI_pLCD_APIList	%sdaoff(GUI_pLCD_APIList)	import
                           183	
                           184		.data
                           185		.sbss	GUI_RectDispString,8,4
                           186		.type	GUI_RectDispString,@object
                           187		.size	GUI_RectDispString,8
                           188		.section ".rodata","a"
                           189		.align	4
                           190		.text
