
                                   Tue Apr 07 08:53:00 2015           Page 1
                                   Tue Apr 07 08:53:00 2015       gh_2i043.s
Command Line:   C:\GHS\V35\mips35\asmips.exe -noundefined -elf -b0
                -IC:\local\Workspace\DC_V04.01.00_int\cu3x1Platform_SRC\emWinColour
                -IC:\local\Workspace\DC_V04.01.00_int\cu3x1Platform_SRC\platform\include
                -IC:\local\Workspace\DC_V04.01.00_int\cu3x1Platform_SRC\platform\common
                -IC:\local\Workspace\DC_V04.01.00_int\cu3x1Platform_SRC\platform\hardware
                -IC:\local\Workspace\DC_V04.01.00_int\cu3x1Platform_SRC\platform\hardware\D3018X
                -IC:\local\Workspace\DC_V04.01.00_int\cu3x1Platform_SRC\embos\inc
                -IC:\local\Workspace\DC_V04.01.00_int\cu3x1Platform_SRC\emWinColour\config
                -IC:\local\Workspace\DC_V04.01.00_int\cu3x1Platform_SRC\emWinColour\gui\ConvertMono
                -IC:\local\Workspace\DC_V04.01.00_int\cu3x1Platform_SRC\emWinColour\gui\Core
                -IC:\local\Workspace\DC_V04.01.00_int\cu3x1Platform_SRC\emWinColour\gui\Font
                -IC:\local\Workspace\DC_V04.01.00_int\cu3x1Platform_SRC\emWinColour\gui\LCDDriver
                -IC:\local\Workspace\DC_V04.01.00_int\cu3x1Platform_SRC\emWinColour\gui\MemDev
                -IC:\local\Workspace\DC_V04.01.00_int\cu3x1Platform_SRC\emWinColour\gui\VNC
                -IC:\local\Workspace\DC_V04.01.00_int\cu3x1Platform_SRC\emWinColour\gui\Widget
                -IC:\local\Workspace\DC_V04.01.00_int\cu3x1Platform_SRC\emWinColour\gui\wm
                -IC:\local\Workspace\DC_V04.01.00_int\cu3x1App_SRC\Control\source
                -IC:\local\Workspace\DC_V04.01.00_int\cu3x1App_SRC\Control\source\include
                -IC:\local\Workspace\DC_V04.01.00_int\cu3x1App_SRC\Control\source\util
                -IC:\local\Workspace\DC_V04.01.00_int\cu3x1App_SRC\Control\source\datapoint
                -IC:\local\Workspace\DC_V04.01.00_int\cu3x1App_SRC\Control\source\factory
                -IC:\local\Workspace\DC_V04.01.00_int\cu3x1Platform_SRC\embos
                -IC:\local\Workspace\DC_V04.01.00_int\cu3x1Platform_SRC\emWinColour\gui\core
                -IC:\local\Workspace\DC_V04.01.00_int\cu3x1App_SRC\Control\source\rtip\webpage
                -IC:\local\Workspace\DC_V04.01.00_int\cu3x1App_SRC\Control\source\rtip\config
                -IC:\local\Workspace\DC_V04.01.00_int\cu3x1App_SRC\Control\source\rtip\xnet
                -IC:\local\Workspace\DC_V04.01.00_int\cu3x1App_SRC\Control\source\stub
                -IC:\local\Workspace\DC_V04.01.00_int\cu3x1App_SRC\Control\source\test
                -IC:\local\Workspace\DC_V04.01.00_int\cu3x1App_SRC\Control\source\GENIpro
                -IC:\local\Workspace\DC_V04.01.00_int\cu3x1App_SRC\Control\source\GENIpro\GENI_sys
                -IC:\local\Workspace\DC_V04.01.00_int\cu3x1App_SRC\Control\source\GENIpro\GENIusb\emUSB\USB\Driver
                -IC:\local\Workspace\DC_V04.01.00_int\cu3x1App_SRC\Control\source\application\intercom
                -IC:\local\Workspace\DC_V04.01.00_int\cu3x1App_SRC\Control\source\application\controller
                -IC:\local\Workspace\DC_V04.01.00_int\cu3x1App_SRC\Control\source\application\driver
                -IC:\local\Workspace\DC_V04.01.00_int\cu3x1App_SRC\Control\source\application\webif
                -IC:\local\Workspace\DC_V04.01.00_int\cu3x1App_SRC\Control\source\application\relay
                -IC:\local\Workspace\DC_V04.01.00_int\cu3x1App_SRC\Control\source\application\GENIApp
                -IC:\local\Workspace\DC_V04.01.00_int\cu3x1App_SRC\Control\source\application\alarm
                -IC:\local\Workspace\DC_V04.01.00_int\cu3x1App_SRC\Control\source\application\config
                -IC:\local\Workspace\DC_V04.01.00_int\cu3x1App_SRC\Control\source\application\AnaInConfigCtrl
                -IC:\local\Workspace\DC_V04.01.00_int\cu3x1App_SRC\Control\source\application\Sms
                -IC:\local\Workspace\DC_V04.01.00_int\cu3x1App_SRC\Control\source\application\display
                -IC:\local\Workspace\DC_V04.01.00_int\cu3x1App_SRC\Control\source\application\display\display_task
                -IC:\local\Workspace\DC_V04.01.00_int\cu3x1App_SRC\Control\source\application\display\gui_utility
                -IC:\local\Workspace\DC_V04.01.00_int\cu3x1App_SRC\Control\source\application\display\mpcunit
                -IC:\local\Workspace\DC_V04.01.00_int\cu3x1App_SRC\Control\source\GeniPro
                -IC:\local\Workspace\DC_V04.01.00_int\cu3x1App_SRC\Control\source\GeniPro\GENI_sys
                -IC:\local\Workspace\DC_V04.01.00_int\cu3x1App_SRC\Control\source\GeniPro\GENIbus
                -IC:\local\Workspace\DC_V04.01.00_int\cu3x1App_SRC\Control\source\GeniPro\GENIcom
                -IC:\local\Workspace\DC_V04.01.00_int\cu3x1App_SRC\Control\source\GeniPro\GENIrs232
                -IC:\local\Workspace\DC_V04.01.00_int\cu3x1App_SRC\Control\source\GeniPro\Virtual
                -IC:\local\Workspace\DC_V04.01.00_int\cu3x1Platform_SRC\Platform\common
                -IC:\local\Workspace\DC_V04.01.00_int\cu3x1Platform_SRC\Platform\hardware
                -IC:\local\Workspace\DC_V04.01.00_int\cu3x1Platform_SRC\Platform\hardware\D3018X
                -IC:\local\Workspace\DC_V04.01.00_int\cu3x1App_SRC\Control\source\application\display\imagesTFT
                -IC:\GHS\V35\mips35\mipsl_sf -r4121 -source=GUI_ALLOC_AllocInit.c
                -o objs\gh_2i043.o -list=objs\GUI_ALLOC_AllocInit.lst
                C:\Users\55602\AppData\Local\Temp\gh_2i043.s
Source File:    C:\Users\55602\AppData\Local\Temp\gh_2i043.s
Directory:      C:\local\Workspace\DC_V04.01.00_int\cu3x1App_SRC\Control\source
Host OS:        GHS_WIN32
Version:        AS-MIPS 3.5#11 
Release:        MULTI 2000, MIPS v3.5
Revision Date:  Wed Feb 27 12:19:03 2002
Release Date:   Sat Mar 02 02:57:59 2002
                             1	 #Source File:   C:\local\Workspace\DC_V04.01.00_int\cu3x1Platform_SRC\emWinColour\GUI\Core\GUI_ALLOC_AllocInit.c

                                   Tue Apr 07 08:53:00 2015           Page 2
                                   Tue Apr 07 08:53:00 2015       gh_2i043.s
                             2	 #Directory:     
                             3	 #		C:\local\Workspace\DC_V04.01.00_int\cu3x1App_SRC\Control\source
                             4	 #Compile Date:  Tue Apr 07 08:53:00 2015
                             5	 #Host OS:       Win32
                             6	 #Version:       C-MIPS 3.5#11 RELEASE VERSION
                             7	 #Release:       MULTI 2000, MIPS v3.5
                             8	 #Revision Date: Fri Mar 01 11:32:40 2002
                             9	 #Release Date:  Sat Mar 02 02:58:48 2002
                            10		.set	noat
                            11		.set	noreorder
                            12		.set	nomacro
                            13		.text
                            14		.align	4
                            15		.globl	GUI_ALLOC_AllocInit
                            16	GUI_ALLOC_AllocInit:
        27bdffe8 00000000   17		addiu	$sp, $sp, -24
        afbf0014 00000004   18		sw	$ra, 20($sp)
        afb20008 00000008   19		sw	$18, 8($sp)
        afb10004 0000000c   20		sw	$17, 4($sp)
        afb00000 00000010   21		sw	$16, 0($sp)
        00808025 00000014   22		move	$16, $4
                            23	 #	    .bf
        0c000000 00000018   24		jal	GUI_Lock
        00a08825 0000001c   25		move	$17, $5
        16200008 00000020   26		bne	$17, $0, .L4
        00000000 00000024   27		nop
        8fb20008 00000028   28		lw	$18, 8($sp)
        8fb10004 0000002c   29		lw	$17, 4($sp)
        8fbf0014 00000030   30		lw	$ra, 20($sp)
        8fb00000 00000034   31		lw	$16, 0($sp)
        27bd0018 00000038   32		addiu	$sp, $sp, 24
        03e00008 0000003c   33		jr	$ra
        34020000 00000040   34		ori	$2, $0, 0
                            35	.L4:
        0c000000 00000044   36		jal	GUI_ALLOC_AllocNoInit
        02202025 00000048   37		move	$4, $17
        00409025 0000004c   38		move	$18, $2
        12400014 00000050   39		beq	$18, $0, .L7
        00000000 00000054   40		nop
        0c000000 00000058   41		jal	GUI_ALLOC_h2p
        02402025 0000005c   42		move	$4, $18
        1200000d 00000060   43		beq	$16, $0, .L9
        00402025 00000064   44		move	$4, $2
        02002825 00000068   45		move	$5, $16
        0c000000 0000006c   46		jal	memcpy
        02203025 00000070   47		move	$6, $17
        0c000000 00000074   48		jal	GUI_Unlock
        00000000 00000078   49		nop
        02401025 0000007c   50		move	$2, $18
        8fb00000 00000080   51		lw	$16, 0($sp)
        8fbf0014 00000084   52		lw	$ra, 20($sp)
        8fb10004 00000088   53		lw	$17, 4($sp)
        8fb20008 0000008c   54		lw	$18, 8($sp)
        03e00008 00000090   55		jr	$ra
        27bd0018 00000094   56		addiu	$sp, $sp, 24
                            57	.L9:

                                   Tue Apr 07 08:53:00 2015           Page 3
                                   Tue Apr 07 08:53:00 2015       gh_2i043.s
        02203025 00000098   58		move	$6, $17
        0c000000 0000009c   59		jal	GUI__memset
        34050000 000000a0   60		ori	$5, $0, 0
                            61	.L7:
        0c000000 000000a4   62		jal	GUI_Unlock
        00000000 000000a8   63		nop
                            64	 #	    .ef
        02401025 000000ac   65		move	$2, $18
        8fb00000 000000b0   66		lw	$16, 0($sp)
        8fbf0014 000000b4   67		lw	$ra, 20($sp)
        8fb10004 000000b8   68		lw	$17, 4($sp)
        8fb20008 000000bc   69		lw	$18, 8($sp)
        03e00008 000000c0   70		jr	$ra
        27bd0018 000000c4   71		addiu	$sp, $sp, 24
                            72		.type	GUI_ALLOC_AllocInit,@function
                            73		.size	GUI_ALLOC_AllocInit,.-GUI_ALLOC_AllocInit
                            74		.align	4
                            75	 #hMem	$18	local
                            76	 #pMem	$4	local
                            77	
                            78	 #pInitData	$16	param
                            79	 #Size	$17	param
                            80	
                            81		.data
                            82	.L41:
                            83		.text
                            84		.align	4
                            85	
                            86		.data
                            87		.text
