
                                   Tue Apr 07 08:56:16 2015           Page 1
                                   Tue Apr 07 08:56:16 2015       gh_2i08a.s
Command Line:   C:\GHS\V35\mips35\asmips.exe -noundefined -elf -b0
                -IC:\local\Workspace\DC_V04.01.00_int\cu3x1Platform_SRC\emWinColour
                -IC:\local\Workspace\DC_V04.01.00_int\cu3x1Platform_SRC\platform\include
                -IC:\local\Workspace\DC_V04.01.00_int\cu3x1Platform_SRC\platform\common
                -IC:\local\Workspace\DC_V04.01.00_int\cu3x1Platform_SRC\platform\hardware
                -IC:\local\Workspace\DC_V04.01.00_int\cu3x1Platform_SRC\platform\hardware\D3018X
                -IC:\local\Workspace\DC_V04.01.00_int\cu3x1Platform_SRC\embos\inc
                -IC:\local\Workspace\DC_V04.01.00_int\cu3x1Platform_SRC\emWinColour\config
                -IC:\local\Workspace\DC_V04.01.00_int\cu3x1Platform_SRC\emWinColour\gui\ConvertMono
                -IC:\local\Workspace\DC_V04.01.00_int\cu3x1Platform_SRC\emWinColour\gui\Core
                -IC:\local\Workspace\DC_V04.01.00_int\cu3x1Platform_SRC\emWinColour\gui\Font
                -IC:\local\Workspace\DC_V04.01.00_int\cu3x1Platform_SRC\emWinColour\gui\LCDDriver
                -IC:\local\Workspace\DC_V04.01.00_int\cu3x1Platform_SRC\emWinColour\gui\MemDev
                -IC:\local\Workspace\DC_V04.01.00_int\cu3x1Platform_SRC\emWinColour\gui\VNC
                -IC:\local\Workspace\DC_V04.01.00_int\cu3x1Platform_SRC\emWinColour\gui\Widget
                -IC:\local\Workspace\DC_V04.01.00_int\cu3x1Platform_SRC\emWinColour\gui\wm
                -IC:\local\Workspace\DC_V04.01.00_int\cu3x1App_SRC\Control\source
                -IC:\local\Workspace\DC_V04.01.00_int\cu3x1App_SRC\Control\source\include
                -IC:\local\Workspace\DC_V04.01.00_int\cu3x1App_SRC\Control\source\util
                -IC:\local\Workspace\DC_V04.01.00_int\cu3x1App_SRC\Control\source\datapoint
                -IC:\local\Workspace\DC_V04.01.00_int\cu3x1App_SRC\Control\source\factory
                -IC:\local\Workspace\DC_V04.01.00_int\cu3x1Platform_SRC\embos
                -IC:\local\Workspace\DC_V04.01.00_int\cu3x1Platform_SRC\emWinColour\gui\core
                -IC:\local\Workspace\DC_V04.01.00_int\cu3x1App_SRC\Control\source\rtip\webpage
                -IC:\local\Workspace\DC_V04.01.00_int\cu3x1App_SRC\Control\source\rtip\config
                -IC:\local\Workspace\DC_V04.01.00_int\cu3x1App_SRC\Control\source\rtip\xnet
                -IC:\local\Workspace\DC_V04.01.00_int\cu3x1App_SRC\Control\source\stub
                -IC:\local\Workspace\DC_V04.01.00_int\cu3x1App_SRC\Control\source\test
                -IC:\local\Workspace\DC_V04.01.00_int\cu3x1App_SRC\Control\source\GENIpro
                -IC:\local\Workspace\DC_V04.01.00_int\cu3x1App_SRC\Control\source\GENIpro\GENI_sys
                -IC:\local\Workspace\DC_V04.01.00_int\cu3x1App_SRC\Control\source\GENIpro\GENIusb\emUSB\USB\Driver
                -IC:\local\Workspace\DC_V04.01.00_int\cu3x1App_SRC\Control\source\application\intercom
                -IC:\local\Workspace\DC_V04.01.00_int\cu3x1App_SRC\Control\source\application\controller
                -IC:\local\Workspace\DC_V04.01.00_int\cu3x1App_SRC\Control\source\application\driver
                -IC:\local\Workspace\DC_V04.01.00_int\cu3x1App_SRC\Control\source\application\webif
                -IC:\local\Workspace\DC_V04.01.00_int\cu3x1App_SRC\Control\source\application\relay
                -IC:\local\Workspace\DC_V04.01.00_int\cu3x1App_SRC\Control\source\application\GENIApp
                -IC:\local\Workspace\DC_V04.01.00_int\cu3x1App_SRC\Control\source\application\alarm
                -IC:\local\Workspace\DC_V04.01.00_int\cu3x1App_SRC\Control\source\application\config
                -IC:\local\Workspace\DC_V04.01.00_int\cu3x1App_SRC\Control\source\application\AnaInConfigCtrl
                -IC:\local\Workspace\DC_V04.01.00_int\cu3x1App_SRC\Control\source\application\Sms
                -IC:\local\Workspace\DC_V04.01.00_int\cu3x1App_SRC\Control\source\application\display
                -IC:\local\Workspace\DC_V04.01.00_int\cu3x1App_SRC\Control\source\application\display\display_task
                -IC:\local\Workspace\DC_V04.01.00_int\cu3x1App_SRC\Control\source\application\display\gui_utility
                -IC:\local\Workspace\DC_V04.01.00_int\cu3x1App_SRC\Control\source\application\display\mpcunit
                -IC:\local\Workspace\DC_V04.01.00_int\cu3x1App_SRC\Control\source\GeniPro
                -IC:\local\Workspace\DC_V04.01.00_int\cu3x1App_SRC\Control\source\GeniPro\GENI_sys
                -IC:\local\Workspace\DC_V04.01.00_int\cu3x1App_SRC\Control\source\GeniPro\GENIbus
                -IC:\local\Workspace\DC_V04.01.00_int\cu3x1App_SRC\Control\source\GeniPro\GENIcom
                -IC:\local\Workspace\DC_V04.01.00_int\cu3x1App_SRC\Control\source\GeniPro\GENIrs232
                -IC:\local\Workspace\DC_V04.01.00_int\cu3x1App_SRC\Control\source\GeniPro\Virtual
                -IC:\local\Workspace\DC_V04.01.00_int\cu3x1Platform_SRC\Platform\common
                -IC:\local\Workspace\DC_V04.01.00_int\cu3x1Platform_SRC\Platform\hardware
                -IC:\local\Workspace\DC_V04.01.00_int\cu3x1Platform_SRC\Platform\hardware\D3018X
                -IC:\local\Workspace\DC_V04.01.00_int\cu3x1App_SRC\Control\source\application\display\imagesTFT
                -IC:\GHS\V35\mips35\mipsl_sf -r4121 -source=GUICharM.c -o
                objs\gh_2i08a.o -list=objs\GUICharM.lst
                C:\Users\55602\AppData\Local\Temp\gh_2i08a.s
Source File:    C:\Users\55602\AppData\Local\Temp\gh_2i08a.s
Directory:      C:\local\Workspace\DC_V04.01.00_int\cu3x1App_SRC\Control\source
Host OS:        GHS_WIN32
Version:        AS-MIPS 3.5#11 
Release:        MULTI 2000, MIPS v3.5
Revision Date:  Wed Feb 27 12:19:03 2002
Release Date:   Sat Mar 02 02:57:59 2002
                             1	 #Source File:   C:\local\Workspace\DC_V04.01.00_int\cu3x1Platform_SRC\emWinColour\GUI\Core\GUICharM.c

                                   Tue Apr 07 08:56:16 2015           Page 2
                                   Tue Apr 07 08:56:16 2015       gh_2i08a.s
                             2	 #Directory:     
                             3	 #		C:\local\Workspace\DC_V04.01.00_int\cu3x1App_SRC\Control\source
                             4	 #Compile Date:  Tue Apr 07 08:56:16 2015
                             5	 #Host OS:       Win32
                             6	 #Version:       C-MIPS 3.5#11 RELEASE VERSION
                             7	 #Release:       MULTI 2000, MIPS v3.5
                             8	 #Revision Date: Fri Mar 01 11:32:40 2002
                             9	 #Release Date:  Sat Mar 02 02:58:48 2002
                            10		.set	noat
                            11		.set	noreorder
                            12		.set	nomacro
                            13		.text
                            14		.align	4
                            15		.globl	GUIMONO_DispChar
                            16	GUIMONO_DispChar:
        27bdffb8 00000000   17		addiu	$sp, $sp, -72
                            18	 #	    .bf
        afbf0044 00000004   19		sw	$ra, 68($sp)
        afbe0028 00000008   20		sw	$fp, 40($sp)
        afb70024 0000000c   21		sw	$23, 36($sp)
        afb60020 00000010   22		sw	$22, 32($sp)
        afb5001c 00000014   23		sw	$21, 28($sp)
        afb40018 00000018   24		sw	$20, 24($sp)
        afb30014 0000001c   25		sw	$19, 20($sp)
        afb20010 00000020   26		sw	$18, 16($sp)
        afb00008 00000024   27		sw	$16, 8($sp)
        afb1000c 00000028   28		sw	$17, 12($sp)
        3c110000 0000002c   29		lui	$17, %hi(GUI_Context)
        26310000 00000030   30		addiu	$17, $17, %lo(GUI_Context)
        8e30001c 00000034   31		lw	$16, 28($17)
        86350028 00000038   32		lh	$21, 40($17)
        8e100018 0000003c   33		lw	$16, 24($16)
        262c0026 00000040   34		addiu	$12, $17, 38
        86340026 00000044   35		lh	$20, 38($17)
        9603000c 00000048   36		lhu	$3, 12($16)
        3084ffff 0000004c   37		andi	$4, $4, 65535
        afac0034 00000050   38		sw	$12, 52($sp)
        0083782b 00000054   39		sltu	$15, $4, $3
        55e0000b 00000058   40		bnel	$15, $0, .L1000004
        8e020008 0000005c   41		lw	$2, 8($16)
        960e000e 00000060   42		lhu	$14, 14($16)
        01c4682b 00000064   43		sltu	$13, $14, $4
        55a00007 00000068   44		bnel	$13, $0, .L1000004
        8e020008 0000006c   45		lw	$2, 8($16)
        00839823 00000070   46		subu	$19, $4, $3
        2412ffff 00000074   47		addiu	$18, $0, -1
        1272006b 00000078   48		beq	$19, $18, .L15
        8e170000 0000007c   49		lw	$23, 0($16)
        08000000 00000080   50		j	.L1000016
        8e23001c 00000084   51		lw	$3, 28($17)
                            52	.L1000004:
        8e170004 00000088   53		lw	$23, 4($16)
        50400019 0000008c   54		beql	$2, $0, .L1000008
        2413ffff 00000090   55		addiu	$19, $0, -1
        94590000 00000094   56		lhu	$25, 0($2)
        0099782b 00000098   57		sltu	$15, $4, $25

                                   Tue Apr 07 08:56:16 2015           Page 3
                                   Tue Apr 07 08:56:16 2015       gh_2i08a.s
        55e00011 0000009c   58		bnel	$15, $0, .L1000010
        2413ffff 000000a0   59		addiu	$19, $0, -1
        944e0002 000000a4   60		lhu	$14, 2($2)
        01c4682b 000000a8   61		sltu	$13, $14, $4
        15a0000c 000000ac   62		bne	$13, $0, .L10
        00992023 000000b0   63		subu	$4, $4, $25
        8c430004 000000b4   64		lw	$3, 4($2)
        3084ffff 000000b8   65		andi	$4, $4, 65535
        0004c880 000000bc   66		sll	$25, $4, 2
        00791821 000000c0   67		addu	$3, $3, $25
        84730000 000000c4   68		lh	$19, 0($3)
        84720002 000000c8   69		lh	$18, 2($3)
        2418ffff 000000cc   70		addiu	$24, $0, -1
        52780056 000000d0   71		beql	$19, $24, .L1000015
        8fa10034 000000d4   72		lw	$1, 52($sp)
        08000000 000000d8   73		j	.L1000016
        8e23001c 000000dc   74		lw	$3, 28($17)
                            75	.L10:
        2413ffff 000000e0   76		addiu	$19, $0, -1
                            77	.L1000010:
        08000000 000000e4   78		j	.L15
        2412ffff 000000e8   79		addiu	$18, $0, -1
        08000000 000000ec   80		j	.L1000016
        8e23001c 000000f0   81		lw	$3, 28($17)
                            82	.L1000008:
        08000000 000000f4   83		j	.L15
        2412ffff 000000f8   84		addiu	$18, $0, -1
        8e23001c 000000fc   85		lw	$3, 28($17)
                            86	.L1000016:
        920d0012 00000100   87		lbu	$13, 18($16)
        8636002e 00000104   88		lh	$22, 46($17)
        90630014 00000108   89		lbu	$3, 20($3)
        921e0010 0000010c   90		lbu	$fp, 16($16)
        02c02025 00000110   91		move	$4, $22
        006d0018 00000114   92		mult	$3, $13
        00006012 00000118   93		mflo	$12
        afa3003c 0000011c   94		sw	$3, 60($sp)
        0c000000 00000120   95		jal	LCD_SetDrawMode
        afac0030 00000124   96		sw	$12, 48($sp)
        8fac0030 00000128   97		lw	$12, 48($sp)
        afb10038 0000012c   98		sw	$17, 56($sp)
        02802025 00000130   99		move	$4, $20
        026c0018 00000134  100		mult	$19, $12
        8e23001c 00000138  101		lw	$3, 28($17)
        a3a2002f 0000013c  102		sb	$2, 47($sp)
        02a02825 00000140  103		move	$5, $21
        03c03025 00000144  104		move	$6, $fp
        8fa7003c 00000148  105		lw	$7, 60($sp)
        00001012 0000014c  106		mflo	$2
        02e21021 00000150  107		addu	$2, $23, $2
        afa20000 00000154  108		sw	$2, 0($sp)
        afb10004 00000158  109		sw	$17, 4($sp)
        90680016 0000015c  110		lbu	$8, 22($3)
        90690017 00000160  111		lbu	$9, 23($3)
        920b0012 00000164  112		lbu	$11, 18($16)
        0c000000 00000168  113		jal	LCD_DrawBitmap

                                   Tue Apr 07 08:56:16 2015           Page 4
                                   Tue Apr 07 08:56:16 2015       gh_2i08a.s
        340a0001 0000016c  114		ori	$10, $0, 1
        2419ffff 00000170  115		addiu	$25, $0, -1
        52590015 00000174  116		beql	$18, $25, .L1000017
        8e23001c 00000178  117		lw	$3, 28($17)
        0c000000 0000017c  118		jal	LCD_SetDrawMode
        36c40002 00000180  119		ori	$4, $22, 2
        8fac0030 00000184  120		lw	$12, 48($sp)
        02802025 00000188  121		move	$4, $20
        02a02825 0000018c  122		move	$5, $21
        024c0018 00000190  123		mult	$18, $12
        03c03025 00000194  124		move	$6, $fp
        8fa7003c 00000198  125		lw	$7, 60($sp)
        00001012 0000019c  126		mflo	$2
        8fac0038 000001a0  127		lw	$12, 56($sp)
        8e23001c 000001a4  128		lw	$3, 28($17)
        02e21021 000001a8  129		addu	$2, $23, $2
        afa20000 000001ac  130		sw	$2, 0($sp)
        afac0004 000001b0  131		sw	$12, 4($sp)
        90680016 000001b4  132		lbu	$8, 22($3)
        90690017 000001b8  133		lbu	$9, 23($3)
        920b0012 000001bc  134		lbu	$11, 18($16)
        0c000000 000001c0  135		jal	LCD_DrawBitmap
        340a0001 000001c4  136		ori	$10, $0, 1
        8e23001c 000001c8  137		lw	$3, 28($17)
                           138	.L1000017:
        906f0015 000001cc  139		lbu	$15, 21($3)
        906e0014 000001d0  140		lbu	$14, 20($3)
        01cf682b 000001d4  141		sltu	$13, $14, $15
        11a00011 000001d8  142		beq	$13, $0, .L19
        00000000 000001dc  143		nop
        34190002 000001e0  144		ori	$25, $0, 2
        12d9000e 000001e4  145		beq	$22, $25, .L19
        00000000 000001e8  146		nop
        0c000000 000001ec  147		jal	LCD_SetDrawMode
        3ac40004 000001f0  148		xori	$4, $22, 4
        8e23001c 000001f4  149		lw	$3, 28($17)
        906f0014 000001f8  150		lbu	$15, 20($3)
        90620015 000001fc  151		lbu	$2, 21($3)
        02a00013 00000200  152		mtlo	$21
        01e22828 00000204  153		macc	$5, $15, $2
        02800013 00000208  154		mtlo	$20
        02a23821 0000020c  155		addu	$7, $21, $2
        906d0016 00000210  156		lbu	$13, 22($3)
        02802025 00000214  157		move	$4, $20
        0c000000 00000218  158		jal	LCD_FillRect
        03cd3028 0000021c  159		macc	$6, $fp, $13
                           160	.L19:
        0c000000 00000220  161		jal	LCD_SetDrawMode
        93a4002f 00000224  162		lbu	$4, 47($sp)
                           163	.L15:
        8fa10034 00000228  164		lw	$1, 52($sp)
                           165	.L1000015:
                           166	 #	    .ef
        8fbe0028 0000022c  167		lw	$fp, 40($sp)
        8fb70024 00000230  168		lw	$23, 36($sp)
        84390000 00000234  169		lh	$25, 0($1)

                                   Tue Apr 07 08:56:16 2015           Page 5
                                   Tue Apr 07 08:56:16 2015       gh_2i08a.s
        8fbf0044 00000238  170		lw	$ra, 68($sp)
        92180011 0000023c  171		lbu	$24, 17($16)
        8fb00008 00000240  172		lw	$16, 8($sp)
        8fb1000c 00000244  173		lw	$17, 12($sp)
        8fb20010 00000248  174		lw	$18, 16($sp)
        8fb30014 0000024c  175		lw	$19, 20($sp)
        8fb40018 00000250  176		lw	$20, 24($sp)
        8fb5001c 00000254  177		lw	$21, 28($sp)
        8fb60020 00000258  178		lw	$22, 32($sp)
        27bd0048 0000025c  179		addiu	$sp, $sp, 72
        0338c821 00000260  180		addu	$25, $25, $24
        03e00008 00000264  181		jr	$ra
        a4390000 00000268  182		sh	$25, 0($1)
                           183		.type	GUIMONO_DispChar,@function
                           184		.size	GUIMONO_DispChar,.-GUIMONO_DispChar
                           185		.align	4
                           186	 #c0	$19	local
                           187	 #c1	$18	local
                           188	 #pd	$23	local
                           189	 #x	$20	local
                           190	 #y	$21	local
                           191	 #pMono	$16	local
                           192	 #FirstChar	$3	local
                           193	 #pti	$2	local
                           194	 #ptl	$3	local
                           195	 #BytesPerChar	48($sp)	local
                           196	 #DrawMode	$22	local
                           197	 #XSize	$fp	local
                           198	 #YSize	60($sp)	local
                           199	 #OldMode	47($sp)	local
                           200	
                           201	 #c	$4	param
                           202	
                           203		.data
                           204	.L82:
                           205		.text
                           206		.align	4
                           207		.align	4
                           208		.globl	GUIMONO_GetCharDistX
                           209	GUIMONO_GetCharDistX:
        3c010000 0000026c  210		lui	$1, %hi(GUI_Context+28)
                           211	 #	    .bf
                           212	 #	    .ef
        8c220000 00000270  213		lw	$2, %lo(GUI_Context+28)($1)
        8c420018 00000274  214		lw	$2, 24($2)
        03e00008 00000278  215		jr	$ra
        90420011 0000027c  216		lbu	$2, 17($2)
                           217		.type	GUIMONO_GetCharDistX,@function
                           218		.size	GUIMONO_GetCharDistX,.-GUIMONO_GetCharDistX
                           219		.align	4
                           220	
                           221	 #c	none	param
                           222	
                           223		.data
                           224	.L137:
                           225		.text

                                   Tue Apr 07 08:56:16 2015           Page 6
                                   Tue Apr 07 08:56:16 2015       gh_2i08a.s
                           226		.align	4
                           227		.align	4
                           228		.globl	GUIMONO_GetFontInfo
                           229	GUIMONO_GetFontInfo:
        34190002 00000280  230		ori	$25, $0, 2
                           231	 #	    .bf
                           232	 #	    .ef
        03e00008 00000284  233		jr	$ra
        a4b90000 00000288  234		sh	$25, 0($5)
                           235		.type	GUIMONO_GetFontInfo,@function
                           236		.size	GUIMONO_GetFontInfo,.-GUIMONO_GetFontInfo
                           237		.align	4
                           238	
                           239	 #pFont	none	param
                           240	 #pfi	$5	param
                           241	
                           242		.data
                           243	.L156:
                           244		.text
                           245		.align	4
                           246		.align	4
                           247		.globl	GUIMONO_IsInFont
                           248	GUIMONO_IsInFont:
        8c830018 0000028c  249		lw	$3, 24($4)
                           250	 #	    .bf
        9462000c 00000290  251		lhu	$2, 12($3)
        30a5ffff 00000294  252		andi	$5, $5, 65535
        00a2c02b 00000298  253		sltu	$24, $5, $2
        57000007 0000029c  254		bnel	$24, $0, .L1000164
        8c630008 000002a0  255		lw	$3, 8($3)
        946f000e 000002a4  256		lhu	$15, 14($3)
        01e5702b 000002a8  257		sltu	$14, $15, $5
        55c00003 000002ac  258		bnel	$14, $0, .L1000164
        8c630008 000002b0  259		lw	$3, 8($3)
        03e00008 000002b4  260		jr	$ra
        34020001 000002b8  261		ori	$2, $0, 1
                           262	.L1000164:
        10600009 000002bc  263		beq	$3, $0, .L168
        00000000 000002c0  264		nop
        94790000 000002c4  265		lhu	$25, 0($3)
        00b9c02b 000002c8  266		sltu	$24, $5, $25
        17000005 000002cc  267		bne	$24, $0, .L168
        00000000 000002d0  268		nop
        946f0002 000002d4  269		lhu	$15, 2($3)
        01e5102b 000002d8  270		sltu	$2, $15, $5
        03e00008 000002dc  271		jr	$ra
        38420001 000002e0  272		xori	$2, $2, 1
                           273	.L168:
                           274	 #	    .ef
        03e00008 000002e4  275		jr	$ra
        34020000 000002e8  276		ori	$2, $0, 0
                           277		.type	GUIMONO_IsInFont,@function
                           278		.size	GUIMONO_IsInFont,.-GUIMONO_IsInFont
                           279		.align	4
                           280	 #pMono	$3	local
                           281	 #FirstChar	$2	local

                                   Tue Apr 07 08:56:16 2015           Page 7
                                   Tue Apr 07 08:56:16 2015       gh_2i08a.s
                           282	 #pti	$3	local
                           283	
                           284	 #pFont	$4	param
                           285	 #c	$5	param
                           286	
                           287		.data
                           288	.L215:
                           289		.text
                           290		.align	4
                           291	 #GUI_Context	GUI_Context	import
                           292	
                           293		.data
                           294		.text
