
                                   Tue Apr 07 08:56:22 2015           Page 1
                                   Tue Apr 07 08:56:21 2015       gh_2i08e.s
Command Line:   C:\GHS\V35\mips35\asmips.exe -noundefined -elf -b0
                -IC:\local\Workspace\DC_V04.01.00_int\cu3x1Platform_SRC\emWinColour
                -IC:\local\Workspace\DC_V04.01.00_int\cu3x1Platform_SRC\platform\include
                -IC:\local\Workspace\DC_V04.01.00_int\cu3x1Platform_SRC\platform\common
                -IC:\local\Workspace\DC_V04.01.00_int\cu3x1Platform_SRC\platform\hardware
                -IC:\local\Workspace\DC_V04.01.00_int\cu3x1Platform_SRC\platform\hardware\D3018X
                -IC:\local\Workspace\DC_V04.01.00_int\cu3x1Platform_SRC\embos\inc
                -IC:\local\Workspace\DC_V04.01.00_int\cu3x1Platform_SRC\emWinColour\config
                -IC:\local\Workspace\DC_V04.01.00_int\cu3x1Platform_SRC\emWinColour\gui\ConvertMono
                -IC:\local\Workspace\DC_V04.01.00_int\cu3x1Platform_SRC\emWinColour\gui\Core
                -IC:\local\Workspace\DC_V04.01.00_int\cu3x1Platform_SRC\emWinColour\gui\Font
                -IC:\local\Workspace\DC_V04.01.00_int\cu3x1Platform_SRC\emWinColour\gui\LCDDriver
                -IC:\local\Workspace\DC_V04.01.00_int\cu3x1Platform_SRC\emWinColour\gui\MemDev
                -IC:\local\Workspace\DC_V04.01.00_int\cu3x1Platform_SRC\emWinColour\gui\VNC
                -IC:\local\Workspace\DC_V04.01.00_int\cu3x1Platform_SRC\emWinColour\gui\Widget
                -IC:\local\Workspace\DC_V04.01.00_int\cu3x1Platform_SRC\emWinColour\gui\wm
                -IC:\local\Workspace\DC_V04.01.00_int\cu3x1App_SRC\Control\source
                -IC:\local\Workspace\DC_V04.01.00_int\cu3x1App_SRC\Control\source\include
                -IC:\local\Workspace\DC_V04.01.00_int\cu3x1App_SRC\Control\source\util
                -IC:\local\Workspace\DC_V04.01.00_int\cu3x1App_SRC\Control\source\datapoint
                -IC:\local\Workspace\DC_V04.01.00_int\cu3x1App_SRC\Control\source\factory
                -IC:\local\Workspace\DC_V04.01.00_int\cu3x1Platform_SRC\embos
                -IC:\local\Workspace\DC_V04.01.00_int\cu3x1Platform_SRC\emWinColour\gui\core
                -IC:\local\Workspace\DC_V04.01.00_int\cu3x1App_SRC\Control\source\rtip\webpage
                -IC:\local\Workspace\DC_V04.01.00_int\cu3x1App_SRC\Control\source\rtip\config
                -IC:\local\Workspace\DC_V04.01.00_int\cu3x1App_SRC\Control\source\rtip\xnet
                -IC:\local\Workspace\DC_V04.01.00_int\cu3x1App_SRC\Control\source\stub
                -IC:\local\Workspace\DC_V04.01.00_int\cu3x1App_SRC\Control\source\test
                -IC:\local\Workspace\DC_V04.01.00_int\cu3x1App_SRC\Control\source\GENIpro
                -IC:\local\Workspace\DC_V04.01.00_int\cu3x1App_SRC\Control\source\GENIpro\GENI_sys
                -IC:\local\Workspace\DC_V04.01.00_int\cu3x1App_SRC\Control\source\GENIpro\GENIusb\emUSB\USB\Driver
                -IC:\local\Workspace\DC_V04.01.00_int\cu3x1App_SRC\Control\source\application\intercom
                -IC:\local\Workspace\DC_V04.01.00_int\cu3x1App_SRC\Control\source\application\controller
                -IC:\local\Workspace\DC_V04.01.00_int\cu3x1App_SRC\Control\source\application\driver
                -IC:\local\Workspace\DC_V04.01.00_int\cu3x1App_SRC\Control\source\application\webif
                -IC:\local\Workspace\DC_V04.01.00_int\cu3x1App_SRC\Control\source\application\relay
                -IC:\local\Workspace\DC_V04.01.00_int\cu3x1App_SRC\Control\source\application\GENIApp
                -IC:\local\Workspace\DC_V04.01.00_int\cu3x1App_SRC\Control\source\application\alarm
                -IC:\local\Workspace\DC_V04.01.00_int\cu3x1App_SRC\Control\source\application\config
                -IC:\local\Workspace\DC_V04.01.00_int\cu3x1App_SRC\Control\source\application\AnaInConfigCtrl
                -IC:\local\Workspace\DC_V04.01.00_int\cu3x1App_SRC\Control\source\application\Sms
                -IC:\local\Workspace\DC_V04.01.00_int\cu3x1App_SRC\Control\source\application\display
                -IC:\local\Workspace\DC_V04.01.00_int\cu3x1App_SRC\Control\source\application\display\display_task
                -IC:\local\Workspace\DC_V04.01.00_int\cu3x1App_SRC\Control\source\application\display\gui_utility
                -IC:\local\Workspace\DC_V04.01.00_int\cu3x1App_SRC\Control\source\application\display\mpcunit
                -IC:\local\Workspace\DC_V04.01.00_int\cu3x1App_SRC\Control\source\GeniPro
                -IC:\local\Workspace\DC_V04.01.00_int\cu3x1App_SRC\Control\source\GeniPro\GENI_sys
                -IC:\local\Workspace\DC_V04.01.00_int\cu3x1App_SRC\Control\source\GeniPro\GENIbus
                -IC:\local\Workspace\DC_V04.01.00_int\cu3x1App_SRC\Control\source\GeniPro\GENIcom
                -IC:\local\Workspace\DC_V04.01.00_int\cu3x1App_SRC\Control\source\GeniPro\GENIrs232
                -IC:\local\Workspace\DC_V04.01.00_int\cu3x1App_SRC\Control\source\GeniPro\Virtual
                -IC:\local\Workspace\DC_V04.01.00_int\cu3x1Platform_SRC\Platform\common
                -IC:\local\Workspace\DC_V04.01.00_int\cu3x1Platform_SRC\Platform\hardware
                -IC:\local\Workspace\DC_V04.01.00_int\cu3x1Platform_SRC\Platform\hardware\D3018X
                -IC:\local\Workspace\DC_V04.01.00_int\cu3x1App_SRC\Control\source\application\display\imagesTFT
                -IC:\GHS\V35\mips35\mipsl_sf -r4121 -source=GUICore.c -o
                objs\gh_2i08e.o -list=objs\GUICore.lst
                C:\Users\55602\AppData\Local\Temp\gh_2i08e.s
Source File:    C:\Users\55602\AppData\Local\Temp\gh_2i08e.s
Directory:      C:\local\Workspace\DC_V04.01.00_int\cu3x1App_SRC\Control\source
Host OS:        GHS_WIN32
Version:        AS-MIPS 3.5#11 
Release:        MULTI 2000, MIPS v3.5
Revision Date:  Wed Feb 27 12:19:03 2002
Release Date:   Sat Mar 02 02:57:59 2002
                             1	 #Source File:   C:\local\Workspace\DC_V04.01.00_int\cu3x1Platform_SRC\emWinColour\GUI\Core\GUICore.c

                                   Tue Apr 07 08:56:22 2015           Page 2
                                   Tue Apr 07 08:56:21 2015       gh_2i08e.s
                             2	 #Directory:     
                             3	 #		C:\local\Workspace\DC_V04.01.00_int\cu3x1App_SRC\Control\source
                             4	 #Compile Date:  Tue Apr 07 08:56:21 2015
                             5	 #Host OS:       Win32
                             6	 #Version:       C-MIPS 3.5#11 RELEASE VERSION
                             7	 #Release:       MULTI 2000, MIPS v3.5
                             8	 #Revision Date: Fri Mar 01 11:32:40 2002
                             9	 #Release Date:  Sat Mar 02 02:58:48 2002
                            10		.set	noat
                            11		.set	noreorder
                            12		.set	nomacro
                            13		.text
                            14		.align	4
                            15		.globl	GUI_ClearRect
                            16	GUI_ClearRect:
        27bdffd8 00000000   17		addiu	$sp, $sp, -40
        afbf0024 00000004   18		sw	$ra, 36($sp)
        afb40010 00000008   19		sw	$20, 16($sp)
        afb3000c 0000000c   20		sw	$19, 12($sp)
        afb00000 00000010   21		sw	$16, 0($sp)
        00808025 00000014   22		move	$16, $4
        afb10004 00000018   23		sw	$17, 4($sp)
        00a08825 0000001c   24		move	$17, $5
        afb20008 00000020   25		sw	$18, 8($sp)
        00c09025 00000024   26		move	$18, $6
                            27	 #	    .bf
        0c000000 00000028   28		jal	GUI_Lock
        00e09825 0000002c   29		move	$19, $7
        0c000000 00000030   30		jal	LCD_SetDrawMode
        34040004 00000034   31		ori	$4, $0, 4
        0040a025 00000038   32		move	$20, $2
        3c020000 0000003c   33		lui	$2, %hi(GUI_Context)
        24420000 00000040   34		addiu	$2, $2, %lo(GUI_Context)
        8c430044 00000044   35		lw	$3, 68($2)
        27a40018 00000048   36		addiu	$4, $sp, 24
        8c420048 0000004c   37		lw	$2, 72($2)
        02038021 00000050   38		addu	$16, $16, $3
        a7b00018 00000054   39		sh	$16, 24($sp)
        02439021 00000058   40		addu	$18, $18, $3
        a7b2001c 0000005c   41		sh	$18, 28($sp)
        02228821 00000060   42		addu	$17, $17, $2
        a7b1001a 00000064   43		sh	$17, 26($sp)
        02629821 00000068   44		addu	$19, $19, $2
        0c000000 0000006c   45		jal	WM__InitIVRSearch
        a7b3001e 00000070   46		sh	$19, 30($sp)
        1040000a 00000074   47		beq	$2, $0, .L11
        00000000 00000078   48		nop
        02002025 0000007c   49		move	$4, $16
                            50	.L1000015:
        02202825 00000080   51		move	$5, $17
        02403025 00000084   52		move	$6, $18
        0c000000 00000088   53		jal	LCD_FillRect
        02603825 0000008c   54		move	$7, $19
        0c000000 00000090   55		jal	WM__GetNextIVR
        00000000 00000094   56		nop
        5440fff9 00000098   57		bnel	$2, $0, .L1000015

                                   Tue Apr 07 08:56:22 2015           Page 3
                                   Tue Apr 07 08:56:21 2015       gh_2i08e.s
        02002025 0000009c   58		move	$4, $16
                            59	.L11:
        0c000000 000000a0   60		jal	LCD_SetDrawMode
        02802025 000000a4   61		move	$4, $20
        0c000000 000000a8   62		jal	GUI_Unlock
        00000000 000000ac   63		nop
                            64	 #	    .ef
        8fb20008 000000b0   65		lw	$18, 8($sp)
        8fb10004 000000b4   66		lw	$17, 4($sp)
        8fb00000 000000b8   67		lw	$16, 0($sp)
        8fbf0024 000000bc   68		lw	$ra, 36($sp)
        8fb3000c 000000c0   69		lw	$19, 12($sp)
        8fb40010 000000c4   70		lw	$20, 16($sp)
        03e00008 000000c8   71		jr	$ra
        27bd0028 000000cc   72		addiu	$sp, $sp, 40
                            73		.type	GUI_ClearRect,@function
                            74		.size	GUI_ClearRect,.-GUI_ClearRect
                            75		.align	4
                            76	 #PrevDraw	$20	local
                            77	 #r	24($sp)	local
                            78	
                            79	 #x0	$16	param
                            80	 #y0	$17	param
                            81	 #x1	$18	param
                            82	 #y1	$19	param
                            83	
                            84		.data
                            85	.L46:
                            86		.text
                            87		.align	4
                            88		.align	4
                            89		.globl	GUI_Clear
                            90	GUI_Clear:
        27bdfff8 000000d0   91		addiu	$sp, $sp, -8
                            92	 #	    .bf
        afbf0004 000000d4   93		sw	$ra, 4($sp)
        34040000 000000d8   94		ori	$4, $0, 0
        0c000000 000000dc   95		jal	GUI_GotoXY
        34050000 000000e0   96		ori	$5, $0, 0
        2404f001 000000e4   97		addiu	$4, $0, -4095
        2405f001 000000e8   98		addiu	$5, $0, -4095
        34060fff 000000ec   99		ori	$6, $0, 4095
        0c000000 000000f0  100		jal	GUI_ClearRect
        34070fff 000000f4  101		ori	$7, $0, 4095
                           102	 #	    .ef
        8fbf0004 000000f8  103		lw	$ra, 4($sp)
        03e00008 000000fc  104		jr	$ra
        27bd0008 00000100  105		addiu	$sp, $sp, 8
                           106		.type	GUI_Clear,@function
                           107		.size	GUI_Clear,.-GUI_Clear
                           108		.align	4
                           109	
                           110		.data
                           111	.L72:
                           112		.text
                           113		.align	4

                                   Tue Apr 07 08:56:22 2015           Page 4
                                   Tue Apr 07 08:56:21 2015       gh_2i08e.s
                           114		.align	4
                           115		.globl	GUI_Init
                           116	GUI_Init:
        27bdfff0 00000104  117		addiu	$sp, $sp, -16
                           118	 #	    .bf
        afbf000c 00000108  119		sw	$ra, 12($sp)
        afb10004 0000010c  120		sw	$17, 4($sp)
        afb00000 00000110  121		sw	$16, 0($sp)
        3419002e 00000114  122		ori	$25, $0, 46
        0c000000 00000118  123		jal	GUI_X_Init
        a3990000 0000011c  124		sb	$25, %sdaoff(GUI_DecChar)($28)
        8f980000 00000120  125		lw	$24, %sdaoff(LCD_aAPI)($28)
        3c100000 00000124  126		lui	$16, %hi(GUI_Context)
        26100000 00000128  127		addiu	$16, $16, %lo(GUI_Context)
        ae18004c 0000012c  128		sw	$24, 76($16)
        26110008 00000130  129		addiu	$17, $16, 8
        ae110014 00000134  130		sw	$17, 20($16)
        0c000000 00000138  131		jal	LCD_L0_GetRect
        02202025 0000013c  132		move	$4, $17
        3c0f0000 00000140  133		lui	$15, %hi(GUI_Font6x8)
        25ef0000 00000144  134		addiu	$15, $15, %lo(GUI_Font6x8)
        ae0f001c 00000148  135		sw	$15, 28($16)
        ae110014 0000014c  136		sw	$17, 20($16)
        340e0001 00000150  137		ori	$14, $0, 1
        0c000000 00000154  138		jal	WM_GetDesktopWindow
        a20e0018 00000158  139		sb	$14, 24($16)
        a6020040 0000015c  140		sh	$2, 64($16)
        3c0d0fff 00000160  141		lui	$13, 4095
        35adffff 00000164  142		ori	$13, $13, 65535
        ae0d0034 00000168  143		sw	$13, 52($16)
        ae0d0038 0000016c  144		sw	$13, 56($16)
        0c000000 00000170  145		jal	LCD_SetBkColor
        34040000 00000174  146		ori	$4, $0, 0
        3c0400ff 00000178  147		lui	$4, 255
        0c000000 0000017c  148		jal	LCD_SetColor
        3484ffff 00000180  149		ori	$4, $4, 65535
        3c180000 00000184  150		lui	$24, %hi(GUI_UC_None)
        27180000 00000188  151		addiu	$24, $24, %lo(GUI_UC_None)
        0c000000 0000018c  152		jal	GUITASK_Init
        ae180020 00000190  153		sw	$24, 32($16)
        0c000000 00000194  154		jal	LCD_Init
        00000000 00000198  155		nop
        0c000000 0000019c  156		jal	WM_Init
        00408025 000001a0  157		move	$16, $2
        0c000000 000001a4  158		jal	GUITASK_CopyContext
        00000000 000001a8  159		nop
                           160	 #	    .ef
        02001025 000001ac  161		move	$2, $16
        8fbf000c 000001b0  162		lw	$ra, 12($sp)
        8fb00000 000001b4  163		lw	$16, 0($sp)
        8fb10004 000001b8  164		lw	$17, 4($sp)
        03e00008 000001bc  165		jr	$ra
        27bd0010 000001c0  166		addiu	$sp, $sp, 16
                           167		.type	GUI_Init,@function
                           168		.size	GUI_Init,.-GUI_Init
                           169		.align	4

                                   Tue Apr 07 08:56:22 2015           Page 5
                                   Tue Apr 07 08:56:21 2015       gh_2i08e.s
                           170	
                           171		.data
                           172	.L95:
                           173		.text
                           174		.align	4
                           175	 #GUI_Font6x8	GUI_Font6x8	import
                           176	 #GUI_UC_None	GUI_UC_None	import
                           177	 #LCD_aAPI	%sdaoff(LCD_aAPI)	import
                           178	
                           179		.data
                           180		.comm	GUI_Context,92,4
                           181		.type	GUI_Context,@object
                           182		.size	GUI_Context,92
                           183		.sbss	GUI_DecChar,1,1
                           184		.type	GUI_DecChar,@object
                           185		.size	GUI_DecChar,1
                           186		.sbss	GUI_pfTimerExec,4,4
                           187		.type	GUI_pfTimerExec,@object
                           188		.size	GUI_pfTimerExec,4
                           189		.sbss	WM_pfHandlePID,4,4
                           190		.type	WM_pfHandlePID,@object
                           191		.size	WM_pfHandlePID,4
                           192		.sbss	GUI_pfDispCharStyle,4,4
                           193		.type	GUI_pfDispCharStyle,@object
                           194		.size	GUI_pfDispCharStyle,4
                           195		.sbss	GUI_pLCD_APIList,4,4
                           196		.type	GUI_pLCD_APIList,@object
                           197		.size	GUI_pLCD_APIList,4
                           198		.sbss	GUI_OrgX,2,2
                           199		.type	GUI_OrgX,@object
                           200		.size	GUI_OrgX,2
                           201		.sbss	GUI_OrgY,2,2
                           202		.type	GUI_OrgY,@object
                           203		.size	GUI_OrgY,2
                           204		.sbss	GUI_MoveRTL,1,1
                           205		.type	GUI_MoveRTL,@object
                           206		.size	GUI_MoveRTL,1
                           207		.text
