
                                   Tue Apr 07 08:56:19 2015           Page 1
                                   Tue Apr 07 08:56:19 2015       gh_2i08c.s
Command Line:   C:\GHS\V35\mips35\asmips.exe -noundefined -elf -b0
                -IC:\local\Workspace\DC_V04.01.00_int\cu3x1Platform_SRC\emWinColour
                -IC:\local\Workspace\DC_V04.01.00_int\cu3x1Platform_SRC\platform\include
                -IC:\local\Workspace\DC_V04.01.00_int\cu3x1Platform_SRC\platform\common
                -IC:\local\Workspace\DC_V04.01.00_int\cu3x1Platform_SRC\platform\hardware
                -IC:\local\Workspace\DC_V04.01.00_int\cu3x1Platform_SRC\platform\hardware\D3018X
                -IC:\local\Workspace\DC_V04.01.00_int\cu3x1Platform_SRC\embos\inc
                -IC:\local\Workspace\DC_V04.01.00_int\cu3x1Platform_SRC\emWinColour\config
                -IC:\local\Workspace\DC_V04.01.00_int\cu3x1Platform_SRC\emWinColour\gui\ConvertMono
                -IC:\local\Workspace\DC_V04.01.00_int\cu3x1Platform_SRC\emWinColour\gui\Core
                -IC:\local\Workspace\DC_V04.01.00_int\cu3x1Platform_SRC\emWinColour\gui\Font
                -IC:\local\Workspace\DC_V04.01.00_int\cu3x1Platform_SRC\emWinColour\gui\LCDDriver
                -IC:\local\Workspace\DC_V04.01.00_int\cu3x1Platform_SRC\emWinColour\gui\MemDev
                -IC:\local\Workspace\DC_V04.01.00_int\cu3x1Platform_SRC\emWinColour\gui\VNC
                -IC:\local\Workspace\DC_V04.01.00_int\cu3x1Platform_SRC\emWinColour\gui\Widget
                -IC:\local\Workspace\DC_V04.01.00_int\cu3x1Platform_SRC\emWinColour\gui\wm
                -IC:\local\Workspace\DC_V04.01.00_int\cu3x1App_SRC\Control\source
                -IC:\local\Workspace\DC_V04.01.00_int\cu3x1App_SRC\Control\source\include
                -IC:\local\Workspace\DC_V04.01.00_int\cu3x1App_SRC\Control\source\util
                -IC:\local\Workspace\DC_V04.01.00_int\cu3x1App_SRC\Control\source\datapoint
                -IC:\local\Workspace\DC_V04.01.00_int\cu3x1App_SRC\Control\source\factory
                -IC:\local\Workspace\DC_V04.01.00_int\cu3x1Platform_SRC\embos
                -IC:\local\Workspace\DC_V04.01.00_int\cu3x1Platform_SRC\emWinColour\gui\core
                -IC:\local\Workspace\DC_V04.01.00_int\cu3x1App_SRC\Control\source\rtip\webpage
                -IC:\local\Workspace\DC_V04.01.00_int\cu3x1App_SRC\Control\source\rtip\config
                -IC:\local\Workspace\DC_V04.01.00_int\cu3x1App_SRC\Control\source\rtip\xnet
                -IC:\local\Workspace\DC_V04.01.00_int\cu3x1App_SRC\Control\source\stub
                -IC:\local\Workspace\DC_V04.01.00_int\cu3x1App_SRC\Control\source\test
                -IC:\local\Workspace\DC_V04.01.00_int\cu3x1App_SRC\Control\source\GENIpro
                -IC:\local\Workspace\DC_V04.01.00_int\cu3x1App_SRC\Control\source\GENIpro\GENI_sys
                -IC:\local\Workspace\DC_V04.01.00_int\cu3x1App_SRC\Control\source\GENIpro\GENIusb\emUSB\USB\Driver
                -IC:\local\Workspace\DC_V04.01.00_int\cu3x1App_SRC\Control\source\application\intercom
                -IC:\local\Workspace\DC_V04.01.00_int\cu3x1App_SRC\Control\source\application\controller
                -IC:\local\Workspace\DC_V04.01.00_int\cu3x1App_SRC\Control\source\application\driver
                -IC:\local\Workspace\DC_V04.01.00_int\cu3x1App_SRC\Control\source\application\webif
                -IC:\local\Workspace\DC_V04.01.00_int\cu3x1App_SRC\Control\source\application\relay
                -IC:\local\Workspace\DC_V04.01.00_int\cu3x1App_SRC\Control\source\application\GENIApp
                -IC:\local\Workspace\DC_V04.01.00_int\cu3x1App_SRC\Control\source\application\alarm
                -IC:\local\Workspace\DC_V04.01.00_int\cu3x1App_SRC\Control\source\application\config
                -IC:\local\Workspace\DC_V04.01.00_int\cu3x1App_SRC\Control\source\application\AnaInConfigCtrl
                -IC:\local\Workspace\DC_V04.01.00_int\cu3x1App_SRC\Control\source\application\Sms
                -IC:\local\Workspace\DC_V04.01.00_int\cu3x1App_SRC\Control\source\application\display
                -IC:\local\Workspace\DC_V04.01.00_int\cu3x1App_SRC\Control\source\application\display\display_task
                -IC:\local\Workspace\DC_V04.01.00_int\cu3x1App_SRC\Control\source\application\display\gui_utility
                -IC:\local\Workspace\DC_V04.01.00_int\cu3x1App_SRC\Control\source\application\display\mpcunit
                -IC:\local\Workspace\DC_V04.01.00_int\cu3x1App_SRC\Control\source\GeniPro
                -IC:\local\Workspace\DC_V04.01.00_int\cu3x1App_SRC\Control\source\GeniPro\GENI_sys
                -IC:\local\Workspace\DC_V04.01.00_int\cu3x1App_SRC\Control\source\GeniPro\GENIbus
                -IC:\local\Workspace\DC_V04.01.00_int\cu3x1App_SRC\Control\source\GeniPro\GENIcom
                -IC:\local\Workspace\DC_V04.01.00_int\cu3x1App_SRC\Control\source\GeniPro\GENIrs232
                -IC:\local\Workspace\DC_V04.01.00_int\cu3x1App_SRC\Control\source\GeniPro\Virtual
                -IC:\local\Workspace\DC_V04.01.00_int\cu3x1Platform_SRC\Platform\common
                -IC:\local\Workspace\DC_V04.01.00_int\cu3x1Platform_SRC\Platform\hardware
                -IC:\local\Workspace\DC_V04.01.00_int\cu3x1Platform_SRC\Platform\hardware\D3018X
                -IC:\local\Workspace\DC_V04.01.00_int\cu3x1App_SRC\Control\source\application\display\imagesTFT
                -IC:\GHS\V35\mips35\mipsl_sf -r4121 -source=GUICirc.c -o
                objs\gh_2i08c.o -list=objs\GUICirc.lst
                C:\Users\55602\AppData\Local\Temp\gh_2i08c.s
Source File:    C:\Users\55602\AppData\Local\Temp\gh_2i08c.s
Directory:      C:\local\Workspace\DC_V04.01.00_int\cu3x1App_SRC\Control\source
Host OS:        GHS_WIN32
Version:        AS-MIPS 3.5#11 
Release:        MULTI 2000, MIPS v3.5
Revision Date:  Wed Feb 27 12:19:03 2002
Release Date:   Sat Mar 02 02:57:59 2002
                             1	 #Source File:   C:\local\Workspace\DC_V04.01.00_int\cu3x1Platform_SRC\emWinColour\GUI\Core\GUICirc.c

                                   Tue Apr 07 08:56:19 2015           Page 2
                                   Tue Apr 07 08:56:19 2015       gh_2i08c.s
                             2	 #Directory:     
                             3	 #		C:\local\Workspace\DC_V04.01.00_int\cu3x1App_SRC\Control\source
                             4	 #Compile Date:  Tue Apr 07 08:56:19 2015
                             5	 #Host OS:       Win32
                             6	 #Version:       C-MIPS 3.5#11 RELEASE VERSION
                             7	 #Release:       MULTI 2000, MIPS v3.5
                             8	 #Revision Date: Fri Mar 01 11:32:40 2002
                             9	 #Release Date:  Sat Mar 02 02:58:48 2002
                            10		.set	noat
                            11		.set	noreorder
                            12		.set	nomacro
                            13		.text
                            14		.align	4
                            15	Draw8Point:
        27bdffd8 00000000   16		addiu	$sp, $sp, -40
                            17	 #	    .bf
        afbf0024 00000004   18		sw	$ra, 36($sp)
        afb7001c 00000008   19		sw	$23, 28($sp)
        afb60018 0000000c   20		sw	$22, 24($sp)
        afb50014 00000010   21		sw	$21, 20($sp)
        afb10004 00000014   22		sw	$17, 4($sp)
        00a08825 00000018   23		move	$17, $5
        afb3000c 0000001c   24		sw	$19, 12($sp)
        00e09825 00000020   25		move	$19, $7
        0233a821 00000024   26		addu	$21, $17, $19
        afb40010 00000028   27		sw	$20, 16($sp)
        afb00000 0000002c   28		sw	$16, 0($sp)
        00808025 00000030   29		move	$16, $4
        afb20008 00000034   30		sw	$18, 8($sp)
        00c09025 00000038   31		move	$18, $6
        0212a021 0000003c   32		addu	$20, $16, $18
        02802025 00000040   33		move	$4, $20
        0c000000 00000044   34		jal	LCD_DrawPixel
        02a02825 00000048   35		move	$5, $21
        0212b023 0000004c   36		subu	$22, $16, $18
        02a02825 00000050   37		move	$5, $21
        0c000000 00000054   38		jal	LCD_DrawPixel
        02c02025 00000058   39		move	$4, $22
        0232b821 0000005c   40		addu	$23, $17, $18
        02e02825 00000060   41		move	$5, $23
        0213a821 00000064   42		addu	$21, $16, $19
        0c000000 00000068   43		jal	LCD_DrawPixel
        02a02025 0000006c   44		move	$4, $21
        02329023 00000070   45		subu	$18, $17, $18
        02a02025 00000074   46		move	$4, $21
        0c000000 00000078   47		jal	LCD_DrawPixel
        02402825 0000007c   48		move	$5, $18
        1260000e 00000080   49		beq	$19, $0, .L2
        02338823 00000084   50		subu	$17, $17, $19
        02802025 00000088   51		move	$4, $20
        0c000000 0000008c   52		jal	LCD_DrawPixel
        02202825 00000090   53		move	$5, $17
        02202825 00000094   54		move	$5, $17
        0c000000 00000098   55		jal	LCD_DrawPixel
        02c02025 0000009c   56		move	$4, $22
        02138023 000000a0   57		subu	$16, $16, $19

                                   Tue Apr 07 08:56:19 2015           Page 3
                                   Tue Apr 07 08:56:19 2015       gh_2i08c.s
        02002025 000000a4   58		move	$4, $16
        0c000000 000000a8   59		jal	LCD_DrawPixel
        02e02825 000000ac   60		move	$5, $23
        02002025 000000b0   61		move	$4, $16
        0c000000 000000b4   62		jal	LCD_DrawPixel
        02402825 000000b8   63		move	$5, $18
                            64	.L2:
        8fb7001c 000000bc   65		lw	$23, 28($sp)
                            66	 #	    .ef
        8fb60018 000000c0   67		lw	$22, 24($sp)
        8fbf0024 000000c4   68		lw	$ra, 36($sp)
        8fb00000 000000c8   69		lw	$16, 0($sp)
        8fb10004 000000cc   70		lw	$17, 4($sp)
        8fb20008 000000d0   71		lw	$18, 8($sp)
        8fb3000c 000000d4   72		lw	$19, 12($sp)
        8fb40010 000000d8   73		lw	$20, 16($sp)
        8fb50014 000000dc   74		lw	$21, 20($sp)
        03e00008 000000e0   75		jr	$ra
        27bd0028 000000e4   76		addiu	$sp, $sp, 40
                            77		.type	Draw8Point,@function
                            78		.size	Draw8Point,.-Draw8Point
                            79		.align	4
                            80	
                            81	 #x0	$16	param
                            82	 #y0	$17	param
                            83	 #xoff	$18	param
                            84	 #yoff	$19	param
                            85	
                            86		.data
                            87	.L20:
                            88		.text
                            89		.align	4
                            90		.align	4
                            91		.globl	GL_DrawCircle
                            92	GL_DrawCircle:
        0006c080 000000e8   93		sll	$24, $6, 2
                            94	 #	    .bf
        0306c823 000000ec   95		subu	$25, $24, $6
        0018c100 000000f0   96		sll	$24, $24, 4
        0338c823 000000f4   97		subu	$25, $25, $24
        0018c080 000000f8   98		sll	$24, $24, 2
        0319c821 000000fc   99		addu	$25, $24, $25
        0018c040 00000100  100		sll	$24, $24, 1
        0319c821 00000104  101		addu	$25, $24, $25
        340e03e8 00000108  102		ori	$14, $0, 1000
        032e001a 0000010c  103		div	$0,$25, $14
        27bdffd8 00000110  104		addiu	$sp, $sp, -40
        00007812 00000114  105		mflo	$15
        0006cfc3 00000118  106		sra	$25, $6, 31
        afbf0024 0000011c  107		sw	$ra, 36($sp)
        afb60018 00000120  108		sw	$22, 24($sp)
        afb3000c 00000124  109		sw	$19, 12($sp)
        afb40010 00000128  110		sw	$20, 16($sp)
        afb50014 0000012c  111		sw	$21, 20($sp)
        25f50001 00000130  112		addiu	$21, $15, 1
        0019c7c2 00000134  113		srl	$24, $25, 31

                                   Tue Apr 07 08:56:19 2015           Page 4
                                   Tue Apr 07 08:56:19 2015       gh_2i08c.s
        03067821 00000138  114		addu	$15, $24, $6
        000f7043 0000013c  115		sra	$14, $15, 1
        01c00013 00000140  116		mtlo	$14
        00c6a028 00000144  117		macc	$20, $6, $6
        afb20008 00000148  118		sw	$18, 8($sp)
        00c09025 0000014c  119		move	$18, $6
        afb00000 00000150  120		sw	$16, 0($sp)
        00808025 00000154  121		move	$16, $4
        afb10004 00000158  122		sw	$17, 4($sp)
        00a08825 0000015c  123		move	$17, $5
        34070000 00000160  124		ori	$7, $0, 0
        0c000000 00000164  125		jal	Draw8Point
        afb7001c 00000168  126		sw	$23, 28($sp)
        34170000 0000016c  127		ori	$23, $0, 0
        02f5682a 00000170  128		slt	$13, $23, $21
        11a00002 00000174  129		beq	$13, $0, .L183
        34130001 00000178  130		ori	$19, $0, 1
        02a0b825 0000017c  131		move	$23, $21
                           132	.L183:
        0017a8c2 00000180  133		srl	$21, $23, 3
        52a00084 00000184  134		beql	$21, $0, .L1000053
        32f50007 00000188  135		andi	$21, $23, 7
                           136	.L54:
        02520018 0000018c  137		mult	$18, $18
        02737028 00000190  138		macc	$14, $19, $19
        028e682a 00000194  139		slt	$13, $20, $14
        11a00006 00000198  140		beq	$13, $0, .L58
        02202825 0000019c  141		move	$5, $17
        02603025 000001a0  142		move	$6, $19
        02403825 000001a4  143		move	$7, $18
        0c000000 000001a8  144		jal	Draw8Point
        02002025 000001ac  145		move	$4, $16
        2652ffff 000001b0  146		addiu	$18, $18, -1
                           147	.L58:
        02002025 000001b4  148		move	$4, $16
        02202825 000001b8  149		move	$5, $17
        02603025 000001bc  150		move	$6, $19
        0c000000 000001c0  151		jal	Draw8Point
        02403825 000001c4  152		move	$7, $18
        02520018 000001c8  153		mult	$18, $18
        26760001 000001cc  154		addiu	$22, $19, 1
        02d67828 000001d0  155		macc	$15, $22, $22
        028f702a 000001d4  156		slt	$14, $20, $15
        11c00006 000001d8  157		beq	$14, $0, .L62
        02202825 000001dc  158		move	$5, $17
        02c03025 000001e0  159		move	$6, $22
        02403825 000001e4  160		move	$7, $18
        0c000000 000001e8  161		jal	Draw8Point
        02002025 000001ec  162		move	$4, $16
        2652ffff 000001f0  163		addiu	$18, $18, -1
                           164	.L62:
        02002025 000001f4  165		move	$4, $16
        02202825 000001f8  166		move	$5, $17
        02c03025 000001fc  167		move	$6, $22
        0c000000 00000200  168		jal	Draw8Point
        02403825 00000204  169		move	$7, $18

                                   Tue Apr 07 08:56:19 2015           Page 5
                                   Tue Apr 07 08:56:19 2015       gh_2i08c.s
        02520018 00000208  170		mult	$18, $18
        26760002 0000020c  171		addiu	$22, $19, 2
        02d6c028 00000210  172		macc	$24, $22, $22
        0298782a 00000214  173		slt	$15, $20, $24
        11e00006 00000218  174		beq	$15, $0, .L66
        02202825 0000021c  175		move	$5, $17
        02c03025 00000220  176		move	$6, $22
        02403825 00000224  177		move	$7, $18
        0c000000 00000228  178		jal	Draw8Point
        02002025 0000022c  179		move	$4, $16
        2652ffff 00000230  180		addiu	$18, $18, -1
                           181	.L66:
        02002025 00000234  182		move	$4, $16
        02202825 00000238  183		move	$5, $17
        02c03025 0000023c  184		move	$6, $22
        0c000000 00000240  185		jal	Draw8Point
        02403825 00000244  186		move	$7, $18
        02520018 00000248  187		mult	$18, $18
        26760003 0000024c  188		addiu	$22, $19, 3
        02d6c828 00000250  189		macc	$25, $22, $22
        0299c02a 00000254  190		slt	$24, $20, $25
        13000006 00000258  191		beq	$24, $0, .L70
        02202825 0000025c  192		move	$5, $17
        02c03025 00000260  193		move	$6, $22
        02403825 00000264  194		move	$7, $18
        0c000000 00000268  195		jal	Draw8Point
        02002025 0000026c  196		move	$4, $16
        2652ffff 00000270  197		addiu	$18, $18, -1
                           198	.L70:
        02002025 00000274  199		move	$4, $16
        02202825 00000278  200		move	$5, $17
        02c03025 0000027c  201		move	$6, $22
        0c000000 00000280  202		jal	Draw8Point
        02403825 00000284  203		move	$7, $18
        02520018 00000288  204		mult	$18, $18
        26760004 0000028c  205		addiu	$22, $19, 4
        02d66828 00000290  206		macc	$13, $22, $22
        028dc82a 00000294  207		slt	$25, $20, $13
        13200006 00000298  208		beq	$25, $0, .L74
        02202825 0000029c  209		move	$5, $17
        02c03025 000002a0  210		move	$6, $22
        02403825 000002a4  211		move	$7, $18
        0c000000 000002a8  212		jal	Draw8Point
        02002025 000002ac  213		move	$4, $16
        2652ffff 000002b0  214		addiu	$18, $18, -1
                           215	.L74:
        02002025 000002b4  216		move	$4, $16
        02202825 000002b8  217		move	$5, $17
        02c03025 000002bc  218		move	$6, $22
        0c000000 000002c0  219		jal	Draw8Point
        02403825 000002c4  220		move	$7, $18
        02520018 000002c8  221		mult	$18, $18
        26760005 000002cc  222		addiu	$22, $19, 5
        02d67028 000002d0  223		macc	$14, $22, $22
        028e682a 000002d4  224		slt	$13, $20, $14
        11a00006 000002d8  225		beq	$13, $0, .L78

                                   Tue Apr 07 08:56:19 2015           Page 6
                                   Tue Apr 07 08:56:19 2015       gh_2i08c.s
        02202825 000002dc  226		move	$5, $17
        02c03025 000002e0  227		move	$6, $22
        02403825 000002e4  228		move	$7, $18
        0c000000 000002e8  229		jal	Draw8Point
        02002025 000002ec  230		move	$4, $16
        2652ffff 000002f0  231		addiu	$18, $18, -1
                           232	.L78:
        02002025 000002f4  233		move	$4, $16
        02202825 000002f8  234		move	$5, $17
        02c03025 000002fc  235		move	$6, $22
        0c000000 00000300  236		jal	Draw8Point
        02403825 00000304  237		move	$7, $18
        02520018 00000308  238		mult	$18, $18
        26760006 0000030c  239		addiu	$22, $19, 6
        02d67828 00000310  240		macc	$15, $22, $22
        028f702a 00000314  241		slt	$14, $20, $15
        11c00006 00000318  242		beq	$14, $0, .L82
        02202825 0000031c  243		move	$5, $17
        02c03025 00000320  244		move	$6, $22
        02403825 00000324  245		move	$7, $18
        0c000000 00000328  246		jal	Draw8Point
        02002025 0000032c  247		move	$4, $16
        2652ffff 00000330  248		addiu	$18, $18, -1
                           249	.L82:
        02002025 00000334  250		move	$4, $16
        02202825 00000338  251		move	$5, $17
        02c03025 0000033c  252		move	$6, $22
        0c000000 00000340  253		jal	Draw8Point
        02403825 00000344  254		move	$7, $18
        02520018 00000348  255		mult	$18, $18
        26760007 0000034c  256		addiu	$22, $19, 7
        02d6c028 00000350  257		macc	$24, $22, $22
        0298782a 00000354  258		slt	$15, $20, $24
        11e00007 00000358  259		beq	$15, $0, .L1000085
        02202825 0000035c  260		move	$5, $17
        02c03025 00000360  261		move	$6, $22
        02403825 00000364  262		move	$7, $18
        0c000000 00000368  263		jal	Draw8Point
        02002025 0000036c  264		move	$4, $16
        2652ffff 00000370  265		addiu	$18, $18, -1
        02202825 00000374  266		move	$5, $17
                           267	.L1000085:
        02c03025 00000378  268		move	$6, $22
        02403825 0000037c  269		move	$7, $18
        0c000000 00000380  270		jal	Draw8Point
        02002025 00000384  271		move	$4, $16
        26b5ffff 00000388  272		addiu	$21, $21, -1
        16a0ff7f 0000038c  273		bne	$21, $0, .L54
        26730008 00000390  274		addiu	$19, $19, 8
        32f50007 00000394  275		andi	$21, $23, 7
                           276	.L1000053:
        52a00014 00000398  277		beql	$21, $0, .L1000029
        8fb7001c 0000039c  278		lw	$23, 28($sp)
                           279	.L88:
        02520018 000003a0  280		mult	$18, $18
        02737828 000003a4  281		macc	$15, $19, $19

                                   Tue Apr 07 08:56:19 2015           Page 7
                                   Tue Apr 07 08:56:19 2015       gh_2i08c.s
        028f702a 000003a8  282		slt	$14, $20, $15
        11c00007 000003ac  283		beq	$14, $0, .L1000091
        02202825 000003b0  284		move	$5, $17
        02603025 000003b4  285		move	$6, $19
        02403825 000003b8  286		move	$7, $18
        0c000000 000003bc  287		jal	Draw8Point
        02002025 000003c0  288		move	$4, $16
        2652ffff 000003c4  289		addiu	$18, $18, -1
        02202825 000003c8  290		move	$5, $17
                           291	.L1000091:
        02603025 000003cc  292		move	$6, $19
        02403825 000003d0  293		move	$7, $18
        0c000000 000003d4  294		jal	Draw8Point
        02002025 000003d8  295		move	$4, $16
        26b5ffff 000003dc  296		addiu	$21, $21, -1
        16a0ffef 000003e0  297		bne	$21, $0, .L88
        26730001 000003e4  298		addiu	$19, $19, 1
        8fb7001c 000003e8  299		lw	$23, 28($sp)
                           300	.L1000029:
                           301	 #	    .ef
        8fb60018 000003ec  302		lw	$22, 24($sp)
        8fbf0024 000003f0  303		lw	$ra, 36($sp)
        8fb00000 000003f4  304		lw	$16, 0($sp)
        8fb10004 000003f8  305		lw	$17, 4($sp)
        8fb20008 000003fc  306		lw	$18, 8($sp)
        8fb3000c 00000400  307		lw	$19, 12($sp)
        8fb40010 00000404  308		lw	$20, 16($sp)
        8fb50014 00000408  309		lw	$21, 20($sp)
        03e00008 0000040c  310		jr	$ra
        27bd0028 00000410  311		addiu	$sp, $sp, 40
                           312		.type	GL_DrawCircle,@function
                           313		.size	GL_DrawCircle,.-GL_DrawCircle
                           314		.align	4
                           315	 #i	$19	local
                           316	 #imax	$21	local
                           317	 #sqmax	$20	local
                           318	 #y	$18	local
                           319	
                           320	 #x0	$16	param
                           321	 #y0	$17	param
                           322	 #r	$7	param
                           323	
                           324		.data
                           325	.L182:
                           326		.text
                           327		.align	4
                           328		.align	4
                           329		.align	4
                           330		.globl	GUI_DrawCircle
                           331	GUI_DrawCircle:
        27bdffe0 00000414  332		addiu	$sp, $sp, -32
        afbf001c 00000418  333		sw	$ra, 28($sp)
        afb20008 0000041c  334		sw	$18, 8($sp)
        afb00000 00000420  335		sw	$16, 0($sp)
        00808025 00000424  336		move	$16, $4
        afb10004 00000428  337		sw	$17, 4($sp)

                                   Tue Apr 07 08:56:19 2015           Page 8
                                   Tue Apr 07 08:56:19 2015       gh_2i08c.s
        00a08825 0000042c  338		move	$17, $5
                           339	 #	    .bf
        0c000000 00000430  340		jal	GUI_Lock
        00c09025 00000434  341		move	$18, $6
        3c030000 00000438  342		lui	$3, %hi(GUI_Context)
        24630000 0000043c  343		addiu	$3, $3, %lo(GUI_Context)
        8c790044 00000440  344		lw	$25, 68($3)
        27a40010 00000444  345		addiu	$4, $sp, 16
        8c780048 00000448  346		lw	$24, 72($3)
        02198021 0000044c  347		addu	$16, $16, $25
        02127823 00000450  348		subu	$15, $16, $18
        a7af0010 00000454  349		sh	$15, 16($sp)
        02127021 00000458  350		addu	$14, $16, $18
        a7ae0014 0000045c  351		sh	$14, 20($sp)
        02388821 00000460  352		addu	$17, $17, $24
        02326823 00000464  353		subu	$13, $17, $18
        a7ad0012 00000468  354		sh	$13, 18($sp)
        0232c821 0000046c  355		addu	$25, $17, $18
        0c000000 00000470  356		jal	WM__InitIVRSearch
        a7b90016 00000474  357		sh	$25, 22($sp)
        10400009 00000478  358		beq	$2, $0, .L245
        00000000 0000047c  359		nop
        02002025 00000480  360		move	$4, $16
                           361	.L1000249:
        02202825 00000484  362		move	$5, $17
        0c000000 00000488  363		jal	GL_DrawCircle
        02403025 0000048c  364		move	$6, $18
        0c000000 00000490  365		jal	WM__GetNextIVR
        00000000 00000494  366		nop
        5440fffa 00000498  367		bnel	$2, $0, .L1000249
        02002025 0000049c  368		move	$4, $16
                           369	.L245:
        0c000000 000004a0  370		jal	GUI_Unlock
        00000000 000004a4  371		nop
                           372	 #	    .ef
        8fb00000 000004a8  373		lw	$16, 0($sp)
        8fbf001c 000004ac  374		lw	$ra, 28($sp)
        8fb10004 000004b0  375		lw	$17, 4($sp)
        8fb20008 000004b4  376		lw	$18, 8($sp)
        03e00008 000004b8  377		jr	$ra
        27bd0020 000004bc  378		addiu	$sp, $sp, 32
                           379		.type	GUI_DrawCircle,@function
                           380		.size	GUI_DrawCircle,.-GUI_DrawCircle
                           381		.align	4
                           382	 #Rect	16($sp)	local
                           383	
                           384	 #x0	$16	param
                           385	 #y0	$17	param
                           386	 #r	$18	param
                           387	
                           388		.data
                           389	.L280:
                           390		.text
                           391		.align	4
                           392		.align	4
                           393		.globl	GL_FillCircle

                                   Tue Apr 07 08:56:19 2015           Page 9
                                   Tue Apr 07 08:56:19 2015       gh_2i08c.s
                           394	GL_FillCircle:
        0006c080 000004c0  395		sll	$24, $6, 2
                           396	 #	    .bf
        0306c823 000004c4  397		subu	$25, $24, $6
        0018c100 000004c8  398		sll	$24, $24, 4
        0338c823 000004cc  399		subu	$25, $25, $24
        0018c080 000004d0  400		sll	$24, $24, 2
        0319c821 000004d4  401		addu	$25, $24, $25
        0018c040 000004d8  402		sll	$24, $24, 1
        0319c821 000004dc  403		addu	$25, $24, $25
        340e03e8 000004e0  404		ori	$14, $0, 1000
        032e001a 000004e4  405		div	$0,$25, $14
        00007812 000004e8  406		mflo	$15
        27bdff88 000004ec  407		addiu	$sp, $sp, -120
        afbf0074 000004f0  408		sw	$ra, 116($sp)
        00c60018 000004f4  409		mult	$6, $6
        afb7001c 000004f8  410		sw	$23, 28($sp)
        afb60018 000004fc  411		sw	$22, 24($sp)
        afb50014 00000500  412		sw	$21, 20($sp)
        afb40010 00000504  413		sw	$20, 16($sp)
        afb3000c 00000508  414		sw	$19, 12($sp)
        afbe0020 0000050c  415		sw	$fp, 32($sp)
        00006812 00000510  416		mflo	$13
        25ec0001 00000514  417		addiu	$12, $15, 1
        afac0024 00000518  418		sw	$12, 36($sp)
        0006cfc3 0000051c  419		sra	$25, $6, 31
        0019c7c2 00000520  420		srl	$24, $25, 31
        03067821 00000524  421		addu	$15, $24, $6
        000f7043 00000528  422		sra	$14, $15, 1
        01ae6021 0000052c  423		addu	$12, $13, $14
        afac0028 00000530  424		sw	$12, 40($sp)
        afb20008 00000534  425		sw	$18, 8($sp)
        00c09025 00000538  426		move	$18, $6
        afb00000 0000053c  427		sw	$16, 0($sp)
        00808025 00000540  428		move	$16, $4
        02062023 00000544  429		subu	$4, $16, $6
        afb10004 00000548  430		sw	$17, 4($sp)
        00a08825 0000054c  431		move	$17, $5
        0c000000 00000550  432		jal	LCD_DrawHLine
        02063021 00000554  433		addu	$6, $16, $6
        8fac0024 00000558  434		lw	$12, 36($sp)
        afa0002c 0000055c  435		sw	$0, 44($sp)
        34010000 00000560  436		ori	$1, $0, 0
        002c682a 00000564  437		slt	$13, $1, $12
        11a00002 00000568  438		beq	$13, $0, .L435
        34130001 0000056c  439		ori	$19, $0, 1
        afac002c 00000570  440		sw	$12, 44($sp)
                           441	.L435:
        8fa1002c 00000574  442		lw	$1, 44($sp)
        0001b082 00000578  443		srl	$22, $1, 2
        12c00084 0000057c  444		beq	$22, $0, .L323
        26140003 00000580  445		addiu	$20, $16, 3
        2615fffd 00000584  446		addiu	$21, $16, -3
        2637fffc 00000588  447		addiu	$23, $17, -4
        263e0004 0000058c  448		addiu	$fp, $17, 4
                           449	.L324:

                                   Tue Apr 07 08:56:19 2015           Page 10
                                   Tue Apr 07 08:56:19 2015       gh_2i08c.s
        02520018 00000590  450		mult	$18, $18
        02737028 00000594  451		macc	$14, $19, $19
        8fa10028 00000598  452		lw	$1, 40($sp)
        002e682a 0000059c  453		slt	$13, $1, $14
        51a00010 000005a0  454		beql	$13, $0, .L1000330
        02122023 000005a4  455		subu	$4, $16, $18
        8fa10024 000005a8  456		lw	$1, 36($sp)
        0032c82a 000005ac  457		slt	$25, $1, $18
        1320000a 000005b0  458		beq	$25, $0, .L327
        26a40003 000005b4  459		addiu	$4, $21, 3
        afa40064 000005b8  460		sw	$4, 100($sp)
        2686fffd 000005bc  461		addiu	$6, $20, -3
        afa60060 000005c0  462		sw	$6, 96($sp)
        0c000000 000005c4  463		jal	LCD_DrawHLine
        02322821 000005c8  464		addu	$5, $17, $18
        8fa40064 000005cc  465		lw	$4, 100($sp)
        02322823 000005d0  466		subu	$5, $17, $18
        0c000000 000005d4  467		jal	LCD_DrawHLine
        8fa60060 000005d8  468		lw	$6, 96($sp)
                           469	.L327:
        2652ffff 000005dc  470		addiu	$18, $18, -1
        02122023 000005e0  471		subu	$4, $16, $18
                           472	.L1000330:
        afa4005c 000005e4  473		sw	$4, 92($sp)
        02123021 000005e8  474		addu	$6, $16, $18
        afa60058 000005ec  475		sw	$6, 88($sp)
        0c000000 000005f0  476		jal	LCD_DrawHLine
        27c5fffd 000005f4  477		addiu	$5, $fp, -3
        8fa4005c 000005f8  478		lw	$4, 92($sp)
        26e50003 000005fc  479		addiu	$5, $23, 3
        0c000000 00000600  480		jal	LCD_DrawHLine
        8fa60058 00000604  481		lw	$6, 88($sp)
        02520018 00000608  482		mult	$18, $18
        26630001 0000060c  483		addiu	$3, $19, 1
        00637028 00000610  484		macc	$14, $3, $3
        8fa10028 00000614  485		lw	$1, 40($sp)
        002e682a 00000618  486		slt	$13, $1, $14
        51a00010 0000061c  487		beql	$13, $0, .L1000336
        02122023 00000620  488		subu	$4, $16, $18
        8fa10024 00000624  489		lw	$1, 36($sp)
        0032c82a 00000628  490		slt	$25, $1, $18
        1320000a 0000062c  491		beq	$25, $0, .L333
        26a40002 00000630  492		addiu	$4, $21, 2
        afa40054 00000634  493		sw	$4, 84($sp)
        2686fffe 00000638  494		addiu	$6, $20, -2
        afa60050 0000063c  495		sw	$6, 80($sp)
        0c000000 00000640  496		jal	LCD_DrawHLine
        02322821 00000644  497		addu	$5, $17, $18
        8fa40054 00000648  498		lw	$4, 84($sp)
        02322823 0000064c  499		subu	$5, $17, $18
        0c000000 00000650  500		jal	LCD_DrawHLine
        8fa60050 00000654  501		lw	$6, 80($sp)
                           502	.L333:
        2652ffff 00000658  503		addiu	$18, $18, -1
        02122023 0000065c  504		subu	$4, $16, $18
                           505	.L1000336:

                                   Tue Apr 07 08:56:19 2015           Page 11
                                   Tue Apr 07 08:56:19 2015       gh_2i08c.s
        afa4004c 00000660  506		sw	$4, 76($sp)
        02123021 00000664  507		addu	$6, $16, $18
        afa60048 00000668  508		sw	$6, 72($sp)
        0c000000 0000066c  509		jal	LCD_DrawHLine
        27c5fffe 00000670  510		addiu	$5, $fp, -2
        8fa4004c 00000674  511		lw	$4, 76($sp)
        26e50002 00000678  512		addiu	$5, $23, 2
        0c000000 0000067c  513		jal	LCD_DrawHLine
        8fa60048 00000680  514		lw	$6, 72($sp)
        02520018 00000684  515		mult	$18, $18
        26630002 00000688  516		addiu	$3, $19, 2
        00637028 0000068c  517		macc	$14, $3, $3
        8fa10028 00000690  518		lw	$1, 40($sp)
        002e682a 00000694  519		slt	$13, $1, $14
        51a00010 00000698  520		beql	$13, $0, .L1000342
        02122023 0000069c  521		subu	$4, $16, $18
        8fa10024 000006a0  522		lw	$1, 36($sp)
        0032c82a 000006a4  523		slt	$25, $1, $18
        1320000a 000006a8  524		beq	$25, $0, .L339
        26a40001 000006ac  525		addiu	$4, $21, 1
        afa40044 000006b0  526		sw	$4, 68($sp)
        2686ffff 000006b4  527		addiu	$6, $20, -1
        afa60040 000006b8  528		sw	$6, 64($sp)
        0c000000 000006bc  529		jal	LCD_DrawHLine
        02322821 000006c0  530		addu	$5, $17, $18
        8fa40044 000006c4  531		lw	$4, 68($sp)
        02322823 000006c8  532		subu	$5, $17, $18
        0c000000 000006cc  533		jal	LCD_DrawHLine
        8fa60040 000006d0  534		lw	$6, 64($sp)
                           535	.L339:
        2652ffff 000006d4  536		addiu	$18, $18, -1
        02122023 000006d8  537		subu	$4, $16, $18
                           538	.L1000342:
        afa4003c 000006dc  539		sw	$4, 60($sp)
        02123021 000006e0  540		addu	$6, $16, $18
        afa60038 000006e4  541		sw	$6, 56($sp)
        0c000000 000006e8  542		jal	LCD_DrawHLine
        27c5ffff 000006ec  543		addiu	$5, $fp, -1
        8fa4003c 000006f0  544		lw	$4, 60($sp)
        26e50001 000006f4  545		addiu	$5, $23, 1
        0c000000 000006f8  546		jal	LCD_DrawHLine
        8fa60038 000006fc  547		lw	$6, 56($sp)
        02520018 00000700  548		mult	$18, $18
        26630003 00000704  549		addiu	$3, $19, 3
        00637028 00000708  550		macc	$14, $3, $3
        8fa10028 0000070c  551		lw	$1, 40($sp)
        002e682a 00000710  552		slt	$13, $1, $14
        51a0000e 00000714  553		beql	$13, $0, .L1000347
        02122023 00000718  554		subu	$4, $16, $18
        8fa10024 0000071c  555		lw	$1, 36($sp)
        0032c82a 00000720  556		slt	$25, $1, $18
        13200008 00000724  557		beq	$25, $0, .L345
        02a02025 00000728  558		move	$4, $21
        02322821 0000072c  559		addu	$5, $17, $18
        0c000000 00000730  560		jal	LCD_DrawHLine
        02803025 00000734  561		move	$6, $20

                                   Tue Apr 07 08:56:19 2015           Page 12
                                   Tue Apr 07 08:56:19 2015       gh_2i08c.s
        02a02025 00000738  562		move	$4, $21
        02322823 0000073c  563		subu	$5, $17, $18
        0c000000 00000740  564		jal	LCD_DrawHLine
        02803025 00000744  565		move	$6, $20
                           566	.L345:
        2652ffff 00000748  567		addiu	$18, $18, -1
        02122023 0000074c  568		subu	$4, $16, $18
                           569	.L1000347:
        afa40034 00000750  570		sw	$4, 52($sp)
        02123021 00000754  571		addu	$6, $16, $18
        afa60030 00000758  572		sw	$6, 48($sp)
        0c000000 0000075c  573		jal	LCD_DrawHLine
        03c02825 00000760  574		move	$5, $fp
        02e02825 00000764  575		move	$5, $23
        8fa60030 00000768  576		lw	$6, 48($sp)
        0c000000 0000076c  577		jal	LCD_DrawHLine
        8fa40034 00000770  578		lw	$4, 52($sp)
        26730004 00000774  579		addiu	$19, $19, 4
        26b5fffc 00000778  580		addiu	$21, $21, -4
        26f7fffc 0000077c  581		addiu	$23, $23, -4
        27de0004 00000780  582		addiu	$fp, $fp, 4
        26d6ffff 00000784  583		addiu	$22, $22, -1
        16c0ff81 00000788  584		bne	$22, $0, .L324
        26940004 0000078c  585		addiu	$20, $20, 4
                           586	.L323:
        8fa1002c 00000790  587		lw	$1, 44($sp)
        30360003 00000794  588		andi	$22, $1, 3
        12c00035 00000798  589		beq	$22, $0, .L293
        02137021 0000079c  590		addu	$14, $16, $19
        25d4ffff 000007a0  591		addiu	$20, $14, -1
        02136823 000007a4  592		subu	$13, $16, $19
        25b50001 000007a8  593		addiu	$21, $13, 1
        0212b821 000007ac  594		addu	$23, $16, $18
        02128023 000007b0  595		subu	$16, $16, $18
        02336021 000007b4  596		addu	$12, $17, $19
        afac006c 000007b8  597		sw	$12, 108($sp)
        02326023 000007bc  598		subu	$12, $17, $18
        afac0068 000007c0  599		sw	$12, 104($sp)
        0233f023 000007c4  600		subu	$fp, $17, $19
        02328821 000007c8  601		addu	$17, $17, $18
                           602	.L350:
        02520018 000007cc  603		mult	$18, $18
        02737828 000007d0  604		macc	$15, $19, $19
        8fa10028 000007d4  605		lw	$1, 40($sp)
        002f702a 000007d8  606		slt	$14, $1, $15
        51c00014 000007dc  607		beql	$14, $0, .L1000355
        02002025 000007e0  608		move	$4, $16
        8fa10024 000007e4  609		lw	$1, 36($sp)
        0032682a 000007e8  610		slt	$13, $1, $18
        11a00008 000007ec  611		beq	$13, $0, .L353
        02a02025 000007f0  612		move	$4, $21
        02202825 000007f4  613		move	$5, $17
        0c000000 000007f8  614		jal	LCD_DrawHLine
        02803025 000007fc  615		move	$6, $20
        02a02025 00000800  616		move	$4, $21
        8fa50068 00000804  617		lw	$5, 104($sp)

                                   Tue Apr 07 08:56:19 2015           Page 13
                                   Tue Apr 07 08:56:19 2015       gh_2i08c.s
        0c000000 00000808  618		jal	LCD_DrawHLine
        02803025 0000080c  619		move	$6, $20
                           620	.L353:
        8fa10068 00000810  621		lw	$1, 104($sp)
        26f7ffff 00000814  622		addiu	$23, $23, -1
        26100001 00000818  623		addiu	$16, $16, 1
        242c0001 0000081c  624		addiu	$12, $1, 1
        afac0068 00000820  625		sw	$12, 104($sp)
        2631ffff 00000824  626		addiu	$17, $17, -1
        2652ffff 00000828  627		addiu	$18, $18, -1
        02002025 0000082c  628		move	$4, $16
                           629	.L1000355:
        8fa5006c 00000830  630		lw	$5, 108($sp)
        0c000000 00000834  631		jal	LCD_DrawHLine
        02e03025 00000838  632		move	$6, $23
        02002025 0000083c  633		move	$4, $16
        03c02825 00000840  634		move	$5, $fp
        0c000000 00000844  635		jal	LCD_DrawHLine
        02e03025 00000848  636		move	$6, $23
        26730001 0000084c  637		addiu	$19, $19, 1
        8fa1006c 00000850  638		lw	$1, 108($sp)
        26b5ffff 00000854  639		addiu	$21, $21, -1
        27deffff 00000858  640		addiu	$fp, $fp, -1
        242c0001 0000085c  641		addiu	$12, $1, 1
        afac006c 00000860  642		sw	$12, 108($sp)
        26d6ffff 00000864  643		addiu	$22, $22, -1
        16c0ffd8 00000868  644		bne	$22, $0, .L350
        26940001 0000086c  645		addiu	$20, $20, 1
                           646	.L293:
        8fbe0020 00000870  647		lw	$fp, 32($sp)
                           648	 #	    .ef
        8fb7001c 00000874  649		lw	$23, 28($sp)
        8fbf0074 00000878  650		lw	$ra, 116($sp)
        8fb00000 0000087c  651		lw	$16, 0($sp)
        8fb10004 00000880  652		lw	$17, 4($sp)
        8fb20008 00000884  653		lw	$18, 8($sp)
        8fb3000c 00000888  654		lw	$19, 12($sp)
        8fb40010 0000088c  655		lw	$20, 16($sp)
        8fb50014 00000890  656		lw	$21, 20($sp)
        8fb60018 00000894  657		lw	$22, 24($sp)
        03e00008 00000898  658		jr	$ra
        27bd0078 0000089c  659		addiu	$sp, $sp, 120
                           660		.type	GL_FillCircle,@function
                           661		.size	GL_FillCircle,.-GL_FillCircle
                           662		.align	4
                           663	 #i	$19	local
                           664	 #imax	36($sp)	local
                           665	 #sqmax	40($sp)	local
                           666	 #x	$18	local
                           667	
                           668	 #x0	$16	param
                           669	 #y0	$17	param
                           670	 #r	$6	param
                           671	
                           672		.data
                           673	.L434:

                                   Tue Apr 07 08:56:19 2015           Page 14
                                   Tue Apr 07 08:56:19 2015       gh_2i08c.s
                           674		.text
                           675		.align	4
                           676		.align	4
                           677		.globl	GUI_FillCircle
                           678	GUI_FillCircle:
        27bdffe8 000008a0  679		addiu	$sp, $sp, -24
        afbf0014 000008a4  680		sw	$ra, 20($sp)
        afb20008 000008a8  681		sw	$18, 8($sp)
        afb00000 000008ac  682		sw	$16, 0($sp)
        00808025 000008b0  683		move	$16, $4
        afb10004 000008b4  684		sw	$17, 4($sp)
        00a08825 000008b8  685		move	$17, $5
                           686	 #	    .bf
        0c000000 000008bc  687		jal	GUI_Lock
        00c09025 000008c0  688		move	$18, $6
        3c030000 000008c4  689		lui	$3, %hi(GUI_Context)
        24630000 000008c8  690		addiu	$3, $3, %lo(GUI_Context)
        8c790044 000008cc  691		lw	$25, 68($3)
        8c780048 000008d0  692		lw	$24, 72($3)
        34040000 000008d4  693		ori	$4, $0, 0
        02198021 000008d8  694		addu	$16, $16, $25
        0c000000 000008dc  695		jal	WM__InitIVRSearch
        02388821 000008e0  696		addu	$17, $17, $24
        10400009 000008e4  697		beq	$2, $0, .L502
        00000000 000008e8  698		nop
        02002025 000008ec  699		move	$4, $16
                           700	.L1000506:
        02202825 000008f0  701		move	$5, $17
        0c000000 000008f4  702		jal	GL_FillCircle
        02403025 000008f8  703		move	$6, $18
        0c000000 000008fc  704		jal	WM__GetNextIVR
        00000000 00000900  705		nop
        5440fffa 00000904  706		bnel	$2, $0, .L1000506
        02002025 00000908  707		move	$4, $16
                           708	.L502:
        0c000000 0000090c  709		jal	GUI_Unlock
        00000000 00000910  710		nop
                           711	 #	    .ef
        8fb00000 00000914  712		lw	$16, 0($sp)
        8fbf0014 00000918  713		lw	$ra, 20($sp)
        8fb10004 0000091c  714		lw	$17, 4($sp)
        8fb20008 00000920  715		lw	$18, 8($sp)
        03e00008 00000924  716		jr	$ra
        27bd0018 00000928  717		addiu	$sp, $sp, 24
                           718		.type	GUI_FillCircle,@function
                           719		.size	GUI_FillCircle,.-GUI_FillCircle
                           720		.align	4
                           721	
                           722	 #x0	$16	param
                           723	 #y0	$17	param
                           724	 #r	$18	param
                           725	
                           726		.data
                           727	.L537:
                           728		.text
                           729		.align	4

                                   Tue Apr 07 08:56:19 2015           Page 15
                                   Tue Apr 07 08:56:19 2015       gh_2i08c.s
                           730		.align	4
                           731		.globl	GL_FillEllipse
                           732	GL_FillEllipse:
        27bdff80 0000092c  733		addiu	$sp, $sp, -128
        afb20008 00000930  734		sw	$18, 8($sp)
        00c09025 00000934  735		move	$18, $6
                           736	 #	    .bf
        02520018 00000938  737		mult	$18, $18
        afb3000c 0000093c  738		sw	$19, 12($sp)
        0000c812 00000940  739		mflo	$25
        00e09825 00000944  740		move	$19, $7
        02601025 00000948  741		move	$2, $19
        03220018 0000094c  742		mult	$25, $2
        00001812 00000950  743		mflo	$3
        266e0001 00000954  744		addiu	$14, $19, 1
        00037842 00000958  745		srl	$15, $3, 1
        00620018 0000095c  746		mult	$3, $2
        afbf007c 00000960  747		sw	$ra, 124($sp)
        afb50014 00000964  748		sw	$21, 20($sp)
        0000c012 00000968  749		mflo	$24
        030fa821 0000096c  750		addu	$21, $24, $15
        afb7001c 00000970  751		sw	$23, 28($sp)
        afa00034 00000974  752		sw	$0, 52($sp)
        afb00000 00000978  753		sw	$16, 0($sp)
        00808025 0000097c  754		move	$16, $4
        afb10004 00000980  755		sw	$17, 4($sp)
        00a08825 00000984  756		move	$17, $5
        afb40010 00000988  757		sw	$20, 16($sp)
        0240a025 0000098c  758		move	$20, $18
        afb60018 00000990  759		sw	$22, 24($sp)
        34160000 00000994  760		ori	$22, $0, 0
        34010000 00000998  761		ori	$1, $0, 0
        002e682a 0000099c  762		slt	$13, $1, $14
        11a00002 000009a0  763		beq	$13, $0, .L824
        afbe0020 000009a4  764		sw	$fp, 32($sp)
        afae0034 000009a8  765		sw	$14, 52($sp)
                           766	.L824:
        8fa10034 000009ac  767		lw	$1, 52($sp)
        000160c2 000009b0  768		srl	$12, $1, 3
        11800160 000009b4  769		beq	$12, $0, .L586
        afac0030 000009b8  770		sw	$12, 48($sp)
        263e0007 000009bc  771		addiu	$fp, $17, 7
        02730018 000009c0  772		mult	$19, $19
        00006012 000009c4  773		mflo	$12
        afac0028 000009c8  774		sw	$12, 40($sp)
        2637fff9 000009cc  775		addiu	$23, $17, -7
        02520018 000009d0  776		mult	$18, $18
        00006012 000009d4  777		mflo	$12
        afac002c 000009d8  778		sw	$12, 44($sp)
        00000000 000009dc  779		nop
                           780	.L587:
        8fa1002c 000009e0  781		lw	$1, 44($sp)
        02d60018 000009e4  782		mult	$22, $22
        0000c012 000009e8  783		mflo	$24
        00000000 000009ec  784		nop
        00000000 000009f0  785		nop

                                   Tue Apr 07 08:56:19 2015           Page 16
                                   Tue Apr 07 08:56:19 2015       gh_2i08c.s
        00380018 000009f4  786		mult	$1, $24
        00001012 000009f8  787		mflo	$2
        00000000 000009fc  788		nop
        00000000 00000a00  789		nop
        02940018 00000a04  790		mult	$20, $20
        8fb80028 00000a08  791		lw	$24, 40($sp)
        00007812 00000a0c  792		mflo	$15
        00000000 00000a10  793		nop
        00000000 00000a14  794		nop
        00400013 00000a18  795		mtlo	$2
        1a80000d 00000a1c  796		blez	$20, .L591
        030f1828 00000a20  797		macc	$3, $24, $15
        08000000 00000a24  798		j	.L1000590
        02a3c82a 00000a28  799		slt	$25, $21, $3
                           800	.L1000588:
        02940018 00000a2c  801		mult	$20, $20
        00007812 00000a30  802		mflo	$15
        00000000 00000a34  803		nop
        00000000 00000a38  804		nop
        00400013 00000a3c  805		mtlo	$2
        1a800004 00000a40  806		blez	$20, .L591
        030f1828 00000a44  807		macc	$3, $24, $15
        02a3c82a 00000a48  808		slt	$25, $21, $3
                           809	.L1000590:
        5720fff7 00000a4c  810		bnel	$25, $0, .L1000588
        2694ffff 00000a50  811		addiu	$20, $20, -1
                           812	.L591:
        02142023 00000a54  813		subu	$4, $16, $20
        afa40074 00000a58  814		sw	$4, 116($sp)
        02143021 00000a5c  815		addu	$6, $16, $20
        afa60070 00000a60  816		sw	$6, 112($sp)
        0c000000 00000a64  817		jal	LCD_DrawHLine
        27c5fff9 00000a68  818		addiu	$5, $fp, -7
        52c00006 00000a6c  819		beql	$22, $0, .L1000595
        26c30001 00000a70  820		addiu	$3, $22, 1
        8fa40074 00000a74  821		lw	$4, 116($sp)
        26e50007 00000a78  822		addiu	$5, $23, 7
        0c000000 00000a7c  823		jal	LCD_DrawHLine
        8fa60070 00000a80  824		lw	$6, 112($sp)
        26c30001 00000a84  825		addiu	$3, $22, 1
                           826	.L1000595:
        00630018 00000a88  827		mult	$3, $3
        00007812 00000a8c  828		mflo	$15
        8fa1002c 00000a90  829		lw	$1, 44($sp)
        00000000 00000a94  830		nop
        002f0018 00000a98  831		mult	$1, $15
        00001012 00000a9c  832		mflo	$2
        00000000 00000aa0  833		nop
        00000000 00000aa4  834		nop
        02940018 00000aa8  835		mult	$20, $20
        8fb90028 00000aac  836		lw	$25, 40($sp)
        00007012 00000ab0  837		mflo	$14
        00000000 00000ab4  838		nop
        00000000 00000ab8  839		nop
        00400013 00000abc  840		mtlo	$2
        1a80000d 00000ac0  841		blez	$20, .L599

                                   Tue Apr 07 08:56:19 2015           Page 17
                                   Tue Apr 07 08:56:19 2015       gh_2i08c.s
        032e1828 00000ac4  842		macc	$3, $25, $14
        08000000 00000ac8  843		j	.L1000598
        02a3c02a 00000acc  844		slt	$24, $21, $3
                           845	.L1000596:
        02940018 00000ad0  846		mult	$20, $20
        00007012 00000ad4  847		mflo	$14
        00000000 00000ad8  848		nop
        00000000 00000adc  849		nop
        00400013 00000ae0  850		mtlo	$2
        1a800004 00000ae4  851		blez	$20, .L599
        032e1828 00000ae8  852		macc	$3, $25, $14
        02a3c02a 00000aec  853		slt	$24, $21, $3
                           854	.L1000598:
        5700fff7 00000af0  855		bnel	$24, $0, .L1000596
        2694ffff 00000af4  856		addiu	$20, $20, -1
                           857	.L599:
        02142023 00000af8  858		subu	$4, $16, $20
        afa4006c 00000afc  859		sw	$4, 108($sp)
        02143021 00000b00  860		addu	$6, $16, $20
        afa60068 00000b04  861		sw	$6, 104($sp)
        0c000000 00000b08  862		jal	LCD_DrawHLine
        27c5fffa 00000b0c  863		addiu	$5, $fp, -6
        240fffff 00000b10  864		addiu	$15, $0, -1
        52cf0006 00000b14  865		beql	$22, $15, .L1000603
        26c30002 00000b18  866		addiu	$3, $22, 2
        8fa4006c 00000b1c  867		lw	$4, 108($sp)
        26e50006 00000b20  868		addiu	$5, $23, 6
        0c000000 00000b24  869		jal	LCD_DrawHLine
        8fa60068 00000b28  870		lw	$6, 104($sp)
        26c30002 00000b2c  871		addiu	$3, $22, 2
                           872	.L1000603:
        00630018 00000b30  873		mult	$3, $3
        00006812 00000b34  874		mflo	$13
        8fa1002c 00000b38  875		lw	$1, 44($sp)
        00000000 00000b3c  876		nop
        002d0018 00000b40  877		mult	$1, $13
        00001012 00000b44  878		mflo	$2
        00000000 00000b48  879		nop
        00000000 00000b4c  880		nop
        02940018 00000b50  881		mult	$20, $20
        8faf0028 00000b54  882		lw	$15, 40($sp)
        0000c812 00000b58  883		mflo	$25
        00000000 00000b5c  884		nop
        00000000 00000b60  885		nop
        00400013 00000b64  886		mtlo	$2
        1a80000d 00000b68  887		blez	$20, .L607
        01f91828 00000b6c  888		macc	$3, $15, $25
        08000000 00000b70  889		j	.L1000606
        02a3702a 00000b74  890		slt	$14, $21, $3
                           891	.L1000604:
        02940018 00000b78  892		mult	$20, $20
        0000c812 00000b7c  893		mflo	$25
        00000000 00000b80  894		nop
        00000000 00000b84  895		nop
        00400013 00000b88  896		mtlo	$2
        1a800004 00000b8c  897		blez	$20, .L607

                                   Tue Apr 07 08:56:19 2015           Page 18
                                   Tue Apr 07 08:56:19 2015       gh_2i08c.s
        01f91828 00000b90  898		macc	$3, $15, $25
        02a3702a 00000b94  899		slt	$14, $21, $3
                           900	.L1000606:
        55c0fff7 00000b98  901		bnel	$14, $0, .L1000604
        2694ffff 00000b9c  902		addiu	$20, $20, -1
                           903	.L607:
        02142023 00000ba0  904		subu	$4, $16, $20
        afa40064 00000ba4  905		sw	$4, 100($sp)
        02143021 00000ba8  906		addu	$6, $16, $20
        afa60060 00000bac  907		sw	$6, 96($sp)
        0c000000 00000bb0  908		jal	LCD_DrawHLine
        27c5fffb 00000bb4  909		addiu	$5, $fp, -5
        240dfffe 00000bb8  910		addiu	$13, $0, -2
        52cd0006 00000bbc  911		beql	$22, $13, .L1000611
        26c30003 00000bc0  912		addiu	$3, $22, 3
        8fa40064 00000bc4  913		lw	$4, 100($sp)
        26e50005 00000bc8  914		addiu	$5, $23, 5
        0c000000 00000bcc  915		jal	LCD_DrawHLine
        8fa60060 00000bd0  916		lw	$6, 96($sp)
        26c30003 00000bd4  917		addiu	$3, $22, 3
                           918	.L1000611:
        00630018 00000bd8  919		mult	$3, $3
        0000c012 00000bdc  920		mflo	$24
        8fa1002c 00000be0  921		lw	$1, 44($sp)
        00000000 00000be4  922		nop
        00380018 00000be8  923		mult	$1, $24
        00001012 00000bec  924		mflo	$2
        00000000 00000bf0  925		nop
        00000000 00000bf4  926		nop
        02940018 00000bf8  927		mult	$20, $20
        8fb80028 00000bfc  928		lw	$24, 40($sp)
        00007812 00000c00  929		mflo	$15
        00000000 00000c04  930		nop
        00000000 00000c08  931		nop
        00400013 00000c0c  932		mtlo	$2
        1a80000d 00000c10  933		blez	$20, .L615
        030f1828 00000c14  934		macc	$3, $24, $15
        08000000 00000c18  935		j	.L1000614
        02a3c82a 00000c1c  936		slt	$25, $21, $3
                           937	.L1000612:
        02940018 00000c20  938		mult	$20, $20
        00007812 00000c24  939		mflo	$15
        00000000 00000c28  940		nop
        00000000 00000c2c  941		nop
        00400013 00000c30  942		mtlo	$2
        1a800004 00000c34  943		blez	$20, .L615
        030f1828 00000c38  944		macc	$3, $24, $15
        02a3c82a 00000c3c  945		slt	$25, $21, $3
                           946	.L1000614:
        5720fff7 00000c40  947		bnel	$25, $0, .L1000612
        2694ffff 00000c44  948		addiu	$20, $20, -1
                           949	.L615:
        02142023 00000c48  950		subu	$4, $16, $20
        afa4005c 00000c4c  951		sw	$4, 92($sp)
        02143021 00000c50  952		addu	$6, $16, $20
        afa60058 00000c54  953		sw	$6, 88($sp)

                                   Tue Apr 07 08:56:19 2015           Page 19
                                   Tue Apr 07 08:56:19 2015       gh_2i08c.s
        0c000000 00000c58  954		jal	LCD_DrawHLine
        27c5fffc 00000c5c  955		addiu	$5, $fp, -4
        2418fffd 00000c60  956		addiu	$24, $0, -3
        52d80006 00000c64  957		beql	$22, $24, .L1000619
        26c30004 00000c68  958		addiu	$3, $22, 4
        8fa4005c 00000c6c  959		lw	$4, 92($sp)
        26e50004 00000c70  960		addiu	$5, $23, 4
        0c000000 00000c74  961		jal	LCD_DrawHLine
        8fa60058 00000c78  962		lw	$6, 88($sp)
        26c30004 00000c7c  963		addiu	$3, $22, 4
                           964	.L1000619:
        00630018 00000c80  965		mult	$3, $3
        00007012 00000c84  966		mflo	$14
        8fa1002c 00000c88  967		lw	$1, 44($sp)
        00000000 00000c8c  968		nop
        002e0018 00000c90  969		mult	$1, $14
        00001012 00000c94  970		mflo	$2
        00000000 00000c98  971		nop
        00000000 00000c9c  972		nop
        02940018 00000ca0  973		mult	$20, $20
        8fb80028 00000ca4  974		lw	$24, 40($sp)
        00006812 00000ca8  975		mflo	$13
        00000000 00000cac  976		nop
        00000000 00000cb0  977		nop
        00400013 00000cb4  978		mtlo	$2
        1a80000d 00000cb8  979		blez	$20, .L623
        030d1828 00000cbc  980		macc	$3, $24, $13
        08000000 00000cc0  981		j	.L1000622
        02a3782a 00000cc4  982		slt	$15, $21, $3
                           983	.L1000620:
        02940018 00000cc8  984		mult	$20, $20
        00006812 00000ccc  985		mflo	$13
        00000000 00000cd0  986		nop
        00000000 00000cd4  987		nop
        00400013 00000cd8  988		mtlo	$2
        1a800004 00000cdc  989		blez	$20, .L623
        030d1828 00000ce0  990		macc	$3, $24, $13
        02a3782a 00000ce4  991		slt	$15, $21, $3
                           992	.L1000622:
        55e0fff7 00000ce8  993		bnel	$15, $0, .L1000620
        2694ffff 00000cec  994		addiu	$20, $20, -1
                           995	.L623:
        02142023 00000cf0  996		subu	$4, $16, $20
        afa40054 00000cf4  997		sw	$4, 84($sp)
        02143021 00000cf8  998		addu	$6, $16, $20
        afa60050 00000cfc  999		sw	$6, 80($sp)
        0c000000 00000d00 1000		jal	LCD_DrawHLine
        27c5fffd 00000d04 1001		addiu	$5, $fp, -3
        240efffc 00000d08 1002		addiu	$14, $0, -4
        52ce0006 00000d0c 1003		beql	$22, $14, .L1000627
        26c30005 00000d10 1004		addiu	$3, $22, 5
        8fa40054 00000d14 1005		lw	$4, 84($sp)
        26e50003 00000d18 1006		addiu	$5, $23, 3
        0c000000 00000d1c 1007		jal	LCD_DrawHLine
        8fa60050 00000d20 1008		lw	$6, 80($sp)
        26c30005 00000d24 1009		addiu	$3, $22, 5

                                   Tue Apr 07 08:56:19 2015           Page 20
                                   Tue Apr 07 08:56:19 2015       gh_2i08c.s
                          1010	.L1000627:
        00630018 00000d28 1011		mult	$3, $3
        0000c812 00000d2c 1012		mflo	$25
        8fa1002c 00000d30 1013		lw	$1, 44($sp)
        00000000 00000d34 1014		nop
        00390018 00000d38 1015		mult	$1, $25
        00001012 00000d3c 1016		mflo	$2
        00000000 00000d40 1017		nop
        00000000 00000d44 1018		nop
        02940018 00000d48 1019		mult	$20, $20
        8fb90028 00000d4c 1020		lw	$25, 40($sp)
        0000c012 00000d50 1021		mflo	$24
        00000000 00000d54 1022		nop
        00000000 00000d58 1023		nop
        00400013 00000d5c 1024		mtlo	$2
        1a80000d 00000d60 1025		blez	$20, .L631
        03381828 00000d64 1026		macc	$3, $25, $24
        08000000 00000d68 1027		j	.L1000630
        02a3682a 00000d6c 1028		slt	$13, $21, $3
                          1029	.L1000628:
        02940018 00000d70 1030		mult	$20, $20
        0000c012 00000d74 1031		mflo	$24
        00000000 00000d78 1032		nop
        00000000 00000d7c 1033		nop
        00400013 00000d80 1034		mtlo	$2
        1a800004 00000d84 1035		blez	$20, .L631
        03381828 00000d88 1036		macc	$3, $25, $24
        02a3682a 00000d8c 1037		slt	$13, $21, $3
                          1038	.L1000630:
        55a0fff7 00000d90 1039		bnel	$13, $0, .L1000628
        2694ffff 00000d94 1040		addiu	$20, $20, -1
                          1041	.L631:
        02142023 00000d98 1042		subu	$4, $16, $20
        afa4004c 00000d9c 1043		sw	$4, 76($sp)
        02143021 00000da0 1044		addu	$6, $16, $20
        afa60048 00000da4 1045		sw	$6, 72($sp)
        0c000000 00000da8 1046		jal	LCD_DrawHLine
        27c5fffe 00000dac 1047		addiu	$5, $fp, -2
        2419fffb 00000db0 1048		addiu	$25, $0, -5
        52d90006 00000db4 1049		beql	$22, $25, .L1000635
        26c30006 00000db8 1050		addiu	$3, $22, 6
        8fa4004c 00000dbc 1051		lw	$4, 76($sp)
        26e50002 00000dc0 1052		addiu	$5, $23, 2
        0c000000 00000dc4 1053		jal	LCD_DrawHLine
        8fa60048 00000dc8 1054		lw	$6, 72($sp)
        26c30006 00000dcc 1055		addiu	$3, $22, 6
                          1056	.L1000635:
        00630018 00000dd0 1057		mult	$3, $3
        00007812 00000dd4 1058		mflo	$15
        8fa1002c 00000dd8 1059		lw	$1, 44($sp)
        00000000 00000ddc 1060		nop
        002f0018 00000de0 1061		mult	$1, $15
        00001012 00000de4 1062		mflo	$2
        00000000 00000de8 1063		nop
        00000000 00000dec 1064		nop
        02940018 00000df0 1065		mult	$20, $20

                                   Tue Apr 07 08:56:19 2015           Page 21
                                   Tue Apr 07 08:56:19 2015       gh_2i08c.s
        8fb90028 00000df4 1066		lw	$25, 40($sp)
        00007012 00000df8 1067		mflo	$14
        00000000 00000dfc 1068		nop
        00000000 00000e00 1069		nop
        00400013 00000e04 1070		mtlo	$2
        1a80000d 00000e08 1071		blez	$20, .L639
        032e1828 00000e0c 1072		macc	$3, $25, $14
        08000000 00000e10 1073		j	.L1000638
        02a3c02a 00000e14 1074		slt	$24, $21, $3
                          1075	.L1000636:
        02940018 00000e18 1076		mult	$20, $20
        00007012 00000e1c 1077		mflo	$14
        00000000 00000e20 1078		nop
        00000000 00000e24 1079		nop
        00400013 00000e28 1080		mtlo	$2
        1a800004 00000e2c 1081		blez	$20, .L639
        032e1828 00000e30 1082		macc	$3, $25, $14
        02a3c02a 00000e34 1083		slt	$24, $21, $3
                          1084	.L1000638:
        5700fff7 00000e38 1085		bnel	$24, $0, .L1000636
        2694ffff 00000e3c 1086		addiu	$20, $20, -1
                          1087	.L639:
        02142023 00000e40 1088		subu	$4, $16, $20
        afa40044 00000e44 1089		sw	$4, 68($sp)
        02143021 00000e48 1090		addu	$6, $16, $20
        afa60040 00000e4c 1091		sw	$6, 64($sp)
        0c000000 00000e50 1092		jal	LCD_DrawHLine
        27c5ffff 00000e54 1093		addiu	$5, $fp, -1
        240ffffa 00000e58 1094		addiu	$15, $0, -6
        52cf0006 00000e5c 1095		beql	$22, $15, .L1000643
        26c30007 00000e60 1096		addiu	$3, $22, 7
        8fa40044 00000e64 1097		lw	$4, 68($sp)
        26e50001 00000e68 1098		addiu	$5, $23, 1
        0c000000 00000e6c 1099		jal	LCD_DrawHLine
        8fa60040 00000e70 1100		lw	$6, 64($sp)
        26c30007 00000e74 1101		addiu	$3, $22, 7
                          1102	.L1000643:
        00630018 00000e78 1103		mult	$3, $3
        00006812 00000e7c 1104		mflo	$13
        8fa1002c 00000e80 1105		lw	$1, 44($sp)
        00000000 00000e84 1106		nop
        002d0018 00000e88 1107		mult	$1, $13
        00001012 00000e8c 1108		mflo	$2
        00000000 00000e90 1109		nop
        00000000 00000e94 1110		nop
        02940018 00000e98 1111		mult	$20, $20
        8faf0028 00000e9c 1112		lw	$15, 40($sp)
        0000c812 00000ea0 1113		mflo	$25
        00000000 00000ea4 1114		nop
        00000000 00000ea8 1115		nop
        00400013 00000eac 1116		mtlo	$2
        1a80000d 00000eb0 1117		blez	$20, .L647
        01f91828 00000eb4 1118		macc	$3, $15, $25
        08000000 00000eb8 1119		j	.L1000646
        02a3702a 00000ebc 1120		slt	$14, $21, $3
                          1121	.L1000644:

                                   Tue Apr 07 08:56:19 2015           Page 22
                                   Tue Apr 07 08:56:19 2015       gh_2i08c.s
        02940018 00000ec0 1122		mult	$20, $20
        0000c812 00000ec4 1123		mflo	$25
        00000000 00000ec8 1124		nop
        00000000 00000ecc 1125		nop
        00400013 00000ed0 1126		mtlo	$2
        1a800004 00000ed4 1127		blez	$20, .L647
        01f91828 00000ed8 1128		macc	$3, $15, $25
        02a3702a 00000edc 1129		slt	$14, $21, $3
                          1130	.L1000646:
        55c0fff7 00000ee0 1131		bnel	$14, $0, .L1000644
        2694ffff 00000ee4 1132		addiu	$20, $20, -1
                          1133	.L647:
        02142023 00000ee8 1134		subu	$4, $16, $20
        afa4003c 00000eec 1135		sw	$4, 60($sp)
        02143021 00000ef0 1136		addu	$6, $16, $20
        afa60038 00000ef4 1137		sw	$6, 56($sp)
        0c000000 00000ef8 1138		jal	LCD_DrawHLine
        03c02825 00000efc 1139		move	$5, $fp
        240dfff9 00000f00 1140		addiu	$13, $0, -7
        52cd0006 00000f04 1141		beql	$22, $13, .L1000650
        8fa10030 00000f08 1142		lw	$1, 48($sp)
        8fa4003c 00000f0c 1143		lw	$4, 60($sp)
        02e02825 00000f10 1144		move	$5, $23
        0c000000 00000f14 1145		jal	LCD_DrawHLine
        8fa60038 00000f18 1146		lw	$6, 56($sp)
        8fa10030 00000f1c 1147		lw	$1, 48($sp)
                          1148	.L1000650:
        27de0008 00000f20 1149		addiu	$fp, $fp, 8
        26d60008 00000f24 1150		addiu	$22, $22, 8
        242cffff 00000f28 1151		addiu	$12, $1, -1
        afac0030 00000f2c 1152		sw	$12, 48($sp)
        1580feab 00000f30 1153		bne	$12, $0, .L587
        26f7fff8 00000f34 1154		addiu	$23, $23, -8
                          1155	.L586:
        8fa10034 00000f38 1156		lw	$1, 52($sp)
        302c0007 00000f3c 1157		andi	$12, $1, 7
        11800036 00000f40 1158		beq	$12, $0, .L550
        afac0030 00000f44 1159		sw	$12, 48($sp)
        02730018 00000f48 1160		mult	$19, $19
        0000b812 00000f4c 1161		mflo	$23
        02369823 00000f50 1162		subu	$19, $17, $22
        02368821 00000f54 1163		addu	$17, $17, $22
        02520018 00000f58 1164		mult	$18, $18
        0000f012 00000f5c 1165		mflo	$fp
        02149021 00000f60 1166		addu	$18, $16, $20
        02148023 00000f64 1167		subu	$16, $16, $20
                          1168	.L653:
        02d60018 00000f68 1169		mult	$22, $22
        00007012 00000f6c 1170		mflo	$14
        00000000 00000f70 1171		nop
        00000000 00000f74 1172		nop
        03ce0018 00000f78 1173		mult	$fp, $14
        00001012 00000f7c 1174		mflo	$2
        02e0c025 00000f80 1175		move	$24, $23
        00000000 00000f84 1176		nop
        02940018 00000f88 1177		mult	$20, $20

                                   Tue Apr 07 08:56:19 2015           Page 23
                                   Tue Apr 07 08:56:19 2015       gh_2i08c.s
        00006812 00000f8c 1178		mflo	$13
        00000000 00000f90 1179		nop
        00000000 00000f94 1180		nop
        00400013 00000f98 1181		mtlo	$2
        1a80000f 00000f9c 1182		blez	$20, .L657
        030d1828 00000fa0 1183		macc	$3, $24, $13
        08000000 00000fa4 1184		j	.L1000656
        02a3782a 00000fa8 1185		slt	$15, $21, $3
                          1186	.L1000654:
        02940018 00000fac 1187		mult	$20, $20
        26100001 00000fb0 1188		addiu	$16, $16, 1
        00006812 00000fb4 1189		mflo	$13
        00000000 00000fb8 1190		nop
        00000000 00000fbc 1191		nop
        00400013 00000fc0 1192		mtlo	$2
        030d1828 00000fc4 1193		macc	$3, $24, $13
        1a800004 00000fc8 1194		blez	$20, .L657
        2652ffff 00000fcc 1195		addiu	$18, $18, -1
        02a3782a 00000fd0 1196		slt	$15, $21, $3
                          1197	.L1000656:
        55e0fff5 00000fd4 1198		bnel	$15, $0, .L1000654
        2694ffff 00000fd8 1199		addiu	$20, $20, -1
                          1200	.L657:
        02002025 00000fdc 1201		move	$4, $16
        02202825 00000fe0 1202		move	$5, $17
        0c000000 00000fe4 1203		jal	LCD_DrawHLine
        02403025 00000fe8 1204		move	$6, $18
        12c00004 00000fec 1205		beq	$22, $0, .L660
        02002025 00000ff0 1206		move	$4, $16
        02602825 00000ff4 1207		move	$5, $19
        0c000000 00000ff8 1208		jal	LCD_DrawHLine
        02403025 00000ffc 1209		move	$6, $18
                          1210	.L660:
        8fa10030 00001000 1211		lw	$1, 48($sp)
        26310001 00001004 1212		addiu	$17, $17, 1
        26d60001 00001008 1213		addiu	$22, $22, 1
        242cffff 0000100c 1214		addiu	$12, $1, -1
        afac0030 00001010 1215		sw	$12, 48($sp)
        1580ffd4 00001014 1216		bne	$12, $0, .L653
        2673ffff 00001018 1217		addiu	$19, $19, -1
                          1218	.L550:
        8fbe0020 0000101c 1219		lw	$fp, 32($sp)
                          1220	 #	    .ef
        8fb7001c 00001020 1221		lw	$23, 28($sp)
        8fbf007c 00001024 1222		lw	$ra, 124($sp)
        8fb00000 00001028 1223		lw	$16, 0($sp)
        8fb10004 0000102c 1224		lw	$17, 4($sp)
        8fb20008 00001030 1225		lw	$18, 8($sp)
        8fb3000c 00001034 1226		lw	$19, 12($sp)
        8fb40010 00001038 1227		lw	$20, 16($sp)
        8fb50014 0000103c 1228		lw	$21, 20($sp)
        8fb60018 00001040 1229		lw	$22, 24($sp)
        03e00008 00001044 1230		jr	$ra
        27bd0080 00001048 1231		addiu	$sp, $sp, 128
                          1232		.type	GL_FillEllipse,@function
                          1233		.size	GL_FillEllipse,.-GL_FillEllipse

                                   Tue Apr 07 08:56:19 2015           Page 24
                                   Tue Apr 07 08:56:19 2015       gh_2i08c.s
                          1234		.align	4
                          1235	 #OutConst	$21	local
                          1236	 #Sum	$3	local
                          1237	 #SumY	$2	local
                          1238	 #x	$20	local
                          1239	 #y	$22	local
                          1240	 #_rx	$3	local
                          1241	 #_ry	$2	local
                          1242	
                          1243	 #x0	$16	param
                          1244	 #y0	$17	param
                          1245	 #rx	$18	param
                          1246	 #ry	$19	param
                          1247	
                          1248		.data
                          1249	.L823:
                          1250		.text
                          1251		.align	4
                          1252		.align	4
                          1253		.globl	GUI_FillEllipse
                          1254	GUI_FillEllipse:
        27bdffe0 0000104c 1255		addiu	$sp, $sp, -32
        afbf001c 00001050 1256		sw	$ra, 28($sp)
        afb3000c 00001054 1257		sw	$19, 12($sp)
        afb00000 00001058 1258		sw	$16, 0($sp)
        00808025 0000105c 1259		move	$16, $4
        afb10004 00001060 1260		sw	$17, 4($sp)
        00a08825 00001064 1261		move	$17, $5
        afb20008 00001068 1262		sw	$18, 8($sp)
        00c09025 0000106c 1263		move	$18, $6
                          1264	 #	    .bf
        0c000000 00001070 1265		jal	GUI_Lock
        00e09825 00001074 1266		move	$19, $7
        3c030000 00001078 1267		lui	$3, %hi(GUI_Context)
        24630000 0000107c 1268		addiu	$3, $3, %lo(GUI_Context)
        8c790044 00001080 1269		lw	$25, 68($3)
        27a40010 00001084 1270		addiu	$4, $sp, 16
        8c780048 00001088 1271		lw	$24, 72($3)
        02198021 0000108c 1272		addu	$16, $16, $25
        02127823 00001090 1273		subu	$15, $16, $18
        a7af0010 00001094 1274		sh	$15, 16($sp)
        02127021 00001098 1275		addu	$14, $16, $18
        a7ae0014 0000109c 1276		sh	$14, 20($sp)
        02388821 000010a0 1277		addu	$17, $17, $24
        02336823 000010a4 1278		subu	$13, $17, $19
        a7ad0012 000010a8 1279		sh	$13, 18($sp)
        0233c821 000010ac 1280		addu	$25, $17, $19
        0c000000 000010b0 1281		jal	WM__InitIVRSearch
        a7b90016 000010b4 1282		sh	$25, 22($sp)
        1040000a 000010b8 1283		beq	$2, $0, .L962
        00000000 000010bc 1284		nop
        02002025 000010c0 1285		move	$4, $16
                          1286	.L1000966:
        02202825 000010c4 1287		move	$5, $17
        02403025 000010c8 1288		move	$6, $18
        0c000000 000010cc 1289		jal	GL_FillEllipse

                                   Tue Apr 07 08:56:19 2015           Page 25
                                   Tue Apr 07 08:56:19 2015       gh_2i08c.s
        02603825 000010d0 1290		move	$7, $19
        0c000000 000010d4 1291		jal	WM__GetNextIVR
        00000000 000010d8 1292		nop
        5440fff9 000010dc 1293		bnel	$2, $0, .L1000966
        02002025 000010e0 1294		move	$4, $16
                          1295	.L962:
        0c000000 000010e4 1296		jal	GUI_Unlock
        00000000 000010e8 1297		nop
                          1298	 #	    .ef
        8fb10004 000010ec 1299		lw	$17, 4($sp)
        8fb00000 000010f0 1300		lw	$16, 0($sp)
        8fbf001c 000010f4 1301		lw	$ra, 28($sp)
        8fb20008 000010f8 1302		lw	$18, 8($sp)
        8fb3000c 000010fc 1303		lw	$19, 12($sp)
        03e00008 00001100 1304		jr	$ra
        27bd0020 00001104 1305		addiu	$sp, $sp, 32
                          1306		.type	GUI_FillEllipse,@function
                          1307		.size	GUI_FillEllipse,.-GUI_FillEllipse
                          1308		.align	4
                          1309	 #r	16($sp)	local
                          1310	
                          1311	 #x0	$16	param
                          1312	 #y0	$17	param
                          1313	 #rx	$18	param
                          1314	 #ry	$19	param
                          1315	
                          1316		.data
                          1317	.L997:
                          1318		.text
                          1319		.align	4
                          1320		.align	4
                          1321		.globl	GL_DrawEllipse
                          1322	GL_DrawEllipse:
        27bdff80 00001108 1323		addiu	$sp, $sp, -128
        afb20008 0000110c 1324		sw	$18, 8($sp)
        00c09025 00001110 1325		move	$18, $6
                          1326	 #	    .bf
        02520018 00001114 1327		mult	$18, $18
        afb3000c 00001118 1328		sw	$19, 12($sp)
        0000c812 0000111c 1329		mflo	$25
        00e09825 00001120 1330		move	$19, $7
        02601025 00001124 1331		move	$2, $19
        03220018 00001128 1332		mult	$25, $2
        afb40010 0000112c 1333		sw	$20, 16($sp)
        00001812 00001130 1334		mflo	$3
        0240a025 00001134 1335		move	$20, $18
        00037842 00001138 1336		srl	$15, $3, 1
        00620018 0000113c 1337		mult	$3, $2
        afb60018 00001140 1338		sw	$22, 24($sp)
        0000c012 00001144 1339		mflo	$24
        030fb021 00001148 1340		addu	$22, $24, $15
        afbe0020 0000114c 1341		sw	$fp, 32($sp)
        afa00034 00001150 1342		sw	$0, 52($sp)
        afb00000 00001154 1343		sw	$16, 0($sp)
        00808025 00001158 1344		move	$16, $4
        afb10004 0000115c 1345		sw	$17, 4($sp)

                                   Tue Apr 07 08:56:19 2015           Page 26
                                   Tue Apr 07 08:56:19 2015       gh_2i08c.s
        00a08825 00001160 1346		move	$17, $5
        afb50014 00001164 1347		sw	$21, 20($sp)
        34150000 00001168 1348		ori	$21, $0, 0
        afb7001c 0000116c 1349		sw	$23, 28($sp)
        0280b825 00001170 1350		move	$23, $20
        34010000 00001174 1351		ori	$1, $0, 0
        266e0001 00001178 1352		addiu	$14, $19, 1
        002e682a 0000117c 1353		slt	$13, $1, $14
        11a00002 00001180 1354		beq	$13, $0, .L1165
        afbf007c 00001184 1355		sw	$ra, 124($sp)
        afae0034 00001188 1356		sw	$14, 52($sp)
                          1357	.L1165:
        8fa10034 0000118c 1358		lw	$1, 52($sp)
        00016042 00001190 1359		srl	$12, $1, 1
        11800093 00001194 1360		beq	$12, $0, .L1053
        afac0028 00001198 1361		sw	$12, 40($sp)
        02730018 0000119c 1362		mult	$19, $19
        00006012 000011a0 1363		mflo	$12
        afac002c 000011a4 1364		sw	$12, 44($sp)
        0220f025 000011a8 1365		move	$fp, $17
        02520018 000011ac 1366		mult	$18, $18
        afb10074 000011b0 1367		sw	$17, 116($sp)
        00006012 000011b4 1368		mflo	$12
        afac0030 000011b8 1369		sw	$12, 48($sp)
        00000000 000011bc 1370		nop
                          1371	.L1054:
        56b30005 000011c0 1372		bnel	$21, $19, .L1001056
        8fa10030 000011c4 1373		lw	$1, 48($sp)
        12a0003b 000011c8 1374		beq	$21, $0, .L1064
        34140000 000011cc 1375		ori	$20, $0, 0
        08000000 000011d0 1376		j	.L1001061
        8fa70074 000011d4 1377		lw	$7, 116($sp)
                          1378	.L1001056:
        02b50018 000011d8 1379		mult	$21, $21
        00007812 000011dc 1380		mflo	$15
        00000000 000011e0 1381		nop
        00000000 000011e4 1382		nop
        002f0018 000011e8 1383		mult	$1, $15
        00001012 000011ec 1384		mflo	$2
        00000000 000011f0 1385		nop
        00000000 000011f4 1386		nop
        02940018 000011f8 1387		mult	$20, $20
        8fb9002c 000011fc 1388		lw	$25, 44($sp)
        00007012 00001200 1389		mflo	$14
        00000000 00001204 1390		nop
        00000000 00001208 1391		nop
        00400013 0000120c 1392		mtlo	$2
        1a80000d 00001210 1393		blez	$20, .L1060
        032e1828 00001214 1394		macc	$3, $25, $14
        08000000 00001218 1395		j	.L1001059
        02c3c02a 0000121c 1396		slt	$24, $22, $3
                          1397	.L1001057:
        02940018 00001220 1398		mult	$20, $20
        00007012 00001224 1399		mflo	$14
        00000000 00001228 1400		nop
        00000000 0000122c 1401		nop

                                   Tue Apr 07 08:56:19 2015           Page 27
                                   Tue Apr 07 08:56:19 2015       gh_2i08c.s
        00400013 00001230 1402		mtlo	$2
        1a800004 00001234 1403		blez	$20, .L1060
        032e1828 00001238 1404		macc	$3, $25, $14
        02c3c02a 0000123c 1405		slt	$24, $22, $3
                          1406	.L1001059:
        5700fff7 00001240 1407		bnel	$24, $0, .L1001057
        2694ffff 00001244 1408		addiu	$20, $20, -1
                          1409	.L1060:
        52a0001c 00001248 1410		beql	$21, $0, .L1001064
        26a30001 0000124c 1411		addiu	$3, $21, 1
        8fa70074 00001250 1412		lw	$7, 116($sp)
                          1413	.L1001061:
        02172023 00001254 1414		subu	$4, $16, $23
        afa40070 00001258 1415		sw	$4, 112($sp)
        24e50001 0000125c 1416		addiu	$5, $7, 1
        afa5006c 00001260 1417		sw	$5, 108($sp)
        02143023 00001264 1418		subu	$6, $16, $20
        0c000000 00001268 1419		jal	GL_DrawLine1
        afa60068 0000126c 1420		sw	$6, 104($sp)
        27c5ffff 00001270 1421		addiu	$5, $fp, -1
        afa50064 00001274 1422		sw	$5, 100($sp)
        8fa40070 00001278 1423		lw	$4, 112($sp)
        8fa60068 0000127c 1424		lw	$6, 104($sp)
        0c000000 00001280 1425		jal	GL_DrawLine1
        03c03825 00001284 1426		move	$7, $fp
        02143021 00001288 1427		addu	$6, $16, $20
        afa60060 0000128c 1428		sw	$6, 96($sp)
        0217b821 00001290 1429		addu	$23, $16, $23
        02e02025 00001294 1430		move	$4, $23
        8fa5006c 00001298 1431		lw	$5, 108($sp)
        0c000000 0000129c 1432		jal	GL_DrawLine1
        8fa70074 000012a0 1433		lw	$7, 116($sp)
        02e02025 000012a4 1434		move	$4, $23
        8fa50064 000012a8 1435		lw	$5, 100($sp)
        8fa60060 000012ac 1436		lw	$6, 96($sp)
        0c000000 000012b0 1437		jal	GL_DrawLine1
        03c03825 000012b4 1438		move	$7, $fp
                          1439	.L1064:
        26a30001 000012b8 1440		addiu	$3, $21, 1
                          1441	.L1001064:
        14730006 000012bc 1442		bne	$3, $19, .L1066
        0280b825 000012c0 1443		move	$23, $20
        240dffff 000012c4 1444		addiu	$13, $0, -1
        12ad003c 000012c8 1445		beq	$21, $13, .L1073
        34140000 000012cc 1446		ori	$20, $0, 0
        08000000 000012d0 1447		j	.L1001071
        02172023 000012d4 1448		subu	$4, $16, $23
                          1449	.L1066:
        8fa10030 000012d8 1450		lw	$1, 48($sp)
        00630018 000012dc 1451		mult	$3, $3
        00006812 000012e0 1452		mflo	$13
        00000000 000012e4 1453		nop
        00000000 000012e8 1454		nop
        002d0018 000012ec 1455		mult	$1, $13
        00001012 000012f0 1456		mflo	$2
        00000000 000012f4 1457		nop

                                   Tue Apr 07 08:56:19 2015           Page 28
                                   Tue Apr 07 08:56:19 2015       gh_2i08c.s
        00000000 000012f8 1458		nop
        02940018 000012fc 1459		mult	$20, $20
        8faf002c 00001300 1460		lw	$15, 44($sp)
        0000c812 00001304 1461		mflo	$25
        00000000 00001308 1462		nop
        00000000 0000130c 1463		nop
        00400013 00001310 1464		mtlo	$2
        1a80000d 00001314 1465		blez	$20, .L1070
        01f91828 00001318 1466		macc	$3, $15, $25
        08000000 0000131c 1467		j	.L1001069
        02c3702a 00001320 1468		slt	$14, $22, $3
                          1469	.L1001067:
        02940018 00001324 1470		mult	$20, $20
        0000c812 00001328 1471		mflo	$25
        00000000 0000132c 1472		nop
        00000000 00001330 1473		nop
        00400013 00001334 1474		mtlo	$2
        1a800004 00001338 1475		blez	$20, .L1070
        01f91828 0000133c 1476		macc	$3, $15, $25
        02c3702a 00001340 1477		slt	$14, $22, $3
                          1478	.L1001069:
        55c0fff7 00001344 1479		bnel	$14, $0, .L1001067
        2694ffff 00001348 1480		addiu	$20, $20, -1
                          1481	.L1070:
        240dffff 0000134c 1482		addiu	$13, $0, -1
        12ad001a 00001350 1483		beq	$21, $13, .L1073
        02172023 00001354 1484		subu	$4, $16, $23
                          1485	.L1001071:
        afa4005c 00001358 1486		sw	$4, 92($sp)
        8fa50074 0000135c 1487		lw	$5, 116($sp)
        02143023 00001360 1488		subu	$6, $16, $20
        afa60058 00001364 1489		sw	$6, 88($sp)
        24a7ffff 00001368 1490		addiu	$7, $5, -1
        0c000000 0000136c 1491		jal	GL_DrawLine1
        afa70054 00001370 1492		sw	$7, 84($sp)
        27c70001 00001374 1493		addiu	$7, $fp, 1
        afa70050 00001378 1494		sw	$7, 80($sp)
        8fa4005c 0000137c 1495		lw	$4, 92($sp)
        03c02825 00001380 1496		move	$5, $fp
        0c000000 00001384 1497		jal	GL_DrawLine1
        8fa60058 00001388 1498		lw	$6, 88($sp)
        02143021 0000138c 1499		addu	$6, $16, $20
        0217b821 00001390 1500		addu	$23, $16, $23
        afa6004c 00001394 1501		sw	$6, 76($sp)
        02e02025 00001398 1502		move	$4, $23
        8fa50074 0000139c 1503		lw	$5, 116($sp)
        0c000000 000013a0 1504		jal	GL_DrawLine1
        8fa70054 000013a4 1505		lw	$7, 84($sp)
        02e02025 000013a8 1506		move	$4, $23
        03c02825 000013ac 1507		move	$5, $fp
        8fa6004c 000013b0 1508		lw	$6, 76($sp)
        0c000000 000013b4 1509		jal	GL_DrawLine1
        8fa70050 000013b8 1510		lw	$7, 80($sp)
                          1511	.L1073:
        8fa10074 000013bc 1512		lw	$1, 116($sp)
        27de0002 000013c0 1513		addiu	$fp, $fp, 2

                                   Tue Apr 07 08:56:19 2015           Page 29
                                   Tue Apr 07 08:56:19 2015       gh_2i08c.s
        26b50002 000013c4 1514		addiu	$21, $21, 2
        242cfffe 000013c8 1515		addiu	$12, $1, -2
        8fa10028 000013cc 1516		lw	$1, 40($sp)
        afac0074 000013d0 1517		sw	$12, 116($sp)
        0280b825 000013d4 1518		move	$23, $20
        242cffff 000013d8 1519		addiu	$12, $1, -1
        1580ff78 000013dc 1520		bne	$12, $0, .L1054
        afac0028 000013e0 1521		sw	$12, 40($sp)
                          1522	.L1053:
        8fa10034 000013e4 1523		lw	$1, 52($sp)
        302c0001 000013e8 1524		andi	$12, $1, 1
        11800050 000013ec 1525		beq	$12, $0, .L1010
        afac0028 000013f0 1526		sw	$12, 40($sp)
        02357021 000013f4 1527		addu	$14, $17, $21
        02730018 000013f8 1528		mult	$19, $19
        00006012 000013fc 1529		mflo	$12
        02356823 00001400 1530		subu	$13, $17, $21
        afac0038 00001404 1531		sw	$12, 56($sp)
        02520018 00001408 1532		mult	$18, $18
        25b10001 0000140c 1533		addiu	$17, $13, 1
        00006012 00001410 1534		mflo	$12
        25d2ffff 00001414 1535		addiu	$18, $14, -1
        afac003c 00001418 1536		sw	$12, 60($sp)
                          1537	.L1076:
        56b30005 0000141c 1538		bnel	$21, $19, .L1001078
        8fa1003c 00001420 1539		lw	$1, 60($sp)
        12a0003a 00001424 1540		beq	$21, $0, .L1085
        34140000 00001428 1541		ori	$20, $0, 0
        08000000 0000142c 1542		j	.L1001083
        02143023 00001430 1543		subu	$6, $16, $20
                          1544	.L1001078:
        02b50018 00001434 1545		mult	$21, $21
        0000c012 00001438 1546		mflo	$24
        00000000 0000143c 1547		nop
        00000000 00001440 1548		nop
        00380018 00001444 1549		mult	$1, $24
        00001012 00001448 1550		mflo	$2
        00000000 0000144c 1551		nop
        00000000 00001450 1552		nop
        02940018 00001454 1553		mult	$20, $20
        8fb80038 00001458 1554		lw	$24, 56($sp)
        00007812 0000145c 1555		mflo	$15
        00000000 00001460 1556		nop
        00000000 00001464 1557		nop
        00400013 00001468 1558		mtlo	$2
        1a80000d 0000146c 1559		blez	$20, .L1082
        030f1828 00001470 1560		macc	$3, $24, $15
        08000000 00001474 1561		j	.L1001081
        02c3c82a 00001478 1562		slt	$25, $22, $3
                          1563	.L1001079:
        02940018 0000147c 1564		mult	$20, $20
        00007812 00001480 1565		mflo	$15
        00000000 00001484 1566		nop
        00000000 00001488 1567		nop
        00400013 0000148c 1568		mtlo	$2
        1a800004 00001490 1569		blez	$20, .L1082

                                   Tue Apr 07 08:56:19 2015           Page 30
                                   Tue Apr 07 08:56:19 2015       gh_2i08c.s
        030f1828 00001494 1570		macc	$3, $24, $15
        02c3c82a 00001498 1571		slt	$25, $22, $3
                          1572	.L1001081:
        5720fff7 0000149c 1573		bnel	$25, $0, .L1001079
        2694ffff 000014a0 1574		addiu	$20, $20, -1
                          1575	.L1082:
        12a0001a 000014a4 1576		beq	$21, $0, .L1085
        02143023 000014a8 1577		subu	$6, $16, $20
                          1578	.L1001083:
        afa60048 000014ac 1579		sw	$6, 72($sp)
        2627ffff 000014b0 1580		addiu	$7, $17, -1
        afa70044 000014b4 1581		sw	$7, 68($sp)
        0217f023 000014b8 1582		subu	$fp, $16, $23
        03c02025 000014bc 1583		move	$4, $fp
        0c000000 000014c0 1584		jal	GL_DrawLine1
        02202825 000014c4 1585		move	$5, $17
        26470001 000014c8 1586		addiu	$7, $18, 1
        03c02025 000014cc 1587		move	$4, $fp
        02402825 000014d0 1588		move	$5, $18
        8fa60048 000014d4 1589		lw	$6, 72($sp)
        0c000000 000014d8 1590		jal	GL_DrawLine1
        afa70040 000014dc 1591		sw	$7, 64($sp)
        0217b821 000014e0 1592		addu	$23, $16, $23
        02e02025 000014e4 1593		move	$4, $23
        02202825 000014e8 1594		move	$5, $17
        0214f021 000014ec 1595		addu	$fp, $16, $20
        03c03025 000014f0 1596		move	$6, $fp
        0c000000 000014f4 1597		jal	GL_DrawLine1
        8fa70044 000014f8 1598		lw	$7, 68($sp)
        02e02025 000014fc 1599		move	$4, $23
        02402825 00001500 1600		move	$5, $18
        03c03025 00001504 1601		move	$6, $fp
        0c000000 00001508 1602		jal	GL_DrawLine1
        8fa70040 0000150c 1603		lw	$7, 64($sp)
                          1604	.L1085:
        8fa10028 00001510 1605		lw	$1, 40($sp)
        26520001 00001514 1606		addiu	$18, $18, 1
        2631ffff 00001518 1607		addiu	$17, $17, -1
        242cffff 0000151c 1608		addiu	$12, $1, -1
        afac0028 00001520 1609		sw	$12, 40($sp)
        26b50001 00001524 1610		addiu	$21, $21, 1
        1580ffbc 00001528 1611		bne	$12, $0, .L1076
        0280b825 0000152c 1612		move	$23, $20
                          1613	.L1010:
        8fbe0020 00001530 1614		lw	$fp, 32($sp)
                          1615	 #	    .ef
        8fb7001c 00001534 1616		lw	$23, 28($sp)
        8fbf007c 00001538 1617		lw	$ra, 124($sp)
        8fb00000 0000153c 1618		lw	$16, 0($sp)
        8fb10004 00001540 1619		lw	$17, 4($sp)
        8fb20008 00001544 1620		lw	$18, 8($sp)
        8fb3000c 00001548 1621		lw	$19, 12($sp)
        8fb40010 0000154c 1622		lw	$20, 16($sp)
        8fb50014 00001550 1623		lw	$21, 20($sp)
        8fb60018 00001554 1624		lw	$22, 24($sp)
        03e00008 00001558 1625		jr	$ra

                                   Tue Apr 07 08:56:19 2015           Page 31
                                   Tue Apr 07 08:56:19 2015       gh_2i08c.s
        27bd0080 0000155c 1626		addiu	$sp, $sp, 128
                          1627		.type	GL_DrawEllipse,@function
                          1628		.size	GL_DrawEllipse,.-GL_DrawEllipse
                          1629		.align	4
                          1630	 #OutConst	$22	local
                          1631	 #Sum	$3	local
                          1632	 #SumY	$2	local
                          1633	 #x	$20	local
                          1634	 #y	$21	local
                          1635	 #xOld	$23	local
                          1636	 #_rx	$3	local
                          1637	 #_ry	$2	local
                          1638	
                          1639	 #x0	$16	param
                          1640	 #y0	$17	param
                          1641	 #rx	$18	param
                          1642	 #ry	$19	param
                          1643	
                          1644		.data
                          1645	.L1164:
                          1646		.text
                          1647		.align	4
                          1648		.align	4
                          1649		.globl	GUI_DrawEllipse
                          1650	GUI_DrawEllipse:
        27bdffe0 00001560 1651		addiu	$sp, $sp, -32
        afbf001c 00001564 1652		sw	$ra, 28($sp)
        afb3000c 00001568 1653		sw	$19, 12($sp)
        afb00000 0000156c 1654		sw	$16, 0($sp)
        00808025 00001570 1655		move	$16, $4
        afb10004 00001574 1656		sw	$17, 4($sp)
        00a08825 00001578 1657		move	$17, $5
        afb20008 0000157c 1658		sw	$18, 8($sp)
        00c09025 00001580 1659		move	$18, $6
                          1660	 #	    .bf
        0c000000 00001584 1661		jal	GUI_Lock
        00e09825 00001588 1662		move	$19, $7
        3c030000 0000158c 1663		lui	$3, %hi(GUI_Context)
        24630000 00001590 1664		addiu	$3, $3, %lo(GUI_Context)
        8c790044 00001594 1665		lw	$25, 68($3)
        27a40010 00001598 1666		addiu	$4, $sp, 16
        8c780048 0000159c 1667		lw	$24, 72($3)
        02198021 000015a0 1668		addu	$16, $16, $25
        02127823 000015a4 1669		subu	$15, $16, $18
        a7af0010 000015a8 1670		sh	$15, 16($sp)
        02127021 000015ac 1671		addu	$14, $16, $18
        a7ae0014 000015b0 1672		sh	$14, 20($sp)
        02388821 000015b4 1673		addu	$17, $17, $24
        02336823 000015b8 1674		subu	$13, $17, $19
        a7ad0012 000015bc 1675		sh	$13, 18($sp)
        0233c821 000015c0 1676		addu	$25, $17, $19
        0c000000 000015c4 1677		jal	WM__InitIVRSearch
        a7b90016 000015c8 1678		sh	$25, 22($sp)
        1040000a 000015cc 1679		beq	$2, $0, .L1241
        00000000 000015d0 1680		nop
        02002025 000015d4 1681		move	$4, $16

                                   Tue Apr 07 08:56:19 2015           Page 32
                                   Tue Apr 07 08:56:19 2015       gh_2i08c.s
                          1682	.L1001245:
        02202825 000015d8 1683		move	$5, $17
        02403025 000015dc 1684		move	$6, $18
        0c000000 000015e0 1685		jal	GL_DrawEllipse
        02603825 000015e4 1686		move	$7, $19
        0c000000 000015e8 1687		jal	WM__GetNextIVR
        00000000 000015ec 1688		nop
        5440fff9 000015f0 1689		bnel	$2, $0, .L1001245
        02002025 000015f4 1690		move	$4, $16
                          1691	.L1241:
        0c000000 000015f8 1692		jal	GUI_Unlock
        00000000 000015fc 1693		nop
                          1694	 #	    .ef
        8fb10004 00001600 1695		lw	$17, 4($sp)
        8fb00000 00001604 1696		lw	$16, 0($sp)
        8fbf001c 00001608 1697		lw	$ra, 28($sp)
        8fb20008 0000160c 1698		lw	$18, 8($sp)
        8fb3000c 00001610 1699		lw	$19, 12($sp)
        03e00008 00001614 1700		jr	$ra
        27bd0020 00001618 1701		addiu	$sp, $sp, 32
                          1702		.type	GUI_DrawEllipse,@function
                          1703		.size	GUI_DrawEllipse,.-GUI_DrawEllipse
                          1704		.align	4
                          1705	 #r	16($sp)	local
                          1706	
                          1707	 #x0	$16	param
                          1708	 #y0	$17	param
                          1709	 #rx	$18	param
                          1710	 #ry	$19	param
                          1711	
                          1712		.data
                          1713	.L1276:
                          1714		.text
                          1715		.align	4
                          1716	 #GUI_Context	GUI_Context	import
                          1717	
                          1718		.data
                          1719		.text
