
                                   Tue Apr 07 08:56:15 2015           Page 1
                                   Tue Apr 07 08:56:14 2015       gh_2i089.s
Command Line:   C:\GHS\V35\mips35\asmips.exe -noundefined -elf -b0
                -IC:\local\Workspace\DC_V04.01.00_int\cu3x1Platform_SRC\emWinColour
                -IC:\local\Workspace\DC_V04.01.00_int\cu3x1Platform_SRC\platform\include
                -IC:\local\Workspace\DC_V04.01.00_int\cu3x1Platform_SRC\platform\common
                -IC:\local\Workspace\DC_V04.01.00_int\cu3x1Platform_SRC\platform\hardware
                -IC:\local\Workspace\DC_V04.01.00_int\cu3x1Platform_SRC\platform\hardware\D3018X
                -IC:\local\Workspace\DC_V04.01.00_int\cu3x1Platform_SRC\embos\inc
                -IC:\local\Workspace\DC_V04.01.00_int\cu3x1Platform_SRC\emWinColour\config
                -IC:\local\Workspace\DC_V04.01.00_int\cu3x1Platform_SRC\emWinColour\gui\ConvertMono
                -IC:\local\Workspace\DC_V04.01.00_int\cu3x1Platform_SRC\emWinColour\gui\Core
                -IC:\local\Workspace\DC_V04.01.00_int\cu3x1Platform_SRC\emWinColour\gui\Font
                -IC:\local\Workspace\DC_V04.01.00_int\cu3x1Platform_SRC\emWinColour\gui\LCDDriver
                -IC:\local\Workspace\DC_V04.01.00_int\cu3x1Platform_SRC\emWinColour\gui\MemDev
                -IC:\local\Workspace\DC_V04.01.00_int\cu3x1Platform_SRC\emWinColour\gui\VNC
                -IC:\local\Workspace\DC_V04.01.00_int\cu3x1Platform_SRC\emWinColour\gui\Widget
                -IC:\local\Workspace\DC_V04.01.00_int\cu3x1Platform_SRC\emWinColour\gui\wm
                -IC:\local\Workspace\DC_V04.01.00_int\cu3x1App_SRC\Control\source
                -IC:\local\Workspace\DC_V04.01.00_int\cu3x1App_SRC\Control\source\include
                -IC:\local\Workspace\DC_V04.01.00_int\cu3x1App_SRC\Control\source\util
                -IC:\local\Workspace\DC_V04.01.00_int\cu3x1App_SRC\Control\source\datapoint
                -IC:\local\Workspace\DC_V04.01.00_int\cu3x1App_SRC\Control\source\factory
                -IC:\local\Workspace\DC_V04.01.00_int\cu3x1Platform_SRC\embos
                -IC:\local\Workspace\DC_V04.01.00_int\cu3x1Platform_SRC\emWinColour\gui\core
                -IC:\local\Workspace\DC_V04.01.00_int\cu3x1App_SRC\Control\source\rtip\webpage
                -IC:\local\Workspace\DC_V04.01.00_int\cu3x1App_SRC\Control\source\rtip\config
                -IC:\local\Workspace\DC_V04.01.00_int\cu3x1App_SRC\Control\source\rtip\xnet
                -IC:\local\Workspace\DC_V04.01.00_int\cu3x1App_SRC\Control\source\stub
                -IC:\local\Workspace\DC_V04.01.00_int\cu3x1App_SRC\Control\source\test
                -IC:\local\Workspace\DC_V04.01.00_int\cu3x1App_SRC\Control\source\GENIpro
                -IC:\local\Workspace\DC_V04.01.00_int\cu3x1App_SRC\Control\source\GENIpro\GENI_sys
                -IC:\local\Workspace\DC_V04.01.00_int\cu3x1App_SRC\Control\source\GENIpro\GENIusb\emUSB\USB\Driver
                -IC:\local\Workspace\DC_V04.01.00_int\cu3x1App_SRC\Control\source\application\intercom
                -IC:\local\Workspace\DC_V04.01.00_int\cu3x1App_SRC\Control\source\application\controller
                -IC:\local\Workspace\DC_V04.01.00_int\cu3x1App_SRC\Control\source\application\driver
                -IC:\local\Workspace\DC_V04.01.00_int\cu3x1App_SRC\Control\source\application\webif
                -IC:\local\Workspace\DC_V04.01.00_int\cu3x1App_SRC\Control\source\application\relay
                -IC:\local\Workspace\DC_V04.01.00_int\cu3x1App_SRC\Control\source\application\GENIApp
                -IC:\local\Workspace\DC_V04.01.00_int\cu3x1App_SRC\Control\source\application\alarm
                -IC:\local\Workspace\DC_V04.01.00_int\cu3x1App_SRC\Control\source\application\config
                -IC:\local\Workspace\DC_V04.01.00_int\cu3x1App_SRC\Control\source\application\AnaInConfigCtrl
                -IC:\local\Workspace\DC_V04.01.00_int\cu3x1App_SRC\Control\source\application\Sms
                -IC:\local\Workspace\DC_V04.01.00_int\cu3x1App_SRC\Control\source\application\display
                -IC:\local\Workspace\DC_V04.01.00_int\cu3x1App_SRC\Control\source\application\display\display_task
                -IC:\local\Workspace\DC_V04.01.00_int\cu3x1App_SRC\Control\source\application\display\gui_utility
                -IC:\local\Workspace\DC_V04.01.00_int\cu3x1App_SRC\Control\source\application\display\mpcunit
                -IC:\local\Workspace\DC_V04.01.00_int\cu3x1App_SRC\Control\source\GeniPro
                -IC:\local\Workspace\DC_V04.01.00_int\cu3x1App_SRC\Control\source\GeniPro\GENI_sys
                -IC:\local\Workspace\DC_V04.01.00_int\cu3x1App_SRC\Control\source\GeniPro\GENIbus
                -IC:\local\Workspace\DC_V04.01.00_int\cu3x1App_SRC\Control\source\GeniPro\GENIcom
                -IC:\local\Workspace\DC_V04.01.00_int\cu3x1App_SRC\Control\source\GeniPro\GENIrs232
                -IC:\local\Workspace\DC_V04.01.00_int\cu3x1App_SRC\Control\source\GeniPro\Virtual
                -IC:\local\Workspace\DC_V04.01.00_int\cu3x1Platform_SRC\Platform\common
                -IC:\local\Workspace\DC_V04.01.00_int\cu3x1Platform_SRC\Platform\hardware
                -IC:\local\Workspace\DC_V04.01.00_int\cu3x1Platform_SRC\Platform\hardware\D3018X
                -IC:\local\Workspace\DC_V04.01.00_int\cu3x1App_SRC\Control\source\application\display\imagesTFT
                -IC:\GHS\V35\mips35\mipsl_sf -r4121 -source=GUICharLine.c -o
                objs\gh_2i089.o -list=objs\GUICharLine.lst
                C:\Users\55602\AppData\Local\Temp\gh_2i089.s
Source File:    C:\Users\55602\AppData\Local\Temp\gh_2i089.s
Directory:      C:\local\Workspace\DC_V04.01.00_int\cu3x1App_SRC\Control\source
Host OS:        GHS_WIN32
Version:        AS-MIPS 3.5#11 
Release:        MULTI 2000, MIPS v3.5
Revision Date:  Wed Feb 27 12:19:03 2002
Release Date:   Sat Mar 02 02:57:59 2002
                             1	 #Source File:   C:\local\Workspace\DC_V04.01.00_int\cu3x1Platform_SRC\emWinColour\GUI\Core\GUICharLine.c

                                   Tue Apr 07 08:56:15 2015           Page 2
                                   Tue Apr 07 08:56:14 2015       gh_2i089.s
                             2	 #Directory:     
                             3	 #		C:\local\Workspace\DC_V04.01.00_int\cu3x1App_SRC\Control\source
                             4	 #Compile Date:  Tue Apr 07 08:56:14 2015
                             5	 #Host OS:       Win32
                             6	 #Version:       C-MIPS 3.5#11 RELEASE VERSION
                             7	 #Release:       MULTI 2000, MIPS v3.5
                             8	 #Revision Date: Fri Mar 01 11:32:40 2002
                             9	 #Release Date:  Sat Mar 02 02:58:48 2002
                            10		.set	noat
                            11		.set	noreorder
                            12		.set	nomacro
                            13		.text
                            14		.align	4
                            15	_DispLine:
        27bdffe0 00000000   16		addiu	$sp, $sp, -32
                            17	 #	    .bf
        afbf001c 00000004   18		sw	$ra, 28($sp)
        afb3000c 00000008   19		sw	$19, 12($sp)
        afb20008 0000000c   20		sw	$18, 8($sp)
        afb00000 00000010   21		sw	$16, 0($sp)
        afb10004 00000014   22		sw	$17, 4($sp)
        3c110000 00000018   23		lui	$17, %hi(GUI_Context)
        26310000 0000001c   24		addiu	$17, $17, %lo(GUI_Context)
        8e220014 00000020   25		lw	$2, 20($17)
        00c01825 00000024   26		move	$3, $6
        00a08025 00000028   27		move	$16, $5
        10400006 0000002c   28		beq	$2, $0, .L4
        afa40014 00000030   29		sw	$4, 20($sp)
        00402025 00000034   30		move	$4, $2
        0c000000 00000038   31		jal	GUI_RectsIntersect
        00602825 0000003c   32		move	$5, $3
        50400028 00000040   33		beql	$2, $0, .L1000002
        8fb3000c 00000044   34		lw	$19, 12($sp)
                            35	.L4:
        8e2f001c 00000048   36		lw	$15, 28($17)
        8def0010 0000004c   37		lw	$15, 16($15)
        15e00006 00000050   38		bne	$15, $0, .L10
        27b30014 00000054   39		addiu	$19, $sp, 20
        2610ffff 00000058   40		addiu	$16, $16, -1
        06000020 0000005c   41		bltz	$16, .L2
        02209025 00000060   42		move	$18, $17
        08000000 00000064   43		j	.L14
        00000000 00000068   44		nop
                            45	.L10:
        3c010000 0000006c   46		lui	$1, %hi(GUI_Context+28)
        8c2d0000 00000070   47		lw	$13, %lo(GUI_Context+28)($1)
        8dad0010 00000074   48		lw	$13, 16($13)
        8dad0008 00000078   49		lw	$13, 8($13)
        8fa40014 0000007c   50		lw	$4, 20($sp)
        01a0f809 00000080   51		jalr	$13
        02002825 00000084   52		move	$5, $16
        8fb10004 00000088   53		lw	$17, 4($sp)
        8fb00000 0000008c   54		lw	$16, 0($sp)
        8fbf001c 00000090   55		lw	$ra, 28($sp)
        8fb20008 00000094   56		lw	$18, 8($sp)
        8fb3000c 00000098   57		lw	$19, 12($sp)

                                   Tue Apr 07 08:56:15 2015           Page 3
                                   Tue Apr 07 08:56:14 2015       gh_2i089.s
        03e00008 0000009c   58		jr	$ra
        27bd0020 000000a0   59		addiu	$sp, $sp, 32
                            60	.L14:
        0c000000 000000a4   61		jal	GUI_UC__GetCharCodeInc
        02602025 000000a8   62		move	$4, $19
        8e59001c 000000ac   63		lw	$25, 28($18)
        8f390000 000000b0   64		lw	$25, 0($25)
        00408825 000000b4   65		move	$17, $2
        0320f809 000000b8   66		jalr	$25
        02202025 000000bc   67		move	$4, $17
        8f980000 000000c0   68		lw	$24, %sdaoff(GUI_pfDispCharStyle)($28)
        13000003 000000c4   69		beq	$24, $0, .L12
        03007025 000000c8   70		move	$14, $24
        01c0f809 000000cc   71		jalr	$14
        02202025 000000d0   72		move	$4, $17
                            73	.L12:
        2610ffff 000000d4   74		addiu	$16, $16, -1
        0601fff2 000000d8   75		bgez	$16, .L14
        00000000 000000dc   76		nop
                            77	.L2:
        8fb3000c 000000e0   78		lw	$19, 12($sp)
                            79	.L1000002:
                            80	 #	    .ef
        8fb20008 000000e4   81		lw	$18, 8($sp)
        8fbf001c 000000e8   82		lw	$ra, 28($sp)
        8fb00000 000000ec   83		lw	$16, 0($sp)
        8fb10004 000000f0   84		lw	$17, 4($sp)
        03e00008 000000f4   85		jr	$ra
        27bd0020 000000f8   86		addiu	$sp, $sp, 32
                            87		.type	_DispLine,@function
                            88		.size	_DispLine,.-_DispLine
                            89		.align	4
                            90	 #Char	$17	local
                            91	
                            92	 #s	20($sp)	param
                            93	 #MaxNumChars	$16	param
                            94	 #pRect	$3	param
                            95	
                            96		.data
                            97	.L59:
                            98		.text
                            99		.align	4
                           100		.align	4
                           101		.globl	GUI__GetLineNumChars
                           102	GUI__GetLineNumChars:
        27bdffe8 000000fc  103		addiu	$sp, $sp, -24
        afb10004 00000100  104		sw	$17, 4($sp)
                           105	 #	    .bf
        34110000 00000104  106		ori	$17, $0, 0
        afb20008 00000108  107		sw	$18, 8($sp)
        afa4000c 0000010c  108		sw	$4, 12($sp)
        afb00000 00000110  109		sw	$16, 0($sp)
        00a08025 00000114  110		move	$16, $5
        1080001e 00000118  111		beq	$4, $0, .L83
        afbf0014 0000011c  112		sw	$ra, 20($sp)
        3c010000 00000120  113		lui	$1, %hi(GUI_Context+28)

                                   Tue Apr 07 08:56:15 2015           Page 4
                                   Tue Apr 07 08:56:14 2015       gh_2i089.s
        8c2f0000 00000124  114		lw	$15, %lo(GUI_Context+28)($1)
        8def0010 00000128  115		lw	$15, 16($15)
        55e00006 0000012c  116		bnel	$15, $0, .L1000086
        8ded0004 00000130  117		lw	$13, 4($15)
        0230782a 00000134  118		slt	$15, $17, $16
        11e00016 00000138  119		beq	$15, $0, .L83
        27b2000c 0000013c  120		addiu	$18, $sp, 12
        08000000 00000140  121		j	.L90
        00000000 00000144  122		nop
                           123	.L1000086:
        01a0f809 00000148  124		jalr	$13
        02002825 0000014c  125		move	$5, $16
        8fb00000 00000150  126		lw	$16, 0($sp)
        8fbf0014 00000154  127		lw	$ra, 20($sp)
        8fb10004 00000158  128		lw	$17, 4($sp)
        8fb20008 0000015c  129		lw	$18, 8($sp)
        03e00008 00000160  130		jr	$ra
        27bd0018 00000164  131		addiu	$sp, $sp, 24
                           132	.L90:
        0c000000 00000168  133		jal	GUI_UC__GetCharCodeInc
        02402025 0000016c  134		move	$4, $18
        00401825 00000170  135		move	$3, $2
        10600007 00000174  136		beq	$3, $0, .L83
        3418000a 00000178  137		ori	$24, $0, 10
        50780006 0000017c  138		beql	$3, $24, .L1000083
        8fb20008 00000180  139		lw	$18, 8($sp)
        26310001 00000184  140		addiu	$17, $17, 1
        0230782a 00000188  141		slt	$15, $17, $16
        15e0fff6 0000018c  142		bne	$15, $0, .L90
        00000000 00000190  143		nop
                           144	.L83:
        8fb20008 00000194  145		lw	$18, 8($sp)
                           146	.L1000083:
                           147	 #	    .ef
        02201025 00000198  148		move	$2, $17
        8fb10004 0000019c  149		lw	$17, 4($sp)
        8fbf0014 000001a0  150		lw	$ra, 20($sp)
        8fb00000 000001a4  151		lw	$16, 0($sp)
        03e00008 000001a8  152		jr	$ra
        27bd0018 000001ac  153		addiu	$sp, $sp, 24
                           154		.type	GUI__GetLineNumChars,@function
                           155		.size	GUI__GetLineNumChars,.-GUI__GetLineNumChars
                           156		.align	4
                           157	 #NumChars	$17	local
                           158	 #Data	$3	local
                           159	
                           160	 #s	12($sp)	param
                           161	 #MaxNumChars	$16	param
                           162	
                           163		.data
                           164	.L143:
                           165		.text
                           166		.align	4
                           167		.align	4
                           168		.globl	GUI__GetLineDistX
                           169	GUI__GetLineDistX:

                                   Tue Apr 07 08:56:15 2015           Page 5
                                   Tue Apr 07 08:56:14 2015       gh_2i089.s
        27bdffe8 000001b0  170		addiu	$sp, $sp, -24
        afb10004 000001b4  171		sw	$17, 4($sp)
                           172	 #	    .bf
        34110000 000001b8  173		ori	$17, $0, 0
        afb20008 000001bc  174		sw	$18, 8($sp)
        afa4000c 000001c0  175		sw	$4, 12($sp)
        afb00000 000001c4  176		sw	$16, 0($sp)
        00a08025 000001c8  177		move	$16, $5
        1080001a 000001cc  178		beq	$4, $0, .L167
        afbf0014 000001d0  179		sw	$ra, 20($sp)
        3c010000 000001d4  180		lui	$1, %hi(GUI_Context+28)
        8c2f0000 000001d8  181		lw	$15, %lo(GUI_Context+28)($1)
        8def0010 000001dc  182		lw	$15, 16($15)
        55e00006 000001e0  183		bnel	$15, $0, .L1000170
        8ded0000 000001e4  184		lw	$13, 0($15)
        2610ffff 000001e8  185		addiu	$16, $16, -1
        06000012 000001ec  186		bltz	$16, .L167
        27b2000c 000001f0  187		addiu	$18, $sp, 12
        08000000 000001f4  188		j	.L174
        00000000 000001f8  189		nop
                           190	.L1000170:
        01a0f809 000001fc  191		jalr	$13
        02002825 00000200  192		move	$5, $16
        8fb00000 00000204  193		lw	$16, 0($sp)
        8fbf0014 00000208  194		lw	$ra, 20($sp)
        8fb10004 0000020c  195		lw	$17, 4($sp)
        8fb20008 00000210  196		lw	$18, 8($sp)
        03e00008 00000214  197		jr	$ra
        27bd0018 00000218  198		addiu	$sp, $sp, 24
                           199	.L174:
        0c000000 0000021c  200		jal	GUI_UC__GetCharCodeInc
        02402025 00000220  201		move	$4, $18
        0c000000 00000224  202		jal	GUI_GetCharDistX
        00402025 00000228  203		move	$4, $2
        2610ffff 0000022c  204		addiu	$16, $16, -1
        0601fffa 00000230  205		bgez	$16, .L174
        02228821 00000234  206		addu	$17, $17, $2
                           207	.L167:
        8fb20008 00000238  208		lw	$18, 8($sp)
                           209	 #	    .ef
        02201025 0000023c  210		move	$2, $17
        8fb10004 00000240  211		lw	$17, 4($sp)
        8fbf0014 00000244  212		lw	$ra, 20($sp)
        8fb00000 00000248  213		lw	$16, 0($sp)
        03e00008 0000024c  214		jr	$ra
        27bd0018 00000250  215		addiu	$sp, $sp, 24
                           216		.type	GUI__GetLineDistX,@function
                           217		.size	GUI__GetLineDistX,.-GUI__GetLineDistX
                           218		.align	4
                           219	 #Dist	$17	local
                           220	
                           221	 #s	12($sp)	param
                           222	 #MaxNumChars	$16	param
                           223	
                           224		.data
                           225	.L213:

                                   Tue Apr 07 08:56:15 2015           Page 6
                                   Tue Apr 07 08:56:14 2015       gh_2i089.s
                           226		.text
                           227		.align	4
                           228		.align	4
                           229		.globl	GUI__DispLine
                           230	GUI__DispLine:
        27bdffe0 00000254  231		addiu	$sp, $sp, -32
                           232	 #	    .bf
        afb10004 00000258  233		sw	$17, 4($sp)
        00a08825 0000025c  234		move	$17, $5
        afb3000c 00000260  235		sw	$19, 12($sp)
        afb20008 00000264  236		sw	$18, 8($sp)
        8f990000 00000268  237		lw	$25, %sdaoff(GUI_pLCD_APIList)($28)
        afb00000 0000026c  238		sw	$16, 0($sp)
        00808025 00000270  239		move	$16, $4
        13200014 00000274  240		beq	$25, $0, .L232
        afbf001c 00000278  241		sw	$ra, 28($sp)
        0c000000 0000027c  242		jal	WM__InitIVRSearch
        34040000 00000280  243		ori	$4, $0, 0
        1040003f 00000284  244		beq	$2, $0, .L230
        27b20010 00000288  245		addiu	$18, $sp, 16
        02002025 0000028c  246		move	$4, $16
                           247	.L1000238:
        02202825 00000290  248		move	$5, $17
        0c000000 00000294  249		jal	_DispLine
        02403025 00000298  250		move	$6, $18
        0c000000 0000029c  251		jal	WM__GetNextIVR
        00000000 000002a0  252		nop
        5440fffa 000002a4  253		bnel	$2, $0, .L1000238
        02002025 000002a8  254		move	$4, $16
        8fb10004 000002ac  255		lw	$17, 4($sp)
        8fb00000 000002b0  256		lw	$16, 0($sp)
        8fbf001c 000002b4  257		lw	$ra, 28($sp)
        8fb20008 000002b8  258		lw	$18, 8($sp)
        8fb3000c 000002bc  259		lw	$19, 12($sp)
        03e00008 000002c0  260		jr	$ra
        27bd0020 000002c4  261		addiu	$sp, $sp, 32
                           262	.L232:
        84cd0000 000002c8  263		lh	$13, 0($6)
        84d90002 000002cc  264		lh	$25, 2($6)
        84d80004 000002d0  265		lh	$24, 4($6)
        84cf0006 000002d4  266		lh	$15, 6($6)
        a7ad0010 000002d8  267		sh	$13, 16($sp)
        a7b90012 000002dc  268		sh	$25, 18($sp)
        a7b80014 000002e0  269		sh	$24, 20($sp)
        a7af0016 000002e4  270		sh	$15, 22($sp)
        3c130000 000002e8  271		lui	$19, %hi(GUI_Context)
        26730000 000002ec  272		addiu	$19, $19, %lo(GUI_Context)
        8e630044 000002f0  273		lw	$3, 68($19)
        27b20010 000002f4  274		addiu	$18, $sp, 16
        8e620048 000002f8  275		lw	$2, 72($19)
        01a36821 000002fc  276		addu	$13, $13, $3
        a7ad0010 00000300  277		sh	$13, 16($sp)
        0322c821 00000304  278		addu	$25, $25, $2
        a7b90012 00000308  279		sh	$25, 18($sp)
        0303c021 0000030c  280		addu	$24, $24, $3
        a7b80014 00000310  281		sh	$24, 20($sp)

                                   Tue Apr 07 08:56:15 2015           Page 7
                                   Tue Apr 07 08:56:14 2015       gh_2i089.s
        01e27821 00000314  282		addu	$15, $15, $2
        a7af0016 00000318  283		sh	$15, 22($sp)
        0c000000 0000031c  284		jal	WM__InitIVRSearch
        02402025 00000320  285		move	$4, $18
        5040000e 00000324  286		beql	$2, $0, .L1000240
        3c030000 00000328  287		lui	$3, %hi(GUI_Context)
        864e0000 0000032c  288		lh	$14, 0($18)
                           289	.L1000244:
        864d0002 00000330  290		lh	$13, 2($18)
        02002025 00000334  291		move	$4, $16
        a66e0026 00000338  292		sh	$14, 38($19)
        a66d0028 0000033c  293		sh	$13, 40($19)
        02202825 00000340  294		move	$5, $17
        0c000000 00000344  295		jal	_DispLine
        02403025 00000348  296		move	$6, $18
        0c000000 0000034c  297		jal	WM__GetNextIVR
        00000000 00000350  298		nop
        5440fff6 00000354  299		bnel	$2, $0, .L1000244
        864e0000 00000358  300		lh	$14, 0($18)
        3c030000 0000035c  301		lui	$3, %hi(GUI_Context)
                           302	.L1000240:
        24630000 00000360  303		addiu	$3, $3, %lo(GUI_Context)
        8c780044 00000364  304		lw	$24, 68($3)
        84790026 00000368  305		lh	$25, 38($3)
        8c6e0048 0000036c  306		lw	$14, 72($3)
        846f0028 00000370  307		lh	$15, 40($3)
        0338c823 00000374  308		subu	$25, $25, $24
        a4790026 00000378  309		sh	$25, 38($3)
        01ee7823 0000037c  310		subu	$15, $15, $14
        a46f0028 00000380  311		sh	$15, 40($3)
                           312	.L230:
        8fb3000c 00000384  313		lw	$19, 12($sp)
                           314	 #	    .ef
        8fb20008 00000388  315		lw	$18, 8($sp)
        8fbf001c 0000038c  316		lw	$ra, 28($sp)
        8fb00000 00000390  317		lw	$16, 0($sp)
        8fb10004 00000394  318		lw	$17, 4($sp)
        03e00008 00000398  319		jr	$ra
        27bd0020 0000039c  320		addiu	$sp, $sp, 32
                           321		.type	GUI__DispLine,@function
                           322		.size	GUI__DispLine,.-GUI__DispLine
                           323		.align	4
                           324	 #r	16($sp)	local
                           325	
                           326	 #s	$16	param
                           327	 #MaxNumChars	$17	param
                           328	 #pr	$6	param
                           329	
                           330		.data
                           331	.L295:
                           332		.text
                           333		.align	4
                           334	 #GUI_Context	GUI_Context	import
                           335	 #GUI_pfDispCharStyle	%sdaoff(GUI_pfDispCharStyle)	import
                           336	 #GUI_pLCD_APIList	%sdaoff(GUI_pLCD_APIList)	import
                           337	

                                   Tue Apr 07 08:56:15 2015           Page 8
                                   Tue Apr 07 08:56:14 2015       gh_2i089.s
                           338		.data
                           339		.text
