
                                   Tue Apr 07 08:57:56 2015           Page 1
                                   Tue Apr 07 08:57:56 2015       gh_2i0ae.s
Command Line:   C:\GHS\V35\mips35\asmips.exe -noundefined -elf -b0
                -IC:\local\Workspace\DC_V04.01.00_int\cu3x1Platform_SRC\emWinColour
                -IC:\local\Workspace\DC_V04.01.00_int\cu3x1Platform_SRC\platform\include
                -IC:\local\Workspace\DC_V04.01.00_int\cu3x1Platform_SRC\platform\common
                -IC:\local\Workspace\DC_V04.01.00_int\cu3x1Platform_SRC\platform\hardware
                -IC:\local\Workspace\DC_V04.01.00_int\cu3x1Platform_SRC\platform\hardware\D3018X
                -IC:\local\Workspace\DC_V04.01.00_int\cu3x1Platform_SRC\embos\inc
                -IC:\local\Workspace\DC_V04.01.00_int\cu3x1Platform_SRC\emWinColour\config
                -IC:\local\Workspace\DC_V04.01.00_int\cu3x1Platform_SRC\emWinColour\gui\ConvertMono
                -IC:\local\Workspace\DC_V04.01.00_int\cu3x1Platform_SRC\emWinColour\gui\Core
                -IC:\local\Workspace\DC_V04.01.00_int\cu3x1Platform_SRC\emWinColour\gui\Font
                -IC:\local\Workspace\DC_V04.01.00_int\cu3x1Platform_SRC\emWinColour\gui\LCDDriver
                -IC:\local\Workspace\DC_V04.01.00_int\cu3x1Platform_SRC\emWinColour\gui\MemDev
                -IC:\local\Workspace\DC_V04.01.00_int\cu3x1Platform_SRC\emWinColour\gui\VNC
                -IC:\local\Workspace\DC_V04.01.00_int\cu3x1Platform_SRC\emWinColour\gui\Widget
                -IC:\local\Workspace\DC_V04.01.00_int\cu3x1Platform_SRC\emWinColour\gui\wm
                -IC:\local\Workspace\DC_V04.01.00_int\cu3x1App_SRC\Control\source
                -IC:\local\Workspace\DC_V04.01.00_int\cu3x1App_SRC\Control\source\include
                -IC:\local\Workspace\DC_V04.01.00_int\cu3x1App_SRC\Control\source\util
                -IC:\local\Workspace\DC_V04.01.00_int\cu3x1App_SRC\Control\source\datapoint
                -IC:\local\Workspace\DC_V04.01.00_int\cu3x1App_SRC\Control\source\factory
                -IC:\local\Workspace\DC_V04.01.00_int\cu3x1Platform_SRC\embos
                -IC:\local\Workspace\DC_V04.01.00_int\cu3x1Platform_SRC\emWinColour\gui\core
                -IC:\local\Workspace\DC_V04.01.00_int\cu3x1App_SRC\Control\source\rtip\webpage
                -IC:\local\Workspace\DC_V04.01.00_int\cu3x1App_SRC\Control\source\rtip\config
                -IC:\local\Workspace\DC_V04.01.00_int\cu3x1App_SRC\Control\source\rtip\xnet
                -IC:\local\Workspace\DC_V04.01.00_int\cu3x1App_SRC\Control\source\stub
                -IC:\local\Workspace\DC_V04.01.00_int\cu3x1App_SRC\Control\source\test
                -IC:\local\Workspace\DC_V04.01.00_int\cu3x1App_SRC\Control\source\GENIpro
                -IC:\local\Workspace\DC_V04.01.00_int\cu3x1App_SRC\Control\source\GENIpro\GENI_sys
                -IC:\local\Workspace\DC_V04.01.00_int\cu3x1App_SRC\Control\source\GENIpro\GENIusb\emUSB\USB\Driver
                -IC:\local\Workspace\DC_V04.01.00_int\cu3x1App_SRC\Control\source\application\intercom
                -IC:\local\Workspace\DC_V04.01.00_int\cu3x1App_SRC\Control\source\application\controller
                -IC:\local\Workspace\DC_V04.01.00_int\cu3x1App_SRC\Control\source\application\driver
                -IC:\local\Workspace\DC_V04.01.00_int\cu3x1App_SRC\Control\source\application\webif
                -IC:\local\Workspace\DC_V04.01.00_int\cu3x1App_SRC\Control\source\application\relay
                -IC:\local\Workspace\DC_V04.01.00_int\cu3x1App_SRC\Control\source\application\GENIApp
                -IC:\local\Workspace\DC_V04.01.00_int\cu3x1App_SRC\Control\source\application\alarm
                -IC:\local\Workspace\DC_V04.01.00_int\cu3x1App_SRC\Control\source\application\config
                -IC:\local\Workspace\DC_V04.01.00_int\cu3x1App_SRC\Control\source\application\AnaInConfigCtrl
                -IC:\local\Workspace\DC_V04.01.00_int\cu3x1App_SRC\Control\source\application\Sms
                -IC:\local\Workspace\DC_V04.01.00_int\cu3x1App_SRC\Control\source\application\display
                -IC:\local\Workspace\DC_V04.01.00_int\cu3x1App_SRC\Control\source\application\display\display_task
                -IC:\local\Workspace\DC_V04.01.00_int\cu3x1App_SRC\Control\source\application\display\gui_utility
                -IC:\local\Workspace\DC_V04.01.00_int\cu3x1App_SRC\Control\source\application\display\mpcunit
                -IC:\local\Workspace\DC_V04.01.00_int\cu3x1App_SRC\Control\source\GeniPro
                -IC:\local\Workspace\DC_V04.01.00_int\cu3x1App_SRC\Control\source\GeniPro\GENI_sys
                -IC:\local\Workspace\DC_V04.01.00_int\cu3x1App_SRC\Control\source\GeniPro\GENIbus
                -IC:\local\Workspace\DC_V04.01.00_int\cu3x1App_SRC\Control\source\GeniPro\GENIcom
                -IC:\local\Workspace\DC_V04.01.00_int\cu3x1App_SRC\Control\source\GeniPro\GENIrs232
                -IC:\local\Workspace\DC_V04.01.00_int\cu3x1App_SRC\Control\source\GeniPro\Virtual
                -IC:\local\Workspace\DC_V04.01.00_int\cu3x1Platform_SRC\Platform\common
                -IC:\local\Workspace\DC_V04.01.00_int\cu3x1Platform_SRC\Platform\hardware
                -IC:\local\Workspace\DC_V04.01.00_int\cu3x1Platform_SRC\Platform\hardware\D3018X
                -IC:\local\Workspace\DC_V04.01.00_int\cu3x1App_SRC\Control\source\application\display\imagesTFT
                -IC:\GHS\V35\mips35\mipsl_sf -r4121 -source=GUIDEV_CreateFixed.c
                -o objs\gh_2i0ae.o -list=objs\GUIDEV_CreateFixed.lst
                C:\Users\55602\AppData\Local\Temp\gh_2i0ae.s
Source File:    C:\Users\55602\AppData\Local\Temp\gh_2i0ae.s
Directory:      C:\local\Workspace\DC_V04.01.00_int\cu3x1App_SRC\Control\source
Host OS:        GHS_WIN32
Version:        AS-MIPS 3.5#11 
Release:        MULTI 2000, MIPS v3.5
Revision Date:  Wed Feb 27 12:19:03 2002
Release Date:   Sat Mar 02 02:57:59 2002
                             1	 #Source File:   C:\local\Workspace\DC_V04.01.00_int\cu3x1Platform_SRC\emWinColour\GUI\MemDev\GUIDEV_CreateFixed.c

                                   Tue Apr 07 08:57:56 2015           Page 2
                                   Tue Apr 07 08:57:56 2015       gh_2i0ae.s
                             2	 #Directory:     
                             3	 #		C:\local\Workspace\DC_V04.01.00_int\cu3x1App_SRC\Control\source
                             4	 #Compile Date:  Tue Apr 07 08:57:56 2015
                             5	 #Host OS:       Win32
                             6	 #Version:       C-MIPS 3.5#11 RELEASE VERSION
                             7	 #Release:       MULTI 2000, MIPS v3.5
                             8	 #Revision Date: Fri Mar 01 11:32:40 2002
                             9	 #Release Date:  Sat Mar 02 02:58:48 2002
                            10		.set	noat
                            11		.set	noreorder
                            12		.set	nomacro
                            13		.text
                            14		.align	4
                            15		.globl	GUI_MEMDEV_CreateFixed
                            16	GUI_MEMDEV_CreateFixed:
        27bdffd0 00000000   17		addiu	$sp, $sp, -48
        afbf002c 00000004   18		sw	$ra, 44($sp)
        afb60020 00000008   19		sw	$22, 32($sp)
        afb00008 0000000c   20		sw	$16, 8($sp)
        00808025 00000010   21		move	$16, $4
        afb1000c 00000014   22		sw	$17, 12($sp)
        00a08825 00000018   23		move	$17, $5
        afb20010 0000001c   24		sw	$18, 16($sp)
        00c09025 00000020   25		move	$18, $6
        afb30014 00000024   26		sw	$19, 20($sp)
        00e09825 00000028   27		move	$19, $7
        afb40018 0000002c   28		sw	$20, 24($sp)
        0100a025 00000030   29		move	$20, $8
        afb5001c 00000034   30		sw	$21, 28($sp)
        0120a825 00000038   31		move	$21, $9
                            32	 #	    .bf
        0c000000 0000003c   33		jal	GUI_Lock
        0140b025 00000040   34		move	$22, $10
        02002025 00000044   35		move	$4, $16
        02202825 00000048   36		move	$5, $17
        02403025 0000004c   37		move	$6, $18
        02603825 00000050   38		move	$7, $19
        8ec30008 00000054   39		lw	$3, 8($22)
        02804025 00000058   40		move	$8, $20
        02a04825 0000005c   41		move	$9, $21
        afa30000 00000060   42		sw	$3, 0($sp)
        8eca0000 00000064   43		lw	$10, 0($22)
        0c000000 00000068   44		jal	GUI_MEMDEV__CreateFixed
        8ecb0004 0000006c   45		lw	$11, 4($22)
        0c000000 00000070   46		jal	GUI_Unlock
        00408025 00000074   47		move	$16, $2
                            48	 #	    .ef
        02001025 00000078   49		move	$2, $16
        8fb40018 0000007c   50		lw	$20, 24($sp)
        8fb30014 00000080   51		lw	$19, 20($sp)
        8fb20010 00000084   52		lw	$18, 16($sp)
        8fb1000c 00000088   53		lw	$17, 12($sp)
        8fb00008 0000008c   54		lw	$16, 8($sp)
        8fbf002c 00000090   55		lw	$ra, 44($sp)
        8fb5001c 00000094   56		lw	$21, 28($sp)
        8fb60020 00000098   57		lw	$22, 32($sp)

                                   Tue Apr 07 08:57:56 2015           Page 3
                                   Tue Apr 07 08:57:56 2015       gh_2i0ae.s
        03e00008 0000009c   58		jr	$ra
        27bd0030 000000a0   59		addiu	$sp, $sp, 48
                            60		.type	GUI_MEMDEV_CreateFixed,@function
                            61		.size	GUI_MEMDEV_CreateFixed,.-GUI_MEMDEV_CreateFixed
                            62		.align	4
                            63	
                            64	 #x0	$16	param
                            65	 #y0	$17	param
                            66	 #xsize	$18	param
                            67	 #ysize	$19	param
                            68	 #Flags	$20	param
                            69	 #pMemDevAPI	$21	param
                            70	 #pColorConvAPI	$22	param
                            71	
                            72		.data
                            73	.L15:
                            74		.text
                            75		.align	4
                            76	
                            77		.data
                            78		.text
