
                                   Tue Apr 07 08:58:22 2015           Page 1
                                   Tue Apr 07 08:58:22 2015       gh_2i0ao.s
Command Line:   C:\GHS\V35\mips35\asmips.exe -noundefined -elf -b0
                -IC:\local\Workspace\DC_V04.01.00_int\cu3x1Platform_SRC\emWinColour
                -IC:\local\Workspace\DC_V04.01.00_int\cu3x1Platform_SRC\platform\include
                -IC:\local\Workspace\DC_V04.01.00_int\cu3x1Platform_SRC\platform\common
                -IC:\local\Workspace\DC_V04.01.00_int\cu3x1Platform_SRC\platform\hardware
                -IC:\local\Workspace\DC_V04.01.00_int\cu3x1Platform_SRC\platform\hardware\D3018X
                -IC:\local\Workspace\DC_V04.01.00_int\cu3x1Platform_SRC\embos\inc
                -IC:\local\Workspace\DC_V04.01.00_int\cu3x1Platform_SRC\emWinColour\config
                -IC:\local\Workspace\DC_V04.01.00_int\cu3x1Platform_SRC\emWinColour\gui\ConvertMono
                -IC:\local\Workspace\DC_V04.01.00_int\cu3x1Platform_SRC\emWinColour\gui\Core
                -IC:\local\Workspace\DC_V04.01.00_int\cu3x1Platform_SRC\emWinColour\gui\Font
                -IC:\local\Workspace\DC_V04.01.00_int\cu3x1Platform_SRC\emWinColour\gui\LCDDriver
                -IC:\local\Workspace\DC_V04.01.00_int\cu3x1Platform_SRC\emWinColour\gui\MemDev
                -IC:\local\Workspace\DC_V04.01.00_int\cu3x1Platform_SRC\emWinColour\gui\VNC
                -IC:\local\Workspace\DC_V04.01.00_int\cu3x1Platform_SRC\emWinColour\gui\Widget
                -IC:\local\Workspace\DC_V04.01.00_int\cu3x1Platform_SRC\emWinColour\gui\wm
                -IC:\local\Workspace\DC_V04.01.00_int\cu3x1App_SRC\Control\source
                -IC:\local\Workspace\DC_V04.01.00_int\cu3x1App_SRC\Control\source\include
                -IC:\local\Workspace\DC_V04.01.00_int\cu3x1App_SRC\Control\source\util
                -IC:\local\Workspace\DC_V04.01.00_int\cu3x1App_SRC\Control\source\datapoint
                -IC:\local\Workspace\DC_V04.01.00_int\cu3x1App_SRC\Control\source\factory
                -IC:\local\Workspace\DC_V04.01.00_int\cu3x1Platform_SRC\embos
                -IC:\local\Workspace\DC_V04.01.00_int\cu3x1Platform_SRC\emWinColour\gui\core
                -IC:\local\Workspace\DC_V04.01.00_int\cu3x1App_SRC\Control\source\rtip\webpage
                -IC:\local\Workspace\DC_V04.01.00_int\cu3x1App_SRC\Control\source\rtip\config
                -IC:\local\Workspace\DC_V04.01.00_int\cu3x1App_SRC\Control\source\rtip\xnet
                -IC:\local\Workspace\DC_V04.01.00_int\cu3x1App_SRC\Control\source\stub
                -IC:\local\Workspace\DC_V04.01.00_int\cu3x1App_SRC\Control\source\test
                -IC:\local\Workspace\DC_V04.01.00_int\cu3x1App_SRC\Control\source\GENIpro
                -IC:\local\Workspace\DC_V04.01.00_int\cu3x1App_SRC\Control\source\GENIpro\GENI_sys
                -IC:\local\Workspace\DC_V04.01.00_int\cu3x1App_SRC\Control\source\GENIpro\GENIusb\emUSB\USB\Driver
                -IC:\local\Workspace\DC_V04.01.00_int\cu3x1App_SRC\Control\source\application\intercom
                -IC:\local\Workspace\DC_V04.01.00_int\cu3x1App_SRC\Control\source\application\controller
                -IC:\local\Workspace\DC_V04.01.00_int\cu3x1App_SRC\Control\source\application\driver
                -IC:\local\Workspace\DC_V04.01.00_int\cu3x1App_SRC\Control\source\application\webif
                -IC:\local\Workspace\DC_V04.01.00_int\cu3x1App_SRC\Control\source\application\relay
                -IC:\local\Workspace\DC_V04.01.00_int\cu3x1App_SRC\Control\source\application\GENIApp
                -IC:\local\Workspace\DC_V04.01.00_int\cu3x1App_SRC\Control\source\application\alarm
                -IC:\local\Workspace\DC_V04.01.00_int\cu3x1App_SRC\Control\source\application\config
                -IC:\local\Workspace\DC_V04.01.00_int\cu3x1App_SRC\Control\source\application\AnaInConfigCtrl
                -IC:\local\Workspace\DC_V04.01.00_int\cu3x1App_SRC\Control\source\application\Sms
                -IC:\local\Workspace\DC_V04.01.00_int\cu3x1App_SRC\Control\source\application\display
                -IC:\local\Workspace\DC_V04.01.00_int\cu3x1App_SRC\Control\source\application\display\display_task
                -IC:\local\Workspace\DC_V04.01.00_int\cu3x1App_SRC\Control\source\application\display\gui_utility
                -IC:\local\Workspace\DC_V04.01.00_int\cu3x1App_SRC\Control\source\application\display\mpcunit
                -IC:\local\Workspace\DC_V04.01.00_int\cu3x1App_SRC\Control\source\GeniPro
                -IC:\local\Workspace\DC_V04.01.00_int\cu3x1App_SRC\Control\source\GeniPro\GENI_sys
                -IC:\local\Workspace\DC_V04.01.00_int\cu3x1App_SRC\Control\source\GeniPro\GENIbus
                -IC:\local\Workspace\DC_V04.01.00_int\cu3x1App_SRC\Control\source\GeniPro\GENIcom
                -IC:\local\Workspace\DC_V04.01.00_int\cu3x1App_SRC\Control\source\GeniPro\GENIrs232
                -IC:\local\Workspace\DC_V04.01.00_int\cu3x1App_SRC\Control\source\GeniPro\Virtual
                -IC:\local\Workspace\DC_V04.01.00_int\cu3x1Platform_SRC\Platform\common
                -IC:\local\Workspace\DC_V04.01.00_int\cu3x1Platform_SRC\Platform\hardware
                -IC:\local\Workspace\DC_V04.01.00_int\cu3x1Platform_SRC\Platform\hardware\D3018X
                -IC:\local\Workspace\DC_V04.01.00_int\cu3x1App_SRC\Control\source\application\display\imagesTFT
                -IC:\GHS\V35\mips35\mipsl_sf -r4121 -source=GUIDEV_Write.c -o
                objs\gh_2i0ao.o -list=objs\GUIDEV_Write.lst
                C:\Users\55602\AppData\Local\Temp\gh_2i0ao.s
Source File:    C:\Users\55602\AppData\Local\Temp\gh_2i0ao.s
Directory:      C:\local\Workspace\DC_V04.01.00_int\cu3x1App_SRC\Control\source
Host OS:        GHS_WIN32
Version:        AS-MIPS 3.5#11 
Release:        MULTI 2000, MIPS v3.5
Revision Date:  Wed Feb 27 12:19:03 2002
Release Date:   Sat Mar 02 02:57:59 2002
                             1	 #Source File:   C:\local\Workspace\DC_V04.01.00_int\cu3x1Platform_SRC\emWinColour\GUI\MemDev\GUIDEV_Write.c

                                   Tue Apr 07 08:58:22 2015           Page 2
                                   Tue Apr 07 08:58:22 2015       gh_2i0ao.s
                             2	 #Directory:     
                             3	 #		C:\local\Workspace\DC_V04.01.00_int\cu3x1App_SRC\Control\source
                             4	 #Compile Date:  Tue Apr 07 08:58:22 2015
                             5	 #Host OS:       Win32
                             6	 #Version:       C-MIPS 3.5#11 RELEASE VERSION
                             7	 #Release:       MULTI 2000, MIPS v3.5
                             8	 #Revision Date: Fri Mar 01 11:32:40 2002
                             9	 #Release Date:  Sat Mar 02 02:58:48 2002
                            10		.set	noat
                            11		.set	noreorder
                            12		.set	nomacro
                            13		.text
                            14		.align	4
                            15		.globl	GUI_MEMDEV_WriteAt
                            16	GUI_MEMDEV_WriteAt:
        27bdffe0 00000000   17		addiu	$sp, $sp, -32
        afb20008 00000004   18		sw	$18, 8($sp)
                            19	 #	    .bf
        00c09025 00000008   20		move	$18, $6
        afb00000 0000000c   21		sw	$16, 0($sp)
        00048400 00000010   22		sll	$16, $4, 16
        00108403 00000014   23		sra	$16, $16, 16
        afb10004 00000018   24		sw	$17, 4($sp)
        00a08825 0000001c   25		move	$17, $5
        12000022 00000020   26		beq	$16, $0, .L2
        afbf001c 00000024   27		sw	$ra, 28($sp)
        0c000000 00000028   28		jal	GUI_Lock
        00000000 0000002c   29		nop
        0c000000 00000030   30		jal	GUI_ALLOC_h2p
        02002025 00000034   31		move	$4, $16
        2418f001 00000038   32		addiu	$24, $0, -4095
        16380003 0000003c   33		bne	$17, $24, .L6
        00401825 00000040   34		move	$3, $2
        84710000 00000044   35		lh	$17, 0($3)
        84720002 00000048   36		lh	$18, 2($3)
                            37	.L6:
        a7b10010 0000004c   38		sh	$17, 16($sp)
        84790004 00000050   39		lh	$25, 4($3)
        a7b20012 00000054   40		sh	$18, 18($sp)
        02397021 00000058   41		addu	$14, $17, $25
        25d8ffff 0000005c   42		addiu	$24, $14, -1
        a7b80014 00000060   43		sh	$24, 20($sp)
        846d0006 00000064   44		lh	$13, 6($3)
        27a40010 00000068   45		addiu	$4, $sp, 16
        024d7821 0000006c   46		addu	$15, $18, $13
        25f9ffff 00000070   47		addiu	$25, $15, -1
        0c000000 00000074   48		jal	WM__InitIVRSearch
        a7b90016 00000078   49		sh	$25, 22($sp)
        10400009 0000007c   50		beq	$2, $0, .L8
        00000000 00000080   51		nop
        02002025 00000084   52		move	$4, $16
                            53	.L1000012:
        02202825 00000088   54		move	$5, $17
        0c000000 0000008c   55		jal	GUI_MEMDEV__WriteToActiveAt
        02403025 00000090   56		move	$6, $18
        0c000000 00000094   57		jal	WM__GetNextIVR

                                   Tue Apr 07 08:58:22 2015           Page 3
                                   Tue Apr 07 08:58:22 2015       gh_2i0ao.s
        00000000 00000098   58		nop
        5440fffa 0000009c   59		bnel	$2, $0, .L1000012
        02002025 000000a0   60		move	$4, $16
                            61	.L8:
        0c000000 000000a4   62		jal	GUI_Unlock
        00000000 000000a8   63		nop
                            64	.L2:
        8fb20008 000000ac   65		lw	$18, 8($sp)
                            66	 #	    .ef
        8fb10004 000000b0   67		lw	$17, 4($sp)
        8fbf001c 000000b4   68		lw	$ra, 28($sp)
        8fb00000 000000b8   69		lw	$16, 0($sp)
        03e00008 000000bc   70		jr	$ra
        27bd0020 000000c0   71		addiu	$sp, $sp, 32
                            72		.type	GUI_MEMDEV_WriteAt,@function
                            73		.size	GUI_MEMDEV_WriteAt,.-GUI_MEMDEV_WriteAt
                            74		.align	4
                            75	 #pDevData	$3	local
                            76	 #r	16($sp)	local
                            77	
                            78	 #hMem	$16	param
                            79	 #x	$17	param
                            80	 #y	$18	param
                            81	
                            82		.data
                            83	.L55:
                            84		.text
                            85		.align	4
                            86		.align	4
                            87		.globl	GUI_MEMDEV_Write
                            88	GUI_MEMDEV_Write:
        2406f001 000000c4   89		addiu	$6, $0, -4095
                            90	 #	    .bf
        00042400 000000c8   91		sll	$4, $4, 16
        2405f001 000000cc   92		addiu	$5, $0, -4095
        08000000 000000d0   93		j	GUI_MEMDEV_WriteAt
        00042403 000000d4   94		sra	$4, $4, 16
                            95	 #	    .ef
                            96		.type	GUI_MEMDEV_Write,@function
                            97		.size	GUI_MEMDEV_Write,.-GUI_MEMDEV_Write
                            98		.align	4
                            99	
                           100	 #hMem	$4	param
                           101	
                           102		.data
                           103	.L89:
                           104		.text
                           105		.align	4
                           106	
                           107		.data
                           108		.text
