
                                   Tue Apr 07 08:58:25 2015           Page 1
                                   Tue Apr 07 08:58:24 2015       gh_2i0ap.s
Command Line:   C:\GHS\V35\mips35\asmips.exe -noundefined -elf -b0
                -IC:\local\Workspace\DC_V04.01.00_int\cu3x1Platform_SRC\emWinColour
                -IC:\local\Workspace\DC_V04.01.00_int\cu3x1Platform_SRC\platform\include
                -IC:\local\Workspace\DC_V04.01.00_int\cu3x1Platform_SRC\platform\common
                -IC:\local\Workspace\DC_V04.01.00_int\cu3x1Platform_SRC\platform\hardware
                -IC:\local\Workspace\DC_V04.01.00_int\cu3x1Platform_SRC\platform\hardware\D3018X
                -IC:\local\Workspace\DC_V04.01.00_int\cu3x1Platform_SRC\embos\inc
                -IC:\local\Workspace\DC_V04.01.00_int\cu3x1Platform_SRC\emWinColour\config
                -IC:\local\Workspace\DC_V04.01.00_int\cu3x1Platform_SRC\emWinColour\gui\ConvertMono
                -IC:\local\Workspace\DC_V04.01.00_int\cu3x1Platform_SRC\emWinColour\gui\Core
                -IC:\local\Workspace\DC_V04.01.00_int\cu3x1Platform_SRC\emWinColour\gui\Font
                -IC:\local\Workspace\DC_V04.01.00_int\cu3x1Platform_SRC\emWinColour\gui\LCDDriver
                -IC:\local\Workspace\DC_V04.01.00_int\cu3x1Platform_SRC\emWinColour\gui\MemDev
                -IC:\local\Workspace\DC_V04.01.00_int\cu3x1Platform_SRC\emWinColour\gui\VNC
                -IC:\local\Workspace\DC_V04.01.00_int\cu3x1Platform_SRC\emWinColour\gui\Widget
                -IC:\local\Workspace\DC_V04.01.00_int\cu3x1Platform_SRC\emWinColour\gui\wm
                -IC:\local\Workspace\DC_V04.01.00_int\cu3x1App_SRC\Control\source
                -IC:\local\Workspace\DC_V04.01.00_int\cu3x1App_SRC\Control\source\include
                -IC:\local\Workspace\DC_V04.01.00_int\cu3x1App_SRC\Control\source\util
                -IC:\local\Workspace\DC_V04.01.00_int\cu3x1App_SRC\Control\source\datapoint
                -IC:\local\Workspace\DC_V04.01.00_int\cu3x1App_SRC\Control\source\factory
                -IC:\local\Workspace\DC_V04.01.00_int\cu3x1Platform_SRC\embos
                -IC:\local\Workspace\DC_V04.01.00_int\cu3x1Platform_SRC\emWinColour\gui\core
                -IC:\local\Workspace\DC_V04.01.00_int\cu3x1App_SRC\Control\source\rtip\webpage
                -IC:\local\Workspace\DC_V04.01.00_int\cu3x1App_SRC\Control\source\rtip\config
                -IC:\local\Workspace\DC_V04.01.00_int\cu3x1App_SRC\Control\source\rtip\xnet
                -IC:\local\Workspace\DC_V04.01.00_int\cu3x1App_SRC\Control\source\stub
                -IC:\local\Workspace\DC_V04.01.00_int\cu3x1App_SRC\Control\source\test
                -IC:\local\Workspace\DC_V04.01.00_int\cu3x1App_SRC\Control\source\GENIpro
                -IC:\local\Workspace\DC_V04.01.00_int\cu3x1App_SRC\Control\source\GENIpro\GENI_sys
                -IC:\local\Workspace\DC_V04.01.00_int\cu3x1App_SRC\Control\source\GENIpro\GENIusb\emUSB\USB\Driver
                -IC:\local\Workspace\DC_V04.01.00_int\cu3x1App_SRC\Control\source\application\intercom
                -IC:\local\Workspace\DC_V04.01.00_int\cu3x1App_SRC\Control\source\application\controller
                -IC:\local\Workspace\DC_V04.01.00_int\cu3x1App_SRC\Control\source\application\driver
                -IC:\local\Workspace\DC_V04.01.00_int\cu3x1App_SRC\Control\source\application\webif
                -IC:\local\Workspace\DC_V04.01.00_int\cu3x1App_SRC\Control\source\application\relay
                -IC:\local\Workspace\DC_V04.01.00_int\cu3x1App_SRC\Control\source\application\GENIApp
                -IC:\local\Workspace\DC_V04.01.00_int\cu3x1App_SRC\Control\source\application\alarm
                -IC:\local\Workspace\DC_V04.01.00_int\cu3x1App_SRC\Control\source\application\config
                -IC:\local\Workspace\DC_V04.01.00_int\cu3x1App_SRC\Control\source\application\AnaInConfigCtrl
                -IC:\local\Workspace\DC_V04.01.00_int\cu3x1App_SRC\Control\source\application\Sms
                -IC:\local\Workspace\DC_V04.01.00_int\cu3x1App_SRC\Control\source\application\display
                -IC:\local\Workspace\DC_V04.01.00_int\cu3x1App_SRC\Control\source\application\display\display_task
                -IC:\local\Workspace\DC_V04.01.00_int\cu3x1App_SRC\Control\source\application\display\gui_utility
                -IC:\local\Workspace\DC_V04.01.00_int\cu3x1App_SRC\Control\source\application\display\mpcunit
                -IC:\local\Workspace\DC_V04.01.00_int\cu3x1App_SRC\Control\source\GeniPro
                -IC:\local\Workspace\DC_V04.01.00_int\cu3x1App_SRC\Control\source\GeniPro\GENI_sys
                -IC:\local\Workspace\DC_V04.01.00_int\cu3x1App_SRC\Control\source\GeniPro\GENIbus
                -IC:\local\Workspace\DC_V04.01.00_int\cu3x1App_SRC\Control\source\GeniPro\GENIcom
                -IC:\local\Workspace\DC_V04.01.00_int\cu3x1App_SRC\Control\source\GeniPro\GENIrs232
                -IC:\local\Workspace\DC_V04.01.00_int\cu3x1App_SRC\Control\source\GeniPro\Virtual
                -IC:\local\Workspace\DC_V04.01.00_int\cu3x1Platform_SRC\Platform\common
                -IC:\local\Workspace\DC_V04.01.00_int\cu3x1Platform_SRC\Platform\hardware
                -IC:\local\Workspace\DC_V04.01.00_int\cu3x1Platform_SRC\Platform\hardware\D3018X
                -IC:\local\Workspace\DC_V04.01.00_int\cu3x1App_SRC\Control\source\application\display\imagesTFT
                -IC:\GHS\V35\mips35\mipsl_sf -r4121 -source=GUIDEV_WriteAlpha.c
                -o objs\gh_2i0ap.o -list=objs\GUIDEV_WriteAlpha.lst
                C:\Users\55602\AppData\Local\Temp\gh_2i0ap.s
Source File:    C:\Users\55602\AppData\Local\Temp\gh_2i0ap.s
Directory:      C:\local\Workspace\DC_V04.01.00_int\cu3x1App_SRC\Control\source
Host OS:        GHS_WIN32
Version:        AS-MIPS 3.5#11 
Release:        MULTI 2000, MIPS v3.5
Revision Date:  Wed Feb 27 12:19:03 2002
Release Date:   Sat Mar 02 02:57:59 2002
                             1	 #Source File:   C:\local\Workspace\DC_V04.01.00_int\cu3x1Platform_SRC\emWinColour\GUI\MemDev\GUIDEV_WriteAlpha.c

                                   Tue Apr 07 08:58:25 2015           Page 2
                                   Tue Apr 07 08:58:24 2015       gh_2i0ap.s
                             2	 #Directory:     
                             3	 #		C:\local\Workspace\DC_V04.01.00_int\cu3x1App_SRC\Control\source
                             4	 #Compile Date:  Tue Apr 07 08:58:24 2015
                             5	 #Host OS:       Win32
                             6	 #Version:       C-MIPS 3.5#11 RELEASE VERSION
                             7	 #Release:       MULTI 2000, MIPS v3.5
                             8	 #Revision Date: Fri Mar 01 11:32:40 2002
                             9	 #Release Date:  Sat Mar 02 02:58:48 2002
                            10		.set	noat
                            11		.set	noreorder
                            12		.set	nomacro
                            13		.text
                            14		.align	4
                            15		.globl	GUI_MEMDEV_WriteAlphaAt
                            16	GUI_MEMDEV_WriteAlphaAt:
        27bdffa8 00000000   17		addiu	$sp, $sp, -88
        afb3000c 00000004   18		sw	$19, 12($sp)
                            19	 #	    .bf
        00e09825 00000008   20		move	$19, $7
        afbe0020 0000000c   21		sw	$fp, 32($sp)
        afb7001c 00000010   22		sw	$23, 28($sp)
        afb60018 00000014   23		sw	$22, 24($sp)
        afb50014 00000018   24		sw	$21, 20($sp)
        afb40010 0000001c   25		sw	$20, 16($sp)
        afb00000 00000020   26		sw	$16, 0($sp)
        00048400 00000024   27		sll	$16, $4, 16
        00108403 00000028   28		sra	$16, $16, 16
        afb10004 0000002c   29		sw	$17, 4($sp)
        00a08825 00000030   30		move	$17, $5
        afb20008 00000034   31		sw	$18, 8($sp)
        00c09025 00000038   32		move	$18, $6
        1200017e 0000003c   33		beq	$16, $0, .L39
        afbf0054 00000040   34		sw	$ra, 84($sp)
        0c000000 00000044   35		jal	GUI_Lock
        00000000 00000048   36		nop
        0c000000 0000004c   37		jal	GUI_ALLOC_h2p
        02002025 00000050   38		move	$4, $16
        2418f001 00000054   39		addiu	$24, $0, -4095
        16580003 00000058   40		bne	$18, $24, .L43
        00401825 0000005c   41		move	$3, $2
        84720000 00000060   42		lh	$18, 0($3)
        84730002 00000064   43		lh	$19, 2($3)
                            44	.L43:
        a7b20048 00000068   45		sh	$18, 72($sp)
        84790004 0000006c   46		lh	$25, 4($3)
        a7b3004a 00000070   47		sh	$19, 74($sp)
        02597021 00000074   48		addu	$14, $18, $25
        25d8ffff 00000078   49		addiu	$24, $14, -1
        a7b8004c 0000007c   50		sh	$24, 76($sp)
        846d0006 00000080   51		lh	$13, 6($3)
        27a40048 00000084   52		addiu	$4, $sp, 72
        026d7821 00000088   53		addu	$15, $19, $13
        25f9ffff 0000008c   54		addiu	$25, $15, -1
        0c000000 00000090   55		jal	WM__InitIVRSearch
        a7b9004e 00000094   56		sh	$25, 78($sp)
        10400165 00000098   57		beq	$2, $0, .L45

                                   Tue Apr 07 08:58:25 2015           Page 3
                                   Tue Apr 07 08:58:24 2015       gh_2i0ap.s
        02001825 0000009c   58		move	$3, $16
                            59	.L1000049:
        1060015f 000000a0   60		beq	$3, $0, .L48
        00000000 000000a4   61		nop
        0c000000 000000a8   62		jal	GUI_ALLOC_h2p
        00602025 000000ac   63		move	$4, $3
        844c0006 000000b0   64		lh	$12, 6($2)
        84430018 000000b4   65		lh	$3, 24($2)
        afa20044 000000b8   66		sw	$2, 68($sp)
        afac0030 000000bc   67		sw	$12, 48($sp)
        10600157 000000c0   68		beq	$3, $0, .L48
        00000000 000000c4   69		nop
        0c000000 000000c8   70		jal	GUI_ALLOC_h2p
        00602025 000000cc   71		move	$4, $3
        27ac0024 000000d0   72		addiu	$12, $sp, 36
        afac0034 000000d4   73		sw	$12, 52($sp)
        8fac0030 000000d8   74		lw	$12, 48($sp)
        afa00040 000000dc   75		sw	$0, 64($sp)
        afa20038 000000e0   76		sw	$2, 56($sp)
        000c782a 000000e4   77		slt	$15, $0, $12
        11e0014d 000000e8   78		beq	$15, $0, .L48
        00000000 000000ec   79		nop
                            80	.L55:
        8fa40038 000000f0   81		lw	$4, 56($sp)
        8c8d0008 000000f4   82		lw	$13, 8($4)
        8fa50034 000000f8   83		lw	$5, 52($sp)
        8dad0014 000000fc   84		lw	$13, 20($13)
        8fa60040 00000100   85		lw	$6, 64($sp)
        01a0f809 00000104   86		jalr	$13
        aca00000 00000108   87		sw	$0, 0($5)
        8fac0034 0000010c   88		lw	$12, 52($sp)
        0040a825 00000110   89		move	$21, $2
        12a0013c 00000114   90		beq	$21, $0, .L63
        afac003c 00000118   91		sw	$12, 60($sp)
        8fa5003c 0000011c   92		lw	$5, 60($sp)
                            93	.L1000056:
        8fa40044 00000120   94		lw	$4, 68($sp)
        8fa60040 00000124   95		lw	$6, 64($sp)
        0c000000 00000128   96		jal	GUI_MEMDEV__XY2PTREx
        8ca50000 0000012c   97		lw	$5, 0($5)
        00156082 00000130   98		srl	$12, $21, 2
        afac0028 00000134   99		sw	$12, 40($sp)
        afb5002c 00000138  100		sw	$21, 44($sp)
        118000e7 0000013c  101		beq	$12, $0, .L137
        0040a025 00000140  102		move	$20, $2
        8fa10040 00000144  103		lw	$1, 64($sp)
        8fb6003c 00000148  104		lw	$22, 60($sp)
        0033f021 0000014c  105		addu	$fp, $1, $19
                           106	.L138:
        8faf0044 00000150  107		lw	$15, 68($sp)
        8def0010 00000154  108		lw	$15, 16($15)
        340e0008 00000158  109		ori	$14, $0, 8
        15ee001e 0000015c  110		bne	$15, $14, .L140
        00000000 00000160  111		nop
        0c000000 00000164  112		jal	LCD_Index2Color
        92840000 00000168  113		lbu	$4, 0($20)

                                   Tue Apr 07 08:58:25 2015           Page 4
                                   Tue Apr 07 08:58:24 2015       gh_2i0ap.s
        8ed90000 0000016c  114		lw	$25, 0($22)
        26940001 00000170  115		addiu	$20, $20, 1
        0040b825 00000174  116		move	$23, $2
        0332a821 00000178  117		addu	$21, $25, $18
        02a02025 0000017c  118		move	$4, $21
        0c000000 00000180  119		jal	LCD_GetPixelColor
        03c02825 00000184  120		move	$5, $fp
        00402825 00000188  121		move	$5, $2
        02e02025 0000018c  122		move	$4, $23
        0c000000 00000190  123		jal	LCD_MixColors256
        02203025 00000194  124		move	$6, $17
        0c000000 00000198  125		jal	LCD_Color2Index
        00402025 0000019c  126		move	$4, $2
        03c02825 000001a0  127		move	$5, $fp
        02a02025 000001a4  128		move	$4, $21
        0c000000 000001a8  129		jal	LCD_SetPixelIndex
        00403025 000001ac  130		move	$6, $2
        8ed80000 000001b0  131		lw	$24, 0($22)
        8faf0044 000001b4  132		lw	$15, 68($sp)
        27180001 000001b8  133		addiu	$24, $24, 1
        8def0010 000001bc  134		lw	$15, 16($15)
        aed80000 000001c0  135		sw	$24, 0($22)
        340e0008 000001c4  136		ori	$14, $0, 8
        11ee001e 000001c8  137		beq	$15, $14, .L143
        00000000 000001cc  138		nop
        08000000 000001d0  139		j	.L144
        00000000 000001d4  140		nop
                           141	.L140:
        0c000000 000001d8  142		jal	LCD_Index2Color
        96840000 000001dc  143		lhu	$4, 0($20)
        8ed90000 000001e0  144		lw	$25, 0($22)
        26940002 000001e4  145		addiu	$20, $20, 2
        0040b825 000001e8  146		move	$23, $2
        0332a821 000001ec  147		addu	$21, $25, $18
        02a02025 000001f0  148		move	$4, $21
        0c000000 000001f4  149		jal	LCD_GetPixelColor
        03c02825 000001f8  150		move	$5, $fp
        02e02025 000001fc  151		move	$4, $23
        00402825 00000200  152		move	$5, $2
        0c000000 00000204  153		jal	LCD_MixColors256
        02203025 00000208  154		move	$6, $17
        0c000000 0000020c  155		jal	LCD_Color2Index
        00402025 00000210  156		move	$4, $2
        02a02025 00000214  157		move	$4, $21
        03c02825 00000218  158		move	$5, $fp
        0c000000 0000021c  159		jal	LCD_SetPixelIndex
        00403025 00000220  160		move	$6, $2
        8ed80000 00000224  161		lw	$24, 0($22)
        8faf0044 00000228  162		lw	$15, 68($sp)
        27180001 0000022c  163		addiu	$24, $24, 1
        8def0010 00000230  164		lw	$15, 16($15)
        aed80000 00000234  165		sw	$24, 0($22)
        340e0008 00000238  166		ori	$14, $0, 8
        15ee001e 0000023c  167		bne	$15, $14, .L144
        00000000 00000240  168		nop
                           169	.L143:

                                   Tue Apr 07 08:58:25 2015           Page 5
                                   Tue Apr 07 08:58:24 2015       gh_2i0ap.s
        0c000000 00000244  170		jal	LCD_Index2Color
        92840000 00000248  171		lbu	$4, 0($20)
        8ed90000 0000024c  172		lw	$25, 0($22)
        26940001 00000250  173		addiu	$20, $20, 1
        0040b825 00000254  174		move	$23, $2
        0332a821 00000258  175		addu	$21, $25, $18
        02a02025 0000025c  176		move	$4, $21
        0c000000 00000260  177		jal	LCD_GetPixelColor
        03c02825 00000264  178		move	$5, $fp
        00402825 00000268  179		move	$5, $2
        02e02025 0000026c  180		move	$4, $23
        0c000000 00000270  181		jal	LCD_MixColors256
        02203025 00000274  182		move	$6, $17
        0c000000 00000278  183		jal	LCD_Color2Index
        00402025 0000027c  184		move	$4, $2
        03c02825 00000280  185		move	$5, $fp
        02a02025 00000284  186		move	$4, $21
        0c000000 00000288  187		jal	LCD_SetPixelIndex
        00403025 0000028c  188		move	$6, $2
        8ed80000 00000290  189		lw	$24, 0($22)
        8faf0044 00000294  190		lw	$15, 68($sp)
        27180001 00000298  191		addiu	$24, $24, 1
        8def0010 0000029c  192		lw	$15, 16($15)
        aed80000 000002a0  193		sw	$24, 0($22)
        340e0008 000002a4  194		ori	$14, $0, 8
        11ee001e 000002a8  195		beq	$15, $14, .L147
        00000000 000002ac  196		nop
        08000000 000002b0  197		j	.L148
        00000000 000002b4  198		nop
                           199	.L144:
        0c000000 000002b8  200		jal	LCD_Index2Color
        96840000 000002bc  201		lhu	$4, 0($20)
        8ed90000 000002c0  202		lw	$25, 0($22)
        26940002 000002c4  203		addiu	$20, $20, 2
        0040b825 000002c8  204		move	$23, $2
        0332a821 000002cc  205		addu	$21, $25, $18
        02a02025 000002d0  206		move	$4, $21
        0c000000 000002d4  207		jal	LCD_GetPixelColor
        03c02825 000002d8  208		move	$5, $fp
        02e02025 000002dc  209		move	$4, $23
        00402825 000002e0  210		move	$5, $2
        0c000000 000002e4  211		jal	LCD_MixColors256
        02203025 000002e8  212		move	$6, $17
        0c000000 000002ec  213		jal	LCD_Color2Index
        00402025 000002f0  214		move	$4, $2
        02a02025 000002f4  215		move	$4, $21
        03c02825 000002f8  216		move	$5, $fp
        0c000000 000002fc  217		jal	LCD_SetPixelIndex
        00403025 00000300  218		move	$6, $2
        8ed80000 00000304  219		lw	$24, 0($22)
        8faf0044 00000308  220		lw	$15, 68($sp)
        27180001 0000030c  221		addiu	$24, $24, 1
        8def0010 00000310  222		lw	$15, 16($15)
        aed80000 00000314  223		sw	$24, 0($22)
        340e0008 00000318  224		ori	$14, $0, 8
        15ee001e 0000031c  225		bne	$15, $14, .L148

                                   Tue Apr 07 08:58:25 2015           Page 6
                                   Tue Apr 07 08:58:24 2015       gh_2i0ap.s
        00000000 00000320  226		nop
                           227	.L147:
        0c000000 00000324  228		jal	LCD_Index2Color
        92840000 00000328  229		lbu	$4, 0($20)
        8ed90000 0000032c  230		lw	$25, 0($22)
        26940001 00000330  231		addiu	$20, $20, 1
        0040b825 00000334  232		move	$23, $2
        0332a821 00000338  233		addu	$21, $25, $18
        02a02025 0000033c  234		move	$4, $21
        0c000000 00000340  235		jal	LCD_GetPixelColor
        03c02825 00000344  236		move	$5, $fp
        00402825 00000348  237		move	$5, $2
        02e02025 0000034c  238		move	$4, $23
        0c000000 00000350  239		jal	LCD_MixColors256
        02203025 00000354  240		move	$6, $17
        0c000000 00000358  241		jal	LCD_Color2Index
        00402025 0000035c  242		move	$4, $2
        03c02825 00000360  243		move	$5, $fp
        02a02025 00000364  244		move	$4, $21
        0c000000 00000368  245		jal	LCD_SetPixelIndex
        00403025 0000036c  246		move	$6, $2
        8ed80000 00000370  247		lw	$24, 0($22)
        8faf0044 00000374  248		lw	$15, 68($sp)
        27180001 00000378  249		addiu	$24, $24, 1
        8def0010 0000037c  250		lw	$15, 16($15)
        aed80000 00000380  251		sw	$24, 0($22)
        340e0008 00000384  252		ori	$14, $0, 8
        11ee001e 00000388  253		beq	$15, $14, .L151
        00000000 0000038c  254		nop
        08000000 00000390  255		j	.L152
        00000000 00000394  256		nop
                           257	.L148:
        0c000000 00000398  258		jal	LCD_Index2Color
        96840000 0000039c  259		lhu	$4, 0($20)
        8ed90000 000003a0  260		lw	$25, 0($22)
        26940002 000003a4  261		addiu	$20, $20, 2
        0040b825 000003a8  262		move	$23, $2
        0332a821 000003ac  263		addu	$21, $25, $18
        02a02025 000003b0  264		move	$4, $21
        0c000000 000003b4  265		jal	LCD_GetPixelColor
        03c02825 000003b8  266		move	$5, $fp
        02e02025 000003bc  267		move	$4, $23
        00402825 000003c0  268		move	$5, $2
        0c000000 000003c4  269		jal	LCD_MixColors256
        02203025 000003c8  270		move	$6, $17
        0c000000 000003cc  271		jal	LCD_Color2Index
        00402025 000003d0  272		move	$4, $2
        02a02025 000003d4  273		move	$4, $21
        03c02825 000003d8  274		move	$5, $fp
        0c000000 000003dc  275		jal	LCD_SetPixelIndex
        00403025 000003e0  276		move	$6, $2
        8ed80000 000003e4  277		lw	$24, 0($22)
        8faf0044 000003e8  278		lw	$15, 68($sp)
        27180001 000003ec  279		addiu	$24, $24, 1
        8def0010 000003f0  280		lw	$15, 16($15)
        aed80000 000003f4  281		sw	$24, 0($22)

                                   Tue Apr 07 08:58:25 2015           Page 7
                                   Tue Apr 07 08:58:24 2015       gh_2i0ap.s
        340e0008 000003f8  282		ori	$14, $0, 8
        15ee001d 000003fc  283		bne	$15, $14, .L152
        00000000 00000400  284		nop
                           285	.L151:
        0c000000 00000404  286		jal	LCD_Index2Color
        92840000 00000408  287		lbu	$4, 0($20)
        8ed90000 0000040c  288		lw	$25, 0($22)
        26940001 00000410  289		addiu	$20, $20, 1
        0040b825 00000414  290		move	$23, $2
        0332a821 00000418  291		addu	$21, $25, $18
        02a02025 0000041c  292		move	$4, $21
        0c000000 00000420  293		jal	LCD_GetPixelColor
        03c02825 00000424  294		move	$5, $fp
        02e02025 00000428  295		move	$4, $23
        00402825 0000042c  296		move	$5, $2
        0c000000 00000430  297		jal	LCD_MixColors256
        02203025 00000434  298		move	$6, $17
        0c000000 00000438  299		jal	LCD_Color2Index
        00402025 0000043c  300		move	$4, $2
        02a02025 00000440  301		move	$4, $21
        03c02825 00000444  302		move	$5, $fp
        0c000000 00000448  303		jal	LCD_SetPixelIndex
        00403025 0000044c  304		move	$6, $2
        8fa10028 00000450  305		lw	$1, 40($sp)
        8ed80000 00000454  306		lw	$24, 0($22)
        242cffff 00000458  307		addiu	$12, $1, -1
        afac0028 0000045c  308		sw	$12, 40($sp)
        27180001 00000460  309		addiu	$24, $24, 1
        1580ff3a 00000464  310		bne	$12, $0, .L138
        aed80000 00000468  311		sw	$24, 0($22)
        08000000 0000046c  312		j	.L1000137
        8fa1002c 00000470  313		lw	$1, 44($sp)
                           314	.L152:
        0c000000 00000474  315		jal	LCD_Index2Color
        96840000 00000478  316		lhu	$4, 0($20)
        8ed90000 0000047c  317		lw	$25, 0($22)
        26940002 00000480  318		addiu	$20, $20, 2
        0040b825 00000484  319		move	$23, $2
        0332a821 00000488  320		addu	$21, $25, $18
        02a02025 0000048c  321		move	$4, $21
        0c000000 00000490  322		jal	LCD_GetPixelColor
        03c02825 00000494  323		move	$5, $fp
        02e02025 00000498  324		move	$4, $23
        00402825 0000049c  325		move	$5, $2
        0c000000 000004a0  326		jal	LCD_MixColors256
        02203025 000004a4  327		move	$6, $17
        0c000000 000004a8  328		jal	LCD_Color2Index
        00402025 000004ac  329		move	$4, $2
        02a02025 000004b0  330		move	$4, $21
        03c02825 000004b4  331		move	$5, $fp
        0c000000 000004b8  332		jal	LCD_SetPixelIndex
        00403025 000004bc  333		move	$6, $2
        8fa10028 000004c0  334		lw	$1, 40($sp)
        8ed80000 000004c4  335		lw	$24, 0($22)
        242cffff 000004c8  336		addiu	$12, $1, -1
        afac0028 000004cc  337		sw	$12, 40($sp)

                                   Tue Apr 07 08:58:25 2015           Page 8
                                   Tue Apr 07 08:58:24 2015       gh_2i0ap.s
        27180001 000004d0  338		addiu	$24, $24, 1
        1580ff1e 000004d4  339		bne	$12, $0, .L138
        aed80000 000004d8  340		sw	$24, 0($22)
                           341	.L137:
        8fa1002c 000004dc  342		lw	$1, 44($sp)
                           343	.L1000137:
        302c0003 000004e0  344		andi	$12, $1, 3
        1180003f 000004e4  345		beq	$12, $0, .L61
        afac0028 000004e8  346		sw	$12, 40($sp)
        8fa10040 000004ec  347		lw	$1, 64($sp)
        8fb6003c 000004f0  348		lw	$22, 60($sp)
        0033f021 000004f4  349		addu	$fp, $1, $19
                           350	.L156:
        8fad0044 000004f8  351		lw	$13, 68($sp)
        8dad0010 000004fc  352		lw	$13, 16($13)
        34190008 00000500  353		ori	$25, $0, 8
        15b9001d 00000504  354		bne	$13, $25, .L158
        00000000 00000508  355		nop
        0c000000 0000050c  356		jal	LCD_Index2Color
        92840000 00000510  357		lbu	$4, 0($20)
        8ecf0000 00000514  358		lw	$15, 0($22)
        26940001 00000518  359		addiu	$20, $20, 1
        0040b825 0000051c  360		move	$23, $2
        01f2a821 00000520  361		addu	$21, $15, $18
        02a02025 00000524  362		move	$4, $21
        0c000000 00000528  363		jal	LCD_GetPixelColor
        03c02825 0000052c  364		move	$5, $fp
        02e02025 00000530  365		move	$4, $23
        00402825 00000534  366		move	$5, $2
        0c000000 00000538  367		jal	LCD_MixColors256
        02203025 0000053c  368		move	$6, $17
        0c000000 00000540  369		jal	LCD_Color2Index
        00402025 00000544  370		move	$4, $2
        02a02025 00000548  371		move	$4, $21
        03c02825 0000054c  372		move	$5, $fp
        0c000000 00000550  373		jal	LCD_SetPixelIndex
        00403025 00000554  374		move	$6, $2
        8fa10028 00000558  375		lw	$1, 40($sp)
        8ece0000 0000055c  376		lw	$14, 0($22)
        242cffff 00000560  377		addiu	$12, $1, -1
        afac0028 00000564  378		sw	$12, 40($sp)
        25ce0001 00000568  379		addiu	$14, $14, 1
        1580ffe2 0000056c  380		bne	$12, $0, .L156
        aece0000 00000570  381		sw	$14, 0($22)
        08000000 00000574  382		j	.L1000061
        8fa40038 00000578  383		lw	$4, 56($sp)
                           384	.L158:
        0c000000 0000057c  385		jal	LCD_Index2Color
        96840000 00000580  386		lhu	$4, 0($20)
        8ecf0000 00000584  387		lw	$15, 0($22)
        26940002 00000588  388		addiu	$20, $20, 2
        0040b825 0000058c  389		move	$23, $2
        01f2a821 00000590  390		addu	$21, $15, $18
        02a02025 00000594  391		move	$4, $21
        0c000000 00000598  392		jal	LCD_GetPixelColor
        03c02825 0000059c  393		move	$5, $fp

                                   Tue Apr 07 08:58:25 2015           Page 9
                                   Tue Apr 07 08:58:24 2015       gh_2i0ap.s
        02e02025 000005a0  394		move	$4, $23
        00402825 000005a4  395		move	$5, $2
        0c000000 000005a8  396		jal	LCD_MixColors256
        02203025 000005ac  397		move	$6, $17
        0c000000 000005b0  398		jal	LCD_Color2Index
        00402025 000005b4  399		move	$4, $2
        02a02025 000005b8  400		move	$4, $21
        03c02825 000005bc  401		move	$5, $fp
        0c000000 000005c0  402		jal	LCD_SetPixelIndex
        00403025 000005c4  403		move	$6, $2
        8fa10028 000005c8  404		lw	$1, 40($sp)
        8ece0000 000005cc  405		lw	$14, 0($22)
        242cffff 000005d0  406		addiu	$12, $1, -1
        afac0028 000005d4  407		sw	$12, 40($sp)
        25ce0001 000005d8  408		addiu	$14, $14, 1
        1580ffc6 000005dc  409		bne	$12, $0, .L156
        aece0000 000005e0  410		sw	$14, 0($22)
                           411	.L61:
        8fa40038 000005e4  412		lw	$4, 56($sp)
                           413	.L1000061:
        8c990008 000005e8  414		lw	$25, 8($4)
        8f390014 000005ec  415		lw	$25, 20($25)
        8fa5003c 000005f0  416		lw	$5, 60($sp)
        0320f809 000005f4  417		jalr	$25
        8fa60040 000005f8  418		lw	$6, 64($sp)
        0040a825 000005fc  419		move	$21, $2
        56a0fec7 00000600  420		bnel	$21, $0, .L1000056
        8fa5003c 00000604  421		lw	$5, 60($sp)
                           422	.L63:
        8fa10040 00000608  423		lw	$1, 64($sp)
        8fac0030 0000060c  424		lw	$12, 48($sp)
        24210001 00000610  425		addiu	$1, $1, 1
        002c782a 00000614  426		slt	$15, $1, $12
        15e0feb5 00000618  427		bne	$15, $0, .L55
        afa10040 0000061c  428		sw	$1, 64($sp)
                           429	.L48:
        0c000000 00000620  430		jal	WM__GetNextIVR
        00000000 00000624  431		nop
        5440fe9d 00000628  432		bnel	$2, $0, .L1000049
        02001825 0000062c  433		move	$3, $16
                           434	.L45:
        0c000000 00000630  435		jal	GUI_Unlock
        00000000 00000634  436		nop
                           437	.L39:
        8fbe0020 00000638  438		lw	$fp, 32($sp)
                           439	 #	    .ef
        8fb7001c 0000063c  440		lw	$23, 28($sp)
        8fbf0054 00000640  441		lw	$ra, 84($sp)
        8fb00000 00000644  442		lw	$16, 0($sp)
        8fb10004 00000648  443		lw	$17, 4($sp)
        8fb20008 0000064c  444		lw	$18, 8($sp)
        8fb3000c 00000650  445		lw	$19, 12($sp)
        8fb40010 00000654  446		lw	$20, 16($sp)
        8fb50014 00000658  447		lw	$21, 20($sp)
        8fb60018 0000065c  448		lw	$22, 24($sp)
        03e00008 00000660  449		jr	$ra

                                   Tue Apr 07 08:58:25 2015           Page 10
                                   Tue Apr 07 08:58:24 2015       gh_2i0ap.s
        27bd0058 00000664  450		addiu	$sp, $sp, 88
                           451		.type	GUI_MEMDEV_WriteAlphaAt,@function
                           452		.size	GUI_MEMDEV_WriteAlphaAt,.-GUI_MEMDEV_WriteAlphaAt
                           453		.align	4
                           454	 #pDevData	$3	local
                           455	 #r	72($sp)	local
                           456	 #hMem	$3	local
                           457	 #pDev	68($sp)	local
                           458	 #hUsage	$3	local
                           459	 #pUsage	56($sp)	local
                           460	 #YSize	48($sp)	local
                           461	 #yi	64($sp)	local
                           462	 #xOff	36($sp)	local
                           463	 #XSize	$21	local
                           464	 #pData	$20	local
                           465	 #Color	$23	local
                           466	 #xPos	$21	local
                           467	 #Index	$4	local
                           468	
                           469	 #hMem	$16	param
                           470	 #Alpha	$17	param
                           471	 #x	$18	param
                           472	 #y	$19	param
                           473	
                           474		.data
                           475	.L250:
                           476		.text
                           477		.align	4
                           478		.align	4
                           479		.globl	GUI_MEMDEV_WriteAlpha
                           480	GUI_MEMDEV_WriteAlpha:
        2407f001 00000668  481		addiu	$7, $0, -4095
                           482	 #	    .bf
        00042400 0000066c  483		sll	$4, $4, 16
        2406f001 00000670  484		addiu	$6, $0, -4095
        08000000 00000674  485		j	GUI_MEMDEV_WriteAlphaAt
        00042403 00000678  486		sra	$4, $4, 16
                           487	 #	    .ef
                           488		.type	GUI_MEMDEV_WriteAlpha,@function
                           489		.size	GUI_MEMDEV_WriteAlpha,.-GUI_MEMDEV_WriteAlpha
                           490		.align	4
                           491	
                           492	 #hMem	$4	param
                           493	 #Alpha	none	param
                           494	
                           495		.data
                           496	.L329:
                           497		.text
                           498		.align	4
                           499	
                           500		.data
                           501		.text
