
                                   Tue Apr 07 08:58:16 2015           Page 1
                                   Tue Apr 07 08:58:16 2015       gh_2i0al.s
Command Line:   C:\GHS\V35\mips35\asmips.exe -noundefined -elf -b0
                -IC:\local\Workspace\DC_V04.01.00_int\cu3x1Platform_SRC\emWinColour
                -IC:\local\Workspace\DC_V04.01.00_int\cu3x1Platform_SRC\platform\include
                -IC:\local\Workspace\DC_V04.01.00_int\cu3x1Platform_SRC\platform\common
                -IC:\local\Workspace\DC_V04.01.00_int\cu3x1Platform_SRC\platform\hardware
                -IC:\local\Workspace\DC_V04.01.00_int\cu3x1Platform_SRC\platform\hardware\D3018X
                -IC:\local\Workspace\DC_V04.01.00_int\cu3x1Platform_SRC\embos\inc
                -IC:\local\Workspace\DC_V04.01.00_int\cu3x1Platform_SRC\emWinColour\config
                -IC:\local\Workspace\DC_V04.01.00_int\cu3x1Platform_SRC\emWinColour\gui\ConvertMono
                -IC:\local\Workspace\DC_V04.01.00_int\cu3x1Platform_SRC\emWinColour\gui\Core
                -IC:\local\Workspace\DC_V04.01.00_int\cu3x1Platform_SRC\emWinColour\gui\Font
                -IC:\local\Workspace\DC_V04.01.00_int\cu3x1Platform_SRC\emWinColour\gui\LCDDriver
                -IC:\local\Workspace\DC_V04.01.00_int\cu3x1Platform_SRC\emWinColour\gui\MemDev
                -IC:\local\Workspace\DC_V04.01.00_int\cu3x1Platform_SRC\emWinColour\gui\VNC
                -IC:\local\Workspace\DC_V04.01.00_int\cu3x1Platform_SRC\emWinColour\gui\Widget
                -IC:\local\Workspace\DC_V04.01.00_int\cu3x1Platform_SRC\emWinColour\gui\wm
                -IC:\local\Workspace\DC_V04.01.00_int\cu3x1App_SRC\Control\source
                -IC:\local\Workspace\DC_V04.01.00_int\cu3x1App_SRC\Control\source\include
                -IC:\local\Workspace\DC_V04.01.00_int\cu3x1App_SRC\Control\source\util
                -IC:\local\Workspace\DC_V04.01.00_int\cu3x1App_SRC\Control\source\datapoint
                -IC:\local\Workspace\DC_V04.01.00_int\cu3x1App_SRC\Control\source\factory
                -IC:\local\Workspace\DC_V04.01.00_int\cu3x1Platform_SRC\embos
                -IC:\local\Workspace\DC_V04.01.00_int\cu3x1Platform_SRC\emWinColour\gui\core
                -IC:\local\Workspace\DC_V04.01.00_int\cu3x1App_SRC\Control\source\rtip\webpage
                -IC:\local\Workspace\DC_V04.01.00_int\cu3x1App_SRC\Control\source\rtip\config
                -IC:\local\Workspace\DC_V04.01.00_int\cu3x1App_SRC\Control\source\rtip\xnet
                -IC:\local\Workspace\DC_V04.01.00_int\cu3x1App_SRC\Control\source\stub
                -IC:\local\Workspace\DC_V04.01.00_int\cu3x1App_SRC\Control\source\test
                -IC:\local\Workspace\DC_V04.01.00_int\cu3x1App_SRC\Control\source\GENIpro
                -IC:\local\Workspace\DC_V04.01.00_int\cu3x1App_SRC\Control\source\GENIpro\GENI_sys
                -IC:\local\Workspace\DC_V04.01.00_int\cu3x1App_SRC\Control\source\GENIpro\GENIusb\emUSB\USB\Driver
                -IC:\local\Workspace\DC_V04.01.00_int\cu3x1App_SRC\Control\source\application\intercom
                -IC:\local\Workspace\DC_V04.01.00_int\cu3x1App_SRC\Control\source\application\controller
                -IC:\local\Workspace\DC_V04.01.00_int\cu3x1App_SRC\Control\source\application\driver
                -IC:\local\Workspace\DC_V04.01.00_int\cu3x1App_SRC\Control\source\application\webif
                -IC:\local\Workspace\DC_V04.01.00_int\cu3x1App_SRC\Control\source\application\relay
                -IC:\local\Workspace\DC_V04.01.00_int\cu3x1App_SRC\Control\source\application\GENIApp
                -IC:\local\Workspace\DC_V04.01.00_int\cu3x1App_SRC\Control\source\application\alarm
                -IC:\local\Workspace\DC_V04.01.00_int\cu3x1App_SRC\Control\source\application\config
                -IC:\local\Workspace\DC_V04.01.00_int\cu3x1App_SRC\Control\source\application\AnaInConfigCtrl
                -IC:\local\Workspace\DC_V04.01.00_int\cu3x1App_SRC\Control\source\application\Sms
                -IC:\local\Workspace\DC_V04.01.00_int\cu3x1App_SRC\Control\source\application\display
                -IC:\local\Workspace\DC_V04.01.00_int\cu3x1App_SRC\Control\source\application\display\display_task
                -IC:\local\Workspace\DC_V04.01.00_int\cu3x1App_SRC\Control\source\application\display\gui_utility
                -IC:\local\Workspace\DC_V04.01.00_int\cu3x1App_SRC\Control\source\application\display\mpcunit
                -IC:\local\Workspace\DC_V04.01.00_int\cu3x1App_SRC\Control\source\GeniPro
                -IC:\local\Workspace\DC_V04.01.00_int\cu3x1App_SRC\Control\source\GeniPro\GENI_sys
                -IC:\local\Workspace\DC_V04.01.00_int\cu3x1App_SRC\Control\source\GeniPro\GENIbus
                -IC:\local\Workspace\DC_V04.01.00_int\cu3x1App_SRC\Control\source\GeniPro\GENIcom
                -IC:\local\Workspace\DC_V04.01.00_int\cu3x1App_SRC\Control\source\GeniPro\GENIrs232
                -IC:\local\Workspace\DC_V04.01.00_int\cu3x1App_SRC\Control\source\GeniPro\Virtual
                -IC:\local\Workspace\DC_V04.01.00_int\cu3x1Platform_SRC\Platform\common
                -IC:\local\Workspace\DC_V04.01.00_int\cu3x1Platform_SRC\Platform\hardware
                -IC:\local\Workspace\DC_V04.01.00_int\cu3x1Platform_SRC\Platform\hardware\D3018X
                -IC:\local\Workspace\DC_V04.01.00_int\cu3x1App_SRC\Control\source\application\display\imagesTFT
                -IC:\GHS\V35\mips35\mipsl_sf -r4121 -source=GUIDEV_SetOrg.c -o
                objs\gh_2i0al.o -list=objs\GUIDEV_SetOrg.lst
                C:\Users\55602\AppData\Local\Temp\gh_2i0al.s
Source File:    C:\Users\55602\AppData\Local\Temp\gh_2i0al.s
Directory:      C:\local\Workspace\DC_V04.01.00_int\cu3x1App_SRC\Control\source
Host OS:        GHS_WIN32
Version:        AS-MIPS 3.5#11 
Release:        MULTI 2000, MIPS v3.5
Revision Date:  Wed Feb 27 12:19:03 2002
Release Date:   Sat Mar 02 02:57:59 2002
                             1	 #Source File:   C:\local\Workspace\DC_V04.01.00_int\cu3x1Platform_SRC\emWinColour\GUI\MemDev\GUIDEV_SetOrg.c

                                   Tue Apr 07 08:58:16 2015           Page 2
                                   Tue Apr 07 08:58:16 2015       gh_2i0al.s
                             2	 #Directory:     
                             3	 #		C:\local\Workspace\DC_V04.01.00_int\cu3x1App_SRC\Control\source
                             4	 #Compile Date:  Tue Apr 07 08:58:16 2015
                             5	 #Host OS:       Win32
                             6	 #Version:       C-MIPS 3.5#11 RELEASE VERSION
                             7	 #Release:       MULTI 2000, MIPS v3.5
                             8	 #Revision Date: Fri Mar 01 11:32:40 2002
                             9	 #Release Date:  Sat Mar 02 02:58:48 2002
                            10		.set	noat
                            11		.set	noreorder
                            12		.set	nomacro
                            13		.text
                            14		.align	4
                            15		.globl	GUI_MEMDEV_SetOrg
                            16	GUI_MEMDEV_SetOrg:
        27bdffe8 00000000   17		addiu	$sp, $sp, -24
        afb20008 00000004   18		sw	$18, 8($sp)
                            19	 #	    .bf
        00c09025 00000008   20		move	$18, $6
        afb00000 0000000c   21		sw	$16, 0($sp)
        00048400 00000010   22		sll	$16, $4, 16
        00108403 00000014   23		sra	$16, $16, 16
        afb10004 00000018   24		sw	$17, 4($sp)
        00a08825 0000001c   25		move	$17, $5
        16000005 00000020   26		bne	$16, $0, .L4
        afbf0014 00000024   27		sw	$ra, 20($sp)
        3c010000 00000028   28		lui	$1, %hi(GUI_Context+80)
        84300000 0000002c   29		lh	$16, %lo(GUI_Context+80)($1)
        5200001a 00000030   30		beql	$16, $0, .L1000002
        8fb20008 00000034   31		lw	$18, 8($sp)
                            32	.L4:
        0c000000 00000038   33		jal	GUI_Lock
        00000000 0000003c   34		nop
        0c000000 00000040   35		jal	GUI_ALLOC_h2p
        02002025 00000044   36		move	$4, $16
        00408025 00000048   37		move	$16, $2
        a6120002 0000004c   38		sh	$18, 2($16)
        0c000000 00000050   39		jal	LCD_SetClipRectMax
        a6110000 00000054   40		sh	$17, 0($16)
        86030018 00000058   41		lh	$3, 24($16)
        1060000c 0000005c   42		beq	$3, $0, .L9
        00000000 00000060   43		nop
        0c000000 00000064   44		jal	GUI_ALLOC_h2p
        00602025 00000068   45		move	$4, $3
        860e0004 0000006c   46		lh	$14, 4($16)
        00401825 00000070   47		move	$3, $2
        11c00006 00000074   48		beq	$14, $0, .L9
        a46e0004 00000078   49		sh	$14, 4($3)
        86180006 0000007c   50		lh	$24, 6($16)
        13000003 00000080   51		beq	$24, $0, .L9
        a4780006 00000084   52		sh	$24, 6($3)
        a4720002 00000088   53		sh	$18, 2($3)
        a4710000 0000008c   54		sh	$17, 0($3)
                            55	.L9:
        0c000000 00000090   56		jal	GUI_Unlock
        00000000 00000094   57		nop

                                   Tue Apr 07 08:58:16 2015           Page 3
                                   Tue Apr 07 08:58:16 2015       gh_2i0al.s
        8fb20008 00000098   58		lw	$18, 8($sp)
                            59	.L1000002:
                            60	 #	    .ef
        8fb10004 0000009c   61		lw	$17, 4($sp)
        8fbf0014 000000a0   62		lw	$ra, 20($sp)
        8fb00000 000000a4   63		lw	$16, 0($sp)
        03e00008 000000a8   64		jr	$ra
        27bd0018 000000ac   65		addiu	$sp, $sp, 24
                            66		.type	GUI_MEMDEV_SetOrg,@function
                            67		.size	GUI_MEMDEV_SetOrg,.-GUI_MEMDEV_SetOrg
                            68		.align	4
                            69	 #pDev	$16	local
                            70	 #pUsage	$3	local
                            71	
                            72	 #hMem	$16	param
                            73	 #x0	$17	param
                            74	 #y0	$18	param
                            75	
                            76		.data
                            77	.L43:
                            78		.text
                            79		.align	4
                            80	 #GUI_Context	GUI_Context	import
                            81	
                            82		.data
                            83		.text
