
                                   Tue Apr 07 08:56:30 2015           Page 1
                                   Tue Apr 07 08:56:30 2015       gh_2i08k.s
Command Line:   C:\GHS\V35\mips35\asmips.exe -noundefined -elf -b0
                -IC:\local\Workspace\DC_V04.01.00_int\cu3x1Platform_SRC\emWinColour
                -IC:\local\Workspace\DC_V04.01.00_int\cu3x1Platform_SRC\platform\include
                -IC:\local\Workspace\DC_V04.01.00_int\cu3x1Platform_SRC\platform\common
                -IC:\local\Workspace\DC_V04.01.00_int\cu3x1Platform_SRC\platform\hardware
                -IC:\local\Workspace\DC_V04.01.00_int\cu3x1Platform_SRC\platform\hardware\D3018X
                -IC:\local\Workspace\DC_V04.01.00_int\cu3x1Platform_SRC\embos\inc
                -IC:\local\Workspace\DC_V04.01.00_int\cu3x1Platform_SRC\emWinColour\config
                -IC:\local\Workspace\DC_V04.01.00_int\cu3x1Platform_SRC\emWinColour\gui\ConvertMono
                -IC:\local\Workspace\DC_V04.01.00_int\cu3x1Platform_SRC\emWinColour\gui\Core
                -IC:\local\Workspace\DC_V04.01.00_int\cu3x1Platform_SRC\emWinColour\gui\Font
                -IC:\local\Workspace\DC_V04.01.00_int\cu3x1Platform_SRC\emWinColour\gui\LCDDriver
                -IC:\local\Workspace\DC_V04.01.00_int\cu3x1Platform_SRC\emWinColour\gui\MemDev
                -IC:\local\Workspace\DC_V04.01.00_int\cu3x1Platform_SRC\emWinColour\gui\VNC
                -IC:\local\Workspace\DC_V04.01.00_int\cu3x1Platform_SRC\emWinColour\gui\Widget
                -IC:\local\Workspace\DC_V04.01.00_int\cu3x1Platform_SRC\emWinColour\gui\wm
                -IC:\local\Workspace\DC_V04.01.00_int\cu3x1App_SRC\Control\source
                -IC:\local\Workspace\DC_V04.01.00_int\cu3x1App_SRC\Control\source\include
                -IC:\local\Workspace\DC_V04.01.00_int\cu3x1App_SRC\Control\source\util
                -IC:\local\Workspace\DC_V04.01.00_int\cu3x1App_SRC\Control\source\datapoint
                -IC:\local\Workspace\DC_V04.01.00_int\cu3x1App_SRC\Control\source\factory
                -IC:\local\Workspace\DC_V04.01.00_int\cu3x1Platform_SRC\embos
                -IC:\local\Workspace\DC_V04.01.00_int\cu3x1Platform_SRC\emWinColour\gui\core
                -IC:\local\Workspace\DC_V04.01.00_int\cu3x1App_SRC\Control\source\rtip\webpage
                -IC:\local\Workspace\DC_V04.01.00_int\cu3x1App_SRC\Control\source\rtip\config
                -IC:\local\Workspace\DC_V04.01.00_int\cu3x1App_SRC\Control\source\rtip\xnet
                -IC:\local\Workspace\DC_V04.01.00_int\cu3x1App_SRC\Control\source\stub
                -IC:\local\Workspace\DC_V04.01.00_int\cu3x1App_SRC\Control\source\test
                -IC:\local\Workspace\DC_V04.01.00_int\cu3x1App_SRC\Control\source\GENIpro
                -IC:\local\Workspace\DC_V04.01.00_int\cu3x1App_SRC\Control\source\GENIpro\GENI_sys
                -IC:\local\Workspace\DC_V04.01.00_int\cu3x1App_SRC\Control\source\GENIpro\GENIusb\emUSB\USB\Driver
                -IC:\local\Workspace\DC_V04.01.00_int\cu3x1App_SRC\Control\source\application\intercom
                -IC:\local\Workspace\DC_V04.01.00_int\cu3x1App_SRC\Control\source\application\controller
                -IC:\local\Workspace\DC_V04.01.00_int\cu3x1App_SRC\Control\source\application\driver
                -IC:\local\Workspace\DC_V04.01.00_int\cu3x1App_SRC\Control\source\application\webif
                -IC:\local\Workspace\DC_V04.01.00_int\cu3x1App_SRC\Control\source\application\relay
                -IC:\local\Workspace\DC_V04.01.00_int\cu3x1App_SRC\Control\source\application\GENIApp
                -IC:\local\Workspace\DC_V04.01.00_int\cu3x1App_SRC\Control\source\application\alarm
                -IC:\local\Workspace\DC_V04.01.00_int\cu3x1App_SRC\Control\source\application\config
                -IC:\local\Workspace\DC_V04.01.00_int\cu3x1App_SRC\Control\source\application\AnaInConfigCtrl
                -IC:\local\Workspace\DC_V04.01.00_int\cu3x1App_SRC\Control\source\application\Sms
                -IC:\local\Workspace\DC_V04.01.00_int\cu3x1App_SRC\Control\source\application\display
                -IC:\local\Workspace\DC_V04.01.00_int\cu3x1App_SRC\Control\source\application\display\display_task
                -IC:\local\Workspace\DC_V04.01.00_int\cu3x1App_SRC\Control\source\application\display\gui_utility
                -IC:\local\Workspace\DC_V04.01.00_int\cu3x1App_SRC\Control\source\application\display\mpcunit
                -IC:\local\Workspace\DC_V04.01.00_int\cu3x1App_SRC\Control\source\GeniPro
                -IC:\local\Workspace\DC_V04.01.00_int\cu3x1App_SRC\Control\source\GeniPro\GENI_sys
                -IC:\local\Workspace\DC_V04.01.00_int\cu3x1App_SRC\Control\source\GeniPro\GENIbus
                -IC:\local\Workspace\DC_V04.01.00_int\cu3x1App_SRC\Control\source\GeniPro\GENIcom
                -IC:\local\Workspace\DC_V04.01.00_int\cu3x1App_SRC\Control\source\GeniPro\GENIrs232
                -IC:\local\Workspace\DC_V04.01.00_int\cu3x1App_SRC\Control\source\GeniPro\Virtual
                -IC:\local\Workspace\DC_V04.01.00_int\cu3x1Platform_SRC\Platform\common
                -IC:\local\Workspace\DC_V04.01.00_int\cu3x1Platform_SRC\Platform\hardware
                -IC:\local\Workspace\DC_V04.01.00_int\cu3x1Platform_SRC\Platform\hardware\D3018X
                -IC:\local\Workspace\DC_V04.01.00_int\cu3x1App_SRC\Control\source\application\display\imagesTFT
                -IC:\GHS\V35\mips35\mipsl_sf -r4121 -source=GUIPolyR.c -o
                objs\gh_2i08k.o -list=objs\GUIPolyR.lst
                C:\Users\55602\AppData\Local\Temp\gh_2i08k.s
Source File:    C:\Users\55602\AppData\Local\Temp\gh_2i08k.s
Directory:      C:\local\Workspace\DC_V04.01.00_int\cu3x1App_SRC\Control\source
Host OS:        GHS_WIN32
Version:        AS-MIPS 3.5#11 
Release:        MULTI 2000, MIPS v3.5
Revision Date:  Wed Feb 27 12:19:03 2002
Release Date:   Sat Mar 02 02:57:59 2002
                             1	 #Source File:   C:\local\Workspace\DC_V04.01.00_int\cu3x1Platform_SRC\emWinColour\GUI\Core\GUIPolyR.c

                                   Tue Apr 07 08:56:30 2015           Page 2
                                   Tue Apr 07 08:56:30 2015       gh_2i08k.s
                             2	 #Directory:     
                             3	 #		C:\local\Workspace\DC_V04.01.00_int\cu3x1App_SRC\Control\source
                             4	 #Compile Date:  Tue Apr 07 08:56:30 2015
                             5	 #Host OS:       Win32
                             6	 #Version:       C-MIPS 3.5#11 RELEASE VERSION
                             7	 #Release:       MULTI 2000, MIPS v3.5
                             8	 #Revision Date: Fri Mar 01 11:32:40 2002
                             9	 #Release Date:  Sat Mar 02 02:58:48 2002
                            10		.set	noat
                            11		.set	noreorder
                            12		.set	nomacro
                            13		.text
                            14		.align	4
                            15		.globl	GUI_RotatePolygon
                            16	GUI_RotatePolygon:
        27bdffb8 00000000   17		addiu	$sp, $sp, -72
        afbf0044 00000004   18		sw	$ra, 68($sp)
        afbe0020 00000008   19		sw	$fp, 32($sp)
        afb7001c 0000000c   20		sw	$23, 28($sp)
        afb60018 00000010   21		sw	$22, 24($sp)
        afb50014 00000014   22		sw	$21, 20($sp)
        afb40010 00000018   23		sw	$20, 16($sp)
        afb00000 0000001c   24		sw	$16, 0($sp)
        00808025 00000020   25		move	$16, $4
        afb10004 00000024   26		sw	$17, 4($sp)
        00a08825 00000028   27		move	$17, $5
        afb20008 0000002c   28		sw	$18, 8($sp)
        00c09025 00000030   29		move	$18, $6
        afb3000c 00000034   30		sw	$19, 12($sp)
        00e09825 00000038   31		move	$19, $7
                            32	 #	    .bf
        0c000000 0000003c   33		jal	__ftod
        02602025 00000040   34		move	$4, $19
        00602825 00000044   35		move	$5, $3
        0c000000 00000048   36		jal	cos
        00402025 0000004c   37		move	$4, $2
        00602825 00000050   38		move	$5, $3
        0c000000 00000054   39		jal	__dtof
        00402025 00000058   40		move	$4, $2
        0040a025 0000005c   41		move	$20, $2
        0c000000 00000060   42		jal	__ftod
        02602025 00000064   43		move	$4, $19
        00602825 00000068   44		move	$5, $3
        0c000000 0000006c   45		jal	sin
        00402025 00000070   46		move	$4, $2
        00602825 00000074   47		move	$5, $3
        0c000000 00000078   48		jal	__dtof
        00402025 0000007c   49		move	$4, $2
        afa0003c 00000080   50		sw	$0, 60($sp)
        34010000 00000084   51		ori	$1, $0, 0
        0032c82a 00000088   52		slt	$25, $1, $18
        00401825 0000008c   53		move	$3, $2
        00609825 00000090   54		move	$19, $3
        13200002 00000094   55		beq	$25, $0, .L72
        afa00038 00000098   56		sw	$0, 56($sp)
        afb20038 0000009c   57		sw	$18, 56($sp)

                                   Tue Apr 07 08:56:30 2015           Page 3
                                   Tue Apr 07 08:56:30 2015       gh_2i08k.s
                            58	.L72:
        8fa10038 000000a0   59		lw	$1, 56($sp)
        0001b882 000000a4   60		srl	$23, $1, 2
        12e00090 000000a8   61		beq	$23, $0, .L20
        0200a825 000000ac   62		move	$21, $16
        0220b025 000000b0   63		move	$22, $17
        00176080 000000b4   64		sll	$12, $23, 2
        afac003c 000000b8   65		sw	$12, 60($sp)
                            66	.L28:
        86d20000 000000bc   67		lh	$18, 0($22)
        0c000000 000000c0   68		jal	__itof
        86c40002 000000c4   69		lh	$4, 2($22)
        0040f025 000000c8   70		move	$fp, $2
        03c02025 000000cc   71		move	$4, $fp
        0c000000 000000d0   72		jal	__fmul
        02602825 000000d4   73		move	$5, $19
        afa20028 000000d8   74		sw	$2, 40($sp)
        0c000000 000000dc   75		jal	__itof
        02402025 000000e0   76		move	$4, $18
        00402025 000000e4   77		move	$4, $2
        0c000000 000000e8   78		jal	__fmul
        02802825 000000ec   79		move	$5, $20
        00402025 000000f0   80		move	$4, $2
        0c000000 000000f4   81		jal	__fadd
        8fa50028 000000f8   82		lw	$5, 40($sp)
        0c000000 000000fc   83		jal	__ftoi
        00402025 00000100   84		move	$4, $2
        a6a20000 00000104   85		sh	$2, 0($21)
        03c02025 00000108   86		move	$4, $fp
        0c000000 0000010c   87		jal	__fmul
        02802825 00000110   88		move	$5, $20
        0040f025 00000114   89		move	$fp, $2
        0c000000 00000118   90		jal	__itof
        00122023 0000011c   91		subu	$4, $0, $18
        00402025 00000120   92		move	$4, $2
        0c000000 00000124   93		jal	__fmul
        02602825 00000128   94		move	$5, $19
        00402025 0000012c   95		move	$4, $2
        0c000000 00000130   96		jal	__fadd
        03c02825 00000134   97		move	$5, $fp
        0c000000 00000138   98		jal	__ftoi
        00402025 0000013c   99		move	$4, $2
        a6a20002 00000140  100		sh	$2, 2($21)
        86d20004 00000144  101		lh	$18, 4($22)
        0c000000 00000148  102		jal	__itof
        86c40006 0000014c  103		lh	$4, 6($22)
        0040f025 00000150  104		move	$fp, $2
        03c02025 00000154  105		move	$4, $fp
        0c000000 00000158  106		jal	__fmul
        02602825 0000015c  107		move	$5, $19
        afa2002c 00000160  108		sw	$2, 44($sp)
        0c000000 00000164  109		jal	__itof
        02402025 00000168  110		move	$4, $18
        00402025 0000016c  111		move	$4, $2
        0c000000 00000170  112		jal	__fmul
        02802825 00000174  113		move	$5, $20

                                   Tue Apr 07 08:56:30 2015           Page 4
                                   Tue Apr 07 08:56:30 2015       gh_2i08k.s
        00402025 00000178  114		move	$4, $2
        0c000000 0000017c  115		jal	__fadd
        8fa5002c 00000180  116		lw	$5, 44($sp)
        0c000000 00000184  117		jal	__ftoi
        00402025 00000188  118		move	$4, $2
        a6a20004 0000018c  119		sh	$2, 4($21)
        03c02025 00000190  120		move	$4, $fp
        0c000000 00000194  121		jal	__fmul
        02802825 00000198  122		move	$5, $20
        0040f025 0000019c  123		move	$fp, $2
        0c000000 000001a0  124		jal	__itof
        00122023 000001a4  125		subu	$4, $0, $18
        00402025 000001a8  126		move	$4, $2
        0c000000 000001ac  127		jal	__fmul
        02602825 000001b0  128		move	$5, $19
        00402025 000001b4  129		move	$4, $2
        0c000000 000001b8  130		jal	__fadd
        03c02825 000001bc  131		move	$5, $fp
        0c000000 000001c0  132		jal	__ftoi
        00402025 000001c4  133		move	$4, $2
        a6a20006 000001c8  134		sh	$2, 6($21)
        86d20008 000001cc  135		lh	$18, 8($22)
        0c000000 000001d0  136		jal	__itof
        86c4000a 000001d4  137		lh	$4, 10($22)
        0040f025 000001d8  138		move	$fp, $2
        03c02025 000001dc  139		move	$4, $fp
        0c000000 000001e0  140		jal	__fmul
        02602825 000001e4  141		move	$5, $19
        afa20030 000001e8  142		sw	$2, 48($sp)
        0c000000 000001ec  143		jal	__itof
        02402025 000001f0  144		move	$4, $18
        00402025 000001f4  145		move	$4, $2
        0c000000 000001f8  146		jal	__fmul
        02802825 000001fc  147		move	$5, $20
        00402025 00000200  148		move	$4, $2
        0c000000 00000204  149		jal	__fadd
        8fa50030 00000208  150		lw	$5, 48($sp)
        0c000000 0000020c  151		jal	__ftoi
        00402025 00000210  152		move	$4, $2
        a6a20008 00000214  153		sh	$2, 8($21)
        03c02025 00000218  154		move	$4, $fp
        0c000000 0000021c  155		jal	__fmul
        02802825 00000220  156		move	$5, $20
        0040f025 00000224  157		move	$fp, $2
        0c000000 00000228  158		jal	__itof
        00122023 0000022c  159		subu	$4, $0, $18
        00402025 00000230  160		move	$4, $2
        0c000000 00000234  161		jal	__fmul
        02602825 00000238  162		move	$5, $19
        00402025 0000023c  163		move	$4, $2
        0c000000 00000240  164		jal	__fadd
        03c02825 00000244  165		move	$5, $fp
        0c000000 00000248  166		jal	__ftoi
        00402025 0000024c  167		move	$4, $2
        a6a2000a 00000250  168		sh	$2, 10($21)
        86d2000c 00000254  169		lh	$18, 12($22)

                                   Tue Apr 07 08:56:30 2015           Page 5
                                   Tue Apr 07 08:56:30 2015       gh_2i08k.s
        0c000000 00000258  170		jal	__itof
        86c4000e 0000025c  171		lh	$4, 14($22)
        02602825 00000260  172		move	$5, $19
        0040f025 00000264  173		move	$fp, $2
        0c000000 00000268  174		jal	__fmul
        03c02025 0000026c  175		move	$4, $fp
        afa20034 00000270  176		sw	$2, 52($sp)
        0c000000 00000274  177		jal	__itof
        02402025 00000278  178		move	$4, $18
        00402025 0000027c  179		move	$4, $2
        0c000000 00000280  180		jal	__fmul
        02802825 00000284  181		move	$5, $20
        00402025 00000288  182		move	$4, $2
        0c000000 0000028c  183		jal	__fadd
        8fa50034 00000290  184		lw	$5, 52($sp)
        0c000000 00000294  185		jal	__ftoi
        00402025 00000298  186		move	$4, $2
        a6a2000c 0000029c  187		sh	$2, 12($21)
        03c02025 000002a0  188		move	$4, $fp
        0c000000 000002a4  189		jal	__fmul
        02802825 000002a8  190		move	$5, $20
        0040f025 000002ac  191		move	$fp, $2
        0c000000 000002b0  192		jal	__itof
        00122023 000002b4  193		subu	$4, $0, $18
        00402025 000002b8  194		move	$4, $2
        0c000000 000002bc  195		jal	__fmul
        02602825 000002c0  196		move	$5, $19
        03c02825 000002c4  197		move	$5, $fp
        0c000000 000002c8  198		jal	__fadd
        00402025 000002cc  199		move	$4, $2
        0c000000 000002d0  200		jal	__ftoi
        00402025 000002d4  201		move	$4, $2
        26d60010 000002d8  202		addiu	$22, $22, 16
        26b50010 000002dc  203		addiu	$21, $21, 16
        26f7ffff 000002e0  204		addiu	$23, $23, -1
        16e0ff75 000002e4  205		bne	$23, $0, .L28
        a6a2fffe 000002e8  206		sh	$2, -2($21)
                           207	.L20:
        8fa10038 000002ec  208		lw	$1, 56($sp)
        30370003 000002f0  209		andi	$23, $1, 3
        52e0002c 000002f4  210		beql	$23, $0, .L1000002
        8fbe0020 000002f8  211		lw	$fp, 32($sp)
        8fa1003c 000002fc  212		lw	$1, 60($sp)
        00011880 00000300  213		sll	$3, $1, 2
        02038021 00000304  214		addu	$16, $16, $3
        02238821 00000308  215		addu	$17, $17, $3
                           216	.L32:
        86320000 0000030c  217		lh	$18, 0($17)
        0c000000 00000310  218		jal	__itof
        86240002 00000314  219		lh	$4, 2($17)
        0040a825 00000318  220		move	$21, $2
        02a02025 0000031c  221		move	$4, $21
        0c000000 00000320  222		jal	__fmul
        02602825 00000324  223		move	$5, $19
        0040b025 00000328  224		move	$22, $2
        0c000000 0000032c  225		jal	__itof

                                   Tue Apr 07 08:56:30 2015           Page 6
                                   Tue Apr 07 08:56:30 2015       gh_2i08k.s
        02402025 00000330  226		move	$4, $18
        00402025 00000334  227		move	$4, $2
        0c000000 00000338  228		jal	__fmul
        02802825 0000033c  229		move	$5, $20
        00402025 00000340  230		move	$4, $2
        0c000000 00000344  231		jal	__fadd
        02c02825 00000348  232		move	$5, $22
        0c000000 0000034c  233		jal	__ftoi
        00402025 00000350  234		move	$4, $2
        a6020000 00000354  235		sh	$2, 0($16)
        02a02025 00000358  236		move	$4, $21
        0c000000 0000035c  237		jal	__fmul
        02802825 00000360  238		move	$5, $20
        0040a825 00000364  239		move	$21, $2
        0c000000 00000368  240		jal	__itof
        00122023 0000036c  241		subu	$4, $0, $18
        00402025 00000370  242		move	$4, $2
        0c000000 00000374  243		jal	__fmul
        02602825 00000378  244		move	$5, $19
        00402025 0000037c  245		move	$4, $2
        0c000000 00000380  246		jal	__fadd
        02a02825 00000384  247		move	$5, $21
        0c000000 00000388  248		jal	__ftoi
        00402025 0000038c  249		move	$4, $2
        26310004 00000390  250		addiu	$17, $17, 4
        26100004 00000394  251		addiu	$16, $16, 4
        26f7ffff 00000398  252		addiu	$23, $23, -1
        16e0ffdb 0000039c  253		bne	$23, $0, .L32
        a602fffe 000003a0  254		sh	$2, -2($16)
        8fbe0020 000003a4  255		lw	$fp, 32($sp)
                           256	.L1000002:
                           257	 #	    .ef
        8fb7001c 000003a8  258		lw	$23, 28($sp)
        8fbf0044 000003ac  259		lw	$ra, 68($sp)
        8fb00000 000003b0  260		lw	$16, 0($sp)
        8fb10004 000003b4  261		lw	$17, 4($sp)
        8fb20008 000003b8  262		lw	$18, 8($sp)
        8fb3000c 000003bc  263		lw	$19, 12($sp)
        8fb40010 000003c0  264		lw	$20, 16($sp)
        8fb50014 000003c4  265		lw	$21, 20($sp)
        8fb60018 000003c8  266		lw	$22, 24($sp)
        03e00008 000003cc  267		jr	$ra
        27bd0048 000003d0  268		addiu	$sp, $sp, 72
                           269		.type	GUI_RotatePolygon,@function
                           270		.size	GUI_RotatePolygon,.-GUI_RotatePolygon
                           271		.align	4
                           272	 #j	60($sp)	local
                           273	 #fcos	$20	local
                           274	 #fsin	$19	local
                           275	 #x	$18	local
                           276	
                           277	 #pDest	$16	param
                           278	 #pSrc	$17	param
                           279	 #NumPoints	$18	param
                           280	 #Angle	$19	param
                           281	

                                   Tue Apr 07 08:56:30 2015           Page 7
                                   Tue Apr 07 08:56:30 2015       gh_2i08k.s
                           282		.data
                           283	.L71:
                           284		.text
                           285		.align	4
                           286	
                           287		.data
                           288		.text
