
                                   Tue Apr 07 08:56:32 2015           Page 1
                                   Tue Apr 07 08:56:31 2015       gh_2i08l.s
Command Line:   C:\GHS\V35\mips35\asmips.exe -noundefined -elf -b0
                -IC:\local\Workspace\DC_V04.01.00_int\cu3x1Platform_SRC\emWinColour
                -IC:\local\Workspace\DC_V04.01.00_int\cu3x1Platform_SRC\platform\include
                -IC:\local\Workspace\DC_V04.01.00_int\cu3x1Platform_SRC\platform\common
                -IC:\local\Workspace\DC_V04.01.00_int\cu3x1Platform_SRC\platform\hardware
                -IC:\local\Workspace\DC_V04.01.00_int\cu3x1Platform_SRC\platform\hardware\D3018X
                -IC:\local\Workspace\DC_V04.01.00_int\cu3x1Platform_SRC\embos\inc
                -IC:\local\Workspace\DC_V04.01.00_int\cu3x1Platform_SRC\emWinColour\config
                -IC:\local\Workspace\DC_V04.01.00_int\cu3x1Platform_SRC\emWinColour\gui\ConvertMono
                -IC:\local\Workspace\DC_V04.01.00_int\cu3x1Platform_SRC\emWinColour\gui\Core
                -IC:\local\Workspace\DC_V04.01.00_int\cu3x1Platform_SRC\emWinColour\gui\Font
                -IC:\local\Workspace\DC_V04.01.00_int\cu3x1Platform_SRC\emWinColour\gui\LCDDriver
                -IC:\local\Workspace\DC_V04.01.00_int\cu3x1Platform_SRC\emWinColour\gui\MemDev
                -IC:\local\Workspace\DC_V04.01.00_int\cu3x1Platform_SRC\emWinColour\gui\VNC
                -IC:\local\Workspace\DC_V04.01.00_int\cu3x1Platform_SRC\emWinColour\gui\Widget
                -IC:\local\Workspace\DC_V04.01.00_int\cu3x1Platform_SRC\emWinColour\gui\wm
                -IC:\local\Workspace\DC_V04.01.00_int\cu3x1App_SRC\Control\source
                -IC:\local\Workspace\DC_V04.01.00_int\cu3x1App_SRC\Control\source\include
                -IC:\local\Workspace\DC_V04.01.00_int\cu3x1App_SRC\Control\source\util
                -IC:\local\Workspace\DC_V04.01.00_int\cu3x1App_SRC\Control\source\datapoint
                -IC:\local\Workspace\DC_V04.01.00_int\cu3x1App_SRC\Control\source\factory
                -IC:\local\Workspace\DC_V04.01.00_int\cu3x1Platform_SRC\embos
                -IC:\local\Workspace\DC_V04.01.00_int\cu3x1Platform_SRC\emWinColour\gui\core
                -IC:\local\Workspace\DC_V04.01.00_int\cu3x1App_SRC\Control\source\rtip\webpage
                -IC:\local\Workspace\DC_V04.01.00_int\cu3x1App_SRC\Control\source\rtip\config
                -IC:\local\Workspace\DC_V04.01.00_int\cu3x1App_SRC\Control\source\rtip\xnet
                -IC:\local\Workspace\DC_V04.01.00_int\cu3x1App_SRC\Control\source\stub
                -IC:\local\Workspace\DC_V04.01.00_int\cu3x1App_SRC\Control\source\test
                -IC:\local\Workspace\DC_V04.01.00_int\cu3x1App_SRC\Control\source\GENIpro
                -IC:\local\Workspace\DC_V04.01.00_int\cu3x1App_SRC\Control\source\GENIpro\GENI_sys
                -IC:\local\Workspace\DC_V04.01.00_int\cu3x1App_SRC\Control\source\GENIpro\GENIusb\emUSB\USB\Driver
                -IC:\local\Workspace\DC_V04.01.00_int\cu3x1App_SRC\Control\source\application\intercom
                -IC:\local\Workspace\DC_V04.01.00_int\cu3x1App_SRC\Control\source\application\controller
                -IC:\local\Workspace\DC_V04.01.00_int\cu3x1App_SRC\Control\source\application\driver
                -IC:\local\Workspace\DC_V04.01.00_int\cu3x1App_SRC\Control\source\application\webif
                -IC:\local\Workspace\DC_V04.01.00_int\cu3x1App_SRC\Control\source\application\relay
                -IC:\local\Workspace\DC_V04.01.00_int\cu3x1App_SRC\Control\source\application\GENIApp
                -IC:\local\Workspace\DC_V04.01.00_int\cu3x1App_SRC\Control\source\application\alarm
                -IC:\local\Workspace\DC_V04.01.00_int\cu3x1App_SRC\Control\source\application\config
                -IC:\local\Workspace\DC_V04.01.00_int\cu3x1App_SRC\Control\source\application\AnaInConfigCtrl
                -IC:\local\Workspace\DC_V04.01.00_int\cu3x1App_SRC\Control\source\application\Sms
                -IC:\local\Workspace\DC_V04.01.00_int\cu3x1App_SRC\Control\source\application\display
                -IC:\local\Workspace\DC_V04.01.00_int\cu3x1App_SRC\Control\source\application\display\display_task
                -IC:\local\Workspace\DC_V04.01.00_int\cu3x1App_SRC\Control\source\application\display\gui_utility
                -IC:\local\Workspace\DC_V04.01.00_int\cu3x1App_SRC\Control\source\application\display\mpcunit
                -IC:\local\Workspace\DC_V04.01.00_int\cu3x1App_SRC\Control\source\GeniPro
                -IC:\local\Workspace\DC_V04.01.00_int\cu3x1App_SRC\Control\source\GeniPro\GENI_sys
                -IC:\local\Workspace\DC_V04.01.00_int\cu3x1App_SRC\Control\source\GeniPro\GENIbus
                -IC:\local\Workspace\DC_V04.01.00_int\cu3x1App_SRC\Control\source\GeniPro\GENIcom
                -IC:\local\Workspace\DC_V04.01.00_int\cu3x1App_SRC\Control\source\GeniPro\GENIrs232
                -IC:\local\Workspace\DC_V04.01.00_int\cu3x1App_SRC\Control\source\GeniPro\Virtual
                -IC:\local\Workspace\DC_V04.01.00_int\cu3x1Platform_SRC\Platform\common
                -IC:\local\Workspace\DC_V04.01.00_int\cu3x1Platform_SRC\Platform\hardware
                -IC:\local\Workspace\DC_V04.01.00_int\cu3x1Platform_SRC\Platform\hardware\D3018X
                -IC:\local\Workspace\DC_V04.01.00_int\cu3x1App_SRC\Control\source\application\display\imagesTFT
                -IC:\GHS\V35\mips35\mipsl_sf -r4121 -source=GUIRealloc.c -o
                objs\gh_2i08l.o -list=objs\GUIRealloc.lst
                C:\Users\55602\AppData\Local\Temp\gh_2i08l.s
Source File:    C:\Users\55602\AppData\Local\Temp\gh_2i08l.s
Directory:      C:\local\Workspace\DC_V04.01.00_int\cu3x1App_SRC\Control\source
Host OS:        GHS_WIN32
Version:        AS-MIPS 3.5#11 
Release:        MULTI 2000, MIPS v3.5
Revision Date:  Wed Feb 27 12:19:03 2002
Release Date:   Sat Mar 02 02:57:59 2002
                             1	 #Source File:   C:\local\Workspace\DC_V04.01.00_int\cu3x1Platform_SRC\emWinColour\GUI\Core\GUIRealloc.c

                                   Tue Apr 07 08:56:32 2015           Page 2
                                   Tue Apr 07 08:56:31 2015       gh_2i08l.s
                             2	 #Directory:     
                             3	 #		C:\local\Workspace\DC_V04.01.00_int\cu3x1App_SRC\Control\source
                             4	 #Compile Date:  Tue Apr 07 08:56:31 2015
                             5	 #Host OS:       Win32
                             6	 #Version:       C-MIPS 3.5#11 RELEASE VERSION
                             7	 #Release:       MULTI 2000, MIPS v3.5
                             8	 #Revision Date: Fri Mar 01 11:32:40 2002
                             9	 #Release Date:  Sat Mar 02 02:58:48 2002
                            10		.set	noat
                            11		.set	noreorder
                            12		.set	nomacro
                            13		.text
                            14		.align	4
                            15		.globl	GUI_ALLOC_Realloc
                            16	GUI_ALLOC_Realloc:
        27bdffe8 00000000   17		addiu	$sp, $sp, -24
        afbf0014 00000004   18		sw	$ra, 20($sp)
        afb3000c 00000008   19		sw	$19, 12($sp)
        afb20008 0000000c   20		sw	$18, 8($sp)
        afb00000 00000010   21		sw	$16, 0($sp)
        00048400 00000014   22		sll	$16, $4, 16
        00108403 00000018   23		sra	$16, $16, 16
        afb10004 0000001c   24		sw	$17, 4($sp)
        00a08825 00000020   25		move	$17, $5
                            26	 #	    .bf
        0c000000 00000024   27		jal	GUI_ALLOC_AllocNoInit
        02202025 00000028   28		move	$4, $17
        00409025 0000002c   29		move	$18, $2
        5240001a 00000030   30		beql	$18, $0, .L1000004
        8fb3000c 00000034   31		lw	$19, 12($sp)
        52000018 00000038   32		beql	$16, $0, .L1000004
        8fb3000c 0000003c   33		lw	$19, 12($sp)
        0c000000 00000040   34		jal	GUI_ALLOC_GetSize
        02002025 00000044   35		move	$4, $16
        00401825 00000048   36		move	$3, $2
        0071782a 0000004c   37		slt	$15, $3, $17
        11e00002 00000050   38		beq	$15, $0, .L28
        00000000 00000054   39		nop
        00608825 00000058   40		move	$17, $3
                            41	.L28:
        0c000000 0000005c   42		jal	GUI_Lock
        00000000 00000060   43		nop
        0c000000 00000064   44		jal	GUI_ALLOC_h2p
        02402025 00000068   45		move	$4, $18
        00409825 0000006c   46		move	$19, $2
        0c000000 00000070   47		jal	GUI_ALLOC_h2p
        02002025 00000074   48		move	$4, $16
        02602025 00000078   49		move	$4, $19
        00402825 0000007c   50		move	$5, $2
        0c000000 00000080   51		jal	memcpy
        02203025 00000084   52		move	$6, $17
        0c000000 00000088   53		jal	GUI_Unlock
        00000000 0000008c   54		nop
        0c000000 00000090   55		jal	GUI_ALLOC_Free
        02002025 00000094   56		move	$4, $16
        8fb3000c 00000098   57		lw	$19, 12($sp)

                                   Tue Apr 07 08:56:32 2015           Page 3
                                   Tue Apr 07 08:56:31 2015       gh_2i08l.s
                            58	.L1000004:
                            59	 #	    .ef
        02401025 0000009c   60		move	$2, $18
        8fb20008 000000a0   61		lw	$18, 8($sp)
        8fbf0014 000000a4   62		lw	$ra, 20($sp)
        8fb00000 000000a8   63		lw	$16, 0($sp)
        8fb10004 000000ac   64		lw	$17, 4($sp)
        03e00008 000000b0   65		jr	$ra
        27bd0018 000000b4   66		addiu	$sp, $sp, 24
                            67		.type	GUI_ALLOC_Realloc,@function
                            68		.size	GUI_ALLOC_Realloc,.-GUI_ALLOC_Realloc
                            69		.align	4
                            70	 #hNew	$18	local
                            71	 #pNew	$19	local
                            72	 #Size	$17	local
                            73	 #OldSize	$3	local
                            74	
                            75	 #hOld	$16	param
                            76	 #NewSize	$17	param
                            77	
                            78		.data
                            79	.L27:
                            80		.text
                            81		.align	4
                            82	
                            83		.data
                            84		.text
