
                                   Tue Apr 07 08:56:40 2015           Page 1
                                   Tue Apr 07 08:56:38 2015       gh_2i08p.s
Command Line:   C:\GHS\V35\mips35\asmips.exe -noundefined -elf -b0
                -IC:\local\Workspace\DC_V04.01.00_int\cu3x1Platform_SRC\emWinColour
                -IC:\local\Workspace\DC_V04.01.00_int\cu3x1Platform_SRC\platform\include
                -IC:\local\Workspace\DC_V04.01.00_int\cu3x1Platform_SRC\platform\common
                -IC:\local\Workspace\DC_V04.01.00_int\cu3x1Platform_SRC\platform\hardware
                -IC:\local\Workspace\DC_V04.01.00_int\cu3x1Platform_SRC\platform\hardware\D3018X
                -IC:\local\Workspace\DC_V04.01.00_int\cu3x1Platform_SRC\embos\inc
                -IC:\local\Workspace\DC_V04.01.00_int\cu3x1Platform_SRC\emWinColour\config
                -IC:\local\Workspace\DC_V04.01.00_int\cu3x1Platform_SRC\emWinColour\gui\ConvertMono
                -IC:\local\Workspace\DC_V04.01.00_int\cu3x1Platform_SRC\emWinColour\gui\Core
                -IC:\local\Workspace\DC_V04.01.00_int\cu3x1Platform_SRC\emWinColour\gui\Font
                -IC:\local\Workspace\DC_V04.01.00_int\cu3x1Platform_SRC\emWinColour\gui\LCDDriver
                -IC:\local\Workspace\DC_V04.01.00_int\cu3x1Platform_SRC\emWinColour\gui\MemDev
                -IC:\local\Workspace\DC_V04.01.00_int\cu3x1Platform_SRC\emWinColour\gui\VNC
                -IC:\local\Workspace\DC_V04.01.00_int\cu3x1Platform_SRC\emWinColour\gui\Widget
                -IC:\local\Workspace\DC_V04.01.00_int\cu3x1Platform_SRC\emWinColour\gui\wm
                -IC:\local\Workspace\DC_V04.01.00_int\cu3x1App_SRC\Control\source
                -IC:\local\Workspace\DC_V04.01.00_int\cu3x1App_SRC\Control\source\include
                -IC:\local\Workspace\DC_V04.01.00_int\cu3x1App_SRC\Control\source\util
                -IC:\local\Workspace\DC_V04.01.00_int\cu3x1App_SRC\Control\source\datapoint
                -IC:\local\Workspace\DC_V04.01.00_int\cu3x1App_SRC\Control\source\factory
                -IC:\local\Workspace\DC_V04.01.00_int\cu3x1Platform_SRC\embos
                -IC:\local\Workspace\DC_V04.01.00_int\cu3x1Platform_SRC\emWinColour\gui\core
                -IC:\local\Workspace\DC_V04.01.00_int\cu3x1App_SRC\Control\source\rtip\webpage
                -IC:\local\Workspace\DC_V04.01.00_int\cu3x1App_SRC\Control\source\rtip\config
                -IC:\local\Workspace\DC_V04.01.00_int\cu3x1App_SRC\Control\source\rtip\xnet
                -IC:\local\Workspace\DC_V04.01.00_int\cu3x1App_SRC\Control\source\stub
                -IC:\local\Workspace\DC_V04.01.00_int\cu3x1App_SRC\Control\source\test
                -IC:\local\Workspace\DC_V04.01.00_int\cu3x1App_SRC\Control\source\GENIpro
                -IC:\local\Workspace\DC_V04.01.00_int\cu3x1App_SRC\Control\source\GENIpro\GENI_sys
                -IC:\local\Workspace\DC_V04.01.00_int\cu3x1App_SRC\Control\source\GENIpro\GENIusb\emUSB\USB\Driver
                -IC:\local\Workspace\DC_V04.01.00_int\cu3x1App_SRC\Control\source\application\intercom
                -IC:\local\Workspace\DC_V04.01.00_int\cu3x1App_SRC\Control\source\application\controller
                -IC:\local\Workspace\DC_V04.01.00_int\cu3x1App_SRC\Control\source\application\driver
                -IC:\local\Workspace\DC_V04.01.00_int\cu3x1App_SRC\Control\source\application\webif
                -IC:\local\Workspace\DC_V04.01.00_int\cu3x1App_SRC\Control\source\application\relay
                -IC:\local\Workspace\DC_V04.01.00_int\cu3x1App_SRC\Control\source\application\GENIApp
                -IC:\local\Workspace\DC_V04.01.00_int\cu3x1App_SRC\Control\source\application\alarm
                -IC:\local\Workspace\DC_V04.01.00_int\cu3x1App_SRC\Control\source\application\config
                -IC:\local\Workspace\DC_V04.01.00_int\cu3x1App_SRC\Control\source\application\AnaInConfigCtrl
                -IC:\local\Workspace\DC_V04.01.00_int\cu3x1App_SRC\Control\source\application\Sms
                -IC:\local\Workspace\DC_V04.01.00_int\cu3x1App_SRC\Control\source\application\display
                -IC:\local\Workspace\DC_V04.01.00_int\cu3x1App_SRC\Control\source\application\display\display_task
                -IC:\local\Workspace\DC_V04.01.00_int\cu3x1App_SRC\Control\source\application\display\gui_utility
                -IC:\local\Workspace\DC_V04.01.00_int\cu3x1App_SRC\Control\source\application\display\mpcunit
                -IC:\local\Workspace\DC_V04.01.00_int\cu3x1App_SRC\Control\source\GeniPro
                -IC:\local\Workspace\DC_V04.01.00_int\cu3x1App_SRC\Control\source\GeniPro\GENI_sys
                -IC:\local\Workspace\DC_V04.01.00_int\cu3x1App_SRC\Control\source\GeniPro\GENIbus
                -IC:\local\Workspace\DC_V04.01.00_int\cu3x1App_SRC\Control\source\GeniPro\GENIcom
                -IC:\local\Workspace\DC_V04.01.00_int\cu3x1App_SRC\Control\source\GeniPro\GENIrs232
                -IC:\local\Workspace\DC_V04.01.00_int\cu3x1App_SRC\Control\source\GeniPro\Virtual
                -IC:\local\Workspace\DC_V04.01.00_int\cu3x1Platform_SRC\Platform\common
                -IC:\local\Workspace\DC_V04.01.00_int\cu3x1Platform_SRC\Platform\hardware
                -IC:\local\Workspace\DC_V04.01.00_int\cu3x1Platform_SRC\Platform\hardware\D3018X
                -IC:\local\Workspace\DC_V04.01.00_int\cu3x1App_SRC\Control\source\application\display\imagesTFT
                -IC:\GHS\V35\mips35\mipsl_sf -r4121 -source=GUITimer.c -o
                objs\gh_2i08p.o -list=objs\GUITimer.lst
                C:\Users\55602\AppData\Local\Temp\gh_2i08p.s
Source File:    C:\Users\55602\AppData\Local\Temp\gh_2i08p.s
Directory:      C:\local\Workspace\DC_V04.01.00_int\cu3x1App_SRC\Control\source
Host OS:        GHS_WIN32
Version:        AS-MIPS 3.5#11 
Release:        MULTI 2000, MIPS v3.5
Revision Date:  Wed Feb 27 12:19:03 2002
Release Date:   Sat Mar 02 02:57:59 2002
                             1	 #Source File:   C:\local\Workspace\DC_V04.01.00_int\cu3x1Platform_SRC\emWinColour\GUI\Core\GUITimer.c

                                   Tue Apr 07 08:56:40 2015           Page 2
                                   Tue Apr 07 08:56:38 2015       gh_2i08p.s
                             2	 #Directory:     
                             3	 #		C:\local\Workspace\DC_V04.01.00_int\cu3x1App_SRC\Control\source
                             4	 #Compile Date:  Tue Apr 07 08:56:37 2015
                             5	 #Host OS:       Win32
                             6	 #Version:       C-MIPS 3.5#11 RELEASE VERSION
                             7	 #Release:       MULTI 2000, MIPS v3.5
                             8	 #Revision Date: Fri Mar 01 11:32:40 2002
                             9	 #Release Date:  Sat Mar 02 02:58:48 2002
                            10		.set	noat
                            11		.set	noreorder
                            12		.set	nomacro
                            13		.text
                            14		.align	4
                            15	_Unlink:
        27bdfff0 00000000   16		addiu	$sp, $sp, -16
        afbf000c 00000004   17		sw	$ra, 12($sp)
        afb10004 00000008   18		sw	$17, 4($sp)
        afb00000 0000000c   19		sw	$16, 0($sp)
        00048400 00000010   20		sll	$16, $4, 16
        00108403 00000014   21		sra	$16, $16, 16
                            22	 #	    .bf
        0c000000 00000018   23		jal	GUI_ALLOC_h2p
        02002025 0000001c   24		move	$4, $16
        87830000 00000020   25		lh	$3, %sdaoff(hFirstTimer)($28)
        00408825 00000024   26		move	$17, $2
        14700008 00000028   27		bne	$3, $16, .L4
        00000000 0000002c   28		nop
        86380004 00000030   29		lh	$24, 4($17)
        8fb10004 00000034   30		lw	$17, 4($sp)
        8fb00000 00000038   31		lw	$16, 0($sp)
        8fbf000c 0000003c   32		lw	$ra, 12($sp)
        27bd0010 00000040   33		addiu	$sp, $sp, 16
        03e00008 00000044   34		jr	$ra
        a7980000 00000048   35		sh	$24, %sdaoff(hFirstTimer)($28)
                            36	.L4:
        50600011 0000004c   37		beql	$3, $0, .L1000002
        8fb10004 00000050   38		lw	$17, 4($sp)
                            39	.L9:
        0c000000 00000054   40		jal	GUI_ALLOC_h2p
        00602025 00000058   41		move	$4, $3
        00401825 0000005c   42		move	$3, $2
        84620004 00000060   43		lh	$2, 4($3)
        54500008 00000064   44		bnel	$2, $16, .L1000010
        00401825 00000068   45		move	$3, $2
        862e0004 0000006c   46		lh	$14, 4($17)
        a46e0004 00000070   47		sh	$14, 4($3)
        8fbf000c 00000074   48		lw	$ra, 12($sp)
        8fb00000 00000078   49		lw	$16, 0($sp)
        8fb10004 0000007c   50		lw	$17, 4($sp)
        03e00008 00000080   51		jr	$ra
        27bd0010 00000084   52		addiu	$sp, $sp, 16
                            53	.L1000010:
        1460fff2 00000088   54		bne	$3, $0, .L9
        00000000 0000008c   55		nop
        8fb10004 00000090   56		lw	$17, 4($sp)
                            57	.L1000002:

                                   Tue Apr 07 08:56:40 2015           Page 3
                                   Tue Apr 07 08:56:38 2015       gh_2i08p.s
                            58	 #	    .ef
        8fb00000 00000094   59		lw	$16, 0($sp)
        8fbf000c 00000098   60		lw	$ra, 12($sp)
        03e00008 0000009c   61		jr	$ra
        27bd0010 000000a0   62		addiu	$sp, $sp, 16
                            63		.type	_Unlink,@function
                            64		.size	_Unlink,.-_Unlink
                            65		.align	4
                            66	 #pTimer	$17	local
                            67	 #hi	$3	local
                            68	 #pi	$3	local
                            69	
                            70	 #hTimer	$16	param
                            71	
                            72		.data
                            73	.L43:
                            74		.text
                            75		.align	4
                            76		.align	4
                            77	_Link:
        27bdffe0 000000a4   78		addiu	$sp, $sp, -32
        afbf001c 000000a8   79		sw	$ra, 28($sp)
        afb40010 000000ac   80		sw	$20, 16($sp)
        afb3000c 000000b0   81		sw	$19, 12($sp)
        afb20008 000000b4   82		sw	$18, 8($sp)
        afb10004 000000b8   83		sw	$17, 4($sp)
        afb00000 000000bc   84		sw	$16, 0($sp)
        00048400 000000c0   85		sll	$16, $4, 16
        00108403 000000c4   86		sra	$16, $16, 16
                            87	 #	    .bf
        0c000000 000000c8   88		jal	GUI_ALLOC_h2p
        02002025 000000cc   89		move	$4, $16
        87830000 000000d0   90		lh	$3, %sdaoff(hFirstTimer)($28)
        00409825 000000d4   91		move	$19, $2
        1460000b 000000d8   92		bne	$3, $0, .L64
        00000000 000000dc   93		nop
        a7900000 000000e0   94		sh	$16, %sdaoff(hFirstTimer)($28)
        a6600004 000000e4   95		sh	$0, 4($19)
        8fb20008 000000e8   96		lw	$18, 8($sp)
        8fb10004 000000ec   97		lw	$17, 4($sp)
        8fb00000 000000f0   98		lw	$16, 0($sp)
        8fbf001c 000000f4   99		lw	$ra, 28($sp)
        8fb3000c 000000f8  100		lw	$19, 12($sp)
        8fb40010 000000fc  101		lw	$20, 16($sp)
        03e00008 00000100  102		jr	$ra
        27bd0020 00000104  103		addiu	$sp, $sp, 32
                           104	.L64:
        0c000000 00000108  105		jal	GUI_ALLOC_h2p
        00602025 0000010c  106		move	$4, $3
        8e6e0010 00000110  107		lw	$14, 16($19)
        8c4f0010 00000114  108		lw	$15, 16($2)
        01cf7823 00000118  109		subu	$15, $14, $15
        5de0000c 0000011c  110		bgtzl	$15, .L1000067
        87940000 00000120  111		lh	$20, %sdaoff(hFirstTimer)($28)
        87990000 00000124  112		lh	$25, %sdaoff(hFirstTimer)($28)
        a7900000 00000128  113		sh	$16, %sdaoff(hFirstTimer)($28)

                                   Tue Apr 07 08:56:40 2015           Page 4
                                   Tue Apr 07 08:56:38 2015       gh_2i08p.s
        a6790004 0000012c  114		sh	$25, 4($19)
        8fb40010 00000130  115		lw	$20, 16($sp)
        8fb3000c 00000134  116		lw	$19, 12($sp)
        8fbf001c 00000138  117		lw	$ra, 28($sp)
        8fb00000 0000013c  118		lw	$16, 0($sp)
        8fb10004 00000140  119		lw	$17, 4($sp)
        8fb20008 00000144  120		lw	$18, 8($sp)
        03e00008 00000148  121		jr	$ra
        27bd0020 0000014c  122		addiu	$sp, $sp, 32
                           123	.L1000067:
                           124	.L73:
        0c000000 00000150  125		jal	GUI_ALLOC_h2p
        02802025 00000154  126		move	$4, $20
        00409025 00000158  127		move	$18, $2
        86510004 0000015c  128		lh	$17, 4($18)
        52200012 00000160  129		beql	$17, $0, .L1000076
        a6710004 00000164  130		sh	$17, 4($19)
        0c000000 00000168  131		jal	GUI_ALLOC_h2p
        02202025 0000016c  132		move	$4, $17
        8e6e0010 00000170  133		lw	$14, 16($19)
        8c4f0010 00000174  134		lw	$15, 16($2)
        01cf7823 00000178  135		subu	$15, $14, $15
        1de0fff4 0000017c  136		bgtz	$15, .L73
        00000000 00000180  137		nop
        a6710004 00000184  138		sh	$17, 4($19)
        a6500004 00000188  139		sh	$16, 4($18)
        8fb20008 0000018c  140		lw	$18, 8($sp)
        8fb10004 00000190  141		lw	$17, 4($sp)
        8fb00000 00000194  142		lw	$16, 0($sp)
        8fbf001c 00000198  143		lw	$ra, 28($sp)
        8fb3000c 0000019c  144		lw	$19, 12($sp)
        8fb40010 000001a0  145		lw	$20, 16($sp)
        03e00008 000001a4  146		jr	$ra
        27bd0020 000001a8  147		addiu	$sp, $sp, 32
                           148	.L1000076:
        a6500004 000001ac  149		sh	$16, 4($18)
                           150	 #	    .ef
        8fb20008 000001b0  151		lw	$18, 8($sp)
        8fb10004 000001b4  152		lw	$17, 4($sp)
        8fb00000 000001b8  153		lw	$16, 0($sp)
        8fbf001c 000001bc  154		lw	$ra, 28($sp)
        8fb3000c 000001c0  155		lw	$19, 12($sp)
        8fb40010 000001c4  156		lw	$20, 16($sp)
        03e00008 000001c8  157		jr	$ra
        27bd0020 000001cc  158		addiu	$sp, $sp, 32
                           159		.type	_Link,@function
                           160		.size	_Link,.-_Link
                           161		.align	4
                           162	 #pNew	$19	local
                           163	 #pTimer	$18	local
                           164	 #hNext	$17	local
                           165	 #hTimer	$20	local
                           166	
                           167	 #hNew	$16	param
                           168	
                           169		.data

                                   Tue Apr 07 08:56:40 2015           Page 5
                                   Tue Apr 07 08:56:38 2015       gh_2i08p.s
                           170	.L117:
                           171		.text
                           172		.align	4
                           173		.align	4
                           174		.globl	GUI_TIMER_Exec
                           175	GUI_TIMER_Exec:
        27bdffe0 000001d0  176		addiu	$sp, $sp, -32
        afbf001c 000001d4  177		sw	$ra, 28($sp)
        afb20008 000001d8  178		sw	$18, 8($sp)
        afb10004 000001dc  179		sw	$17, 4($sp)
                           180	 #	    .bf
        0c000000 000001e0  181		jal	GUI_GetTime
        afb00000 000001e4  182		sw	$16, 0($sp)
        34120000 000001e8  183		ori	$18, $0, 0
        0c000000 000001ec  184		jal	GUI_Lock
        00408825 000001f0  185		move	$17, $2
        87830000 000001f4  186		lh	$3, %sdaoff(hFirstTimer)($28)
        27b00010 000001f8  187		addiu	$16, $sp, 16
        10600016 000001fc  188		beq	$3, $0, .L148
        00000000 00000200  189		nop
                           190	.L144:
        0c000000 00000204  191		jal	GUI_ALLOC_h2p
        00602025 00000208  192		move	$4, $3
        00401825 0000020c  193		move	$3, $2
        8c780010 00000210  194		lw	$24, 16($3)
        0311c823 00000214  195		subu	$25, $24, $17
        1f20000f 00000218  196		bgtz	$25, .L148
        00000000 0000021c  197		nop
        84790004 00000220  198		lh	$25, 4($3)
        ae110000 00000224  199		sw	$17, 0($16)
        8c6e000c 00000228  200		lw	$14, 12($3)
        878d0000 0000022c  201		lh	$13, %sdaoff(hFirstTimer)($28)
        8c780000 00000230  202		lw	$24, 0($3)
        ae0e0004 00000234  203		sw	$14, 4($16)
        a78d0000 00000238  204		sh	$13, %sdaoff(_hActiveTimer)($28)
        a7990000 0000023c  205		sh	$25, %sdaoff(hFirstTimer)($28)
        0300f809 00000240  206		jalr	$24
        02002025 00000244  207		move	$4, $16
        87830000 00000248  208		lh	$3, %sdaoff(hFirstTimer)($28)
        34120001 0000024c  209		ori	$18, $0, 1
        1460ffec 00000250  210		bne	$3, $0, .L144
        00000000 00000254  211		nop
                           212	.L148:
        0c000000 00000258  213		jal	GUI_Unlock
        00000000 0000025c  214		nop
                           215	 #	    .ef
        02401025 00000260  216		move	$2, $18
        8fb00000 00000264  217		lw	$16, 0($sp)
        8fbf001c 00000268  218		lw	$ra, 28($sp)
        8fb10004 0000026c  219		lw	$17, 4($sp)
        8fb20008 00000270  220		lw	$18, 8($sp)
        03e00008 00000274  221		jr	$ra
        27bd0020 00000278  222		addiu	$sp, $sp, 32
                           223		.type	GUI_TIMER_Exec,@function
                           224		.size	GUI_TIMER_Exec,.-GUI_TIMER_Exec
                           225		.align	4

                                   Tue Apr 07 08:56:40 2015           Page 6
                                   Tue Apr 07 08:56:38 2015       gh_2i08p.s
                           226	 #r	$18	local
                           227	 #t	$17	local
                           228	 #pTimer	$3	local
                           229	 #tm	16($sp)	local
                           230	
                           231		.data
                           232	.L173:
                           233		.text
                           234		.align	4
                           235		.align	4
                           236		.globl	GUI_TIMER_Create
                           237	GUI_TIMER_Create:
        27bdffe8 0000027c  238		addiu	$sp, $sp, -24
        afbf0014 00000280  239		sw	$ra, 20($sp)
        afb20008 00000284  240		sw	$18, 8($sp)
        afb10004 00000288  241		sw	$17, 4($sp)
        afb00000 0000028c  242		sw	$16, 0($sp)
        00808025 00000290  243		move	$16, $4
                           244	 #	    .bf
        0c000000 00000294  245		jal	GUI_Lock
        00c08825 00000298  246		move	$17, $6
        3c190000 0000029c  247		lui	$25, %hi(GUI_TIMER_Exec)
        27390000 000002a0  248		addiu	$25, $25, %lo(GUI_TIMER_Exec)
        af990000 000002a4  249		sw	$25, %sdaoff(GUI_pfTimerExec)($28)
        0c000000 000002a8  250		jal	GUI_ALLOC_AllocZero
        34040018 000002ac  251		ori	$4, $0, 24
        00409025 000002b0  252		move	$18, $2
        0c000000 000002b4  253		jal	GUI_ALLOC_h2p
        02402025 000002b8  254		move	$4, $18
        ac500000 000002bc  255		sw	$16, 0($2)
        ac51000c 000002c0  256		sw	$17, 12($2)
        0c000000 000002c4  257		jal	_Link
        02402025 000002c8  258		move	$4, $18
        0c000000 000002cc  259		jal	GUI_Unlock
        00000000 000002d0  260		nop
                           261	 #	    .ef
        02401025 000002d4  262		move	$2, $18
        8fb00000 000002d8  263		lw	$16, 0($sp)
        8fbf0014 000002dc  264		lw	$ra, 20($sp)
        8fb10004 000002e0  265		lw	$17, 4($sp)
        8fb20008 000002e4  266		lw	$18, 8($sp)
        03e00008 000002e8  267		jr	$ra
        27bd0018 000002ec  268		addiu	$sp, $sp, 24
                           269		.type	GUI_TIMER_Create,@function
                           270		.size	GUI_TIMER_Create,.-GUI_TIMER_Create
                           271		.align	4
                           272	
                           273	 #cb	$16	param
                           274	 #Time	none	param
                           275	 #Context	$17	param
                           276	 #Flags	none	param
                           277	
                           278		.data
                           279	.L198:
                           280		.text
                           281		.align	4

                                   Tue Apr 07 08:56:40 2015           Page 7
                                   Tue Apr 07 08:56:38 2015       gh_2i08p.s
                           282		.align	4
                           283		.globl	GUI_TIMER_Delete
                           284	GUI_TIMER_Delete:
        27bdfff0 000002f0  285		addiu	$sp, $sp, -16
        afbf000c 000002f4  286		sw	$ra, 12($sp)
        afb00000 000002f8  287		sw	$16, 0($sp)
                           288	 #	    .bf
        0c000000 000002fc  289		jal	GUI_Lock
        00048400 00000300  290		sll	$16, $4, 16
        00108403 00000304  291		sra	$16, $16, 16
        0c000000 00000308  292		jal	_Unlink
        02002025 0000030c  293		move	$4, $16
        0c000000 00000310  294		jal	GUI_ALLOC_Free
        02002025 00000314  295		move	$4, $16
        0c000000 00000318  296		jal	GUI_Unlock
        00000000 0000031c  297		nop
                           298	 #	    .ef
        8fbf000c 00000320  299		lw	$ra, 12($sp)
        8fb00000 00000324  300		lw	$16, 0($sp)
        03e00008 00000328  301		jr	$ra
        27bd0010 0000032c  302		addiu	$sp, $sp, 16
                           303		.type	GUI_TIMER_Delete,@function
                           304		.size	GUI_TIMER_Delete,.-GUI_TIMER_Delete
                           305		.align	4
                           306	
                           307	 #hObj	$16	param
                           308	
                           309		.data
                           310	.L217:
                           311		.text
                           312		.align	4
                           313		.align	4
                           314		.globl	GUI_TIMER_SetPeriod
                           315	GUI_TIMER_SetPeriod:
        27bdfff0 00000330  316		addiu	$sp, $sp, -16
        afbf000c 00000334  317		sw	$ra, 12($sp)
        afb10004 00000338  318		sw	$17, 4($sp)
        afb00000 0000033c  319		sw	$16, 0($sp)
        00048400 00000340  320		sll	$16, $4, 16
        00108403 00000344  321		sra	$16, $16, 16
                           322	 #	    .bf
        0c000000 00000348  323		jal	GUI_Lock
        00a08825 0000034c  324		move	$17, $5
        0c000000 00000350  325		jal	GUI_ALLOC_h2p
        02002025 00000354  326		move	$4, $16
        0c000000 00000358  327		jal	GUI_Unlock
        ac510014 0000035c  328		sw	$17, 20($2)
                           329	 #	    .ef
        8fbf000c 00000360  330		lw	$ra, 12($sp)
        8fb00000 00000364  331		lw	$16, 0($sp)
        8fb10004 00000368  332		lw	$17, 4($sp)
        03e00008 0000036c  333		jr	$ra
        27bd0010 00000370  334		addiu	$sp, $sp, 16
                           335		.type	GUI_TIMER_SetPeriod,@function
                           336		.size	GUI_TIMER_SetPeriod,.-GUI_TIMER_SetPeriod
                           337		.align	4

                                   Tue Apr 07 08:56:40 2015           Page 8
                                   Tue Apr 07 08:56:38 2015       gh_2i08p.s
                           338	
                           339	 #hObj	$16	param
                           340	 #Period	$17	param
                           341	
                           342		.data
                           343	.L236:
                           344		.text
                           345		.align	4
                           346		.align	4
                           347		.globl	GUI_TIMER_SetTime
                           348	GUI_TIMER_SetTime:
        27bdfff0 00000374  349		addiu	$sp, $sp, -16
        afbf000c 00000378  350		sw	$ra, 12($sp)
        afb10004 0000037c  351		sw	$17, 4($sp)
        afb00000 00000380  352		sw	$16, 0($sp)
        00048400 00000384  353		sll	$16, $4, 16
        00108403 00000388  354		sra	$16, $16, 16
                           355	 #	    .bf
        0c000000 0000038c  356		jal	GUI_Lock
        00a08825 00000390  357		move	$17, $5
        0c000000 00000394  358		jal	GUI_ALLOC_h2p
        02002025 00000398  359		move	$4, $16
        0c000000 0000039c  360		jal	GUI_Unlock
        ac510010 000003a0  361		sw	$17, 16($2)
                           362	 #	    .ef
        8fbf000c 000003a4  363		lw	$ra, 12($sp)
        8fb00000 000003a8  364		lw	$16, 0($sp)
        8fb10004 000003ac  365		lw	$17, 4($sp)
        03e00008 000003b0  366		jr	$ra
        27bd0010 000003b4  367		addiu	$sp, $sp, 16
                           368		.type	GUI_TIMER_SetTime,@function
                           369		.size	GUI_TIMER_SetTime,.-GUI_TIMER_SetTime
                           370		.align	4
                           371	
                           372	 #hObj	$16	param
                           373	 #Time	$17	param
                           374	
                           375		.data
                           376	.L255:
                           377		.text
                           378		.align	4
                           379		.align	4
                           380		.globl	GUI_TIMER_SetDelay
                           381	GUI_TIMER_SetDelay:
        27bdfff0 000003b8  382		addiu	$sp, $sp, -16
        afbf000c 000003bc  383		sw	$ra, 12($sp)
        afb10004 000003c0  384		sw	$17, 4($sp)
        afb00000 000003c4  385		sw	$16, 0($sp)
        00048400 000003c8  386		sll	$16, $4, 16
        00108403 000003cc  387		sra	$16, $16, 16
                           388	 #	    .bf
        0c000000 000003d0  389		jal	GUI_Lock
        00a08825 000003d4  390		move	$17, $5
        0c000000 000003d8  391		jal	GUI_ALLOC_h2p
        02002025 000003dc  392		move	$4, $16
        ac510010 000003e0  393		sw	$17, 16($2)

                                   Tue Apr 07 08:56:40 2015           Page 9
                                   Tue Apr 07 08:56:38 2015       gh_2i08p.s
        0c000000 000003e4  394		jal	_Unlink
        02002025 000003e8  395		move	$4, $16
        0c000000 000003ec  396		jal	_Link
        02002025 000003f0  397		move	$4, $16
        0c000000 000003f4  398		jal	GUI_Unlock
        00000000 000003f8  399		nop
                           400	 #	    .ef
        8fbf000c 000003fc  401		lw	$ra, 12($sp)
        8fb00000 00000400  402		lw	$16, 0($sp)
        8fb10004 00000404  403		lw	$17, 4($sp)
        03e00008 00000408  404		jr	$ra
        27bd0010 0000040c  405		addiu	$sp, $sp, 16
                           406		.type	GUI_TIMER_SetDelay,@function
                           407		.size	GUI_TIMER_SetDelay,.-GUI_TIMER_SetDelay
                           408		.align	4
                           409	
                           410	 #hObj	$16	param
                           411	 #Delay	$17	param
                           412	
                           413		.data
                           414	.L274:
                           415		.text
                           416		.align	4
                           417		.align	4
                           418		.globl	GUI_TIMER_Restart
                           419	GUI_TIMER_Restart:
        27bdfff0 00000410  420		addiu	$sp, $sp, -16
        afbf000c 00000414  421		sw	$ra, 12($sp)
        afb10004 00000418  422		sw	$17, 4($sp)
        afb00000 0000041c  423		sw	$16, 0($sp)
                           424	 #	    .bf
        0c000000 00000420  425		jal	GUI_Lock
        00048400 00000424  426		sll	$16, $4, 16
        00108403 00000428  427		sra	$16, $16, 16
        52000001 0000042c  428		beql	$16, $0, .L282
        87900000 00000430  429		lh	$16, %sdaoff(_hActiveTimer)($28)
                           430	.L282:
        0c000000 00000434  431		jal	GUI_ALLOC_h2p
        02002025 00000438  432		move	$4, $16
        0c000000 0000043c  433		jal	GUI_GetTime
        00408825 00000440  434		move	$17, $2
        8e230014 00000444  435		lw	$3, 20($17)
        02002025 00000448  436		move	$4, $16
        00431821 0000044c  437		addu	$3, $2, $3
        0c000000 00000450  438		jal	_Unlink
        ae230010 00000454  439		sw	$3, 16($17)
        0c000000 00000458  440		jal	_Link
        02002025 0000045c  441		move	$4, $16
        0c000000 00000460  442		jal	GUI_Unlock
        00000000 00000464  443		nop
                           444	 #	    .ef
        8fb10004 00000468  445		lw	$17, 4($sp)
        8fb00000 0000046c  446		lw	$16, 0($sp)
        8fbf000c 00000470  447		lw	$ra, 12($sp)
        03e00008 00000474  448		jr	$ra
        27bd0010 00000478  449		addiu	$sp, $sp, 16

                                   Tue Apr 07 08:56:40 2015           Page 10
                                   Tue Apr 07 08:56:38 2015       gh_2i08p.s
                           450		.type	GUI_TIMER_Restart,@function
                           451		.size	GUI_TIMER_Restart,.-GUI_TIMER_Restart
                           452		.align	4
                           453	 #pObj	$17	local
                           454	
                           455	 #hObj	$16	param
                           456	
                           457		.data
                           458	.L301:
                           459		.text
                           460		.align	4
                           461	 #GUI_pfTimerExec	%sdaoff(GUI_pfTimerExec)	import
                           462	
                           463		.data
                           464		.sbss	hFirstTimer,2,2
                           465		.type	hFirstTimer,@object
                           466		.size	hFirstTimer,2
                           467		.sbss	_hActiveTimer,2,2
                           468		.type	_hActiveTimer,@object
                           469		.size	_hActiveTimer,2
                           470		.text
