
                                   Tue Apr 07 08:56:36 2015           Page 1
                                   Tue Apr 07 08:56:36 2015       gh_2i08o.s
Command Line:   C:\GHS\V35\mips35\asmips.exe -noundefined -elf -b0
                -IC:\local\Workspace\DC_V04.01.00_int\cu3x1Platform_SRC\emWinColour
                -IC:\local\Workspace\DC_V04.01.00_int\cu3x1Platform_SRC\platform\include
                -IC:\local\Workspace\DC_V04.01.00_int\cu3x1Platform_SRC\platform\common
                -IC:\local\Workspace\DC_V04.01.00_int\cu3x1Platform_SRC\platform\hardware
                -IC:\local\Workspace\DC_V04.01.00_int\cu3x1Platform_SRC\platform\hardware\D3018X
                -IC:\local\Workspace\DC_V04.01.00_int\cu3x1Platform_SRC\embos\inc
                -IC:\local\Workspace\DC_V04.01.00_int\cu3x1Platform_SRC\emWinColour\config
                -IC:\local\Workspace\DC_V04.01.00_int\cu3x1Platform_SRC\emWinColour\gui\ConvertMono
                -IC:\local\Workspace\DC_V04.01.00_int\cu3x1Platform_SRC\emWinColour\gui\Core
                -IC:\local\Workspace\DC_V04.01.00_int\cu3x1Platform_SRC\emWinColour\gui\Font
                -IC:\local\Workspace\DC_V04.01.00_int\cu3x1Platform_SRC\emWinColour\gui\LCDDriver
                -IC:\local\Workspace\DC_V04.01.00_int\cu3x1Platform_SRC\emWinColour\gui\MemDev
                -IC:\local\Workspace\DC_V04.01.00_int\cu3x1Platform_SRC\emWinColour\gui\VNC
                -IC:\local\Workspace\DC_V04.01.00_int\cu3x1Platform_SRC\emWinColour\gui\Widget
                -IC:\local\Workspace\DC_V04.01.00_int\cu3x1Platform_SRC\emWinColour\gui\wm
                -IC:\local\Workspace\DC_V04.01.00_int\cu3x1App_SRC\Control\source
                -IC:\local\Workspace\DC_V04.01.00_int\cu3x1App_SRC\Control\source\include
                -IC:\local\Workspace\DC_V04.01.00_int\cu3x1App_SRC\Control\source\util
                -IC:\local\Workspace\DC_V04.01.00_int\cu3x1App_SRC\Control\source\datapoint
                -IC:\local\Workspace\DC_V04.01.00_int\cu3x1App_SRC\Control\source\factory
                -IC:\local\Workspace\DC_V04.01.00_int\cu3x1Platform_SRC\embos
                -IC:\local\Workspace\DC_V04.01.00_int\cu3x1Platform_SRC\emWinColour\gui\core
                -IC:\local\Workspace\DC_V04.01.00_int\cu3x1App_SRC\Control\source\rtip\webpage
                -IC:\local\Workspace\DC_V04.01.00_int\cu3x1App_SRC\Control\source\rtip\config
                -IC:\local\Workspace\DC_V04.01.00_int\cu3x1App_SRC\Control\source\rtip\xnet
                -IC:\local\Workspace\DC_V04.01.00_int\cu3x1App_SRC\Control\source\stub
                -IC:\local\Workspace\DC_V04.01.00_int\cu3x1App_SRC\Control\source\test
                -IC:\local\Workspace\DC_V04.01.00_int\cu3x1App_SRC\Control\source\GENIpro
                -IC:\local\Workspace\DC_V04.01.00_int\cu3x1App_SRC\Control\source\GENIpro\GENI_sys
                -IC:\local\Workspace\DC_V04.01.00_int\cu3x1App_SRC\Control\source\GENIpro\GENIusb\emUSB\USB\Driver
                -IC:\local\Workspace\DC_V04.01.00_int\cu3x1App_SRC\Control\source\application\intercom
                -IC:\local\Workspace\DC_V04.01.00_int\cu3x1App_SRC\Control\source\application\controller
                -IC:\local\Workspace\DC_V04.01.00_int\cu3x1App_SRC\Control\source\application\driver
                -IC:\local\Workspace\DC_V04.01.00_int\cu3x1App_SRC\Control\source\application\webif
                -IC:\local\Workspace\DC_V04.01.00_int\cu3x1App_SRC\Control\source\application\relay
                -IC:\local\Workspace\DC_V04.01.00_int\cu3x1App_SRC\Control\source\application\GENIApp
                -IC:\local\Workspace\DC_V04.01.00_int\cu3x1App_SRC\Control\source\application\alarm
                -IC:\local\Workspace\DC_V04.01.00_int\cu3x1App_SRC\Control\source\application\config
                -IC:\local\Workspace\DC_V04.01.00_int\cu3x1App_SRC\Control\source\application\AnaInConfigCtrl
                -IC:\local\Workspace\DC_V04.01.00_int\cu3x1App_SRC\Control\source\application\Sms
                -IC:\local\Workspace\DC_V04.01.00_int\cu3x1App_SRC\Control\source\application\display
                -IC:\local\Workspace\DC_V04.01.00_int\cu3x1App_SRC\Control\source\application\display\display_task
                -IC:\local\Workspace\DC_V04.01.00_int\cu3x1App_SRC\Control\source\application\display\gui_utility
                -IC:\local\Workspace\DC_V04.01.00_int\cu3x1App_SRC\Control\source\application\display\mpcunit
                -IC:\local\Workspace\DC_V04.01.00_int\cu3x1App_SRC\Control\source\GeniPro
                -IC:\local\Workspace\DC_V04.01.00_int\cu3x1App_SRC\Control\source\GeniPro\GENI_sys
                -IC:\local\Workspace\DC_V04.01.00_int\cu3x1App_SRC\Control\source\GeniPro\GENIbus
                -IC:\local\Workspace\DC_V04.01.00_int\cu3x1App_SRC\Control\source\GeniPro\GENIcom
                -IC:\local\Workspace\DC_V04.01.00_int\cu3x1App_SRC\Control\source\GeniPro\GENIrs232
                -IC:\local\Workspace\DC_V04.01.00_int\cu3x1App_SRC\Control\source\GeniPro\Virtual
                -IC:\local\Workspace\DC_V04.01.00_int\cu3x1Platform_SRC\Platform\common
                -IC:\local\Workspace\DC_V04.01.00_int\cu3x1Platform_SRC\Platform\hardware
                -IC:\local\Workspace\DC_V04.01.00_int\cu3x1Platform_SRC\Platform\hardware\D3018X
                -IC:\local\Workspace\DC_V04.01.00_int\cu3x1App_SRC\Control\source\application\display\imagesTFT
                -IC:\GHS\V35\mips35\mipsl_sf -r4121 -source=GUITime.c -o
                objs\gh_2i08o.o -list=objs\GUITime.lst
                C:\Users\55602\AppData\Local\Temp\gh_2i08o.s
Source File:    C:\Users\55602\AppData\Local\Temp\gh_2i08o.s
Directory:      C:\local\Workspace\DC_V04.01.00_int\cu3x1App_SRC\Control\source
Host OS:        GHS_WIN32
Version:        AS-MIPS 3.5#11 
Release:        MULTI 2000, MIPS v3.5
Revision Date:  Wed Feb 27 12:19:03 2002
Release Date:   Sat Mar 02 02:57:59 2002
                             1	 #Source File:   C:\local\Workspace\DC_V04.01.00_int\cu3x1Platform_SRC\emWinColour\GUI\Core\GUITime.c

                                   Tue Apr 07 08:56:36 2015           Page 2
                                   Tue Apr 07 08:56:36 2015       gh_2i08o.s
                             2	 #Directory:     
                             3	 #		C:\local\Workspace\DC_V04.01.00_int\cu3x1App_SRC\Control\source
                             4	 #Compile Date:  Tue Apr 07 08:56:36 2015
                             5	 #Host OS:       Win32
                             6	 #Version:       C-MIPS 3.5#11 RELEASE VERSION
                             7	 #Release:       MULTI 2000, MIPS v3.5
                             8	 #Revision Date: Fri Mar 01 11:32:40 2002
                             9	 #Release Date:  Sat Mar 02 02:58:48 2002
                            10		.set	noat
                            11		.set	noreorder
                            12		.set	nomacro
                            13		.text
                            14		.align	4
                            15		.globl	GUI_GetTime
                            16	GUI_GetTime:
                            17	 #	    .bf
        08000000 00000000   18		j	GUI_X_GetTime
        00000000 00000004   19		nop
                            20	 #	    .ef
                            21		.type	GUI_GetTime,@function
                            22		.size	GUI_GetTime,.-GUI_GetTime
                            23		.align	4
                            24	
                            25		.data
                            26	.L15:
                            27		.text
                            28		.align	4
                            29		.align	4
                            30		.globl	GUI_Delay
                            31	GUI_Delay:
        27bdfff0 00000008   32		addiu	$sp, $sp, -16
        afbf000c 0000000c   33		sw	$ra, 12($sp)
        afb10004 00000010   34		sw	$17, 4($sp)
        afb00000 00000014   35		sw	$16, 0($sp)
                            36	 #	    .bf
        0c000000 00000018   37		jal	GUI_GetTime
        00808025 0000001c   38		move	$16, $4
        0c000000 00000020   39		jal	GUI_GetTime
        00508821 00000024   40		addu	$17, $2, $16
        02228023 00000028   41		subu	$16, $17, $2
        5a000011 0000002c   42		blezl	$16, .L1000021
        8fb10004 00000030   43		lw	$17, 4($sp)
                            44	.L25:
        0c000000 00000034   45		jal	GUI_Exec
        00000000 00000038   46		nop
        02002025 0000003c   47		move	$4, $16
        34190005 00000040   48		ori	$25, $0, 5
        0324c02a 00000044   49		slt	$24, $25, $4
        13000002 00000048   50		beq	$24, $0, .L44
        00000000 0000004c   51		nop
        34040005 00000050   52		ori	$4, $0, 5
                            53	.L44:
        0c000000 00000054   54		jal	GUI_X_Delay
        00000000 00000058   55		nop
        0c000000 0000005c   56		jal	GUI_GetTime
        00000000 00000060   57		nop

                                   Tue Apr 07 08:56:36 2015           Page 3
                                   Tue Apr 07 08:56:36 2015       gh_2i08o.s
        02228023 00000064   58		subu	$16, $17, $2
        1e00fff2 00000068   59		bgtz	$16, .L25
        00000000 0000006c   60		nop
        8fb10004 00000070   61		lw	$17, 4($sp)
                            62	.L1000021:
                            63	 #	    .ef
        8fb00000 00000074   64		lw	$16, 0($sp)
        8fbf000c 00000078   65		lw	$ra, 12($sp)
        03e00008 0000007c   66		jr	$ra
        27bd0010 00000080   67		addiu	$sp, $sp, 16
                            68		.type	GUI_Delay,@function
                            69		.size	GUI_Delay,.-GUI_Delay
                            70		.align	4
                            71	 #EndTime	$17	local
                            72	 #tRem	$16	local
                            73	
                            74	 #Period	$16	param
                            75	
                            76		.data
                            77	.L43:
                            78		.text
                            79		.align	4
                            80	
                            81		.data
                            82		.text
