
                                   Tue Apr 07 08:56:41 2015           Page 1
                                   Tue Apr 07 08:56:41 2015       gh_2i08q.s
Command Line:   C:\GHS\V35\mips35\asmips.exe -noundefined -elf -b0
                -IC:\local\Workspace\DC_V04.01.00_int\cu3x1Platform_SRC\emWinColour
                -IC:\local\Workspace\DC_V04.01.00_int\cu3x1Platform_SRC\platform\include
                -IC:\local\Workspace\DC_V04.01.00_int\cu3x1Platform_SRC\platform\common
                -IC:\local\Workspace\DC_V04.01.00_int\cu3x1Platform_SRC\platform\hardware
                -IC:\local\Workspace\DC_V04.01.00_int\cu3x1Platform_SRC\platform\hardware\D3018X
                -IC:\local\Workspace\DC_V04.01.00_int\cu3x1Platform_SRC\embos\inc
                -IC:\local\Workspace\DC_V04.01.00_int\cu3x1Platform_SRC\emWinColour\config
                -IC:\local\Workspace\DC_V04.01.00_int\cu3x1Platform_SRC\emWinColour\gui\ConvertMono
                -IC:\local\Workspace\DC_V04.01.00_int\cu3x1Platform_SRC\emWinColour\gui\Core
                -IC:\local\Workspace\DC_V04.01.00_int\cu3x1Platform_SRC\emWinColour\gui\Font
                -IC:\local\Workspace\DC_V04.01.00_int\cu3x1Platform_SRC\emWinColour\gui\LCDDriver
                -IC:\local\Workspace\DC_V04.01.00_int\cu3x1Platform_SRC\emWinColour\gui\MemDev
                -IC:\local\Workspace\DC_V04.01.00_int\cu3x1Platform_SRC\emWinColour\gui\VNC
                -IC:\local\Workspace\DC_V04.01.00_int\cu3x1Platform_SRC\emWinColour\gui\Widget
                -IC:\local\Workspace\DC_V04.01.00_int\cu3x1Platform_SRC\emWinColour\gui\wm
                -IC:\local\Workspace\DC_V04.01.00_int\cu3x1App_SRC\Control\source
                -IC:\local\Workspace\DC_V04.01.00_int\cu3x1App_SRC\Control\source\include
                -IC:\local\Workspace\DC_V04.01.00_int\cu3x1App_SRC\Control\source\util
                -IC:\local\Workspace\DC_V04.01.00_int\cu3x1App_SRC\Control\source\datapoint
                -IC:\local\Workspace\DC_V04.01.00_int\cu3x1App_SRC\Control\source\factory
                -IC:\local\Workspace\DC_V04.01.00_int\cu3x1Platform_SRC\embos
                -IC:\local\Workspace\DC_V04.01.00_int\cu3x1Platform_SRC\emWinColour\gui\core
                -IC:\local\Workspace\DC_V04.01.00_int\cu3x1App_SRC\Control\source\rtip\webpage
                -IC:\local\Workspace\DC_V04.01.00_int\cu3x1App_SRC\Control\source\rtip\config
                -IC:\local\Workspace\DC_V04.01.00_int\cu3x1App_SRC\Control\source\rtip\xnet
                -IC:\local\Workspace\DC_V04.01.00_int\cu3x1App_SRC\Control\source\stub
                -IC:\local\Workspace\DC_V04.01.00_int\cu3x1App_SRC\Control\source\test
                -IC:\local\Workspace\DC_V04.01.00_int\cu3x1App_SRC\Control\source\GENIpro
                -IC:\local\Workspace\DC_V04.01.00_int\cu3x1App_SRC\Control\source\GENIpro\GENI_sys
                -IC:\local\Workspace\DC_V04.01.00_int\cu3x1App_SRC\Control\source\GENIpro\GENIusb\emUSB\USB\Driver
                -IC:\local\Workspace\DC_V04.01.00_int\cu3x1App_SRC\Control\source\application\intercom
                -IC:\local\Workspace\DC_V04.01.00_int\cu3x1App_SRC\Control\source\application\controller
                -IC:\local\Workspace\DC_V04.01.00_int\cu3x1App_SRC\Control\source\application\driver
                -IC:\local\Workspace\DC_V04.01.00_int\cu3x1App_SRC\Control\source\application\webif
                -IC:\local\Workspace\DC_V04.01.00_int\cu3x1App_SRC\Control\source\application\relay
                -IC:\local\Workspace\DC_V04.01.00_int\cu3x1App_SRC\Control\source\application\GENIApp
                -IC:\local\Workspace\DC_V04.01.00_int\cu3x1App_SRC\Control\source\application\alarm
                -IC:\local\Workspace\DC_V04.01.00_int\cu3x1App_SRC\Control\source\application\config
                -IC:\local\Workspace\DC_V04.01.00_int\cu3x1App_SRC\Control\source\application\AnaInConfigCtrl
                -IC:\local\Workspace\DC_V04.01.00_int\cu3x1App_SRC\Control\source\application\Sms
                -IC:\local\Workspace\DC_V04.01.00_int\cu3x1App_SRC\Control\source\application\display
                -IC:\local\Workspace\DC_V04.01.00_int\cu3x1App_SRC\Control\source\application\display\display_task
                -IC:\local\Workspace\DC_V04.01.00_int\cu3x1App_SRC\Control\source\application\display\gui_utility
                -IC:\local\Workspace\DC_V04.01.00_int\cu3x1App_SRC\Control\source\application\display\mpcunit
                -IC:\local\Workspace\DC_V04.01.00_int\cu3x1App_SRC\Control\source\GeniPro
                -IC:\local\Workspace\DC_V04.01.00_int\cu3x1App_SRC\Control\source\GeniPro\GENI_sys
                -IC:\local\Workspace\DC_V04.01.00_int\cu3x1App_SRC\Control\source\GeniPro\GENIbus
                -IC:\local\Workspace\DC_V04.01.00_int\cu3x1App_SRC\Control\source\GeniPro\GENIcom
                -IC:\local\Workspace\DC_V04.01.00_int\cu3x1App_SRC\Control\source\GeniPro\GENIrs232
                -IC:\local\Workspace\DC_V04.01.00_int\cu3x1App_SRC\Control\source\GeniPro\Virtual
                -IC:\local\Workspace\DC_V04.01.00_int\cu3x1Platform_SRC\Platform\common
                -IC:\local\Workspace\DC_V04.01.00_int\cu3x1Platform_SRC\Platform\hardware
                -IC:\local\Workspace\DC_V04.01.00_int\cu3x1Platform_SRC\Platform\hardware\D3018X
                -IC:\local\Workspace\DC_V04.01.00_int\cu3x1App_SRC\Control\source\application\display\imagesTFT
                -IC:\GHS\V35\mips35\mipsl_sf -r4121 -source=GUIUC0.c -o
                objs\gh_2i08q.o -list=objs\GUIUC0.lst
                C:\Users\55602\AppData\Local\Temp\gh_2i08q.s
Source File:    C:\Users\55602\AppData\Local\Temp\gh_2i08q.s
Directory:      C:\local\Workspace\DC_V04.01.00_int\cu3x1App_SRC\Control\source
Host OS:        GHS_WIN32
Version:        AS-MIPS 3.5#11 
Release:        MULTI 2000, MIPS v3.5
Revision Date:  Wed Feb 27 12:19:03 2002
Release Date:   Sat Mar 02 02:57:59 2002
                             1	 #Source File:   C:\local\Workspace\DC_V04.01.00_int\cu3x1Platform_SRC\emWinColour\GUI\Core\GUIUC0.c

                                   Tue Apr 07 08:56:41 2015           Page 2
                                   Tue Apr 07 08:56:41 2015       gh_2i08q.s
                             2	 #Directory:     
                             3	 #		C:\local\Workspace\DC_V04.01.00_int\cu3x1App_SRC\Control\source
                             4	 #Compile Date:  Tue Apr 07 08:56:41 2015
                             5	 #Host OS:       Win32
                             6	 #Version:       C-MIPS 3.5#11 RELEASE VERSION
                             7	 #Release:       MULTI 2000, MIPS v3.5
                             8	 #Revision Date: Fri Mar 01 11:32:40 2002
                             9	 #Release Date:  Sat Mar 02 02:58:48 2002
                            10		.set	noat
                            11		.set	noreorder
                            12		.set	nomacro
                            13		.text
                            14		.align	4
                            15		.globl	GUI_UC2DB
                            16	GUI_UC2DB:
        3084ffff 00000000   17		andi	$4, $4, 65535
                            18	 #	    .bf
        2c990100 00000004   19		sltiu	$25, $4, 256
        53200009 00000008   20		beql	$25, $0, .L1000004
        308e00ff 0000000c   21		andi	$14, $4, 255
        1080000c 00000010   22		beq	$4, $0, .L8
        340fe000 00000014   23		ori	$15, $0, 57344
        008f2021 00000018   24		addu	$4, $4, $15
        3084ffff 0000001c   25		andi	$4, $4, 65535
        a0a40001 00000020   26		sb	$4, 1($5)
        00047203 00000024   27		sra	$14, $4, 8
        03e00008 00000028   28		jr	$ra
        a0ae0000 0000002c   29		sb	$14, 0($5)
                            30	.L1000004:
        15c00004 00000030   31		bne	$14, $0, .L8
        0004ca03 00000034   32		sra	$25, $4, 8
        3418e100 00000038   33		ori	$24, $0, 57600
        03382021 0000003c   34		addu	$4, $25, $24
        3084ffff 00000040   35		andi	$4, $4, 65535
                            36	.L8:
        00047203 00000044   37		sra	$14, $4, 8
        a0a40001 00000048   38		sb	$4, 1($5)
                            39	 #	    .ef
        03e00008 0000004c   40		jr	$ra
        a0ae0000 00000050   41		sb	$14, 0($5)
                            42		.type	GUI_UC2DB,@function
                            43		.size	GUI_UC2DB,.-GUI_UC2DB
                            44		.align	4
                            45	
                            46	 #Code	$4	param
                            47	 #pOut	$5	param
                            48	
                            49		.data
                            50	.L37:
                            51		.text
                            52		.align	4
                            53		.align	4
                            54		.globl	GUI_DB2UC
                            55	GUI_DB2UC:
        308400ff 00000054   56		andi	$4, $4, 255
                            57	 #	    .bf

                                   Tue Apr 07 08:56:41 2015           Page 3
                                   Tue Apr 07 08:56:41 2015       gh_2i08q.s
        14800003 00000058   58		bne	$4, $0, .L57
        30a500ff 0000005c   59		andi	$5, $5, 255
        03e00008 00000060   60		jr	$ra
        34020000 00000064   61		ori	$2, $0, 0
                            62	.L57:
        309800fe 00000068   63		andi	$24, $4, 254
        340f00e0 0000006c   64		ori	$15, $0, 224
        570f0007 00000070   65		bnel	$24, $15, .L1000060
        0004c200 00000074   66		sll	$24, $4, 8
        548f0003 00000078   67		bnel	$4, $15, .L1000062
        00056a00 0000007c   68		sll	$13, $5, 8
        03e00008 00000080   69		jr	$ra
        00a01025 00000084   70		move	$2, $5
                            71	.L1000062:
        03e00008 00000088   72		jr	$ra
        31a2ff00 0000008c   73		andi	$2, $13, 65280
                            74	.L1000060:
        00b87825 00000090   75		or	$15, $5, $24
                            76	 #	    .ef
        03e00008 00000094   77		jr	$ra
        31e2ffff 00000098   78		andi	$2, $15, 65535
                            79		.type	GUI_DB2UC,@function
                            80		.size	GUI_DB2UC,.-GUI_DB2UC
                            81		.align	4
                            82	
                            83	 #Byte0	$4	param
                            84	 #Byte1	$5	param
                            85	
                            86		.data
                            87	.L95:
                            88		.text
                            89		.align	4
                            90	
                            91		.data
                            92		.text
