
                                   Tue Apr 07 08:57:01 2015           Page 1
                                   Tue Apr 07 08:57:01 2015       gh_2i098.s
Command Line:   C:\GHS\V35\mips35\asmips.exe -noundefined -elf -b0
                -IC:\local\Workspace\DC_V04.01.00_int\cu3x1Platform_SRC\emWinColour
                -IC:\local\Workspace\DC_V04.01.00_int\cu3x1Platform_SRC\platform\include
                -IC:\local\Workspace\DC_V04.01.00_int\cu3x1Platform_SRC\platform\common
                -IC:\local\Workspace\DC_V04.01.00_int\cu3x1Platform_SRC\platform\hardware
                -IC:\local\Workspace\DC_V04.01.00_int\cu3x1Platform_SRC\platform\hardware\D3018X
                -IC:\local\Workspace\DC_V04.01.00_int\cu3x1Platform_SRC\embos\inc
                -IC:\local\Workspace\DC_V04.01.00_int\cu3x1Platform_SRC\emWinColour\config
                -IC:\local\Workspace\DC_V04.01.00_int\cu3x1Platform_SRC\emWinColour\gui\ConvertMono
                -IC:\local\Workspace\DC_V04.01.00_int\cu3x1Platform_SRC\emWinColour\gui\Core
                -IC:\local\Workspace\DC_V04.01.00_int\cu3x1Platform_SRC\emWinColour\gui\Font
                -IC:\local\Workspace\DC_V04.01.00_int\cu3x1Platform_SRC\emWinColour\gui\LCDDriver
                -IC:\local\Workspace\DC_V04.01.00_int\cu3x1Platform_SRC\emWinColour\gui\MemDev
                -IC:\local\Workspace\DC_V04.01.00_int\cu3x1Platform_SRC\emWinColour\gui\VNC
                -IC:\local\Workspace\DC_V04.01.00_int\cu3x1Platform_SRC\emWinColour\gui\Widget
                -IC:\local\Workspace\DC_V04.01.00_int\cu3x1Platform_SRC\emWinColour\gui\wm
                -IC:\local\Workspace\DC_V04.01.00_int\cu3x1App_SRC\Control\source
                -IC:\local\Workspace\DC_V04.01.00_int\cu3x1App_SRC\Control\source\include
                -IC:\local\Workspace\DC_V04.01.00_int\cu3x1App_SRC\Control\source\util
                -IC:\local\Workspace\DC_V04.01.00_int\cu3x1App_SRC\Control\source\datapoint
                -IC:\local\Workspace\DC_V04.01.00_int\cu3x1App_SRC\Control\source\factory
                -IC:\local\Workspace\DC_V04.01.00_int\cu3x1Platform_SRC\embos
                -IC:\local\Workspace\DC_V04.01.00_int\cu3x1Platform_SRC\emWinColour\gui\core
                -IC:\local\Workspace\DC_V04.01.00_int\cu3x1App_SRC\Control\source\rtip\webpage
                -IC:\local\Workspace\DC_V04.01.00_int\cu3x1App_SRC\Control\source\rtip\config
                -IC:\local\Workspace\DC_V04.01.00_int\cu3x1App_SRC\Control\source\rtip\xnet
                -IC:\local\Workspace\DC_V04.01.00_int\cu3x1App_SRC\Control\source\stub
                -IC:\local\Workspace\DC_V04.01.00_int\cu3x1App_SRC\Control\source\test
                -IC:\local\Workspace\DC_V04.01.00_int\cu3x1App_SRC\Control\source\GENIpro
                -IC:\local\Workspace\DC_V04.01.00_int\cu3x1App_SRC\Control\source\GENIpro\GENI_sys
                -IC:\local\Workspace\DC_V04.01.00_int\cu3x1App_SRC\Control\source\GENIpro\GENIusb\emUSB\USB\Driver
                -IC:\local\Workspace\DC_V04.01.00_int\cu3x1App_SRC\Control\source\application\intercom
                -IC:\local\Workspace\DC_V04.01.00_int\cu3x1App_SRC\Control\source\application\controller
                -IC:\local\Workspace\DC_V04.01.00_int\cu3x1App_SRC\Control\source\application\driver
                -IC:\local\Workspace\DC_V04.01.00_int\cu3x1App_SRC\Control\source\application\webif
                -IC:\local\Workspace\DC_V04.01.00_int\cu3x1App_SRC\Control\source\application\relay
                -IC:\local\Workspace\DC_V04.01.00_int\cu3x1App_SRC\Control\source\application\GENIApp
                -IC:\local\Workspace\DC_V04.01.00_int\cu3x1App_SRC\Control\source\application\alarm
                -IC:\local\Workspace\DC_V04.01.00_int\cu3x1App_SRC\Control\source\application\config
                -IC:\local\Workspace\DC_V04.01.00_int\cu3x1App_SRC\Control\source\application\AnaInConfigCtrl
                -IC:\local\Workspace\DC_V04.01.00_int\cu3x1App_SRC\Control\source\application\Sms
                -IC:\local\Workspace\DC_V04.01.00_int\cu3x1App_SRC\Control\source\application\display
                -IC:\local\Workspace\DC_V04.01.00_int\cu3x1App_SRC\Control\source\application\display\display_task
                -IC:\local\Workspace\DC_V04.01.00_int\cu3x1App_SRC\Control\source\application\display\gui_utility
                -IC:\local\Workspace\DC_V04.01.00_int\cu3x1App_SRC\Control\source\application\display\mpcunit
                -IC:\local\Workspace\DC_V04.01.00_int\cu3x1App_SRC\Control\source\GeniPro
                -IC:\local\Workspace\DC_V04.01.00_int\cu3x1App_SRC\Control\source\GeniPro\GENI_sys
                -IC:\local\Workspace\DC_V04.01.00_int\cu3x1App_SRC\Control\source\GeniPro\GENIbus
                -IC:\local\Workspace\DC_V04.01.00_int\cu3x1App_SRC\Control\source\GeniPro\GENIcom
                -IC:\local\Workspace\DC_V04.01.00_int\cu3x1App_SRC\Control\source\GeniPro\GENIrs232
                -IC:\local\Workspace\DC_V04.01.00_int\cu3x1App_SRC\Control\source\GeniPro\Virtual
                -IC:\local\Workspace\DC_V04.01.00_int\cu3x1Platform_SRC\Platform\common
                -IC:\local\Workspace\DC_V04.01.00_int\cu3x1Platform_SRC\Platform\hardware
                -IC:\local\Workspace\DC_V04.01.00_int\cu3x1Platform_SRC\Platform\hardware\D3018X
                -IC:\local\Workspace\DC_V04.01.00_int\cu3x1App_SRC\Control\source\application\display\imagesTFT
                -IC:\GHS\V35\mips35\mipsl_sf -r4121 -source=LCD_Mirror.c -o
                objs\gh_2i098.o -list=objs\LCD_Mirror.lst
                C:\Users\55602\AppData\Local\Temp\gh_2i098.s
Source File:    C:\Users\55602\AppData\Local\Temp\gh_2i098.s
Directory:      C:\local\Workspace\DC_V04.01.00_int\cu3x1App_SRC\Control\source
Host OS:        GHS_WIN32
Version:        AS-MIPS 3.5#11 
Release:        MULTI 2000, MIPS v3.5
Revision Date:  Wed Feb 27 12:19:03 2002
Release Date:   Sat Mar 02 02:57:59 2002
                             1	 #Source File:   C:\local\Workspace\DC_V04.01.00_int\cu3x1Platform_SRC\emWinColour\GUI\Core\LCD_Mirror.c

                                   Tue Apr 07 08:57:01 2015           Page 2
                                   Tue Apr 07 08:57:01 2015       gh_2i098.s
                             2	 #Directory:     
                             3	 #		C:\local\Workspace\DC_V04.01.00_int\cu3x1App_SRC\Control\source
                             4	 #Compile Date:  Tue Apr 07 08:57:01 2015
                             5	 #Host OS:       Win32
                             6	 #Version:       C-MIPS 3.5#11 RELEASE VERSION
                             7	 #Release:       MULTI 2000, MIPS v3.5
                             8	 #Revision Date: Fri Mar 01 11:32:40 2002
                             9	 #Release Date:  Sat Mar 02 02:58:48 2002
                            10		.set	noat
                            11		.set	noreorder
                            12		.set	nomacro
                            13	
                            14		.section ".rodata","a"
                            15	.L4:
                            16		.globl	LCD_aMirror
              00 00000000   17	LCD_aMirror:	.space	1
        20c04080 00000001   18		.byte	128,64,192,32
        10e060a0 00000005   19		.byte	160,96,224,16
        30d05090 00000009   20		.byte	144,80,208,48
        08f070b0 0000000d   21		.byte	176,112,240,8
        28c84888 00000011   22		.byte	136,72,200,40
        18e868a8 00000015   23		.byte	168,104,232,24
        38d85898 00000019   24		.byte	152,88,216,56
        04f878b8 0000001d   25		.byte	184,120,248,4
        24c44484 00000021   26		.byte	132,68,196,36
        14e464a4 00000025   27		.byte	164,100,228,20
        34d45494 00000029   28		.byte	148,84,212,52
        0cf474b4 0000002d   29		.byte	180,116,244,12
        2ccc4c8c 00000031   30		.byte	140,76,204,44
        1cec6cac 00000035   31		.byte	172,108,236,28
        3cdc5c9c 00000039   32		.byte	156,92,220,60
        02fc7cbc 0000003d   33		.byte	188,124,252,2
        22c24282 00000041   34		.byte	130,66,194,34
        12e262a2 00000045   35		.byte	162,98,226,18
        32d25292 00000049   36		.byte	146,82,210,50
        0af272b2 0000004d   37		.byte	178,114,242,10
        2aca4a8a 00000051   38		.byte	138,74,202,42
        1aea6aaa 00000055   39		.byte	170,106,234,26
        3ada5a9a 00000059   40		.byte	154,90,218,58
        06fa7aba 0000005d   41		.byte	186,122,250,6
        26c64686 00000061   42		.byte	134,70,198,38
        16e666a6 00000065   43		.byte	166,102,230,22
        36d65696 00000069   44		.byte	150,86,214,54
        0ef676b6 0000006d   45		.byte	182,118,246,14
        2ece4e8e 00000071   46		.byte	142,78,206,46
        1eee6eae 00000075   47		.byte	174,110,238,30
        3ede5e9e 00000079   48		.byte	158,94,222,62
        01fe7ebe 0000007d   49		.byte	190,126,254,1
        21c14181 00000081   50		.byte	129,65,193,33
        11e161a1 00000085   51		.byte	161,97,225,17
        31d15191 00000089   52		.byte	145,81,209,49
        09f171b1 0000008d   53		.byte	177,113,241,9
        29c94989 00000091   54		.byte	137,73,201,41
        19e969a9 00000095   55		.byte	169,105,233,25
        39d95999 00000099   56		.byte	153,89,217,57
        05f979b9 0000009d   57		.byte	185,121,249,5

                                   Tue Apr 07 08:57:01 2015           Page 3
                                   Tue Apr 07 08:57:01 2015       gh_2i098.s
        25c54585 000000a1   58		.byte	133,69,197,37
        15e565a5 000000a5   59		.byte	165,101,229,21
        35d55595 000000a9   60		.byte	149,85,213,53
        0df575b5 000000ad   61		.byte	181,117,245,13
        2dcd4d8d 000000b1   62		.byte	141,77,205,45
        1ded6dad 000000b5   63		.byte	173,109,237,29
        3ddd5d9d 000000b9   64		.byte	157,93,221,61
        03fd7dbd 000000bd   65		.byte	189,125,253,3
        23c34383 000000c1   66		.byte	131,67,195,35
        13e363a3 000000c5   67		.byte	163,99,227,19
        33d35393 000000c9   68		.byte	147,83,211,51
        0bf373b3 000000cd   69		.byte	179,115,243,11
        2bcb4b8b 000000d1   70		.byte	139,75,203,43
        1beb6bab 000000d5   71		.byte	171,107,235,27
        3bdb5b9b 000000d9   72		.byte	155,91,219,59
        07fb7bbb 000000dd   73		.byte	187,123,251,7
        27c74787 000000e1   74		.byte	135,71,199,39
        17e767a7 000000e5   75		.byte	167,103,231,23
        37d75797 000000e9   76		.byte	151,87,215,55
        0ff777b7 000000ed   77		.byte	183,119,247,15
        2fcf4f8f 000000f1   78		.byte	143,79,207,47
        1fef6faf 000000f5   79		.byte	175,111,239,31
        3fdf5f9f 000000f9   80		.byte	159,95,223,63
                            81		.type	LCD_aMirror,@object
                            82		.size	LCD_aMirror,256
            7fbf 000000fd   83		.byte	191,127
              ff 000000ff   84		.byte	255
                            85		.data
                            86		.section ".rodata","a"
                            87		.align	4
                            88		.text
