
                                   Tue Apr 07 08:57:07 2015           Page 1
                                   Tue Apr 07 08:57:06 2015       gh_2i09c.s
Command Line:   C:\GHS\V35\mips35\asmips.exe -noundefined -elf -b0
                -IC:\local\Workspace\DC_V04.01.00_int\cu3x1Platform_SRC\emWinColour
                -IC:\local\Workspace\DC_V04.01.00_int\cu3x1Platform_SRC\platform\include
                -IC:\local\Workspace\DC_V04.01.00_int\cu3x1Platform_SRC\platform\common
                -IC:\local\Workspace\DC_V04.01.00_int\cu3x1Platform_SRC\platform\hardware
                -IC:\local\Workspace\DC_V04.01.00_int\cu3x1Platform_SRC\platform\hardware\D3018X
                -IC:\local\Workspace\DC_V04.01.00_int\cu3x1Platform_SRC\embos\inc
                -IC:\local\Workspace\DC_V04.01.00_int\cu3x1Platform_SRC\emWinColour\config
                -IC:\local\Workspace\DC_V04.01.00_int\cu3x1Platform_SRC\emWinColour\gui\ConvertMono
                -IC:\local\Workspace\DC_V04.01.00_int\cu3x1Platform_SRC\emWinColour\gui\Core
                -IC:\local\Workspace\DC_V04.01.00_int\cu3x1Platform_SRC\emWinColour\gui\Font
                -IC:\local\Workspace\DC_V04.01.00_int\cu3x1Platform_SRC\emWinColour\gui\LCDDriver
                -IC:\local\Workspace\DC_V04.01.00_int\cu3x1Platform_SRC\emWinColour\gui\MemDev
                -IC:\local\Workspace\DC_V04.01.00_int\cu3x1Platform_SRC\emWinColour\gui\VNC
                -IC:\local\Workspace\DC_V04.01.00_int\cu3x1Platform_SRC\emWinColour\gui\Widget
                -IC:\local\Workspace\DC_V04.01.00_int\cu3x1Platform_SRC\emWinColour\gui\wm
                -IC:\local\Workspace\DC_V04.01.00_int\cu3x1App_SRC\Control\source
                -IC:\local\Workspace\DC_V04.01.00_int\cu3x1App_SRC\Control\source\include
                -IC:\local\Workspace\DC_V04.01.00_int\cu3x1App_SRC\Control\source\util
                -IC:\local\Workspace\DC_V04.01.00_int\cu3x1App_SRC\Control\source\datapoint
                -IC:\local\Workspace\DC_V04.01.00_int\cu3x1App_SRC\Control\source\factory
                -IC:\local\Workspace\DC_V04.01.00_int\cu3x1Platform_SRC\embos
                -IC:\local\Workspace\DC_V04.01.00_int\cu3x1Platform_SRC\emWinColour\gui\core
                -IC:\local\Workspace\DC_V04.01.00_int\cu3x1App_SRC\Control\source\rtip\webpage
                -IC:\local\Workspace\DC_V04.01.00_int\cu3x1App_SRC\Control\source\rtip\config
                -IC:\local\Workspace\DC_V04.01.00_int\cu3x1App_SRC\Control\source\rtip\xnet
                -IC:\local\Workspace\DC_V04.01.00_int\cu3x1App_SRC\Control\source\stub
                -IC:\local\Workspace\DC_V04.01.00_int\cu3x1App_SRC\Control\source\test
                -IC:\local\Workspace\DC_V04.01.00_int\cu3x1App_SRC\Control\source\GENIpro
                -IC:\local\Workspace\DC_V04.01.00_int\cu3x1App_SRC\Control\source\GENIpro\GENI_sys
                -IC:\local\Workspace\DC_V04.01.00_int\cu3x1App_SRC\Control\source\GENIpro\GENIusb\emUSB\USB\Driver
                -IC:\local\Workspace\DC_V04.01.00_int\cu3x1App_SRC\Control\source\application\intercom
                -IC:\local\Workspace\DC_V04.01.00_int\cu3x1App_SRC\Control\source\application\controller
                -IC:\local\Workspace\DC_V04.01.00_int\cu3x1App_SRC\Control\source\application\driver
                -IC:\local\Workspace\DC_V04.01.00_int\cu3x1App_SRC\Control\source\application\webif
                -IC:\local\Workspace\DC_V04.01.00_int\cu3x1App_SRC\Control\source\application\relay
                -IC:\local\Workspace\DC_V04.01.00_int\cu3x1App_SRC\Control\source\application\GENIApp
                -IC:\local\Workspace\DC_V04.01.00_int\cu3x1App_SRC\Control\source\application\alarm
                -IC:\local\Workspace\DC_V04.01.00_int\cu3x1App_SRC\Control\source\application\config
                -IC:\local\Workspace\DC_V04.01.00_int\cu3x1App_SRC\Control\source\application\AnaInConfigCtrl
                -IC:\local\Workspace\DC_V04.01.00_int\cu3x1App_SRC\Control\source\application\Sms
                -IC:\local\Workspace\DC_V04.01.00_int\cu3x1App_SRC\Control\source\application\display
                -IC:\local\Workspace\DC_V04.01.00_int\cu3x1App_SRC\Control\source\application\display\display_task
                -IC:\local\Workspace\DC_V04.01.00_int\cu3x1App_SRC\Control\source\application\display\gui_utility
                -IC:\local\Workspace\DC_V04.01.00_int\cu3x1App_SRC\Control\source\application\display\mpcunit
                -IC:\local\Workspace\DC_V04.01.00_int\cu3x1App_SRC\Control\source\GeniPro
                -IC:\local\Workspace\DC_V04.01.00_int\cu3x1App_SRC\Control\source\GeniPro\GENI_sys
                -IC:\local\Workspace\DC_V04.01.00_int\cu3x1App_SRC\Control\source\GeniPro\GENIbus
                -IC:\local\Workspace\DC_V04.01.00_int\cu3x1App_SRC\Control\source\GeniPro\GENIcom
                -IC:\local\Workspace\DC_V04.01.00_int\cu3x1App_SRC\Control\source\GeniPro\GENIrs232
                -IC:\local\Workspace\DC_V04.01.00_int\cu3x1App_SRC\Control\source\GeniPro\Virtual
                -IC:\local\Workspace\DC_V04.01.00_int\cu3x1Platform_SRC\Platform\common
                -IC:\local\Workspace\DC_V04.01.00_int\cu3x1Platform_SRC\Platform\hardware
                -IC:\local\Workspace\DC_V04.01.00_int\cu3x1Platform_SRC\Platform\hardware\D3018X
                -IC:\local\Workspace\DC_V04.01.00_int\cu3x1App_SRC\Control\source\application\display\imagesTFT
                -IC:\GHS\V35\mips35\mipsl_sf -r4121 -source=LCD_RotateCCW.c -o
                objs\gh_2i09c.o -list=objs\LCD_RotateCCW.lst
                C:\Users\55602\AppData\Local\Temp\gh_2i09c.s
Source File:    C:\Users\55602\AppData\Local\Temp\gh_2i09c.s
Directory:      C:\local\Workspace\DC_V04.01.00_int\cu3x1App_SRC\Control\source
Host OS:        GHS_WIN32
Version:        AS-MIPS 3.5#11 
Release:        MULTI 2000, MIPS v3.5
Revision Date:  Wed Feb 27 12:19:03 2002
Release Date:   Sat Mar 02 02:57:59 2002
                             1	 #Source File:   C:\local\Workspace\DC_V04.01.00_int\cu3x1Platform_SRC\emWinColour\GUI\Core\LCD_RotateCCW.c

                                   Tue Apr 07 08:57:07 2015           Page 2
                                   Tue Apr 07 08:57:06 2015       gh_2i09c.s
                             2	 #Directory:     
                             3	 #		C:\local\Workspace\DC_V04.01.00_int\cu3x1App_SRC\Control\source
                             4	 #Compile Date:  Tue Apr 07 08:57:06 2015
                             5	 #Host OS:       Win32
                             6	 #Version:       C-MIPS 3.5#11 RELEASE VERSION
                             7	 #Release:       MULTI 2000, MIPS v3.5
                             8	 #Revision Date: Fri Mar 01 11:32:40 2002
                             9	 #Release Date:  Sat Mar 02 02:58:48 2002
                            10		.set	noat
                            11		.set	noreorder
                            12		.set	nomacro
                            13		.text
                            14		.align	4
                            15	_Rect2TextRect:
        84830000 00000000   16		lh	$3, 0($4)
                            17	 #	    .bf
        848f0004 00000004   18		lh	$15, 4($4)
        84820002 00000008   19		lh	$2, 2($4)
        84990006 0000000c   20		lh	$25, 6($4)
        01e37823 00000010   21		subu	$15, $15, $3
        004f7021 00000014   22		addu	$14, $2, $15
                            23	 #	    .ef
        a48e0006 00000018   24		sh	$14, 6($4)
        0322c823 0000001c   25		subu	$25, $25, $2
        0079c021 00000020   26		addu	$24, $3, $25
        03e00008 00000024   27		jr	$ra
        a4980004 00000028   28		sh	$24, 4($4)
                            29		.type	_Rect2TextRect,@function
                            30		.size	_Rect2TextRect,.-_Rect2TextRect
                            31		.align	4
                            32	 #x1	$15	local
                            33	 #y1	$25	local
                            34	
                            35	 #pRect	$4	param
                            36	
                            37		.data
                            38	.L176:
                            39		.text
                            40		.align	4
                            41		.align	4
                            42		.align	4
                            43	_TransformPointCCW:
        27bdffe0 0000002c   44		addiu	$sp, $sp, -32
                            45	 #	    .bf
        afb00000 00000030   46		sw	$16, 0($sp)
        00808025 00000034   47		move	$16, $4
        afb10004 00000038   48		sw	$17, 4($sp)
        00a08825 0000003c   49		move	$17, $5
        afb20008 00000040   50		sw	$18, 8($sp)
        27b20010 00000044   51		addiu	$18, $sp, 16
        afbf001c 00000048   52		sw	$ra, 28($sp)
        afb3000c 0000004c   53		sw	$19, 12($sp)
        3c190000 00000050   54		lui	$25, %hi(.L214)
        8f2f0000 00000054   55		lw	$15, %lo(.L214)($25)
        27390000 00000058   56		addiu	$25, $25, %lo(.L214)
        8f2e0004 0000005c   57		lw	$14, 4($25)

                                   Tue Apr 07 08:57:07 2015           Page 3
                                   Tue Apr 07 08:57:06 2015       gh_2i09c.s
        afaf0010 00000060   58		sw	$15, 16($sp)
        02402025 00000064   59		move	$4, $18
        0c000000 00000068   60		jal	WM_GetWindowRect
        afae0014 0000006c   61		sw	$14, 20($sp)
        0c000000 00000070   62		jal	LCD_GetXSize
        00000000 00000074   63		nop
        0c000000 00000078   64		jal	LCD_GetYSize
        2453ffff 0000007c   65		addiu	$19, $2, -1
        87ad0014 00000080   66		lh	$13, 20($sp)
        2443ffff 00000084   67		addiu	$3, $2, -1
        026dc82a 00000088   68		slt	$25, $19, $13
        57200001 0000008c   69		bnel	$25, $0, .L183
        a6530004 00000090   70		sh	$19, 4($18)
                            71	.L183:
        86580006 00000094   72		lh	$24, 6($18)
        0078782a 00000098   73		slt	$15, $3, $24
        55e00001 0000009c   74		bnel	$15, $0, .L185
        a6430006 000000a0   75		sh	$3, 6($18)
                            76	.L185:
        8e220000 000000a4   77		lw	$2, 0($17)
        864d0000 000000a8   78		lh	$13, 0($18)
        8e030000 000000ac   79		lw	$3, 0($16)
        01a27021 000000b0   80		addu	$14, $13, $2
        86420006 000000b4   81		lh	$2, 6($18)
        ae0e0000 000000b8   82		sw	$14, 0($16)
        878b0000 000000bc   83		lh	$11, %sdaoff(GUI_RectDispString)($28)
        0043c823 000000c0   84		subu	$25, $2, $3
        ae390000 000000c4   85		sw	$25, 0($17)
        8e0f0000 000000c8   86		lw	$15, 0($16)
        878d0000 000000cc   87		lh	$13, %sdaoff(GUI_RectDispString+2)($28)
        01ebc021 000000d0   88		addu	$24, $15, $11
        030d7023 000000d4   89		subu	$14, $24, $13
        ae0e0000 000000d8   90		sw	$14, 0($16)
        8e380000 000000dc   91		lw	$24, 0($17)
        878f0000 000000e0   92		lh	$15, %sdaoff(GUI_RectDispString+6)($28)
        864d0002 000000e4   93		lh	$13, 2($18)
        030fc821 000000e8   94		addu	$25, $24, $15
        032d7021 000000ec   95		addu	$14, $25, $13
        01c2c823 000000f0   96		subu	$25, $14, $2
        032bc021 000000f4   97		addu	$24, $25, $11
        ae380000 000000f8   98		sw	$24, 0($17)
                            99	 #	    .ef
        8fb3000c 000000fc  100		lw	$19, 12($sp)
        8fb20008 00000100  101		lw	$18, 8($sp)
        8fbf001c 00000104  102		lw	$ra, 28($sp)
        8fb00000 00000108  103		lw	$16, 0($sp)
        8fb10004 0000010c  104		lw	$17, 4($sp)
        03e00008 00000110  105		jr	$ra
        27bd0020 00000114  106		addiu	$sp, $sp, 32
                           107		.type	_TransformPointCCW,@function
                           108		.size	_TransformPointCCW,.-_TransformPointCCW
                           109		.align	4
                           110	 #ClientRect	16($sp)	local
                           111	 #.L211	.L214	static
                           112	 #xPos	$3	local
                           113	 #yPos	$2	local

                                   Tue Apr 07 08:57:07 2015           Page 4
                                   Tue Apr 07 08:57:06 2015       gh_2i09c.s
                           114	 #xNumPixel	$19	local
                           115	 #yNumPixel	$3	local
                           116	
                           117	 #pXPos	$16	param
                           118	 #pYPos	$17	param
                           119	
                           120		.data
                           121	.L210:
                           122		.section ".rodata","a"
            0000 00000000  123	.L214:	.space	2
            0000 00000002  124		.space	2
            0000 00000004  125		.space	2
            0000 00000006  126		.space	2
                           127		.type	.L214,@object
                           128		.size	.L214,8
                           129		.data
                           130		.text
                           131		.align	4
                           132		.align	4
                           133	_DrawBitmapCCW:
        27bdfee8 00000118  134		addiu	$sp, $sp, -280
                           135	 #	    .bf
        afbf0114 0000011c  136		sw	$ra, 276($sp)
        afb20008 00000120  137		sw	$18, 8($sp)
        01009025 00000124  138		move	$18, $8
        afb3000c 00000128  139		sw	$19, 12($sp)
        01209825 0000012c  140		move	$19, $9
        afb40010 00000130  141		sw	$20, 16($sp)
        0140a025 00000134  142		move	$20, $10
        afb50014 00000138  143		sw	$21, 20($sp)
        0160a825 0000013c  144		move	$21, $11
        afb60018 00000140  145		sw	$22, 24($sp)
        8fb60118 00000144  146		lw	$22, 280($sp)
        afb7001c 00000148  147		sw	$23, 28($sp)
        8fb7011c 0000014c  148		lw	$23, 284($sp)
        afbe0020 00000150  149		sw	$fp, 32($sp)
        341e0000 00000154  150		ori	$fp, $0, 0
        afb10004 00000158  151		sw	$17, 4($sp)
        00e08825 0000015c  152		move	$17, $7
        00b1c821 00000160  153		addu	$25, $5, $17
        272fffff 00000164  154		addiu	$15, $25, -1
        afaf002c 00000168  155		sw	$15, 44($sp)
        afb00000 0000016c  156		sw	$16, 0($sp)
        00c08025 00000170  157		move	$16, $6
        00907021 00000174  158		addu	$14, $4, $16
        25d9ffff 00000178  159		addiu	$25, $14, -1
        afb90028 0000017c  160		sw	$25, 40($sp)
        afa40030 00000180  161		sw	$4, 48($sp)
        27a40030 00000184  162		addiu	$4, $sp, 48
        afa50034 00000188  163		sw	$5, 52($sp)
        0c000000 0000018c  164		jal	_TransformPointCCW
        27a50034 00000190  165		addiu	$5, $sp, 52
        27a40028 00000194  166		addiu	$4, $sp, 40
        0c000000 00000198  167		jal	_TransformPointCCW
        27a5002c 0000019c  168		addiu	$5, $sp, 44
        34180001 000001a0  169		ori	$24, $0, 1

                                   Tue Apr 07 08:57:07 2015           Page 5
                                   Tue Apr 07 08:57:06 2015       gh_2i09c.s
        565801d0 000001a4  170		bnel	$18, $24, .L1000227
        340e0008 000001a8  171		ori	$14, $0, 8
        167801cd 000001ac  172		bne	$19, $24, .L227
        3c030000 000001b0  173		lui	$3, %hi(GUI_Context)
        24630000 000001b4  174		addiu	$3, $3, %lo(GUI_Context)
        8fb9002c 000001b8  175		lw	$25, 44($sp)
        8478000a 000001bc  176		lh	$24, 10($3)
        24620008 000001c0  177		addiu	$2, $3, 8
        afa00094 000001c4  178		sw	$0, 148($sp)
        0338702a 000001c8  179		slt	$14, $25, $24
        11c00002 000001cc  180		beq	$14, $0, .L230
        03196823 000001d0  181		subu	$13, $24, $25
        020d8023 000001d4  182		subu	$16, $16, $13
                           183	.L230:
        844f0006 000001d8  184		lh	$15, 6($2)
        8fb80034 000001dc  185		lw	$24, 52($sp)
        01f8c82a 000001e0  186		slt	$25, $15, $24
        1320000d 000001e4  187		beq	$25, $0, .L232
        030f6023 000001e8  188		subu	$12, $24, $15
        020c8023 000001ec  189		subu	$16, $16, $12
        2699ffff 000001f0  190		addiu	$25, $20, -1
        17200009 000001f4  191		bne	$25, $0, .L232
        afac0094 000001f8  192		sw	$12, 148($sp)
        000cc8c3 000001fc  193		sra	$25, $12, 3
        02d9b021 00000200  194		addu	$22, $22, $25
        001978c0 00000204  195		sll	$15, $25, 3
        03007025 00000208  196		move	$14, $24
        01cf7023 0000020c  197		subu	$14, $14, $15
        afae0034 00000210  198		sw	$14, 52($sp)
        318c0007 00000214  199		andi	$12, $12, 7
        afac0094 00000218  200		sw	$12, 148($sp)
                           201	.L232:
        5a200242 0000021c  202		blezl	$17, .L1000225
        8fbe0020 00000220  203		lw	$fp, 32($sp)
        844f0004 00000224  204		lh	$15, 4($2)
        8fb80028 00000228  205		lw	$24, 40($sp)
        01f8c82a 0000022c  206		slt	$25, $15, $24
        13200002 00000230  207		beq	$25, $0, .L240
        030fc023 00000234  208		subu	$24, $24, $15
        02388823 00000238  209		subu	$17, $17, $24
                           210	.L240:
        84420000 0000023c  211		lh	$2, 0($2)
        8fb90030 00000240  212		lw	$25, 48($sp)
        0322782a 00000244  213		slt	$15, $25, $2
        11e00006 00000248  214		beq	$15, $0, .L242
        00591023 0000024c  215		subu	$2, $2, $25
        02c00013 00000250  216		mtlo	$22
        0055b028 00000254  217		macc	$22, $2, $21
        03226821 00000258  218		addu	$13, $25, $2
        afad0030 0000025c  219		sw	$13, 48($sp)
        02228823 00000260  220		subu	$17, $17, $2
                           221	.L242:
        5a000230 00000264  222		blezl	$16, .L1000225
        8fbe0020 00000268  223		lw	$fp, 32($sp)
        8fac0030 0000026c  224		lw	$12, 48($sp)
        afa000cc 00000270  225		sw	$0, 204($sp)

                                   Tue Apr 07 08:57:07 2015           Page 6
                                   Tue Apr 07 08:57:06 2015       gh_2i09c.s
        afb000a0 00000274  226		sw	$16, 160($sp)
        afac00e4 00000278  227		sw	$12, 228($sp)
        8fac0034 0000027c  228		lw	$12, 52($sp)
        afb400a4 00000280  229		sw	$20, 164($sp)
        afb500a8 00000284  230		sw	$21, 168($sp)
        afb7004c 00000288  231		sw	$23, 76($sp)
        afa000bc 0000028c  232		sw	$0, 188($sp)
        02201025 00000290  233		move	$2, $17
        34010000 00000294  234		ori	$1, $0, 0
        0022c02a 00000298  235		slt	$24, $1, $2
        13000002 0000029c  236		beq	$24, $0, .L748
        afac009c 000002a0  237		sw	$12, 156($sp)
        afa200cc 000002a4  238		sw	$2, 204($sp)
                           239	.L748:
        8fa100cc 000002a8  240		lw	$1, 204($sp)
        0001f042 000002ac  241		srl	$fp, $1, 1
        53c000fa 000002b0  242		beql	$fp, $0, .L1000461
        8fa100cc 000002b4  243		lw	$1, 204($sp)
        8fa100e4 000002b8  244		lw	$1, 228($sp)
        afa30050 000002bc  245		sw	$3, 80($sp)
        afa300c0 000002c0  246		sw	$3, 192($sp)
        242c0001 000002c4  247		addiu	$12, $1, 1
        afac0054 000002c8  248		sw	$12, 84($sp)
                           249	.L462:
        8fa100a4 000002cc  250		lw	$1, 164($sp)
        2423ffff 000002d0  251		addiu	$3, $1, -1
        54600072 000002d4  252		bnel	$3, $0, .L1000485
        8fac00a8 000002d8  253		lw	$12, 168($sp)
        8fa1004c 000002dc  254		lw	$1, 76($sp)
        8fac0050 000002e0  255		lw	$12, 80($sp)
        8fb00094 000002e4  256		lw	$16, 148($sp)
        94340002 000002e8  257		lhu	$20, 2($1)
        94350000 000002ec  258		lhu	$21, 0($1)
        8fa1009c 000002f0  259		lw	$1, 156($sp)
        afac0084 000002f4  260		sw	$12, 132($sp)
        8fb300a0 000002f8  261		lw	$19, 160($sp)
        00308823 000002fc  262		subu	$17, $1, $16
        8fa10054 00000300  263		lw	$1, 84($sp)
        afac007c 00000304  264		sw	$12, 124($sp)
        8fad00c0 00000308  265		lw	$13, 192($sp)
        2437ffff 0000030c  266		addiu	$23, $1, -1
        afb70100 00000310  267		sw	$23, 256($sp)
        91ad0010 00000314  268		lbu	$13, 16($13)
        afac0080 00000318  269		sw	$12, 128($sp)
        afb700e8 0000031c  270		sw	$23, 232($sp)
        31a30003 00000320  271		andi	$3, $13, 3
        10600008 00000324  272		beq	$3, $0, .L464
        02c09025 00000328  273		move	$18, $22
        34180001 0000032c  274		ori	$24, $0, 1
        10780041 00000330  275		beq	$3, $24, .L477
        2463fffe 00000334  276		addiu	$3, $3, -2
        50600028 00000338  277		beql	$3, $0, .L1000471
        340f0080 0000033c  278		ori	$15, $0, 128
        08000000 00000340  279		j	.L1000485
        8fac00a8 00000344  280		lw	$12, 168($sp)
                           281	.L464:

                                   Tue Apr 07 08:57:07 2015           Page 7
                                   Tue Apr 07 08:57:06 2015       gh_2i09c.s
        340d0080 00000348  282		ori	$13, $0, 128
                           283	.L1000464:
        92580000 0000034c  284		lbu	$24, 0($18)
        020d7007 00000350  285		srav	$14, $13, $16
        030ec824 00000354  286		and	$25, $24, $14
        1320000e 00000358  287		beq	$25, $0, .L1000466
        8fae007c 0000035c  288		lw	$14, 124($sp)
        8dce004c 00000360  289		lw	$14, 76($14)
        02803025 00000364  290		move	$6, $20
        02202825 00000368  291		move	$5, $17
        8dce0024 0000036c  292		lw	$14, 36($14)
        8fa40100 00000370  293		lw	$4, 256($sp)
        2631ffff 00000374  294		addiu	$17, $17, -1
        01c0f809 00000378  295		jalr	$14
        26100001 0000037c  296		addiu	$16, $16, 1
        340d0008 00000380  297		ori	$13, $0, 8
        560d0011 00000384  298		bnel	$16, $13, .L1000469
        2673ffff 00000388  299		addiu	$19, $19, -1
        08000000 0000038c  300		j	.L1000468
        34100000 00000390  301		ori	$16, $0, 0
                           302	.L1000466:
        8dce004c 00000394  303		lw	$14, 76($14)
        02a03025 00000398  304		move	$6, $21
        02202825 0000039c  305		move	$5, $17
        8dce0024 000003a0  306		lw	$14, 36($14)
        8fa40100 000003a4  307		lw	$4, 256($sp)
        2631ffff 000003a8  308		addiu	$17, $17, -1
        01c0f809 000003ac  309		jalr	$14
        26100001 000003b0  310		addiu	$16, $16, 1
        340d0008 000003b4  311		ori	$13, $0, 8
        560d0004 000003b8  312		bnel	$16, $13, .L1000469
        2673ffff 000003bc  313		addiu	$19, $19, -1
        34100000 000003c0  314		ori	$16, $0, 0
                           315	.L1000468:
        26520001 000003c4  316		addiu	$18, $18, 1
        2673ffff 000003c8  317		addiu	$19, $19, -1
                           318	.L1000469:
        5660ffdf 000003cc  319		bnel	$19, $0, .L1000464
        340d0080 000003d0  320		ori	$13, $0, 128
        08000000 000003d4  321		j	.L1000485
        8fac00a8 000003d8  322		lw	$12, 168($sp)
                           323	.L1000471:
        924d0000 000003dc  324		lbu	$13, 0($18)
        020fc007 000003e0  325		srav	$24, $15, $16
        01b87024 000003e4  326		and	$14, $13, $24
        51c00009 000003e8  327		beql	$14, $0, .L1000473
        26100001 000003ec  328		addiu	$16, $16, 1
        8fb80080 000003f0  329		lw	$24, 128($sp)
        8f18004c 000003f4  330		lw	$24, 76($24)
        8f180024 000003f8  331		lw	$24, 36($24)
        02202825 000003fc  332		move	$5, $17
        8fa400e8 00000400  333		lw	$4, 232($sp)
        0300f809 00000404  334		jalr	$24
        02803025 00000408  335		move	$6, $20
        26100001 0000040c  336		addiu	$16, $16, 1
                           337	.L1000473:

                                   Tue Apr 07 08:57:07 2015           Page 8
                                   Tue Apr 07 08:57:06 2015       gh_2i09c.s
        340f0008 00000410  338		ori	$15, $0, 8
        160f0003 00000414  339		bne	$16, $15, .L475
        2631ffff 00000418  340		addiu	$17, $17, -1
        34100000 0000041c  341		ori	$16, $0, 0
        26520001 00000420  342		addiu	$18, $18, 1
                           343	.L475:
        2673ffff 00000424  344		addiu	$19, $19, -1
        5660ffec 00000428  345		bnel	$19, $0, .L1000471
        340f0080 0000042c  346		ori	$15, $0, 128
        08000000 00000430  347		j	.L1000485
        8fac00a8 00000434  348		lw	$12, 168($sp)
                           349	.L477:
        34190080 00000438  350		ori	$25, $0, 128
                           351	.L1000477:
        924f0000 0000043c  352		lbu	$15, 0($18)
        02196807 00000440  353		srav	$13, $25, $16
        01edc024 00000444  354		and	$24, $15, $13
        1300000b 00000448  355		beq	$24, $0, .L479
        02e02025 0000044c  356		move	$4, $23
        0c000000 00000450  357		jal	LCD_L0_GetPixelIndex
        02202825 00000454  358		move	$5, $17
        8fad0084 00000458  359		lw	$13, 132($sp)
        8dad004c 0000045c  360		lw	$13, 76($13)
        02e02025 00000460  361		move	$4, $23
        8dad0024 00000464  362		lw	$13, 36($13)
        3401ffff 00000468  363		ori	$1, $0, 65535
        02202825 0000046c  364		move	$5, $17
        01a0f809 00000470  365		jalr	$13
        00223023 00000474  366		subu	$6, $1, $2
                           367	.L479:
        26100001 00000478  368		addiu	$16, $16, 1
        34190008 0000047c  369		ori	$25, $0, 8
        16190003 00000480  370		bne	$16, $25, .L481
        2631ffff 00000484  371		addiu	$17, $17, -1
        34100000 00000488  372		ori	$16, $0, 0
        26520001 0000048c  373		addiu	$18, $18, 1
                           374	.L481:
        2673ffff 00000490  375		addiu	$19, $19, -1
        5660ffe9 00000494  376		bnel	$19, $0, .L1000477
        34190080 00000498  377		ori	$25, $0, 128
        8fac00a8 0000049c  378		lw	$12, 168($sp)
                           379	.L1000485:
        8fa100a4 000004a0  380		lw	$1, 164($sp)
        02ccb021 000004a4  381		addu	$22, $22, $12
        2423ffff 000004a8  382		addiu	$3, $1, -1
        54600071 000004ac  383		bnel	$3, $0, .L1000507
        8fac00a8 000004b0  384		lw	$12, 168($sp)
        8fa1004c 000004b4  385		lw	$1, 76($sp)
        8fb00094 000004b8  386		lw	$16, 148($sp)
        8fac0050 000004bc  387		lw	$12, 80($sp)
        94350000 000004c0  388		lhu	$21, 0($1)
        94340002 000004c4  389		lhu	$20, 2($1)
        8fa1009c 000004c8  390		lw	$1, 156($sp)
        afac0074 000004cc  391		sw	$12, 116($sp)
        8fb70054 000004d0  392		lw	$23, 84($sp)
        8fb300a0 000004d4  393		lw	$19, 160($sp)

                                   Tue Apr 07 08:57:07 2015           Page 9
                                   Tue Apr 07 08:57:06 2015       gh_2i09c.s
        00308823 000004d8  394		subu	$17, $1, $16
        8fae00c0 000004dc  395		lw	$14, 192($sp)
        afb700f0 000004e0  396		sw	$23, 240($sp)
        afac006c 000004e4  397		sw	$12, 108($sp)
        91ce0010 000004e8  398		lbu	$14, 16($14)
        afb700ec 000004ec  399		sw	$23, 236($sp)
        afac0070 000004f0  400		sw	$12, 112($sp)
        31c30003 000004f4  401		andi	$3, $14, 3
        10600008 000004f8  402		beq	$3, $0, .L487
        02c09025 000004fc  403		move	$18, $22
        34190001 00000500  404		ori	$25, $0, 1
        10790041 00000504  405		beq	$3, $25, .L500
        2463fffe 00000508  406		addiu	$3, $3, -2
        50600028 0000050c  407		beql	$3, $0, .L1000494
        34180080 00000510  408		ori	$24, $0, 128
        08000000 00000514  409		j	.L1000507
        8fac00a8 00000518  410		lw	$12, 168($sp)
                           411	.L487:
        340e0080 0000051c  412		ori	$14, $0, 128
                           413	.L1000487:
        92590000 00000520  414		lbu	$25, 0($18)
        020e7807 00000524  415		srav	$15, $14, $16
        032f6824 00000528  416		and	$13, $25, $15
        11a0000e 0000052c  417		beq	$13, $0, .L1000489
        8faf006c 00000530  418		lw	$15, 108($sp)
        8def004c 00000534  419		lw	$15, 76($15)
        02803025 00000538  420		move	$6, $20
        02202825 0000053c  421		move	$5, $17
        8def0024 00000540  422		lw	$15, 36($15)
        8fa400f0 00000544  423		lw	$4, 240($sp)
        2631ffff 00000548  424		addiu	$17, $17, -1
        01e0f809 0000054c  425		jalr	$15
        26100001 00000550  426		addiu	$16, $16, 1
        340e0008 00000554  427		ori	$14, $0, 8
        560e0011 00000558  428		bnel	$16, $14, .L1000492
        2673ffff 0000055c  429		addiu	$19, $19, -1
        08000000 00000560  430		j	.L1000491
        34100000 00000564  431		ori	$16, $0, 0
                           432	.L1000489:
        8def004c 00000568  433		lw	$15, 76($15)
        02a03025 0000056c  434		move	$6, $21
        02202825 00000570  435		move	$5, $17
        8def0024 00000574  436		lw	$15, 36($15)
        8fa400f0 00000578  437		lw	$4, 240($sp)
        2631ffff 0000057c  438		addiu	$17, $17, -1
        01e0f809 00000580  439		jalr	$15
        26100001 00000584  440		addiu	$16, $16, 1
        340e0008 00000588  441		ori	$14, $0, 8
        560e0004 0000058c  442		bnel	$16, $14, .L1000492
        2673ffff 00000590  443		addiu	$19, $19, -1
        34100000 00000594  444		ori	$16, $0, 0
                           445	.L1000491:
        26520001 00000598  446		addiu	$18, $18, 1
        2673ffff 0000059c  447		addiu	$19, $19, -1
                           448	.L1000492:
        5660ffdf 000005a0  449		bnel	$19, $0, .L1000487

                                   Tue Apr 07 08:57:07 2015           Page 10
                                   Tue Apr 07 08:57:06 2015       gh_2i09c.s
        340e0080 000005a4  450		ori	$14, $0, 128
        08000000 000005a8  451		j	.L1000507
        8fac00a8 000005ac  452		lw	$12, 168($sp)
                           453	.L1000494:
        924e0000 000005b0  454		lbu	$14, 0($18)
        0218c807 000005b4  455		srav	$25, $24, $16
        01d97824 000005b8  456		and	$15, $14, $25
        51e00009 000005bc  457		beql	$15, $0, .L1000496
        26100001 000005c0  458		addiu	$16, $16, 1
        8fb90070 000005c4  459		lw	$25, 112($sp)
        8f39004c 000005c8  460		lw	$25, 76($25)
        8f390024 000005cc  461		lw	$25, 36($25)
        02202825 000005d0  462		move	$5, $17
        8fa400ec 000005d4  463		lw	$4, 236($sp)
        0320f809 000005d8  464		jalr	$25
        02803025 000005dc  465		move	$6, $20
        26100001 000005e0  466		addiu	$16, $16, 1
                           467	.L1000496:
        34180008 000005e4  468		ori	$24, $0, 8
        16180003 000005e8  469		bne	$16, $24, .L498
        2631ffff 000005ec  470		addiu	$17, $17, -1
        34100000 000005f0  471		ori	$16, $0, 0
        26520001 000005f4  472		addiu	$18, $18, 1
                           473	.L498:
        2673ffff 000005f8  474		addiu	$19, $19, -1
        5660ffec 000005fc  475		bnel	$19, $0, .L1000494
        34180080 00000600  476		ori	$24, $0, 128
        08000000 00000604  477		j	.L1000507
        8fac00a8 00000608  478		lw	$12, 168($sp)
                           479	.L500:
        340d0080 0000060c  480		ori	$13, $0, 128
                           481	.L1000500:
        92580000 00000610  482		lbu	$24, 0($18)
        020d7007 00000614  483		srav	$14, $13, $16
        030ec824 00000618  484		and	$25, $24, $14
        1320000b 0000061c  485		beq	$25, $0, .L502
        02e02025 00000620  486		move	$4, $23
        0c000000 00000624  487		jal	LCD_L0_GetPixelIndex
        02202825 00000628  488		move	$5, $17
        8fae0074 0000062c  489		lw	$14, 116($sp)
        8dce004c 00000630  490		lw	$14, 76($14)
        02e02025 00000634  491		move	$4, $23
        8dce0024 00000638  492		lw	$14, 36($14)
        3401ffff 0000063c  493		ori	$1, $0, 65535
        02202825 00000640  494		move	$5, $17
        01c0f809 00000644  495		jalr	$14
        00223023 00000648  496		subu	$6, $1, $2
                           497	.L502:
        26100001 0000064c  498		addiu	$16, $16, 1
        340d0008 00000650  499		ori	$13, $0, 8
        160d0003 00000654  500		bne	$16, $13, .L504
        2631ffff 00000658  501		addiu	$17, $17, -1
        34100000 0000065c  502		ori	$16, $0, 0
        26520001 00000660  503		addiu	$18, $18, 1
                           504	.L504:
        2673ffff 00000664  505		addiu	$19, $19, -1

                                   Tue Apr 07 08:57:07 2015           Page 11
                                   Tue Apr 07 08:57:06 2015       gh_2i09c.s
        5660ffe9 00000668  506		bnel	$19, $0, .L1000500
        340d0080 0000066c  507		ori	$13, $0, 128
        8fac00a8 00000670  508		lw	$12, 168($sp)
                           509	.L1000507:
        8fa10054 00000674  510		lw	$1, 84($sp)
        02ccb021 00000678  511		addu	$22, $22, $12
        242c0002 0000067c  512		addiu	$12, $1, 2
        8fa100bc 00000680  513		lw	$1, 188($sp)
        afac0054 00000684  514		sw	$12, 84($sp)
        27deffff 00000688  515		addiu	$fp, $fp, -1
        242c0002 0000068c  516		addiu	$12, $1, 2
        17c0ff0e 00000690  517		bne	$fp, $0, .L462
        afac00bc 00000694  518		sw	$12, 188($sp)
        8fa100cc 00000698  519		lw	$1, 204($sp)
                           520	.L1000461:
        303e0001 0000069c  521		andi	$fp, $1, 1
        13c00120 000006a0  522		beq	$fp, $0, .L225
        3c0c0000 000006a4  523		lui	$12, %hi(GUI_Context)
        258c0000 000006a8  524		addiu	$12, $12, %lo(GUI_Context)
        afac00b0 000006ac  525		sw	$12, 176($sp)
        8fac00bc 000006b0  526		lw	$12, 188($sp)
        8fa100e4 000006b4  527		lw	$1, 228($sp)
        002c6021 000006b8  528		addu	$12, $1, $12
        afac0058 000006bc  529		sw	$12, 88($sp)
        3c0c0000 000006c0  530		lui	$12, %hi(GUI_Context)
        258c0000 000006c4  531		addiu	$12, $12, %lo(GUI_Context)
        afac00d0 000006c8  532		sw	$12, 208($sp)
                           533	.L510:
        8fa100a4 000006cc  534		lw	$1, 164($sp)
        2423ffff 000006d0  535		addiu	$3, $1, -1
        54600071 000006d4  536		bnel	$3, $0, .L1000532
        8fac00a8 000006d8  537		lw	$12, 168($sp)
        8fa1004c 000006dc  538		lw	$1, 76($sp)
        8fb00094 000006e0  539		lw	$16, 148($sp)
        8fac00b0 000006e4  540		lw	$12, 176($sp)
        94350000 000006e8  541		lhu	$21, 0($1)
        94340002 000006ec  542		lhu	$20, 2($1)
        8fa1009c 000006f0  543		lw	$1, 156($sp)
        afac0064 000006f4  544		sw	$12, 100($sp)
        8fb300a0 000006f8  545		lw	$19, 160($sp)
        8fb70058 000006fc  546		lw	$23, 88($sp)
        00308823 00000700  547		subu	$17, $1, $16
        8fad00d0 00000704  548		lw	$13, 208($sp)
        afac005c 00000708  549		sw	$12, 92($sp)
        afb700f8 0000070c  550		sw	$23, 248($sp)
        91ad0010 00000710  551		lbu	$13, 16($13)
        afac0060 00000714  552		sw	$12, 96($sp)
        afb700f4 00000718  553		sw	$23, 244($sp)
        31a30003 0000071c  554		andi	$3, $13, 3
        10600008 00000720  555		beq	$3, $0, .L512
        02c09025 00000724  556		move	$18, $22
        34180001 00000728  557		ori	$24, $0, 1
        10780041 0000072c  558		beq	$3, $24, .L525
        2463fffe 00000730  559		addiu	$3, $3, -2
        50600028 00000734  560		beql	$3, $0, .L1000519
        340f0080 00000738  561		ori	$15, $0, 128

                                   Tue Apr 07 08:57:07 2015           Page 12
                                   Tue Apr 07 08:57:06 2015       gh_2i09c.s
        08000000 0000073c  562		j	.L1000532
        8fac00a8 00000740  563		lw	$12, 168($sp)
                           564	.L512:
        340d0080 00000744  565		ori	$13, $0, 128
                           566	.L1000512:
        92580000 00000748  567		lbu	$24, 0($18)
        020d7007 0000074c  568		srav	$14, $13, $16
        030ec824 00000750  569		and	$25, $24, $14
        1320000e 00000754  570		beq	$25, $0, .L1000514
        8fae005c 00000758  571		lw	$14, 92($sp)
        8dce004c 0000075c  572		lw	$14, 76($14)
        02803025 00000760  573		move	$6, $20
        02202825 00000764  574		move	$5, $17
        8dce0024 00000768  575		lw	$14, 36($14)
        8fa400f8 0000076c  576		lw	$4, 248($sp)
        2631ffff 00000770  577		addiu	$17, $17, -1
        01c0f809 00000774  578		jalr	$14
        26100001 00000778  579		addiu	$16, $16, 1
        340d0008 0000077c  580		ori	$13, $0, 8
        560d0011 00000780  581		bnel	$16, $13, .L1000517
        2673ffff 00000784  582		addiu	$19, $19, -1
        08000000 00000788  583		j	.L1000516
        34100000 0000078c  584		ori	$16, $0, 0
                           585	.L1000514:
        8dce004c 00000790  586		lw	$14, 76($14)
        02a03025 00000794  587		move	$6, $21
        02202825 00000798  588		move	$5, $17
        8dce0024 0000079c  589		lw	$14, 36($14)
        8fa400f8 000007a0  590		lw	$4, 248($sp)
        2631ffff 000007a4  591		addiu	$17, $17, -1
        01c0f809 000007a8  592		jalr	$14
        26100001 000007ac  593		addiu	$16, $16, 1
        340d0008 000007b0  594		ori	$13, $0, 8
        560d0004 000007b4  595		bnel	$16, $13, .L1000517
        2673ffff 000007b8  596		addiu	$19, $19, -1
        34100000 000007bc  597		ori	$16, $0, 0
                           598	.L1000516:
        26520001 000007c0  599		addiu	$18, $18, 1
        2673ffff 000007c4  600		addiu	$19, $19, -1
                           601	.L1000517:
        5660ffdf 000007c8  602		bnel	$19, $0, .L1000512
        340d0080 000007cc  603		ori	$13, $0, 128
        08000000 000007d0  604		j	.L1000532
        8fac00a8 000007d4  605		lw	$12, 168($sp)
                           606	.L1000519:
        924d0000 000007d8  607		lbu	$13, 0($18)
        020fc007 000007dc  608		srav	$24, $15, $16
        01b87024 000007e0  609		and	$14, $13, $24
        51c00009 000007e4  610		beql	$14, $0, .L1000521
        26100001 000007e8  611		addiu	$16, $16, 1
        8fb80060 000007ec  612		lw	$24, 96($sp)
        8f18004c 000007f0  613		lw	$24, 76($24)
        8f180024 000007f4  614		lw	$24, 36($24)
        02202825 000007f8  615		move	$5, $17
        8fa400f4 000007fc  616		lw	$4, 244($sp)
        0300f809 00000800  617		jalr	$24

                                   Tue Apr 07 08:57:07 2015           Page 13
                                   Tue Apr 07 08:57:06 2015       gh_2i09c.s
        02803025 00000804  618		move	$6, $20
        26100001 00000808  619		addiu	$16, $16, 1
                           620	.L1000521:
        340f0008 0000080c  621		ori	$15, $0, 8
        160f0003 00000810  622		bne	$16, $15, .L523
        2631ffff 00000814  623		addiu	$17, $17, -1
        34100000 00000818  624		ori	$16, $0, 0
        26520001 0000081c  625		addiu	$18, $18, 1
                           626	.L523:
        2673ffff 00000820  627		addiu	$19, $19, -1
        5660ffec 00000824  628		bnel	$19, $0, .L1000519
        340f0080 00000828  629		ori	$15, $0, 128
        08000000 0000082c  630		j	.L1000532
        8fac00a8 00000830  631		lw	$12, 168($sp)
                           632	.L525:
        34190080 00000834  633		ori	$25, $0, 128
                           634	.L1000525:
        924f0000 00000838  635		lbu	$15, 0($18)
        02196807 0000083c  636		srav	$13, $25, $16
        01edc024 00000840  637		and	$24, $15, $13
        1300000b 00000844  638		beq	$24, $0, .L527
        02e02025 00000848  639		move	$4, $23
        0c000000 0000084c  640		jal	LCD_L0_GetPixelIndex
        02202825 00000850  641		move	$5, $17
        8fad0064 00000854  642		lw	$13, 100($sp)
        8dad004c 00000858  643		lw	$13, 76($13)
        02e02025 0000085c  644		move	$4, $23
        8dad0024 00000860  645		lw	$13, 36($13)
        3401ffff 00000864  646		ori	$1, $0, 65535
        02202825 00000868  647		move	$5, $17
        01a0f809 0000086c  648		jalr	$13
        00223023 00000870  649		subu	$6, $1, $2
                           650	.L527:
        26100001 00000874  651		addiu	$16, $16, 1
        34190008 00000878  652		ori	$25, $0, 8
        16190003 0000087c  653		bne	$16, $25, .L529
        2631ffff 00000880  654		addiu	$17, $17, -1
        34100000 00000884  655		ori	$16, $0, 0
        26520001 00000888  656		addiu	$18, $18, 1
                           657	.L529:
        2673ffff 0000088c  658		addiu	$19, $19, -1
        5660ffe9 00000890  659		bnel	$19, $0, .L1000525
        34190080 00000894  660		ori	$25, $0, 128
        8fac00a8 00000898  661		lw	$12, 168($sp)
                           662	.L1000532:
        8fa10058 0000089c  663		lw	$1, 88($sp)
        27deffff 000008a0  664		addiu	$fp, $fp, -1
        02ccb021 000008a4  665		addu	$22, $22, $12
        242c0001 000008a8  666		addiu	$12, $1, 1
        17c0ff87 000008ac  667		bne	$fp, $0, .L510
        afac0058 000008b0  668		sw	$12, 88($sp)
        8fb60018 000008b4  669		lw	$22, 24($sp)
        8fb50014 000008b8  670		lw	$21, 20($sp)
        8fb40010 000008bc  671		lw	$20, 16($sp)
        8fb3000c 000008c0  672		lw	$19, 12($sp)
        8fb20008 000008c4  673		lw	$18, 8($sp)

                                   Tue Apr 07 08:57:07 2015           Page 14
                                   Tue Apr 07 08:57:06 2015       gh_2i09c.s
        8fb10004 000008c8  674		lw	$17, 4($sp)
        8fb00000 000008cc  675		lw	$16, 0($sp)
        8fbf0114 000008d0  676		lw	$ra, 276($sp)
        8fb7001c 000008d4  677		lw	$23, 28($sp)
        8fbe0020 000008d8  678		lw	$fp, 32($sp)
        03e00008 000008dc  679		jr	$ra
        27bd0118 000008e0  680		addiu	$sp, $sp, 280
                           681	.L227:
        340e0008 000008e4  682		ori	$14, $0, 8
                           683	.L1000227:
        01d46023 000008e8  684		subu	$12, $14, $20
        afac0098 000008ec  685		sw	$12, 152($sp)
        3c0c0000 000008f0  686		lui	$12, %hi(GUI_Context)
        8fa10030 000008f4  687		lw	$1, 48($sp)
        258c0000 000008f8  688		addiu	$12, $12, %lo(GUI_Context)
        afac00c8 000008fc  689		sw	$12, 200($sp)
        afa10104 00000900  690		sw	$1, 260($sp)
        00336821 00000904  691		addu	$13, $1, $19
        01800825 00000908  692		move	$1, $12
        25acffff 0000090c  693		addiu	$12, $13, -1
        afac00b4 00000910  694		sw	$12, 180($sp)
        2eec0001 00000914  695		sltiu	$12, $23, 1
        afac00d8 00000918  696		sw	$12, 216($sp)
        27ac0034 0000091c  697		addiu	$12, $sp, 52
        afac00dc 00000920  698		sw	$12, 220($sp)
        242c0002 00000924  699		addiu	$12, $1, 2
        afac00b8 00000928  700		sw	$12, 184($sp)
        0011c82a 0000092c  701		slt	$25, $0, $17
        1320007c 00000930  702		beq	$25, $0, .L225
        afa000ac 00000934  703		sw	$0, 172($sp)
        8fb900b8 00000938  704		lw	$25, 184($sp)
                           705	.L1000277:
        8fac00b4 0000093c  706		lw	$12, 180($sp)
        87390006 00000940  707		lh	$25, 6($25)
        afac00fc 00000944  708		sw	$12, 252($sp)
        0199c02a 00000948  709		slt	$24, $12, $25
        57000068 0000094c  710		bnel	$24, $0, .L1000276
        8fa100ac 00000950  711		lw	$1, 172($sp)
        8faf00b8 00000954  712		lw	$15, 184($sp)
        8fac0104 00000958  713		lw	$12, 260($sp)
        85ef000a 0000095c  714		lh	$15, 10($15)
        01ec702a 00000960  715		slt	$14, $15, $12
        55c00062 00000964  716		bnel	$14, $0, .L1000276
        8fa100ac 00000968  717		lw	$1, 172($sp)
        8fac00b8 0000096c  718		lw	$12, 184($sp)
        8fa100dc 00000970  719		lw	$1, 220($sp)
        afb60044 00000974  720		sw	$22, 68($sp)
        afac003c 00000978  721		sw	$12, 60($sp)
        8fac00c8 0000097c  722		lw	$12, 200($sp)
        8c210000 00000980  723		lw	$1, 0($1)
        afa00040 00000984  724		sw	$0, 64($sp)
        afac008c 00000988  725		sw	$12, 140($sp)
        00326823 0000098c  726		subu	$13, $1, $18
        25ac0001 00000990  727		addiu	$12, $13, 1
        afac0108 00000994  728		sw	$12, 264($sp)
        8fac00d8 00000998  729		lw	$12, 216($sp)

                                   Tue Apr 07 08:57:07 2015           Page 15
                                   Tue Apr 07 08:57:06 2015       gh_2i09c.s
        afa1010c 0000099c  730		sw	$1, 268($sp)
        0010682a 000009a0  731		slt	$13, $0, $16
        afac0090 000009a4  732		sw	$12, 144($sp)
        11a00050 000009a8  733		beq	$13, $0, .L276
        afa00038 000009ac  734		sw	$0, 56($sp)
        8fa10038 000009b0  735		lw	$1, 56($sp)
                           736	.L1000284:
        54200008 000009b4  737		bnel	$1, $0, .L1000286
        8fac0098 000009b8  738		lw	$12, 152($sp)
        8fa10044 000009bc  739		lw	$1, 68($sp)
        340c0008 000009c0  740		ori	$12, $0, 8
        903e0000 000009c4  741		lbu	$fp, 0($1)
        24210001 000009c8  742		addiu	$1, $1, 1
        afa10044 000009cc  743		sw	$1, 68($sp)
        afac0038 000009d0  744		sw	$12, 56($sp)
        8fac0098 000009d4  745		lw	$12, 152($sp)
                           746	.L1000286:
        8fa10038 000009d8  747		lw	$1, 56($sp)
        019e1807 000009dc  748		srav	$3, $fp, $12
        029ef004 000009e0  749		sllv	$fp, $fp, $20
        306300ff 000009e4  750		andi	$3, $3, 255
        00346023 000009e8  751		subu	$12, $1, $20
        afac0038 000009ec  752		sw	$12, 56($sp)
        14600006 000009f0  753		bne	$3, $0, .L289
        33de00ff 000009f4  754		andi	$fp, $fp, 255
        8fae008c 000009f8  755		lw	$14, 140($sp)
        91ce0010 000009fc  756		lbu	$14, 16($14)
        31cf0002 00000a00  757		andi	$15, $14, 2
        55e0002d 00000a04  758		bnel	$15, $0, .L1000283
        8fa10040 00000a08  759		lw	$1, 64($sp)
                           760	.L289:
        8fac003c 00000a0c  761		lw	$12, 60($sp)
        8fa10090 00000a10  762		lw	$1, 144($sp)
        958c0000 00000a14  763		lhu	$12, 0($12)
        1420001d 00000a18  764		bne	$1, $0, .L291
        a7ac004a 00000a1c  765		sh	$12, 74($sp)
        0003c040 00000a20  766		sll	$24, $3, 1
        8fa1003c 00000a24  767		lw	$1, 60($sp)
        02f87821 00000a28  768		addu	$15, $23, $24
        95ee0000 00000a2c  769		lhu	$14, 0($15)
        8fa40104 00000a30  770		lw	$4, 260($sp)
        8fa50108 00000a34  771		lw	$5, 264($sp)
        a42e0000 00000a38  772		sh	$14, 0($1)
        8fa600fc 00000a3c  773		lw	$6, 252($sp)
        0c000000 00000a40  774		jal	LCD_FillRect
        8fa7010c 00000a44  775		lw	$7, 268($sp)
        8fa1003c 00000a48  776		lw	$1, 60($sp)
        97ac004a 00000a4c  777		lhu	$12, 74($sp)
        a42c0000 00000a50  778		sh	$12, 0($1)
        8fa10040 00000a54  779		lw	$1, 64($sp)
        242c0001 00000a58  780		addiu	$12, $1, 1
        8fa10108 00000a5c  781		lw	$1, 264($sp)
        afac0040 00000a60  782		sw	$12, 64($sp)
        00326023 00000a64  783		subu	$12, $1, $18
        8fa1010c 00000a68  784		lw	$1, 268($sp)
        afac0108 00000a6c  785		sw	$12, 264($sp)

                                   Tue Apr 07 08:57:07 2015           Page 16
                                   Tue Apr 07 08:57:06 2015       gh_2i09c.s
        00326023 00000a70  786		subu	$12, $1, $18
        8fa10040 00000a74  787		lw	$1, 64($sp)
        afac010c 00000a78  788		sw	$12, 268($sp)
        0030682a 00000a7c  789		slt	$13, $1, $16
        55a0ffcc 00000a80  790		bnel	$13, $0, .L1000284
        8fa10038 00000a84  791		lw	$1, 56($sp)
        08000000 00000a88  792		j	.L1000276
        8fa100ac 00000a8c  793		lw	$1, 172($sp)
                           794	.L291:
        8fa1003c 00000a90  795		lw	$1, 60($sp)
        8fa40104 00000a94  796		lw	$4, 260($sp)
        8fa50108 00000a98  797		lw	$5, 264($sp)
        a4230000 00000a9c  798		sh	$3, 0($1)
        8fa600fc 00000aa0  799		lw	$6, 252($sp)
        0c000000 00000aa4  800		jal	LCD_FillRect
        8fa7010c 00000aa8  801		lw	$7, 268($sp)
        8fa1003c 00000aac  802		lw	$1, 60($sp)
        97ac004a 00000ab0  803		lhu	$12, 74($sp)
        a42c0000 00000ab4  804		sh	$12, 0($1)
        8fa10040 00000ab8  805		lw	$1, 64($sp)
                           806	.L1000283:
        242c0001 00000abc  807		addiu	$12, $1, 1
        8fa10108 00000ac0  808		lw	$1, 264($sp)
        afac0040 00000ac4  809		sw	$12, 64($sp)
        00326023 00000ac8  810		subu	$12, $1, $18
        8fa1010c 00000acc  811		lw	$1, 268($sp)
        afac0108 00000ad0  812		sw	$12, 264($sp)
        00326023 00000ad4  813		subu	$12, $1, $18
        8fa10040 00000ad8  814		lw	$1, 64($sp)
        afac010c 00000adc  815		sw	$12, 268($sp)
        0030682a 00000ae0  816		slt	$13, $1, $16
        55a0ffb3 00000ae4  817		bnel	$13, $0, .L1000284
        8fa10038 00000ae8  818		lw	$1, 56($sp)
                           819	.L276:
        8fa100ac 00000aec  820		lw	$1, 172($sp)
                           821	.L1000276:
        242c0001 00000af0  822		addiu	$12, $1, 1
        8fa100b4 00000af4  823		lw	$1, 180($sp)
        afac00ac 00000af8  824		sw	$12, 172($sp)
        00336021 00000afc  825		addu	$12, $1, $19
        8fa10104 00000b00  826		lw	$1, 260($sp)
        afac00b4 00000b04  827		sw	$12, 180($sp)
        00336021 00000b08  828		addu	$12, $1, $19
        8fa100ac 00000b0c  829		lw	$1, 172($sp)
        afac0104 00000b10  830		sw	$12, 260($sp)
        02d5b021 00000b14  831		addu	$22, $22, $21
        0031c82a 00000b18  832		slt	$25, $1, $17
        5720ff87 00000b1c  833		bnel	$25, $0, .L1000277
        8fb900b8 00000b20  834		lw	$25, 184($sp)
                           835	.L225:
        8fbe0020 00000b24  836		lw	$fp, 32($sp)
                           837	.L1000225:
                           838	 #	    .ef
        8fb7001c 00000b28  839		lw	$23, 28($sp)
        8fbf0114 00000b2c  840		lw	$ra, 276($sp)
        8fb00000 00000b30  841		lw	$16, 0($sp)

                                   Tue Apr 07 08:57:07 2015           Page 17
                                   Tue Apr 07 08:57:06 2015       gh_2i09c.s
        8fb10004 00000b34  842		lw	$17, 4($sp)
        8fb20008 00000b38  843		lw	$18, 8($sp)
        8fb3000c 00000b3c  844		lw	$19, 12($sp)
        8fb40010 00000b40  845		lw	$20, 16($sp)
        8fb50014 00000b44  846		lw	$21, 20($sp)
        8fb60018 00000b48  847		lw	$22, 24($sp)
        03e00008 00000b4c  848		jr	$ra
        27bd0118 00000b50  849		addiu	$sp, $sp, 280
                           850		.type	_DrawBitmapCCW,@function
                           851		.size	_DrawBitmapCCW,.-_DrawBitmapCCW
                           852		.align	4
                           853	 #Data	$fp	local
                           854	 #x1	40($sp)	local
                           855	 #y1	44($sp)	local
                           856	 #Diff	148($sp)	local
                           857	 #Diff	$2	local
                           858	 #x0	228($sp)	local
                           859	 #y0	156($sp)	local
                           860	 #xsize	160($sp)	local
                           861	 #ysize	$2	local
                           862	 #BitsPerPixel	164($sp)	local
                           863	 #BytesPerLine	168($sp)	local
                           864	 #pData	$22	local
                           865	 #pTrans	76($sp)	local
                           866	 #i	188($sp)	local
                           867	 #y	$17	local
                           868	 #p	$18	local
                           869	 #Diff	$16	local
                           870	 #xsize	$19	local
                           871	 #Index0	$21	local
                           872	 #Index1	$20	local
                           873	 #x	260($sp)	local
                           874	 #y	268($sp)	local
                           875	 #xi	172($sp)	local
                           876	 #yi	64($sp)	local
                           877	 #Shift	152($sp)	local
                           878	 #xMax	252($sp)	local
                           879	 #BitsLeft	56($sp)	local
                           880	 #pDataLine	68($sp)	local
                           881	 #Index	$3	local
                           882	 #OldColor	74($sp)	local
                           883	
                           884	 #x0	48($sp)	param
                           885	 #y0	52($sp)	param
                           886	 #xsize	$16	param
                           887	 #ysize	$17	param
                           888	 #xMul	$18	param
                           889	 #yMul	$19	param
                           890	 #BitsPerPixel	$20	param
                           891	 #BytesPerLine	$21	param
                           892	 #pPixel	$22	param
                           893	 #pTrans	$23	param
                           894	
                           895		.data
                           896	.L747:
                           897		.text

                                   Tue Apr 07 08:57:07 2015           Page 18
                                   Tue Apr 07 08:57:06 2015       gh_2i09c.s
                           898		.align	4
                           899	 #GUI_RectDispString	%sdaoff(GUI_RectDispString)	import
                           900	 #GUI_Context	GUI_Context	import
                           901	
                           902		.section ".sdata","aw"
                           903	.L955:
                           904		.globl	LCD_APIListCCW
        00000000 00000000  905	LCD_APIListCCW:	.word	_DrawBitmapCCW
        00000000 00000004  906		.word	_Rect2TextRect
                           907		.type	LCD_APIListCCW,@object
                           908		.size	LCD_APIListCCW,8
                           909		.data
                           910		.section ".rodata","a"
                           911		.align	4
                           912		.section ".sdata","aw"
                           913		.align	4
                           914		.text
