
                                   Tue Apr 07 08:56:54 2015           Page 1
                                   Tue Apr 07 08:56:54 2015       gh_2i093.s
Command Line:   C:\GHS\V35\mips35\asmips.exe -noundefined -elf -b0
                -IC:\local\Workspace\DC_V04.01.00_int\cu3x1Platform_SRC\emWinColour
                -IC:\local\Workspace\DC_V04.01.00_int\cu3x1Platform_SRC\platform\include
                -IC:\local\Workspace\DC_V04.01.00_int\cu3x1Platform_SRC\platform\common
                -IC:\local\Workspace\DC_V04.01.00_int\cu3x1Platform_SRC\platform\hardware
                -IC:\local\Workspace\DC_V04.01.00_int\cu3x1Platform_SRC\platform\hardware\D3018X
                -IC:\local\Workspace\DC_V04.01.00_int\cu3x1Platform_SRC\embos\inc
                -IC:\local\Workspace\DC_V04.01.00_int\cu3x1Platform_SRC\emWinColour\config
                -IC:\local\Workspace\DC_V04.01.00_int\cu3x1Platform_SRC\emWinColour\gui\ConvertMono
                -IC:\local\Workspace\DC_V04.01.00_int\cu3x1Platform_SRC\emWinColour\gui\Core
                -IC:\local\Workspace\DC_V04.01.00_int\cu3x1Platform_SRC\emWinColour\gui\Font
                -IC:\local\Workspace\DC_V04.01.00_int\cu3x1Platform_SRC\emWinColour\gui\LCDDriver
                -IC:\local\Workspace\DC_V04.01.00_int\cu3x1Platform_SRC\emWinColour\gui\MemDev
                -IC:\local\Workspace\DC_V04.01.00_int\cu3x1Platform_SRC\emWinColour\gui\VNC
                -IC:\local\Workspace\DC_V04.01.00_int\cu3x1Platform_SRC\emWinColour\gui\Widget
                -IC:\local\Workspace\DC_V04.01.00_int\cu3x1Platform_SRC\emWinColour\gui\wm
                -IC:\local\Workspace\DC_V04.01.00_int\cu3x1App_SRC\Control\source
                -IC:\local\Workspace\DC_V04.01.00_int\cu3x1App_SRC\Control\source\include
                -IC:\local\Workspace\DC_V04.01.00_int\cu3x1App_SRC\Control\source\util
                -IC:\local\Workspace\DC_V04.01.00_int\cu3x1App_SRC\Control\source\datapoint
                -IC:\local\Workspace\DC_V04.01.00_int\cu3x1App_SRC\Control\source\factory
                -IC:\local\Workspace\DC_V04.01.00_int\cu3x1Platform_SRC\embos
                -IC:\local\Workspace\DC_V04.01.00_int\cu3x1Platform_SRC\emWinColour\gui\core
                -IC:\local\Workspace\DC_V04.01.00_int\cu3x1App_SRC\Control\source\rtip\webpage
                -IC:\local\Workspace\DC_V04.01.00_int\cu3x1App_SRC\Control\source\rtip\config
                -IC:\local\Workspace\DC_V04.01.00_int\cu3x1App_SRC\Control\source\rtip\xnet
                -IC:\local\Workspace\DC_V04.01.00_int\cu3x1App_SRC\Control\source\stub
                -IC:\local\Workspace\DC_V04.01.00_int\cu3x1App_SRC\Control\source\test
                -IC:\local\Workspace\DC_V04.01.00_int\cu3x1App_SRC\Control\source\GENIpro
                -IC:\local\Workspace\DC_V04.01.00_int\cu3x1App_SRC\Control\source\GENIpro\GENI_sys
                -IC:\local\Workspace\DC_V04.01.00_int\cu3x1App_SRC\Control\source\GENIpro\GENIusb\emUSB\USB\Driver
                -IC:\local\Workspace\DC_V04.01.00_int\cu3x1App_SRC\Control\source\application\intercom
                -IC:\local\Workspace\DC_V04.01.00_int\cu3x1App_SRC\Control\source\application\controller
                -IC:\local\Workspace\DC_V04.01.00_int\cu3x1App_SRC\Control\source\application\driver
                -IC:\local\Workspace\DC_V04.01.00_int\cu3x1App_SRC\Control\source\application\webif
                -IC:\local\Workspace\DC_V04.01.00_int\cu3x1App_SRC\Control\source\application\relay
                -IC:\local\Workspace\DC_V04.01.00_int\cu3x1App_SRC\Control\source\application\GENIApp
                -IC:\local\Workspace\DC_V04.01.00_int\cu3x1App_SRC\Control\source\application\alarm
                -IC:\local\Workspace\DC_V04.01.00_int\cu3x1App_SRC\Control\source\application\config
                -IC:\local\Workspace\DC_V04.01.00_int\cu3x1App_SRC\Control\source\application\AnaInConfigCtrl
                -IC:\local\Workspace\DC_V04.01.00_int\cu3x1App_SRC\Control\source\application\Sms
                -IC:\local\Workspace\DC_V04.01.00_int\cu3x1App_SRC\Control\source\application\display
                -IC:\local\Workspace\DC_V04.01.00_int\cu3x1App_SRC\Control\source\application\display\display_task
                -IC:\local\Workspace\DC_V04.01.00_int\cu3x1App_SRC\Control\source\application\display\gui_utility
                -IC:\local\Workspace\DC_V04.01.00_int\cu3x1App_SRC\Control\source\application\display\mpcunit
                -IC:\local\Workspace\DC_V04.01.00_int\cu3x1App_SRC\Control\source\GeniPro
                -IC:\local\Workspace\DC_V04.01.00_int\cu3x1App_SRC\Control\source\GeniPro\GENI_sys
                -IC:\local\Workspace\DC_V04.01.00_int\cu3x1App_SRC\Control\source\GeniPro\GENIbus
                -IC:\local\Workspace\DC_V04.01.00_int\cu3x1App_SRC\Control\source\GeniPro\GENIcom
                -IC:\local\Workspace\DC_V04.01.00_int\cu3x1App_SRC\Control\source\GeniPro\GENIrs232
                -IC:\local\Workspace\DC_V04.01.00_int\cu3x1App_SRC\Control\source\GeniPro\Virtual
                -IC:\local\Workspace\DC_V04.01.00_int\cu3x1Platform_SRC\Platform\common
                -IC:\local\Workspace\DC_V04.01.00_int\cu3x1Platform_SRC\Platform\hardware
                -IC:\local\Workspace\DC_V04.01.00_int\cu3x1Platform_SRC\Platform\hardware\D3018X
                -IC:\local\Workspace\DC_V04.01.00_int\cu3x1App_SRC\Control\source\application\display\imagesTFT
                -IC:\GHS\V35\mips35\mipsl_sf -r4121 -source=LCD_GetEx.c -o
                objs\gh_2i093.o -list=objs\LCD_GetEx.lst
                C:\Users\55602\AppData\Local\Temp\gh_2i093.s
Source File:    C:\Users\55602\AppData\Local\Temp\gh_2i093.s
Directory:      C:\local\Workspace\DC_V04.01.00_int\cu3x1App_SRC\Control\source
Host OS:        GHS_WIN32
Version:        AS-MIPS 3.5#11 
Release:        MULTI 2000, MIPS v3.5
Revision Date:  Wed Feb 27 12:19:03 2002
Release Date:   Sat Mar 02 02:57:59 2002
                             1	 #Source File:   C:\local\Workspace\DC_V04.01.00_int\cu3x1Platform_SRC\emWinColour\GUI\Core\LCD_GetEx.c

                                   Tue Apr 07 08:56:54 2015           Page 2
                                   Tue Apr 07 08:56:54 2015       gh_2i093.s
                             2	 #Directory:     
                             3	 #		C:\local\Workspace\DC_V04.01.00_int\cu3x1App_SRC\Control\source
                             4	 #Compile Date:  Tue Apr 07 08:56:54 2015
                             5	 #Host OS:       Win32
                             6	 #Version:       C-MIPS 3.5#11 RELEASE VERSION
                             7	 #Release:       MULTI 2000, MIPS v3.5
                             8	 #Revision Date: Fri Mar 01 11:32:40 2002
                             9	 #Release Date:  Sat Mar 02 02:58:48 2002
                            10		.set	noat
                            11		.set	noreorder
                            12		.set	nomacro
                            13		.text
                            14		.align	4
                            15		.globl	LCD_GetXSizeEx
                            16	LCD_GetXSizeEx:
                            17	 #	    .bf
        14800003 00000000   18		bne	$4, $0, .L4
        00000000 00000004   19		nop
        03e00008 00000008   20		jr	$ra
        340200f0 0000000c   21		ori	$2, $0, 240
                            22	.L4:
                            23	 #	    .ef
        03e00008 00000010   24		jr	$ra
        34020000 00000014   25		ori	$2, $0, 0
                            26		.type	LCD_GetXSizeEx,@function
                            27		.size	LCD_GetXSizeEx,.-LCD_GetXSizeEx
                            28		.align	4
                            29	
                            30	 #LayerIndex	$4	param
                            31	
                            32		.data
                            33	.L24:
                            34		.text
                            35		.align	4
                            36		.align	4
                            37		.globl	LCD_GetYSizeEx
                            38	LCD_GetYSizeEx:
                            39	 #	    .bf
        14800003 00000018   40		bne	$4, $0, .L36
        00000000 0000001c   41		nop
        03e00008 00000020   42		jr	$ra
        34020140 00000024   43		ori	$2, $0, 320
                            44	.L36:
                            45	 #	    .ef
        03e00008 00000028   46		jr	$ra
        34020000 0000002c   47		ori	$2, $0, 0
                            48		.type	LCD_GetYSizeEx,@function
                            49		.size	LCD_GetYSizeEx,.-LCD_GetYSizeEx
                            50		.align	4
                            51	
                            52	 #LayerIndex	$4	param
                            53	
                            54		.data
                            55	.L56:
                            56		.text
                            57		.align	4

                                   Tue Apr 07 08:56:54 2015           Page 3
                                   Tue Apr 07 08:56:54 2015       gh_2i093.s
                            58		.align	4
                            59		.globl	LCD_GetVXSizeEx
                            60	LCD_GetVXSizeEx:
                            61	 #	    .bf
        14800003 00000030   62		bne	$4, $0, .L68
        00000000 00000034   63		nop
        03e00008 00000038   64		jr	$ra
        340200f0 0000003c   65		ori	$2, $0, 240
                            66	.L68:
                            67	 #	    .ef
        03e00008 00000040   68		jr	$ra
        34020000 00000044   69		ori	$2, $0, 0
                            70		.type	LCD_GetVXSizeEx,@function
                            71		.size	LCD_GetVXSizeEx,.-LCD_GetVXSizeEx
                            72		.align	4
                            73	
                            74	 #LayerIndex	$4	param
                            75	
                            76		.data
                            77	.L88:
                            78		.text
                            79		.align	4
                            80		.align	4
                            81		.globl	LCD_GetVYSizeEx
                            82	LCD_GetVYSizeEx:
                            83	 #	    .bf
        14800003 00000048   84		bne	$4, $0, .L100
        00000000 0000004c   85		nop
        03e00008 00000050   86		jr	$ra
        34020140 00000054   87		ori	$2, $0, 320
                            88	.L100:
                            89	 #	    .ef
        03e00008 00000058   90		jr	$ra
        34020000 0000005c   91		ori	$2, $0, 0
                            92		.type	LCD_GetVYSizeEx,@function
                            93		.size	LCD_GetVYSizeEx,.-LCD_GetVYSizeEx
                            94		.align	4
                            95	
                            96	 #LayerIndex	$4	param
                            97	
                            98		.data
                            99	.L120:
                           100		.text
                           101		.align	4
                           102		.align	4
                           103		.globl	LCD_GetBitsPerPixelEx
                           104	LCD_GetBitsPerPixelEx:
                           105	 #	    .bf
        14800003 00000060  106		bne	$4, $0, .L132
        00000000 00000064  107		nop
        03e00008 00000068  108		jr	$ra
        34020010 0000006c  109		ori	$2, $0, 16
                           110	.L132:
                           111	 #	    .ef
        03e00008 00000070  112		jr	$ra
        34020000 00000074  113		ori	$2, $0, 0

                                   Tue Apr 07 08:56:54 2015           Page 4
                                   Tue Apr 07 08:56:54 2015       gh_2i093.s
                           114		.type	LCD_GetBitsPerPixelEx,@function
                           115		.size	LCD_GetBitsPerPixelEx,.-LCD_GetBitsPerPixelEx
                           116		.align	4
                           117	
                           118	 #LayerIndex	$4	param
                           119	
                           120		.data
                           121	.L152:
                           122		.text
                           123		.align	4
                           124		.align	4
                           125		.globl	LCD_GetBitsPerPixel_L0Ex
                           126	LCD_GetBitsPerPixel_L0Ex:
                           127	 #	    .bf
        14800003 00000078  128		bne	$4, $0, .L164
        00000000 0000007c  129		nop
        03e00008 00000080  130		jr	$ra
        34020010 00000084  131		ori	$2, $0, 16
                           132	.L164:
                           133	 #	    .ef
        03e00008 00000088  134		jr	$ra
        34020000 0000008c  135		ori	$2, $0, 0
                           136		.type	LCD_GetBitsPerPixel_L0Ex,@function
                           137		.size	LCD_GetBitsPerPixel_L0Ex,.-LCD_GetBitsPerPixel_L0Ex
                           138		.align	4
                           139	
                           140	 #LayerIndex	$4	param
                           141	
                           142		.data
                           143	.L184:
                           144		.text
                           145		.align	4
                           146		.align	4
                           147		.globl	LCD_GetNumColorsEx
                           148	LCD_GetNumColorsEx:
                           149	 #	    .bf
        14800003 00000090  150		bne	$4, $0, .L196
        00000000 00000094  151		nop
        03e00008 00000098  152		jr	$ra
        3c020001 0000009c  153		lui	$2, 1
                           154	.L196:
                           155	 #	    .ef
        03e00008 000000a0  156		jr	$ra
        34020000 000000a4  157		ori	$2, $0, 0
                           158		.type	LCD_GetNumColorsEx,@function
                           159		.size	LCD_GetNumColorsEx,.-LCD_GetNumColorsEx
                           160		.align	4
                           161	
                           162	 #LayerIndex	$4	param
                           163	
                           164		.data
                           165	.L216:
                           166		.text
                           167		.align	4
                           168		.align	4
                           169		.globl	LCD_GetYMagEx

                                   Tue Apr 07 08:56:54 2015           Page 5
                                   Tue Apr 07 08:56:54 2015       gh_2i093.s
                           170	LCD_GetYMagEx:
                           171	 #	    .bf
                           172	 #	    .ef
        03e00008 000000a8  173		jr	$ra
        2c820001 000000ac  174		sltiu	$2, $4, 1
                           175		.type	LCD_GetYMagEx,@function
                           176		.size	LCD_GetYMagEx,.-LCD_GetYMagEx
                           177		.align	4
                           178	
                           179	 #LayerIndex	$4	param
                           180	
                           181		.data
                           182	.L249:
                           183		.text
                           184		.align	4
                           185		.align	4
                           186		.globl	LCD_GetXMagEx
                           187	LCD_GetXMagEx:
                           188	 #	    .bf
                           189	 #	    .ef
        03e00008 000000b0  190		jr	$ra
        2c820001 000000b4  191		sltiu	$2, $4, 1
                           192		.type	LCD_GetXMagEx,@function
                           193		.size	LCD_GetXMagEx,.-LCD_GetXMagEx
                           194		.align	4
                           195	
                           196	 #LayerIndex	$4	param
                           197	
                           198		.data
                           199	.L278:
                           200		.text
                           201		.align	4
                           202		.align	4
                           203		.globl	LCD_GetFixedPaletteEx
                           204	LCD_GetFixedPaletteEx:
                           205	 #	    .bf
        14800003 000000b8  206		bne	$4, $0, .L286
        00000000 000000bc  207		nop
        03e00008 000000c0  208		jr	$ra
        34020235 000000c4  209		ori	$2, $0, 565
                           210	.L286:
                           211	 #	    .ef
        03e00008 000000c8  212		jr	$ra
        34020000 000000cc  213		ori	$2, $0, 0
                           214		.type	LCD_GetFixedPaletteEx,@function
                           215		.size	LCD_GetFixedPaletteEx,.-LCD_GetFixedPaletteEx
                           216		.align	4
                           217	
                           218	 #LayerIndex	$4	param
                           219	
                           220		.data
                           221	.L306:
                           222		.text
                           223		.align	4
                           224		.align	4
                           225		.globl	LCD_GetMirrorXEx

                                   Tue Apr 07 08:56:54 2015           Page 6
                                   Tue Apr 07 08:56:54 2015       gh_2i093.s
                           226	LCD_GetMirrorXEx:
                           227	 #	    .bf
                           228	 #	    .ef
        03e00008 000000d0  229		jr	$ra
        2c820001 000000d4  230		sltiu	$2, $4, 1
                           231		.type	LCD_GetMirrorXEx,@function
                           232		.size	LCD_GetMirrorXEx,.-LCD_GetMirrorXEx
                           233		.align	4
                           234	
                           235	 #LayerIndex	$4	param
                           236	
                           237		.data
                           238	.L339:
                           239		.text
                           240		.align	4
                           241		.align	4
                           242		.globl	LCD_GetMirrorYEx
                           243	LCD_GetMirrorYEx:
                           244	 #	    .bf
        14800003 000000d8  245		bne	$4, $0, .L347
        00000000 000000dc  246		nop
        03e00008 000000e0  247		jr	$ra
        34020000 000000e4  248		ori	$2, $0, 0
                           249	.L347:
                           250	 #	    .ef
        03e00008 000000e8  251		jr	$ra
        34020000 000000ec  252		ori	$2, $0, 0
                           253		.type	LCD_GetMirrorYEx,@function
                           254		.size	LCD_GetMirrorYEx,.-LCD_GetMirrorYEx
                           255		.align	4
                           256	
                           257	 #LayerIndex	$4	param
                           258	
                           259		.data
                           260	.L367:
                           261		.text
                           262		.align	4
                           263		.align	4
                           264		.globl	LCD_GetSwapXYEx
                           265	LCD_GetSwapXYEx:
                           266	 #	    .bf
                           267	 #	    .ef
        03e00008 000000f0  268		jr	$ra
        2c820001 000000f4  269		sltiu	$2, $4, 1
                           270		.type	LCD_GetSwapXYEx,@function
                           271		.size	LCD_GetSwapXYEx,.-LCD_GetSwapXYEx
                           272		.align	4
                           273	
                           274	 #LayerIndex	$4	param
                           275	
                           276		.data
                           277	.L400:
                           278		.text
                           279		.align	4
                           280		.align	4
                           281		.globl	LCD_GetSwapRBEx

                                   Tue Apr 07 08:56:54 2015           Page 7
                                   Tue Apr 07 08:56:54 2015       gh_2i093.s
                           282	LCD_GetSwapRBEx:
                           283	 #	    .bf
                           284	 #	    .ef
        03e00008 000000f8  285		jr	$ra
        2c820001 000000fc  286		sltiu	$2, $4, 1
                           287		.type	LCD_GetSwapRBEx,@function
                           288		.size	LCD_GetSwapRBEx,.-LCD_GetSwapRBEx
                           289		.align	4
                           290	
                           291	 #LayerIndex	$4	param
                           292	
                           293		.data
                           294	.L429:
                           295		.text
                           296		.align	4
                           297		.align	4
                           298		.globl	LCD_GetDeltaModeEx
                           299	LCD_GetDeltaModeEx:
                           300	 #	    .bf
        14800003 00000100  301		bne	$4, $0, .L437
        00000000 00000104  302		nop
        03e00008 00000108  303		jr	$ra
        34020000 0000010c  304		ori	$2, $0, 0
                           305	.L437:
                           306	 #	    .ef
        03e00008 00000110  307		jr	$ra
        34020000 00000114  308		ori	$2, $0, 0
                           309		.type	LCD_GetDeltaModeEx,@function
                           310		.size	LCD_GetDeltaModeEx,.-LCD_GetDeltaModeEx
                           311		.align	4
                           312	
                           313	 #LayerIndex	$4	param
                           314	
                           315		.data
                           316	.L457:
                           317		.text
                           318		.align	4
                           319	
                           320		.data
                           321		.text
