
                                   Tue Apr 07 08:57:04 2015           Page 1
                                   Tue Apr 07 08:57:04 2015       gh_2i09a.s
Command Line:   C:\GHS\V35\mips35\asmips.exe -noundefined -elf -b0
                -IC:\local\Workspace\DC_V04.01.00_int\cu3x1Platform_SRC\emWinColour
                -IC:\local\Workspace\DC_V04.01.00_int\cu3x1Platform_SRC\platform\include
                -IC:\local\Workspace\DC_V04.01.00_int\cu3x1Platform_SRC\platform\common
                -IC:\local\Workspace\DC_V04.01.00_int\cu3x1Platform_SRC\platform\hardware
                -IC:\local\Workspace\DC_V04.01.00_int\cu3x1Platform_SRC\platform\hardware\D3018X
                -IC:\local\Workspace\DC_V04.01.00_int\cu3x1Platform_SRC\embos\inc
                -IC:\local\Workspace\DC_V04.01.00_int\cu3x1Platform_SRC\emWinColour\config
                -IC:\local\Workspace\DC_V04.01.00_int\cu3x1Platform_SRC\emWinColour\gui\ConvertMono
                -IC:\local\Workspace\DC_V04.01.00_int\cu3x1Platform_SRC\emWinColour\gui\Core
                -IC:\local\Workspace\DC_V04.01.00_int\cu3x1Platform_SRC\emWinColour\gui\Font
                -IC:\local\Workspace\DC_V04.01.00_int\cu3x1Platform_SRC\emWinColour\gui\LCDDriver
                -IC:\local\Workspace\DC_V04.01.00_int\cu3x1Platform_SRC\emWinColour\gui\MemDev
                -IC:\local\Workspace\DC_V04.01.00_int\cu3x1Platform_SRC\emWinColour\gui\VNC
                -IC:\local\Workspace\DC_V04.01.00_int\cu3x1Platform_SRC\emWinColour\gui\Widget
                -IC:\local\Workspace\DC_V04.01.00_int\cu3x1Platform_SRC\emWinColour\gui\wm
                -IC:\local\Workspace\DC_V04.01.00_int\cu3x1App_SRC\Control\source
                -IC:\local\Workspace\DC_V04.01.00_int\cu3x1App_SRC\Control\source\include
                -IC:\local\Workspace\DC_V04.01.00_int\cu3x1App_SRC\Control\source\util
                -IC:\local\Workspace\DC_V04.01.00_int\cu3x1App_SRC\Control\source\datapoint
                -IC:\local\Workspace\DC_V04.01.00_int\cu3x1App_SRC\Control\source\factory
                -IC:\local\Workspace\DC_V04.01.00_int\cu3x1Platform_SRC\embos
                -IC:\local\Workspace\DC_V04.01.00_int\cu3x1Platform_SRC\emWinColour\gui\core
                -IC:\local\Workspace\DC_V04.01.00_int\cu3x1App_SRC\Control\source\rtip\webpage
                -IC:\local\Workspace\DC_V04.01.00_int\cu3x1App_SRC\Control\source\rtip\config
                -IC:\local\Workspace\DC_V04.01.00_int\cu3x1App_SRC\Control\source\rtip\xnet
                -IC:\local\Workspace\DC_V04.01.00_int\cu3x1App_SRC\Control\source\stub
                -IC:\local\Workspace\DC_V04.01.00_int\cu3x1App_SRC\Control\source\test
                -IC:\local\Workspace\DC_V04.01.00_int\cu3x1App_SRC\Control\source\GENIpro
                -IC:\local\Workspace\DC_V04.01.00_int\cu3x1App_SRC\Control\source\GENIpro\GENI_sys
                -IC:\local\Workspace\DC_V04.01.00_int\cu3x1App_SRC\Control\source\GENIpro\GENIusb\emUSB\USB\Driver
                -IC:\local\Workspace\DC_V04.01.00_int\cu3x1App_SRC\Control\source\application\intercom
                -IC:\local\Workspace\DC_V04.01.00_int\cu3x1App_SRC\Control\source\application\controller
                -IC:\local\Workspace\DC_V04.01.00_int\cu3x1App_SRC\Control\source\application\driver
                -IC:\local\Workspace\DC_V04.01.00_int\cu3x1App_SRC\Control\source\application\webif
                -IC:\local\Workspace\DC_V04.01.00_int\cu3x1App_SRC\Control\source\application\relay
                -IC:\local\Workspace\DC_V04.01.00_int\cu3x1App_SRC\Control\source\application\GENIApp
                -IC:\local\Workspace\DC_V04.01.00_int\cu3x1App_SRC\Control\source\application\alarm
                -IC:\local\Workspace\DC_V04.01.00_int\cu3x1App_SRC\Control\source\application\config
                -IC:\local\Workspace\DC_V04.01.00_int\cu3x1App_SRC\Control\source\application\AnaInConfigCtrl
                -IC:\local\Workspace\DC_V04.01.00_int\cu3x1App_SRC\Control\source\application\Sms
                -IC:\local\Workspace\DC_V04.01.00_int\cu3x1App_SRC\Control\source\application\display
                -IC:\local\Workspace\DC_V04.01.00_int\cu3x1App_SRC\Control\source\application\display\display_task
                -IC:\local\Workspace\DC_V04.01.00_int\cu3x1App_SRC\Control\source\application\display\gui_utility
                -IC:\local\Workspace\DC_V04.01.00_int\cu3x1App_SRC\Control\source\application\display\mpcunit
                -IC:\local\Workspace\DC_V04.01.00_int\cu3x1App_SRC\Control\source\GeniPro
                -IC:\local\Workspace\DC_V04.01.00_int\cu3x1App_SRC\Control\source\GeniPro\GENI_sys
                -IC:\local\Workspace\DC_V04.01.00_int\cu3x1App_SRC\Control\source\GeniPro\GENIbus
                -IC:\local\Workspace\DC_V04.01.00_int\cu3x1App_SRC\Control\source\GeniPro\GENIcom
                -IC:\local\Workspace\DC_V04.01.00_int\cu3x1App_SRC\Control\source\GeniPro\GENIrs232
                -IC:\local\Workspace\DC_V04.01.00_int\cu3x1App_SRC\Control\source\GeniPro\Virtual
                -IC:\local\Workspace\DC_V04.01.00_int\cu3x1Platform_SRC\Platform\common
                -IC:\local\Workspace\DC_V04.01.00_int\cu3x1Platform_SRC\Platform\hardware
                -IC:\local\Workspace\DC_V04.01.00_int\cu3x1Platform_SRC\Platform\hardware\D3018X
                -IC:\local\Workspace\DC_V04.01.00_int\cu3x1App_SRC\Control\source\application\display\imagesTFT
                -IC:\GHS\V35\mips35\mipsl_sf -r4121 -source=LCD_ReadRect.c -o
                objs\gh_2i09a.o -list=objs\LCD_ReadRect.lst
                C:\Users\55602\AppData\Local\Temp\gh_2i09a.s
Source File:    C:\Users\55602\AppData\Local\Temp\gh_2i09a.s
Directory:      C:\local\Workspace\DC_V04.01.00_int\cu3x1App_SRC\Control\source
Host OS:        GHS_WIN32
Version:        AS-MIPS 3.5#11 
Release:        MULTI 2000, MIPS v3.5
Revision Date:  Wed Feb 27 12:19:03 2002
Release Date:   Sat Mar 02 02:57:59 2002
                             1	 #Source File:   C:\local\Workspace\DC_V04.01.00_int\cu3x1Platform_SRC\emWinColour\GUI\Core\LCD_ReadRect.c

                                   Tue Apr 07 08:57:04 2015           Page 2
                                   Tue Apr 07 08:57:04 2015       gh_2i09a.s
                             2	 #Directory:     
                             3	 #		C:\local\Workspace\DC_V04.01.00_int\cu3x1App_SRC\Control\source
                             4	 #Compile Date:  Tue Apr 07 08:57:03 2015
                             5	 #Host OS:       Win32
                             6	 #Version:       C-MIPS 3.5#11 RELEASE VERSION
                             7	 #Release:       MULTI 2000, MIPS v3.5
                             8	 #Revision Date: Fri Mar 01 11:32:40 2002
                             9	 #Release Date:  Sat Mar 02 02:58:48 2002
                            10		.set	noat
                            11		.set	noreorder
                            12		.set	nomacro
                            13		.text
                            14		.align	4
                            15		.globl	LCD_ReadRect
                            16	LCD_ReadRect:
        27bdffc8 00000000   17		addiu	$sp, $sp, -56
        afb00000 00000004   18		sw	$16, 0($sp)
                            19	 #	    .bf
        00808025 00000008   20		move	$16, $4
        afb10004 0000000c   21		sw	$17, 4($sp)
        00a08825 00000010   22		move	$17, $5
        afb20008 00000014   23		sw	$18, 8($sp)
        00c09025 00000018   24		move	$18, $6
        afbf0034 0000001c   25		sw	$ra, 52($sp)
        afbe0020 00000020   26		sw	$fp, 32($sp)
        afb7001c 00000024   27		sw	$23, 28($sp)
        afb60018 00000028   28		sw	$22, 24($sp)
        afb40010 0000002c   29		sw	$20, 16($sp)
        afb3000c 00000030   30		sw	$19, 12($sp)
        afb50014 00000034   31		sw	$21, 20($sp)
        0120a825 00000038   32		move	$21, $9
        8ea30030 0000003c   33		lw	$3, 48($21)
        00e09825 00000040   34		move	$19, $7
        0100a025 00000044   35		move	$20, $8
        0060f809 00000048   36		jalr	$3
        34040001 0000004c   37		ori	$4, $0, 1
        00401825 00000050   38		move	$3, $2
        546000f0 00000054   39		bnel	$3, $0, .L1000004
        02002025 00000058   40		move	$4, $16
        0271c023 0000005c   41		subu	$24, $19, $17
        270f0001 00000060   42		addiu	$15, $24, 1
        34010000 00000064   43		ori	$1, $0, 0
        002f702a 00000068   44		slt	$14, $1, $15
        11c00002 0000006c   45		beq	$14, $0, .L360
        afa0002c 00000070   46		sw	$0, 44($sp)
        afaf002c 00000074   47		sw	$15, 44($sp)
                            48	.L360:
        8fa1002c 00000078   49		lw	$1, 44($sp)
        00016042 0000007c   50		srl	$12, $1, 1
        1180008e 00000080   51		beq	$12, $0, .L100
        afac0024 00000084   52		sw	$12, 36($sp)
        0250c823 00000088   53		subu	$25, $18, $16
        272c0001 0000008c   54		addiu	$12, $25, 1
        afac0028 00000090   55		sw	$12, 40($sp)
                            56	.L101:
        8fac0028 00000094   57		lw	$12, 40($sp)

                                   Tue Apr 07 08:57:04 2015           Page 3
                                   Tue Apr 07 08:57:04 2015       gh_2i09a.s
        02009825 00000098   58		move	$19, $16
        341e0000 0000009c   59		ori	$fp, $0, 0
        03ccc02a 000000a0   60		slt	$24, $fp, $12
        13000002 000000a4   61		beq	$24, $0, .L361
        00000000 000000a8   62		nop
        0180f025 000000ac   63		move	$fp, $12
                            64	.L361:
        001eb8c2 000000b0   65		srl	$23, $fp, 3
        02e0b025 000000b4   66		move	$22, $23
        52c0002e 000000b8   67		beql	$22, $0, .L1000120
        33d60007 000000bc   68		andi	$22, $fp, 7
                            69	.L118:
        8eae001c 000000c0   70		lw	$14, 28($21)
        02602025 000000c4   71		move	$4, $19
        01c0f809 000000c8   72		jalr	$14
        02202825 000000cc   73		move	$5, $17
        8ead001c 000000d0   74		lw	$13, 28($21)
        a6820000 000000d4   75		sh	$2, 0($20)
        26640001 000000d8   76		addiu	$4, $19, 1
        01a0f809 000000dc   77		jalr	$13
        02202825 000000e0   78		move	$5, $17
        8eb9001c 000000e4   79		lw	$25, 28($21)
        a6820002 000000e8   80		sh	$2, 2($20)
        26640002 000000ec   81		addiu	$4, $19, 2
        0320f809 000000f0   82		jalr	$25
        02202825 000000f4   83		move	$5, $17
        8eb8001c 000000f8   84		lw	$24, 28($21)
        a6820004 000000fc   85		sh	$2, 4($20)
        26640003 00000100   86		addiu	$4, $19, 3
        0300f809 00000104   87		jalr	$24
        02202825 00000108   88		move	$5, $17
        8eaf001c 0000010c   89		lw	$15, 28($21)
        a6820006 00000110   90		sh	$2, 6($20)
        26640004 00000114   91		addiu	$4, $19, 4
        01e0f809 00000118   92		jalr	$15
        02202825 0000011c   93		move	$5, $17
        8eae001c 00000120   94		lw	$14, 28($21)
        a6820008 00000124   95		sh	$2, 8($20)
        26640005 00000128   96		addiu	$4, $19, 5
        01c0f809 0000012c   97		jalr	$14
        02202825 00000130   98		move	$5, $17
        8ead001c 00000134   99		lw	$13, 28($21)
        a682000a 00000138  100		sh	$2, 10($20)
        26640006 0000013c  101		addiu	$4, $19, 6
        01a0f809 00000140  102		jalr	$13
        02202825 00000144  103		move	$5, $17
        8eb9001c 00000148  104		lw	$25, 28($21)
        a682000c 0000014c  105		sh	$2, 12($20)
        26640007 00000150  106		addiu	$4, $19, 7
        0320f809 00000154  107		jalr	$25
        02202825 00000158  108		move	$5, $17
        26730008 0000015c  109		addiu	$19, $19, 8
        26940010 00000160  110		addiu	$20, $20, 16
        26d6ffff 00000164  111		addiu	$22, $22, -1
        16c0ffd5 00000168  112		bne	$22, $0, .L118
        a682fffe 0000016c  113		sh	$2, -2($20)

                                   Tue Apr 07 08:57:04 2015           Page 4
                                   Tue Apr 07 08:57:04 2015       gh_2i09a.s
        33d60007 00000170  114		andi	$22, $fp, 7
                           115	.L1000120:
        52c0000b 00000174  116		beql	$22, $0, .L1000127
        8fac0028 00000178  117		lw	$12, 40($sp)
                           118	.L123:
        8eae001c 0000017c  119		lw	$14, 28($21)
        02602025 00000180  120		move	$4, $19
        26d6ffff 00000184  121		addiu	$22, $22, -1
        01c0f809 00000188  122		jalr	$14
        02202825 0000018c  123		move	$5, $17
        26730001 00000190  124		addiu	$19, $19, 1
        26940002 00000194  125		addiu	$20, $20, 2
        16c0fff8 00000198  126		bne	$22, $0, .L123
        a682fffe 0000019c  127		sh	$2, -2($20)
        8fac0028 000001a0  128		lw	$12, 40($sp)
                           129	.L1000127:
        02009825 000001a4  130		move	$19, $16
        341e0000 000001a8  131		ori	$fp, $0, 0
        03ccc82a 000001ac  132		slt	$25, $fp, $12
        13200002 000001b0  133		beq	$25, $0, .L362
        00000000 000001b4  134		nop
        0180f025 000001b8  135		move	$fp, $12
                           136	.L362:
        02e0b025 000001bc  137		move	$22, $23
        12c0002d 000001c0  138		beq	$22, $0, .L146
        26370001 000001c4  139		addiu	$23, $17, 1
                           140	.L144:
        8eaf001c 000001c8  141		lw	$15, 28($21)
        02602025 000001cc  142		move	$4, $19
        01e0f809 000001d0  143		jalr	$15
        02e02825 000001d4  144		move	$5, $23
        8eae001c 000001d8  145		lw	$14, 28($21)
        a6820000 000001dc  146		sh	$2, 0($20)
        26640001 000001e0  147		addiu	$4, $19, 1
        01c0f809 000001e4  148		jalr	$14
        02e02825 000001e8  149		move	$5, $23
        8ead001c 000001ec  150		lw	$13, 28($21)
        a6820002 000001f0  151		sh	$2, 2($20)
        26640002 000001f4  152		addiu	$4, $19, 2
        01a0f809 000001f8  153		jalr	$13
        02e02825 000001fc  154		move	$5, $23
        8eb9001c 00000200  155		lw	$25, 28($21)
        a6820004 00000204  156		sh	$2, 4($20)
        26640003 00000208  157		addiu	$4, $19, 3
        0320f809 0000020c  158		jalr	$25
        02e02825 00000210  159		move	$5, $23
        8eb8001c 00000214  160		lw	$24, 28($21)
        a6820006 00000218  161		sh	$2, 6($20)
        26640004 0000021c  162		addiu	$4, $19, 4
        0300f809 00000220  163		jalr	$24
        02e02825 00000224  164		move	$5, $23
        8eaf001c 00000228  165		lw	$15, 28($21)
        a6820008 0000022c  166		sh	$2, 8($20)
        26640005 00000230  167		addiu	$4, $19, 5
        01e0f809 00000234  168		jalr	$15
        02e02825 00000238  169		move	$5, $23

                                   Tue Apr 07 08:57:04 2015           Page 5
                                   Tue Apr 07 08:57:04 2015       gh_2i09a.s
        8eae001c 0000023c  170		lw	$14, 28($21)
        a682000a 00000240  171		sh	$2, 10($20)
        26640006 00000244  172		addiu	$4, $19, 6
        01c0f809 00000248  173		jalr	$14
        02e02825 0000024c  174		move	$5, $23
        8ead001c 00000250  175		lw	$13, 28($21)
        a682000c 00000254  176		sh	$2, 12($20)
        26640007 00000258  177		addiu	$4, $19, 7
        01a0f809 0000025c  178		jalr	$13
        02e02825 00000260  179		move	$5, $23
        26730008 00000264  180		addiu	$19, $19, 8
        26940010 00000268  181		addiu	$20, $20, 16
        26d6ffff 0000026c  182		addiu	$22, $22, -1
        16c0ffd5 00000270  183		bne	$22, $0, .L144
        a682fffe 00000274  184		sh	$2, -2($20)
                           185	.L146:
        33d60007 00000278  186		andi	$22, $fp, 7
        12c0000a 0000027c  187		beq	$22, $0, .L152
        26370001 00000280  188		addiu	$23, $17, 1
                           189	.L149:
        8eaf001c 00000284  190		lw	$15, 28($21)
        02602025 00000288  191		move	$4, $19
        26d6ffff 0000028c  192		addiu	$22, $22, -1
        01e0f809 00000290  193		jalr	$15
        02e02825 00000294  194		move	$5, $23
        26730001 00000298  195		addiu	$19, $19, 1
        26940002 0000029c  196		addiu	$20, $20, 2
        16c0fff8 000002a0  197		bne	$22, $0, .L149
        a682fffe 000002a4  198		sh	$2, -2($20)
                           199	.L152:
        8fa10024 000002a8  200		lw	$1, 36($sp)
        26310002 000002ac  201		addiu	$17, $17, 2
        242cffff 000002b0  202		addiu	$12, $1, -1
        1580ff77 000002b4  203		bne	$12, $0, .L101
        afac0024 000002b8  204		sw	$12, 36($sp)
                           205	.L100:
        8fa1002c 000002bc  206		lw	$1, 44($sp)
        302c0001 000002c0  207		andi	$12, $1, 1
        11800059 000002c4  208		beq	$12, $0, .L2
        afac0024 000002c8  209		sw	$12, 36($sp)
        0250c023 000002cc  210		subu	$24, $18, $16
        27120001 000002d0  211		addiu	$18, $24, 1
                           212	.L155:
        341e0000 000002d4  213		ori	$fp, $0, 0
        03d2782a 000002d8  214		slt	$15, $fp, $18
        11e00002 000002dc  215		beq	$15, $0, .L363
        02009825 000002e0  216		move	$19, $16
        0240f025 000002e4  217		move	$fp, $18
                           218	.L363:
        001eb0c2 000002e8  219		srl	$22, $fp, 3
        52c0002e 000002ec  220		beql	$22, $0, .L1000174
        33d60007 000002f0  221		andi	$22, $fp, 7
                           222	.L172:
        8ead001c 000002f4  223		lw	$13, 28($21)
        02602025 000002f8  224		move	$4, $19
        01a0f809 000002fc  225		jalr	$13

                                   Tue Apr 07 08:57:04 2015           Page 6
                                   Tue Apr 07 08:57:04 2015       gh_2i09a.s
        02202825 00000300  226		move	$5, $17
        8eb9001c 00000304  227		lw	$25, 28($21)
        a6820000 00000308  228		sh	$2, 0($20)
        26640001 0000030c  229		addiu	$4, $19, 1
        0320f809 00000310  230		jalr	$25
        02202825 00000314  231		move	$5, $17
        8eb8001c 00000318  232		lw	$24, 28($21)
        a6820002 0000031c  233		sh	$2, 2($20)
        26640002 00000320  234		addiu	$4, $19, 2
        0300f809 00000324  235		jalr	$24
        02202825 00000328  236		move	$5, $17
        8eaf001c 0000032c  237		lw	$15, 28($21)
        a6820004 00000330  238		sh	$2, 4($20)
        26640003 00000334  239		addiu	$4, $19, 3
        01e0f809 00000338  240		jalr	$15
        02202825 0000033c  241		move	$5, $17
        8eae001c 00000340  242		lw	$14, 28($21)
        a6820006 00000344  243		sh	$2, 6($20)
        26640004 00000348  244		addiu	$4, $19, 4
        01c0f809 0000034c  245		jalr	$14
        02202825 00000350  246		move	$5, $17
        8ead001c 00000354  247		lw	$13, 28($21)
        a6820008 00000358  248		sh	$2, 8($20)
        26640005 0000035c  249		addiu	$4, $19, 5
        01a0f809 00000360  250		jalr	$13
        02202825 00000364  251		move	$5, $17
        8eb9001c 00000368  252		lw	$25, 28($21)
        a682000a 0000036c  253		sh	$2, 10($20)
        26640006 00000370  254		addiu	$4, $19, 6
        0320f809 00000374  255		jalr	$25
        02202825 00000378  256		move	$5, $17
        8eb8001c 0000037c  257		lw	$24, 28($21)
        a682000c 00000380  258		sh	$2, 12($20)
        26640007 00000384  259		addiu	$4, $19, 7
        0300f809 00000388  260		jalr	$24
        02202825 0000038c  261		move	$5, $17
        26730008 00000390  262		addiu	$19, $19, 8
        26940010 00000394  263		addiu	$20, $20, 16
        26d6ffff 00000398  264		addiu	$22, $22, -1
        16c0ffd5 0000039c  265		bne	$22, $0, .L172
        a682fffe 000003a0  266		sh	$2, -2($20)
        33d60007 000003a4  267		andi	$22, $fp, 7
                           268	.L1000174:
        52c0000b 000003a8  269		beql	$22, $0, .L1000180
        8fa10024 000003ac  270		lw	$1, 36($sp)
                           271	.L177:
        8ead001c 000003b0  272		lw	$13, 28($21)
        02602025 000003b4  273		move	$4, $19
        26d6ffff 000003b8  274		addiu	$22, $22, -1
        01a0f809 000003bc  275		jalr	$13
        02202825 000003c0  276		move	$5, $17
        26730001 000003c4  277		addiu	$19, $19, 1
        26940002 000003c8  278		addiu	$20, $20, 2
        16c0fff8 000003cc  279		bne	$22, $0, .L177
        a682fffe 000003d0  280		sh	$2, -2($20)
        8fa10024 000003d4  281		lw	$1, 36($sp)

                                   Tue Apr 07 08:57:04 2015           Page 7
                                   Tue Apr 07 08:57:04 2015       gh_2i09a.s
                           282	.L1000180:
        26310001 000003d8  283		addiu	$17, $17, 1
        242cffff 000003dc  284		addiu	$12, $1, -1
        1580ffbc 000003e0  285		bne	$12, $0, .L155
        afac0024 000003e4  286		sw	$12, 36($sp)
        8fb60018 000003e8  287		lw	$22, 24($sp)
        8fb50014 000003ec  288		lw	$21, 20($sp)
        8fb40010 000003f0  289		lw	$20, 16($sp)
        8fb3000c 000003f4  290		lw	$19, 12($sp)
        8fb20008 000003f8  291		lw	$18, 8($sp)
        8fb10004 000003fc  292		lw	$17, 4($sp)
        8fb00000 00000400  293		lw	$16, 0($sp)
        8fbf0034 00000404  294		lw	$ra, 52($sp)
        8fb7001c 00000408  295		lw	$23, 28($sp)
        8fbe0020 0000040c  296		lw	$fp, 32($sp)
        03e00008 00000410  297		jr	$ra
        27bd0038 00000414  298		addiu	$sp, $sp, 56
                           299	.L1000004:
        02202825 00000418  300		move	$5, $17
        02403025 0000041c  301		move	$6, $18
        02603825 00000420  302		move	$7, $19
        0060f809 00000424  303		jalr	$3
        02804025 00000428  304		move	$8, $20
                           305	.L2:
        8fbe0020 0000042c  306		lw	$fp, 32($sp)
                           307	 #	    .ef
        8fb7001c 00000430  308		lw	$23, 28($sp)
        8fbf0034 00000434  309		lw	$ra, 52($sp)
        8fb00000 00000438  310		lw	$16, 0($sp)
        8fb10004 0000043c  311		lw	$17, 4($sp)
        8fb20008 00000440  312		lw	$18, 8($sp)
        8fb3000c 00000444  313		lw	$19, 12($sp)
        8fb40010 00000448  314		lw	$20, 16($sp)
        8fb50014 0000044c  315		lw	$21, 20($sp)
        8fb60018 00000450  316		lw	$22, 24($sp)
        03e00008 00000454  317		jr	$ra
        27bd0038 00000458  318		addiu	$sp, $sp, 56
                           319		.type	LCD_ReadRect,@function
                           320		.size	LCD_ReadRect,.-LCD_ReadRect
                           321		.align	4
                           322	 #pfReadRect	$3	local
                           323	 #x	$19	local
                           324	
                           325	 #x0	$16	param
                           326	 #y0	$17	param
                           327	 #x1	$18	param
                           328	 #y1	$19	param
                           329	 #pBuffer	$20	param
                           330	 #pAPI	$21	param
                           331	
                           332		.data
                           333	.L359:
                           334		.text
                           335		.align	4
                           336	
                           337		.data

                                   Tue Apr 07 08:57:04 2015           Page 8
                                   Tue Apr 07 08:57:04 2015       gh_2i09a.s
                           338		.text
