
                                   Tue Apr 07 08:57:17 2015           Page 1
                                   Tue Apr 07 08:57:16 2015       gh_2i09j.s
Command Line:   C:\GHS\V35\mips35\asmips.exe -noundefined -elf -b0
                -IC:\local\Workspace\DC_V04.01.00_int\cu3x1Platform_SRC\emWinColour
                -IC:\local\Workspace\DC_V04.01.00_int\cu3x1Platform_SRC\platform\include
                -IC:\local\Workspace\DC_V04.01.00_int\cu3x1Platform_SRC\platform\common
                -IC:\local\Workspace\DC_V04.01.00_int\cu3x1Platform_SRC\platform\hardware
                -IC:\local\Workspace\DC_V04.01.00_int\cu3x1Platform_SRC\platform\hardware\D3018X
                -IC:\local\Workspace\DC_V04.01.00_int\cu3x1Platform_SRC\embos\inc
                -IC:\local\Workspace\DC_V04.01.00_int\cu3x1Platform_SRC\emWinColour\config
                -IC:\local\Workspace\DC_V04.01.00_int\cu3x1Platform_SRC\emWinColour\gui\ConvertMono
                -IC:\local\Workspace\DC_V04.01.00_int\cu3x1Platform_SRC\emWinColour\gui\Core
                -IC:\local\Workspace\DC_V04.01.00_int\cu3x1Platform_SRC\emWinColour\gui\Font
                -IC:\local\Workspace\DC_V04.01.00_int\cu3x1Platform_SRC\emWinColour\gui\LCDDriver
                -IC:\local\Workspace\DC_V04.01.00_int\cu3x1Platform_SRC\emWinColour\gui\MemDev
                -IC:\local\Workspace\DC_V04.01.00_int\cu3x1Platform_SRC\emWinColour\gui\VNC
                -IC:\local\Workspace\DC_V04.01.00_int\cu3x1Platform_SRC\emWinColour\gui\Widget
                -IC:\local\Workspace\DC_V04.01.00_int\cu3x1Platform_SRC\emWinColour\gui\wm
                -IC:\local\Workspace\DC_V04.01.00_int\cu3x1App_SRC\Control\source
                -IC:\local\Workspace\DC_V04.01.00_int\cu3x1App_SRC\Control\source\include
                -IC:\local\Workspace\DC_V04.01.00_int\cu3x1App_SRC\Control\source\util
                -IC:\local\Workspace\DC_V04.01.00_int\cu3x1App_SRC\Control\source\datapoint
                -IC:\local\Workspace\DC_V04.01.00_int\cu3x1App_SRC\Control\source\factory
                -IC:\local\Workspace\DC_V04.01.00_int\cu3x1Platform_SRC\embos
                -IC:\local\Workspace\DC_V04.01.00_int\cu3x1Platform_SRC\emWinColour\gui\core
                -IC:\local\Workspace\DC_V04.01.00_int\cu3x1App_SRC\Control\source\rtip\webpage
                -IC:\local\Workspace\DC_V04.01.00_int\cu3x1App_SRC\Control\source\rtip\config
                -IC:\local\Workspace\DC_V04.01.00_int\cu3x1App_SRC\Control\source\rtip\xnet
                -IC:\local\Workspace\DC_V04.01.00_int\cu3x1App_SRC\Control\source\stub
                -IC:\local\Workspace\DC_V04.01.00_int\cu3x1App_SRC\Control\source\test
                -IC:\local\Workspace\DC_V04.01.00_int\cu3x1App_SRC\Control\source\GENIpro
                -IC:\local\Workspace\DC_V04.01.00_int\cu3x1App_SRC\Control\source\GENIpro\GENI_sys
                -IC:\local\Workspace\DC_V04.01.00_int\cu3x1App_SRC\Control\source\GENIpro\GENIusb\emUSB\USB\Driver
                -IC:\local\Workspace\DC_V04.01.00_int\cu3x1App_SRC\Control\source\application\intercom
                -IC:\local\Workspace\DC_V04.01.00_int\cu3x1App_SRC\Control\source\application\controller
                -IC:\local\Workspace\DC_V04.01.00_int\cu3x1App_SRC\Control\source\application\driver
                -IC:\local\Workspace\DC_V04.01.00_int\cu3x1App_SRC\Control\source\application\webif
                -IC:\local\Workspace\DC_V04.01.00_int\cu3x1App_SRC\Control\source\application\relay
                -IC:\local\Workspace\DC_V04.01.00_int\cu3x1App_SRC\Control\source\application\GENIApp
                -IC:\local\Workspace\DC_V04.01.00_int\cu3x1App_SRC\Control\source\application\alarm
                -IC:\local\Workspace\DC_V04.01.00_int\cu3x1App_SRC\Control\source\application\config
                -IC:\local\Workspace\DC_V04.01.00_int\cu3x1App_SRC\Control\source\application\AnaInConfigCtrl
                -IC:\local\Workspace\DC_V04.01.00_int\cu3x1App_SRC\Control\source\application\Sms
                -IC:\local\Workspace\DC_V04.01.00_int\cu3x1App_SRC\Control\source\application\display
                -IC:\local\Workspace\DC_V04.01.00_int\cu3x1App_SRC\Control\source\application\display\display_task
                -IC:\local\Workspace\DC_V04.01.00_int\cu3x1App_SRC\Control\source\application\display\gui_utility
                -IC:\local\Workspace\DC_V04.01.00_int\cu3x1App_SRC\Control\source\application\display\mpcunit
                -IC:\local\Workspace\DC_V04.01.00_int\cu3x1App_SRC\Control\source\GeniPro
                -IC:\local\Workspace\DC_V04.01.00_int\cu3x1App_SRC\Control\source\GeniPro\GENI_sys
                -IC:\local\Workspace\DC_V04.01.00_int\cu3x1App_SRC\Control\source\GeniPro\GENIbus
                -IC:\local\Workspace\DC_V04.01.00_int\cu3x1App_SRC\Control\source\GeniPro\GENIcom
                -IC:\local\Workspace\DC_V04.01.00_int\cu3x1App_SRC\Control\source\GeniPro\GENIrs232
                -IC:\local\Workspace\DC_V04.01.00_int\cu3x1App_SRC\Control\source\GeniPro\Virtual
                -IC:\local\Workspace\DC_V04.01.00_int\cu3x1Platform_SRC\Platform\common
                -IC:\local\Workspace\DC_V04.01.00_int\cu3x1Platform_SRC\Platform\hardware
                -IC:\local\Workspace\DC_V04.01.00_int\cu3x1Platform_SRC\Platform\hardware\D3018X
                -IC:\local\Workspace\DC_V04.01.00_int\cu3x1App_SRC\Control\source\application\display\imagesTFT
                -IC:\GHS\V35\mips35\mipsl_sf -r4121 -source=LCDGetP.c -o
                objs\gh_2i09j.o -list=objs\LCDGetP.lst
                C:\Users\55602\AppData\Local\Temp\gh_2i09j.s
Source File:    C:\Users\55602\AppData\Local\Temp\gh_2i09j.s
Directory:      C:\local\Workspace\DC_V04.01.00_int\cu3x1App_SRC\Control\source
Host OS:        GHS_WIN32
Version:        AS-MIPS 3.5#11 
Release:        MULTI 2000, MIPS v3.5
Revision Date:  Wed Feb 27 12:19:03 2002
Release Date:   Sat Mar 02 02:57:59 2002
                             1	 #Source File:   C:\local\Workspace\DC_V04.01.00_int\cu3x1Platform_SRC\emWinColour\GUI\Core\LCDGetP.c

                                   Tue Apr 07 08:57:17 2015           Page 2
                                   Tue Apr 07 08:57:16 2015       gh_2i09j.s
                             2	 #Directory:     
                             3	 #		C:\local\Workspace\DC_V04.01.00_int\cu3x1App_SRC\Control\source
                             4	 #Compile Date:  Tue Apr 07 08:57:16 2015
                             5	 #Host OS:       Win32
                             6	 #Version:       C-MIPS 3.5#11 RELEASE VERSION
                             7	 #Release:       MULTI 2000, MIPS v3.5
                             8	 #Revision Date: Fri Mar 01 11:32:40 2002
                             9	 #Release Date:  Sat Mar 02 02:58:48 2002
                            10		.set	noat
                            11		.set	noreorder
                            12		.set	nomacro
                            13		.text
                            14		.align	4
                            15		.globl	LCD_GetPixelIndex
                            16	LCD_GetPixelIndex:
        27bdffe0 00000000   17		addiu	$sp, $sp, -32
                            18	 #	    .bf
        afb00000 00000004   19		sw	$16, 0($sp)
        00808025 00000008   20		move	$16, $4
        afbf001c 0000000c   21		sw	$ra, 28($sp)
        3c010000 00000010   22		lui	$1, %hi(GUI_Context+76)
        8c390000 00000014   23		lw	$25, %lo(GUI_Context+76)($1)
        afb20008 00000018   24		sw	$18, 8($sp)
        afb10004 0000001c   25		sw	$17, 4($sp)
        8f390020 00000020   26		lw	$25, 32($25)
        00a08825 00000024   27		move	$17, $5
        27b20010 00000028   28		addiu	$18, $sp, 16
        0320f809 0000002c   29		jalr	$25
        02402025 00000030   30		move	$4, $18
        87b80010 00000034   31		lh	$24, 16($sp)
        0218782a 00000038   32		slt	$15, $16, $24
        51e00008 0000003c   33		beql	$15, $0, .L1000004
        864e0004 00000040   34		lh	$14, 4($18)
        8fb20008 00000044   35		lw	$18, 8($sp)
        8fb10004 00000048   36		lw	$17, 4($sp)
        8fbf001c 0000004c   37		lw	$ra, 28($sp)
        8fb00000 00000050   38		lw	$16, 0($sp)
        27bd0020 00000054   39		addiu	$sp, $sp, 32
        03e00008 00000058   40		jr	$ra
        34020000 0000005c   41		ori	$2, $0, 0
                            42	.L1000004:
        01d0682a 00000060   43		slt	$13, $14, $16
        51a00008 00000064   44		beql	$13, $0, .L1000007
        86590002 00000068   45		lh	$25, 2($18)
        8fb20008 0000006c   46		lw	$18, 8($sp)
        8fb10004 00000070   47		lw	$17, 4($sp)
        8fbf001c 00000074   48		lw	$ra, 28($sp)
        8fb00000 00000078   49		lw	$16, 0($sp)
        27bd0020 0000007c   50		addiu	$sp, $sp, 32
        03e00008 00000080   51		jr	$ra
        34020000 00000084   52		ori	$2, $0, 0
                            53	.L1000007:
        0239c02a 00000088   54		slt	$24, $17, $25
        53000008 0000008c   55		beql	$24, $0, .L1000010
        864f0006 00000090   56		lh	$15, 6($18)
        8fb20008 00000094   57		lw	$18, 8($sp)

                                   Tue Apr 07 08:57:17 2015           Page 3
                                   Tue Apr 07 08:57:16 2015       gh_2i09j.s
        8fb10004 00000098   58		lw	$17, 4($sp)
        8fbf001c 0000009c   59		lw	$ra, 28($sp)
        8fb00000 000000a0   60		lw	$16, 0($sp)
        27bd0020 000000a4   61		addiu	$sp, $sp, 32
        03e00008 000000a8   62		jr	$ra
        34020000 000000ac   63		ori	$2, $0, 0
                            64	.L1000010:
        01f1702a 000000b0   65		slt	$14, $15, $17
        51c00008 000000b4   66		beql	$14, $0, .L1000013
        3c010000 000000b8   67		lui	$1, %hi(GUI_Context+76)
        8fb20008 000000bc   68		lw	$18, 8($sp)
        8fb10004 000000c0   69		lw	$17, 4($sp)
        8fbf001c 000000c4   70		lw	$ra, 28($sp)
        8fb00000 000000c8   71		lw	$16, 0($sp)
        27bd0020 000000cc   72		addiu	$sp, $sp, 32
        03e00008 000000d0   73		jr	$ra
        34020000 000000d4   74		ori	$2, $0, 0
                            75	.L1000013:
        8c2d0000 000000d8   76		lw	$13, %lo(GUI_Context+76)($1)
        8dad001c 000000dc   77		lw	$13, 28($13)
        02002025 000000e0   78		move	$4, $16
        01a0f809 000000e4   79		jalr	$13
        02202825 000000e8   80		move	$5, $17
                            81	 #	    .ef
        8fb00000 000000ec   82		lw	$16, 0($sp)
        8fbf001c 000000f0   83		lw	$ra, 28($sp)
        8fb10004 000000f4   84		lw	$17, 4($sp)
        8fb20008 000000f8   85		lw	$18, 8($sp)
        03e00008 000000fc   86		jr	$ra
        27bd0020 00000100   87		addiu	$sp, $sp, 32
                            88		.type	LCD_GetPixelIndex,@function
                            89		.size	LCD_GetPixelIndex,.-LCD_GetPixelIndex
                            90		.align	4
                            91	 #r	16($sp)	local
                            92	
                            93	 #x	$16	param
                            94	 #y	$17	param
                            95	
                            96		.data
                            97	.L51:
                            98		.text
                            99		.align	4
                           100	 #GUI_Context	GUI_Context	import
                           101	
                           102		.data
                           103		.text
