
                                   Tue Apr 07 08:57:18 2015           Page 1
                                   Tue Apr 07 08:57:18 2015       gh_2i09k.s
Command Line:   C:\GHS\V35\mips35\asmips.exe -noundefined -elf -b0
                -IC:\local\Workspace\DC_V04.01.00_int\cu3x1Platform_SRC\emWinColour
                -IC:\local\Workspace\DC_V04.01.00_int\cu3x1Platform_SRC\platform\include
                -IC:\local\Workspace\DC_V04.01.00_int\cu3x1Platform_SRC\platform\common
                -IC:\local\Workspace\DC_V04.01.00_int\cu3x1Platform_SRC\platform\hardware
                -IC:\local\Workspace\DC_V04.01.00_int\cu3x1Platform_SRC\platform\hardware\D3018X
                -IC:\local\Workspace\DC_V04.01.00_int\cu3x1Platform_SRC\embos\inc
                -IC:\local\Workspace\DC_V04.01.00_int\cu3x1Platform_SRC\emWinColour\config
                -IC:\local\Workspace\DC_V04.01.00_int\cu3x1Platform_SRC\emWinColour\gui\ConvertMono
                -IC:\local\Workspace\DC_V04.01.00_int\cu3x1Platform_SRC\emWinColour\gui\Core
                -IC:\local\Workspace\DC_V04.01.00_int\cu3x1Platform_SRC\emWinColour\gui\Font
                -IC:\local\Workspace\DC_V04.01.00_int\cu3x1Platform_SRC\emWinColour\gui\LCDDriver
                -IC:\local\Workspace\DC_V04.01.00_int\cu3x1Platform_SRC\emWinColour\gui\MemDev
                -IC:\local\Workspace\DC_V04.01.00_int\cu3x1Platform_SRC\emWinColour\gui\VNC
                -IC:\local\Workspace\DC_V04.01.00_int\cu3x1Platform_SRC\emWinColour\gui\Widget
                -IC:\local\Workspace\DC_V04.01.00_int\cu3x1Platform_SRC\emWinColour\gui\wm
                -IC:\local\Workspace\DC_V04.01.00_int\cu3x1App_SRC\Control\source
                -IC:\local\Workspace\DC_V04.01.00_int\cu3x1App_SRC\Control\source\include
                -IC:\local\Workspace\DC_V04.01.00_int\cu3x1App_SRC\Control\source\util
                -IC:\local\Workspace\DC_V04.01.00_int\cu3x1App_SRC\Control\source\datapoint
                -IC:\local\Workspace\DC_V04.01.00_int\cu3x1App_SRC\Control\source\factory
                -IC:\local\Workspace\DC_V04.01.00_int\cu3x1Platform_SRC\embos
                -IC:\local\Workspace\DC_V04.01.00_int\cu3x1Platform_SRC\emWinColour\gui\core
                -IC:\local\Workspace\DC_V04.01.00_int\cu3x1App_SRC\Control\source\rtip\webpage
                -IC:\local\Workspace\DC_V04.01.00_int\cu3x1App_SRC\Control\source\rtip\config
                -IC:\local\Workspace\DC_V04.01.00_int\cu3x1App_SRC\Control\source\rtip\xnet
                -IC:\local\Workspace\DC_V04.01.00_int\cu3x1App_SRC\Control\source\stub
                -IC:\local\Workspace\DC_V04.01.00_int\cu3x1App_SRC\Control\source\test
                -IC:\local\Workspace\DC_V04.01.00_int\cu3x1App_SRC\Control\source\GENIpro
                -IC:\local\Workspace\DC_V04.01.00_int\cu3x1App_SRC\Control\source\GENIpro\GENI_sys
                -IC:\local\Workspace\DC_V04.01.00_int\cu3x1App_SRC\Control\source\GENIpro\GENIusb\emUSB\USB\Driver
                -IC:\local\Workspace\DC_V04.01.00_int\cu3x1App_SRC\Control\source\application\intercom
                -IC:\local\Workspace\DC_V04.01.00_int\cu3x1App_SRC\Control\source\application\controller
                -IC:\local\Workspace\DC_V04.01.00_int\cu3x1App_SRC\Control\source\application\driver
                -IC:\local\Workspace\DC_V04.01.00_int\cu3x1App_SRC\Control\source\application\webif
                -IC:\local\Workspace\DC_V04.01.00_int\cu3x1App_SRC\Control\source\application\relay
                -IC:\local\Workspace\DC_V04.01.00_int\cu3x1App_SRC\Control\source\application\GENIApp
                -IC:\local\Workspace\DC_V04.01.00_int\cu3x1App_SRC\Control\source\application\alarm
                -IC:\local\Workspace\DC_V04.01.00_int\cu3x1App_SRC\Control\source\application\config
                -IC:\local\Workspace\DC_V04.01.00_int\cu3x1App_SRC\Control\source\application\AnaInConfigCtrl
                -IC:\local\Workspace\DC_V04.01.00_int\cu3x1App_SRC\Control\source\application\Sms
                -IC:\local\Workspace\DC_V04.01.00_int\cu3x1App_SRC\Control\source\application\display
                -IC:\local\Workspace\DC_V04.01.00_int\cu3x1App_SRC\Control\source\application\display\display_task
                -IC:\local\Workspace\DC_V04.01.00_int\cu3x1App_SRC\Control\source\application\display\gui_utility
                -IC:\local\Workspace\DC_V04.01.00_int\cu3x1App_SRC\Control\source\application\display\mpcunit
                -IC:\local\Workspace\DC_V04.01.00_int\cu3x1App_SRC\Control\source\GeniPro
                -IC:\local\Workspace\DC_V04.01.00_int\cu3x1App_SRC\Control\source\GeniPro\GENI_sys
                -IC:\local\Workspace\DC_V04.01.00_int\cu3x1App_SRC\Control\source\GeniPro\GENIbus
                -IC:\local\Workspace\DC_V04.01.00_int\cu3x1App_SRC\Control\source\GeniPro\GENIcom
                -IC:\local\Workspace\DC_V04.01.00_int\cu3x1App_SRC\Control\source\GeniPro\GENIrs232
                -IC:\local\Workspace\DC_V04.01.00_int\cu3x1App_SRC\Control\source\GeniPro\Virtual
                -IC:\local\Workspace\DC_V04.01.00_int\cu3x1Platform_SRC\Platform\common
                -IC:\local\Workspace\DC_V04.01.00_int\cu3x1Platform_SRC\Platform\hardware
                -IC:\local\Workspace\DC_V04.01.00_int\cu3x1Platform_SRC\Platform\hardware\D3018X
                -IC:\local\Workspace\DC_V04.01.00_int\cu3x1App_SRC\Control\source\application\display\imagesTFT
                -IC:\GHS\V35\mips35\mipsl_sf -r4121 -source=LCDInfo.c -o
                objs\gh_2i09k.o -list=objs\LCDInfo.lst
                C:\Users\55602\AppData\Local\Temp\gh_2i09k.s
Source File:    C:\Users\55602\AppData\Local\Temp\gh_2i09k.s
Directory:      C:\local\Workspace\DC_V04.01.00_int\cu3x1App_SRC\Control\source
Host OS:        GHS_WIN32
Version:        AS-MIPS 3.5#11 
Release:        MULTI 2000, MIPS v3.5
Revision Date:  Wed Feb 27 12:19:03 2002
Release Date:   Sat Mar 02 02:57:59 2002
                             1	 #Source File:   C:\local\Workspace\DC_V04.01.00_int\cu3x1Platform_SRC\emWinColour\GUI\Core\LCDInfo.c

                                   Tue Apr 07 08:57:18 2015           Page 2
                                   Tue Apr 07 08:57:18 2015       gh_2i09k.s
                             2	 #Directory:     
                             3	 #		C:\local\Workspace\DC_V04.01.00_int\cu3x1App_SRC\Control\source
                             4	 #Compile Date:  Tue Apr 07 08:57:18 2015
                             5	 #Host OS:       Win32
                             6	 #Version:       C-MIPS 3.5#11 RELEASE VERSION
                             7	 #Release:       MULTI 2000, MIPS v3.5
                             8	 #Revision Date: Fri Mar 01 11:32:40 2002
                             9	 #Release Date:  Sat Mar 02 02:58:48 2002
                            10		.set	noat
                            11		.set	noreorder
                            12		.set	nomacro
                            13		.text
                            14		.align	4
                            15		.globl	LCD_GetDevCap
                            16	LCD_GetDevCap:
        00801825 00000000   17		move	$3, $4
                            18	 #	    .bf
        2c790003 00000004   19		sltiu	$25, $3, 3
        13200008 00000008   20		beq	$25, $0, .L69
        00000000 0000000c   21		nop
        2463ffff 00000010   22		addiu	$3, $3, -1
        04600010 00000014   23		bltz	$3, .L6
        00000000 00000018   24		nop
        10600010 0000001c   25		beq	$3, $0, .L8
        00000000 00000020   26		nop
        08000000 00000024   27		j	.L10
        00000000 00000028   28		nop
                            29	.L69:
        2c6e0004 0000002c   30		sltiu	$14, $3, 4
        15c0000f 00000030   31		bne	$14, $0, .L12
        340d0004 00000034   32		ori	$13, $0, 4
        106d000f 00000038   33		beq	$3, $13, .L14
        2463fff9 0000003c   34		addiu	$3, $3, -7
        1060000f 00000040   35		beq	$3, $0, .L16
        2463ffff 00000044   36		addiu	$3, $3, -1
        1060000f 00000048   37		beq	$3, $0, .L18
        00000000 0000004c   38		nop
        08000000 00000050   39		j	.L1000004
        28991000 00000054   40		slti	$25, $4, 4096
                            41	.L6:
        03e00008 00000058   42		jr	$ra
        3c020001 0000005c   43		lui	$2, 1
                            44	.L8:
        08000000 00000060   45		j	LCD_GetXSize
        00000000 00000064   46		nop
                            47	.L10:
        08000000 00000068   48		j	LCD_GetYSize
        00000000 0000006c   49		nop
                            50	.L12:
        03e00008 00000070   51		jr	$ra
        340200f0 00000074   52		ori	$2, $0, 240
                            53	.L14:
        03e00008 00000078   54		jr	$ra
        34020140 0000007c   55		ori	$2, $0, 320
                            56	.L16:
        03e00008 00000080   57		jr	$ra

                                   Tue Apr 07 08:57:18 2015           Page 3
                                   Tue Apr 07 08:57:18 2015       gh_2i09k.s
        34020514 00000084   58		ori	$2, $0, 1300
                            59	.L18:
        03e00008 00000088   60		jr	$ra
        34020010 0000008c   61		ori	$2, $0, 16
                            62	.L1000004:
        17200007 00000090   63		bne	$25, $0, .L20
        3c180001 00000094   64		lui	$24, 1
        37181000 00000098   65		ori	$24, $24, 4096
        0098782a 0000009c   66		slt	$15, $4, $24
        11e00003 000000a0   67		beq	$15, $0, .L20
        00000000 000000a4   68		nop
        08000000 000000a8   69		j	LCD_Index2Color
        2484f000 000000ac   70		addiu	$4, $4, -4096
                            71	.L20:
                            72	 #	    .ef
        03e00008 000000b0   73		jr	$ra
        34020000 000000b4   74		ori	$2, $0, 0
                            75		.type	LCD_GetDevCap,@function
                            76		.size	LCD_GetDevCap,.-LCD_GetDevCap
                            77		.align	4
                            78	
                            79	 #Index	$4	param
                            80	
                            81		.data
                            82	.L68:
                            83		.text
                            84		.align	4
                            85	
                            86		.data
                            87		.text
