
                                   Tue Apr 07 08:57:25 2015           Page 1
                                   Tue Apr 07 08:57:25 2015       gh_2i09p.s
Command Line:   C:\GHS\V35\mips35\asmips.exe -noundefined -elf -b0
                -IC:\local\Workspace\DC_V04.01.00_int\cu3x1Platform_SRC\emWinColour
                -IC:\local\Workspace\DC_V04.01.00_int\cu3x1Platform_SRC\platform\include
                -IC:\local\Workspace\DC_V04.01.00_int\cu3x1Platform_SRC\platform\common
                -IC:\local\Workspace\DC_V04.01.00_int\cu3x1Platform_SRC\platform\hardware
                -IC:\local\Workspace\DC_V04.01.00_int\cu3x1Platform_SRC\platform\hardware\D3018X
                -IC:\local\Workspace\DC_V04.01.00_int\cu3x1Platform_SRC\embos\inc
                -IC:\local\Workspace\DC_V04.01.00_int\cu3x1Platform_SRC\emWinColour\config
                -IC:\local\Workspace\DC_V04.01.00_int\cu3x1Platform_SRC\emWinColour\gui\ConvertMono
                -IC:\local\Workspace\DC_V04.01.00_int\cu3x1Platform_SRC\emWinColour\gui\Core
                -IC:\local\Workspace\DC_V04.01.00_int\cu3x1Platform_SRC\emWinColour\gui\Font
                -IC:\local\Workspace\DC_V04.01.00_int\cu3x1Platform_SRC\emWinColour\gui\LCDDriver
                -IC:\local\Workspace\DC_V04.01.00_int\cu3x1Platform_SRC\emWinColour\gui\MemDev
                -IC:\local\Workspace\DC_V04.01.00_int\cu3x1Platform_SRC\emWinColour\gui\VNC
                -IC:\local\Workspace\DC_V04.01.00_int\cu3x1Platform_SRC\emWinColour\gui\Widget
                -IC:\local\Workspace\DC_V04.01.00_int\cu3x1Platform_SRC\emWinColour\gui\wm
                -IC:\local\Workspace\DC_V04.01.00_int\cu3x1App_SRC\Control\source
                -IC:\local\Workspace\DC_V04.01.00_int\cu3x1App_SRC\Control\source\include
                -IC:\local\Workspace\DC_V04.01.00_int\cu3x1App_SRC\Control\source\util
                -IC:\local\Workspace\DC_V04.01.00_int\cu3x1App_SRC\Control\source\datapoint
                -IC:\local\Workspace\DC_V04.01.00_int\cu3x1App_SRC\Control\source\factory
                -IC:\local\Workspace\DC_V04.01.00_int\cu3x1Platform_SRC\embos
                -IC:\local\Workspace\DC_V04.01.00_int\cu3x1Platform_SRC\emWinColour\gui\core
                -IC:\local\Workspace\DC_V04.01.00_int\cu3x1App_SRC\Control\source\rtip\webpage
                -IC:\local\Workspace\DC_V04.01.00_int\cu3x1App_SRC\Control\source\rtip\config
                -IC:\local\Workspace\DC_V04.01.00_int\cu3x1App_SRC\Control\source\rtip\xnet
                -IC:\local\Workspace\DC_V04.01.00_int\cu3x1App_SRC\Control\source\stub
                -IC:\local\Workspace\DC_V04.01.00_int\cu3x1App_SRC\Control\source\test
                -IC:\local\Workspace\DC_V04.01.00_int\cu3x1App_SRC\Control\source\GENIpro
                -IC:\local\Workspace\DC_V04.01.00_int\cu3x1App_SRC\Control\source\GENIpro\GENI_sys
                -IC:\local\Workspace\DC_V04.01.00_int\cu3x1App_SRC\Control\source\GENIpro\GENIusb\emUSB\USB\Driver
                -IC:\local\Workspace\DC_V04.01.00_int\cu3x1App_SRC\Control\source\application\intercom
                -IC:\local\Workspace\DC_V04.01.00_int\cu3x1App_SRC\Control\source\application\controller
                -IC:\local\Workspace\DC_V04.01.00_int\cu3x1App_SRC\Control\source\application\driver
                -IC:\local\Workspace\DC_V04.01.00_int\cu3x1App_SRC\Control\source\application\webif
                -IC:\local\Workspace\DC_V04.01.00_int\cu3x1App_SRC\Control\source\application\relay
                -IC:\local\Workspace\DC_V04.01.00_int\cu3x1App_SRC\Control\source\application\GENIApp
                -IC:\local\Workspace\DC_V04.01.00_int\cu3x1App_SRC\Control\source\application\alarm
                -IC:\local\Workspace\DC_V04.01.00_int\cu3x1App_SRC\Control\source\application\config
                -IC:\local\Workspace\DC_V04.01.00_int\cu3x1App_SRC\Control\source\application\AnaInConfigCtrl
                -IC:\local\Workspace\DC_V04.01.00_int\cu3x1App_SRC\Control\source\application\Sms
                -IC:\local\Workspace\DC_V04.01.00_int\cu3x1App_SRC\Control\source\application\display
                -IC:\local\Workspace\DC_V04.01.00_int\cu3x1App_SRC\Control\source\application\display\display_task
                -IC:\local\Workspace\DC_V04.01.00_int\cu3x1App_SRC\Control\source\application\display\gui_utility
                -IC:\local\Workspace\DC_V04.01.00_int\cu3x1App_SRC\Control\source\application\display\mpcunit
                -IC:\local\Workspace\DC_V04.01.00_int\cu3x1App_SRC\Control\source\GeniPro
                -IC:\local\Workspace\DC_V04.01.00_int\cu3x1App_SRC\Control\source\GeniPro\GENI_sys
                -IC:\local\Workspace\DC_V04.01.00_int\cu3x1App_SRC\Control\source\GeniPro\GENIbus
                -IC:\local\Workspace\DC_V04.01.00_int\cu3x1App_SRC\Control\source\GeniPro\GENIcom
                -IC:\local\Workspace\DC_V04.01.00_int\cu3x1App_SRC\Control\source\GeniPro\GENIrs232
                -IC:\local\Workspace\DC_V04.01.00_int\cu3x1App_SRC\Control\source\GeniPro\Virtual
                -IC:\local\Workspace\DC_V04.01.00_int\cu3x1Platform_SRC\Platform\common
                -IC:\local\Workspace\DC_V04.01.00_int\cu3x1Platform_SRC\Platform\hardware
                -IC:\local\Workspace\DC_V04.01.00_int\cu3x1Platform_SRC\Platform\hardware\D3018X
                -IC:\local\Workspace\DC_V04.01.00_int\cu3x1App_SRC\Control\source\application\display\imagesTFT
                -IC:\GHS\V35\mips35\mipsl_sf -r4121 -source=LCDP1.c -o
                objs\gh_2i09p.o -list=objs\LCDP1.lst
                C:\Users\55602\AppData\Local\Temp\gh_2i09p.s
Source File:    C:\Users\55602\AppData\Local\Temp\gh_2i09p.s
Directory:      C:\local\Workspace\DC_V04.01.00_int\cu3x1App_SRC\Control\source
Host OS:        GHS_WIN32
Version:        AS-MIPS 3.5#11 
Release:        MULTI 2000, MIPS v3.5
Revision Date:  Wed Feb 27 12:19:03 2002
Release Date:   Sat Mar 02 02:57:59 2002
                             1	 #Source File:   C:\local\Workspace\DC_V04.01.00_int\cu3x1Platform_SRC\emWinColour\GUI\Core\LCDP1.c

                                   Tue Apr 07 08:57:25 2015           Page 2
                                   Tue Apr 07 08:57:25 2015       gh_2i09p.s
                             2	 #Directory:     
                             3	 #		C:\local\Workspace\DC_V04.01.00_int\cu3x1App_SRC\Control\source
                             4	 #Compile Date:  Tue Apr 07 08:57:25 2015
                             5	 #Host OS:       Win32
                             6	 #Version:       C-MIPS 3.5#11 RELEASE VERSION
                             7	 #Release:       MULTI 2000, MIPS v3.5
                             8	 #Revision Date: Fri Mar 01 11:32:40 2002
                             9	 #Release Date:  Sat Mar 02 02:58:48 2002
                            10		.set	noat
                            11		.set	noreorder
                            12		.set	nomacro
                            13		.text
                            14		.align	4
                            15		.globl	LCD_Color2Index_1
                            16	LCD_Color2Index_1:
        0004ca02 00000000   17		srl	$25, $4, 8
                            18	 #	    .bf
        332200ff 00000004   19		andi	$2, $25, 255
        0004cc02 00000008   20		srl	$25, $4, 16
        308300ff 0000000c   21		andi	$3, $4, 255
        0062c021 00000010   22		addu	$24, $3, $2
        03197821 00000014   23		addu	$15, $24, $25
        25ee017f 00000018   24		addiu	$14, $15, 383
        340d02fd 0000001c   25		ori	$13, $0, 765
        01cd001a 00000020   26		div	$0,$14, $13
        00001012 00000024   27		mflo	$2
                            28	 #	    .ef
        03e00008 00000028   29		jr	$ra
        00000000 0000002c   30		nop
        00000000 00000030   31		nop
                            32		.type	LCD_Color2Index_1,@function
                            33		.size	LCD_Color2Index_1,.-LCD_Color2Index_1
                            34		.align	4
                            35	 #r	$3	local
                            36	 #g	$2	local
                            37	 #b	$25	local
                            38	
                            39	 #Color	$4	param
                            40	
                            41		.data
                            42	.L22:
                            43		.text
                            44		.align	4
                            45		.align	4
                            46		.globl	LCD_Index2Color_1
                            47	LCD_Index2Color_1:
                            48	 #	    .bf
        10800003 00000034   49		beq	$4, $0, .L30
        34030000 00000038   50		ori	$3, $0, 0
        3c0300ff 0000003c   51		lui	$3, 255
        3463ffff 00000040   52		ori	$3, $3, 65535
                            53	.L30:
                            54	 #	    .ef
        03e00008 00000044   55		jr	$ra
        00601025 00000048   56		move	$2, $3
                            57		.type	LCD_Index2Color_1,@function

                                   Tue Apr 07 08:57:25 2015           Page 3
                                   Tue Apr 07 08:57:25 2015       gh_2i09p.s
                            58		.size	LCD_Index2Color_1,.-LCD_Index2Color_1
                            59		.align	4
                            60	
                            61	 #Index	$4	param
                            62	
                            63		.data
                            64	.L49:
                            65		.text
                            66		.align	4
                            67		.align	4
                            68		.globl	LCD_GetIndexMask_1
                            69	LCD_GetIndexMask_1:
                            70	 #	    .bf
                            71	 #	    .ef
        03e00008 0000004c   72		jr	$ra
        34020001 00000050   73		ori	$2, $0, 1
                            74		.type	LCD_GetIndexMask_1,@function
                            75		.size	LCD_GetIndexMask_1,.-LCD_GetIndexMask_1
                            76		.align	4
                            77	
                            78		.data
                            79	.L69:
                            80		.text
                            81		.align	4
                            82	
                            83		.section ".rodata","a"
                            84	.L77:
                            85		.globl	LCD_API_ColorConv_1
        00000000 00000000   86	LCD_API_ColorConv_1:	.word	LCD_Color2Index_1
        00000000 00000004   87		.word	LCD_Index2Color_1
        00000000 00000008   88		.word	LCD_GetIndexMask_1
                            89		.type	LCD_API_ColorConv_1,@object
                            90		.size	LCD_API_ColorConv_1,12
                            91		.data
                            92		.section ".rodata","a"
                            93		.align	4
                            94		.text
