
                                   Tue Apr 07 08:57:29 2015           Page 1
                                   Tue Apr 07 08:57:29 2015       gh_2i09s.s
Command Line:   C:\GHS\V35\mips35\asmips.exe -noundefined -elf -b0
                -IC:\local\Workspace\DC_V04.01.00_int\cu3x1Platform_SRC\emWinColour
                -IC:\local\Workspace\DC_V04.01.00_int\cu3x1Platform_SRC\platform\include
                -IC:\local\Workspace\DC_V04.01.00_int\cu3x1Platform_SRC\platform\common
                -IC:\local\Workspace\DC_V04.01.00_int\cu3x1Platform_SRC\platform\hardware
                -IC:\local\Workspace\DC_V04.01.00_int\cu3x1Platform_SRC\platform\hardware\D3018X
                -IC:\local\Workspace\DC_V04.01.00_int\cu3x1Platform_SRC\embos\inc
                -IC:\local\Workspace\DC_V04.01.00_int\cu3x1Platform_SRC\emWinColour\config
                -IC:\local\Workspace\DC_V04.01.00_int\cu3x1Platform_SRC\emWinColour\gui\ConvertMono
                -IC:\local\Workspace\DC_V04.01.00_int\cu3x1Platform_SRC\emWinColour\gui\Core
                -IC:\local\Workspace\DC_V04.01.00_int\cu3x1Platform_SRC\emWinColour\gui\Font
                -IC:\local\Workspace\DC_V04.01.00_int\cu3x1Platform_SRC\emWinColour\gui\LCDDriver
                -IC:\local\Workspace\DC_V04.01.00_int\cu3x1Platform_SRC\emWinColour\gui\MemDev
                -IC:\local\Workspace\DC_V04.01.00_int\cu3x1Platform_SRC\emWinColour\gui\VNC
                -IC:\local\Workspace\DC_V04.01.00_int\cu3x1Platform_SRC\emWinColour\gui\Widget
                -IC:\local\Workspace\DC_V04.01.00_int\cu3x1Platform_SRC\emWinColour\gui\wm
                -IC:\local\Workspace\DC_V04.01.00_int\cu3x1App_SRC\Control\source
                -IC:\local\Workspace\DC_V04.01.00_int\cu3x1App_SRC\Control\source\include
                -IC:\local\Workspace\DC_V04.01.00_int\cu3x1App_SRC\Control\source\util
                -IC:\local\Workspace\DC_V04.01.00_int\cu3x1App_SRC\Control\source\datapoint
                -IC:\local\Workspace\DC_V04.01.00_int\cu3x1App_SRC\Control\source\factory
                -IC:\local\Workspace\DC_V04.01.00_int\cu3x1Platform_SRC\embos
                -IC:\local\Workspace\DC_V04.01.00_int\cu3x1Platform_SRC\emWinColour\gui\core
                -IC:\local\Workspace\DC_V04.01.00_int\cu3x1App_SRC\Control\source\rtip\webpage
                -IC:\local\Workspace\DC_V04.01.00_int\cu3x1App_SRC\Control\source\rtip\config
                -IC:\local\Workspace\DC_V04.01.00_int\cu3x1App_SRC\Control\source\rtip\xnet
                -IC:\local\Workspace\DC_V04.01.00_int\cu3x1App_SRC\Control\source\stub
                -IC:\local\Workspace\DC_V04.01.00_int\cu3x1App_SRC\Control\source\test
                -IC:\local\Workspace\DC_V04.01.00_int\cu3x1App_SRC\Control\source\GENIpro
                -IC:\local\Workspace\DC_V04.01.00_int\cu3x1App_SRC\Control\source\GENIpro\GENI_sys
                -IC:\local\Workspace\DC_V04.01.00_int\cu3x1App_SRC\Control\source\GENIpro\GENIusb\emUSB\USB\Driver
                -IC:\local\Workspace\DC_V04.01.00_int\cu3x1App_SRC\Control\source\application\intercom
                -IC:\local\Workspace\DC_V04.01.00_int\cu3x1App_SRC\Control\source\application\controller
                -IC:\local\Workspace\DC_V04.01.00_int\cu3x1App_SRC\Control\source\application\driver
                -IC:\local\Workspace\DC_V04.01.00_int\cu3x1App_SRC\Control\source\application\webif
                -IC:\local\Workspace\DC_V04.01.00_int\cu3x1App_SRC\Control\source\application\relay
                -IC:\local\Workspace\DC_V04.01.00_int\cu3x1App_SRC\Control\source\application\GENIApp
                -IC:\local\Workspace\DC_V04.01.00_int\cu3x1App_SRC\Control\source\application\alarm
                -IC:\local\Workspace\DC_V04.01.00_int\cu3x1App_SRC\Control\source\application\config
                -IC:\local\Workspace\DC_V04.01.00_int\cu3x1App_SRC\Control\source\application\AnaInConfigCtrl
                -IC:\local\Workspace\DC_V04.01.00_int\cu3x1App_SRC\Control\source\application\Sms
                -IC:\local\Workspace\DC_V04.01.00_int\cu3x1App_SRC\Control\source\application\display
                -IC:\local\Workspace\DC_V04.01.00_int\cu3x1App_SRC\Control\source\application\display\display_task
                -IC:\local\Workspace\DC_V04.01.00_int\cu3x1App_SRC\Control\source\application\display\gui_utility
                -IC:\local\Workspace\DC_V04.01.00_int\cu3x1App_SRC\Control\source\application\display\mpcunit
                -IC:\local\Workspace\DC_V04.01.00_int\cu3x1App_SRC\Control\source\GeniPro
                -IC:\local\Workspace\DC_V04.01.00_int\cu3x1App_SRC\Control\source\GeniPro\GENI_sys
                -IC:\local\Workspace\DC_V04.01.00_int\cu3x1App_SRC\Control\source\GeniPro\GENIbus
                -IC:\local\Workspace\DC_V04.01.00_int\cu3x1App_SRC\Control\source\GeniPro\GENIcom
                -IC:\local\Workspace\DC_V04.01.00_int\cu3x1App_SRC\Control\source\GeniPro\GENIrs232
                -IC:\local\Workspace\DC_V04.01.00_int\cu3x1App_SRC\Control\source\GeniPro\Virtual
                -IC:\local\Workspace\DC_V04.01.00_int\cu3x1Platform_SRC\Platform\common
                -IC:\local\Workspace\DC_V04.01.00_int\cu3x1Platform_SRC\Platform\hardware
                -IC:\local\Workspace\DC_V04.01.00_int\cu3x1Platform_SRC\Platform\hardware\D3018X
                -IC:\local\Workspace\DC_V04.01.00_int\cu3x1App_SRC\Control\source\application\display\imagesTFT
                -IC:\GHS\V35\mips35\mipsl_sf -r4121
                -source=LCDPM565_Index2Color.c -o objs\gh_2i09s.o
                -list=objs\LCDPM565_Index2Color.lst
                C:\Users\55602\AppData\Local\Temp\gh_2i09s.s
Source File:    C:\Users\55602\AppData\Local\Temp\gh_2i09s.s
Directory:      C:\local\Workspace\DC_V04.01.00_int\cu3x1App_SRC\Control\source
Host OS:        GHS_WIN32
Version:        AS-MIPS 3.5#11 
Release:        MULTI 2000, MIPS v3.5
Revision Date:  Wed Feb 27 12:19:03 2002
Release Date:   Sat Mar 02 02:57:59 2002
                             1	 #Source File:   C:\local\Workspace\DC_V04.01.00_int\cu3x1Platform_SRC\emWinColour\GUI\Core\LCDPM565_Index2Color.c

                                   Tue Apr 07 08:57:29 2015           Page 2
                                   Tue Apr 07 08:57:29 2015       gh_2i09s.s
                             2	 #Directory:     
                             3	 #		C:\local\Workspace\DC_V04.01.00_int\cu3x1App_SRC\Control\source
                             4	 #Compile Date:  Tue Apr 07 08:57:29 2015
                             5	 #Host OS:       Win32
                             6	 #Version:       C-MIPS 3.5#11 RELEASE VERSION
                             7	 #Release:       MULTI 2000, MIPS v3.5
                             8	 #Revision Date: Fri Mar 01 11:32:40 2002
                             9	 #Release Date:  Sat Mar 02 02:58:48 2002
                            10		.set	noat
                            11		.set	noreorder
                            12		.set	nomacro
                            13		.text
                            14		.align	4
                            15		.globl	LCD_Index2Color_M565
                            16	LCD_Index2Color_M565:
        0004c2c2 00000000   17		srl	$24, $4, 11
                            18	 #	    .bf
        3303001f 00000004   19		andi	$3, $24, 31
        00037200 00000008   20		sll	$14, $3, 8
        01c37823 0000000c   21		subu	$15, $14, $3
        340d001f 00000010   22		ori	$13, $0, 31
        01ed001b 00000014   23		divu	$0,$15, $13
        0004c942 00000018   24		srl	$25, $4, 5
        00001812 0000001c   25		mflo	$3
        340f003f 00000020   26		ori	$15, $0, 63
        3322003f 00000024   27		andi	$2, $25, 63
        0002c200 00000028   28		sll	$24, $2, 8
        0302c823 0000002c   29		subu	$25, $24, $2
        032f001b 00000030   30		divu	$0,$25, $15
        308b001f 00000034   31		andi	$11, $4, 31
        3419001f 00000038   32		ori	$25, $0, 31
        00001012 0000003c   33		mflo	$2
        000b6a00 00000040   34		sll	$13, $11, 8
        01ab7023 00000044   35		subu	$14, $13, $11
        01d9001b 00000048   36		divu	$0,$14, $25
        0002c200 0000004c   37		sll	$24, $2, 8
        00005812 00000050   38		mflo	$11
        00787821 00000054   39		addu	$15, $3, $24
        000b7400 00000058   40		sll	$14, $11, 16
                            41	 #	    .ef
        03e00008 0000005c   42		jr	$ra
        01ee1021 00000060   43		addu	$2, $15, $14
                            44		.type	LCD_Index2Color_M565,@function
                            45		.size	LCD_Index2Color_M565,.-LCD_Index2Color_M565
                            46		.align	4
                            47	 #r	$3	local
                            48	 #g	$2	local
                            49	 #b	$11	local
                            50	
                            51	 #Index	$4	param
                            52	
                            53		.data
                            54	.L22:
                            55		.text
                            56		.align	4
                            57		.align	4

                                   Tue Apr 07 08:57:29 2015           Page 3
                                   Tue Apr 07 08:57:29 2015       gh_2i09s.s
                            58		.globl	LCD_Color2Index_M565
                            59	LCD_Color2Index_M565:
        0004c402 00000064   60		srl	$24, $4, 16
                            61	 #	    .bf
        330300ff 00000068   62		andi	$3, $24, 255
        00037140 0000006c   63		sll	$14, $3, 5
        01c37823 00000070   64		subu	$15, $14, $3
        340d00ff 00000074   65		ori	$13, $0, 255
        01ed001a 00000078   66		div	$0,$15, $13
        0004ca02 0000007c   67		srl	$25, $4, 8
        00001812 00000080   68		mflo	$3
        332200ff 00000084   69		andi	$2, $25, 255
        0002c180 00000088   70		sll	$24, $2, 6
        0302c823 0000008c   71		subu	$25, $24, $2
        032d001a 00000090   72		div	$0,$25, $13
        308b00ff 00000094   73		andi	$11, $4, 255
        341900ff 00000098   74		ori	$25, $0, 255
        00001012 0000009c   75		mflo	$2
        000b6940 000000a0   76		sll	$13, $11, 5
        01ab7023 000000a4   77		subu	$14, $13, $11
        01d9001a 000000a8   78		div	$0,$14, $25
        0002c140 000000ac   79		sll	$24, $2, 5
        00005812 000000b0   80		mflo	$11
        00787821 000000b4   81		addu	$15, $3, $24
        000b72c0 000000b8   82		sll	$14, $11, 11
                            83	 #	    .ef
        03e00008 000000bc   84		jr	$ra
        01ee1021 000000c0   85		addu	$2, $15, $14
                            86		.type	LCD_Color2Index_M565,@function
                            87		.size	LCD_Color2Index_M565,.-LCD_Color2Index_M565
                            88		.align	4
                            89	 #r	$3	local
                            90	 #g	$2	local
                            91	 #b	$11	local
                            92	
                            93	 #Color	$4	param
                            94	
                            95		.data
                            96	.L41:
                            97		.text
                            98		.align	4
                            99		.align	4
                           100		.globl	LCD_GetIndexMask_M565
                           101	LCD_GetIndexMask_M565:
                           102	 #	    .bf
                           103	 #	    .ef
        03e00008 000000c4  104		jr	$ra
        340200ff 000000c8  105		ori	$2, $0, 255
                           106		.type	LCD_GetIndexMask_M565,@function
                           107		.size	LCD_GetIndexMask_M565,.-LCD_GetIndexMask_M565
                           108		.align	4
                           109	
                           110		.data
                           111	.L57:
                           112		.text
                           113		.align	4

                                   Tue Apr 07 08:57:29 2015           Page 4
                                   Tue Apr 07 08:57:29 2015       gh_2i09s.s
                           114	
                           115		.data
                           116		.text
