
                                   Tue Apr 07 08:57:34 2015           Page 1
                                   Tue Apr 07 08:57:33 2015       gh_2i09v.s
Command Line:   C:\GHS\V35\mips35\asmips.exe -noundefined -elf -b0
                -IC:\local\Workspace\DC_V04.01.00_int\cu3x1Platform_SRC\emWinColour
                -IC:\local\Workspace\DC_V04.01.00_int\cu3x1Platform_SRC\platform\include
                -IC:\local\Workspace\DC_V04.01.00_int\cu3x1Platform_SRC\platform\common
                -IC:\local\Workspace\DC_V04.01.00_int\cu3x1Platform_SRC\platform\hardware
                -IC:\local\Workspace\DC_V04.01.00_int\cu3x1Platform_SRC\platform\hardware\D3018X
                -IC:\local\Workspace\DC_V04.01.00_int\cu3x1Platform_SRC\embos\inc
                -IC:\local\Workspace\DC_V04.01.00_int\cu3x1Platform_SRC\emWinColour\config
                -IC:\local\Workspace\DC_V04.01.00_int\cu3x1Platform_SRC\emWinColour\gui\ConvertMono
                -IC:\local\Workspace\DC_V04.01.00_int\cu3x1Platform_SRC\emWinColour\gui\Core
                -IC:\local\Workspace\DC_V04.01.00_int\cu3x1Platform_SRC\emWinColour\gui\Font
                -IC:\local\Workspace\DC_V04.01.00_int\cu3x1Platform_SRC\emWinColour\gui\LCDDriver
                -IC:\local\Workspace\DC_V04.01.00_int\cu3x1Platform_SRC\emWinColour\gui\MemDev
                -IC:\local\Workspace\DC_V04.01.00_int\cu3x1Platform_SRC\emWinColour\gui\VNC
                -IC:\local\Workspace\DC_V04.01.00_int\cu3x1Platform_SRC\emWinColour\gui\Widget
                -IC:\local\Workspace\DC_V04.01.00_int\cu3x1Platform_SRC\emWinColour\gui\wm
                -IC:\local\Workspace\DC_V04.01.00_int\cu3x1App_SRC\Control\source
                -IC:\local\Workspace\DC_V04.01.00_int\cu3x1App_SRC\Control\source\include
                -IC:\local\Workspace\DC_V04.01.00_int\cu3x1App_SRC\Control\source\util
                -IC:\local\Workspace\DC_V04.01.00_int\cu3x1App_SRC\Control\source\datapoint
                -IC:\local\Workspace\DC_V04.01.00_int\cu3x1App_SRC\Control\source\factory
                -IC:\local\Workspace\DC_V04.01.00_int\cu3x1Platform_SRC\embos
                -IC:\local\Workspace\DC_V04.01.00_int\cu3x1Platform_SRC\emWinColour\gui\core
                -IC:\local\Workspace\DC_V04.01.00_int\cu3x1App_SRC\Control\source\rtip\webpage
                -IC:\local\Workspace\DC_V04.01.00_int\cu3x1App_SRC\Control\source\rtip\config
                -IC:\local\Workspace\DC_V04.01.00_int\cu3x1App_SRC\Control\source\rtip\xnet
                -IC:\local\Workspace\DC_V04.01.00_int\cu3x1App_SRC\Control\source\stub
                -IC:\local\Workspace\DC_V04.01.00_int\cu3x1App_SRC\Control\source\test
                -IC:\local\Workspace\DC_V04.01.00_int\cu3x1App_SRC\Control\source\GENIpro
                -IC:\local\Workspace\DC_V04.01.00_int\cu3x1App_SRC\Control\source\GENIpro\GENI_sys
                -IC:\local\Workspace\DC_V04.01.00_int\cu3x1App_SRC\Control\source\GENIpro\GENIusb\emUSB\USB\Driver
                -IC:\local\Workspace\DC_V04.01.00_int\cu3x1App_SRC\Control\source\application\intercom
                -IC:\local\Workspace\DC_V04.01.00_int\cu3x1App_SRC\Control\source\application\controller
                -IC:\local\Workspace\DC_V04.01.00_int\cu3x1App_SRC\Control\source\application\driver
                -IC:\local\Workspace\DC_V04.01.00_int\cu3x1App_SRC\Control\source\application\webif
                -IC:\local\Workspace\DC_V04.01.00_int\cu3x1App_SRC\Control\source\application\relay
                -IC:\local\Workspace\DC_V04.01.00_int\cu3x1App_SRC\Control\source\application\GENIApp
                -IC:\local\Workspace\DC_V04.01.00_int\cu3x1App_SRC\Control\source\application\alarm
                -IC:\local\Workspace\DC_V04.01.00_int\cu3x1App_SRC\Control\source\application\config
                -IC:\local\Workspace\DC_V04.01.00_int\cu3x1App_SRC\Control\source\application\AnaInConfigCtrl
                -IC:\local\Workspace\DC_V04.01.00_int\cu3x1App_SRC\Control\source\application\Sms
                -IC:\local\Workspace\DC_V04.01.00_int\cu3x1App_SRC\Control\source\application\display
                -IC:\local\Workspace\DC_V04.01.00_int\cu3x1App_SRC\Control\source\application\display\display_task
                -IC:\local\Workspace\DC_V04.01.00_int\cu3x1App_SRC\Control\source\application\display\gui_utility
                -IC:\local\Workspace\DC_V04.01.00_int\cu3x1App_SRC\Control\source\application\display\mpcunit
                -IC:\local\Workspace\DC_V04.01.00_int\cu3x1App_SRC\Control\source\GeniPro
                -IC:\local\Workspace\DC_V04.01.00_int\cu3x1App_SRC\Control\source\GeniPro\GENI_sys
                -IC:\local\Workspace\DC_V04.01.00_int\cu3x1App_SRC\Control\source\GeniPro\GENIbus
                -IC:\local\Workspace\DC_V04.01.00_int\cu3x1App_SRC\Control\source\GeniPro\GENIcom
                -IC:\local\Workspace\DC_V04.01.00_int\cu3x1App_SRC\Control\source\GeniPro\GENIrs232
                -IC:\local\Workspace\DC_V04.01.00_int\cu3x1App_SRC\Control\source\GeniPro\Virtual
                -IC:\local\Workspace\DC_V04.01.00_int\cu3x1Platform_SRC\Platform\common
                -IC:\local\Workspace\DC_V04.01.00_int\cu3x1Platform_SRC\Platform\hardware
                -IC:\local\Workspace\DC_V04.01.00_int\cu3x1Platform_SRC\Platform\hardware\D3018X
                -IC:\local\Workspace\DC_V04.01.00_int\cu3x1App_SRC\Control\source\application\display\imagesTFT
                -IC:\GHS\V35\mips35\mipsl_sf -r4121 -source=LCDRLE4.c -o
                objs\gh_2i09v.o -list=objs\LCDRLE4.lst
                C:\Users\55602\AppData\Local\Temp\gh_2i09v.s
Source File:    C:\Users\55602\AppData\Local\Temp\gh_2i09v.s
Directory:      C:\local\Workspace\DC_V04.01.00_int\cu3x1App_SRC\Control\source
Host OS:        GHS_WIN32
Version:        AS-MIPS 3.5#11 
Release:        MULTI 2000, MIPS v3.5
Revision Date:  Wed Feb 27 12:19:03 2002
Release Date:   Sat Mar 02 02:57:59 2002
                             1	 #Source File:   C:\local\Workspace\DC_V04.01.00_int\cu3x1Platform_SRC\emWinColour\GUI\Core\LCDRLE4.c

                                   Tue Apr 07 08:57:34 2015           Page 2
                                   Tue Apr 07 08:57:33 2015       gh_2i09v.s
                             2	 #Directory:     
                             3	 #		C:\local\Workspace\DC_V04.01.00_int\cu3x1App_SRC\Control\source
                             4	 #Compile Date:  Tue Apr 07 08:57:33 2015
                             5	 #Host OS:       Win32
                             6	 #Version:       C-MIPS 3.5#11 RELEASE VERSION
                             7	 #Release:       MULTI 2000, MIPS v3.5
                             8	 #Revision Date: Fri Mar 01 11:32:40 2002
                             9	 #Release Date:  Sat Mar 02 02:58:48 2002
                            10		.set	noat
                            11		.set	noreorder
                            12		.set	nomacro
                            13		.text
                            14		.align	4
                            15	_DrawBitmap_RLE4:
        27bdffa0 00000000   16		addiu	$sp, $sp, -96
                            17	 #	    .bf
        afb00000 00000004   18		sw	$16, 0($sp)
        00808025 00000008   19		move	$16, $4
        afb10004 0000000c   20		sw	$17, 4($sp)
        00a08825 00000010   21		move	$17, $5
        afb20008 00000014   22		sw	$18, 8($sp)
        00c09025 00000018   23		move	$18, $6
        afb3000c 0000001c   24		sw	$19, 12($sp)
        00e09825 00000020   25		move	$19, $7
        afbf005c 00000024   26		sw	$ra, 92($sp)
        afbe0020 00000028   27		sw	$fp, 32($sp)
        afb60018 0000002c   28		sw	$22, 24($sp)
        afb50014 00000030   29		sw	$21, 20($sp)
        afb40010 00000034   30		sw	$20, 16($sp)
        afb7001c 00000038   31		sw	$23, 28($sp)
        3c170000 0000003c   32		lui	$23, %hi(GUI_Context)
        26f70000 00000040   33		addiu	$23, $23, %lo(GUI_Context)
        92f80010 00000044   34		lbu	$24, 16($23)
        afa00038 00000048   35		sw	$0, 56($sp)
        0140a825 0000004c   36		move	$21, $10
        33190002 00000050   37		andi	$25, $24, 2
        2f2c0001 00000054   38		sltiu	$12, $25, 1
        96f90002 00000058   39		lhu	$25, 2($23)
        a3ac002a 0000005c   40		sb	$12, 42($sp)
        0160b025 00000060   41		move	$22, $11
        a7b9002e 00000064   42		sh	$25, 46($sp)
        02d57825 00000068   43		or	$15, $22, $21
        39ef0001 0000006c   44		xori	$15, $15, 1
        96ed0000 00000070   45		lhu	$13, 0($23)
        000f602b 00000074   46		sltu	$12, $0, $15
        a3ac002b 00000078   47		sb	$12, 43($sp)
        a7ad002c 0000007c   48		sh	$13, 44($sp)
        11200008 00000080   49		beq	$9, $0, .L4
        0100a025 00000084   50		move	$20, $8
        8d2f0008 00000088   51		lw	$15, 8($9)
        51e00006 0000008c   52		beql	$15, $0, .L1000004
        34190001 00000090   53		ori	$25, $0, 1
        0c000000 00000094   54		jal	LCD_GetpPalConvTable
        01202025 00000098   55		move	$4, $9
        104000ff 0000009c   56		beq	$2, $0, .L2
        afa20038 000000a0   57		sw	$2, 56($sp)

                                   Tue Apr 07 08:57:34 2015           Page 3
                                   Tue Apr 07 08:57:33 2015       gh_2i09v.s
                            58	.L4:
        34190001 000000a4   59		ori	$25, $0, 1
                            60	.L1000004:
        56d90008 000000a8   61		bnel	$22, $25, .L1000010
        341e0000 000000ac   62		ori	$fp, $0, 0
        86ef000e 000000b0   63		lh	$15, 14($23)
        01f1c023 000000b4   64		subu	$24, $15, $17
        27030001 000000b8   65		addiu	$3, $24, 1
        0073702a 000000bc   66		slt	$14, $3, $19
        55c00001 000000c0   67		bnel	$14, $0, .L10
        00609825 000000c4   68		move	$19, $3
                            69	.L10:
        341e0000 000000c8   70		ori	$fp, $0, 0
                            71	.L1000010:
        03d3c82a 000000cc   72		slt	$25, $fp, $19
        132000ec 000000d0   73		beq	$25, $0, .L14
        34170000 000000d4   74		ori	$23, $0, 0
        928c0001 000000d8   75		lbu	$12, 1($20)
                            76	.L1000016:
        92810000 000000dc   77		lbu	$1, 0($20)
        26940002 000000e0   78		addiu	$20, $20, 2
        01801825 000000e4   79		move	$3, $12
        a3ac0027 000000e8   80		sb	$12, 39($sp)
        14200010 000000ec   81		bne	$1, $0, .L19
        a3a10028 000000f0   82		sb	$1, 40($sp)
        83a1002a 000000f4   83		lb	$1, 42($sp)
        2c2c0001 000000f8   84		sltiu	$12, $1, 1
        83a1002b 000000fc   85		lb	$1, 43($sp)
        afac003c 00000100   86		sw	$12, 60($sp)
        2c2c0001 00000104   87		sltiu	$12, $1, 1
        8fa10038 00000108   88		lw	$1, 56($sp)
        afac0040 0000010c   89		sw	$12, 64($sp)
        2c2c0001 00000110   90		sltiu	$12, $1, 1
        93a10027 00000114   91		lbu	$1, 39($sp)
        afac0044 00000118   92		sw	$12, 68($sp)
        242cffff 0000011c   93		addiu	$12, $1, -1
        106000d5 00000120   94		beq	$3, $0, .L17
        a3ac0027 00000124   95		sb	$12, 39($sp)
        08000000 00000128   96		j	.L1000039
        928c0000 0000012c   97		lbu	$12, 0($20)
                            98	.L19:
        8fa10038 00000130   99		lw	$1, 56($sp)
        1020001a 00000134  100		beq	$1, $0, .L20
        00000000 00000138  101		nop
        93b80027 0000013c  102		lbu	$24, 39($sp)
        0018c040 00000140  103		sll	$24, $24, 1
        00387821 00000144  104		addu	$15, $1, $24
        0c000000 00000148  105		jal	LCD_SetColorIndex
        95e40000 0000014c  106		lhu	$4, 0($15)
        02de0018 00000150  107		mult	$22, $fp
        83a1002a 00000154  108		lb	$1, 42($sp)
        00001812 00000158  109		mflo	$3
        00716021 0000015c  110		addu	$12, $3, $17
        afac0034 00000160  111		sw	$12, 52($sp)
        2c2c0001 00000164  112		sltiu	$12, $1, 1
        93a10027 00000168  113		lbu	$1, 39($sp)

                                   Tue Apr 07 08:57:34 2015           Page 4
                                   Tue Apr 07 08:57:33 2015       gh_2i09v.s
        afac0048 0000016c  114		sw	$12, 72($sp)
        2c2c0001 00000170  115		sltiu	$12, $1, 1
        83a1002b 00000174  116		lb	$1, 43($sp)
        afac004c 00000178  117		sw	$12, 76($sp)
        2c2c0001 0000017c  118		sltiu	$12, $1, 1
        93a10028 00000180  119		lbu	$1, 40($sp)
        afac0050 00000184  120		sw	$12, 80($sp)
        03d16021 00000188  121		addu	$12, $fp, $17
        afac0054 0000018c  122		sw	$12, 84($sp)
        502000ba 00000190  123		beql	$1, $0, .L1000017
        03d3c82a 00000194  124		slt	$25, $fp, $19
        08000000 00000198  125		j	.L1000025
        93ac0028 0000019c  126		lbu	$12, 40($sp)
                           127	.L20:
        0c000000 000001a0  128		jal	LCD_SetColorIndex
        93a40027 000001a4  129		lbu	$4, 39($sp)
        02de0018 000001a8  130		mult	$22, $fp
        83a1002a 000001ac  131		lb	$1, 42($sp)
        00001812 000001b0  132		mflo	$3
        00716021 000001b4  133		addu	$12, $3, $17
        afac0034 000001b8  134		sw	$12, 52($sp)
        2c2c0001 000001bc  135		sltiu	$12, $1, 1
        93a10027 000001c0  136		lbu	$1, 39($sp)
        afac0048 000001c4  137		sw	$12, 72($sp)
        2c2c0001 000001c8  138		sltiu	$12, $1, 1
        83a1002b 000001cc  139		lb	$1, 43($sp)
        afac004c 000001d0  140		sw	$12, 76($sp)
        2c2c0001 000001d4  141		sltiu	$12, $1, 1
        afac0050 000001d8  142		sw	$12, 80($sp)
        93a10028 000001dc  143		lbu	$1, 40($sp)
        03d16021 000001e0  144		addu	$12, $fp, $17
        afac0054 000001e4  145		sw	$12, 84($sp)
        502000a4 000001e8  146		beql	$1, $0, .L1000017
        03d3c82a 000001ec  147		slt	$25, $fp, $19
        93ac0028 000001f0  148		lbu	$12, 40($sp)
                           149	.L1000025:
        02ec6021 000001f4  150		addu	$12, $23, $12
        0192702a 000001f8  151		slt	$14, $12, $18
        15c00002 000001fc  152		bne	$14, $0, .L26
        afac0030 00000200  153		sw	$12, 48($sp)
        afb20030 00000204  154		sw	$18, 48($sp)
                           155	.L26:
        8fa10030 00000208  156		lw	$1, 48($sp)
        00371823 0000020c  157		subu	$3, $1, $23
        93a10028 00000210  158		lbu	$1, 40($sp)
        00236023 00000214  159		subu	$12, $1, $3
        8fa1004c 00000218  160		lw	$1, 76($sp)
        a3ac0028 0000021c  161		sb	$12, 40($sp)
        50200005 00000220  162		beql	$1, $0, .L1000029
        8fa10050 00000224  163		lw	$1, 80($sp)
        8fa10048 00000228  164		lw	$1, 72($sp)
        54200017 0000022c  165		bnel	$1, $0, .L1000028
        8fb70030 00000230  166		lw	$23, 48($sp)
        8fa10050 00000234  167		lw	$1, 80($sp)
                           168	.L1000029:
        5420000e 00000238  169		bnel	$1, $0, .L1000031

                                   Tue Apr 07 08:57:34 2015           Page 5
                                   Tue Apr 07 08:57:33 2015       gh_2i09v.s
        8fa10030 0000023c  170		lw	$1, 48($sp)
        02000013 00000240  171		mtlo	$16
        02b72028 00000244  172		macc	$4, $21, $23
        8fa50034 00000248  173		lw	$5, 52($sp)
        02a36828 0000024c  174		macc	$13, $21, $3
        00b6c821 00000250  175		addu	$25, $5, $22
        2727ffff 00000254  176		addiu	$7, $25, -1
        0c000000 00000258  177		jal	LCD_FillRect
        25a6ffff 0000025c  178		addiu	$6, $13, -1
        8fb70030 00000260  179		lw	$23, 48($sp)
        56f20014 00000264  180		bnel	$23, $18, .L1000023
        93a10028 00000268  181		lbu	$1, 40($sp)
        08000000 0000026c  182		j	.L1000035
        8fa10034 00000270  183		lw	$1, 52($sp)
                           184	.L1000031:
        02172021 00000274  185		addu	$4, $16, $23
        8fa50054 00000278  186		lw	$5, 84($sp)
        0030c021 0000027c  187		addu	$24, $1, $16
        0c000000 00000280  188		jal	LCD_DrawHLine
        2706ffff 00000284  189		addiu	$6, $24, -1
        8fb70030 00000288  190		lw	$23, 48($sp)
                           191	.L1000028:
        56f2000a 0000028c  192		bnel	$23, $18, .L1000023
        93a10028 00000290  193		lbu	$1, 40($sp)
        8fa10034 00000294  194		lw	$1, 52($sp)
                           195	.L1000035:
        27de0001 00000298  196		addiu	$fp, $fp, 1
        00366021 0000029c  197		addu	$12, $1, $22
        8fa10054 000002a0  198		lw	$1, 84($sp)
        afac0034 000002a4  199		sw	$12, 52($sp)
        34170000 000002a8  200		ori	$23, $0, 0
        242c0001 000002ac  201		addiu	$12, $1, 1
        afac0054 000002b0  202		sw	$12, 84($sp)
        93a10028 000002b4  203		lbu	$1, 40($sp)
                           204	.L1000023:
        5420ffce 000002b8  205		bnel	$1, $0, .L1000025
        93ac0028 000002bc  206		lbu	$12, 40($sp)
        08000000 000002c0  207		j	.L1000017
        03d3c82a 000002c4  208		slt	$25, $fp, $19
                           209	.L39:
        928c0000 000002c8  210		lbu	$12, 0($20)
                           211	.L1000039:
        26940001 000002cc  212		addiu	$20, $20, 1
        318100f0 000002d0  213		andi	$1, $12, 240
        00011903 000002d4  214		sra	$3, $1, 4
        14600004 000002d8  215		bne	$3, $0, .L41
        a3ac0029 000002dc  216		sb	$12, 41($sp)
        8fa1003c 000002e0  217		lw	$1, 60($sp)
        54200025 000002e4  218		bnel	$1, $0, .L1000040
        26f70001 000002e8  219		addiu	$23, $23, 1
                           220	.L41:
        8fa10044 000002ec  221		lw	$1, 68($sp)
        54200009 000002f0  222		bnel	$1, $0, .L1000043
        8fa10040 000002f4  223		lw	$1, 64($sp)
        8fa10038 000002f8  224		lw	$1, 56($sp)
        00037840 000002fc  225		sll	$15, $3, 1

                                   Tue Apr 07 08:57:34 2015           Page 6
                                   Tue Apr 07 08:57:33 2015       gh_2i09v.s
        002f7021 00000300  226		addu	$14, $1, $15
        8fa10040 00000304  227		lw	$1, 64($sp)
        14200017 00000308  228		bne	$1, $0, .L46
        95c30000 0000030c  229		lhu	$3, 0($14)
        08000000 00000310  230		j	.L47
        00000000 00000314  231		nop
                           232	.L1000043:
        3063ffff 00000318  233		andi	$3, $3, 65535
        54200013 0000031c  234		bnel	$1, $0, .L1000046
        02172021 00000320  235		addu	$4, $16, $23
                           236	.L47:
        0c000000 00000324  237		jal	LCD_SetColorIndex
        00602025 00000328  238		move	$4, $3
        02000013 0000032c  239		mtlo	$16
        02b72028 00000330  240		macc	$4, $21, $23
        02200013 00000334  241		mtlo	$17
        02de2828 00000338  242		macc	$5, $22, $fp
        00957821 0000033c  243		addu	$15, $4, $21
        25e6ffff 00000340  244		addiu	$6, $15, -1
        26f70001 00000344  245		addiu	$23, $23, 1
        00b67021 00000348  246		addu	$14, $5, $22
        0c000000 0000034c  247		jal	LCD_FillRect
        25c7ffff 00000350  248		addiu	$7, $14, -1
        02f2682a 00000354  249		slt	$13, $23, $18
        55a0000e 00000358  250		bnel	$13, $0, .L1000049
        93a30027 0000035c  251		lbu	$3, 39($sp)
        08000000 00000360  252		j	.L1000050
        34170000 00000364  253		ori	$23, $0, 0
                           254	.L46:
        02172021 00000368  255		addu	$4, $16, $23
                           256	.L1000046:
        03d12821 0000036c  257		addu	$5, $fp, $17
        0c000000 00000370  258		jal	LCD_SetPixelIndex
        00603025 00000374  259		move	$6, $3
        26f70001 00000378  260		addiu	$23, $23, 1
                           261	.L1000040:
        02f2682a 0000037c  262		slt	$13, $23, $18
        55a00004 00000380  263		bnel	$13, $0, .L1000049
        93a30027 00000384  264		lbu	$3, 39($sp)
        34170000 00000388  265		ori	$23, $0, 0
                           266	.L1000050:
        27de0001 0000038c  267		addiu	$fp, $fp, 1
        93a30027 00000390  268		lbu	$3, 39($sp)
                           269	.L1000049:
        246cffff 00000394  270		addiu	$12, $3, -1
        10600037 00000398  271		beq	$3, $0, .L17
        a3ac0027 0000039c  272		sb	$12, 39($sp)
        93a10029 000003a0  273		lbu	$1, 41($sp)
        3038000f 000003a4  274		andi	$24, $1, 15
        57000005 000003a8  275		bnel	$24, $0, .L1000056
        8fa10044 000003ac  276		lw	$1, 68($sp)
        8fa1003c 000003b0  277		lw	$1, 60($sp)
        54200027 000003b4  278		bnel	$1, $0, .L1000055
        26f70001 000003b8  279		addiu	$23, $23, 1
        8fa10044 000003bc  280		lw	$1, 68($sp)
                           281	.L1000056:

                                   Tue Apr 07 08:57:34 2015           Page 7
                                   Tue Apr 07 08:57:33 2015       gh_2i09v.s
        1420000a 000003c0  282		bne	$1, $0, .L1000058
        93a10029 000003c4  283		lbu	$1, 41($sp)
        3039000f 000003c8  284		andi	$25, $1, 15
        8fa10038 000003cc  285		lw	$1, 56($sp)
        0019c040 000003d0  286		sll	$24, $25, 1
        00387821 000003d4  287		addu	$15, $1, $24
        8fa10040 000003d8  288		lw	$1, 64($sp)
        14200018 000003dc  289		bne	$1, $0, .L61
        95e30000 000003e0  290		lhu	$3, 0($15)
        08000000 000003e4  291		j	.L62
        00000000 000003e8  292		nop
                           293	.L1000058:
        3023000f 000003ec  294		andi	$3, $1, 15
        8fa10040 000003f0  295		lw	$1, 64($sp)
        54200013 000003f4  296		bnel	$1, $0, .L1000061
        02172021 000003f8  297		addu	$4, $16, $23
                           298	.L62:
        0c000000 000003fc  299		jal	LCD_SetColorIndex
        00602025 00000400  300		move	$4, $3
        02000013 00000404  301		mtlo	$16
        02b72028 00000408  302		macc	$4, $21, $23
        02200013 0000040c  303		mtlo	$17
        02de2828 00000410  304		macc	$5, $22, $fp
        0095c021 00000414  305		addu	$24, $4, $21
        2706ffff 00000418  306		addiu	$6, $24, -1
        26f70001 0000041c  307		addiu	$23, $23, 1
        00b67821 00000420  308		addu	$15, $5, $22
        0c000000 00000424  309		jal	LCD_FillRect
        25e7ffff 00000428  310		addiu	$7, $15, -1
        02f2702a 0000042c  311		slt	$14, $23, $18
        55c0000e 00000430  312		bnel	$14, $0, .L1000037
        93a30027 00000434  313		lbu	$3, 39($sp)
        08000000 00000438  314		j	.L1000065
        34170000 0000043c  315		ori	$23, $0, 0
                           316	.L61:
        02172021 00000440  317		addu	$4, $16, $23
                           318	.L1000061:
        03d12821 00000444  319		addu	$5, $fp, $17
        0c000000 00000448  320		jal	LCD_SetPixelIndex
        00603025 0000044c  321		move	$6, $3
        26f70001 00000450  322		addiu	$23, $23, 1
                           323	.L1000055:
        02f2702a 00000454  324		slt	$14, $23, $18
        55c00004 00000458  325		bnel	$14, $0, .L1000037
        93a30027 0000045c  326		lbu	$3, 39($sp)
        34170000 00000460  327		ori	$23, $0, 0
                           328	.L1000065:
        27de0001 00000464  329		addiu	$fp, $fp, 1
        93a30027 00000468  330		lbu	$3, 39($sp)
                           331	.L1000037:
        246cffff 0000046c  332		addiu	$12, $3, -1
        1460ff95 00000470  333		bne	$3, $0, .L39
        a3ac0027 00000474  334		sb	$12, 39($sp)
                           335	.L17:
        03d3c82a 00000478  336		slt	$25, $fp, $19
                           337	.L1000017:

                                   Tue Apr 07 08:57:34 2015           Page 8
                                   Tue Apr 07 08:57:33 2015       gh_2i09v.s
        5720ff17 0000047c  338		bnel	$25, $0, .L1000016
        928c0001 00000480  339		lbu	$12, 1($20)
                           340	.L14:
        97b8002c 00000484  341		lhu	$24, 44($sp)
        3c020000 00000488  342		lui	$2, %hi(GUI_Context)
        97af002e 0000048c  343		lhu	$15, 46($sp)
        a4580000 00000490  344		sh	$24, %lo(GUI_Context)($2)
        24420000 00000494  345		addiu	$2, $2, %lo(GUI_Context)
        a44f0002 00000498  346		sh	$15, 2($2)
                           347	.L2:
        8fbe0020 0000049c  348		lw	$fp, 32($sp)
                           349	 #	    .ef
        8fb7001c 000004a0  350		lw	$23, 28($sp)
        8fbf005c 000004a4  351		lw	$ra, 92($sp)
        8fb00000 000004a8  352		lw	$16, 0($sp)
        8fb10004 000004ac  353		lw	$17, 4($sp)
        8fb20008 000004b0  354		lw	$18, 8($sp)
        8fb3000c 000004b4  355		lw	$19, 12($sp)
        8fb40010 000004b8  356		lw	$20, 16($sp)
        8fb50014 000004bc  357		lw	$21, 20($sp)
        8fb60018 000004c0  358		lw	$22, 24($sp)
        03e00008 000004c4  359		jr	$ra
        27bd0060 000004c8  360		addiu	$sp, $sp, 96
                           361		.type	_DrawBitmap_RLE4,@function
                           362		.size	_DrawBitmap_RLE4,.-_DrawBitmap_RLE4
                           363		.align	4
                           364	 #pTrans	56($sp)	local
                           365	 #NoTrans	42($sp)	local
                           366	 #aColorIndex	44($sp)	local
                           367	 #PixelIndex	$3	local
                           368	 #xi	$23	local
                           369	 #y	$fp	local
                           370	 #IsMagnified	43($sp)	local
                           371	 #Cmd	40($sp)	local
                           372	 #Data	39($sp)	local
                           373	 #xi1	48($sp)	local
                           374	 #Index	41($sp)	local
                           375	
                           376	 #x0	$16	param
                           377	 #y0	$17	param
                           378	 #xsize	$18	param
                           379	 #ysize	$19	param
                           380	 #pPixel	$20	param
                           381	 #pLogPal	$9	param
                           382	 #xMag	$21	param
                           383	 #yMag	$22	param
                           384	
                           385		.data
                           386	.L264:
                           387		.text
                           388		.align	4
                           389	 #GUI_Context	GUI_Context	import
                           390	
                           391		.section ".rodata","a"
                           392	.L381:
                           393		.globl	GUI_BitmapMethodsRLE4

                                   Tue Apr 07 08:57:34 2015           Page 9
                                   Tue Apr 07 08:57:33 2015       gh_2i09v.s
        00000000 00000000  394	GUI_BitmapMethodsRLE4:	.word	_DrawBitmap_RLE4
        00000000 00000004  395		.space	4
                           396		.type	GUI_BitmapMethodsRLE4,@object
                           397		.size	GUI_BitmapMethodsRLE4,8
                           398		.data
                           399		.section ".rodata","a"
                           400		.align	4
                           401		.text
