
                                   Tue Apr 07 08:50:14 2015           Page 1
                                   Tue Apr 07 08:50:14 2015        gh_2i0f.s
Command Line:   C:\GHS\V35\mips35\asmips.exe -noundefined -elf -b0
                -IC:\local\Workspace\DC_V04.01.00_int\cu3x1Platform_SRC\emWinColour
                -IC:\local\Workspace\DC_V04.01.00_int\cu3x1App_SRC\MPC_control\source\include
                -IC:\local\Workspace\DC_V04.01.00_int\cu3x1Platform_SRC\platform\common
                -IC:\local\Workspace\DC_V04.01.00_int\cu3x1Platform_SRC\platform\hardware
                -IC:\local\Workspace\DC_V04.01.00_int\cu3x1Platform_SRC\platform\hardware\D3018X
                -IC:\local\Workspace\DC_V04.01.00_int\cu3x1Platform_SRC\embos\inc
                -IC:\local\Workspace\DC_V04.01.00_int\cu3x1Platform_SRC\emWinColour\config
                -IC:\local\Workspace\DC_V04.01.00_int\cu3x1Platform_SRC\emWinColour\gui\ConvertMono
                -IC:\local\Workspace\DC_V04.01.00_int\cu3x1Platform_SRC\emWinColour\gui\Core
                -IC:\local\Workspace\DC_V04.01.00_int\cu3x1Platform_SRC\emWinColour\gui\Font
                -IC:\local\Workspace\DC_V04.01.00_int\cu3x1Platform_SRC\emWinColour\gui\LCDDriver
                -IC:\local\Workspace\DC_V04.01.00_int\cu3x1Platform_SRC\emWinColour\gui\MemDev
                -IC:\local\Workspace\DC_V04.01.00_int\cu3x1Platform_SRC\emWinColour\gui\VNC
                -IC:\local\Workspace\DC_V04.01.00_int\cu3x1Platform_SRC\emWinColour\gui\Widget
                -IC:\local\Workspace\DC_V04.01.00_int\cu3x1Platform_SRC\emWinColour\gui\wm
                -IC:\local\Workspace\DC_V04.01.00_int\cu3x1App_SRC\Control\source
                -IC:\local\Workspace\DC_V04.01.00_int\cu3x1App_SRC\Control\source\include
                -IC:\local\Workspace\DC_V04.01.00_int\cu3x1App_SRC\Control\source\util
                -IC:\local\Workspace\DC_V04.01.00_int\cu3x1App_SRC\Control\source\datapoint
                -IC:\local\Workspace\DC_V04.01.00_int\cu3x1App_SRC\Control\source\factory
                -IC:\local\Workspace\DC_V04.01.00_int\cu3x1Platform_SRC\platform\include
                -IC:\local\Workspace\DC_V04.01.00_int\cu3x1Platform_SRC\embos
                -IC:\local\Workspace\DC_V04.01.00_int\cu3x1Platform_SRC\emWinColour\gui\core
                -IC:\local\Workspace\DC_V04.01.00_int\cu3x1App_SRC\Control\source\rtip\webpage
                -IC:\local\Workspace\DC_V04.01.00_int\cu3x1App_SRC\Control\source\rtip\config
                -IC:\local\Workspace\DC_V04.01.00_int\cu3x1App_SRC\Control\source\rtip\xnet
                -IC:\local\Workspace\DC_V04.01.00_int\cu3x1App_SRC\Control\source\stub
                -IC:\local\Workspace\DC_V04.01.00_int\cu3x1App_SRC\Control\source\test
                -IC:\local\Workspace\DC_V04.01.00_int\cu3x1App_SRC\Control\source\GENIpro
                -IC:\local\Workspace\DC_V04.01.00_int\cu3x1App_SRC\Control\source\GENIpro\GENI_sys
                -IC:\local\Workspace\DC_V04.01.00_int\cu3x1App_SRC\Control\source\GENIpro\GENIusb\emUSB\USB\Driver
                -IC:\local\Workspace\DC_V04.01.00_int\cu3x1App_SRC\Control\source\application\intercom
                -IC:\local\Workspace\DC_V04.01.00_int\cu3x1App_SRC\Control\source\application\controller
                -IC:\local\Workspace\DC_V04.01.00_int\cu3x1App_SRC\Control\source\application\driver
                -IC:\local\Workspace\DC_V04.01.00_int\cu3x1App_SRC\Control\source\application\webif
                -IC:\local\Workspace\DC_V04.01.00_int\cu3x1App_SRC\Control\source\application\relay
                -IC:\local\Workspace\DC_V04.01.00_int\cu3x1App_SRC\Control\source\application\GENIApp
                -IC:\local\Workspace\DC_V04.01.00_int\cu3x1App_SRC\Control\source\application\alarm
                -IC:\local\Workspace\DC_V04.01.00_int\cu3x1App_SRC\Control\source\application\config
                -IC:\local\Workspace\DC_V04.01.00_int\cu3x1App_SRC\Control\source\application\AnaInConfigCtrl
                -IC:\local\Workspace\DC_V04.01.00_int\cu3x1App_SRC\Control\source\application\Sms
                -IC:\local\Workspace\DC_V04.01.00_int\cu3x1App_SRC\Control\source\application\display
                -IC:\local\Workspace\DC_V04.01.00_int\cu3x1App_SRC\Control\source\application\display\display_task
                -IC:\local\Workspace\DC_V04.01.00_int\cu3x1App_SRC\Control\source\application\display\gui_utility
                -IC:\local\Workspace\DC_V04.01.00_int\cu3x1App_SRC\Control\source\application\display\mpcunit
                -IC:\local\Workspace\DC_V04.01.00_int\cu3x1App_SRC\Control\source\GeniPro
                -IC:\local\Workspace\DC_V04.01.00_int\cu3x1App_SRC\Control\source\GeniPro\GENI_sys
                -IC:\local\Workspace\DC_V04.01.00_int\cu3x1App_SRC\Control\source\GeniPro\GENIbus
                -IC:\local\Workspace\DC_V04.01.00_int\cu3x1App_SRC\Control\source\GeniPro\GENIcom
                -IC:\local\Workspace\DC_V04.01.00_int\cu3x1App_SRC\Control\source\GeniPro\GENIrs232
                -IC:\local\Workspace\DC_V04.01.00_int\cu3x1App_SRC\Control\source\GeniPro\Virtual
                -IC:\local\Workspace\DC_V04.01.00_int\cu3x1Platform_SRC\Platform\common
                -IC:\local\Workspace\DC_V04.01.00_int\cu3x1Platform_SRC\Platform\hardware
                -IC:\local\Workspace\DC_V04.01.00_int\cu3x1Platform_SRC\Platform\hardware\D3018X
                -IC:\local\Workspace\DC_V04.01.00_int\cu3x1App_SRC\Control\source\application\display\imagesTFT
                -IC:\GHS\V35\mips35\mipsl_sf -r4121
                -source=WM__UpdateChildPositions.c -o objs\gh_2i0f.o
                -list=objs\WM__UpdateChildPositions.lst
                C:\Users\55602\AppData\Local\Temp\gh_2i0f.s
Source File:    C:\Users\55602\AppData\Local\Temp\gh_2i0f.s
Directory:      C:\local\Workspace\DC_V04.01.00_int\cu3x1App_SRC\Control\source
Host OS:        GHS_WIN32
Version:        AS-MIPS 3.5#11 
Release:        MULTI 2000, MIPS v3.5
Revision Date:  Wed Feb 27 12:19:03 2002
Release Date:   Sat Mar 02 02:57:59 2002
                             1	 #Source File:   C:\local\Workspace\DC_V04.01.00_int\cu3x1Platform_SRC\emWinColour\GUI\WM\WM__UpdateChildPositions.c

                                   Tue Apr 07 08:50:14 2015           Page 2
                                   Tue Apr 07 08:50:14 2015        gh_2i0f.s
                             2	 #Directory:     
                             3	 #		C:\local\Workspace\DC_V04.01.00_int\cu3x1App_SRC\Control\source
                             4	 #Compile Date:  Tue Apr 07 08:50:14 2015
                             5	 #Host OS:       Win32
                             6	 #Version:       C-MIPS 3.5#11 RELEASE VERSION
                             7	 #Release:       MULTI 2000, MIPS v3.5
                             8	 #Revision Date: Fri Mar 01 11:32:40 2002
                             9	 #Release Date:  Sat Mar 02 02:58:48 2002
                            10		.set	noat
                            11		.set	noreorder
                            12		.set	nomacro
                            13		.text
                            14		.align	4
                            15		.globl	WM__UpdateChildPositions
                            16	WM__UpdateChildPositions:
        27bdffc8 00000000   17		addiu	$sp, $sp, -56
        afb50014 00000004   18		sw	$21, 20($sp)
                            19	 #	    .bf
        27b50028 00000008   20		addiu	$21, $sp, 40
        afb10004 0000000c   21		sw	$17, 4($sp)
        00c08825 00000010   22		move	$17, $6
        afb20008 00000014   23		sw	$18, 8($sp)
        00e09025 00000018   24		move	$18, $7
        afbf0034 0000001c   25		sw	$ra, 52($sp)
        afb7001c 00000020   26		sw	$23, 28($sp)
        afb60018 00000024   27		sw	$22, 24($sp)
        afb40010 00000028   28		sw	$20, 16($sp)
        afb3000c 0000002c   29		sw	$19, 12($sp)
        afb00000 00000030   30		sw	$16, 0($sp)
        84970018 00000034   31		lh	$23, 24($4)
        01009825 00000038   32		move	$19, $8
        27b40020 0000003c   33		addiu	$20, $sp, 32
        12e0008d 00000040   34		beq	$23, $0, .L2
        00a08025 00000044   35		move	$16, $5
                            36	.L6:
        0c000000 00000048   37		jal	GUI_ALLOC_h2p
        02e02025 0000004c   38		move	$4, $23
        0040b025 00000050   39		move	$22, $2
        86c30000 00000054   40		lh	$3, 0($22)
        86c20002 00000058   41		lh	$2, 2($22)
        86d90004 0000005c   42		lh	$25, 4($22)
        86d80006 00000060   43		lh	$24, 6($22)
        a6a30000 00000064   44		sh	$3, 0($21)
        a6a20002 00000068   45		sh	$2, 2($21)
        8ead0000 0000006c   46		lw	$13, 0($21)
        a6b90004 00000070   47		sh	$25, 4($21)
        a6b80006 00000074   48		sh	$24, 6($21)
        8eb90004 00000078   49		lw	$25, 4($21)
        ae8d0000 0000007c   50		sw	$13, 0($20)
        ae990004 00000080   51		sw	$25, 4($20)
        96d8001c 00000084   52		lhu	$24, 28($22)
        33030280 00000088   53		andi	$3, $24, 640
        2463ff80 0000008c   54		addiu	$3, $3, -128
        10600005 00000090   55		beq	$3, $0, .L10
        2463fe00 00000094   56		addiu	$3, $3, -512
        50600012 00000098   57		beql	$3, $0, .L1000011

                                   Tue Apr 07 08:50:14 2015           Page 3
                                   Tue Apr 07 08:50:14 2015        gh_2i0f.s
        86980000 0000009c   58		lh	$24, 0($20)
        08000000 000000a0   59		j	.L1000012
        868e0000 000000a4   60		lh	$14, 0($20)
                            61	.L10:
        868d0000 000000a8   62		lh	$13, 0($20)
        01b26821 000000ac   63		addu	$13, $13, $18
        a68d0000 000000b0   64		sh	$13, 0($20)
        86990004 000000b4   65		lh	$25, 4($20)
        0332c821 000000b8   66		addu	$25, $25, $18
        a6990004 000000bc   67		sh	$25, 4($20)
        96d9001c 000000c0   68		lhu	$25, 28($22)
        33230500 000000c4   69		andi	$3, $25, 1280
        2463ff00 000000c8   70		addiu	$3, $3, -256
        10600021 000000cc   71		beq	$3, $0, .L15
        2463fc00 000000d0   72		addiu	$3, $3, -1024
        50600030 000000d4   73		beql	$3, $0, .L1000016
        86990002 000000d8   74		lh	$25, 2($20)
        08000000 000000dc   75		j	.L1000017
        868f0002 000000e0   76		lh	$15, 2($20)
                            77	.L1000011:
        0310c021 000000e4   78		addu	$24, $24, $16
        a6980000 000000e8   79		sh	$24, 0($20)
        868f0004 000000ec   80		lh	$15, 4($20)
        01f27821 000000f0   81		addu	$15, $15, $18
        a68f0004 000000f4   82		sh	$15, 4($20)
        96d9001c 000000f8   83		lhu	$25, 28($22)
        33230500 000000fc   84		andi	$3, $25, 1280
        2463ff00 00000100   85		addiu	$3, $3, -256
        10600013 00000104   86		beq	$3, $0, .L15
        2463fc00 00000108   87		addiu	$3, $3, -1024
        50600022 0000010c   88		beql	$3, $0, .L1000016
        86990002 00000110   89		lh	$25, 2($20)
        08000000 00000114   90		j	.L1000017
        868f0002 00000118   91		lh	$15, 2($20)
                            92	.L1000012:
        01d07021 0000011c   93		addu	$14, $14, $16
        a68e0000 00000120   94		sh	$14, 0($20)
        868d0004 00000124   95		lh	$13, 4($20)
        01b06821 00000128   96		addu	$13, $13, $16
        a68d0004 0000012c   97		sh	$13, 4($20)
        96d9001c 00000130   98		lhu	$25, 28($22)
        33230500 00000134   99		andi	$3, $25, 1280
        2463ff00 00000138  100		addiu	$3, $3, -256
        10600005 0000013c  101		beq	$3, $0, .L15
        2463fc00 00000140  102		addiu	$3, $3, -1024
        50600014 00000144  103		beql	$3, $0, .L1000016
        86990002 00000148  104		lh	$25, 2($20)
        08000000 0000014c  105		j	.L1000017
        868f0002 00000150  106		lh	$15, 2($20)
                           107	.L15:
        868e0002 00000154  108		lh	$14, 2($20)
        868d0006 00000158  109		lh	$13, 6($20)
        86af0002 0000015c  110		lh	$15, 2($21)
        01d37021 00000160  111		addu	$14, $14, $19
        000ec400 00000164  112		sll	$24, $14, 16
        a68e0002 00000168  113		sh	$14, 2($20)

                                   Tue Apr 07 08:50:14 2015           Page 4
                                   Tue Apr 07 08:50:14 2015        gh_2i0f.s
        01b36821 0000016c  114		addu	$13, $13, $19
        a68d0006 00000170  115		sh	$13, 6($20)
        868d0000 00000174  116		lh	$13, 0($20)
        86b90000 00000178  117		lh	$25, 0($21)
        0018c403 0000017c  118		sra	$24, $24, 16
        030f3023 00000180  119		subu	$6, $24, $15
        01b92823 00000184  120		subu	$5, $13, $25
        10a00021 00000188  121		beq	$5, $0, .L20
        00000000 0000018c  122		nop
        08000000 00000190  123		j	.L19
        00000000 00000194  124		nop
                           125	.L1000016:
        86af0002 00000198  126		lh	$15, 2($21)
        86980006 0000019c  127		lh	$24, 6($20)
        0331c821 000001a0  128		addu	$25, $25, $17
        a6990002 000001a4  129		sh	$25, 2($20)
        0313c021 000001a8  130		addu	$24, $24, $19
        a6980006 000001ac  131		sh	$24, 6($20)
        0019c400 000001b0  132		sll	$24, $25, 16
        0018c403 000001b4  133		sra	$24, $24, 16
        868d0000 000001b8  134		lh	$13, 0($20)
        86b90000 000001bc  135		lh	$25, 0($21)
        030f3023 000001c0  136		subu	$6, $24, $15
        01b92823 000001c4  137		subu	$5, $13, $25
        10a00011 000001c8  138		beq	$5, $0, .L20
        00000000 000001cc  139		nop
        08000000 000001d0  140		j	.L19
        00000000 000001d4  141		nop
                           142	.L1000017:
        868e0006 000001d8  143		lh	$14, 6($20)
        86b90000 000001dc  144		lh	$25, 0($21)
        01f17821 000001e0  145		addu	$15, $15, $17
        a68f0002 000001e4  146		sh	$15, 2($20)
        000fc400 000001e8  147		sll	$24, $15, 16
        86af0002 000001ec  148		lh	$15, 2($21)
        0018c403 000001f0  149		sra	$24, $24, 16
        01d17021 000001f4  150		addu	$14, $14, $17
        a68e0006 000001f8  151		sh	$14, 6($20)
        868d0000 000001fc  152		lh	$13, 0($20)
        030f3023 00000200  153		subu	$6, $24, $15
        01b92823 00000204  154		subu	$5, $13, $25
        14a00003 00000208  155		bne	$5, $0, .L19
        00000000 0000020c  156		nop
                           157	.L20:
        50c00004 00000210  158		beql	$6, $0, .L1000018
        86980004 00000214  159		lh	$24, 4($20)
                           160	.L19:
        0c000000 00000218  161		jal	WM_MoveWindow
        02e02025 0000021c  162		move	$4, $23
        86980004 00000220  163		lh	$24, 4($20)
                           164	.L1000018:
        868f0000 00000224  165		lh	$15, 0($20)
        86ad0000 00000228  166		lh	$13, 0($21)
        030fc823 0000022c  167		subu	$25, $24, $15
        032d7021 00000230  168		addu	$14, $25, $13
        86b90004 00000234  169		lh	$25, 4($21)

                                   Tue Apr 07 08:50:14 2015           Page 5
                                   Tue Apr 07 08:50:14 2015        gh_2i0f.s
        868f0006 00000238  170		lh	$15, 6($20)
        01d92823 0000023c  171		subu	$5, $14, $25
        868e0002 00000240  172		lh	$14, 2($20)
        86b90002 00000244  173		lh	$25, 2($21)
        01eec023 00000248  174		subu	$24, $15, $14
        03196821 0000024c  175		addu	$13, $24, $25
        86b80006 00000250  176		lh	$24, 6($21)
        14a00003 00000254  177		bne	$5, $0, .L22
        01b83023 00000258  178		subu	$6, $13, $24
        50c00004 0000025c  179		beql	$6, $0, .L1000005
        86d7001a 00000260  180		lh	$23, 26($22)
                           181	.L22:
        0c000000 00000264  182		jal	WM_ResizeWindow
        02e02025 00000268  183		move	$4, $23
        86d7001a 0000026c  184		lh	$23, 26($22)
                           185	.L1000005:
        16e0ff75 00000270  186		bne	$23, $0, .L6
        00000000 00000274  187		nop
                           188	.L2:
        8fb7001c 00000278  189		lw	$23, 28($sp)
                           190	 #	    .ef
        8fb60018 0000027c  191		lw	$22, 24($sp)
        8fbf0034 00000280  192		lw	$ra, 52($sp)
        8fb00000 00000284  193		lw	$16, 0($sp)
        8fb10004 00000288  194		lw	$17, 4($sp)
        8fb20008 0000028c  195		lw	$18, 8($sp)
        8fb3000c 00000290  196		lw	$19, 12($sp)
        8fb40010 00000294  197		lw	$20, 16($sp)
        8fb50014 00000298  198		lw	$21, 20($sp)
        03e00008 0000029c  199		jr	$ra
        27bd0038 000002a0  200		addiu	$sp, $sp, 56
                           201		.type	WM__UpdateChildPositions,@function
                           202		.size	WM__UpdateChildPositions,.-WM__UpdateChildPositions
                           203		.align	4
                           204	 #hChild	$23	local
                           205	 #pChild	$22	local
                           206	 #dx	$5	local
                           207	 #dy	$6	local
                           208	 #dw	$5	local
                           209	 #dh	$6	local
                           210	 #Status	$3	local
                           211	 #rOld	40($sp)	local
                           212	 #rNew	32($sp)	local
                           213	
                           214	 #pObj	$4	param
                           215	 #dx0	$16	param
                           216	 #dy0	$17	param
                           217	 #dx1	$18	param
                           218	 #dy1	$19	param
                           219	
                           220		.data
                           221	.L83:
                           222		.text
                           223		.align	4
                           224	
                           225		.data

                                   Tue Apr 07 08:50:14 2015           Page 6
                                   Tue Apr 07 08:50:14 2015        gh_2i0f.s
                           226		.text
