
                                   Tue Apr 07 08:50:13 2015           Page 1
                                   Tue Apr 07 08:50:12 2015        gh_2i0e.s
Command Line:   C:\GHS\V35\mips35\asmips.exe -noundefined -elf -b0
                -IC:\local\Workspace\DC_V04.01.00_int\cu3x1Platform_SRC\emWinColour
                -IC:\local\Workspace\DC_V04.01.00_int\cu3x1App_SRC\MPC_control\source\include
                -IC:\local\Workspace\DC_V04.01.00_int\cu3x1Platform_SRC\platform\common
                -IC:\local\Workspace\DC_V04.01.00_int\cu3x1Platform_SRC\platform\hardware
                -IC:\local\Workspace\DC_V04.01.00_int\cu3x1Platform_SRC\platform\hardware\D3018X
                -IC:\local\Workspace\DC_V04.01.00_int\cu3x1Platform_SRC\embos\inc
                -IC:\local\Workspace\DC_V04.01.00_int\cu3x1Platform_SRC\emWinColour\config
                -IC:\local\Workspace\DC_V04.01.00_int\cu3x1Platform_SRC\emWinColour\gui\ConvertMono
                -IC:\local\Workspace\DC_V04.01.00_int\cu3x1Platform_SRC\emWinColour\gui\Core
                -IC:\local\Workspace\DC_V04.01.00_int\cu3x1Platform_SRC\emWinColour\gui\Font
                -IC:\local\Workspace\DC_V04.01.00_int\cu3x1Platform_SRC\emWinColour\gui\LCDDriver
                -IC:\local\Workspace\DC_V04.01.00_int\cu3x1Platform_SRC\emWinColour\gui\MemDev
                -IC:\local\Workspace\DC_V04.01.00_int\cu3x1Platform_SRC\emWinColour\gui\VNC
                -IC:\local\Workspace\DC_V04.01.00_int\cu3x1Platform_SRC\emWinColour\gui\Widget
                -IC:\local\Workspace\DC_V04.01.00_int\cu3x1Platform_SRC\emWinColour\gui\wm
                -IC:\local\Workspace\DC_V04.01.00_int\cu3x1App_SRC\Control\source
                -IC:\local\Workspace\DC_V04.01.00_int\cu3x1App_SRC\Control\source\include
                -IC:\local\Workspace\DC_V04.01.00_int\cu3x1App_SRC\Control\source\util
                -IC:\local\Workspace\DC_V04.01.00_int\cu3x1App_SRC\Control\source\datapoint
                -IC:\local\Workspace\DC_V04.01.00_int\cu3x1App_SRC\Control\source\factory
                -IC:\local\Workspace\DC_V04.01.00_int\cu3x1Platform_SRC\platform\include
                -IC:\local\Workspace\DC_V04.01.00_int\cu3x1Platform_SRC\embos
                -IC:\local\Workspace\DC_V04.01.00_int\cu3x1Platform_SRC\emWinColour\gui\core
                -IC:\local\Workspace\DC_V04.01.00_int\cu3x1App_SRC\Control\source\rtip\webpage
                -IC:\local\Workspace\DC_V04.01.00_int\cu3x1App_SRC\Control\source\rtip\config
                -IC:\local\Workspace\DC_V04.01.00_int\cu3x1App_SRC\Control\source\rtip\xnet
                -IC:\local\Workspace\DC_V04.01.00_int\cu3x1App_SRC\Control\source\stub
                -IC:\local\Workspace\DC_V04.01.00_int\cu3x1App_SRC\Control\source\test
                -IC:\local\Workspace\DC_V04.01.00_int\cu3x1App_SRC\Control\source\GENIpro
                -IC:\local\Workspace\DC_V04.01.00_int\cu3x1App_SRC\Control\source\GENIpro\GENI_sys
                -IC:\local\Workspace\DC_V04.01.00_int\cu3x1App_SRC\Control\source\GENIpro\GENIusb\emUSB\USB\Driver
                -IC:\local\Workspace\DC_V04.01.00_int\cu3x1App_SRC\Control\source\application\intercom
                -IC:\local\Workspace\DC_V04.01.00_int\cu3x1App_SRC\Control\source\application\controller
                -IC:\local\Workspace\DC_V04.01.00_int\cu3x1App_SRC\Control\source\application\driver
                -IC:\local\Workspace\DC_V04.01.00_int\cu3x1App_SRC\Control\source\application\webif
                -IC:\local\Workspace\DC_V04.01.00_int\cu3x1App_SRC\Control\source\application\relay
                -IC:\local\Workspace\DC_V04.01.00_int\cu3x1App_SRC\Control\source\application\GENIApp
                -IC:\local\Workspace\DC_V04.01.00_int\cu3x1App_SRC\Control\source\application\alarm
                -IC:\local\Workspace\DC_V04.01.00_int\cu3x1App_SRC\Control\source\application\config
                -IC:\local\Workspace\DC_V04.01.00_int\cu3x1App_SRC\Control\source\application\AnaInConfigCtrl
                -IC:\local\Workspace\DC_V04.01.00_int\cu3x1App_SRC\Control\source\application\Sms
                -IC:\local\Workspace\DC_V04.01.00_int\cu3x1App_SRC\Control\source\application\display
                -IC:\local\Workspace\DC_V04.01.00_int\cu3x1App_SRC\Control\source\application\display\display_task
                -IC:\local\Workspace\DC_V04.01.00_int\cu3x1App_SRC\Control\source\application\display\gui_utility
                -IC:\local\Workspace\DC_V04.01.00_int\cu3x1App_SRC\Control\source\application\display\mpcunit
                -IC:\local\Workspace\DC_V04.01.00_int\cu3x1App_SRC\Control\source\GeniPro
                -IC:\local\Workspace\DC_V04.01.00_int\cu3x1App_SRC\Control\source\GeniPro\GENI_sys
                -IC:\local\Workspace\DC_V04.01.00_int\cu3x1App_SRC\Control\source\GeniPro\GENIbus
                -IC:\local\Workspace\DC_V04.01.00_int\cu3x1App_SRC\Control\source\GeniPro\GENIcom
                -IC:\local\Workspace\DC_V04.01.00_int\cu3x1App_SRC\Control\source\GeniPro\GENIrs232
                -IC:\local\Workspace\DC_V04.01.00_int\cu3x1App_SRC\Control\source\GeniPro\Virtual
                -IC:\local\Workspace\DC_V04.01.00_int\cu3x1Platform_SRC\Platform\common
                -IC:\local\Workspace\DC_V04.01.00_int\cu3x1Platform_SRC\Platform\hardware
                -IC:\local\Workspace\DC_V04.01.00_int\cu3x1Platform_SRC\Platform\hardware\D3018X
                -IC:\local\Workspace\DC_V04.01.00_int\cu3x1App_SRC\Control\source\application\display\imagesTFT
                -IC:\GHS\V35\mips35\mipsl_sf -r4121
                -source=WM__SendMessageNoPara.c -o objs\gh_2i0e.o
                -list=objs\WM__SendMessageNoPara.lst
                C:\Users\55602\AppData\Local\Temp\gh_2i0e.s
Source File:    C:\Users\55602\AppData\Local\Temp\gh_2i0e.s
Directory:      C:\local\Workspace\DC_V04.01.00_int\cu3x1App_SRC\Control\source
Host OS:        GHS_WIN32
Version:        AS-MIPS 3.5#11 
Release:        MULTI 2000, MIPS v3.5
Revision Date:  Wed Feb 27 12:19:03 2002
Release Date:   Sat Mar 02 02:57:59 2002
                             1	 #Source File:   C:\local\Workspace\DC_V04.01.00_int\cu3x1Platform_SRC\emWinColour\GUI\WM\WM__SendMessageNoPara.c

                                   Tue Apr 07 08:50:13 2015           Page 2
                                   Tue Apr 07 08:50:12 2015        gh_2i0e.s
                             2	 #Directory:     
                             3	 #		C:\local\Workspace\DC_V04.01.00_int\cu3x1App_SRC\Control\source
                             4	 #Compile Date:  Tue Apr 07 08:50:12 2015
                             5	 #Host OS:       Win32
                             6	 #Version:       C-MIPS 3.5#11 RELEASE VERSION
                             7	 #Release:       MULTI 2000, MIPS v3.5
                             8	 #Revision Date: Fri Mar 01 11:32:40 2002
                             9	 #Release Date:  Sat Mar 02 02:58:48 2002
                            10		.set	noat
                            11		.set	noreorder
                            12		.set	nomacro
                            13		.text
                            14		.align	4
                            15		.globl	WM__SendMessageNoPara
                            16	WM__SendMessageNoPara:
        27bdffe0 00000000   17		addiu	$sp, $sp, -32
                            18	 #	    .bf
        afb00000 00000004   19		sw	$16, 0($sp)
        00048400 00000008   20		sll	$16, $4, 16
        00108403 0000000c   21		sra	$16, $16, 16
        afb10004 00000010   22		sw	$17, 4($sp)
        00a08825 00000014   23		move	$17, $5
        afbf001c 00000018   24		sw	$ra, 28($sp)
        3c190000 0000001c   25		lui	$25, %hi(.L24)
        8f2f0000 00000020   26		lw	$15, %lo(.L24)($25)
        27390000 00000024   27		addiu	$25, $25, %lo(.L24)
        8f2e0004 00000028   28		lw	$14, 4($25)
        8f2d0008 0000002c   29		lw	$13, 8($25)
        afaf000c 00000030   30		sw	$15, 12($sp)
        afae0010 00000034   31		sw	$14, 16($sp)
        afad0014 00000038   32		sw	$13, 20($sp)
        0c000000 0000003c   33		jal	GUI_ALLOC_h2p
        02002025 00000040   34		move	$4, $16
        8c590010 00000044   35		lw	$25, 16($2)
        13200005 00000048   36		beq	$25, $0, .L2
        27a4000c 0000004c   37		addiu	$4, $sp, 12
        a7b00010 00000050   38		sh	$16, 16($sp)
        03207825 00000054   39		move	$15, $25
        01e0f809 00000058   40		jalr	$15
        afb1000c 0000005c   41		sw	$17, 12($sp)
                            42	.L2:
        8fb10004 00000060   43		lw	$17, 4($sp)
                            44	 #	    .ef
        8fb00000 00000064   45		lw	$16, 0($sp)
        8fbf001c 00000068   46		lw	$ra, 28($sp)
        03e00008 0000006c   47		jr	$ra
        27bd0020 00000070   48		addiu	$sp, $sp, 32
                            49		.type	WM__SendMessageNoPara,@function
                            50		.size	WM__SendMessageNoPara,.-WM__SendMessageNoPara
                            51		.align	4
                            52	 #Msg	12($sp)	local
                            53	 #.L21	.L24	static
                            54	 #pWin	$3	local
                            55	
                            56	 #hWin	$16	param
                            57	 #MsgId	$17	param

                                   Tue Apr 07 08:50:13 2015           Page 3
                                   Tue Apr 07 08:50:12 2015        gh_2i0e.s
                            58	
                            59		.data
                            60	.L20:
                            61		.section ".rodata","a"
        00000000 00000000   62	.L24:	.space	4
            0000 00000004   63		.space	2
            0000 00000006   64		.space	2
        00000000 00000008   65		.space	4
                            66		.type	.L24,@object
                            67		.size	.L24,12
                            68		.data
                            69		.text
                            70		.align	4
                            71	
                            72		.data
                            73		.section ".rodata","a"
                            74		.align	4
                            75		.text
