
                                   Tue Apr 07 08:50:16 2015           Page 1
                                   Tue Apr 07 08:50:15 2015        gh_2i0g.s
Command Line:   C:\GHS\V35\mips35\asmips.exe -noundefined -elf -b0
                -IC:\local\Workspace\DC_V04.01.00_int\cu3x1Platform_SRC\emWinColour
                -IC:\local\Workspace\DC_V04.01.00_int\cu3x1App_SRC\MPC_control\source\include
                -IC:\local\Workspace\DC_V04.01.00_int\cu3x1Platform_SRC\platform\common
                -IC:\local\Workspace\DC_V04.01.00_int\cu3x1Platform_SRC\platform\hardware
                -IC:\local\Workspace\DC_V04.01.00_int\cu3x1Platform_SRC\platform\hardware\D3018X
                -IC:\local\Workspace\DC_V04.01.00_int\cu3x1Platform_SRC\embos\inc
                -IC:\local\Workspace\DC_V04.01.00_int\cu3x1Platform_SRC\emWinColour\config
                -IC:\local\Workspace\DC_V04.01.00_int\cu3x1Platform_SRC\emWinColour\gui\ConvertMono
                -IC:\local\Workspace\DC_V04.01.00_int\cu3x1Platform_SRC\emWinColour\gui\Core
                -IC:\local\Workspace\DC_V04.01.00_int\cu3x1Platform_SRC\emWinColour\gui\Font
                -IC:\local\Workspace\DC_V04.01.00_int\cu3x1Platform_SRC\emWinColour\gui\LCDDriver
                -IC:\local\Workspace\DC_V04.01.00_int\cu3x1Platform_SRC\emWinColour\gui\MemDev
                -IC:\local\Workspace\DC_V04.01.00_int\cu3x1Platform_SRC\emWinColour\gui\VNC
                -IC:\local\Workspace\DC_V04.01.00_int\cu3x1Platform_SRC\emWinColour\gui\Widget
                -IC:\local\Workspace\DC_V04.01.00_int\cu3x1Platform_SRC\emWinColour\gui\wm
                -IC:\local\Workspace\DC_V04.01.00_int\cu3x1App_SRC\Control\source
                -IC:\local\Workspace\DC_V04.01.00_int\cu3x1App_SRC\Control\source\include
                -IC:\local\Workspace\DC_V04.01.00_int\cu3x1App_SRC\Control\source\util
                -IC:\local\Workspace\DC_V04.01.00_int\cu3x1App_SRC\Control\source\datapoint
                -IC:\local\Workspace\DC_V04.01.00_int\cu3x1App_SRC\Control\source\factory
                -IC:\local\Workspace\DC_V04.01.00_int\cu3x1Platform_SRC\platform\include
                -IC:\local\Workspace\DC_V04.01.00_int\cu3x1Platform_SRC\embos
                -IC:\local\Workspace\DC_V04.01.00_int\cu3x1Platform_SRC\emWinColour\gui\core
                -IC:\local\Workspace\DC_V04.01.00_int\cu3x1App_SRC\Control\source\rtip\webpage
                -IC:\local\Workspace\DC_V04.01.00_int\cu3x1App_SRC\Control\source\rtip\config
                -IC:\local\Workspace\DC_V04.01.00_int\cu3x1App_SRC\Control\source\rtip\xnet
                -IC:\local\Workspace\DC_V04.01.00_int\cu3x1App_SRC\Control\source\stub
                -IC:\local\Workspace\DC_V04.01.00_int\cu3x1App_SRC\Control\source\test
                -IC:\local\Workspace\DC_V04.01.00_int\cu3x1App_SRC\Control\source\GENIpro
                -IC:\local\Workspace\DC_V04.01.00_int\cu3x1App_SRC\Control\source\GENIpro\GENI_sys
                -IC:\local\Workspace\DC_V04.01.00_int\cu3x1App_SRC\Control\source\GENIpro\GENIusb\emUSB\USB\Driver
                -IC:\local\Workspace\DC_V04.01.00_int\cu3x1App_SRC\Control\source\application\intercom
                -IC:\local\Workspace\DC_V04.01.00_int\cu3x1App_SRC\Control\source\application\controller
                -IC:\local\Workspace\DC_V04.01.00_int\cu3x1App_SRC\Control\source\application\driver
                -IC:\local\Workspace\DC_V04.01.00_int\cu3x1App_SRC\Control\source\application\webif
                -IC:\local\Workspace\DC_V04.01.00_int\cu3x1App_SRC\Control\source\application\relay
                -IC:\local\Workspace\DC_V04.01.00_int\cu3x1App_SRC\Control\source\application\GENIApp
                -IC:\local\Workspace\DC_V04.01.00_int\cu3x1App_SRC\Control\source\application\alarm
                -IC:\local\Workspace\DC_V04.01.00_int\cu3x1App_SRC\Control\source\application\config
                -IC:\local\Workspace\DC_V04.01.00_int\cu3x1App_SRC\Control\source\application\AnaInConfigCtrl
                -IC:\local\Workspace\DC_V04.01.00_int\cu3x1App_SRC\Control\source\application\Sms
                -IC:\local\Workspace\DC_V04.01.00_int\cu3x1App_SRC\Control\source\application\display
                -IC:\local\Workspace\DC_V04.01.00_int\cu3x1App_SRC\Control\source\application\display\display_task
                -IC:\local\Workspace\DC_V04.01.00_int\cu3x1App_SRC\Control\source\application\display\gui_utility
                -IC:\local\Workspace\DC_V04.01.00_int\cu3x1App_SRC\Control\source\application\display\mpcunit
                -IC:\local\Workspace\DC_V04.01.00_int\cu3x1App_SRC\Control\source\GeniPro
                -IC:\local\Workspace\DC_V04.01.00_int\cu3x1App_SRC\Control\source\GeniPro\GENI_sys
                -IC:\local\Workspace\DC_V04.01.00_int\cu3x1App_SRC\Control\source\GeniPro\GENIbus
                -IC:\local\Workspace\DC_V04.01.00_int\cu3x1App_SRC\Control\source\GeniPro\GENIcom
                -IC:\local\Workspace\DC_V04.01.00_int\cu3x1App_SRC\Control\source\GeniPro\GENIrs232
                -IC:\local\Workspace\DC_V04.01.00_int\cu3x1App_SRC\Control\source\GeniPro\Virtual
                -IC:\local\Workspace\DC_V04.01.00_int\cu3x1Platform_SRC\Platform\common
                -IC:\local\Workspace\DC_V04.01.00_int\cu3x1Platform_SRC\Platform\hardware
                -IC:\local\Workspace\DC_V04.01.00_int\cu3x1Platform_SRC\Platform\hardware\D3018X
                -IC:\local\Workspace\DC_V04.01.00_int\cu3x1App_SRC\Control\source\application\display\imagesTFT
                -IC:\GHS\V35\mips35\mipsl_sf -r4121 -source=WM_AttachWindow.c -o
                objs\gh_2i0g.o -list=objs\WM_AttachWindow.lst
                C:\Users\55602\AppData\Local\Temp\gh_2i0g.s
Source File:    C:\Users\55602\AppData\Local\Temp\gh_2i0g.s
Directory:      C:\local\Workspace\DC_V04.01.00_int\cu3x1App_SRC\Control\source
Host OS:        GHS_WIN32
Version:        AS-MIPS 3.5#11 
Release:        MULTI 2000, MIPS v3.5
Revision Date:  Wed Feb 27 12:19:03 2002
Release Date:   Sat Mar 02 02:57:59 2002
                             1	 #Source File:   C:\local\Workspace\DC_V04.01.00_int\cu3x1Platform_SRC\emWinColour\GUI\WM\WM_AttachWindow.c

                                   Tue Apr 07 08:50:16 2015           Page 2
                                   Tue Apr 07 08:50:15 2015        gh_2i0g.s
                             2	 #Directory:     
                             3	 #		C:\local\Workspace\DC_V04.01.00_int\cu3x1App_SRC\Control\source
                             4	 #Compile Date:  Tue Apr 07 08:50:15 2015
                             5	 #Host OS:       Win32
                             6	 #Version:       C-MIPS 3.5#11 RELEASE VERSION
                             7	 #Release:       MULTI 2000, MIPS v3.5
                             8	 #Revision Date: Fri Mar 01 11:32:40 2002
                             9	 #Release Date:  Sat Mar 02 02:58:48 2002
                            10		.set	noat
                            11		.set	noreorder
                            12		.set	nomacro
                            13		.text
                            14		.align	4
                            15		.globl	WM_DetachWindow
                            16	WM_DetachWindow:
        27bdfff0 00000000   17		addiu	$sp, $sp, -16
                            18	 #	    .bf
        afb10004 00000004   19		sw	$17, 4($sp)
        afb00000 00000008   20		sw	$16, 0($sp)
        00048400 0000000c   21		sll	$16, $4, 16
        00108403 00000010   22		sra	$16, $16, 16
        12000014 00000014   23		beq	$16, $0, .L2
        afbf000c 00000018   24		sw	$ra, 12($sp)
        0c000000 0000001c   25		jal	GUI_Lock
        00000000 00000020   26		nop
        0c000000 00000024   27		jal	GUI_ALLOC_h2p
        02002025 00000028   28		move	$4, $16
        84510016 0000002c   29		lh	$17, 22($2)
        1220000b 00000030   30		beq	$17, $0, .L6
        00000000 00000034   31		nop
        0c000000 00000038   32		jal	WM__DetachWindow
        02002025 0000003c   33		move	$4, $16
        0c000000 00000040   34		jal	GUI_ALLOC_h2p
        02202025 00000044   35		move	$4, $17
        844f0000 00000048   36		lh	$15, 0($2)
        02002025 0000004c   37		move	$4, $16
        844e0002 00000050   38		lh	$14, 2($2)
        000f2823 00000054   39		subu	$5, $0, $15
        0c000000 00000058   40		jal	WM_MoveWindow
        000e3023 0000005c   41		subu	$6, $0, $14
                            42	.L6:
        0c000000 00000060   43		jal	GUI_Unlock
        00000000 00000064   44		nop
                            45	.L2:
        8fb10004 00000068   46		lw	$17, 4($sp)
                            47	 #	    .ef
        8fb00000 0000006c   48		lw	$16, 0($sp)
        8fbf000c 00000070   49		lw	$ra, 12($sp)
        03e00008 00000074   50		jr	$ra
        27bd0010 00000078   51		addiu	$sp, $sp, 16
                            52		.type	WM_DetachWindow,@function
                            53		.size	WM_DetachWindow,.-WM_DetachWindow
                            54		.align	4
                            55	 #hParent	$17	local
                            56	
                            57	 #hWin	$16	param

                                   Tue Apr 07 08:50:16 2015           Page 3
                                   Tue Apr 07 08:50:15 2015        gh_2i0g.s
                            58	
                            59		.data
                            60	.L28:
                            61		.text
                            62		.align	4
                            63		.align	4
                            64		.globl	WM_AttachWindow
                            65	WM_AttachWindow:
        27bdffe8 0000007c   66		addiu	$sp, $sp, -24
        afbf0014 00000080   67		sw	$ra, 20($sp)
        afb3000c 00000084   68		sw	$19, 12($sp)
        afb20008 00000088   69		sw	$18, 8($sp)
        afb10004 0000008c   70		sw	$17, 4($sp)
        afb00000 00000090   71		sw	$16, 0($sp)
        00048400 00000094   72		sll	$16, $4, 16
        00108403 00000098   73		sra	$16, $16, 16
                            74	 #	    .bf
        0c000000 0000009c   75		jal	GUI_Lock
        00058c00 000000a0   76		sll	$17, $5, 16
        00118c03 000000a4   77		sra	$17, $17, 16
        12200015 000000a8   78		beq	$17, $0, .L44
        00000000 000000ac   79		nop
        12300013 000000b0   80		beq	$17, $16, .L44
        00000000 000000b4   81		nop
        0c000000 000000b8   82		jal	GUI_ALLOC_h2p
        02002025 000000bc   83		move	$4, $16
        00409825 000000c0   84		move	$19, $2
        0c000000 000000c4   85		jal	GUI_ALLOC_h2p
        02202025 000000c8   86		move	$4, $17
        866f0016 000000cc   87		lh	$15, 22($19)
        00409025 000000d0   88		move	$18, $2
        11f1000a 000000d4   89		beq	$15, $17, .L44
        00000000 000000d8   90		nop
        0c000000 000000dc   91		jal	WM_DetachWindow
        02002025 000000e0   92		move	$4, $16
        02002025 000000e4   93		move	$4, $16
        0c000000 000000e8   94		jal	WM__InsertWindowIntoList
        02202825 000000ec   95		move	$5, $17
        02002025 000000f0   96		move	$4, $16
        86450000 000000f4   97		lh	$5, 0($18)
        0c000000 000000f8   98		jal	WM_MoveWindow
        86460002 000000fc   99		lh	$6, 2($18)
                           100	.L44:
        0c000000 00000100  101		jal	GUI_Unlock
        00000000 00000104  102		nop
                           103	 #	    .ef
        8fb10004 00000108  104		lw	$17, 4($sp)
        8fb00000 0000010c  105		lw	$16, 0($sp)
        8fbf0014 00000110  106		lw	$ra, 20($sp)
        8fb20008 00000114  107		lw	$18, 8($sp)
        8fb3000c 00000118  108		lw	$19, 12($sp)
        03e00008 0000011c  109		jr	$ra
        27bd0018 00000120  110		addiu	$sp, $sp, 24
                           111		.type	WM_AttachWindow,@function
                           112		.size	WM_AttachWindow,.-WM_AttachWindow
                           113		.align	4

                                   Tue Apr 07 08:50:16 2015           Page 4
                                   Tue Apr 07 08:50:15 2015        gh_2i0g.s
                           114	 #pWin	$19	local
                           115	 #pParent	$18	local
                           116	
                           117	 #hWin	$16	param
                           118	 #hParent	$17	param
                           119	
                           120		.data
                           121	.L72:
                           122		.text
                           123		.align	4
                           124		.align	4
                           125		.globl	WM_AttachWindowAt
                           126	WM_AttachWindowAt:
        27bdffe8 00000124  127		addiu	$sp, $sp, -24
        afbf0014 00000128  128		sw	$ra, 20($sp)
        afb00000 0000012c  129		sw	$16, 0($sp)
        00048400 00000130  130		sll	$16, $4, 16
        00108403 00000134  131		sra	$16, $16, 16
        afb10004 00000138  132		sw	$17, 4($sp)
        00058c00 0000013c  133		sll	$17, $5, 16
        00118c03 00000140  134		sra	$17, $17, 16
        afb20008 00000144  135		sw	$18, 8($sp)
        00c09025 00000148  136		move	$18, $6
        afb3000c 0000014c  137		sw	$19, 12($sp)
        00e09825 00000150  138		move	$19, $7
                           139	 #	    .bf
        0c000000 00000154  140		jal	WM_DetachWindow
        02002025 00000158  141		move	$4, $16
        02002025 0000015c  142		move	$4, $16
        02402825 00000160  143		move	$5, $18
        0c000000 00000164  144		jal	WM_MoveTo
        02603025 00000168  145		move	$6, $19
        02002025 0000016c  146		move	$4, $16
        0c000000 00000170  147		jal	WM_AttachWindow
        02202825 00000174  148		move	$5, $17
                           149	 #	    .ef
        8fb10004 00000178  150		lw	$17, 4($sp)
        8fb00000 0000017c  151		lw	$16, 0($sp)
        8fbf0014 00000180  152		lw	$ra, 20($sp)
        8fb20008 00000184  153		lw	$18, 8($sp)
        8fb3000c 00000188  154		lw	$19, 12($sp)
        03e00008 0000018c  155		jr	$ra
        27bd0018 00000190  156		addiu	$sp, $sp, 24
                           157		.type	WM_AttachWindowAt,@function
                           158		.size	WM_AttachWindowAt,.-WM_AttachWindowAt
                           159		.align	4
                           160	
                           161	 #hWin	$16	param
                           162	 #hParent	$17	param
                           163	 #x	$18	param
                           164	 #y	$19	param
                           165	
                           166		.data
                           167	.L99:
                           168		.text
                           169		.align	4

                                   Tue Apr 07 08:50:16 2015           Page 5
                                   Tue Apr 07 08:50:15 2015        gh_2i0g.s
                           170	
                           171		.data
                           172		.text
