
                                   Tue Apr 07 08:50:22 2015           Page 1
                                   Tue Apr 07 08:50:19 2015        gh_2i0j.s
Command Line:   C:\GHS\V35\mips35\asmips.exe -noundefined -elf -b0
                -IC:\local\Workspace\DC_V04.01.00_int\cu3x1Platform_SRC\emWinColour
                -IC:\local\Workspace\DC_V04.01.00_int\cu3x1App_SRC\MPC_control\source\include
                -IC:\local\Workspace\DC_V04.01.00_int\cu3x1Platform_SRC\platform\common
                -IC:\local\Workspace\DC_V04.01.00_int\cu3x1Platform_SRC\platform\hardware
                -IC:\local\Workspace\DC_V04.01.00_int\cu3x1Platform_SRC\platform\hardware\D3018X
                -IC:\local\Workspace\DC_V04.01.00_int\cu3x1Platform_SRC\embos\inc
                -IC:\local\Workspace\DC_V04.01.00_int\cu3x1Platform_SRC\emWinColour\config
                -IC:\local\Workspace\DC_V04.01.00_int\cu3x1Platform_SRC\emWinColour\gui\ConvertMono
                -IC:\local\Workspace\DC_V04.01.00_int\cu3x1Platform_SRC\emWinColour\gui\Core
                -IC:\local\Workspace\DC_V04.01.00_int\cu3x1Platform_SRC\emWinColour\gui\Font
                -IC:\local\Workspace\DC_V04.01.00_int\cu3x1Platform_SRC\emWinColour\gui\LCDDriver
                -IC:\local\Workspace\DC_V04.01.00_int\cu3x1Platform_SRC\emWinColour\gui\MemDev
                -IC:\local\Workspace\DC_V04.01.00_int\cu3x1Platform_SRC\emWinColour\gui\VNC
                -IC:\local\Workspace\DC_V04.01.00_int\cu3x1Platform_SRC\emWinColour\gui\Widget
                -IC:\local\Workspace\DC_V04.01.00_int\cu3x1Platform_SRC\emWinColour\gui\wm
                -IC:\local\Workspace\DC_V04.01.00_int\cu3x1App_SRC\Control\source
                -IC:\local\Workspace\DC_V04.01.00_int\cu3x1App_SRC\Control\source\include
                -IC:\local\Workspace\DC_V04.01.00_int\cu3x1App_SRC\Control\source\util
                -IC:\local\Workspace\DC_V04.01.00_int\cu3x1App_SRC\Control\source\datapoint
                -IC:\local\Workspace\DC_V04.01.00_int\cu3x1App_SRC\Control\source\factory
                -IC:\local\Workspace\DC_V04.01.00_int\cu3x1Platform_SRC\platform\include
                -IC:\local\Workspace\DC_V04.01.00_int\cu3x1Platform_SRC\embos
                -IC:\local\Workspace\DC_V04.01.00_int\cu3x1Platform_SRC\emWinColour\gui\core
                -IC:\local\Workspace\DC_V04.01.00_int\cu3x1App_SRC\Control\source\rtip\webpage
                -IC:\local\Workspace\DC_V04.01.00_int\cu3x1App_SRC\Control\source\rtip\config
                -IC:\local\Workspace\DC_V04.01.00_int\cu3x1App_SRC\Control\source\rtip\xnet
                -IC:\local\Workspace\DC_V04.01.00_int\cu3x1App_SRC\Control\source\stub
                -IC:\local\Workspace\DC_V04.01.00_int\cu3x1App_SRC\Control\source\test
                -IC:\local\Workspace\DC_V04.01.00_int\cu3x1App_SRC\Control\source\GENIpro
                -IC:\local\Workspace\DC_V04.01.00_int\cu3x1App_SRC\Control\source\GENIpro\GENI_sys
                -IC:\local\Workspace\DC_V04.01.00_int\cu3x1App_SRC\Control\source\GENIpro\GENIusb\emUSB\USB\Driver
                -IC:\local\Workspace\DC_V04.01.00_int\cu3x1App_SRC\Control\source\application\intercom
                -IC:\local\Workspace\DC_V04.01.00_int\cu3x1App_SRC\Control\source\application\controller
                -IC:\local\Workspace\DC_V04.01.00_int\cu3x1App_SRC\Control\source\application\driver
                -IC:\local\Workspace\DC_V04.01.00_int\cu3x1App_SRC\Control\source\application\webif
                -IC:\local\Workspace\DC_V04.01.00_int\cu3x1App_SRC\Control\source\application\relay
                -IC:\local\Workspace\DC_V04.01.00_int\cu3x1App_SRC\Control\source\application\GENIApp
                -IC:\local\Workspace\DC_V04.01.00_int\cu3x1App_SRC\Control\source\application\alarm
                -IC:\local\Workspace\DC_V04.01.00_int\cu3x1App_SRC\Control\source\application\config
                -IC:\local\Workspace\DC_V04.01.00_int\cu3x1App_SRC\Control\source\application\AnaInConfigCtrl
                -IC:\local\Workspace\DC_V04.01.00_int\cu3x1App_SRC\Control\source\application\Sms
                -IC:\local\Workspace\DC_V04.01.00_int\cu3x1App_SRC\Control\source\application\display
                -IC:\local\Workspace\DC_V04.01.00_int\cu3x1App_SRC\Control\source\application\display\display_task
                -IC:\local\Workspace\DC_V04.01.00_int\cu3x1App_SRC\Control\source\application\display\gui_utility
                -IC:\local\Workspace\DC_V04.01.00_int\cu3x1App_SRC\Control\source\application\display\mpcunit
                -IC:\local\Workspace\DC_V04.01.00_int\cu3x1App_SRC\Control\source\GeniPro
                -IC:\local\Workspace\DC_V04.01.00_int\cu3x1App_SRC\Control\source\GeniPro\GENI_sys
                -IC:\local\Workspace\DC_V04.01.00_int\cu3x1App_SRC\Control\source\GeniPro\GENIbus
                -IC:\local\Workspace\DC_V04.01.00_int\cu3x1App_SRC\Control\source\GeniPro\GENIcom
                -IC:\local\Workspace\DC_V04.01.00_int\cu3x1App_SRC\Control\source\GeniPro\GENIrs232
                -IC:\local\Workspace\DC_V04.01.00_int\cu3x1App_SRC\Control\source\GeniPro\Virtual
                -IC:\local\Workspace\DC_V04.01.00_int\cu3x1Platform_SRC\Platform\common
                -IC:\local\Workspace\DC_V04.01.00_int\cu3x1Platform_SRC\Platform\hardware
                -IC:\local\Workspace\DC_V04.01.00_int\cu3x1Platform_SRC\Platform\hardware\D3018X
                -IC:\local\Workspace\DC_V04.01.00_int\cu3x1App_SRC\Control\source\application\display\imagesTFT
                -IC:\GHS\V35\mips35\mipsl_sf -r4121 -source=WM_Broadcast.c -o
                objs\gh_2i0j.o -list=objs\WM_Broadcast.lst
                C:\Users\55602\AppData\Local\Temp\gh_2i0j.s
Source File:    C:\Users\55602\AppData\Local\Temp\gh_2i0j.s
Directory:      C:\local\Workspace\DC_V04.01.00_int\cu3x1App_SRC\Control\source
Host OS:        GHS_WIN32
Version:        AS-MIPS 3.5#11 
Release:        MULTI 2000, MIPS v3.5
Revision Date:  Wed Feb 27 12:19:03 2002
Release Date:   Sat Mar 02 02:57:59 2002
                             1	 #Source File:   C:\local\Workspace\DC_V04.01.00_int\cu3x1Platform_SRC\emWinColour\GUI\WM\WM_Broadcast.c

                                   Tue Apr 07 08:50:22 2015           Page 2
                                   Tue Apr 07 08:50:19 2015        gh_2i0j.s
                             2	 #Directory:     
                             3	 #		C:\local\Workspace\DC_V04.01.00_int\cu3x1App_SRC\Control\source
                             4	 #Compile Date:  Tue Apr 07 08:50:19 2015
                             5	 #Host OS:       Win32
                             6	 #Version:       C-MIPS 3.5#11 RELEASE VERSION
                             7	 #Release:       MULTI 2000, MIPS v3.5
                             8	 #Revision Date: Fri Mar 01 11:32:40 2002
                             9	 #Release Date:  Sat Mar 02 02:58:48 2002
                            10		.set	noat
                            11		.set	noreorder
                            12		.set	nomacro
                            13		.text
                            14		.align	4
                            15		.globl	WM_BroadcastMessage
                            16	WM_BroadcastMessage:
        27bdffe0 00000000   17		addiu	$sp, $sp, -32
        afbf001c 00000004   18		sw	$ra, 28($sp)
        afb20008 00000008   19		sw	$18, 8($sp)
        afb10004 0000000c   20		sw	$17, 4($sp)
        afb00000 00000010   21		sw	$16, 0($sp)
                            22	 #	    .bf
        0c000000 00000014   23		jal	GUI_Lock
        00808025 00000018   24		move	$16, $4
        87910000 0000001c   25		lh	$17, %sdaoff(WM__FirstWin)($28)
        27b2000c 00000020   26		addiu	$18, $sp, 12
        1220000f 00000024   27		beq	$17, $0, .L4
        00000000 00000028   28		nop
        8e0f0000 0000002c   29		lw	$15, 0($16)
                            30	.L1000006:
        8e0e0004 00000030   31		lw	$14, 4($16)
        8e0d0008 00000034   32		lw	$13, 8($16)
        ae4f0000 00000038   33		sw	$15, 0($18)
        ae4e0004 0000003c   34		sw	$14, 4($18)
        ae4d0008 00000040   35		sw	$13, 8($18)
        02202025 00000044   36		move	$4, $17
        0c000000 00000048   37		jal	WM__SendMessage
        02402825 0000004c   38		move	$5, $18
        0c000000 00000050   39		jal	GUI_ALLOC_h2p
        02202025 00000054   40		move	$4, $17
        84510014 00000058   41		lh	$17, 20($2)
        5620fff4 0000005c   42		bnel	$17, $0, .L1000006
        8e0f0000 00000060   43		lw	$15, 0($16)
                            44	.L4:
        0c000000 00000064   45		jal	GUI_Unlock
        00000000 00000068   46		nop
                            47	 #	    .ef
        8fb20008 0000006c   48		lw	$18, 8($sp)
        8fb10004 00000070   49		lw	$17, 4($sp)
        8fbf001c 00000074   50		lw	$ra, 28($sp)
        8fb00000 00000078   51		lw	$16, 0($sp)
        27bd0020 0000007c   52		addiu	$sp, $sp, 32
        03e00008 00000080   53		jr	$ra
        34020000 00000084   54		ori	$2, $0, 0
                            55		.type	WM_BroadcastMessage,@function
                            56		.size	WM_BroadcastMessage,.-WM_BroadcastMessage
                            57		.align	4

                                   Tue Apr 07 08:50:22 2015           Page 3
                                   Tue Apr 07 08:50:19 2015        gh_2i0j.s
                            58	 #hWin	$17	local
                            59	 #Msg	12($sp)	local
                            60	
                            61	 #pMsg	$16	param
                            62	
                            63		.data
                            64	.L28:
                            65		.text
                            66		.align	4
                            67	 #WM__FirstWin	%sdaoff(WM__FirstWin)	import
                            68	
                            69		.data
                            70		.text
