
                                   Tue Apr 07 08:50:18 2015           Page 1
                                   Tue Apr 07 08:50:18 2015        gh_2i0i.s
Command Line:   C:\GHS\V35\mips35\asmips.exe -noundefined -elf -b0
                -IC:\local\Workspace\DC_V04.01.00_int\cu3x1Platform_SRC\emWinColour
                -IC:\local\Workspace\DC_V04.01.00_int\cu3x1App_SRC\MPC_control\source\include
                -IC:\local\Workspace\DC_V04.01.00_int\cu3x1Platform_SRC\platform\common
                -IC:\local\Workspace\DC_V04.01.00_int\cu3x1Platform_SRC\platform\hardware
                -IC:\local\Workspace\DC_V04.01.00_int\cu3x1Platform_SRC\platform\hardware\D3018X
                -IC:\local\Workspace\DC_V04.01.00_int\cu3x1Platform_SRC\embos\inc
                -IC:\local\Workspace\DC_V04.01.00_int\cu3x1Platform_SRC\emWinColour\config
                -IC:\local\Workspace\DC_V04.01.00_int\cu3x1Platform_SRC\emWinColour\gui\ConvertMono
                -IC:\local\Workspace\DC_V04.01.00_int\cu3x1Platform_SRC\emWinColour\gui\Core
                -IC:\local\Workspace\DC_V04.01.00_int\cu3x1Platform_SRC\emWinColour\gui\Font
                -IC:\local\Workspace\DC_V04.01.00_int\cu3x1Platform_SRC\emWinColour\gui\LCDDriver
                -IC:\local\Workspace\DC_V04.01.00_int\cu3x1Platform_SRC\emWinColour\gui\MemDev
                -IC:\local\Workspace\DC_V04.01.00_int\cu3x1Platform_SRC\emWinColour\gui\VNC
                -IC:\local\Workspace\DC_V04.01.00_int\cu3x1Platform_SRC\emWinColour\gui\Widget
                -IC:\local\Workspace\DC_V04.01.00_int\cu3x1Platform_SRC\emWinColour\gui\wm
                -IC:\local\Workspace\DC_V04.01.00_int\cu3x1App_SRC\Control\source
                -IC:\local\Workspace\DC_V04.01.00_int\cu3x1App_SRC\Control\source\include
                -IC:\local\Workspace\DC_V04.01.00_int\cu3x1App_SRC\Control\source\util
                -IC:\local\Workspace\DC_V04.01.00_int\cu3x1App_SRC\Control\source\datapoint
                -IC:\local\Workspace\DC_V04.01.00_int\cu3x1App_SRC\Control\source\factory
                -IC:\local\Workspace\DC_V04.01.00_int\cu3x1Platform_SRC\platform\include
                -IC:\local\Workspace\DC_V04.01.00_int\cu3x1Platform_SRC\embos
                -IC:\local\Workspace\DC_V04.01.00_int\cu3x1Platform_SRC\emWinColour\gui\core
                -IC:\local\Workspace\DC_V04.01.00_int\cu3x1App_SRC\Control\source\rtip\webpage
                -IC:\local\Workspace\DC_V04.01.00_int\cu3x1App_SRC\Control\source\rtip\config
                -IC:\local\Workspace\DC_V04.01.00_int\cu3x1App_SRC\Control\source\rtip\xnet
                -IC:\local\Workspace\DC_V04.01.00_int\cu3x1App_SRC\Control\source\stub
                -IC:\local\Workspace\DC_V04.01.00_int\cu3x1App_SRC\Control\source\test
                -IC:\local\Workspace\DC_V04.01.00_int\cu3x1App_SRC\Control\source\GENIpro
                -IC:\local\Workspace\DC_V04.01.00_int\cu3x1App_SRC\Control\source\GENIpro\GENI_sys
                -IC:\local\Workspace\DC_V04.01.00_int\cu3x1App_SRC\Control\source\GENIpro\GENIusb\emUSB\USB\Driver
                -IC:\local\Workspace\DC_V04.01.00_int\cu3x1App_SRC\Control\source\application\intercom
                -IC:\local\Workspace\DC_V04.01.00_int\cu3x1App_SRC\Control\source\application\controller
                -IC:\local\Workspace\DC_V04.01.00_int\cu3x1App_SRC\Control\source\application\driver
                -IC:\local\Workspace\DC_V04.01.00_int\cu3x1App_SRC\Control\source\application\webif
                -IC:\local\Workspace\DC_V04.01.00_int\cu3x1App_SRC\Control\source\application\relay
                -IC:\local\Workspace\DC_V04.01.00_int\cu3x1App_SRC\Control\source\application\GENIApp
                -IC:\local\Workspace\DC_V04.01.00_int\cu3x1App_SRC\Control\source\application\alarm
                -IC:\local\Workspace\DC_V04.01.00_int\cu3x1App_SRC\Control\source\application\config
                -IC:\local\Workspace\DC_V04.01.00_int\cu3x1App_SRC\Control\source\application\AnaInConfigCtrl
                -IC:\local\Workspace\DC_V04.01.00_int\cu3x1App_SRC\Control\source\application\Sms
                -IC:\local\Workspace\DC_V04.01.00_int\cu3x1App_SRC\Control\source\application\display
                -IC:\local\Workspace\DC_V04.01.00_int\cu3x1App_SRC\Control\source\application\display\display_task
                -IC:\local\Workspace\DC_V04.01.00_int\cu3x1App_SRC\Control\source\application\display\gui_utility
                -IC:\local\Workspace\DC_V04.01.00_int\cu3x1App_SRC\Control\source\application\display\mpcunit
                -IC:\local\Workspace\DC_V04.01.00_int\cu3x1App_SRC\Control\source\GeniPro
                -IC:\local\Workspace\DC_V04.01.00_int\cu3x1App_SRC\Control\source\GeniPro\GENI_sys
                -IC:\local\Workspace\DC_V04.01.00_int\cu3x1App_SRC\Control\source\GeniPro\GENIbus
                -IC:\local\Workspace\DC_V04.01.00_int\cu3x1App_SRC\Control\source\GeniPro\GENIcom
                -IC:\local\Workspace\DC_V04.01.00_int\cu3x1App_SRC\Control\source\GeniPro\GENIrs232
                -IC:\local\Workspace\DC_V04.01.00_int\cu3x1App_SRC\Control\source\GeniPro\Virtual
                -IC:\local\Workspace\DC_V04.01.00_int\cu3x1Platform_SRC\Platform\common
                -IC:\local\Workspace\DC_V04.01.00_int\cu3x1Platform_SRC\Platform\hardware
                -IC:\local\Workspace\DC_V04.01.00_int\cu3x1Platform_SRC\Platform\hardware\D3018X
                -IC:\local\Workspace\DC_V04.01.00_int\cu3x1App_SRC\Control\source\application\display\imagesTFT
                -IC:\GHS\V35\mips35\mipsl_sf -r4121 -source=WM_BringToTop.c -o
                objs\gh_2i0i.o -list=objs\WM_BringToTop.lst
                C:\Users\55602\AppData\Local\Temp\gh_2i0i.s
Source File:    C:\Users\55602\AppData\Local\Temp\gh_2i0i.s
Directory:      C:\local\Workspace\DC_V04.01.00_int\cu3x1App_SRC\Control\source
Host OS:        GHS_WIN32
Version:        AS-MIPS 3.5#11 
Release:        MULTI 2000, MIPS v3.5
Revision Date:  Wed Feb 27 12:19:03 2002
Release Date:   Sat Mar 02 02:57:59 2002
                             1	 #Source File:   C:\local\Workspace\DC_V04.01.00_int\cu3x1Platform_SRC\emWinColour\GUI\WM\WM_BringToTop.c

                                   Tue Apr 07 08:50:18 2015           Page 2
                                   Tue Apr 07 08:50:18 2015        gh_2i0i.s
                             2	 #Directory:     
                             3	 #		C:\local\Workspace\DC_V04.01.00_int\cu3x1App_SRC\Control\source
                             4	 #Compile Date:  Tue Apr 07 08:50:18 2015
                             5	 #Host OS:       Win32
                             6	 #Version:       C-MIPS 3.5#11 RELEASE VERSION
                             7	 #Release:       MULTI 2000, MIPS v3.5
                             8	 #Revision Date: Fri Mar 01 11:32:40 2002
                             9	 #Release Date:  Sat Mar 02 02:58:48 2002
                            10		.set	noat
                            11		.set	noreorder
                            12		.set	nomacro
                            13		.text
                            14		.align	4
                            15	_cbInvalidateOne:
        00042400 00000000   16		sll	$4, $4, 16
                            17	 #	    .bf
        08000000 00000004   18		j	WM_InvalidateWindow
        00042403 00000008   19		sra	$4, $4, 16
                            20	 #	    .ef
                            21		.type	_cbInvalidateOne,@function
                            22		.size	_cbInvalidateOne,.-_cbInvalidateOne
                            23		.align	4
                            24	
                            25	 #hWin	$4	param
                            26	 #p	none	param
                            27	
                            28		.data
                            29	.L47:
                            30		.text
                            31		.align	4
                            32		.align	4
                            33		.globl	WM_BringToTop
                            34	WM_BringToTop:
        27bdfff0 0000000c   35		addiu	$sp, $sp, -16
        afbf000c 00000010   36		sw	$ra, 12($sp)
        afb10004 00000014   37		sw	$17, 4($sp)
        afb00000 00000018   38		sw	$16, 0($sp)
                            39	 #	    .bf
        0c000000 0000001c   40		jal	GUI_Lock
        00048400 00000020   41		sll	$16, $4, 16
        00108403 00000024   42		sra	$16, $16, 16
        1200001e 00000028   43		beq	$16, $0, .L54
        00000000 0000002c   44		nop
        0c000000 00000030   45		jal	GUI_ALLOC_h2p
        02002025 00000034   46		move	$4, $16
        00408825 00000038   47		move	$17, $2
        8623001a 0000003c   48		lh	$3, 26($17)
        10600018 00000040   49		beq	$3, $0, .L54
        00000000 00000044   50		nop
        962e001c 00000048   51		lhu	$14, 28($17)
        31cf0008 0000004c   52		andi	$15, $14, 8
        55e00008 00000050   53		bnel	$15, $0, .L1000060
        86310016 00000054   54		lh	$17, 22($17)
        0c000000 00000058   55		jal	GUI_ALLOC_h2p
        00602025 0000005c   56		move	$4, $3
        9458001c 00000060   57		lhu	$24, 28($2)

                                   Tue Apr 07 08:50:18 2015           Page 3
                                   Tue Apr 07 08:50:18 2015        gh_2i0i.s
        33190008 00000064   58		andi	$25, $24, 8
        1720000e 00000068   59		bne	$25, $0, .L54
        00000000 0000006c   60		nop
        86310016 00000070   61		lh	$17, 22($17)
                            62	.L1000060:
        0c000000 00000074   63		jal	WM__RemoveWindowFromList
        02002025 00000078   64		move	$4, $16
        02002025 0000007c   65		move	$4, $16
        0c000000 00000080   66		jal	WM__InsertWindowIntoList
        02202825 00000084   67		move	$5, $17
        0c000000 00000088   68		jal	WM_InvalidateWindow
        02002025 0000008c   69		move	$4, $16
        02002025 00000090   70		move	$4, $16
        3c050000 00000094   71		lui	$5, %hi(_cbInvalidateOne)
        24a50000 00000098   72		addiu	$5, $5, %lo(_cbInvalidateOne)
        0c000000 0000009c   73		jal	WM_ForEachDesc
        34060000 000000a0   74		ori	$6, $0, 0
                            75	.L54:
        0c000000 000000a4   76		jal	GUI_Unlock
        00000000 000000a8   77		nop
                            78	 #	    .ef
        8fbf000c 000000ac   79		lw	$ra, 12($sp)
        8fb00000 000000b0   80		lw	$16, 0($sp)
        8fb10004 000000b4   81		lw	$17, 4($sp)
        03e00008 000000b8   82		jr	$ra
        27bd0010 000000bc   83		addiu	$sp, $sp, 16
                            84		.type	WM_BringToTop,@function
                            85		.size	WM_BringToTop,.-WM_BringToTop
                            86		.align	4
                            87	 #hWin	$16	local
                            88	 #hNext	$3	local
                            89	 #hParent	$17	local
                            90	 #pWin	$17	local
                            91	
                            92	 #hWin	none	param
                            93	
                            94		.data
                            95	.L88:
                            96		.text
                            97		.align	4
                            98	
                            99		.data
                           100		.text
