
                                   Tue Apr 07 08:50:17 2015           Page 1
                                   Tue Apr 07 08:50:17 2015        gh_2i0h.s
Command Line:   C:\GHS\V35\mips35\asmips.exe -noundefined -elf -b0
                -IC:\local\Workspace\DC_V04.01.00_int\cu3x1Platform_SRC\emWinColour
                -IC:\local\Workspace\DC_V04.01.00_int\cu3x1App_SRC\MPC_control\source\include
                -IC:\local\Workspace\DC_V04.01.00_int\cu3x1Platform_SRC\platform\common
                -IC:\local\Workspace\DC_V04.01.00_int\cu3x1Platform_SRC\platform\hardware
                -IC:\local\Workspace\DC_V04.01.00_int\cu3x1Platform_SRC\platform\hardware\D3018X
                -IC:\local\Workspace\DC_V04.01.00_int\cu3x1Platform_SRC\embos\inc
                -IC:\local\Workspace\DC_V04.01.00_int\cu3x1Platform_SRC\emWinColour\config
                -IC:\local\Workspace\DC_V04.01.00_int\cu3x1Platform_SRC\emWinColour\gui\ConvertMono
                -IC:\local\Workspace\DC_V04.01.00_int\cu3x1Platform_SRC\emWinColour\gui\Core
                -IC:\local\Workspace\DC_V04.01.00_int\cu3x1Platform_SRC\emWinColour\gui\Font
                -IC:\local\Workspace\DC_V04.01.00_int\cu3x1Platform_SRC\emWinColour\gui\LCDDriver
                -IC:\local\Workspace\DC_V04.01.00_int\cu3x1Platform_SRC\emWinColour\gui\MemDev
                -IC:\local\Workspace\DC_V04.01.00_int\cu3x1Platform_SRC\emWinColour\gui\VNC
                -IC:\local\Workspace\DC_V04.01.00_int\cu3x1Platform_SRC\emWinColour\gui\Widget
                -IC:\local\Workspace\DC_V04.01.00_int\cu3x1Platform_SRC\emWinColour\gui\wm
                -IC:\local\Workspace\DC_V04.01.00_int\cu3x1App_SRC\Control\source
                -IC:\local\Workspace\DC_V04.01.00_int\cu3x1App_SRC\Control\source\include
                -IC:\local\Workspace\DC_V04.01.00_int\cu3x1App_SRC\Control\source\util
                -IC:\local\Workspace\DC_V04.01.00_int\cu3x1App_SRC\Control\source\datapoint
                -IC:\local\Workspace\DC_V04.01.00_int\cu3x1App_SRC\Control\source\factory
                -IC:\local\Workspace\DC_V04.01.00_int\cu3x1Platform_SRC\platform\include
                -IC:\local\Workspace\DC_V04.01.00_int\cu3x1Platform_SRC\embos
                -IC:\local\Workspace\DC_V04.01.00_int\cu3x1Platform_SRC\emWinColour\gui\core
                -IC:\local\Workspace\DC_V04.01.00_int\cu3x1App_SRC\Control\source\rtip\webpage
                -IC:\local\Workspace\DC_V04.01.00_int\cu3x1App_SRC\Control\source\rtip\config
                -IC:\local\Workspace\DC_V04.01.00_int\cu3x1App_SRC\Control\source\rtip\xnet
                -IC:\local\Workspace\DC_V04.01.00_int\cu3x1App_SRC\Control\source\stub
                -IC:\local\Workspace\DC_V04.01.00_int\cu3x1App_SRC\Control\source\test
                -IC:\local\Workspace\DC_V04.01.00_int\cu3x1App_SRC\Control\source\GENIpro
                -IC:\local\Workspace\DC_V04.01.00_int\cu3x1App_SRC\Control\source\GENIpro\GENI_sys
                -IC:\local\Workspace\DC_V04.01.00_int\cu3x1App_SRC\Control\source\GENIpro\GENIusb\emUSB\USB\Driver
                -IC:\local\Workspace\DC_V04.01.00_int\cu3x1App_SRC\Control\source\application\intercom
                -IC:\local\Workspace\DC_V04.01.00_int\cu3x1App_SRC\Control\source\application\controller
                -IC:\local\Workspace\DC_V04.01.00_int\cu3x1App_SRC\Control\source\application\driver
                -IC:\local\Workspace\DC_V04.01.00_int\cu3x1App_SRC\Control\source\application\webif
                -IC:\local\Workspace\DC_V04.01.00_int\cu3x1App_SRC\Control\source\application\relay
                -IC:\local\Workspace\DC_V04.01.00_int\cu3x1App_SRC\Control\source\application\GENIApp
                -IC:\local\Workspace\DC_V04.01.00_int\cu3x1App_SRC\Control\source\application\alarm
                -IC:\local\Workspace\DC_V04.01.00_int\cu3x1App_SRC\Control\source\application\config
                -IC:\local\Workspace\DC_V04.01.00_int\cu3x1App_SRC\Control\source\application\AnaInConfigCtrl
                -IC:\local\Workspace\DC_V04.01.00_int\cu3x1App_SRC\Control\source\application\Sms
                -IC:\local\Workspace\DC_V04.01.00_int\cu3x1App_SRC\Control\source\application\display
                -IC:\local\Workspace\DC_V04.01.00_int\cu3x1App_SRC\Control\source\application\display\display_task
                -IC:\local\Workspace\DC_V04.01.00_int\cu3x1App_SRC\Control\source\application\display\gui_utility
                -IC:\local\Workspace\DC_V04.01.00_int\cu3x1App_SRC\Control\source\application\display\mpcunit
                -IC:\local\Workspace\DC_V04.01.00_int\cu3x1App_SRC\Control\source\GeniPro
                -IC:\local\Workspace\DC_V04.01.00_int\cu3x1App_SRC\Control\source\GeniPro\GENI_sys
                -IC:\local\Workspace\DC_V04.01.00_int\cu3x1App_SRC\Control\source\GeniPro\GENIbus
                -IC:\local\Workspace\DC_V04.01.00_int\cu3x1App_SRC\Control\source\GeniPro\GENIcom
                -IC:\local\Workspace\DC_V04.01.00_int\cu3x1App_SRC\Control\source\GeniPro\GENIrs232
                -IC:\local\Workspace\DC_V04.01.00_int\cu3x1App_SRC\Control\source\GeniPro\Virtual
                -IC:\local\Workspace\DC_V04.01.00_int\cu3x1Platform_SRC\Platform\common
                -IC:\local\Workspace\DC_V04.01.00_int\cu3x1Platform_SRC\Platform\hardware
                -IC:\local\Workspace\DC_V04.01.00_int\cu3x1Platform_SRC\Platform\hardware\D3018X
                -IC:\local\Workspace\DC_V04.01.00_int\cu3x1App_SRC\Control\source\application\display\imagesTFT
                -IC:\GHS\V35\mips35\mipsl_sf -r4121 -source=WM_BringToBottom.c -o
                objs\gh_2i0h.o -list=objs\WM_BringToBottom.lst
                C:\Users\55602\AppData\Local\Temp\gh_2i0h.s
Source File:    C:\Users\55602\AppData\Local\Temp\gh_2i0h.s
Directory:      C:\local\Workspace\DC_V04.01.00_int\cu3x1App_SRC\Control\source
Host OS:        GHS_WIN32
Version:        AS-MIPS 3.5#11 
Release:        MULTI 2000, MIPS v3.5
Revision Date:  Wed Feb 27 12:19:03 2002
Release Date:   Sat Mar 02 02:57:59 2002
                             1	 #Source File:   C:\local\Workspace\DC_V04.01.00_int\cu3x1Platform_SRC\emWinColour\GUI\WM\WM_BringToBottom.c

                                   Tue Apr 07 08:50:17 2015           Page 2
                                   Tue Apr 07 08:50:17 2015        gh_2i0h.s
                             2	 #Directory:     
                             3	 #		C:\local\Workspace\DC_V04.01.00_int\cu3x1App_SRC\Control\source
                             4	 #Compile Date:  Tue Apr 07 08:50:17 2015
                             5	 #Host OS:       Win32
                             6	 #Version:       C-MIPS 3.5#11 RELEASE VERSION
                             7	 #Release:       MULTI 2000, MIPS v3.5
                             8	 #Revision Date: Fri Mar 01 11:32:40 2002
                             9	 #Release Date:  Sat Mar 02 02:58:48 2002
                            10		.set	noat
                            11		.set	noreorder
                            12		.set	nomacro
                            13		.text
                            14		.align	4
                            15		.globl	WM_BringToBottom
                            16	WM_BringToBottom:
        27bdffe8 00000000   17		addiu	$sp, $sp, -24
        afbf0014 00000004   18		sw	$ra, 20($sp)
        afb3000c 00000008   19		sw	$19, 12($sp)
        afb20008 0000000c   20		sw	$18, 8($sp)
        afb10004 00000010   21		sw	$17, 4($sp)
        afb00000 00000014   22		sw	$16, 0($sp)
        00048400 00000018   23		sll	$16, $4, 16
                            24	 #	    .bf
        0c000000 0000001c   25		jal	GUI_Lock
        00108403 00000020   26		sra	$16, $16, 16
        12000017 00000024   27		beq	$16, $0, .L4
        00000000 00000028   28		nop
        0c000000 0000002c   29		jal	GUI_ALLOC_h2p
        02002025 00000030   30		move	$4, $16
        00408825 00000034   31		move	$17, $2
        0c000000 00000038   32		jal	WM__GetPrevSibling
        02002025 0000003c   33		move	$4, $16
        00409025 00000040   34		move	$18, $2
        1240000f 00000044   35		beq	$18, $0, .L4
        00000000 00000048   36		nop
        0c000000 0000004c   37		jal	WM_GetParent
        02002025 00000050   38		move	$4, $16
        0c000000 00000054   39		jal	GUI_ALLOC_h2p
        00402025 00000058   40		move	$4, $2
        00409825 0000005c   41		move	$19, $2
        0c000000 00000060   42		jal	GUI_ALLOC_h2p
        02402025 00000064   43		move	$4, $18
        862f001a 00000068   44		lh	$15, 26($17)
        a44f001a 0000006c   45		sh	$15, 26($2)
        866e0018 00000070   46		lh	$14, 24($19)
        02202025 00000074   47		move	$4, $17
        a62e001a 00000078   48		sh	$14, 26($17)
        0c000000 0000007c   49		jal	WM_InvalidateArea
        a6700018 00000080   50		sh	$16, 24($19)
                            51	.L4:
        0c000000 00000084   52		jal	GUI_Unlock
        00000000 00000088   53		nop
                            54	 #	    .ef
        8fb10004 0000008c   55		lw	$17, 4($sp)
        8fb00000 00000090   56		lw	$16, 0($sp)
        8fbf0014 00000094   57		lw	$ra, 20($sp)

                                   Tue Apr 07 08:50:17 2015           Page 3
                                   Tue Apr 07 08:50:17 2015        gh_2i0h.s
        8fb20008 00000098   58		lw	$18, 8($sp)
        8fb3000c 0000009c   59		lw	$19, 12($sp)
        03e00008 000000a0   60		jr	$ra
        27bd0018 000000a4   61		addiu	$sp, $sp, 24
                            62		.type	WM_BringToBottom,@function
                            63		.size	WM_BringToBottom,.-WM_BringToBottom
                            64		.align	4
                            65	 #hPrev	$18	local
                            66	 #pWin	$17	local
                            67	 #pParent	$19	local
                            68	
                            69	 #hWin	$16	param
                            70	
                            71		.data
                            72	.L28:
                            73		.text
                            74		.align	4
                            75	
                            76		.data
                            77		.text
