
                                   Tue Apr 07 08:50:25 2015           Page 1
                                   Tue Apr 07 08:50:24 2015        gh_2i0l.s
Command Line:   C:\GHS\V35\mips35\asmips.exe -noundefined -elf -b0
                -IC:\local\Workspace\DC_V04.01.00_int\cu3x1Platform_SRC\emWinColour
                -IC:\local\Workspace\DC_V04.01.00_int\cu3x1App_SRC\MPC_control\source\include
                -IC:\local\Workspace\DC_V04.01.00_int\cu3x1Platform_SRC\platform\common
                -IC:\local\Workspace\DC_V04.01.00_int\cu3x1Platform_SRC\platform\hardware
                -IC:\local\Workspace\DC_V04.01.00_int\cu3x1Platform_SRC\platform\hardware\D3018X
                -IC:\local\Workspace\DC_V04.01.00_int\cu3x1Platform_SRC\embos\inc
                -IC:\local\Workspace\DC_V04.01.00_int\cu3x1Platform_SRC\emWinColour\config
                -IC:\local\Workspace\DC_V04.01.00_int\cu3x1Platform_SRC\emWinColour\gui\ConvertMono
                -IC:\local\Workspace\DC_V04.01.00_int\cu3x1Platform_SRC\emWinColour\gui\Core
                -IC:\local\Workspace\DC_V04.01.00_int\cu3x1Platform_SRC\emWinColour\gui\Font
                -IC:\local\Workspace\DC_V04.01.00_int\cu3x1Platform_SRC\emWinColour\gui\LCDDriver
                -IC:\local\Workspace\DC_V04.01.00_int\cu3x1Platform_SRC\emWinColour\gui\MemDev
                -IC:\local\Workspace\DC_V04.01.00_int\cu3x1Platform_SRC\emWinColour\gui\VNC
                -IC:\local\Workspace\DC_V04.01.00_int\cu3x1Platform_SRC\emWinColour\gui\Widget
                -IC:\local\Workspace\DC_V04.01.00_int\cu3x1Platform_SRC\emWinColour\gui\wm
                -IC:\local\Workspace\DC_V04.01.00_int\cu3x1App_SRC\Control\source
                -IC:\local\Workspace\DC_V04.01.00_int\cu3x1App_SRC\Control\source\include
                -IC:\local\Workspace\DC_V04.01.00_int\cu3x1App_SRC\Control\source\util
                -IC:\local\Workspace\DC_V04.01.00_int\cu3x1App_SRC\Control\source\datapoint
                -IC:\local\Workspace\DC_V04.01.00_int\cu3x1App_SRC\Control\source\factory
                -IC:\local\Workspace\DC_V04.01.00_int\cu3x1Platform_SRC\platform\include
                -IC:\local\Workspace\DC_V04.01.00_int\cu3x1Platform_SRC\embos
                -IC:\local\Workspace\DC_V04.01.00_int\cu3x1Platform_SRC\emWinColour\gui\core
                -IC:\local\Workspace\DC_V04.01.00_int\cu3x1App_SRC\Control\source\rtip\webpage
                -IC:\local\Workspace\DC_V04.01.00_int\cu3x1App_SRC\Control\source\rtip\config
                -IC:\local\Workspace\DC_V04.01.00_int\cu3x1App_SRC\Control\source\rtip\xnet
                -IC:\local\Workspace\DC_V04.01.00_int\cu3x1App_SRC\Control\source\stub
                -IC:\local\Workspace\DC_V04.01.00_int\cu3x1App_SRC\Control\source\test
                -IC:\local\Workspace\DC_V04.01.00_int\cu3x1App_SRC\Control\source\GENIpro
                -IC:\local\Workspace\DC_V04.01.00_int\cu3x1App_SRC\Control\source\GENIpro\GENI_sys
                -IC:\local\Workspace\DC_V04.01.00_int\cu3x1App_SRC\Control\source\GENIpro\GENIusb\emUSB\USB\Driver
                -IC:\local\Workspace\DC_V04.01.00_int\cu3x1App_SRC\Control\source\application\intercom
                -IC:\local\Workspace\DC_V04.01.00_int\cu3x1App_SRC\Control\source\application\controller
                -IC:\local\Workspace\DC_V04.01.00_int\cu3x1App_SRC\Control\source\application\driver
                -IC:\local\Workspace\DC_V04.01.00_int\cu3x1App_SRC\Control\source\application\webif
                -IC:\local\Workspace\DC_V04.01.00_int\cu3x1App_SRC\Control\source\application\relay
                -IC:\local\Workspace\DC_V04.01.00_int\cu3x1App_SRC\Control\source\application\GENIApp
                -IC:\local\Workspace\DC_V04.01.00_int\cu3x1App_SRC\Control\source\application\alarm
                -IC:\local\Workspace\DC_V04.01.00_int\cu3x1App_SRC\Control\source\application\config
                -IC:\local\Workspace\DC_V04.01.00_int\cu3x1App_SRC\Control\source\application\AnaInConfigCtrl
                -IC:\local\Workspace\DC_V04.01.00_int\cu3x1App_SRC\Control\source\application\Sms
                -IC:\local\Workspace\DC_V04.01.00_int\cu3x1App_SRC\Control\source\application\display
                -IC:\local\Workspace\DC_V04.01.00_int\cu3x1App_SRC\Control\source\application\display\display_task
                -IC:\local\Workspace\DC_V04.01.00_int\cu3x1App_SRC\Control\source\application\display\gui_utility
                -IC:\local\Workspace\DC_V04.01.00_int\cu3x1App_SRC\Control\source\application\display\mpcunit
                -IC:\local\Workspace\DC_V04.01.00_int\cu3x1App_SRC\Control\source\GeniPro
                -IC:\local\Workspace\DC_V04.01.00_int\cu3x1App_SRC\Control\source\GeniPro\GENI_sys
                -IC:\local\Workspace\DC_V04.01.00_int\cu3x1App_SRC\Control\source\GeniPro\GENIbus
                -IC:\local\Workspace\DC_V04.01.00_int\cu3x1App_SRC\Control\source\GeniPro\GENIcom
                -IC:\local\Workspace\DC_V04.01.00_int\cu3x1App_SRC\Control\source\GeniPro\GENIrs232
                -IC:\local\Workspace\DC_V04.01.00_int\cu3x1App_SRC\Control\source\GeniPro\Virtual
                -IC:\local\Workspace\DC_V04.01.00_int\cu3x1Platform_SRC\Platform\common
                -IC:\local\Workspace\DC_V04.01.00_int\cu3x1Platform_SRC\Platform\hardware
                -IC:\local\Workspace\DC_V04.01.00_int\cu3x1Platform_SRC\Platform\hardware\D3018X
                -IC:\local\Workspace\DC_V04.01.00_int\cu3x1App_SRC\Control\source\application\display\imagesTFT
                -IC:\GHS\V35\mips35\mipsl_sf -r4121 -source=WM_CriticalHandle.c
                -o objs\gh_2i0l.o -list=objs\WM_CriticalHandle.lst
                C:\Users\55602\AppData\Local\Temp\gh_2i0l.s
Source File:    C:\Users\55602\AppData\Local\Temp\gh_2i0l.s
Directory:      C:\local\Workspace\DC_V04.01.00_int\cu3x1App_SRC\Control\source
Host OS:        GHS_WIN32
Version:        AS-MIPS 3.5#11 
Release:        MULTI 2000, MIPS v3.5
Revision Date:  Wed Feb 27 12:19:03 2002
Release Date:   Sat Mar 02 02:57:59 2002
                             1	 #Source File:   C:\local\Workspace\DC_V04.01.00_int\cu3x1Platform_SRC\emWinColour\GUI\WM\WM_CriticalHandle.c

                                   Tue Apr 07 08:50:25 2015           Page 2
                                   Tue Apr 07 08:50:24 2015        gh_2i0l.s
                             2	 #Directory:     
                             3	 #		C:\local\Workspace\DC_V04.01.00_int\cu3x1App_SRC\Control\source
                             4	 #Compile Date:  Tue Apr 07 08:50:24 2015
                             5	 #Host OS:       Win32
                             6	 #Version:       C-MIPS 3.5#11 RELEASE VERSION
                             7	 #Release:       MULTI 2000, MIPS v3.5
                             8	 #Revision Date: Fri Mar 01 11:32:40 2002
                             9	 #Release Date:  Sat Mar 02 02:58:48 2002
                            10		.set	noat
                            11		.set	noreorder
                            12		.set	nomacro
                            13		.text
                            14		.align	4
                            15		.globl	WM__AddCriticalHandle
                            16	WM__AddCriticalHandle:
        8f990000 00000000   17		lw	$25, %sdaoff(WM__pFirstCriticalHandle)($28)
                            18	 #	    .bf
                            19	 #	    .ef
        af840000 00000004   20		sw	$4, %sdaoff(WM__pFirstCriticalHandle)($28)
        03e00008 00000008   21		jr	$ra
        ac990000 0000000c   22		sw	$25, 0($4)
                            23		.type	WM__AddCriticalHandle,@function
                            24		.size	WM__AddCriticalHandle,.-WM__AddCriticalHandle
                            25		.align	4
                            26	
                            27	 #pCriticalHandle	$4	param
                            28	
                            29		.data
                            30	.L15:
                            31		.text
                            32		.align	4
                            33		.align	4
                            34		.globl	WM__RemoveCriticalHandle
                            35	WM__RemoveCriticalHandle:
        8f830000 00000010   36		lw	$3, %sdaoff(WM__pFirstCriticalHandle)($28)
                            37	 #	    .bf
        10600013 00000014   38		beq	$3, $0, .L21
        00000000 00000018   39		nop
        10600011 0000001c   40		beq	$3, $0, .L21
        34020000 00000020   41		ori	$2, $0, 0
                            42	.L27:
        5464000c 00000024   43		bnel	$3, $4, .L1000029
        00601025 00000028   44		move	$2, $3
        50400004 0000002c   45		beql	$2, $0, .L1000031
        8c630000 00000030   46		lw	$3, 0($3)
        8c6e0000 00000034   47		lw	$14, 0($3)
        03e00008 00000038   48		jr	$ra
        ac4e0000 0000003c   49		sw	$14, 0($2)
                            50	.L1000031:
        10600003 00000040   51		beq	$3, $0, .L34
        00000000 00000044   52		nop
        03e00008 00000048   53		jr	$ra
        af830000 0000004c   54		sw	$3, %sdaoff(WM__pFirstCriticalHandle)($28)
                            55	.L34:
        03e00008 00000050   56		jr	$ra
        af800000 00000054   57		sw	$0, %sdaoff(WM__pFirstCriticalHandle)($28)

                                   Tue Apr 07 08:50:25 2015           Page 3
                                   Tue Apr 07 08:50:24 2015        gh_2i0l.s
                            58	.L1000029:
        8c630000 00000058   59		lw	$3, 0($3)
        1460fff1 0000005c   60		bne	$3, $0, .L27
        00000000 00000060   61		nop
                            62	.L21:
                            63	 #	    .ef
        03e00008 00000064   64		jr	$ra
        00000000 00000068   65		nop
                            66		.type	WM__RemoveCriticalHandle,@function
                            67		.size	WM__RemoveCriticalHandle,.-WM__RemoveCriticalHandle
                            68		.align	4
                            69	 #pCH	$3	local
                            70	 #pLast	$2	local
                            71	
                            72	 #pCriticalHandle	$4	param
                            73	
                            74		.data
                            75	.L77:
                            76		.text
                            77		.align	4
                            78	 #WM__pFirstCriticalHandle	%sdaoff(WM__pFirstCriticalHandle)	import
                            79	
                            80		.data
                            81		.text
