
                                   Tue Apr 07 08:50:23 2015           Page 1
                                   Tue Apr 07 08:50:23 2015        gh_2i0k.s
Command Line:   C:\GHS\V35\mips35\asmips.exe -noundefined -elf -b0
                -IC:\local\Workspace\DC_V04.01.00_int\cu3x1Platform_SRC\emWinColour
                -IC:\local\Workspace\DC_V04.01.00_int\cu3x1App_SRC\MPC_control\source\include
                -IC:\local\Workspace\DC_V04.01.00_int\cu3x1Platform_SRC\platform\common
                -IC:\local\Workspace\DC_V04.01.00_int\cu3x1Platform_SRC\platform\hardware
                -IC:\local\Workspace\DC_V04.01.00_int\cu3x1Platform_SRC\platform\hardware\D3018X
                -IC:\local\Workspace\DC_V04.01.00_int\cu3x1Platform_SRC\embos\inc
                -IC:\local\Workspace\DC_V04.01.00_int\cu3x1Platform_SRC\emWinColour\config
                -IC:\local\Workspace\DC_V04.01.00_int\cu3x1Platform_SRC\emWinColour\gui\ConvertMono
                -IC:\local\Workspace\DC_V04.01.00_int\cu3x1Platform_SRC\emWinColour\gui\Core
                -IC:\local\Workspace\DC_V04.01.00_int\cu3x1Platform_SRC\emWinColour\gui\Font
                -IC:\local\Workspace\DC_V04.01.00_int\cu3x1Platform_SRC\emWinColour\gui\LCDDriver
                -IC:\local\Workspace\DC_V04.01.00_int\cu3x1Platform_SRC\emWinColour\gui\MemDev
                -IC:\local\Workspace\DC_V04.01.00_int\cu3x1Platform_SRC\emWinColour\gui\VNC
                -IC:\local\Workspace\DC_V04.01.00_int\cu3x1Platform_SRC\emWinColour\gui\Widget
                -IC:\local\Workspace\DC_V04.01.00_int\cu3x1Platform_SRC\emWinColour\gui\wm
                -IC:\local\Workspace\DC_V04.01.00_int\cu3x1App_SRC\Control\source
                -IC:\local\Workspace\DC_V04.01.00_int\cu3x1App_SRC\Control\source\include
                -IC:\local\Workspace\DC_V04.01.00_int\cu3x1App_SRC\Control\source\util
                -IC:\local\Workspace\DC_V04.01.00_int\cu3x1App_SRC\Control\source\datapoint
                -IC:\local\Workspace\DC_V04.01.00_int\cu3x1App_SRC\Control\source\factory
                -IC:\local\Workspace\DC_V04.01.00_int\cu3x1Platform_SRC\platform\include
                -IC:\local\Workspace\DC_V04.01.00_int\cu3x1Platform_SRC\embos
                -IC:\local\Workspace\DC_V04.01.00_int\cu3x1Platform_SRC\emWinColour\gui\core
                -IC:\local\Workspace\DC_V04.01.00_int\cu3x1App_SRC\Control\source\rtip\webpage
                -IC:\local\Workspace\DC_V04.01.00_int\cu3x1App_SRC\Control\source\rtip\config
                -IC:\local\Workspace\DC_V04.01.00_int\cu3x1App_SRC\Control\source\rtip\xnet
                -IC:\local\Workspace\DC_V04.01.00_int\cu3x1App_SRC\Control\source\stub
                -IC:\local\Workspace\DC_V04.01.00_int\cu3x1App_SRC\Control\source\test
                -IC:\local\Workspace\DC_V04.01.00_int\cu3x1App_SRC\Control\source\GENIpro
                -IC:\local\Workspace\DC_V04.01.00_int\cu3x1App_SRC\Control\source\GENIpro\GENI_sys
                -IC:\local\Workspace\DC_V04.01.00_int\cu3x1App_SRC\Control\source\GENIpro\GENIusb\emUSB\USB\Driver
                -IC:\local\Workspace\DC_V04.01.00_int\cu3x1App_SRC\Control\source\application\intercom
                -IC:\local\Workspace\DC_V04.01.00_int\cu3x1App_SRC\Control\source\application\controller
                -IC:\local\Workspace\DC_V04.01.00_int\cu3x1App_SRC\Control\source\application\driver
                -IC:\local\Workspace\DC_V04.01.00_int\cu3x1App_SRC\Control\source\application\webif
                -IC:\local\Workspace\DC_V04.01.00_int\cu3x1App_SRC\Control\source\application\relay
                -IC:\local\Workspace\DC_V04.01.00_int\cu3x1App_SRC\Control\source\application\GENIApp
                -IC:\local\Workspace\DC_V04.01.00_int\cu3x1App_SRC\Control\source\application\alarm
                -IC:\local\Workspace\DC_V04.01.00_int\cu3x1App_SRC\Control\source\application\config
                -IC:\local\Workspace\DC_V04.01.00_int\cu3x1App_SRC\Control\source\application\AnaInConfigCtrl
                -IC:\local\Workspace\DC_V04.01.00_int\cu3x1App_SRC\Control\source\application\Sms
                -IC:\local\Workspace\DC_V04.01.00_int\cu3x1App_SRC\Control\source\application\display
                -IC:\local\Workspace\DC_V04.01.00_int\cu3x1App_SRC\Control\source\application\display\display_task
                -IC:\local\Workspace\DC_V04.01.00_int\cu3x1App_SRC\Control\source\application\display\gui_utility
                -IC:\local\Workspace\DC_V04.01.00_int\cu3x1App_SRC\Control\source\application\display\mpcunit
                -IC:\local\Workspace\DC_V04.01.00_int\cu3x1App_SRC\Control\source\GeniPro
                -IC:\local\Workspace\DC_V04.01.00_int\cu3x1App_SRC\Control\source\GeniPro\GENI_sys
                -IC:\local\Workspace\DC_V04.01.00_int\cu3x1App_SRC\Control\source\GeniPro\GENIbus
                -IC:\local\Workspace\DC_V04.01.00_int\cu3x1App_SRC\Control\source\GeniPro\GENIcom
                -IC:\local\Workspace\DC_V04.01.00_int\cu3x1App_SRC\Control\source\GeniPro\GENIrs232
                -IC:\local\Workspace\DC_V04.01.00_int\cu3x1App_SRC\Control\source\GeniPro\Virtual
                -IC:\local\Workspace\DC_V04.01.00_int\cu3x1Platform_SRC\Platform\common
                -IC:\local\Workspace\DC_V04.01.00_int\cu3x1Platform_SRC\Platform\hardware
                -IC:\local\Workspace\DC_V04.01.00_int\cu3x1Platform_SRC\Platform\hardware\D3018X
                -IC:\local\Workspace\DC_V04.01.00_int\cu3x1App_SRC\Control\source\application\display\imagesTFT
                -IC:\GHS\V35\mips35\mipsl_sf -r4121 -source=WM_CheckScrollPos.c
                -o objs\gh_2i0k.o -list=objs\WM_CheckScrollPos.lst
                C:\Users\55602\AppData\Local\Temp\gh_2i0k.s
Source File:    C:\Users\55602\AppData\Local\Temp\gh_2i0k.s
Directory:      C:\local\Workspace\DC_V04.01.00_int\cu3x1App_SRC\Control\source
Host OS:        GHS_WIN32
Version:        AS-MIPS 3.5#11 
Release:        MULTI 2000, MIPS v3.5
Revision Date:  Wed Feb 27 12:19:03 2002
Release Date:   Sat Mar 02 02:57:59 2002
                             1	 #Source File:   C:\local\Workspace\DC_V04.01.00_int\cu3x1Platform_SRC\emWinColour\GUI\WM\WM_CheckScrollPos.c

                                   Tue Apr 07 08:50:23 2015           Page 2
                                   Tue Apr 07 08:50:23 2015        gh_2i0k.s
                             2	 #Directory:     
                             3	 #		C:\local\Workspace\DC_V04.01.00_int\cu3x1App_SRC\Control\source
                             4	 #Compile Date:  Tue Apr 07 08:50:23 2015
                             5	 #Host OS:       Win32
                             6	 #Version:       C-MIPS 3.5#11 RELEASE VERSION
                             7	 #Release:       MULTI 2000, MIPS v3.5
                             8	 #Revision Date: Fri Mar 01 11:32:40 2002
                             9	 #Release Date:  Sat Mar 02 02:58:48 2002
                            10		.set	noat
                            11		.set	noreorder
                            12		.set	nomacro
                            13		.text
                            14		.align	4
                            15		.globl	WM_CheckScrollBounds
                            16	WM_CheckScrollBounds:
        8c830008 00000000   17		lw	$3, 8($4)
                            18	 #	    .bf
        8c990000 00000004   19		lw	$25, 0($4)
        03231823 00000008   20		subu	$3, $25, $3
        04620001 0000000c   21		bltzl	$3, .L4
        34030000 00000010   22		ori	$3, $0, 0
                            23	.L4:
        8c8f0004 00000014   24		lw	$15, 4($4)
        05e20001 00000018   25		bltzl	$15, .L6
        ac800004 0000001c   26		sw	$0, 4($4)
                            27	.L6:
        8c990004 00000020   28		lw	$25, 4($4)
        0079c02a 00000024   29		slt	$24, $3, $25
        57000001 00000028   30		bnel	$24, $0, .L2
        ac830004 0000002c   31		sw	$3, 4($4)
                            32	.L2:
                            33	 #	    .ef
        03e00008 00000030   34		jr	$ra
        00000000 00000034   35		nop
                            36		.type	WM_CheckScrollBounds,@function
                            37		.size	WM_CheckScrollBounds,.-WM_CheckScrollBounds
                            38		.align	4
                            39	 #Max	$3	local
                            40	
                            41	 #pScrollState	$4	param
                            42	
                            43		.data
                            44	.L36:
                            45		.text
                            46		.align	4
                            47		.align	4
                            48		.globl	WM_CheckScrollPos
                            49	WM_CheckScrollPos:
        27bdfff0 00000038   50		addiu	$sp, $sp, -16
        afbf000c 0000003c   51		sw	$ra, 12($sp)
        afb10004 00000040   52		sw	$17, 4($sp)
        afb00000 00000044   53		sw	$16, 0($sp)
        00808025 00000048   54		move	$16, $4
                            55	 #	    .bf
        8e030008 0000004c   56		lw	$3, 8($16)
        8e110004 00000050   57		lw	$17, 4($16)

                                   Tue Apr 07 08:50:23 2015           Page 3
                                   Tue Apr 07 08:50:23 2015        gh_2i0k.s
        0223c821 00000054   58		addu	$25, $17, $3
        2739ffff 00000058   59		addiu	$25, $25, -1
        0325782a 0000005c   60		slt	$15, $25, $5
        11e00004 00000060   61		beq	$15, $0, .L56
        24ae0001 00000064   62		addiu	$14, $5, 1
        01c36823 00000068   63		subu	$13, $14, $3
        01a7c821 0000006c   64		addu	$25, $13, $7
        ae190004 00000070   65		sw	$25, 4($16)
                            66	.L56:
        8e180004 00000074   67		lw	$24, 4($16)
        00b8782a 00000078   68		slt	$15, $5, $24
        11e00002 0000007c   69		beq	$15, $0, .L58
        00a67023 00000080   70		subu	$14, $5, $6
        ae0e0004 00000084   71		sw	$14, 4($16)
                            72	.L58:
        0c000000 00000088   73		jal	WM_CheckScrollBounds
        02002025 0000008c   74		move	$4, $16
                            75	 #	    .ef
        8e0d0004 00000090   76		lw	$13, 4($16)
        8fb00000 00000094   77		lw	$16, 0($sp)
        8fbf000c 00000098   78		lw	$ra, 12($sp)
        01b11023 0000009c   79		subu	$2, $13, $17
        8fb10004 000000a0   80		lw	$17, 4($sp)
        03e00008 000000a4   81		jr	$ra
        27bd0010 000000a8   82		addiu	$sp, $sp, 16
                            83		.type	WM_CheckScrollPos,@function
                            84		.size	WM_CheckScrollPos,.-WM_CheckScrollPos
                            85		.align	4
                            86	 #vOld	$17	local
                            87	
                            88	 #pScrollState	$16	param
                            89	 #Pos	$5	param
                            90	 #LowerDist	$6	param
                            91	 #UpperDist	$7	param
                            92	
                            93		.data
                            94	.L83:
                            95		.text
                            96		.align	4
                            97		.align	4
                            98		.globl	WM_SetScrollValue
                            99	WM_SetScrollValue:
        27bdfff0 000000ac  100		addiu	$sp, $sp, -16
        afbf000c 000000b0  101		sw	$ra, 12($sp)
        afb10004 000000b4  102		sw	$17, 4($sp)
        afb00000 000000b8  103		sw	$16, 0($sp)
                           104	 #	    .bf
        8c910004 000000bc  105		lw	$17, 4($4)
        ac850004 000000c0  106		sw	$5, 4($4)
        0c000000 000000c4  107		jal	WM_CheckScrollBounds
        00808025 000000c8  108		move	$16, $4
                           109	 #	    .ef
        8e190004 000000cc  110		lw	$25, 4($16)
        8fb00000 000000d0  111		lw	$16, 0($sp)
        8fbf000c 000000d4  112		lw	$ra, 12($sp)
        03311023 000000d8  113		subu	$2, $25, $17

                                   Tue Apr 07 08:50:23 2015           Page 4
                                   Tue Apr 07 08:50:23 2015        gh_2i0k.s
        8fb10004 000000dc  114		lw	$17, 4($sp)
        03e00008 000000e0  115		jr	$ra
        27bd0010 000000e4  116		addiu	$sp, $sp, 16
                           117		.type	WM_SetScrollValue,@function
                           118		.size	WM_SetScrollValue,.-WM_SetScrollValue
                           119		.align	4
                           120	 #vOld	$17	local
                           121	
                           122	 #pScrollState	$16	param
                           123	 #v	$5	param
                           124	
                           125		.data
                           126	.L110:
                           127		.text
                           128		.align	4
                           129	
                           130		.data
                           131		.text
