
                                   Tue Apr 07 08:51:03 2015           Page 1
                                   Tue Apr 07 08:51:02 2015       gh_2i01g.s
Command Line:   C:\GHS\V35\mips35\asmips.exe -noundefined -elf -b0
                -IC:\local\Workspace\DC_V04.01.00_int\cu3x1Platform_SRC\emWinColour
                -IC:\local\Workspace\DC_V04.01.00_int\cu3x1App_SRC\MPC_control\source\include
                -IC:\local\Workspace\DC_V04.01.00_int\cu3x1Platform_SRC\platform\common
                -IC:\local\Workspace\DC_V04.01.00_int\cu3x1Platform_SRC\platform\hardware
                -IC:\local\Workspace\DC_V04.01.00_int\cu3x1Platform_SRC\platform\hardware\D3018X
                -IC:\local\Workspace\DC_V04.01.00_int\cu3x1Platform_SRC\embos\inc
                -IC:\local\Workspace\DC_V04.01.00_int\cu3x1Platform_SRC\emWinColour\config
                -IC:\local\Workspace\DC_V04.01.00_int\cu3x1Platform_SRC\emWinColour\gui\ConvertMono
                -IC:\local\Workspace\DC_V04.01.00_int\cu3x1Platform_SRC\emWinColour\gui\Core
                -IC:\local\Workspace\DC_V04.01.00_int\cu3x1Platform_SRC\emWinColour\gui\Font
                -IC:\local\Workspace\DC_V04.01.00_int\cu3x1Platform_SRC\emWinColour\gui\LCDDriver
                -IC:\local\Workspace\DC_V04.01.00_int\cu3x1Platform_SRC\emWinColour\gui\MemDev
                -IC:\local\Workspace\DC_V04.01.00_int\cu3x1Platform_SRC\emWinColour\gui\VNC
                -IC:\local\Workspace\DC_V04.01.00_int\cu3x1Platform_SRC\emWinColour\gui\Widget
                -IC:\local\Workspace\DC_V04.01.00_int\cu3x1Platform_SRC\emWinColour\gui\wm
                -IC:\local\Workspace\DC_V04.01.00_int\cu3x1App_SRC\Control\source
                -IC:\local\Workspace\DC_V04.01.00_int\cu3x1App_SRC\Control\source\include
                -IC:\local\Workspace\DC_V04.01.00_int\cu3x1App_SRC\Control\source\util
                -IC:\local\Workspace\DC_V04.01.00_int\cu3x1App_SRC\Control\source\datapoint
                -IC:\local\Workspace\DC_V04.01.00_int\cu3x1App_SRC\Control\source\factory
                -IC:\local\Workspace\DC_V04.01.00_int\cu3x1Platform_SRC\platform\include
                -IC:\local\Workspace\DC_V04.01.00_int\cu3x1Platform_SRC\embos
                -IC:\local\Workspace\DC_V04.01.00_int\cu3x1Platform_SRC\emWinColour\gui\core
                -IC:\local\Workspace\DC_V04.01.00_int\cu3x1App_SRC\Control\source\rtip\webpage
                -IC:\local\Workspace\DC_V04.01.00_int\cu3x1App_SRC\Control\source\rtip\config
                -IC:\local\Workspace\DC_V04.01.00_int\cu3x1App_SRC\Control\source\rtip\xnet
                -IC:\local\Workspace\DC_V04.01.00_int\cu3x1App_SRC\Control\source\stub
                -IC:\local\Workspace\DC_V04.01.00_int\cu3x1App_SRC\Control\source\test
                -IC:\local\Workspace\DC_V04.01.00_int\cu3x1App_SRC\Control\source\GENIpro
                -IC:\local\Workspace\DC_V04.01.00_int\cu3x1App_SRC\Control\source\GENIpro\GENI_sys
                -IC:\local\Workspace\DC_V04.01.00_int\cu3x1App_SRC\Control\source\GENIpro\GENIusb\emUSB\USB\Driver
                -IC:\local\Workspace\DC_V04.01.00_int\cu3x1App_SRC\Control\source\application\intercom
                -IC:\local\Workspace\DC_V04.01.00_int\cu3x1App_SRC\Control\source\application\controller
                -IC:\local\Workspace\DC_V04.01.00_int\cu3x1App_SRC\Control\source\application\driver
                -IC:\local\Workspace\DC_V04.01.00_int\cu3x1App_SRC\Control\source\application\webif
                -IC:\local\Workspace\DC_V04.01.00_int\cu3x1App_SRC\Control\source\application\relay
                -IC:\local\Workspace\DC_V04.01.00_int\cu3x1App_SRC\Control\source\application\GENIApp
                -IC:\local\Workspace\DC_V04.01.00_int\cu3x1App_SRC\Control\source\application\alarm
                -IC:\local\Workspace\DC_V04.01.00_int\cu3x1App_SRC\Control\source\application\config
                -IC:\local\Workspace\DC_V04.01.00_int\cu3x1App_SRC\Control\source\application\AnaInConfigCtrl
                -IC:\local\Workspace\DC_V04.01.00_int\cu3x1App_SRC\Control\source\application\Sms
                -IC:\local\Workspace\DC_V04.01.00_int\cu3x1App_SRC\Control\source\application\display
                -IC:\local\Workspace\DC_V04.01.00_int\cu3x1App_SRC\Control\source\application\display\display_task
                -IC:\local\Workspace\DC_V04.01.00_int\cu3x1App_SRC\Control\source\application\display\gui_utility
                -IC:\local\Workspace\DC_V04.01.00_int\cu3x1App_SRC\Control\source\application\display\mpcunit
                -IC:\local\Workspace\DC_V04.01.00_int\cu3x1App_SRC\Control\source\GeniPro
                -IC:\local\Workspace\DC_V04.01.00_int\cu3x1App_SRC\Control\source\GeniPro\GENI_sys
                -IC:\local\Workspace\DC_V04.01.00_int\cu3x1App_SRC\Control\source\GeniPro\GENIbus
                -IC:\local\Workspace\DC_V04.01.00_int\cu3x1App_SRC\Control\source\GeniPro\GENIcom
                -IC:\local\Workspace\DC_V04.01.00_int\cu3x1App_SRC\Control\source\GeniPro\GENIrs232
                -IC:\local\Workspace\DC_V04.01.00_int\cu3x1App_SRC\Control\source\GeniPro\Virtual
                -IC:\local\Workspace\DC_V04.01.00_int\cu3x1Platform_SRC\Platform\common
                -IC:\local\Workspace\DC_V04.01.00_int\cu3x1Platform_SRC\Platform\hardware
                -IC:\local\Workspace\DC_V04.01.00_int\cu3x1Platform_SRC\Platform\hardware\D3018X
                -IC:\local\Workspace\DC_V04.01.00_int\cu3x1App_SRC\Control\source\application\display\imagesTFT
                -IC:\GHS\V35\mips35\mipsl_sf -r4121 -source=WM_GetWindowRect.c -o
                objs\gh_2i01g.o -list=objs\WM_GetWindowRect.lst
                C:\Users\55602\AppData\Local\Temp\gh_2i01g.s
Source File:    C:\Users\55602\AppData\Local\Temp\gh_2i01g.s
Directory:      C:\local\Workspace\DC_V04.01.00_int\cu3x1App_SRC\Control\source
Host OS:        GHS_WIN32
Version:        AS-MIPS 3.5#11 
Release:        MULTI 2000, MIPS v3.5
Revision Date:  Wed Feb 27 12:19:03 2002
Release Date:   Sat Mar 02 02:57:59 2002
                             1	 #Source File:   C:\local\Workspace\DC_V04.01.00_int\cu3x1Platform_SRC\emWinColour\GUI\WM\WM_GetWindowRect.c

                                   Tue Apr 07 08:51:03 2015           Page 2
                                   Tue Apr 07 08:51:02 2015       gh_2i01g.s
                             2	 #Directory:     
                             3	 #		C:\local\Workspace\DC_V04.01.00_int\cu3x1App_SRC\Control\source
                             4	 #Compile Date:  Tue Apr 07 08:51:02 2015
                             5	 #Host OS:       Win32
                             6	 #Version:       C-MIPS 3.5#11 RELEASE VERSION
                             7	 #Release:       MULTI 2000, MIPS v3.5
                             8	 #Revision Date: Fri Mar 01 11:32:40 2002
                             9	 #Release Date:  Sat Mar 02 02:58:48 2002
                            10		.set	noat
                            11		.set	noreorder
                            12		.set	nomacro
                            13		.text
                            14		.align	4
                            15		.globl	WM_GetWindowRect
                            16	WM_GetWindowRect:
        27bdfff0 00000000   17		addiu	$sp, $sp, -16
        afbf000c 00000004   18		sw	$ra, 12($sp)
        afb00000 00000008   19		sw	$16, 0($sp)
                            20	 #	    .bf
        0c000000 0000000c   21		jal	GUI_Lock
        00808025 00000010   22		move	$16, $4
        1200001d 00000014   23		beq	$16, $0, .L4
        00000000 00000018   24		nop
        87830000 0000001c   25		lh	$3, %sdaoff(WM__hATransWindow)($28)
        50600010 00000020   26		beql	$3, $0, .L1000006
        3c010000 00000024   27		lui	$1, %hi(GUI_Context+64)
        0c000000 00000028   28		jal	GUI_ALLOC_h2p
        00602025 0000002c   29		move	$4, $3
        84430000 00000030   30		lh	$3, 0($2)
        84590002 00000034   31		lh	$25, 2($2)
        84580004 00000038   32		lh	$24, 4($2)
        84420006 0000003c   33		lh	$2, 6($2)
        a6030000 00000040   34		sh	$3, 0($16)
        a6190002 00000044   35		sh	$25, 2($16)
        a6180004 00000048   36		sh	$24, 4($16)
        0c000000 0000004c   37		jal	GUI_Unlock
        a6020006 00000050   38		sh	$2, 6($16)
        8fbf000c 00000054   39		lw	$ra, 12($sp)
        8fb00000 00000058   40		lw	$16, 0($sp)
        03e00008 0000005c   41		jr	$ra
        27bd0010 00000060   42		addiu	$sp, $sp, 16
                            43	.L1000006:
        0c000000 00000064   44		jal	GUI_ALLOC_h2p
        84240000 00000068   45		lh	$4, %lo(GUI_Context+64)($1)
        84430000 0000006c   46		lh	$3, 0($2)
        84590002 00000070   47		lh	$25, 2($2)
        84580004 00000074   48		lh	$24, 4($2)
        84420006 00000078   49		lh	$2, 6($2)
        a6030000 0000007c   50		sh	$3, 0($16)
        a6190002 00000080   51		sh	$25, 2($16)
        a6180004 00000084   52		sh	$24, 4($16)
        a6020006 00000088   53		sh	$2, 6($16)
                            54	.L4:
        0c000000 0000008c   55		jal	GUI_Unlock
        00000000 00000090   56		nop
                            57	 #	    .ef

                                   Tue Apr 07 08:51:03 2015           Page 3
                                   Tue Apr 07 08:51:02 2015       gh_2i01g.s
        8fbf000c 00000094   58		lw	$ra, 12($sp)
        8fb00000 00000098   59		lw	$16, 0($sp)
        03e00008 0000009c   60		jr	$ra
        27bd0010 000000a0   61		addiu	$sp, $sp, 16
                            62		.type	WM_GetWindowRect,@function
                            63		.size	WM_GetWindowRect,.-WM_GetWindowRect
                            64		.align	4
                            65	 #hWin	$3	local
                            66	
                            67	 #pRect	$16	param
                            68	
                            69		.data
                            70	.L35:
                            71		.text
                            72		.align	4
                            73		.align	4
                            74		.globl	WM_GetWindowRectEx
                            75	WM_GetWindowRectEx:
        27bdfff0 000000a4   76		addiu	$sp, $sp, -16
        afb10004 000000a8   77		sw	$17, 4($sp)
                            78	 #	    .bf
        00a08825 000000ac   79		move	$17, $5
        afb00000 000000b0   80		sw	$16, 0($sp)
        00048400 000000b4   81		sll	$16, $4, 16
        00108403 000000b8   82		sra	$16, $16, 16
        12000014 000000bc   83		beq	$16, $0, .L50
        afbf000c 000000c0   84		sw	$ra, 12($sp)
        52200013 000000c4   85		beql	$17, $0, .L1000050
        8fb10004 000000c8   86		lw	$17, 4($sp)
        0c000000 000000cc   87		jal	GUI_Lock
        00000000 000000d0   88		nop
        0c000000 000000d4   89		jal	GUI_ALLOC_h2p
        02002025 000000d8   90		move	$4, $16
        00401825 000000dc   91		move	$3, $2
        10600009 000000e0   92		beq	$3, $0, .L55
        00000000 000000e4   93		nop
        84620000 000000e8   94		lh	$2, 0($3)
        84790002 000000ec   95		lh	$25, 2($3)
        84780004 000000f0   96		lh	$24, 4($3)
        84630006 000000f4   97		lh	$3, 6($3)
        a6220000 000000f8   98		sh	$2, 0($17)
        a6390002 000000fc   99		sh	$25, 2($17)
        a6380004 00000100  100		sh	$24, 4($17)
        a6230006 00000104  101		sh	$3, 6($17)
                           102	.L55:
        0c000000 00000108  103		jal	GUI_Unlock
        00000000 0000010c  104		nop
                           105	.L50:
        8fb10004 00000110  106		lw	$17, 4($sp)
                           107	.L1000050:
                           108	 #	    .ef
        8fb00000 00000114  109		lw	$16, 0($sp)
        8fbf000c 00000118  110		lw	$ra, 12($sp)
        03e00008 0000011c  111		jr	$ra
        27bd0010 00000120  112		addiu	$sp, $sp, 16
                           113		.type	WM_GetWindowRectEx,@function

                                   Tue Apr 07 08:51:03 2015           Page 4
                                   Tue Apr 07 08:51:02 2015       gh_2i01g.s
                           114		.size	WM_GetWindowRectEx,.-WM_GetWindowRectEx
                           115		.align	4
                           116	 #pWin	$3	local
                           117	
                           118	 #hWin	$16	param
                           119	 #pRect	$17	param
                           120	
                           121		.data
                           122	.L80:
                           123		.text
                           124		.align	4
                           125	 #GUI_Context	GUI_Context	import
                           126	 #WM__hATransWindow	%sdaoff(WM__hATransWindow)	import
                           127	
                           128		.data
                           129		.text
