
                                   Tue Apr 07 08:50:53 2015           Page 1
                                   Tue Apr 07 08:50:52 2015       gh_2i019.s
Command Line:   C:\GHS\V35\mips35\asmips.exe -noundefined -elf -b0
                -IC:\local\Workspace\DC_V04.01.00_int\cu3x1Platform_SRC\emWinColour
                -IC:\local\Workspace\DC_V04.01.00_int\cu3x1App_SRC\MPC_control\source\include
                -IC:\local\Workspace\DC_V04.01.00_int\cu3x1Platform_SRC\platform\common
                -IC:\local\Workspace\DC_V04.01.00_int\cu3x1Platform_SRC\platform\hardware
                -IC:\local\Workspace\DC_V04.01.00_int\cu3x1Platform_SRC\platform\hardware\D3018X
                -IC:\local\Workspace\DC_V04.01.00_int\cu3x1Platform_SRC\embos\inc
                -IC:\local\Workspace\DC_V04.01.00_int\cu3x1Platform_SRC\emWinColour\config
                -IC:\local\Workspace\DC_V04.01.00_int\cu3x1Platform_SRC\emWinColour\gui\ConvertMono
                -IC:\local\Workspace\DC_V04.01.00_int\cu3x1Platform_SRC\emWinColour\gui\Core
                -IC:\local\Workspace\DC_V04.01.00_int\cu3x1Platform_SRC\emWinColour\gui\Font
                -IC:\local\Workspace\DC_V04.01.00_int\cu3x1Platform_SRC\emWinColour\gui\LCDDriver
                -IC:\local\Workspace\DC_V04.01.00_int\cu3x1Platform_SRC\emWinColour\gui\MemDev
                -IC:\local\Workspace\DC_V04.01.00_int\cu3x1Platform_SRC\emWinColour\gui\VNC
                -IC:\local\Workspace\DC_V04.01.00_int\cu3x1Platform_SRC\emWinColour\gui\Widget
                -IC:\local\Workspace\DC_V04.01.00_int\cu3x1Platform_SRC\emWinColour\gui\wm
                -IC:\local\Workspace\DC_V04.01.00_int\cu3x1App_SRC\Control\source
                -IC:\local\Workspace\DC_V04.01.00_int\cu3x1App_SRC\Control\source\include
                -IC:\local\Workspace\DC_V04.01.00_int\cu3x1App_SRC\Control\source\util
                -IC:\local\Workspace\DC_V04.01.00_int\cu3x1App_SRC\Control\source\datapoint
                -IC:\local\Workspace\DC_V04.01.00_int\cu3x1App_SRC\Control\source\factory
                -IC:\local\Workspace\DC_V04.01.00_int\cu3x1Platform_SRC\platform\include
                -IC:\local\Workspace\DC_V04.01.00_int\cu3x1Platform_SRC\embos
                -IC:\local\Workspace\DC_V04.01.00_int\cu3x1Platform_SRC\emWinColour\gui\core
                -IC:\local\Workspace\DC_V04.01.00_int\cu3x1App_SRC\Control\source\rtip\webpage
                -IC:\local\Workspace\DC_V04.01.00_int\cu3x1App_SRC\Control\source\rtip\config
                -IC:\local\Workspace\DC_V04.01.00_int\cu3x1App_SRC\Control\source\rtip\xnet
                -IC:\local\Workspace\DC_V04.01.00_int\cu3x1App_SRC\Control\source\stub
                -IC:\local\Workspace\DC_V04.01.00_int\cu3x1App_SRC\Control\source\test
                -IC:\local\Workspace\DC_V04.01.00_int\cu3x1App_SRC\Control\source\GENIpro
                -IC:\local\Workspace\DC_V04.01.00_int\cu3x1App_SRC\Control\source\GENIpro\GENI_sys
                -IC:\local\Workspace\DC_V04.01.00_int\cu3x1App_SRC\Control\source\GENIpro\GENIusb\emUSB\USB\Driver
                -IC:\local\Workspace\DC_V04.01.00_int\cu3x1App_SRC\Control\source\application\intercom
                -IC:\local\Workspace\DC_V04.01.00_int\cu3x1App_SRC\Control\source\application\controller
                -IC:\local\Workspace\DC_V04.01.00_int\cu3x1App_SRC\Control\source\application\driver
                -IC:\local\Workspace\DC_V04.01.00_int\cu3x1App_SRC\Control\source\application\webif
                -IC:\local\Workspace\DC_V04.01.00_int\cu3x1App_SRC\Control\source\application\relay
                -IC:\local\Workspace\DC_V04.01.00_int\cu3x1App_SRC\Control\source\application\GENIApp
                -IC:\local\Workspace\DC_V04.01.00_int\cu3x1App_SRC\Control\source\application\alarm
                -IC:\local\Workspace\DC_V04.01.00_int\cu3x1App_SRC\Control\source\application\config
                -IC:\local\Workspace\DC_V04.01.00_int\cu3x1App_SRC\Control\source\application\AnaInConfigCtrl
                -IC:\local\Workspace\DC_V04.01.00_int\cu3x1App_SRC\Control\source\application\Sms
                -IC:\local\Workspace\DC_V04.01.00_int\cu3x1App_SRC\Control\source\application\display
                -IC:\local\Workspace\DC_V04.01.00_int\cu3x1App_SRC\Control\source\application\display\display_task
                -IC:\local\Workspace\DC_V04.01.00_int\cu3x1App_SRC\Control\source\application\display\gui_utility
                -IC:\local\Workspace\DC_V04.01.00_int\cu3x1App_SRC\Control\source\application\display\mpcunit
                -IC:\local\Workspace\DC_V04.01.00_int\cu3x1App_SRC\Control\source\GeniPro
                -IC:\local\Workspace\DC_V04.01.00_int\cu3x1App_SRC\Control\source\GeniPro\GENI_sys
                -IC:\local\Workspace\DC_V04.01.00_int\cu3x1App_SRC\Control\source\GeniPro\GENIbus
                -IC:\local\Workspace\DC_V04.01.00_int\cu3x1App_SRC\Control\source\GeniPro\GENIcom
                -IC:\local\Workspace\DC_V04.01.00_int\cu3x1App_SRC\Control\source\GeniPro\GENIrs232
                -IC:\local\Workspace\DC_V04.01.00_int\cu3x1App_SRC\Control\source\GeniPro\Virtual
                -IC:\local\Workspace\DC_V04.01.00_int\cu3x1Platform_SRC\Platform\common
                -IC:\local\Workspace\DC_V04.01.00_int\cu3x1Platform_SRC\Platform\hardware
                -IC:\local\Workspace\DC_V04.01.00_int\cu3x1Platform_SRC\Platform\hardware\D3018X
                -IC:\local\Workspace\DC_V04.01.00_int\cu3x1App_SRC\Control\source\application\display\imagesTFT
                -IC:\GHS\V35\mips35\mipsl_sf -r4121 -source=WM_GetOrg.c -o
                objs\gh_2i019.o -list=objs\WM_GetOrg.lst
                C:\Users\55602\AppData\Local\Temp\gh_2i019.s
Source File:    C:\Users\55602\AppData\Local\Temp\gh_2i019.s
Directory:      C:\local\Workspace\DC_V04.01.00_int\cu3x1App_SRC\Control\source
Host OS:        GHS_WIN32
Version:        AS-MIPS 3.5#11 
Release:        MULTI 2000, MIPS v3.5
Revision Date:  Wed Feb 27 12:19:03 2002
Release Date:   Sat Mar 02 02:57:59 2002
                             1	 #Source File:   C:\local\Workspace\DC_V04.01.00_int\cu3x1Platform_SRC\emWinColour\GUI\WM\WM_GetOrg.c

                                   Tue Apr 07 08:50:53 2015           Page 2
                                   Tue Apr 07 08:50:52 2015       gh_2i019.s
                             2	 #Directory:     
                             3	 #		C:\local\Workspace\DC_V04.01.00_int\cu3x1App_SRC\Control\source
                             4	 #Compile Date:  Tue Apr 07 08:50:52 2015
                             5	 #Host OS:       Win32
                             6	 #Version:       C-MIPS 3.5#11 RELEASE VERSION
                             7	 #Release:       MULTI 2000, MIPS v3.5
                             8	 #Revision Date: Fri Mar 01 11:32:40 2002
                             9	 #Release Date:  Sat Mar 02 02:58:48 2002
                            10		.set	noat
                            11		.set	noreorder
                            12		.set	nomacro
                            13		.text
                            14		.align	4
                            15		.globl	WM_GetWindowOrgX
                            16	WM_GetWindowOrgX:
        27bdfff0 00000000   17		addiu	$sp, $sp, -16
        afb10004 00000004   18		sw	$17, 4($sp)
                            19	 #	    .bf
        34110000 00000008   20		ori	$17, $0, 0
        afb00000 0000000c   21		sw	$16, 0($sp)
        00048400 00000010   22		sll	$16, $4, 16
        00108403 00000014   23		sra	$16, $16, 16
        12000007 00000018   24		beq	$16, $0, .L4
        afbf000c 0000001c   25		sw	$ra, 12($sp)
        0c000000 00000020   26		jal	GUI_Lock
        00000000 00000024   27		nop
        0c000000 00000028   28		jal	GUI_ALLOC_h2p
        02002025 0000002c   29		move	$4, $16
        0c000000 00000030   30		jal	GUI_Unlock
        84510000 00000034   31		lh	$17, 0($2)
                            32	.L4:
        02201025 00000038   33		move	$2, $17
                            34	 #	    .ef
        8fb10004 0000003c   35		lw	$17, 4($sp)
        8fb00000 00000040   36		lw	$16, 0($sp)
        8fbf000c 00000044   37		lw	$ra, 12($sp)
        03e00008 00000048   38		jr	$ra
        27bd0010 0000004c   39		addiu	$sp, $sp, 16
                            40		.type	WM_GetWindowOrgX,@function
                            41		.size	WM_GetWindowOrgX,.-WM_GetWindowOrgX
                            42		.align	4
                            43	 #r	$17	local
                            44	
                            45	 #hWin	$16	param
                            46	
                            47		.data
                            48	.L23:
                            49		.text
                            50		.align	4
                            51		.align	4
                            52		.globl	WM_GetWindowOrgY
                            53	WM_GetWindowOrgY:
        27bdfff0 00000050   54		addiu	$sp, $sp, -16
        afb10004 00000054   55		sw	$17, 4($sp)
                            56	 #	    .bf
        34110000 00000058   57		ori	$17, $0, 0

                                   Tue Apr 07 08:50:53 2015           Page 3
                                   Tue Apr 07 08:50:52 2015       gh_2i019.s
        afb00000 0000005c   58		sw	$16, 0($sp)
        00048400 00000060   59		sll	$16, $4, 16
        00108403 00000064   60		sra	$16, $16, 16
        12000007 00000068   61		beq	$16, $0, .L35
        afbf000c 0000006c   62		sw	$ra, 12($sp)
        0c000000 00000070   63		jal	GUI_Lock
        00000000 00000074   64		nop
        0c000000 00000078   65		jal	GUI_ALLOC_h2p
        02002025 0000007c   66		move	$4, $16
        0c000000 00000080   67		jal	GUI_Unlock
        84510002 00000084   68		lh	$17, 2($2)
                            69	.L35:
        02201025 00000088   70		move	$2, $17
                            71	 #	    .ef
        8fb10004 0000008c   72		lw	$17, 4($sp)
        8fb00000 00000090   73		lw	$16, 0($sp)
        8fbf000c 00000094   74		lw	$ra, 12($sp)
        03e00008 00000098   75		jr	$ra
        27bd0010 0000009c   76		addiu	$sp, $sp, 16
                            77		.type	WM_GetWindowOrgY,@function
                            78		.size	WM_GetWindowOrgY,.-WM_GetWindowOrgY
                            79		.align	4
                            80	 #r	$17	local
                            81	
                            82	 #hWin	$16	param
                            83	
                            84		.data
                            85	.L54:
                            86		.text
                            87		.align	4
                            88		.align	4
                            89		.align	4
                            90		.globl	WM_GetOrgX
                            91	WM_GetOrgX:
        3c010000 000000a0   92		lui	$1, %hi(GUI_Context+64)
                            93	 #	    .bf
        08000000 000000a4   94		j	WM_GetWindowOrgX
        84240000 000000a8   95		lh	$4, %lo(GUI_Context+64)($1)
                            96	 #	    .ef
                            97		.type	WM_GetOrgX,@function
                            98		.size	WM_GetOrgX,.-WM_GetOrgX
                            99		.align	4
                           100	
                           101		.data
                           102	.L77:
                           103		.text
                           104		.align	4
                           105		.align	4
                           106		.globl	WM_GetOrgY
                           107	WM_GetOrgY:
        3c010000 000000ac  108		lui	$1, %hi(GUI_Context+64)
                           109	 #	    .bf
        08000000 000000b0  110		j	WM_GetWindowOrgY
        84240000 000000b4  111		lh	$4, %lo(GUI_Context+64)($1)
                           112	 #	    .ef
                           113		.type	WM_GetOrgY,@function

                                   Tue Apr 07 08:50:53 2015           Page 4
                                   Tue Apr 07 08:50:52 2015       gh_2i019.s
                           114		.size	WM_GetOrgY,.-WM_GetOrgY
                           115		.align	4
                           116	
                           117		.data
                           118	.L96:
                           119		.text
                           120		.align	4
                           121	 #GUI_Context	GUI_Context	import
                           122	
                           123		.data
                           124		.text
