
                                   Tue Apr 07 08:50:48 2015           Page 1
                                   Tue Apr 07 08:50:48 2015       gh_2i016.s
Command Line:   C:\GHS\V35\mips35\asmips.exe -noundefined -elf -b0
                -IC:\local\Workspace\DC_V04.01.00_int\cu3x1Platform_SRC\emWinColour
                -IC:\local\Workspace\DC_V04.01.00_int\cu3x1App_SRC\MPC_control\source\include
                -IC:\local\Workspace\DC_V04.01.00_int\cu3x1Platform_SRC\platform\common
                -IC:\local\Workspace\DC_V04.01.00_int\cu3x1Platform_SRC\platform\hardware
                -IC:\local\Workspace\DC_V04.01.00_int\cu3x1Platform_SRC\platform\hardware\D3018X
                -IC:\local\Workspace\DC_V04.01.00_int\cu3x1Platform_SRC\embos\inc
                -IC:\local\Workspace\DC_V04.01.00_int\cu3x1Platform_SRC\emWinColour\config
                -IC:\local\Workspace\DC_V04.01.00_int\cu3x1Platform_SRC\emWinColour\gui\ConvertMono
                -IC:\local\Workspace\DC_V04.01.00_int\cu3x1Platform_SRC\emWinColour\gui\Core
                -IC:\local\Workspace\DC_V04.01.00_int\cu3x1Platform_SRC\emWinColour\gui\Font
                -IC:\local\Workspace\DC_V04.01.00_int\cu3x1Platform_SRC\emWinColour\gui\LCDDriver
                -IC:\local\Workspace\DC_V04.01.00_int\cu3x1Platform_SRC\emWinColour\gui\MemDev
                -IC:\local\Workspace\DC_V04.01.00_int\cu3x1Platform_SRC\emWinColour\gui\VNC
                -IC:\local\Workspace\DC_V04.01.00_int\cu3x1Platform_SRC\emWinColour\gui\Widget
                -IC:\local\Workspace\DC_V04.01.00_int\cu3x1Platform_SRC\emWinColour\gui\wm
                -IC:\local\Workspace\DC_V04.01.00_int\cu3x1App_SRC\Control\source
                -IC:\local\Workspace\DC_V04.01.00_int\cu3x1App_SRC\Control\source\include
                -IC:\local\Workspace\DC_V04.01.00_int\cu3x1App_SRC\Control\source\util
                -IC:\local\Workspace\DC_V04.01.00_int\cu3x1App_SRC\Control\source\datapoint
                -IC:\local\Workspace\DC_V04.01.00_int\cu3x1App_SRC\Control\source\factory
                -IC:\local\Workspace\DC_V04.01.00_int\cu3x1Platform_SRC\platform\include
                -IC:\local\Workspace\DC_V04.01.00_int\cu3x1Platform_SRC\embos
                -IC:\local\Workspace\DC_V04.01.00_int\cu3x1Platform_SRC\emWinColour\gui\core
                -IC:\local\Workspace\DC_V04.01.00_int\cu3x1App_SRC\Control\source\rtip\webpage
                -IC:\local\Workspace\DC_V04.01.00_int\cu3x1App_SRC\Control\source\rtip\config
                -IC:\local\Workspace\DC_V04.01.00_int\cu3x1App_SRC\Control\source\rtip\xnet
                -IC:\local\Workspace\DC_V04.01.00_int\cu3x1App_SRC\Control\source\stub
                -IC:\local\Workspace\DC_V04.01.00_int\cu3x1App_SRC\Control\source\test
                -IC:\local\Workspace\DC_V04.01.00_int\cu3x1App_SRC\Control\source\GENIpro
                -IC:\local\Workspace\DC_V04.01.00_int\cu3x1App_SRC\Control\source\GENIpro\GENI_sys
                -IC:\local\Workspace\DC_V04.01.00_int\cu3x1App_SRC\Control\source\GENIpro\GENIusb\emUSB\USB\Driver
                -IC:\local\Workspace\DC_V04.01.00_int\cu3x1App_SRC\Control\source\application\intercom
                -IC:\local\Workspace\DC_V04.01.00_int\cu3x1App_SRC\Control\source\application\controller
                -IC:\local\Workspace\DC_V04.01.00_int\cu3x1App_SRC\Control\source\application\driver
                -IC:\local\Workspace\DC_V04.01.00_int\cu3x1App_SRC\Control\source\application\webif
                -IC:\local\Workspace\DC_V04.01.00_int\cu3x1App_SRC\Control\source\application\relay
                -IC:\local\Workspace\DC_V04.01.00_int\cu3x1App_SRC\Control\source\application\GENIApp
                -IC:\local\Workspace\DC_V04.01.00_int\cu3x1App_SRC\Control\source\application\alarm
                -IC:\local\Workspace\DC_V04.01.00_int\cu3x1App_SRC\Control\source\application\config
                -IC:\local\Workspace\DC_V04.01.00_int\cu3x1App_SRC\Control\source\application\AnaInConfigCtrl
                -IC:\local\Workspace\DC_V04.01.00_int\cu3x1App_SRC\Control\source\application\Sms
                -IC:\local\Workspace\DC_V04.01.00_int\cu3x1App_SRC\Control\source\application\display
                -IC:\local\Workspace\DC_V04.01.00_int\cu3x1App_SRC\Control\source\application\display\display_task
                -IC:\local\Workspace\DC_V04.01.00_int\cu3x1App_SRC\Control\source\application\display\gui_utility
                -IC:\local\Workspace\DC_V04.01.00_int\cu3x1App_SRC\Control\source\application\display\mpcunit
                -IC:\local\Workspace\DC_V04.01.00_int\cu3x1App_SRC\Control\source\GeniPro
                -IC:\local\Workspace\DC_V04.01.00_int\cu3x1App_SRC\Control\source\GeniPro\GENI_sys
                -IC:\local\Workspace\DC_V04.01.00_int\cu3x1App_SRC\Control\source\GeniPro\GENIbus
                -IC:\local\Workspace\DC_V04.01.00_int\cu3x1App_SRC\Control\source\GeniPro\GENIcom
                -IC:\local\Workspace\DC_V04.01.00_int\cu3x1App_SRC\Control\source\GeniPro\GENIrs232
                -IC:\local\Workspace\DC_V04.01.00_int\cu3x1App_SRC\Control\source\GeniPro\Virtual
                -IC:\local\Workspace\DC_V04.01.00_int\cu3x1Platform_SRC\Platform\common
                -IC:\local\Workspace\DC_V04.01.00_int\cu3x1Platform_SRC\Platform\hardware
                -IC:\local\Workspace\DC_V04.01.00_int\cu3x1Platform_SRC\Platform\hardware\D3018X
                -IC:\local\Workspace\DC_V04.01.00_int\cu3x1App_SRC\Control\source\application\display\imagesTFT
                -IC:\GHS\V35\mips35\mipsl_sf -r4121
                -source=WM_GetInsideRectExScrollbar.c -o objs\gh_2i016.o
                -list=objs\WM_GetInsideRectExScrollbar.lst
                C:\Users\55602\AppData\Local\Temp\gh_2i016.s
Source File:    C:\Users\55602\AppData\Local\Temp\gh_2i016.s
Directory:      C:\local\Workspace\DC_V04.01.00_int\cu3x1App_SRC\Control\source
Host OS:        GHS_WIN32
Version:        AS-MIPS 3.5#11 
Release:        MULTI 2000, MIPS v3.5
Revision Date:  Wed Feb 27 12:19:03 2002
Release Date:   Sat Mar 02 02:57:59 2002
                             1	 #Source File:   C:\local\Workspace\DC_V04.01.00_int\cu3x1Platform_SRC\emWinColour\GUI\WM\WM_GetInsideRectExScrollbar.c

                                   Tue Apr 07 08:50:48 2015           Page 2
                                   Tue Apr 07 08:50:48 2015       gh_2i016.s
                             2	 #Directory:     
                             3	 #		C:\local\Workspace\DC_V04.01.00_int\cu3x1App_SRC\Control\source
                             4	 #Compile Date:  Tue Apr 07 08:50:48 2015
                             5	 #Host OS:       Win32
                             6	 #Version:       C-MIPS 3.5#11 RELEASE VERSION
                             7	 #Release:       MULTI 2000, MIPS v3.5
                             8	 #Revision Date: Fri Mar 01 11:32:40 2002
                             9	 #Release Date:  Sat Mar 02 02:58:48 2002
                            10		.set	noat
                            11		.set	noreorder
                            12		.set	nomacro
                            13		.text
                            14		.align	4
                            15		.globl	WM_GetInsideRectExScrollbar
                            16	WM_GetInsideRectExScrollbar:
        27bdffc8 00000000   17		addiu	$sp, $sp, -56
        afb10004 00000004   18		sw	$17, 4($sp)
                            19	 #	    .bf
        00a08825 00000008   20		move	$17, $5
        afb50014 0000000c   21		sw	$21, 20($sp)
        afb40010 00000010   22		sw	$20, 16($sp)
        afb3000c 00000014   23		sw	$19, 12($sp)
        afb20008 00000018   24		sw	$18, 8($sp)
        afb00000 0000001c   25		sw	$16, 0($sp)
        00048400 00000020   26		sll	$16, $4, 16
        00108403 00000024   27		sra	$16, $16, 16
        12000047 00000028   28		beq	$16, $0, .L2
        afbf0034 0000002c   29		sw	$ra, 52($sp)
        12200045 00000030   30		beq	$17, $0, .L2
        02002025 00000034   31		move	$4, $16
        0c000000 00000038   32		jal	WM_GetDialogItem
        340500ff 0000003c   33		ori	$5, $0, 255
        0040a025 00000040   34		move	$20, $2
        02002025 00000044   35		move	$4, $16
        0c000000 00000048   36		jal	WM_GetDialogItem
        340500fe 0000004c   37		ori	$5, $0, 254
        00409825 00000050   38		move	$19, $2
        27b20028 00000054   39		addiu	$18, $sp, 40
        02002025 00000058   40		move	$4, $16
        0c000000 0000005c   41		jal	WM_GetWindowRectEx
        02402825 00000060   42		move	$5, $18
        27b50020 00000064   43		addiu	$21, $sp, 32
        02002025 00000068   44		move	$4, $16
        0c000000 0000006c   45		jal	WM_GetInsideRectEx
        02a02825 00000070   46		move	$5, $21
        12600016 00000074   47		beq	$19, $0, .L8
        00000000 00000078   48		nop
        27b00018 0000007c   49		addiu	$16, $sp, 24
        02602025 00000080   50		move	$4, $19
        0c000000 00000084   51		jal	WM_GetWindowRectEx
        02002825 00000088   52		move	$5, $16
        864e0000 0000008c   53		lh	$14, 0($18)
        02002025 00000090   54		move	$4, $16
        864d0002 00000094   55		lh	$13, 2($18)
        000e2823 00000098   56		subu	$5, $0, $14
        0c000000 0000009c   57		jal	GUI_MoveRect

                                   Tue Apr 07 08:50:48 2015           Page 3
                                   Tue Apr 07 08:50:48 2015       gh_2i016.s
        000d3023 000000a0   58		subu	$6, $0, $13
        0c000000 000000a4   59		jal	WM_GetFlags
        02602025 000000a8   60		move	$4, $19
        00401825 000000ac   61		move	$3, $2
        30790080 000000b0   62		andi	$25, $3, 128
        13200006 000000b4   63		beq	$25, $0, .L8
        306f0002 000000b8   64		andi	$15, $3, 2
        11e00004 000000bc   65		beq	$15, $0, .L8
        00000000 000000c0   66		nop
        86190000 000000c4   67		lh	$25, 0($16)
        2739ffff 000000c8   68		addiu	$25, $25, -1
        a6b90004 000000cc   69		sh	$25, 4($21)
                            70	.L8:
        12800015 000000d0   71		beq	$20, $0, .L13
        27b00018 000000d4   72		addiu	$16, $sp, 24
        02802025 000000d8   73		move	$4, $20
        0c000000 000000dc   74		jal	WM_GetWindowRectEx
        02002825 000000e0   75		move	$5, $16
        864f0000 000000e4   76		lh	$15, 0($18)
        02002025 000000e8   77		move	$4, $16
        864e0002 000000ec   78		lh	$14, 2($18)
        000f2823 000000f0   79		subu	$5, $0, $15
        0c000000 000000f4   80		jal	GUI_MoveRect
        000e3023 000000f8   81		subu	$6, $0, $14
        0c000000 000000fc   82		jal	WM_GetFlags
        02802025 00000100   83		move	$4, $20
        00401825 00000104   84		move	$3, $2
        306d0100 00000108   85		andi	$13, $3, 256
        11a00006 0000010c   86		beq	$13, $0, .L13
        30780002 00000110   87		andi	$24, $3, 2
        53000005 00000114   88		beql	$24, $0, .L1000013
        87a30020 00000118   89		lh	$3, 32($sp)
        860d0002 0000011c   90		lh	$13, 2($16)
        25adffff 00000120   91		addiu	$13, $13, -1
        a6ad0006 00000124   92		sh	$13, 6($21)
                            93	.L13:
        87a30020 00000128   94		lh	$3, 32($sp)
                            95	.L1000013:
        87a20022 0000012c   96		lh	$2, 34($sp)
        87b80024 00000130   97		lh	$24, 36($sp)
        87b90026 00000134   98		lh	$25, 38($sp)
        a6230000 00000138   99		sh	$3, 0($17)
        a6220002 0000013c  100		sh	$2, 2($17)
        a6380004 00000140  101		sh	$24, 4($17)
        a6390006 00000144  102		sh	$25, 6($17)
                           103	.L2:
        8fb50014 00000148  104		lw	$21, 20($sp)
                           105	 #	    .ef
        8fb40010 0000014c  106		lw	$20, 16($sp)
        8fbf0034 00000150  107		lw	$ra, 52($sp)
        8fb00000 00000154  108		lw	$16, 0($sp)
        8fb10004 00000158  109		lw	$17, 4($sp)
        8fb20008 0000015c  110		lw	$18, 8($sp)
        8fb3000c 00000160  111		lw	$19, 12($sp)
        03e00008 00000164  112		jr	$ra
        27bd0038 00000168  113		addiu	$sp, $sp, 56

                                   Tue Apr 07 08:50:48 2015           Page 4
                                   Tue Apr 07 08:50:48 2015       gh_2i016.s
                           114		.type	WM_GetInsideRectExScrollbar,@function
                           115		.size	WM_GetInsideRectExScrollbar,.-WM_GetInsideRectExScrollbar
                           116		.align	4
                           117	 #rWin	40($sp)	local
                           118	 #rInside	32($sp)	local
                           119	 #rScrollbar	24($sp)	local
                           120	 #hBarV	$19	local
                           121	 #hBarH	$20	local
                           122	 #WinFlags	$3	local
                           123	
                           124	 #hWin	$16	param
                           125	 #pRect	$17	param
                           126	
                           127		.data
                           128	.L59:
                           129		.text
                           130		.align	4
                           131	
                           132		.data
                           133		.text
