
                                   Tue Apr 07 08:51:04 2015           Page 1
                                   Tue Apr 07 08:51:04 2015       gh_2i01h.s
Command Line:   C:\GHS\V35\mips35\asmips.exe -noundefined -elf -b0
                -IC:\local\Workspace\DC_V04.01.00_int\cu3x1Platform_SRC\emWinColour
                -IC:\local\Workspace\DC_V04.01.00_int\cu3x1App_SRC\MPC_control\source\include
                -IC:\local\Workspace\DC_V04.01.00_int\cu3x1Platform_SRC\platform\common
                -IC:\local\Workspace\DC_V04.01.00_int\cu3x1Platform_SRC\platform\hardware
                -IC:\local\Workspace\DC_V04.01.00_int\cu3x1Platform_SRC\platform\hardware\D3018X
                -IC:\local\Workspace\DC_V04.01.00_int\cu3x1Platform_SRC\embos\inc
                -IC:\local\Workspace\DC_V04.01.00_int\cu3x1Platform_SRC\emWinColour\config
                -IC:\local\Workspace\DC_V04.01.00_int\cu3x1Platform_SRC\emWinColour\gui\ConvertMono
                -IC:\local\Workspace\DC_V04.01.00_int\cu3x1Platform_SRC\emWinColour\gui\Core
                -IC:\local\Workspace\DC_V04.01.00_int\cu3x1Platform_SRC\emWinColour\gui\Font
                -IC:\local\Workspace\DC_V04.01.00_int\cu3x1Platform_SRC\emWinColour\gui\LCDDriver
                -IC:\local\Workspace\DC_V04.01.00_int\cu3x1Platform_SRC\emWinColour\gui\MemDev
                -IC:\local\Workspace\DC_V04.01.00_int\cu3x1Platform_SRC\emWinColour\gui\VNC
                -IC:\local\Workspace\DC_V04.01.00_int\cu3x1Platform_SRC\emWinColour\gui\Widget
                -IC:\local\Workspace\DC_V04.01.00_int\cu3x1Platform_SRC\emWinColour\gui\wm
                -IC:\local\Workspace\DC_V04.01.00_int\cu3x1App_SRC\Control\source
                -IC:\local\Workspace\DC_V04.01.00_int\cu3x1App_SRC\Control\source\include
                -IC:\local\Workspace\DC_V04.01.00_int\cu3x1App_SRC\Control\source\util
                -IC:\local\Workspace\DC_V04.01.00_int\cu3x1App_SRC\Control\source\datapoint
                -IC:\local\Workspace\DC_V04.01.00_int\cu3x1App_SRC\Control\source\factory
                -IC:\local\Workspace\DC_V04.01.00_int\cu3x1Platform_SRC\platform\include
                -IC:\local\Workspace\DC_V04.01.00_int\cu3x1Platform_SRC\embos
                -IC:\local\Workspace\DC_V04.01.00_int\cu3x1Platform_SRC\emWinColour\gui\core
                -IC:\local\Workspace\DC_V04.01.00_int\cu3x1App_SRC\Control\source\rtip\webpage
                -IC:\local\Workspace\DC_V04.01.00_int\cu3x1App_SRC\Control\source\rtip\config
                -IC:\local\Workspace\DC_V04.01.00_int\cu3x1App_SRC\Control\source\rtip\xnet
                -IC:\local\Workspace\DC_V04.01.00_int\cu3x1App_SRC\Control\source\stub
                -IC:\local\Workspace\DC_V04.01.00_int\cu3x1App_SRC\Control\source\test
                -IC:\local\Workspace\DC_V04.01.00_int\cu3x1App_SRC\Control\source\GENIpro
                -IC:\local\Workspace\DC_V04.01.00_int\cu3x1App_SRC\Control\source\GENIpro\GENI_sys
                -IC:\local\Workspace\DC_V04.01.00_int\cu3x1App_SRC\Control\source\GENIpro\GENIusb\emUSB\USB\Driver
                -IC:\local\Workspace\DC_V04.01.00_int\cu3x1App_SRC\Control\source\application\intercom
                -IC:\local\Workspace\DC_V04.01.00_int\cu3x1App_SRC\Control\source\application\controller
                -IC:\local\Workspace\DC_V04.01.00_int\cu3x1App_SRC\Control\source\application\driver
                -IC:\local\Workspace\DC_V04.01.00_int\cu3x1App_SRC\Control\source\application\webif
                -IC:\local\Workspace\DC_V04.01.00_int\cu3x1App_SRC\Control\source\application\relay
                -IC:\local\Workspace\DC_V04.01.00_int\cu3x1App_SRC\Control\source\application\GENIApp
                -IC:\local\Workspace\DC_V04.01.00_int\cu3x1App_SRC\Control\source\application\alarm
                -IC:\local\Workspace\DC_V04.01.00_int\cu3x1App_SRC\Control\source\application\config
                -IC:\local\Workspace\DC_V04.01.00_int\cu3x1App_SRC\Control\source\application\AnaInConfigCtrl
                -IC:\local\Workspace\DC_V04.01.00_int\cu3x1App_SRC\Control\source\application\Sms
                -IC:\local\Workspace\DC_V04.01.00_int\cu3x1App_SRC\Control\source\application\display
                -IC:\local\Workspace\DC_V04.01.00_int\cu3x1App_SRC\Control\source\application\display\display_task
                -IC:\local\Workspace\DC_V04.01.00_int\cu3x1App_SRC\Control\source\application\display\gui_utility
                -IC:\local\Workspace\DC_V04.01.00_int\cu3x1App_SRC\Control\source\application\display\mpcunit
                -IC:\local\Workspace\DC_V04.01.00_int\cu3x1App_SRC\Control\source\GeniPro
                -IC:\local\Workspace\DC_V04.01.00_int\cu3x1App_SRC\Control\source\GeniPro\GENI_sys
                -IC:\local\Workspace\DC_V04.01.00_int\cu3x1App_SRC\Control\source\GeniPro\GENIbus
                -IC:\local\Workspace\DC_V04.01.00_int\cu3x1App_SRC\Control\source\GeniPro\GENIcom
                -IC:\local\Workspace\DC_V04.01.00_int\cu3x1App_SRC\Control\source\GeniPro\GENIrs232
                -IC:\local\Workspace\DC_V04.01.00_int\cu3x1App_SRC\Control\source\GeniPro\Virtual
                -IC:\local\Workspace\DC_V04.01.00_int\cu3x1Platform_SRC\Platform\common
                -IC:\local\Workspace\DC_V04.01.00_int\cu3x1Platform_SRC\Platform\hardware
                -IC:\local\Workspace\DC_V04.01.00_int\cu3x1Platform_SRC\Platform\hardware\D3018X
                -IC:\local\Workspace\DC_V04.01.00_int\cu3x1App_SRC\Control\source\application\display\imagesTFT
                -IC:\GHS\V35\mips35\mipsl_sf -r4121 -source=WM_GetWindowSize.c -o
                objs\gh_2i01h.o -list=objs\WM_GetWindowSize.lst
                C:\Users\55602\AppData\Local\Temp\gh_2i01h.s
Source File:    C:\Users\55602\AppData\Local\Temp\gh_2i01h.s
Directory:      C:\local\Workspace\DC_V04.01.00_int\cu3x1App_SRC\Control\source
Host OS:        GHS_WIN32
Version:        AS-MIPS 3.5#11 
Release:        MULTI 2000, MIPS v3.5
Revision Date:  Wed Feb 27 12:19:03 2002
Release Date:   Sat Mar 02 02:57:59 2002
                             1	 #Source File:   C:\local\Workspace\DC_V04.01.00_int\cu3x1Platform_SRC\emWinColour\GUI\WM\WM_GetWindowSize.c

                                   Tue Apr 07 08:51:04 2015           Page 2
                                   Tue Apr 07 08:51:04 2015       gh_2i01h.s
                             2	 #Directory:     
                             3	 #		C:\local\Workspace\DC_V04.01.00_int\cu3x1App_SRC\Control\source
                             4	 #Compile Date:  Tue Apr 07 08:51:04 2015
                             5	 #Host OS:       Win32
                             6	 #Version:       C-MIPS 3.5#11 RELEASE VERSION
                             7	 #Release:       MULTI 2000, MIPS v3.5
                             8	 #Revision Date: Fri Mar 01 11:32:40 2002
                             9	 #Release Date:  Sat Mar 02 02:58:48 2002
                            10		.set	noat
                            11		.set	noreorder
                            12		.set	nomacro
                            13		.text
                            14		.align	4
                            15	_GetDefaultWin:
        27bdfff8 00000000   16		addiu	$sp, $sp, -8
                            17	 #	    .bf
        00042400 00000004   18		sll	$4, $4, 16
        00042403 00000008   19		sra	$4, $4, 16
        14800004 0000000c   20		bne	$4, $0, .L4
        afbf0004 00000010   21		sw	$ra, 4($sp)
        0c000000 00000014   22		jal	WM_GetActiveWindow
        00000000 00000018   23		nop
        00402025 0000001c   24		move	$4, $2
                            25	.L4:
        8fbf0004 00000020   26		lw	$ra, 4($sp)
                            27	 #	    .ef
        27bd0008 00000024   28		addiu	$sp, $sp, 8
        03e00008 00000028   29		jr	$ra
        00801025 0000002c   30		move	$2, $4
                            31		.type	_GetDefaultWin,@function
                            32		.size	_GetDefaultWin,.-_GetDefaultWin
                            33		.align	4
                            34	
                            35	 #hWin	$4	param
                            36	
                            37		.data
                            38	.L23:
                            39		.text
                            40		.align	4
                            41		.align	4
                            42		.globl	WM__GetWindowSizeX
                            43	WM__GetWindowSizeX:
        84980004 00000030   44		lh	$24, 4($4)
                            45	 #	    .bf
                            46	 #	    .ef
        848f0000 00000034   47		lh	$15, 0($4)
        030fc823 00000038   48		subu	$25, $24, $15
        03e00008 0000003c   49		jr	$ra
        27220001 00000040   50		addiu	$2, $25, 1
                            51		.type	WM__GetWindowSizeX,@function
                            52		.size	WM__GetWindowSizeX,.-WM__GetWindowSizeX
                            53		.align	4
                            54	
                            55	 #pWin	$4	param
                            56	
                            57		.data

                                   Tue Apr 07 08:51:04 2015           Page 3
                                   Tue Apr 07 08:51:04 2015       gh_2i01h.s
                            58	.L45:
                            59		.text
                            60		.align	4
                            61		.align	4
                            62		.globl	WM__GetWindowSizeY
                            63	WM__GetWindowSizeY:
        84980006 00000044   64		lh	$24, 6($4)
                            65	 #	    .bf
                            66	 #	    .ef
        848f0002 00000048   67		lh	$15, 2($4)
        030fc823 0000004c   68		subu	$25, $24, $15
        03e00008 00000050   69		jr	$ra
        27220001 00000054   70		addiu	$2, $25, 1
                            71		.type	WM__GetWindowSizeY,@function
                            72		.size	WM__GetWindowSizeY,.-WM__GetWindowSizeY
                            73		.align	4
                            74	
                            75	 #pWin	$4	param
                            76	
                            77		.data
                            78	.L64:
                            79		.text
                            80		.align	4
                            81		.align	4
                            82		.globl	WM_GetWindowSizeX
                            83	WM_GetWindowSizeX:
        27bdfff0 00000058   84		addiu	$sp, $sp, -16
        afbf000c 0000005c   85		sw	$ra, 12($sp)
        afb00000 00000060   86		sw	$16, 0($sp)
                            87	 #	    .bf
        0c000000 00000064   88		jal	GUI_Lock
        00048400 00000068   89		sll	$16, $4, 16
        00108403 0000006c   90		sra	$16, $16, 16
        0c000000 00000070   91		jal	_GetDefaultWin
        02002025 00000074   92		move	$4, $16
        0c000000 00000078   93		jal	GUI_ALLOC_h2p
        00402025 0000007c   94		move	$4, $2
        0c000000 00000080   95		jal	WM__GetWindowSizeX
        00402025 00000084   96		move	$4, $2
        0c000000 00000088   97		jal	GUI_Unlock
        00408025 0000008c   98		move	$16, $2
                            99	 #	    .ef
        02001025 00000090  100		move	$2, $16
        8fbf000c 00000094  101		lw	$ra, 12($sp)
        8fb00000 00000098  102		lw	$16, 0($sp)
        03e00008 0000009c  103		jr	$ra
        27bd0010 000000a0  104		addiu	$sp, $sp, 16
                           105		.type	WM_GetWindowSizeX,@function
                           106		.size	WM_GetWindowSizeX,.-WM_GetWindowSizeX
                           107		.align	4
                           108	
                           109	 #hWin	$16	param
                           110	
                           111		.data
                           112	.L83:
                           113		.text

                                   Tue Apr 07 08:51:04 2015           Page 4
                                   Tue Apr 07 08:51:04 2015       gh_2i01h.s
                           114		.align	4
                           115		.align	4
                           116		.globl	WM_GetWindowSizeY
                           117	WM_GetWindowSizeY:
        27bdfff0 000000a4  118		addiu	$sp, $sp, -16
        afbf000c 000000a8  119		sw	$ra, 12($sp)
        afb00000 000000ac  120		sw	$16, 0($sp)
                           121	 #	    .bf
        0c000000 000000b0  122		jal	GUI_Lock
        00048400 000000b4  123		sll	$16, $4, 16
        00108403 000000b8  124		sra	$16, $16, 16
        0c000000 000000bc  125		jal	_GetDefaultWin
        02002025 000000c0  126		move	$4, $16
        0c000000 000000c4  127		jal	GUI_ALLOC_h2p
        00402025 000000c8  128		move	$4, $2
        0c000000 000000cc  129		jal	WM__GetWindowSizeY
        00402025 000000d0  130		move	$4, $2
        0c000000 000000d4  131		jal	GUI_Unlock
        00408025 000000d8  132		move	$16, $2
                           133	 #	    .ef
        02001025 000000dc  134		move	$2, $16
        8fbf000c 000000e0  135		lw	$ra, 12($sp)
        8fb00000 000000e4  136		lw	$16, 0($sp)
        03e00008 000000e8  137		jr	$ra
        27bd0010 000000ec  138		addiu	$sp, $sp, 16
                           139		.type	WM_GetWindowSizeY,@function
                           140		.size	WM_GetWindowSizeY,.-WM_GetWindowSizeY
                           141		.align	4
                           142	
                           143	 #hWin	$16	param
                           144	
                           145		.data
                           146	.L102:
                           147		.text
                           148		.align	4
                           149	
                           150		.data
                           151		.text
