
                                   Tue Apr 07 08:50:50 2015           Page 1
                                   Tue Apr 07 08:50:49 2015       gh_2i017.s
Command Line:   C:\GHS\V35\mips35\asmips.exe -noundefined -elf -b0
                -IC:\local\Workspace\DC_V04.01.00_int\cu3x1Platform_SRC\emWinColour
                -IC:\local\Workspace\DC_V04.01.00_int\cu3x1App_SRC\MPC_control\source\include
                -IC:\local\Workspace\DC_V04.01.00_int\cu3x1Platform_SRC\platform\common
                -IC:\local\Workspace\DC_V04.01.00_int\cu3x1Platform_SRC\platform\hardware
                -IC:\local\Workspace\DC_V04.01.00_int\cu3x1Platform_SRC\platform\hardware\D3018X
                -IC:\local\Workspace\DC_V04.01.00_int\cu3x1Platform_SRC\embos\inc
                -IC:\local\Workspace\DC_V04.01.00_int\cu3x1Platform_SRC\emWinColour\config
                -IC:\local\Workspace\DC_V04.01.00_int\cu3x1Platform_SRC\emWinColour\gui\ConvertMono
                -IC:\local\Workspace\DC_V04.01.00_int\cu3x1Platform_SRC\emWinColour\gui\Core
                -IC:\local\Workspace\DC_V04.01.00_int\cu3x1Platform_SRC\emWinColour\gui\Font
                -IC:\local\Workspace\DC_V04.01.00_int\cu3x1Platform_SRC\emWinColour\gui\LCDDriver
                -IC:\local\Workspace\DC_V04.01.00_int\cu3x1Platform_SRC\emWinColour\gui\MemDev
                -IC:\local\Workspace\DC_V04.01.00_int\cu3x1Platform_SRC\emWinColour\gui\VNC
                -IC:\local\Workspace\DC_V04.01.00_int\cu3x1Platform_SRC\emWinColour\gui\Widget
                -IC:\local\Workspace\DC_V04.01.00_int\cu3x1Platform_SRC\emWinColour\gui\wm
                -IC:\local\Workspace\DC_V04.01.00_int\cu3x1App_SRC\Control\source
                -IC:\local\Workspace\DC_V04.01.00_int\cu3x1App_SRC\Control\source\include
                -IC:\local\Workspace\DC_V04.01.00_int\cu3x1App_SRC\Control\source\util
                -IC:\local\Workspace\DC_V04.01.00_int\cu3x1App_SRC\Control\source\datapoint
                -IC:\local\Workspace\DC_V04.01.00_int\cu3x1App_SRC\Control\source\factory
                -IC:\local\Workspace\DC_V04.01.00_int\cu3x1Platform_SRC\platform\include
                -IC:\local\Workspace\DC_V04.01.00_int\cu3x1Platform_SRC\embos
                -IC:\local\Workspace\DC_V04.01.00_int\cu3x1Platform_SRC\emWinColour\gui\core
                -IC:\local\Workspace\DC_V04.01.00_int\cu3x1App_SRC\Control\source\rtip\webpage
                -IC:\local\Workspace\DC_V04.01.00_int\cu3x1App_SRC\Control\source\rtip\config
                -IC:\local\Workspace\DC_V04.01.00_int\cu3x1App_SRC\Control\source\rtip\xnet
                -IC:\local\Workspace\DC_V04.01.00_int\cu3x1App_SRC\Control\source\stub
                -IC:\local\Workspace\DC_V04.01.00_int\cu3x1App_SRC\Control\source\test
                -IC:\local\Workspace\DC_V04.01.00_int\cu3x1App_SRC\Control\source\GENIpro
                -IC:\local\Workspace\DC_V04.01.00_int\cu3x1App_SRC\Control\source\GENIpro\GENI_sys
                -IC:\local\Workspace\DC_V04.01.00_int\cu3x1App_SRC\Control\source\GENIpro\GENIusb\emUSB\USB\Driver
                -IC:\local\Workspace\DC_V04.01.00_int\cu3x1App_SRC\Control\source\application\intercom
                -IC:\local\Workspace\DC_V04.01.00_int\cu3x1App_SRC\Control\source\application\controller
                -IC:\local\Workspace\DC_V04.01.00_int\cu3x1App_SRC\Control\source\application\driver
                -IC:\local\Workspace\DC_V04.01.00_int\cu3x1App_SRC\Control\source\application\webif
                -IC:\local\Workspace\DC_V04.01.00_int\cu3x1App_SRC\Control\source\application\relay
                -IC:\local\Workspace\DC_V04.01.00_int\cu3x1App_SRC\Control\source\application\GENIApp
                -IC:\local\Workspace\DC_V04.01.00_int\cu3x1App_SRC\Control\source\application\alarm
                -IC:\local\Workspace\DC_V04.01.00_int\cu3x1App_SRC\Control\source\application\config
                -IC:\local\Workspace\DC_V04.01.00_int\cu3x1App_SRC\Control\source\application\AnaInConfigCtrl
                -IC:\local\Workspace\DC_V04.01.00_int\cu3x1App_SRC\Control\source\application\Sms
                -IC:\local\Workspace\DC_V04.01.00_int\cu3x1App_SRC\Control\source\application\display
                -IC:\local\Workspace\DC_V04.01.00_int\cu3x1App_SRC\Control\source\application\display\display_task
                -IC:\local\Workspace\DC_V04.01.00_int\cu3x1App_SRC\Control\source\application\display\gui_utility
                -IC:\local\Workspace\DC_V04.01.00_int\cu3x1App_SRC\Control\source\application\display\mpcunit
                -IC:\local\Workspace\DC_V04.01.00_int\cu3x1App_SRC\Control\source\GeniPro
                -IC:\local\Workspace\DC_V04.01.00_int\cu3x1App_SRC\Control\source\GeniPro\GENI_sys
                -IC:\local\Workspace\DC_V04.01.00_int\cu3x1App_SRC\Control\source\GeniPro\GENIbus
                -IC:\local\Workspace\DC_V04.01.00_int\cu3x1App_SRC\Control\source\GeniPro\GENIcom
                -IC:\local\Workspace\DC_V04.01.00_int\cu3x1App_SRC\Control\source\GeniPro\GENIrs232
                -IC:\local\Workspace\DC_V04.01.00_int\cu3x1App_SRC\Control\source\GeniPro\Virtual
                -IC:\local\Workspace\DC_V04.01.00_int\cu3x1Platform_SRC\Platform\common
                -IC:\local\Workspace\DC_V04.01.00_int\cu3x1Platform_SRC\Platform\hardware
                -IC:\local\Workspace\DC_V04.01.00_int\cu3x1Platform_SRC\Platform\hardware\D3018X
                -IC:\local\Workspace\DC_V04.01.00_int\cu3x1App_SRC\Control\source\application\display\imagesTFT
                -IC:\GHS\V35\mips35\mipsl_sf -r4121 -source=WM_GetInvalidRect.c
                -o objs\gh_2i017.o -list=objs\WM_GetInvalidRect.lst
                C:\Users\55602\AppData\Local\Temp\gh_2i017.s
Source File:    C:\Users\55602\AppData\Local\Temp\gh_2i017.s
Directory:      C:\local\Workspace\DC_V04.01.00_int\cu3x1App_SRC\Control\source
Host OS:        GHS_WIN32
Version:        AS-MIPS 3.5#11 
Release:        MULTI 2000, MIPS v3.5
Revision Date:  Wed Feb 27 12:19:03 2002
Release Date:   Sat Mar 02 02:57:59 2002
                             1	 #Source File:   C:\local\Workspace\DC_V04.01.00_int\cu3x1Platform_SRC\emWinColour\GUI\WM\WM_GetInvalidRect.c

                                   Tue Apr 07 08:50:50 2015           Page 2
                                   Tue Apr 07 08:50:49 2015       gh_2i017.s
                             2	 #Directory:     
                             3	 #		C:\local\Workspace\DC_V04.01.00_int\cu3x1App_SRC\Control\source
                             4	 #Compile Date:  Tue Apr 07 08:50:49 2015
                             5	 #Host OS:       Win32
                             6	 #Version:       C-MIPS 3.5#11 RELEASE VERSION
                             7	 #Release:       MULTI 2000, MIPS v3.5
                             8	 #Revision Date: Fri Mar 01 11:32:40 2002
                             9	 #Release Date:  Sat Mar 02 02:58:48 2002
                            10		.set	noat
                            11		.set	noreorder
                            12		.set	nomacro
                            13		.text
                            14		.align	4
                            15		.globl	WM_GetInvalidRect
                            16	WM_GetInvalidRect:
        27bdffe8 00000000   17		addiu	$sp, $sp, -24
        afb20008 00000004   18		sw	$18, 8($sp)
                            19	 #	    .bf
        34120000 00000008   20		ori	$18, $0, 0
        afb00000 0000000c   21		sw	$16, 0($sp)
        00048400 00000010   22		sll	$16, $4, 16
        00108403 00000014   23		sra	$16, $16, 16
        afb10004 00000018   24		sw	$17, 4($sp)
        00a08825 0000001c   25		move	$17, $5
        12000015 00000020   26		beq	$16, $0, .L4
        afbf0014 00000024   27		sw	$ra, 20($sp)
        0c000000 00000028   28		jal	GUI_Lock
        00000000 0000002c   29		nop
        0c000000 00000030   30		jal	GUI_ALLOC_h2p
        02002025 00000034   31		move	$4, $16
        00401825 00000038   32		move	$3, $2
        946f001c 0000003c   33		lhu	$15, 28($3)
        31f80020 00000040   34		andi	$24, $15, 32
        1300000a 00000044   35		beq	$24, $0, .L6
        246d0008 00000048   36		addiu	$13, $3, 8
        84630008 0000004c   37		lh	$3, 8($3)
        34120001 00000050   38		ori	$18, $0, 1
        85a20002 00000054   39		lh	$2, 2($13)
        85b90004 00000058   40		lh	$25, 4($13)
        85b80006 0000005c   41		lh	$24, 6($13)
        a6230000 00000060   42		sh	$3, 0($17)
        a6220002 00000064   43		sh	$2, 2($17)
        a6390004 00000068   44		sh	$25, 4($17)
        a6380006 0000006c   45		sh	$24, 6($17)
                            46	.L6:
        0c000000 00000070   47		jal	GUI_Unlock
        00000000 00000074   48		nop
                            49	.L4:
        02401025 00000078   50		move	$2, $18
                            51	 #	    .ef
        8fb20008 0000007c   52		lw	$18, 8($sp)
        8fb10004 00000080   53		lw	$17, 4($sp)
        8fbf0014 00000084   54		lw	$ra, 20($sp)
        8fb00000 00000088   55		lw	$16, 0($sp)
        03e00008 0000008c   56		jr	$ra
        27bd0018 00000090   57		addiu	$sp, $sp, 24

                                   Tue Apr 07 08:50:50 2015           Page 3
                                   Tue Apr 07 08:50:49 2015       gh_2i017.s
                            58		.type	WM_GetInvalidRect,@function
                            59		.size	WM_GetInvalidRect,.-WM_GetInvalidRect
                            60		.align	4
                            61	 #IsInvalid	$18	local
                            62	 #pWin	$3	local
                            63	
                            64	 #hWin	$16	param
                            65	 #pRect	$17	param
                            66	
                            67		.data
                            68	.L31:
                            69		.text
                            70		.align	4
                            71	
                            72		.data
                            73		.text
