
                                   Tue Apr 07 08:51:10 2015           Page 1
                                   Tue Apr 07 08:51:09 2015       gh_2i01l.s
Command Line:   C:\GHS\V35\mips35\asmips.exe -noundefined -elf -b0
                -IC:\local\Workspace\DC_V04.01.00_int\cu3x1Platform_SRC\emWinColour
                -IC:\local\Workspace\DC_V04.01.00_int\cu3x1App_SRC\MPC_control\source\include
                -IC:\local\Workspace\DC_V04.01.00_int\cu3x1Platform_SRC\platform\common
                -IC:\local\Workspace\DC_V04.01.00_int\cu3x1Platform_SRC\platform\hardware
                -IC:\local\Workspace\DC_V04.01.00_int\cu3x1Platform_SRC\platform\hardware\D3018X
                -IC:\local\Workspace\DC_V04.01.00_int\cu3x1Platform_SRC\embos\inc
                -IC:\local\Workspace\DC_V04.01.00_int\cu3x1Platform_SRC\emWinColour\config
                -IC:\local\Workspace\DC_V04.01.00_int\cu3x1Platform_SRC\emWinColour\gui\ConvertMono
                -IC:\local\Workspace\DC_V04.01.00_int\cu3x1Platform_SRC\emWinColour\gui\Core
                -IC:\local\Workspace\DC_V04.01.00_int\cu3x1Platform_SRC\emWinColour\gui\Font
                -IC:\local\Workspace\DC_V04.01.00_int\cu3x1Platform_SRC\emWinColour\gui\LCDDriver
                -IC:\local\Workspace\DC_V04.01.00_int\cu3x1Platform_SRC\emWinColour\gui\MemDev
                -IC:\local\Workspace\DC_V04.01.00_int\cu3x1Platform_SRC\emWinColour\gui\VNC
                -IC:\local\Workspace\DC_V04.01.00_int\cu3x1Platform_SRC\emWinColour\gui\Widget
                -IC:\local\Workspace\DC_V04.01.00_int\cu3x1Platform_SRC\emWinColour\gui\wm
                -IC:\local\Workspace\DC_V04.01.00_int\cu3x1App_SRC\Control\source
                -IC:\local\Workspace\DC_V04.01.00_int\cu3x1App_SRC\Control\source\include
                -IC:\local\Workspace\DC_V04.01.00_int\cu3x1App_SRC\Control\source\util
                -IC:\local\Workspace\DC_V04.01.00_int\cu3x1App_SRC\Control\source\datapoint
                -IC:\local\Workspace\DC_V04.01.00_int\cu3x1App_SRC\Control\source\factory
                -IC:\local\Workspace\DC_V04.01.00_int\cu3x1Platform_SRC\platform\include
                -IC:\local\Workspace\DC_V04.01.00_int\cu3x1Platform_SRC\embos
                -IC:\local\Workspace\DC_V04.01.00_int\cu3x1Platform_SRC\emWinColour\gui\core
                -IC:\local\Workspace\DC_V04.01.00_int\cu3x1App_SRC\Control\source\rtip\webpage
                -IC:\local\Workspace\DC_V04.01.00_int\cu3x1App_SRC\Control\source\rtip\config
                -IC:\local\Workspace\DC_V04.01.00_int\cu3x1App_SRC\Control\source\rtip\xnet
                -IC:\local\Workspace\DC_V04.01.00_int\cu3x1App_SRC\Control\source\stub
                -IC:\local\Workspace\DC_V04.01.00_int\cu3x1App_SRC\Control\source\test
                -IC:\local\Workspace\DC_V04.01.00_int\cu3x1App_SRC\Control\source\GENIpro
                -IC:\local\Workspace\DC_V04.01.00_int\cu3x1App_SRC\Control\source\GENIpro\GENI_sys
                -IC:\local\Workspace\DC_V04.01.00_int\cu3x1App_SRC\Control\source\GENIpro\GENIusb\emUSB\USB\Driver
                -IC:\local\Workspace\DC_V04.01.00_int\cu3x1App_SRC\Control\source\application\intercom
                -IC:\local\Workspace\DC_V04.01.00_int\cu3x1App_SRC\Control\source\application\controller
                -IC:\local\Workspace\DC_V04.01.00_int\cu3x1App_SRC\Control\source\application\driver
                -IC:\local\Workspace\DC_V04.01.00_int\cu3x1App_SRC\Control\source\application\webif
                -IC:\local\Workspace\DC_V04.01.00_int\cu3x1App_SRC\Control\source\application\relay
                -IC:\local\Workspace\DC_V04.01.00_int\cu3x1App_SRC\Control\source\application\GENIApp
                -IC:\local\Workspace\DC_V04.01.00_int\cu3x1App_SRC\Control\source\application\alarm
                -IC:\local\Workspace\DC_V04.01.00_int\cu3x1App_SRC\Control\source\application\config
                -IC:\local\Workspace\DC_V04.01.00_int\cu3x1App_SRC\Control\source\application\AnaInConfigCtrl
                -IC:\local\Workspace\DC_V04.01.00_int\cu3x1App_SRC\Control\source\application\Sms
                -IC:\local\Workspace\DC_V04.01.00_int\cu3x1App_SRC\Control\source\application\display
                -IC:\local\Workspace\DC_V04.01.00_int\cu3x1App_SRC\Control\source\application\display\display_task
                -IC:\local\Workspace\DC_V04.01.00_int\cu3x1App_SRC\Control\source\application\display\gui_utility
                -IC:\local\Workspace\DC_V04.01.00_int\cu3x1App_SRC\Control\source\application\display\mpcunit
                -IC:\local\Workspace\DC_V04.01.00_int\cu3x1App_SRC\Control\source\GeniPro
                -IC:\local\Workspace\DC_V04.01.00_int\cu3x1App_SRC\Control\source\GeniPro\GENI_sys
                -IC:\local\Workspace\DC_V04.01.00_int\cu3x1App_SRC\Control\source\GeniPro\GENIbus
                -IC:\local\Workspace\DC_V04.01.00_int\cu3x1App_SRC\Control\source\GeniPro\GENIcom
                -IC:\local\Workspace\DC_V04.01.00_int\cu3x1App_SRC\Control\source\GeniPro\GENIrs232
                -IC:\local\Workspace\DC_V04.01.00_int\cu3x1App_SRC\Control\source\GeniPro\Virtual
                -IC:\local\Workspace\DC_V04.01.00_int\cu3x1Platform_SRC\Platform\common
                -IC:\local\Workspace\DC_V04.01.00_int\cu3x1Platform_SRC\Platform\hardware
                -IC:\local\Workspace\DC_V04.01.00_int\cu3x1Platform_SRC\Platform\hardware\D3018X
                -IC:\local\Workspace\DC_V04.01.00_int\cu3x1App_SRC\Control\source\application\display\imagesTFT
                -IC:\GHS\V35\mips35\mipsl_sf -r4121
                -source=WM_IsCompletelyVisible.c -o objs\gh_2i01l.o
                -list=objs\WM_IsCompletelyVisible.lst
                C:\Users\55602\AppData\Local\Temp\gh_2i01l.s
Source File:    C:\Users\55602\AppData\Local\Temp\gh_2i01l.s
Directory:      C:\local\Workspace\DC_V04.01.00_int\cu3x1App_SRC\Control\source
Host OS:        GHS_WIN32
Version:        AS-MIPS 3.5#11 
Release:        MULTI 2000, MIPS v3.5
Revision Date:  Wed Feb 27 12:19:03 2002
Release Date:   Sat Mar 02 02:57:59 2002
                             1	 #Source File:   C:\local\Workspace\DC_V04.01.00_int\cu3x1Platform_SRC\emWinColour\GUI\WM\WM_IsCompletelyVisible.c

                                   Tue Apr 07 08:51:10 2015           Page 2
                                   Tue Apr 07 08:51:09 2015       gh_2i01l.s
                             2	 #Directory:     
                             3	 #		C:\local\Workspace\DC_V04.01.00_int\cu3x1App_SRC\Control\source
                             4	 #Compile Date:  Tue Apr 07 08:51:09 2015
                             5	 #Host OS:       Win32
                             6	 #Version:       C-MIPS 3.5#11 RELEASE VERSION
                             7	 #Release:       MULTI 2000, MIPS v3.5
                             8	 #Revision Date: Fri Mar 01 11:32:40 2002
                             9	 #Release Date:  Sat Mar 02 02:58:48 2002
                            10		.set	noat
                            11		.set	noreorder
                            12		.set	nomacro
                            13		.text
                            14		.align	4
                            15	_WindowSiblingsOverlapRect:
        27bdfff0 00000000   16		addiu	$sp, $sp, -16
        afb00000 00000004   17		sw	$16, 0($sp)
                            18	 #	    .bf
        00a08025 00000008   19		move	$16, $5
        afb10004 0000000c   20		sw	$17, 4($sp)
        00042400 00000010   21		sll	$4, $4, 16
        00042403 00000014   22		sra	$4, $4, 16
        10800015 00000018   23		beq	$4, $0, .L117
        afbf000c 0000001c   24		sw	$ra, 12($sp)
                            25	.L119:
        0c000000 00000020   26		jal	GUI_ALLOC_h2p
        00000000 00000024   27		nop
        00408825 00000028   28		move	$17, $2
        9623001c 0000002c   29		lhu	$3, 28($17)
        30790002 00000030   30		andi	$25, $3, 2
        1320000b 00000034   31		beq	$25, $0, .L118
        02002025 00000038   32		move	$4, $16
        0c000000 0000003c   33		jal	GUI_RectsIntersect
        02202825 00000040   34		move	$5, $17
        50400008 00000044   35		beql	$2, $0, .L1000118
        8624001a 00000048   36		lh	$4, 26($17)
        8fb10004 0000004c   37		lw	$17, 4($sp)
        8fb00000 00000050   38		lw	$16, 0($sp)
        8fbf000c 00000054   39		lw	$ra, 12($sp)
        27bd0010 00000058   40		addiu	$sp, $sp, 16
        03e00008 0000005c   41		jr	$ra
        34020001 00000060   42		ori	$2, $0, 1
                            43	.L118:
        8624001a 00000064   44		lh	$4, 26($17)
                            45	.L1000118:
        1480ffed 00000068   46		bne	$4, $0, .L119
        00000000 0000006c   47		nop
                            48	.L117:
        8fb10004 00000070   49		lw	$17, 4($sp)
                            50	 #	    .ef
        8fb00000 00000074   51		lw	$16, 0($sp)
        8fbf000c 00000078   52		lw	$ra, 12($sp)
        27bd0010 0000007c   53		addiu	$sp, $sp, 16
        03e00008 00000080   54		jr	$ra
        34020000 00000084   55		ori	$2, $0, 0
                            56		.type	_WindowSiblingsOverlapRect,@function
                            57		.size	_WindowSiblingsOverlapRect,.-_WindowSiblingsOverlapRect

                                   Tue Apr 07 08:51:10 2015           Page 3
                                   Tue Apr 07 08:51:09 2015       gh_2i01l.s
                            58		.align	4
                            59	 #pWin	$17	local
                            60	 #Status	$3	local
                            61	
                            62	 #iWin	$4	param
                            63	 #pRect	$16	param
                            64	
                            65		.data
                            66	.L155:
                            67		.text
                            68		.align	4
                            69		.align	4
                            70		.globl	WM_IsCompletelyVisible
                            71	WM_IsCompletelyVisible:
        27bdffe0 00000088   72		addiu	$sp, $sp, -32
        afb10004 0000008c   73		sw	$17, 4($sp)
                            74	 #	    .bf
        34110000 00000090   75		ori	$17, $0, 0
        afb20008 00000094   76		sw	$18, 8($sp)
        afb00000 00000098   77		sw	$16, 0($sp)
        00048400 0000009c   78		sll	$16, $4, 16
        00108403 000000a0   79		sra	$16, $16, 16
        1200005d 000000a4   80		beq	$16, $0, .L173
        afbf001c 000000a8   81		sw	$ra, 28($sp)
        0c000000 000000ac   82		jal	GUI_Lock
        00000000 000000b0   83		nop
        0c000000 000000b4   84		jal	GUI_ALLOC_h2p
        02002025 000000b8   85		move	$4, $16
        00408825 000000bc   86		move	$17, $2
        86230000 000000c0   87		lh	$3, 0($17)
        86220002 000000c4   88		lh	$2, 2($17)
        86390004 000000c8   89		lh	$25, 4($17)
        86380006 000000cc   90		lh	$24, 6($17)
        a7a30010 000000d0   91		sh	$3, 16($sp)
        a7a20012 000000d4   92		sh	$2, 18($sp)
        a7b90014 000000d8   93		sh	$25, 20($sp)
        a7b80016 000000dc   94		sh	$24, 22($sp)
        27b20010 000000e0   95		addiu	$18, $sp, 16
        02402025 000000e4   96		move	$4, $18
        0c000000 000000e8   97		jal	WM__ClipAtParentBorders
        02002825 000000ec   98		move	$5, $16
        5440000b 000000f0   99		bnel	$2, $0, .L1000179
        862d0000 000000f4  100		lh	$13, 0($17)
        0c000000 000000f8  101		jal	GUI_Unlock
        34110000 000000fc  102		ori	$17, $0, 0
        8fb20008 00000100  103		lw	$18, 8($sp)
        00111600 00000104  104		sll	$2, $17, 24
        8fb10004 00000108  105		lw	$17, 4($sp)
        8fbf001c 0000010c  106		lw	$ra, 28($sp)
        8fb00000 00000110  107		lw	$16, 0($sp)
        27bd0020 00000114  108		addiu	$sp, $sp, 32
        03e00008 00000118  109		jr	$ra
        00021603 0000011c  110		sra	$2, $2, 24
                           111	.L1000179:
        864e0000 00000120  112		lh	$14, 0($18)
        51cd0005 00000124  113		beql	$14, $13, .L1000181

                                   Tue Apr 07 08:51:10 2015           Page 4
                                   Tue Apr 07 08:51:09 2015       gh_2i01l.s
        862f0004 00000128  114		lh	$15, 4($17)
        08000000 0000012c  115		j	.L189
        00000000 00000130  116		nop
        08000000 00000134  117		j	.L1000190
        86240018 00000138  118		lh	$4, 24($17)
                           119	.L1000181:
        86580004 0000013c  120		lh	$24, 4($18)
        530f0005 00000140  121		beql	$24, $15, .L1000183
        86390002 00000144  122		lh	$25, 2($17)
        08000000 00000148  123		j	.L189
        00000000 0000014c  124		nop
        08000000 00000150  125		j	.L1000190
        86240018 00000154  126		lh	$4, 24($17)
                           127	.L1000183:
        864d0002 00000158  128		lh	$13, 2($18)
        51b90005 0000015c  129		beql	$13, $25, .L1000185
        862e0006 00000160  130		lh	$14, 6($17)
        08000000 00000164  131		j	.L189
        00000000 00000168  132		nop
        08000000 0000016c  133		j	.L1000190
        86240018 00000170  134		lh	$4, 24($17)
                           135	.L1000185:
        864f0006 00000174  136		lh	$15, 6($18)
        01ee6826 00000178  137		xor	$13, $15, $14
        000d182b 0000017c  138		sltu	$3, $0, $13
        5060000b 00000180  139		beql	$3, $0, .L1000190
        86240018 00000184  140		lh	$4, 24($17)
                           141	.L189:
        0c000000 00000188  142		jal	GUI_Unlock
        34110000 0000018c  143		ori	$17, $0, 0
        8fb20008 00000190  144		lw	$18, 8($sp)
        00111600 00000194  145		sll	$2, $17, 24
        8fb10004 00000198  146		lw	$17, 4($sp)
        8fbf001c 0000019c  147		lw	$ra, 28($sp)
        8fb00000 000001a0  148		lw	$16, 0($sp)
        27bd0020 000001a4  149		addiu	$sp, $sp, 32
        03e00008 000001a8  150		jr	$ra
        00021603 000001ac  151		sra	$2, $2, 24
                           152	.L1000190:
        0c000000 000001b0  153		jal	_WindowSiblingsOverlapRect
        02402825 000001b4  154		move	$5, $18
        50400005 000001b8  155		beql	$2, $0, .L1000192
        86230016 000001bc  156		lh	$3, 22($17)
        0c000000 000001c0  157		jal	GUI_Unlock
        34110000 000001c4  158		ori	$17, $0, 0
        08000000 000001c8  159		j	.L1000173
        8fb20008 000001cc  160		lw	$18, 8($sp)
                           161	.L1000192:
        02408825 000001d0  162		move	$17, $18
        1060000f 000001d4  163		beq	$3, $0, .L197
        00000000 000001d8  164		nop
                           165	.L193:
        0c000000 000001dc  166		jal	GUI_ALLOC_h2p
        00602025 000001e0  167		move	$4, $3
        00408025 000001e4  168		move	$16, $2
        8604001a 000001e8  169		lh	$4, 26($16)

                                   Tue Apr 07 08:51:10 2015           Page 5
                                   Tue Apr 07 08:51:09 2015       gh_2i01l.s
        0c000000 000001ec  170		jal	_WindowSiblingsOverlapRect
        02202825 000001f0  171		move	$5, $17
        50400005 000001f4  172		beql	$2, $0, .L1000195
        86030016 000001f8  173		lh	$3, 22($16)
        0c000000 000001fc  174		jal	GUI_Unlock
        34110000 00000200  175		ori	$17, $0, 0
        08000000 00000204  176		j	.L1000173
        8fb20008 00000208  177		lw	$18, 8($sp)
                           178	.L1000195:
        1460fff3 0000020c  179		bne	$3, $0, .L193
        00000000 00000210  180		nop
                           181	.L197:
        0c000000 00000214  182		jal	GUI_Unlock
        34110001 00000218  183		ori	$17, $0, 1
                           184	.L173:
        8fb20008 0000021c  185		lw	$18, 8($sp)
                           186	.L1000173:
                           187	 #	    .ef
        00111600 00000220  188		sll	$2, $17, 24
        8fb10004 00000224  189		lw	$17, 4($sp)
        8fbf001c 00000228  190		lw	$ra, 28($sp)
        8fb00000 0000022c  191		lw	$16, 0($sp)
        27bd0020 00000230  192		addiu	$sp, $sp, 32
        03e00008 00000234  193		jr	$ra
        00021603 00000238  194		sra	$2, $2, 24
                           195		.type	WM_IsCompletelyVisible,@function
                           196		.size	WM_IsCompletelyVisible,.-WM_IsCompletelyVisible
                           197		.align	4
                           198	 #r	$17	local
                           199	 #pWin	$17	local
                           200	 #Rect	16($sp)	local
                           201	 #pParent	$16	local
                           202	 #hParent	$3	local
                           203	
                           204	 #hWin	$16	param
                           205	
                           206		.data
                           207	.L312:
                           208		.text
                           209		.align	4
                           210	
                           211		.data
                           212		.text
