
                                   Tue Apr 07 08:51:20 2015           Page 1
                                   Tue Apr 07 08:51:20 2015       gh_2i01s.s
Command Line:   C:\GHS\V35\mips35\asmips.exe -noundefined -elf -b0
                -IC:\local\Workspace\DC_V04.01.00_int\cu3x1Platform_SRC\emWinColour
                -IC:\local\Workspace\DC_V04.01.00_int\cu3x1App_SRC\MPC_control\source\include
                -IC:\local\Workspace\DC_V04.01.00_int\cu3x1Platform_SRC\platform\common
                -IC:\local\Workspace\DC_V04.01.00_int\cu3x1Platform_SRC\platform\hardware
                -IC:\local\Workspace\DC_V04.01.00_int\cu3x1Platform_SRC\platform\hardware\D3018X
                -IC:\local\Workspace\DC_V04.01.00_int\cu3x1Platform_SRC\embos\inc
                -IC:\local\Workspace\DC_V04.01.00_int\cu3x1Platform_SRC\emWinColour\config
                -IC:\local\Workspace\DC_V04.01.00_int\cu3x1Platform_SRC\emWinColour\gui\ConvertMono
                -IC:\local\Workspace\DC_V04.01.00_int\cu3x1Platform_SRC\emWinColour\gui\Core
                -IC:\local\Workspace\DC_V04.01.00_int\cu3x1Platform_SRC\emWinColour\gui\Font
                -IC:\local\Workspace\DC_V04.01.00_int\cu3x1Platform_SRC\emWinColour\gui\LCDDriver
                -IC:\local\Workspace\DC_V04.01.00_int\cu3x1Platform_SRC\emWinColour\gui\MemDev
                -IC:\local\Workspace\DC_V04.01.00_int\cu3x1Platform_SRC\emWinColour\gui\VNC
                -IC:\local\Workspace\DC_V04.01.00_int\cu3x1Platform_SRC\emWinColour\gui\Widget
                -IC:\local\Workspace\DC_V04.01.00_int\cu3x1Platform_SRC\emWinColour\gui\wm
                -IC:\local\Workspace\DC_V04.01.00_int\cu3x1App_SRC\Control\source
                -IC:\local\Workspace\DC_V04.01.00_int\cu3x1App_SRC\Control\source\include
                -IC:\local\Workspace\DC_V04.01.00_int\cu3x1App_SRC\Control\source\util
                -IC:\local\Workspace\DC_V04.01.00_int\cu3x1App_SRC\Control\source\datapoint
                -IC:\local\Workspace\DC_V04.01.00_int\cu3x1App_SRC\Control\source\factory
                -IC:\local\Workspace\DC_V04.01.00_int\cu3x1Platform_SRC\platform\include
                -IC:\local\Workspace\DC_V04.01.00_int\cu3x1Platform_SRC\embos
                -IC:\local\Workspace\DC_V04.01.00_int\cu3x1Platform_SRC\emWinColour\gui\core
                -IC:\local\Workspace\DC_V04.01.00_int\cu3x1App_SRC\Control\source\rtip\webpage
                -IC:\local\Workspace\DC_V04.01.00_int\cu3x1App_SRC\Control\source\rtip\config
                -IC:\local\Workspace\DC_V04.01.00_int\cu3x1App_SRC\Control\source\rtip\xnet
                -IC:\local\Workspace\DC_V04.01.00_int\cu3x1App_SRC\Control\source\stub
                -IC:\local\Workspace\DC_V04.01.00_int\cu3x1App_SRC\Control\source\test
                -IC:\local\Workspace\DC_V04.01.00_int\cu3x1App_SRC\Control\source\GENIpro
                -IC:\local\Workspace\DC_V04.01.00_int\cu3x1App_SRC\Control\source\GENIpro\GENI_sys
                -IC:\local\Workspace\DC_V04.01.00_int\cu3x1App_SRC\Control\source\GENIpro\GENIusb\emUSB\USB\Driver
                -IC:\local\Workspace\DC_V04.01.00_int\cu3x1App_SRC\Control\source\application\intercom
                -IC:\local\Workspace\DC_V04.01.00_int\cu3x1App_SRC\Control\source\application\controller
                -IC:\local\Workspace\DC_V04.01.00_int\cu3x1App_SRC\Control\source\application\driver
                -IC:\local\Workspace\DC_V04.01.00_int\cu3x1App_SRC\Control\source\application\webif
                -IC:\local\Workspace\DC_V04.01.00_int\cu3x1App_SRC\Control\source\application\relay
                -IC:\local\Workspace\DC_V04.01.00_int\cu3x1App_SRC\Control\source\application\GENIApp
                -IC:\local\Workspace\DC_V04.01.00_int\cu3x1App_SRC\Control\source\application\alarm
                -IC:\local\Workspace\DC_V04.01.00_int\cu3x1App_SRC\Control\source\application\config
                -IC:\local\Workspace\DC_V04.01.00_int\cu3x1App_SRC\Control\source\application\AnaInConfigCtrl
                -IC:\local\Workspace\DC_V04.01.00_int\cu3x1App_SRC\Control\source\application\Sms
                -IC:\local\Workspace\DC_V04.01.00_int\cu3x1App_SRC\Control\source\application\display
                -IC:\local\Workspace\DC_V04.01.00_int\cu3x1App_SRC\Control\source\application\display\display_task
                -IC:\local\Workspace\DC_V04.01.00_int\cu3x1App_SRC\Control\source\application\display\gui_utility
                -IC:\local\Workspace\DC_V04.01.00_int\cu3x1App_SRC\Control\source\application\display\mpcunit
                -IC:\local\Workspace\DC_V04.01.00_int\cu3x1App_SRC\Control\source\GeniPro
                -IC:\local\Workspace\DC_V04.01.00_int\cu3x1App_SRC\Control\source\GeniPro\GENI_sys
                -IC:\local\Workspace\DC_V04.01.00_int\cu3x1App_SRC\Control\source\GeniPro\GENIbus
                -IC:\local\Workspace\DC_V04.01.00_int\cu3x1App_SRC\Control\source\GeniPro\GENIcom
                -IC:\local\Workspace\DC_V04.01.00_int\cu3x1App_SRC\Control\source\GeniPro\GENIrs232
                -IC:\local\Workspace\DC_V04.01.00_int\cu3x1App_SRC\Control\source\GeniPro\Virtual
                -IC:\local\Workspace\DC_V04.01.00_int\cu3x1Platform_SRC\Platform\common
                -IC:\local\Workspace\DC_V04.01.00_int\cu3x1Platform_SRC\Platform\hardware
                -IC:\local\Workspace\DC_V04.01.00_int\cu3x1Platform_SRC\Platform\hardware\D3018X
                -IC:\local\Workspace\DC_V04.01.00_int\cu3x1App_SRC\Control\source\application\display\imagesTFT
                -IC:\GHS\V35\mips35\mipsl_sf -r4121 -source=WM_MoveChildTo.c -o
                objs\gh_2i01s.o -list=objs\WM_MoveChildTo.lst
                C:\Users\55602\AppData\Local\Temp\gh_2i01s.s
Source File:    C:\Users\55602\AppData\Local\Temp\gh_2i01s.s
Directory:      C:\local\Workspace\DC_V04.01.00_int\cu3x1App_SRC\Control\source
Host OS:        GHS_WIN32
Version:        AS-MIPS 3.5#11 
Release:        MULTI 2000, MIPS v3.5
Revision Date:  Wed Feb 27 12:19:03 2002
Release Date:   Sat Mar 02 02:57:59 2002
                             1	 #Source File:   C:\local\Workspace\DC_V04.01.00_int\cu3x1Platform_SRC\emWinColour\GUI\WM\WM_MoveChildTo.c

                                   Tue Apr 07 08:51:20 2015           Page 2
                                   Tue Apr 07 08:51:20 2015       gh_2i01s.s
                             2	 #Directory:     
                             3	 #		C:\local\Workspace\DC_V04.01.00_int\cu3x1App_SRC\Control\source
                             4	 #Compile Date:  Tue Apr 07 08:51:20 2015
                             5	 #Host OS:       Win32
                             6	 #Version:       C-MIPS 3.5#11 RELEASE VERSION
                             7	 #Release:       MULTI 2000, MIPS v3.5
                             8	 #Revision Date: Fri Mar 01 11:32:40 2002
                             9	 #Release Date:  Sat Mar 02 02:58:48 2002
                            10		.set	noat
                            11		.set	noreorder
                            12		.set	nomacro
                            13		.text
                            14		.align	4
                            15		.globl	WM_MoveChildTo
                            16	WM_MoveChildTo:
        27bdffe8 00000000   17		addiu	$sp, $sp, -24
        afb20008 00000004   18		sw	$18, 8($sp)
                            19	 #	    .bf
        00c09025 00000008   20		move	$18, $6
        afb3000c 0000000c   21		sw	$19, 12($sp)
        afb00000 00000010   22		sw	$16, 0($sp)
        00048400 00000014   23		sll	$16, $4, 16
        00108403 00000018   24		sra	$16, $16, 16
        afb10004 0000001c   25		sw	$17, 4($sp)
        00a08825 00000020   26		move	$17, $5
        12000019 00000024   27		beq	$16, $0, .L2
        afbf0014 00000028   28		sw	$ra, 20($sp)
        0c000000 0000002c   29		jal	GUI_Lock
        00000000 00000030   30		nop
        0c000000 00000034   31		jal	WM_GetParent
        02002025 00000038   32		move	$4, $16
        00401825 0000003c   33		move	$3, $2
        10600010 00000040   34		beq	$3, $0, .L6
        00000000 00000044   35		nop
        0c000000 00000048   36		jal	GUI_ALLOC_h2p
        00602025 0000004c   37		move	$4, $3
        00409825 00000050   38		move	$19, $2
        0c000000 00000054   39		jal	GUI_ALLOC_h2p
        02002025 00000058   40		move	$4, $16
        84430000 0000005c   41		lh	$3, 0($2)
        86790000 00000060   42		lh	$25, 0($19)
        00797823 00000064   43		subu	$15, $3, $25
        84430002 00000068   44		lh	$3, 2($2)
        86620002 0000006c   45		lh	$2, 2($19)
        022f2823 00000070   46		subu	$5, $17, $15
        02002025 00000074   47		move	$4, $16
        00627023 00000078   48		subu	$14, $3, $2
        0c000000 0000007c   49		jal	WM__MoveWindow
        024e3023 00000080   50		subu	$6, $18, $14
                            51	.L6:
        0c000000 00000084   52		jal	GUI_Unlock
        00000000 00000088   53		nop
                            54	.L2:
        8fb3000c 0000008c   55		lw	$19, 12($sp)
                            56	 #	    .ef
        8fb20008 00000090   57		lw	$18, 8($sp)

                                   Tue Apr 07 08:51:20 2015           Page 3
                                   Tue Apr 07 08:51:20 2015       gh_2i01s.s
        8fbf0014 00000094   58		lw	$ra, 20($sp)
        8fb00000 00000098   59		lw	$16, 0($sp)
        8fb10004 0000009c   60		lw	$17, 4($sp)
        03e00008 000000a0   61		jr	$ra
        27bd0018 000000a4   62		addiu	$sp, $sp, 24
                            63		.type	WM_MoveChildTo,@function
                            64		.size	WM_MoveChildTo,.-WM_MoveChildTo
                            65		.align	4
                            66	 #hParent	$3	local
                            67	 #pParent	$19	local
                            68	
                            69	 #hWin	$16	param
                            70	 #x	$17	param
                            71	 #y	$18	param
                            72	
                            73		.data
                            74	.L28:
                            75		.text
                            76		.align	4
                            77	
                            78		.data
                            79		.text
