
                                   Tue Apr 07 08:51:19 2015           Page 1
                                   Tue Apr 07 08:51:18 2015       gh_2i01r.s
Command Line:   C:\GHS\V35\mips35\asmips.exe -noundefined -elf -b0
                -IC:\local\Workspace\DC_V04.01.00_int\cu3x1Platform_SRC\emWinColour
                -IC:\local\Workspace\DC_V04.01.00_int\cu3x1App_SRC\MPC_control\source\include
                -IC:\local\Workspace\DC_V04.01.00_int\cu3x1Platform_SRC\platform\common
                -IC:\local\Workspace\DC_V04.01.00_int\cu3x1Platform_SRC\platform\hardware
                -IC:\local\Workspace\DC_V04.01.00_int\cu3x1Platform_SRC\platform\hardware\D3018X
                -IC:\local\Workspace\DC_V04.01.00_int\cu3x1Platform_SRC\embos\inc
                -IC:\local\Workspace\DC_V04.01.00_int\cu3x1Platform_SRC\emWinColour\config
                -IC:\local\Workspace\DC_V04.01.00_int\cu3x1Platform_SRC\emWinColour\gui\ConvertMono
                -IC:\local\Workspace\DC_V04.01.00_int\cu3x1Platform_SRC\emWinColour\gui\Core
                -IC:\local\Workspace\DC_V04.01.00_int\cu3x1Platform_SRC\emWinColour\gui\Font
                -IC:\local\Workspace\DC_V04.01.00_int\cu3x1Platform_SRC\emWinColour\gui\LCDDriver
                -IC:\local\Workspace\DC_V04.01.00_int\cu3x1Platform_SRC\emWinColour\gui\MemDev
                -IC:\local\Workspace\DC_V04.01.00_int\cu3x1Platform_SRC\emWinColour\gui\VNC
                -IC:\local\Workspace\DC_V04.01.00_int\cu3x1Platform_SRC\emWinColour\gui\Widget
                -IC:\local\Workspace\DC_V04.01.00_int\cu3x1Platform_SRC\emWinColour\gui\wm
                -IC:\local\Workspace\DC_V04.01.00_int\cu3x1App_SRC\Control\source
                -IC:\local\Workspace\DC_V04.01.00_int\cu3x1App_SRC\Control\source\include
                -IC:\local\Workspace\DC_V04.01.00_int\cu3x1App_SRC\Control\source\util
                -IC:\local\Workspace\DC_V04.01.00_int\cu3x1App_SRC\Control\source\datapoint
                -IC:\local\Workspace\DC_V04.01.00_int\cu3x1App_SRC\Control\source\factory
                -IC:\local\Workspace\DC_V04.01.00_int\cu3x1Platform_SRC\platform\include
                -IC:\local\Workspace\DC_V04.01.00_int\cu3x1Platform_SRC\embos
                -IC:\local\Workspace\DC_V04.01.00_int\cu3x1Platform_SRC\emWinColour\gui\core
                -IC:\local\Workspace\DC_V04.01.00_int\cu3x1App_SRC\Control\source\rtip\webpage
                -IC:\local\Workspace\DC_V04.01.00_int\cu3x1App_SRC\Control\source\rtip\config
                -IC:\local\Workspace\DC_V04.01.00_int\cu3x1App_SRC\Control\source\rtip\xnet
                -IC:\local\Workspace\DC_V04.01.00_int\cu3x1App_SRC\Control\source\stub
                -IC:\local\Workspace\DC_V04.01.00_int\cu3x1App_SRC\Control\source\test
                -IC:\local\Workspace\DC_V04.01.00_int\cu3x1App_SRC\Control\source\GENIpro
                -IC:\local\Workspace\DC_V04.01.00_int\cu3x1App_SRC\Control\source\GENIpro\GENI_sys
                -IC:\local\Workspace\DC_V04.01.00_int\cu3x1App_SRC\Control\source\GENIpro\GENIusb\emUSB\USB\Driver
                -IC:\local\Workspace\DC_V04.01.00_int\cu3x1App_SRC\Control\source\application\intercom
                -IC:\local\Workspace\DC_V04.01.00_int\cu3x1App_SRC\Control\source\application\controller
                -IC:\local\Workspace\DC_V04.01.00_int\cu3x1App_SRC\Control\source\application\driver
                -IC:\local\Workspace\DC_V04.01.00_int\cu3x1App_SRC\Control\source\application\webif
                -IC:\local\Workspace\DC_V04.01.00_int\cu3x1App_SRC\Control\source\application\relay
                -IC:\local\Workspace\DC_V04.01.00_int\cu3x1App_SRC\Control\source\application\GENIApp
                -IC:\local\Workspace\DC_V04.01.00_int\cu3x1App_SRC\Control\source\application\alarm
                -IC:\local\Workspace\DC_V04.01.00_int\cu3x1App_SRC\Control\source\application\config
                -IC:\local\Workspace\DC_V04.01.00_int\cu3x1App_SRC\Control\source\application\AnaInConfigCtrl
                -IC:\local\Workspace\DC_V04.01.00_int\cu3x1App_SRC\Control\source\application\Sms
                -IC:\local\Workspace\DC_V04.01.00_int\cu3x1App_SRC\Control\source\application\display
                -IC:\local\Workspace\DC_V04.01.00_int\cu3x1App_SRC\Control\source\application\display\display_task
                -IC:\local\Workspace\DC_V04.01.00_int\cu3x1App_SRC\Control\source\application\display\gui_utility
                -IC:\local\Workspace\DC_V04.01.00_int\cu3x1App_SRC\Control\source\application\display\mpcunit
                -IC:\local\Workspace\DC_V04.01.00_int\cu3x1App_SRC\Control\source\GeniPro
                -IC:\local\Workspace\DC_V04.01.00_int\cu3x1App_SRC\Control\source\GeniPro\GENI_sys
                -IC:\local\Workspace\DC_V04.01.00_int\cu3x1App_SRC\Control\source\GeniPro\GENIbus
                -IC:\local\Workspace\DC_V04.01.00_int\cu3x1App_SRC\Control\source\GeniPro\GENIcom
                -IC:\local\Workspace\DC_V04.01.00_int\cu3x1App_SRC\Control\source\GeniPro\GENIrs232
                -IC:\local\Workspace\DC_V04.01.00_int\cu3x1App_SRC\Control\source\GeniPro\Virtual
                -IC:\local\Workspace\DC_V04.01.00_int\cu3x1Platform_SRC\Platform\common
                -IC:\local\Workspace\DC_V04.01.00_int\cu3x1Platform_SRC\Platform\hardware
                -IC:\local\Workspace\DC_V04.01.00_int\cu3x1Platform_SRC\Platform\hardware\D3018X
                -IC:\local\Workspace\DC_V04.01.00_int\cu3x1App_SRC\Control\source\application\display\imagesTFT
                -IC:\GHS\V35\mips35\mipsl_sf -r4121 -source=WM_Move.c -o
                objs\gh_2i01r.o -list=objs\WM_Move.lst
                C:\Users\55602\AppData\Local\Temp\gh_2i01r.s
Source File:    C:\Users\55602\AppData\Local\Temp\gh_2i01r.s
Directory:      C:\local\Workspace\DC_V04.01.00_int\cu3x1App_SRC\Control\source
Host OS:        GHS_WIN32
Version:        AS-MIPS 3.5#11 
Release:        MULTI 2000, MIPS v3.5
Revision Date:  Wed Feb 27 12:19:03 2002
Release Date:   Sat Mar 02 02:57:59 2002
                             1	 #Source File:   C:\local\Workspace\DC_V04.01.00_int\cu3x1Platform_SRC\emWinColour\GUI\WM\WM_Move.c

                                   Tue Apr 07 08:51:19 2015           Page 2
                                   Tue Apr 07 08:51:18 2015       gh_2i01r.s
                             2	 #Directory:     
                             3	 #		C:\local\Workspace\DC_V04.01.00_int\cu3x1App_SRC\Control\source
                             4	 #Compile Date:  Tue Apr 07 08:51:18 2015
                             5	 #Host OS:       Win32
                             6	 #Version:       C-MIPS 3.5#11 RELEASE VERSION
                             7	 #Release:       MULTI 2000, MIPS v3.5
                             8	 #Revision Date: Fri Mar 01 11:32:40 2002
                             9	 #Release Date:  Sat Mar 02 02:58:48 2002
                            10		.set	noat
                            11		.set	noreorder
                            12		.set	nomacro
                            13		.text
                            14		.align	4
                            15	_MoveDescendents:
        27bdffe8 00000000   16		addiu	$sp, $sp, -24
        afb20008 00000004   17		sw	$18, 8($sp)
                            18	 #	    .bf
        00c09025 00000008   19		move	$18, $6
        afb3000c 0000000c   20		sw	$19, 12($sp)
        afb00000 00000010   21		sw	$16, 0($sp)
        00048400 00000014   22		sll	$16, $4, 16
        00108403 00000018   23		sra	$16, $16, 16
        afb10004 0000001c   24		sw	$17, 4($sp)
        00a08825 00000020   25		move	$17, $5
        12000016 00000024   26		beq	$16, $0, .L2
        afbf0014 00000028   27		sw	$ra, 20($sp)
                            28	.L6:
        0c000000 0000002c   29		jal	GUI_ALLOC_h2p
        02002025 00000030   30		move	$4, $16
        00409825 00000034   31		move	$19, $2
        02602025 00000038   32		move	$4, $19
        02202825 0000003c   33		move	$5, $17
        0c000000 00000040   34		jal	GUI_MoveRect
        02403025 00000044   35		move	$6, $18
        26640008 00000048   36		addiu	$4, $19, 8
        02202825 0000004c   37		move	$5, $17
        0c000000 00000050   38		jal	GUI_MoveRect
        02403025 00000054   39		move	$6, $18
        86640018 00000058   40		lh	$4, 24($19)
        02202825 0000005c   41		move	$5, $17
        0c000000 00000060   42		jal	_MoveDescendents
        02403025 00000064   43		move	$6, $18
        02002025 00000068   44		move	$4, $16
        0c000000 0000006c   45		jal	WM__SendMsgNoData
        34050003 00000070   46		ori	$5, $0, 3
        8670001a 00000074   47		lh	$16, 26($19)
        1600ffec 00000078   48		bne	$16, $0, .L6
        00000000 0000007c   49		nop
                            50	.L2:
        8fb3000c 00000080   51		lw	$19, 12($sp)
                            52	 #	    .ef
        8fb20008 00000084   53		lw	$18, 8($sp)
        8fbf0014 00000088   54		lw	$ra, 20($sp)
        8fb00000 0000008c   55		lw	$16, 0($sp)
        8fb10004 00000090   56		lw	$17, 4($sp)
        03e00008 00000094   57		jr	$ra

                                   Tue Apr 07 08:51:19 2015           Page 3
                                   Tue Apr 07 08:51:18 2015       gh_2i01r.s
        27bd0018 00000098   58		addiu	$sp, $sp, 24
                            59		.type	_MoveDescendents,@function
                            60		.size	_MoveDescendents,.-_MoveDescendents
                            61		.align	4
                            62	 #pWin	$19	local
                            63	
                            64	 #hWin	$16	param
                            65	 #dx	$17	param
                            66	 #dy	$18	param
                            67	
                            68		.data
                            69	.L25:
                            70		.text
                            71		.align	4
                            72		.align	4
                            73		.globl	WM__MoveWindow
                            74	WM__MoveWindow:
        27bdffe0 0000009c   75		addiu	$sp, $sp, -32
        afb20008 000000a0   76		sw	$18, 8($sp)
                            77	 #	    .bf
        00c09025 000000a4   78		move	$18, $6
        afb3000c 000000a8   79		sw	$19, 12($sp)
        afb00000 000000ac   80		sw	$16, 0($sp)
        00048400 000000b0   81		sll	$16, $4, 16
        00108403 000000b4   82		sra	$16, $16, 16
        afb10004 000000b8   83		sw	$17, 4($sp)
        00a08825 000000bc   84		move	$17, $5
        12000023 000000c0   85		beq	$16, $0, .L34
        afbf001c 000000c4   86		sw	$ra, 28($sp)
        0c000000 000000c8   87		jal	GUI_ALLOC_h2p
        02002025 000000cc   88		move	$4, $16
        00409825 000000d0   89		move	$19, $2
        86630000 000000d4   90		lh	$3, 0($19)
        86620002 000000d8   91		lh	$2, 2($19)
        86790004 000000dc   92		lh	$25, 4($19)
        86780006 000000e0   93		lh	$24, 6($19)
        a7a30010 000000e4   94		sh	$3, 16($sp)
        a7a20012 000000e8   95		sh	$2, 18($sp)
        a7b90014 000000ec   96		sh	$25, 20($sp)
        a7b80016 000000f0   97		sh	$24, 22($sp)
        02602025 000000f4   98		move	$4, $19
        02202825 000000f8   99		move	$5, $17
        0c000000 000000fc  100		jal	GUI_MoveRect
        02403025 00000100  101		move	$6, $18
        26640008 00000104  102		addiu	$4, $19, 8
        02202825 00000108  103		move	$5, $17
        0c000000 0000010c  104		jal	GUI_MoveRect
        02403025 00000110  105		move	$6, $18
        86640018 00000114  106		lh	$4, 24($19)
        02202825 00000118  107		move	$5, $17
        0c000000 0000011c  108		jal	_MoveDescendents
        02403025 00000120  109		move	$6, $18
        966d001c 00000124  110		lhu	$13, 28($19)
        31ae0002 00000128  111		andi	$14, $13, 2
        51c00006 0000012c  112		beql	$14, $0, .L1000038
        02002025 00000130  113		move	$4, $16

                                   Tue Apr 07 08:51:19 2015           Page 4
                                   Tue Apr 07 08:51:18 2015       gh_2i01r.s
        0c000000 00000134  114		jal	WM_InvalidateArea
        02602025 00000138  115		move	$4, $19
        0c000000 0000013c  116		jal	WM_InvalidateArea
        27a40010 00000140  117		addiu	$4, $sp, 16
        02002025 00000144  118		move	$4, $16
                           119	.L1000038:
        0c000000 00000148  120		jal	WM__SendMsgNoData
        34050003 0000014c  121		ori	$5, $0, 3
                           122	.L34:
        8fb3000c 00000150  123		lw	$19, 12($sp)
                           124	 #	    .ef
        8fb20008 00000154  125		lw	$18, 8($sp)
        8fbf001c 00000158  126		lw	$ra, 28($sp)
        8fb00000 0000015c  127		lw	$16, 0($sp)
        8fb10004 00000160  128		lw	$17, 4($sp)
        03e00008 00000164  129		jr	$ra
        27bd0020 00000168  130		addiu	$sp, $sp, 32
                           131		.type	WM__MoveWindow,@function
                           132		.size	WM__MoveWindow,.-WM__MoveWindow
                           133		.align	4
                           134	 #r	16($sp)	local
                           135	 #pWin	$19	local
                           136	
                           137	 #hWin	$16	param
                           138	 #dx	$17	param
                           139	 #dy	$18	param
                           140	
                           141		.data
                           142	.L60:
                           143		.text
                           144		.align	4
                           145		.align	4
                           146		.globl	WM__MoveTo
                           147	WM__MoveTo:
        27bdffe8 0000016c  148		addiu	$sp, $sp, -24
        afb20008 00000170  149		sw	$18, 8($sp)
                           150	 #	    .bf
        00c09025 00000174  151		move	$18, $6
        afb00000 00000178  152		sw	$16, 0($sp)
        00048400 0000017c  153		sll	$16, $4, 16
        00108403 00000180  154		sra	$16, $16, 16
        afb10004 00000184  155		sw	$17, 4($sp)
        00a08825 00000188  156		move	$17, $5
        12000009 0000018c  157		beq	$16, $0, .L75
        afbf0014 00000190  158		sw	$ra, 20($sp)
        0c000000 00000194  159		jal	GUI_ALLOC_h2p
        02002025 00000198  160		move	$4, $16
        84580000 0000019c  161		lh	$24, 0($2)
        844f0002 000001a0  162		lh	$15, 2($2)
        02002025 000001a4  163		move	$4, $16
        02382823 000001a8  164		subu	$5, $17, $24
        0c000000 000001ac  165		jal	WM__MoveWindow
        024f3023 000001b0  166		subu	$6, $18, $15
                           167	.L75:
        8fb20008 000001b4  168		lw	$18, 8($sp)
                           169	 #	    .ef

                                   Tue Apr 07 08:51:19 2015           Page 5
                                   Tue Apr 07 08:51:18 2015       gh_2i01r.s
        8fb10004 000001b8  170		lw	$17, 4($sp)
        8fbf0014 000001bc  171		lw	$ra, 20($sp)
        8fb00000 000001c0  172		lw	$16, 0($sp)
        03e00008 000001c4  173		jr	$ra
        27bd0018 000001c8  174		addiu	$sp, $sp, 24
                           175		.type	WM__MoveTo,@function
                           176		.size	WM__MoveTo,.-WM__MoveTo
                           177		.align	4
                           178	
                           179	 #hWin	$16	param
                           180	 #x	$17	param
                           181	 #y	$18	param
                           182	
                           183		.data
                           184	.L93:
                           185		.text
                           186		.align	4
                           187		.align	4
                           188		.globl	WM_MoveWindow
                           189	WM_MoveWindow:
        27bdffe8 000001cc  190		addiu	$sp, $sp, -24
        afbf0014 000001d0  191		sw	$ra, 20($sp)
        afb20008 000001d4  192		sw	$18, 8($sp)
        afb00000 000001d8  193		sw	$16, 0($sp)
        00048400 000001dc  194		sll	$16, $4, 16
        00108403 000001e0  195		sra	$16, $16, 16
        afb10004 000001e4  196		sw	$17, 4($sp)
        00a08825 000001e8  197		move	$17, $5
                           198	 #	    .bf
        0c000000 000001ec  199		jal	GUI_Lock
        00c09025 000001f0  200		move	$18, $6
        02002025 000001f4  201		move	$4, $16
        02202825 000001f8  202		move	$5, $17
        0c000000 000001fc  203		jal	WM__MoveWindow
        02403025 00000200  204		move	$6, $18
        0c000000 00000204  205		jal	GUI_Unlock
        00000000 00000208  206		nop
                           207	 #	    .ef
        8fb00000 0000020c  208		lw	$16, 0($sp)
        8fbf0014 00000210  209		lw	$ra, 20($sp)
        8fb10004 00000214  210		lw	$17, 4($sp)
        8fb20008 00000218  211		lw	$18, 8($sp)
        03e00008 0000021c  212		jr	$ra
        27bd0018 00000220  213		addiu	$sp, $sp, 24
                           214		.type	WM_MoveWindow,@function
                           215		.size	WM_MoveWindow,.-WM_MoveWindow
                           216		.align	4
                           217	
                           218	 #hWin	$16	param
                           219	 #dx	$17	param
                           220	 #dy	$18	param
                           221	
                           222		.data
                           223	.L116:
                           224		.text
                           225		.align	4

                                   Tue Apr 07 08:51:19 2015           Page 6
                                   Tue Apr 07 08:51:18 2015       gh_2i01r.s
                           226		.align	4
                           227		.globl	WM_MoveTo
                           228	WM_MoveTo:
        27bdffe8 00000224  229		addiu	$sp, $sp, -24
        afbf0014 00000228  230		sw	$ra, 20($sp)
        afb20008 0000022c  231		sw	$18, 8($sp)
        afb00000 00000230  232		sw	$16, 0($sp)
        00048400 00000234  233		sll	$16, $4, 16
        00108403 00000238  234		sra	$16, $16, 16
        afb10004 0000023c  235		sw	$17, 4($sp)
        00a08825 00000240  236		move	$17, $5
                           237	 #	    .bf
        0c000000 00000244  238		jal	GUI_Lock
        00c09025 00000248  239		move	$18, $6
        02002025 0000024c  240		move	$4, $16
        02202825 00000250  241		move	$5, $17
        0c000000 00000254  242		jal	WM__MoveTo
        02403025 00000258  243		move	$6, $18
        0c000000 0000025c  244		jal	GUI_Unlock
        00000000 00000260  245		nop
                           246	 #	    .ef
        8fb00000 00000264  247		lw	$16, 0($sp)
        8fbf0014 00000268  248		lw	$ra, 20($sp)
        8fb10004 0000026c  249		lw	$17, 4($sp)
        8fb20008 00000270  250		lw	$18, 8($sp)
        03e00008 00000274  251		jr	$ra
        27bd0018 00000278  252		addiu	$sp, $sp, 24
                           253		.type	WM_MoveTo,@function
                           254		.size	WM_MoveTo,.-WM_MoveTo
                           255		.align	4
                           256	
                           257	 #hWin	$16	param
                           258	 #x	$17	param
                           259	 #y	$18	param
                           260	
                           261		.data
                           262	.L135:
                           263		.text
                           264		.align	4
                           265	
                           266		.data
                           267		.text
