
                                   Tue Apr 07 08:51:25 2015           Page 1
                                   Tue Apr 07 08:51:24 2015       gh_2i01v.s
Command Line:   C:\GHS\V35\mips35\asmips.exe -noundefined -elf -b0
                -IC:\local\Workspace\DC_V04.01.00_int\cu3x1Platform_SRC\emWinColour
                -IC:\local\Workspace\DC_V04.01.00_int\cu3x1App_SRC\MPC_control\source\include
                -IC:\local\Workspace\DC_V04.01.00_int\cu3x1Platform_SRC\platform\common
                -IC:\local\Workspace\DC_V04.01.00_int\cu3x1Platform_SRC\platform\hardware
                -IC:\local\Workspace\DC_V04.01.00_int\cu3x1Platform_SRC\platform\hardware\D3018X
                -IC:\local\Workspace\DC_V04.01.00_int\cu3x1Platform_SRC\embos\inc
                -IC:\local\Workspace\DC_V04.01.00_int\cu3x1Platform_SRC\emWinColour\config
                -IC:\local\Workspace\DC_V04.01.00_int\cu3x1Platform_SRC\emWinColour\gui\ConvertMono
                -IC:\local\Workspace\DC_V04.01.00_int\cu3x1Platform_SRC\emWinColour\gui\Core
                -IC:\local\Workspace\DC_V04.01.00_int\cu3x1Platform_SRC\emWinColour\gui\Font
                -IC:\local\Workspace\DC_V04.01.00_int\cu3x1Platform_SRC\emWinColour\gui\LCDDriver
                -IC:\local\Workspace\DC_V04.01.00_int\cu3x1Platform_SRC\emWinColour\gui\MemDev
                -IC:\local\Workspace\DC_V04.01.00_int\cu3x1Platform_SRC\emWinColour\gui\VNC
                -IC:\local\Workspace\DC_V04.01.00_int\cu3x1Platform_SRC\emWinColour\gui\Widget
                -IC:\local\Workspace\DC_V04.01.00_int\cu3x1Platform_SRC\emWinColour\gui\wm
                -IC:\local\Workspace\DC_V04.01.00_int\cu3x1App_SRC\Control\source
                -IC:\local\Workspace\DC_V04.01.00_int\cu3x1App_SRC\Control\source\include
                -IC:\local\Workspace\DC_V04.01.00_int\cu3x1App_SRC\Control\source\util
                -IC:\local\Workspace\DC_V04.01.00_int\cu3x1App_SRC\Control\source\datapoint
                -IC:\local\Workspace\DC_V04.01.00_int\cu3x1App_SRC\Control\source\factory
                -IC:\local\Workspace\DC_V04.01.00_int\cu3x1Platform_SRC\platform\include
                -IC:\local\Workspace\DC_V04.01.00_int\cu3x1Platform_SRC\embos
                -IC:\local\Workspace\DC_V04.01.00_int\cu3x1Platform_SRC\emWinColour\gui\core
                -IC:\local\Workspace\DC_V04.01.00_int\cu3x1App_SRC\Control\source\rtip\webpage
                -IC:\local\Workspace\DC_V04.01.00_int\cu3x1App_SRC\Control\source\rtip\config
                -IC:\local\Workspace\DC_V04.01.00_int\cu3x1App_SRC\Control\source\rtip\xnet
                -IC:\local\Workspace\DC_V04.01.00_int\cu3x1App_SRC\Control\source\stub
                -IC:\local\Workspace\DC_V04.01.00_int\cu3x1App_SRC\Control\source\test
                -IC:\local\Workspace\DC_V04.01.00_int\cu3x1App_SRC\Control\source\GENIpro
                -IC:\local\Workspace\DC_V04.01.00_int\cu3x1App_SRC\Control\source\GENIpro\GENI_sys
                -IC:\local\Workspace\DC_V04.01.00_int\cu3x1App_SRC\Control\source\GENIpro\GENIusb\emUSB\USB\Driver
                -IC:\local\Workspace\DC_V04.01.00_int\cu3x1App_SRC\Control\source\application\intercom
                -IC:\local\Workspace\DC_V04.01.00_int\cu3x1App_SRC\Control\source\application\controller
                -IC:\local\Workspace\DC_V04.01.00_int\cu3x1App_SRC\Control\source\application\driver
                -IC:\local\Workspace\DC_V04.01.00_int\cu3x1App_SRC\Control\source\application\webif
                -IC:\local\Workspace\DC_V04.01.00_int\cu3x1App_SRC\Control\source\application\relay
                -IC:\local\Workspace\DC_V04.01.00_int\cu3x1App_SRC\Control\source\application\GENIApp
                -IC:\local\Workspace\DC_V04.01.00_int\cu3x1App_SRC\Control\source\application\alarm
                -IC:\local\Workspace\DC_V04.01.00_int\cu3x1App_SRC\Control\source\application\config
                -IC:\local\Workspace\DC_V04.01.00_int\cu3x1App_SRC\Control\source\application\AnaInConfigCtrl
                -IC:\local\Workspace\DC_V04.01.00_int\cu3x1App_SRC\Control\source\application\Sms
                -IC:\local\Workspace\DC_V04.01.00_int\cu3x1App_SRC\Control\source\application\display
                -IC:\local\Workspace\DC_V04.01.00_int\cu3x1App_SRC\Control\source\application\display\display_task
                -IC:\local\Workspace\DC_V04.01.00_int\cu3x1App_SRC\Control\source\application\display\gui_utility
                -IC:\local\Workspace\DC_V04.01.00_int\cu3x1App_SRC\Control\source\application\display\mpcunit
                -IC:\local\Workspace\DC_V04.01.00_int\cu3x1App_SRC\Control\source\GeniPro
                -IC:\local\Workspace\DC_V04.01.00_int\cu3x1App_SRC\Control\source\GeniPro\GENI_sys
                -IC:\local\Workspace\DC_V04.01.00_int\cu3x1App_SRC\Control\source\GeniPro\GENIbus
                -IC:\local\Workspace\DC_V04.01.00_int\cu3x1App_SRC\Control\source\GeniPro\GENIcom
                -IC:\local\Workspace\DC_V04.01.00_int\cu3x1App_SRC\Control\source\GeniPro\GENIrs232
                -IC:\local\Workspace\DC_V04.01.00_int\cu3x1App_SRC\Control\source\GeniPro\Virtual
                -IC:\local\Workspace\DC_V04.01.00_int\cu3x1Platform_SRC\Platform\common
                -IC:\local\Workspace\DC_V04.01.00_int\cu3x1Platform_SRC\Platform\hardware
                -IC:\local\Workspace\DC_V04.01.00_int\cu3x1Platform_SRC\Platform\hardware\D3018X
                -IC:\local\Workspace\DC_V04.01.00_int\cu3x1App_SRC\Control\source\application\display\imagesTFT
                -IC:\GHS\V35\mips35\mipsl_sf -r4121 -source=WM_Paint.c -o
                objs\gh_2i01v.o -list=objs\WM_Paint.lst
                C:\Users\55602\AppData\Local\Temp\gh_2i01v.s
Source File:    C:\Users\55602\AppData\Local\Temp\gh_2i01v.s
Directory:      C:\local\Workspace\DC_V04.01.00_int\cu3x1App_SRC\Control\source
Host OS:        GHS_WIN32
Version:        AS-MIPS 3.5#11 
Release:        MULTI 2000, MIPS v3.5
Revision Date:  Wed Feb 27 12:19:03 2002
Release Date:   Sat Mar 02 02:57:59 2002
                             1	 #Source File:   C:\local\Workspace\DC_V04.01.00_int\cu3x1Platform_SRC\emWinColour\GUI\WM\WM_Paint.c

                                   Tue Apr 07 08:51:25 2015           Page 2
                                   Tue Apr 07 08:51:24 2015       gh_2i01v.s
                             2	 #Directory:     
                             3	 #		C:\local\Workspace\DC_V04.01.00_int\cu3x1App_SRC\Control\source
                             4	 #Compile Date:  Tue Apr 07 08:51:24 2015
                             5	 #Host OS:       Win32
                             6	 #Version:       C-MIPS 3.5#11 RELEASE VERSION
                             7	 #Release:       MULTI 2000, MIPS v3.5
                             8	 #Revision Date: Fri Mar 01 11:32:40 2002
                             9	 #Release Date:  Sat Mar 02 02:58:48 2002
                            10		.set	noat
                            11		.set	noreorder
                            12		.set	nomacro
                            13		.text
                            14		.align	4
                            15		.globl	WM_Update
                            16	WM_Update:
        27bdff90 00000000   17		addiu	$sp, $sp, -112
                            18	 #	    .bf
        afb10004 00000004   19		sw	$17, 4($sp)
        afb00000 00000008   20		sw	$16, 0($sp)
        00048400 0000000c   21		sll	$16, $4, 16
        00108403 00000010   22		sra	$16, $16, 16
        1200000f 00000014   23		beq	$16, $0, .L2
        afbf006c 00000018   24		sw	$ra, 108($sp)
        0c000000 0000001c   25		jal	GUI_Lock
        00000000 00000020   26		nop
        27b1000c 00000024   27		addiu	$17, $sp, 12
        0c000000 00000028   28		jal	GUI_SaveContext_W_M
        02202025 0000002c   29		move	$4, $17
        0c000000 00000030   30		jal	GUI_ALLOC_h2p
        02002025 00000034   31		move	$4, $16
        02002025 00000038   32		move	$4, $16
        0c000000 0000003c   33		jal	WM__Paint
        00402825 00000040   34		move	$5, $2
        0c000000 00000044   35		jal	GUI_RestoreContext
        02202025 00000048   36		move	$4, $17
        0c000000 0000004c   37		jal	GUI_Unlock
        00000000 00000050   38		nop
                            39	.L2:
        8fb10004 00000054   40		lw	$17, 4($sp)
                            41	 #	    .ef
        8fb00000 00000058   42		lw	$16, 0($sp)
        8fbf006c 0000005c   43		lw	$ra, 108($sp)
        03e00008 00000060   44		jr	$ra
        27bd0070 00000064   45		addiu	$sp, $sp, 112
                            46		.type	WM_Update,@function
                            47		.size	WM_Update,.-WM_Update
                            48		.align	4
                            49	 #Context	12($sp)	local
                            50	
                            51	 #hWin	$16	param
                            52	
                            53		.data
                            54	.L20:
                            55		.text
                            56		.align	4
                            57		.align	4

                                   Tue Apr 07 08:51:25 2015           Page 3
                                   Tue Apr 07 08:51:24 2015       gh_2i01v.s
                            58		.globl	WM_Paint
                            59	WM_Paint:
        27bdfff0 00000068   60		addiu	$sp, $sp, -16
        afbf000c 0000006c   61		sw	$ra, 12($sp)
        afb00000 00000070   62		sw	$16, 0($sp)
        00048400 00000074   63		sll	$16, $4, 16
        00108403 00000078   64		sra	$16, $16, 16
                            65	 #	    .bf
        0c000000 0000007c   66		jal	WM_InvalidateWindow
        02002025 00000080   67		move	$4, $16
        0c000000 00000084   68		jal	WM_Update
        02002025 00000088   69		move	$4, $16
                            70	 #	    .ef
        8fbf000c 0000008c   71		lw	$ra, 12($sp)
        8fb00000 00000090   72		lw	$16, 0($sp)
        03e00008 00000094   73		jr	$ra
        27bd0010 00000098   74		addiu	$sp, $sp, 16
                            75		.type	WM_Paint,@function
                            76		.size	WM_Paint,.-WM_Paint
                            77		.align	4
                            78	
                            79	 #hWin	$16	param
                            80	
                            81		.data
                            82	.L43:
                            83		.text
                            84		.align	4
                            85	
                            86		.data
                            87		.text
