
                                   Tue Apr 07 08:51:39 2015           Page 1
                                   Tue Apr 07 08:51:39 2015       gh_2i029.s
Command Line:   C:\GHS\V35\mips35\asmips.exe -noundefined -elf -b0
                -IC:\local\Workspace\DC_V04.01.00_int\cu3x1Platform_SRC\emWinColour
                -IC:\local\Workspace\DC_V04.01.00_int\cu3x1App_SRC\MPC_control\source\include
                -IC:\local\Workspace\DC_V04.01.00_int\cu3x1Platform_SRC\platform\common
                -IC:\local\Workspace\DC_V04.01.00_int\cu3x1Platform_SRC\platform\hardware
                -IC:\local\Workspace\DC_V04.01.00_int\cu3x1Platform_SRC\platform\hardware\D3018X
                -IC:\local\Workspace\DC_V04.01.00_int\cu3x1Platform_SRC\embos\inc
                -IC:\local\Workspace\DC_V04.01.00_int\cu3x1Platform_SRC\emWinColour\config
                -IC:\local\Workspace\DC_V04.01.00_int\cu3x1Platform_SRC\emWinColour\gui\ConvertMono
                -IC:\local\Workspace\DC_V04.01.00_int\cu3x1Platform_SRC\emWinColour\gui\Core
                -IC:\local\Workspace\DC_V04.01.00_int\cu3x1Platform_SRC\emWinColour\gui\Font
                -IC:\local\Workspace\DC_V04.01.00_int\cu3x1Platform_SRC\emWinColour\gui\LCDDriver
                -IC:\local\Workspace\DC_V04.01.00_int\cu3x1Platform_SRC\emWinColour\gui\MemDev
                -IC:\local\Workspace\DC_V04.01.00_int\cu3x1Platform_SRC\emWinColour\gui\VNC
                -IC:\local\Workspace\DC_V04.01.00_int\cu3x1Platform_SRC\emWinColour\gui\Widget
                -IC:\local\Workspace\DC_V04.01.00_int\cu3x1Platform_SRC\emWinColour\gui\wm
                -IC:\local\Workspace\DC_V04.01.00_int\cu3x1App_SRC\Control\source
                -IC:\local\Workspace\DC_V04.01.00_int\cu3x1App_SRC\Control\source\include
                -IC:\local\Workspace\DC_V04.01.00_int\cu3x1App_SRC\Control\source\util
                -IC:\local\Workspace\DC_V04.01.00_int\cu3x1App_SRC\Control\source\datapoint
                -IC:\local\Workspace\DC_V04.01.00_int\cu3x1App_SRC\Control\source\factory
                -IC:\local\Workspace\DC_V04.01.00_int\cu3x1Platform_SRC\platform\include
                -IC:\local\Workspace\DC_V04.01.00_int\cu3x1Platform_SRC\embos
                -IC:\local\Workspace\DC_V04.01.00_int\cu3x1Platform_SRC\emWinColour\gui\core
                -IC:\local\Workspace\DC_V04.01.00_int\cu3x1App_SRC\Control\source\rtip\webpage
                -IC:\local\Workspace\DC_V04.01.00_int\cu3x1App_SRC\Control\source\rtip\config
                -IC:\local\Workspace\DC_V04.01.00_int\cu3x1App_SRC\Control\source\rtip\xnet
                -IC:\local\Workspace\DC_V04.01.00_int\cu3x1App_SRC\Control\source\stub
                -IC:\local\Workspace\DC_V04.01.00_int\cu3x1App_SRC\Control\source\test
                -IC:\local\Workspace\DC_V04.01.00_int\cu3x1App_SRC\Control\source\GENIpro
                -IC:\local\Workspace\DC_V04.01.00_int\cu3x1App_SRC\Control\source\GENIpro\GENI_sys
                -IC:\local\Workspace\DC_V04.01.00_int\cu3x1App_SRC\Control\source\GENIpro\GENIusb\emUSB\USB\Driver
                -IC:\local\Workspace\DC_V04.01.00_int\cu3x1App_SRC\Control\source\application\intercom
                -IC:\local\Workspace\DC_V04.01.00_int\cu3x1App_SRC\Control\source\application\controller
                -IC:\local\Workspace\DC_V04.01.00_int\cu3x1App_SRC\Control\source\application\driver
                -IC:\local\Workspace\DC_V04.01.00_int\cu3x1App_SRC\Control\source\application\webif
                -IC:\local\Workspace\DC_V04.01.00_int\cu3x1App_SRC\Control\source\application\relay
                -IC:\local\Workspace\DC_V04.01.00_int\cu3x1App_SRC\Control\source\application\GENIApp
                -IC:\local\Workspace\DC_V04.01.00_int\cu3x1App_SRC\Control\source\application\alarm
                -IC:\local\Workspace\DC_V04.01.00_int\cu3x1App_SRC\Control\source\application\config
                -IC:\local\Workspace\DC_V04.01.00_int\cu3x1App_SRC\Control\source\application\AnaInConfigCtrl
                -IC:\local\Workspace\DC_V04.01.00_int\cu3x1App_SRC\Control\source\application\Sms
                -IC:\local\Workspace\DC_V04.01.00_int\cu3x1App_SRC\Control\source\application\display
                -IC:\local\Workspace\DC_V04.01.00_int\cu3x1App_SRC\Control\source\application\display\display_task
                -IC:\local\Workspace\DC_V04.01.00_int\cu3x1App_SRC\Control\source\application\display\gui_utility
                -IC:\local\Workspace\DC_V04.01.00_int\cu3x1App_SRC\Control\source\application\display\mpcunit
                -IC:\local\Workspace\DC_V04.01.00_int\cu3x1App_SRC\Control\source\GeniPro
                -IC:\local\Workspace\DC_V04.01.00_int\cu3x1App_SRC\Control\source\GeniPro\GENI_sys
                -IC:\local\Workspace\DC_V04.01.00_int\cu3x1App_SRC\Control\source\GeniPro\GENIbus
                -IC:\local\Workspace\DC_V04.01.00_int\cu3x1App_SRC\Control\source\GeniPro\GENIcom
                -IC:\local\Workspace\DC_V04.01.00_int\cu3x1App_SRC\Control\source\GeniPro\GENIrs232
                -IC:\local\Workspace\DC_V04.01.00_int\cu3x1App_SRC\Control\source\GeniPro\Virtual
                -IC:\local\Workspace\DC_V04.01.00_int\cu3x1Platform_SRC\Platform\common
                -IC:\local\Workspace\DC_V04.01.00_int\cu3x1Platform_SRC\Platform\hardware
                -IC:\local\Workspace\DC_V04.01.00_int\cu3x1Platform_SRC\Platform\hardware\D3018X
                -IC:\local\Workspace\DC_V04.01.00_int\cu3x1App_SRC\Control\source\application\display\imagesTFT
                -IC:\GHS\V35\mips35\mipsl_sf -r4121 -source=WM_SetCaptureMove.c
                -o objs\gh_2i029.o -list=objs\WM_SetCaptureMove.lst
                C:\Users\55602\AppData\Local\Temp\gh_2i029.s
Source File:    C:\Users\55602\AppData\Local\Temp\gh_2i029.s
Directory:      C:\local\Workspace\DC_V04.01.00_int\cu3x1App_SRC\Control\source
Host OS:        GHS_WIN32
Version:        AS-MIPS 3.5#11 
Release:        MULTI 2000, MIPS v3.5
Revision Date:  Wed Feb 27 12:19:03 2002
Release Date:   Sat Mar 02 02:57:59 2002
                             1	 #Source File:   C:\local\Workspace\DC_V04.01.00_int\cu3x1Platform_SRC\emWinColour\GUI\WM\WM_SetCaptureMove.c

                                   Tue Apr 07 08:51:39 2015           Page 2
                                   Tue Apr 07 08:51:39 2015       gh_2i029.s
                             2	 #Directory:     
                             3	 #		C:\local\Workspace\DC_V04.01.00_int\cu3x1App_SRC\Control\source
                             4	 #Compile Date:  Tue Apr 07 08:51:38 2015
                             5	 #Host OS:       Win32
                             6	 #Version:       C-MIPS 3.5#11 RELEASE VERSION
                             7	 #Release:       MULTI 2000, MIPS v3.5
                             8	 #Revision Date: Fri Mar 01 11:32:40 2002
                             9	 #Release Date:  Sat Mar 02 02:58:48 2002
                            10		.set	noat
                            11		.set	noreorder
                            12		.set	nomacro
                            13		.text
                            14		.align	4
                            15		.globl	WM_SetCaptureMove
                            16	WM_SetCaptureMove:
        27bdffd0 00000000   17		addiu	$sp, $sp, -48
        afbf002c 00000004   18		sw	$ra, 44($sp)
        afb50014 00000008   19		sw	$21, 20($sp)
        afb40010 0000000c   20		sw	$20, 16($sp)
        afb3000c 00000010   21		sw	$19, 12($sp)
        afb00000 00000014   22		sw	$16, 0($sp)
        00048400 00000018   23		sll	$16, $4, 16
        00108403 0000001c   24		sra	$16, $16, 16
        afb10004 00000020   25		sw	$17, 4($sp)
        00a08825 00000024   26		move	$17, $5
        afb20008 00000028   27		sw	$18, 8($sp)
        00c09025 0000002c   28		move	$18, $6
                            29	 #	    .bf
        0c000000 00000030   30		jal	WM_HasCaptured
        02002025 00000034   31		move	$4, $16
        14400010 00000038   32		bne	$2, $0, .L4
        02002025 0000003c   33		move	$4, $16
        0c000000 00000040   34		jal	WM_SetCapture
        34050001 00000044   35		ori	$5, $0, 1
        8fb50014 00000048   36		lw	$21, 20($sp)
        8fb40010 0000004c   37		lw	$20, 16($sp)
        8fbf002c 00000050   38		lw	$ra, 44($sp)
        8fb00000 00000054   39		lw	$16, 0($sp)
        8e390000 00000058   40		lw	$25, 0($17)
        8e380004 0000005c   41		lw	$24, 4($17)
        8fb10004 00000060   42		lw	$17, 4($sp)
        8fb20008 00000064   43		lw	$18, 8($sp)
        8fb3000c 00000068   44		lw	$19, 12($sp)
        27bd0030 0000006c   45		addiu	$sp, $sp, 48
        a7980000 00000070   46		sh	$24, %sdaoff(WM__CapturePoint+2)($28)
        03e00008 00000074   47		jr	$ra
        a7990000 00000078   48		sh	$25, %sdaoff(WM__CapturePoint)($28)
                            49	.L4:
        8e2d0004 0000007c   50		lw	$13, 4($17)
        87990000 00000080   51		lh	$25, %sdaoff(WM__CapturePoint+2)($28)
        8e2f0000 00000084   52		lw	$15, 0($17)
        878e0000 00000088   53		lh	$14, %sdaoff(WM__CapturePoint)($28)
        01b9a023 0000008c   54		subu	$20, $13, $25
        1640000e 00000090   55		bne	$18, $0, .L7
        01ee9823 00000094   56		subu	$19, $15, $14
        02002025 00000098   57		move	$4, $16

                                   Tue Apr 07 08:51:39 2015           Page 3
                                   Tue Apr 07 08:51:39 2015       gh_2i029.s
        02602825 0000009c   58		move	$5, $19
        0c000000 000000a0   59		jal	WM_MoveWindow
        02803025 000000a4   60		move	$6, $20
        8fb3000c 000000a8   61		lw	$19, 12($sp)
        8fb20008 000000ac   62		lw	$18, 8($sp)
        8fb10004 000000b0   63		lw	$17, 4($sp)
        8fb00000 000000b4   64		lw	$16, 0($sp)
        8fbf002c 000000b8   65		lw	$ra, 44($sp)
        8fb40010 000000bc   66		lw	$20, 16($sp)
        8fb50014 000000c0   67		lw	$21, 20($sp)
        03e00008 000000c4   68		jr	$ra
        27bd0030 000000c8   69		addiu	$sp, $sp, 48
                            70	.L7:
        27b50020 000000cc   71		addiu	$21, $sp, 32
        02002025 000000d0   72		move	$4, $16
        0c000000 000000d4   73		jal	WM_GetWindowRectEx
        02a02825 000000d8   74		move	$5, $21
        27b10018 000000dc   75		addiu	$17, $sp, 24
        0c000000 000000e0   76		jal	WM_GetParent
        02002025 000000e4   77		move	$4, $16
        00402025 000000e8   78		move	$4, $2
        0c000000 000000ec   79		jal	WM_GetWindowRectEx
        02202825 000000f0   80		move	$5, $17
        02a02025 000000f4   81		move	$4, $21
        02602825 000000f8   82		move	$5, $19
        0c000000 000000fc   83		jal	GUI_MoveRect
        02803025 00000100   84		move	$6, $20
        02202025 00000104   85		move	$4, $17
        02202825 00000108   86		move	$5, $17
        0c000000 0000010c   87		jal	GUI__ReduceRect
        02403025 00000110   88		move	$6, $18
        02a02025 00000114   89		move	$4, $21
        0c000000 00000118   90		jal	GUI_RectsIntersect
        02202825 0000011c   91		move	$5, $17
        10400004 00000120   92		beq	$2, $0, .L2
        02002025 00000124   93		move	$4, $16
        02602825 00000128   94		move	$5, $19
        0c000000 0000012c   95		jal	WM_MoveWindow
        02803025 00000130   96		move	$6, $20
                            97	.L2:
        8fb50014 00000134   98		lw	$21, 20($sp)
                            99	 #	    .ef
        8fb40010 00000138  100		lw	$20, 16($sp)
        8fbf002c 0000013c  101		lw	$ra, 44($sp)
        8fb00000 00000140  102		lw	$16, 0($sp)
        8fb10004 00000144  103		lw	$17, 4($sp)
        8fb20008 00000148  104		lw	$18, 8($sp)
        8fb3000c 0000014c  105		lw	$19, 12($sp)
        03e00008 00000150  106		jr	$ra
        27bd0030 00000154  107		addiu	$sp, $sp, 48
                           108		.type	WM_SetCaptureMove,@function
                           109		.size	WM_SetCaptureMove,.-WM_SetCaptureMove
                           110		.align	4
                           111	 #dx	$19	local
                           112	 #dy	$20	local
                           113	 #Rect	32($sp)	local

                                   Tue Apr 07 08:51:39 2015           Page 4
                                   Tue Apr 07 08:51:39 2015       gh_2i029.s
                           114	 #RectParent	24($sp)	local
                           115	
                           116	 #hWin	$16	param
                           117	 #pState	$17	param
                           118	 #MinVisibility	$18	param
                           119	
                           120		.data
                           121	.L38:
                           122		.lsbss	WM__CapturePoint,4,4
                           123	
                           124		.text
                           125		.align	4
                           126	 #WM__CapturePoint	%sdaoff(WM__CapturePoint)	static
                           127	
                           128		.data
                           129		.section ".sbss","awb"
                           130		.align	4
                           131		.text
