
                                   Tue Apr 07 08:51:45 2015           Page 1
                                   Tue Apr 07 08:51:45 2015       gh_2i02d.s
Command Line:   C:\GHS\V35\mips35\asmips.exe -noundefined -elf -b0
                -IC:\local\Workspace\DC_V04.01.00_int\cu3x1Platform_SRC\emWinColour
                -IC:\local\Workspace\DC_V04.01.00_int\cu3x1App_SRC\MPC_control\source\include
                -IC:\local\Workspace\DC_V04.01.00_int\cu3x1Platform_SRC\platform\common
                -IC:\local\Workspace\DC_V04.01.00_int\cu3x1Platform_SRC\platform\hardware
                -IC:\local\Workspace\DC_V04.01.00_int\cu3x1Platform_SRC\platform\hardware\D3018X
                -IC:\local\Workspace\DC_V04.01.00_int\cu3x1Platform_SRC\embos\inc
                -IC:\local\Workspace\DC_V04.01.00_int\cu3x1Platform_SRC\emWinColour\config
                -IC:\local\Workspace\DC_V04.01.00_int\cu3x1Platform_SRC\emWinColour\gui\ConvertMono
                -IC:\local\Workspace\DC_V04.01.00_int\cu3x1Platform_SRC\emWinColour\gui\Core
                -IC:\local\Workspace\DC_V04.01.00_int\cu3x1Platform_SRC\emWinColour\gui\Font
                -IC:\local\Workspace\DC_V04.01.00_int\cu3x1Platform_SRC\emWinColour\gui\LCDDriver
                -IC:\local\Workspace\DC_V04.01.00_int\cu3x1Platform_SRC\emWinColour\gui\MemDev
                -IC:\local\Workspace\DC_V04.01.00_int\cu3x1Platform_SRC\emWinColour\gui\VNC
                -IC:\local\Workspace\DC_V04.01.00_int\cu3x1Platform_SRC\emWinColour\gui\Widget
                -IC:\local\Workspace\DC_V04.01.00_int\cu3x1Platform_SRC\emWinColour\gui\wm
                -IC:\local\Workspace\DC_V04.01.00_int\cu3x1App_SRC\Control\source
                -IC:\local\Workspace\DC_V04.01.00_int\cu3x1App_SRC\Control\source\include
                -IC:\local\Workspace\DC_V04.01.00_int\cu3x1App_SRC\Control\source\util
                -IC:\local\Workspace\DC_V04.01.00_int\cu3x1App_SRC\Control\source\datapoint
                -IC:\local\Workspace\DC_V04.01.00_int\cu3x1App_SRC\Control\source\factory
                -IC:\local\Workspace\DC_V04.01.00_int\cu3x1Platform_SRC\platform\include
                -IC:\local\Workspace\DC_V04.01.00_int\cu3x1Platform_SRC\embos
                -IC:\local\Workspace\DC_V04.01.00_int\cu3x1Platform_SRC\emWinColour\gui\core
                -IC:\local\Workspace\DC_V04.01.00_int\cu3x1App_SRC\Control\source\rtip\webpage
                -IC:\local\Workspace\DC_V04.01.00_int\cu3x1App_SRC\Control\source\rtip\config
                -IC:\local\Workspace\DC_V04.01.00_int\cu3x1App_SRC\Control\source\rtip\xnet
                -IC:\local\Workspace\DC_V04.01.00_int\cu3x1App_SRC\Control\source\stub
                -IC:\local\Workspace\DC_V04.01.00_int\cu3x1App_SRC\Control\source\test
                -IC:\local\Workspace\DC_V04.01.00_int\cu3x1App_SRC\Control\source\GENIpro
                -IC:\local\Workspace\DC_V04.01.00_int\cu3x1App_SRC\Control\source\GENIpro\GENI_sys
                -IC:\local\Workspace\DC_V04.01.00_int\cu3x1App_SRC\Control\source\GENIpro\GENIusb\emUSB\USB\Driver
                -IC:\local\Workspace\DC_V04.01.00_int\cu3x1App_SRC\Control\source\application\intercom
                -IC:\local\Workspace\DC_V04.01.00_int\cu3x1App_SRC\Control\source\application\controller
                -IC:\local\Workspace\DC_V04.01.00_int\cu3x1App_SRC\Control\source\application\driver
                -IC:\local\Workspace\DC_V04.01.00_int\cu3x1App_SRC\Control\source\application\webif
                -IC:\local\Workspace\DC_V04.01.00_int\cu3x1App_SRC\Control\source\application\relay
                -IC:\local\Workspace\DC_V04.01.00_int\cu3x1App_SRC\Control\source\application\GENIApp
                -IC:\local\Workspace\DC_V04.01.00_int\cu3x1App_SRC\Control\source\application\alarm
                -IC:\local\Workspace\DC_V04.01.00_int\cu3x1App_SRC\Control\source\application\config
                -IC:\local\Workspace\DC_V04.01.00_int\cu3x1App_SRC\Control\source\application\AnaInConfigCtrl
                -IC:\local\Workspace\DC_V04.01.00_int\cu3x1App_SRC\Control\source\application\Sms
                -IC:\local\Workspace\DC_V04.01.00_int\cu3x1App_SRC\Control\source\application\display
                -IC:\local\Workspace\DC_V04.01.00_int\cu3x1App_SRC\Control\source\application\display\display_task
                -IC:\local\Workspace\DC_V04.01.00_int\cu3x1App_SRC\Control\source\application\display\gui_utility
                -IC:\local\Workspace\DC_V04.01.00_int\cu3x1App_SRC\Control\source\application\display\mpcunit
                -IC:\local\Workspace\DC_V04.01.00_int\cu3x1App_SRC\Control\source\GeniPro
                -IC:\local\Workspace\DC_V04.01.00_int\cu3x1App_SRC\Control\source\GeniPro\GENI_sys
                -IC:\local\Workspace\DC_V04.01.00_int\cu3x1App_SRC\Control\source\GeniPro\GENIbus
                -IC:\local\Workspace\DC_V04.01.00_int\cu3x1App_SRC\Control\source\GeniPro\GENIcom
                -IC:\local\Workspace\DC_V04.01.00_int\cu3x1App_SRC\Control\source\GeniPro\GENIrs232
                -IC:\local\Workspace\DC_V04.01.00_int\cu3x1App_SRC\Control\source\GeniPro\Virtual
                -IC:\local\Workspace\DC_V04.01.00_int\cu3x1Platform_SRC\Platform\common
                -IC:\local\Workspace\DC_V04.01.00_int\cu3x1Platform_SRC\Platform\hardware
                -IC:\local\Workspace\DC_V04.01.00_int\cu3x1Platform_SRC\Platform\hardware\D3018X
                -IC:\local\Workspace\DC_V04.01.00_int\cu3x1App_SRC\Control\source\application\display\imagesTFT
                -IC:\GHS\V35\mips35\mipsl_sf -r4121
                -source=WM_SetFocusOnNextChild.c -o objs\gh_2i02d.o
                -list=objs\WM_SetFocusOnNextChild.lst
                C:\Users\55602\AppData\Local\Temp\gh_2i02d.s
Source File:    C:\Users\55602\AppData\Local\Temp\gh_2i02d.s
Directory:      C:\local\Workspace\DC_V04.01.00_int\cu3x1App_SRC\Control\source
Host OS:        GHS_WIN32
Version:        AS-MIPS 3.5#11 
Release:        MULTI 2000, MIPS v3.5
Revision Date:  Wed Feb 27 12:19:03 2002
Release Date:   Sat Mar 02 02:57:59 2002
                             1	 #Source File:   C:\local\Workspace\DC_V04.01.00_int\cu3x1Platform_SRC\emWinColour\GUI\WM\WM_SetFocusOnNextChild.c

                                   Tue Apr 07 08:51:45 2015           Page 2
                                   Tue Apr 07 08:51:45 2015       gh_2i02d.s
                             2	 #Directory:     
                             3	 #		C:\local\Workspace\DC_V04.01.00_int\cu3x1App_SRC\Control\source
                             4	 #Compile Date:  Tue Apr 07 08:51:45 2015
                             5	 #Host OS:       Win32
                             6	 #Version:       C-MIPS 3.5#11 RELEASE VERSION
                             7	 #Release:       MULTI 2000, MIPS v3.5
                             8	 #Revision Date: Fri Mar 01 11:32:40 2002
                             9	 #Release Date:  Sat Mar 02 02:58:48 2002
                            10		.set	noat
                            11		.set	noreorder
                            12		.set	nomacro
                            13		.text
                            14		.align	4
                            15	_GetNextChild:
        34030000 00000000   16		ori	$3, $0, 0
                            17	 #	    .bf
        27bdfff0 00000004   18		addiu	$sp, $sp, -16
        afb00000 00000008   19		sw	$16, 0($sp)
        00048400 0000000c   20		sll	$16, $4, 16
        00108403 00000010   21		sra	$16, $16, 16
        afb10004 00000014   22		sw	$17, 4($sp)
        00058c00 00000018   23		sll	$17, $5, 16
        00118c03 0000001c   24		sra	$17, $17, 16
        12200004 00000020   25		beq	$17, $0, .L39
        afbf000c 00000024   26		sw	$ra, 12($sp)
        0c000000 00000028   27		jal	GUI_ALLOC_h2p
        02202025 0000002c   28		move	$4, $17
        8443001a 00000030   29		lh	$3, 26($2)
                            30	.L39:
        14600004 00000034   31		bne	$3, $0, .L41
        00000000 00000038   32		nop
        0c000000 0000003c   33		jal	GUI_ALLOC_h2p
        02002025 00000040   34		move	$4, $16
        84430018 00000044   35		lh	$3, 24($2)
                            36	.L41:
        10710006 00000048   37		beq	$3, $17, .L1000043
        8fb10004 0000004c   38		lw	$17, 4($sp)
        8fb00000 00000050   39		lw	$16, 0($sp)
        8fbf000c 00000054   40		lw	$ra, 12($sp)
        27bd0010 00000058   41		addiu	$sp, $sp, 16
        03e00008 0000005c   42		jr	$ra
        00601025 00000060   43		move	$2, $3
                            44	.L1000043:
                            45	 #	    .ef
        8fb00000 00000064   46		lw	$16, 0($sp)
        8fbf000c 00000068   47		lw	$ra, 12($sp)
        27bd0010 0000006c   48		addiu	$sp, $sp, 16
        03e00008 00000070   49		jr	$ra
        34020000 00000074   50		ori	$2, $0, 0
                            51		.type	_GetNextChild,@function
                            52		.size	_GetNextChild,.-_GetNextChild
                            53		.align	4
                            54	 #hObj	$3	local
                            55	
                            56	 #hParent	$16	param
                            57	 #hChild	$17	param

                                   Tue Apr 07 08:51:45 2015           Page 3
                                   Tue Apr 07 08:51:45 2015       gh_2i02d.s
                            58	
                            59		.data
                            60	.L75:
                            61		.text
                            62		.align	4
                            63		.align	4
                            64		.globl	WM_SetFocusOnNextChild
                            65	WM_SetFocusOnNextChild:
        27bdffe8 00000078   66		addiu	$sp, $sp, -24
        afb10004 0000007c   67		sw	$17, 4($sp)
                            68	 #	    .bf
        34110000 00000080   69		ori	$17, $0, 0
        afb20008 00000084   70		sw	$18, 8($sp)
        afb00000 00000088   71		sw	$16, 0($sp)
        00048400 0000008c   72		sll	$16, $4, 16
        00108403 00000090   73		sra	$16, $16, 16
        1200002a 00000094   74		beq	$16, $0, .L95
        afbf0014 00000098   75		sw	$ra, 20($sp)
        0c000000 0000009c   76		jal	GUI_Lock
        02008825 000000a0   77		move	$17, $16
        0c000000 000000a4   78		jal	WM__GetFocussedChild
        02202025 000000a8   79		move	$4, $17
        02202025 000000ac   80		move	$4, $17
        0c000000 000000b0   81		jal	_GetNextChild
        00402825 000000b4   82		move	$5, $2
        00409025 000000b8   83		move	$18, $2
        02408025 000000bc   84		move	$16, $18
        0c000000 000000c0   85		jal	WM_IsFocussable
        02002025 000000c4   86		move	$4, $16
        1040000c 000000c8   87		beq	$2, $0, .L103
        00000000 000000cc   88		nop
        08000000 000000d0   89		j	.L104
        00000000 000000d4   90		nop
                            91	.L1000100:
        0c000000 000000d8   92		jal	_GetNextChild
        02002825 000000dc   93		move	$5, $16
        00408025 000000e0   94		move	$16, $2
        12120007 000000e4   95		beq	$16, $18, .L104
        00000000 000000e8   96		nop
        0c000000 000000ec   97		jal	WM_IsFocussable
        02002025 000000f0   98		move	$4, $16
        14400003 000000f4   99		bne	$2, $0, .L104
        00000000 000000f8  100		nop
                           101	.L103:
        5600fff6 000000fc  102		bnel	$16, $0, .L1000100
        02202025 00000100  103		move	$4, $17
                           104	.L104:
        0c000000 00000104  105		jal	WM_SetFocus
        02002025 00000108  106		move	$4, $16
        1440000a 0000010c  107		bne	$2, $0, .L106
        00000000 00000110  108		nop
        0c000000 00000114  109		jal	GUI_Unlock
        02008825 00000118  110		move	$17, $16
        02201025 0000011c  111		move	$2, $17
        8fb20008 00000120  112		lw	$18, 8($sp)
        8fb10004 00000124  113		lw	$17, 4($sp)

                                   Tue Apr 07 08:51:45 2015           Page 4
                                   Tue Apr 07 08:51:45 2015       gh_2i02d.s
        8fbf0014 00000128  114		lw	$ra, 20($sp)
        8fb00000 0000012c  115		lw	$16, 0($sp)
        03e00008 00000130  116		jr	$ra
        27bd0018 00000134  117		addiu	$sp, $sp, 24
                           118	.L106:
        0c000000 00000138  119		jal	GUI_Unlock
        34110000 0000013c  120		ori	$17, $0, 0
                           121	.L95:
        8fb20008 00000140  122		lw	$18, 8($sp)
                           123	 #	    .ef
        02201025 00000144  124		move	$2, $17
        8fb10004 00000148  125		lw	$17, 4($sp)
        8fbf0014 0000014c  126		lw	$ra, 20($sp)
        8fb00000 00000150  127		lw	$16, 0($sp)
        03e00008 00000154  128		jr	$ra
        27bd0018 00000158  129		addiu	$sp, $sp, 24
                           130		.type	WM_SetFocusOnNextChild,@function
                           131		.size	WM_SetFocusOnNextChild,.-WM_SetFocusOnNextChild
                           132		.align	4
                           133	 #r	$17	local
                           134	 #hParent	$17	local
                           135	 #hChild	$18	local
                           136	 #hWin	$16	local
                           137	
                           138	 #hParent	$16	param
                           139	
                           140		.data
                           141	.L162:
                           142		.text
                           143		.align	4
                           144	
                           145		.data
                           146		.text
