
                                   Tue Apr 07 08:51:38 2015           Page 1
                                   Tue Apr 07 08:51:37 2015       gh_2i028.s
Command Line:   C:\GHS\V35\mips35\asmips.exe -noundefined -elf -b0
                -IC:\local\Workspace\DC_V04.01.00_int\cu3x1Platform_SRC\emWinColour
                -IC:\local\Workspace\DC_V04.01.00_int\cu3x1App_SRC\MPC_control\source\include
                -IC:\local\Workspace\DC_V04.01.00_int\cu3x1Platform_SRC\platform\common
                -IC:\local\Workspace\DC_V04.01.00_int\cu3x1Platform_SRC\platform\hardware
                -IC:\local\Workspace\DC_V04.01.00_int\cu3x1Platform_SRC\platform\hardware\D3018X
                -IC:\local\Workspace\DC_V04.01.00_int\cu3x1Platform_SRC\embos\inc
                -IC:\local\Workspace\DC_V04.01.00_int\cu3x1Platform_SRC\emWinColour\config
                -IC:\local\Workspace\DC_V04.01.00_int\cu3x1Platform_SRC\emWinColour\gui\ConvertMono
                -IC:\local\Workspace\DC_V04.01.00_int\cu3x1Platform_SRC\emWinColour\gui\Core
                -IC:\local\Workspace\DC_V04.01.00_int\cu3x1Platform_SRC\emWinColour\gui\Font
                -IC:\local\Workspace\DC_V04.01.00_int\cu3x1Platform_SRC\emWinColour\gui\LCDDriver
                -IC:\local\Workspace\DC_V04.01.00_int\cu3x1Platform_SRC\emWinColour\gui\MemDev
                -IC:\local\Workspace\DC_V04.01.00_int\cu3x1Platform_SRC\emWinColour\gui\VNC
                -IC:\local\Workspace\DC_V04.01.00_int\cu3x1Platform_SRC\emWinColour\gui\Widget
                -IC:\local\Workspace\DC_V04.01.00_int\cu3x1Platform_SRC\emWinColour\gui\wm
                -IC:\local\Workspace\DC_V04.01.00_int\cu3x1App_SRC\Control\source
                -IC:\local\Workspace\DC_V04.01.00_int\cu3x1App_SRC\Control\source\include
                -IC:\local\Workspace\DC_V04.01.00_int\cu3x1App_SRC\Control\source\util
                -IC:\local\Workspace\DC_V04.01.00_int\cu3x1App_SRC\Control\source\datapoint
                -IC:\local\Workspace\DC_V04.01.00_int\cu3x1App_SRC\Control\source\factory
                -IC:\local\Workspace\DC_V04.01.00_int\cu3x1Platform_SRC\platform\include
                -IC:\local\Workspace\DC_V04.01.00_int\cu3x1Platform_SRC\embos
                -IC:\local\Workspace\DC_V04.01.00_int\cu3x1Platform_SRC\emWinColour\gui\core
                -IC:\local\Workspace\DC_V04.01.00_int\cu3x1App_SRC\Control\source\rtip\webpage
                -IC:\local\Workspace\DC_V04.01.00_int\cu3x1App_SRC\Control\source\rtip\config
                -IC:\local\Workspace\DC_V04.01.00_int\cu3x1App_SRC\Control\source\rtip\xnet
                -IC:\local\Workspace\DC_V04.01.00_int\cu3x1App_SRC\Control\source\stub
                -IC:\local\Workspace\DC_V04.01.00_int\cu3x1App_SRC\Control\source\test
                -IC:\local\Workspace\DC_V04.01.00_int\cu3x1App_SRC\Control\source\GENIpro
                -IC:\local\Workspace\DC_V04.01.00_int\cu3x1App_SRC\Control\source\GENIpro\GENI_sys
                -IC:\local\Workspace\DC_V04.01.00_int\cu3x1App_SRC\Control\source\GENIpro\GENIusb\emUSB\USB\Driver
                -IC:\local\Workspace\DC_V04.01.00_int\cu3x1App_SRC\Control\source\application\intercom
                -IC:\local\Workspace\DC_V04.01.00_int\cu3x1App_SRC\Control\source\application\controller
                -IC:\local\Workspace\DC_V04.01.00_int\cu3x1App_SRC\Control\source\application\driver
                -IC:\local\Workspace\DC_V04.01.00_int\cu3x1App_SRC\Control\source\application\webif
                -IC:\local\Workspace\DC_V04.01.00_int\cu3x1App_SRC\Control\source\application\relay
                -IC:\local\Workspace\DC_V04.01.00_int\cu3x1App_SRC\Control\source\application\GENIApp
                -IC:\local\Workspace\DC_V04.01.00_int\cu3x1App_SRC\Control\source\application\alarm
                -IC:\local\Workspace\DC_V04.01.00_int\cu3x1App_SRC\Control\source\application\config
                -IC:\local\Workspace\DC_V04.01.00_int\cu3x1App_SRC\Control\source\application\AnaInConfigCtrl
                -IC:\local\Workspace\DC_V04.01.00_int\cu3x1App_SRC\Control\source\application\Sms
                -IC:\local\Workspace\DC_V04.01.00_int\cu3x1App_SRC\Control\source\application\display
                -IC:\local\Workspace\DC_V04.01.00_int\cu3x1App_SRC\Control\source\application\display\display_task
                -IC:\local\Workspace\DC_V04.01.00_int\cu3x1App_SRC\Control\source\application\display\gui_utility
                -IC:\local\Workspace\DC_V04.01.00_int\cu3x1App_SRC\Control\source\application\display\mpcunit
                -IC:\local\Workspace\DC_V04.01.00_int\cu3x1App_SRC\Control\source\GeniPro
                -IC:\local\Workspace\DC_V04.01.00_int\cu3x1App_SRC\Control\source\GeniPro\GENI_sys
                -IC:\local\Workspace\DC_V04.01.00_int\cu3x1App_SRC\Control\source\GeniPro\GENIbus
                -IC:\local\Workspace\DC_V04.01.00_int\cu3x1App_SRC\Control\source\GeniPro\GENIcom
                -IC:\local\Workspace\DC_V04.01.00_int\cu3x1App_SRC\Control\source\GeniPro\GENIrs232
                -IC:\local\Workspace\DC_V04.01.00_int\cu3x1App_SRC\Control\source\GeniPro\Virtual
                -IC:\local\Workspace\DC_V04.01.00_int\cu3x1Platform_SRC\Platform\common
                -IC:\local\Workspace\DC_V04.01.00_int\cu3x1Platform_SRC\Platform\hardware
                -IC:\local\Workspace\DC_V04.01.00_int\cu3x1Platform_SRC\Platform\hardware\D3018X
                -IC:\local\Workspace\DC_V04.01.00_int\cu3x1App_SRC\Control\source\application\display\imagesTFT
                -IC:\GHS\V35\mips35\mipsl_sf -r4121 -source=WM_SetCapture.c -o
                objs\gh_2i028.o -list=objs\WM_SetCapture.lst
                C:\Users\55602\AppData\Local\Temp\gh_2i028.s
Source File:    C:\Users\55602\AppData\Local\Temp\gh_2i028.s
Directory:      C:\local\Workspace\DC_V04.01.00_int\cu3x1App_SRC\Control\source
Host OS:        GHS_WIN32
Version:        AS-MIPS 3.5#11 
Release:        MULTI 2000, MIPS v3.5
Revision Date:  Wed Feb 27 12:19:03 2002
Release Date:   Sat Mar 02 02:57:59 2002
                             1	 #Source File:   C:\local\Workspace\DC_V04.01.00_int\cu3x1Platform_SRC\emWinColour\GUI\WM\WM_SetCapture.c

                                   Tue Apr 07 08:51:38 2015           Page 2
                                   Tue Apr 07 08:51:37 2015       gh_2i028.s
                             2	 #Directory:     
                             3	 #		C:\local\Workspace\DC_V04.01.00_int\cu3x1App_SRC\Control\source
                             4	 #Compile Date:  Tue Apr 07 08:51:37 2015
                             5	 #Host OS:       Win32
                             6	 #Version:       C-MIPS 3.5#11 RELEASE VERSION
                             7	 #Release:       MULTI 2000, MIPS v3.5
                             8	 #Revision Date: Fri Mar 01 11:32:40 2002
                             9	 #Release Date:  Sat Mar 02 02:58:48 2002
                            10		.set	noat
                            11		.set	noreorder
                            12		.set	nomacro
                            13		.text
                            14		.align	4
                            15	WM__ReleaseCapture:
        87830000 00000000   16		lh	$3, %sdaoff(WM__hCapture)($28)
                            17	 #	    .bf
        27bdffe8 00000004   18		addiu	$sp, $sp, -24
        afbf0014 00000008   19		sw	$ra, 20($sp)
        10600006 0000000c   20		beq	$3, $0, .L2
        27a50004 00000010   21		addiu	$5, $sp, 4
        34180018 00000014   22		ori	$24, $0, 24
        afb80004 00000018   23		sw	$24, 4($sp)
        0c000000 0000001c   24		jal	WM__SendMessage
        00602025 00000020   25		move	$4, $3
        a7800000 00000024   26		sh	$0, %sdaoff(WM__hCapture)($28)
                            27	.L2:
        8fbf0014 00000028   28		lw	$ra, 20($sp)
                            29	 #	    .ef
        03e00008 0000002c   30		jr	$ra
        27bd0018 00000030   31		addiu	$sp, $sp, 24
                            32		.type	WM__ReleaseCapture,@function
                            33		.size	WM__ReleaseCapture,.-WM__ReleaseCapture
                            34		.align	4
                            35	 #Msg	4($sp)	local
                            36	
                            37		.data
                            38	.L20:
                            39		.text
                            40		.align	4
                            41		.align	4
                            42		.globl	WM_SetCapture
                            43	WM_SetCapture:
        27bdfff0 00000034   44		addiu	$sp, $sp, -16
        afbf000c 00000038   45		sw	$ra, 12($sp)
        afb10004 0000003c   46		sw	$17, 4($sp)
        afb00000 00000040   47		sw	$16, 0($sp)
        00048400 00000044   48		sll	$16, $4, 16
        00108403 00000048   49		sra	$16, $16, 16
                            50	 #	    .bf
        0c000000 0000004c   51		jal	GUI_Lock
        00a08825 00000050   52		move	$17, $5
        87990000 00000054   53		lh	$25, %sdaoff(WM__hCapture)($28)
        53300004 00000058   54		beql	$25, $16, .L1000031
        a7900000 0000005c   55		sh	$16, %sdaoff(WM__hCapture)($28)
        0c000000 00000060   56		jal	WM__ReleaseCapture
        00000000 00000064   57		nop

                                   Tue Apr 07 08:51:38 2015           Page 3
                                   Tue Apr 07 08:51:37 2015       gh_2i028.s
        a7900000 00000068   58		sh	$16, %sdaoff(WM__hCapture)($28)
                            59	.L1000031:
        0c000000 0000006c   60		jal	GUI_Unlock
        a3910000 00000070   61		sb	$17, %sdaoff(WM__CaptureReleaseAuto)($28)
                            62	 #	    .ef
        8fbf000c 00000074   63		lw	$ra, 12($sp)
        8fb00000 00000078   64		lw	$16, 0($sp)
        8fb10004 0000007c   65		lw	$17, 4($sp)
        03e00008 00000080   66		jr	$ra
        27bd0010 00000084   67		addiu	$sp, $sp, 16
                            68		.type	WM_SetCapture,@function
                            69		.size	WM_SetCapture,.-WM_SetCapture
                            70		.align	4
                            71	
                            72	 #hObj	$16	param
                            73	 #AutoRelease	$17	param
                            74	
                            75		.data
                            76	.L50:
                            77		.text
                            78		.align	4
                            79		.align	4
                            80		.globl	WM_ReleaseCapture
                            81	WM_ReleaseCapture:
        27bdfff8 00000088   82		addiu	$sp, $sp, -8
                            83	 #	    .bf
        afbf0004 0000008c   84		sw	$ra, 4($sp)
        0c000000 00000090   85		jal	GUI_Lock
        00000000 00000094   86		nop
        0c000000 00000098   87		jal	WM__ReleaseCapture
        00000000 0000009c   88		nop
        0c000000 000000a0   89		jal	GUI_Unlock
        00000000 000000a4   90		nop
                            91	 #	    .ef
        8fbf0004 000000a8   92		lw	$ra, 4($sp)
        03e00008 000000ac   93		jr	$ra
        27bd0008 000000b0   94		addiu	$sp, $sp, 8
                            95		.type	WM_ReleaseCapture,@function
                            96		.size	WM_ReleaseCapture,.-WM_ReleaseCapture
                            97		.align	4
                            98	
                            99		.data
                           100	.L74:
                           101		.text
                           102		.align	4
                           103	 #WM__hCapture	%sdaoff(WM__hCapture)	import
                           104	 #WM__CaptureReleaseAuto	%sdaoff(WM__CaptureReleaseAuto)	import
                           105	
                           106		.data
                           107		.text
