
                                   Tue Apr 07 08:52:05 2015           Page 1
                                   Tue Apr 07 08:52:05 2015       gh_2i02r.s
Command Line:   C:\GHS\V35\mips35\asmips.exe -noundefined -elf -b0
                -IC:\local\Workspace\DC_V04.01.00_int\cu3x1Platform_SRC\emWinColour
                -IC:\local\Workspace\DC_V04.01.00_int\cu3x1App_SRC\MPC_control\source\include
                -IC:\local\Workspace\DC_V04.01.00_int\cu3x1Platform_SRC\platform\common
                -IC:\local\Workspace\DC_V04.01.00_int\cu3x1Platform_SRC\platform\hardware
                -IC:\local\Workspace\DC_V04.01.00_int\cu3x1Platform_SRC\platform\hardware\D3018X
                -IC:\local\Workspace\DC_V04.01.00_int\cu3x1Platform_SRC\embos\inc
                -IC:\local\Workspace\DC_V04.01.00_int\cu3x1Platform_SRC\emWinColour\config
                -IC:\local\Workspace\DC_V04.01.00_int\cu3x1Platform_SRC\emWinColour\gui\ConvertMono
                -IC:\local\Workspace\DC_V04.01.00_int\cu3x1Platform_SRC\emWinColour\gui\Core
                -IC:\local\Workspace\DC_V04.01.00_int\cu3x1Platform_SRC\emWinColour\gui\Font
                -IC:\local\Workspace\DC_V04.01.00_int\cu3x1Platform_SRC\emWinColour\gui\LCDDriver
                -IC:\local\Workspace\DC_V04.01.00_int\cu3x1Platform_SRC\emWinColour\gui\MemDev
                -IC:\local\Workspace\DC_V04.01.00_int\cu3x1Platform_SRC\emWinColour\gui\VNC
                -IC:\local\Workspace\DC_V04.01.00_int\cu3x1Platform_SRC\emWinColour\gui\Widget
                -IC:\local\Workspace\DC_V04.01.00_int\cu3x1Platform_SRC\emWinColour\gui\wm
                -IC:\local\Workspace\DC_V04.01.00_int\cu3x1App_SRC\Control\source
                -IC:\local\Workspace\DC_V04.01.00_int\cu3x1App_SRC\Control\source\include
                -IC:\local\Workspace\DC_V04.01.00_int\cu3x1App_SRC\Control\source\util
                -IC:\local\Workspace\DC_V04.01.00_int\cu3x1App_SRC\Control\source\datapoint
                -IC:\local\Workspace\DC_V04.01.00_int\cu3x1App_SRC\Control\source\factory
                -IC:\local\Workspace\DC_V04.01.00_int\cu3x1Platform_SRC\platform\include
                -IC:\local\Workspace\DC_V04.01.00_int\cu3x1Platform_SRC\embos
                -IC:\local\Workspace\DC_V04.01.00_int\cu3x1Platform_SRC\emWinColour\gui\core
                -IC:\local\Workspace\DC_V04.01.00_int\cu3x1App_SRC\Control\source\rtip\webpage
                -IC:\local\Workspace\DC_V04.01.00_int\cu3x1App_SRC\Control\source\rtip\config
                -IC:\local\Workspace\DC_V04.01.00_int\cu3x1App_SRC\Control\source\rtip\xnet
                -IC:\local\Workspace\DC_V04.01.00_int\cu3x1App_SRC\Control\source\stub
                -IC:\local\Workspace\DC_V04.01.00_int\cu3x1App_SRC\Control\source\test
                -IC:\local\Workspace\DC_V04.01.00_int\cu3x1App_SRC\Control\source\GENIpro
                -IC:\local\Workspace\DC_V04.01.00_int\cu3x1App_SRC\Control\source\GENIpro\GENI_sys
                -IC:\local\Workspace\DC_V04.01.00_int\cu3x1App_SRC\Control\source\GENIpro\GENIusb\emUSB\USB\Driver
                -IC:\local\Workspace\DC_V04.01.00_int\cu3x1App_SRC\Control\source\application\intercom
                -IC:\local\Workspace\DC_V04.01.00_int\cu3x1App_SRC\Control\source\application\controller
                -IC:\local\Workspace\DC_V04.01.00_int\cu3x1App_SRC\Control\source\application\driver
                -IC:\local\Workspace\DC_V04.01.00_int\cu3x1App_SRC\Control\source\application\webif
                -IC:\local\Workspace\DC_V04.01.00_int\cu3x1App_SRC\Control\source\application\relay
                -IC:\local\Workspace\DC_V04.01.00_int\cu3x1App_SRC\Control\source\application\GENIApp
                -IC:\local\Workspace\DC_V04.01.00_int\cu3x1App_SRC\Control\source\application\alarm
                -IC:\local\Workspace\DC_V04.01.00_int\cu3x1App_SRC\Control\source\application\config
                -IC:\local\Workspace\DC_V04.01.00_int\cu3x1App_SRC\Control\source\application\AnaInConfigCtrl
                -IC:\local\Workspace\DC_V04.01.00_int\cu3x1App_SRC\Control\source\application\Sms
                -IC:\local\Workspace\DC_V04.01.00_int\cu3x1App_SRC\Control\source\application\display
                -IC:\local\Workspace\DC_V04.01.00_int\cu3x1App_SRC\Control\source\application\display\display_task
                -IC:\local\Workspace\DC_V04.01.00_int\cu3x1App_SRC\Control\source\application\display\gui_utility
                -IC:\local\Workspace\DC_V04.01.00_int\cu3x1App_SRC\Control\source\application\display\mpcunit
                -IC:\local\Workspace\DC_V04.01.00_int\cu3x1App_SRC\Control\source\GeniPro
                -IC:\local\Workspace\DC_V04.01.00_int\cu3x1App_SRC\Control\source\GeniPro\GENI_sys
                -IC:\local\Workspace\DC_V04.01.00_int\cu3x1App_SRC\Control\source\GeniPro\GENIbus
                -IC:\local\Workspace\DC_V04.01.00_int\cu3x1App_SRC\Control\source\GeniPro\GENIcom
                -IC:\local\Workspace\DC_V04.01.00_int\cu3x1App_SRC\Control\source\GeniPro\GENIrs232
                -IC:\local\Workspace\DC_V04.01.00_int\cu3x1App_SRC\Control\source\GeniPro\Virtual
                -IC:\local\Workspace\DC_V04.01.00_int\cu3x1Platform_SRC\Platform\common
                -IC:\local\Workspace\DC_V04.01.00_int\cu3x1Platform_SRC\Platform\hardware
                -IC:\local\Workspace\DC_V04.01.00_int\cu3x1Platform_SRC\Platform\hardware\D3018X
                -IC:\local\Workspace\DC_V04.01.00_int\cu3x1App_SRC\Control\source\application\display\imagesTFT
                -IC:\GHS\V35\mips35\mipsl_sf -r4121 -source=WM_Show.c -o
                objs\gh_2i02r.o -list=objs\WM_Show.lst
                C:\Users\55602\AppData\Local\Temp\gh_2i02r.s
Source File:    C:\Users\55602\AppData\Local\Temp\gh_2i02r.s
Directory:      C:\local\Workspace\DC_V04.01.00_int\cu3x1App_SRC\Control\source
Host OS:        GHS_WIN32
Version:        AS-MIPS 3.5#11 
Release:        MULTI 2000, MIPS v3.5
Revision Date:  Wed Feb 27 12:19:03 2002
Release Date:   Sat Mar 02 02:57:59 2002
                             1	 #Source File:   C:\local\Workspace\DC_V04.01.00_int\cu3x1Platform_SRC\emWinColour\GUI\WM\WM_Show.c

                                   Tue Apr 07 08:52:05 2015           Page 2
                                   Tue Apr 07 08:52:05 2015       gh_2i02r.s
                             2	 #Directory:     
                             3	 #		C:\local\Workspace\DC_V04.01.00_int\cu3x1App_SRC\Control\source
                             4	 #Compile Date:  Tue Apr 07 08:52:05 2015
                             5	 #Host OS:       Win32
                             6	 #Version:       C-MIPS 3.5#11 RELEASE VERSION
                             7	 #Release:       MULTI 2000, MIPS v3.5
                             8	 #Revision Date: Fri Mar 01 11:32:40 2002
                             9	 #Release Date:  Sat Mar 02 02:58:48 2002
                            10		.set	noat
                            11		.set	noreorder
                            12		.set	nomacro
                            13		.text
                            14		.align	4
                            15		.globl	WM_InvalidateWindowDescs
                            16	WM_InvalidateWindowDescs:
        27bdfff0 00000000   17		addiu	$sp, $sp, -16
                            18	 #	    .bf
        afb10004 00000004   19		sw	$17, 4($sp)
        afb00000 00000008   20		sw	$16, 0($sp)
        00048400 0000000c   21		sll	$16, $4, 16
        00108403 00000010   22		sra	$16, $16, 16
        12000010 00000014   23		beq	$16, $0, .L2
        afbf000c 00000018   24		sw	$ra, 12($sp)
        0c000000 0000001c   25		jal	WM_InvalidateWindow
        02002025 00000020   26		move	$4, $16
        0c000000 00000024   27		jal	WM_GetFirstChild
        02002025 00000028   28		move	$4, $16
        00408025 0000002c   29		move	$16, $2
        5200000a 00000030   30		beql	$16, $0, .L1000002
        8fb10004 00000034   31		lw	$17, 4($sp)
                            32	.L8:
        0c000000 00000038   33		jal	GUI_ALLOC_h2p
        02002025 0000003c   34		move	$4, $16
        00408825 00000040   35		move	$17, $2
        0c000000 00000044   36		jal	WM_InvalidateWindowDescs
        02002025 00000048   37		move	$4, $16
        8630001a 0000004c   38		lh	$16, 26($17)
        1600fff9 00000050   39		bne	$16, $0, .L8
        00000000 00000054   40		nop
                            41	.L2:
        8fb10004 00000058   42		lw	$17, 4($sp)
                            43	.L1000002:
                            44	 #	    .ef
        8fb00000 0000005c   45		lw	$16, 0($sp)
        8fbf000c 00000060   46		lw	$ra, 12($sp)
        03e00008 00000064   47		jr	$ra
        27bd0010 00000068   48		addiu	$sp, $sp, 16
                            49		.type	WM_InvalidateWindowDescs,@function
                            50		.size	WM_InvalidateWindowDescs,.-WM_InvalidateWindowDescs
                            51		.align	4
                            52	 #hChild	$16	local
                            53	 #pChild	$17	local
                            54	
                            55	 #hWin	$16	param
                            56	
                            57		.data

                                   Tue Apr 07 08:52:05 2015           Page 3
                                   Tue Apr 07 08:52:05 2015       gh_2i02r.s
                            58	.L30:
                            59		.text
                            60		.align	4
                            61		.align	4
                            62		.globl	WM_ShowWindow
                            63	WM_ShowWindow:
        27bdfff0 0000006c   64		addiu	$sp, $sp, -16
                            65	 #	    .bf
        afb00000 00000070   66		sw	$16, 0($sp)
        00048400 00000074   67		sll	$16, $4, 16
        00108403 00000078   68		sra	$16, $16, 16
        1200000f 0000007c   69		beq	$16, $0, .L43
        afbf000c 00000080   70		sw	$ra, 12($sp)
        0c000000 00000084   71		jal	GUI_Lock
        00000000 00000088   72		nop
        0c000000 0000008c   73		jal	GUI_ALLOC_h2p
        02002025 00000090   74		move	$4, $16
        00401825 00000094   75		move	$3, $2
        946f001c 00000098   76		lhu	$15, 28($3)
        31f80002 0000009c   77		andi	$24, $15, 2
        17000004 000000a0   78		bne	$24, $0, .L47
        35ef0002 000000a4   79		ori	$15, $15, 2
        a46f001c 000000a8   80		sh	$15, 28($3)
        0c000000 000000ac   81		jal	WM_InvalidateWindowDescs
        02002025 000000b0   82		move	$4, $16
                            83	.L47:
        0c000000 000000b4   84		jal	GUI_Unlock
        00000000 000000b8   85		nop
                            86	.L43:
        8fb00000 000000bc   87		lw	$16, 0($sp)
                            88	 #	    .ef
        8fbf000c 000000c0   89		lw	$ra, 12($sp)
        03e00008 000000c4   90		jr	$ra
        27bd0010 000000c8   91		addiu	$sp, $sp, 16
                            92		.type	WM_ShowWindow,@function
                            93		.size	WM_ShowWindow,.-WM_ShowWindow
                            94		.align	4
                            95	 #pWin	$3	local
                            96	
                            97	 #hWin	$16	param
                            98	
                            99		.data
                           100	.L69:
                           101		.text
                           102		.align	4
                           103	
                           104		.data
                           105		.text
