
                                   Tue Apr 07 08:51:44 2015           Page 1
                                   Tue Apr 07 08:51:43 2015       gh_2i02c.s
Command Line:   C:\GHS\V35\mips35\asmips.exe -noundefined -elf -b0
                -IC:\local\Workspace\DC_V04.01.00_int\cu3x1Platform_SRC\emWinColour
                -IC:\local\Workspace\DC_V04.01.00_int\cu3x1App_SRC\MPC_control\source\include
                -IC:\local\Workspace\DC_V04.01.00_int\cu3x1Platform_SRC\platform\common
                -IC:\local\Workspace\DC_V04.01.00_int\cu3x1Platform_SRC\platform\hardware
                -IC:\local\Workspace\DC_V04.01.00_int\cu3x1Platform_SRC\platform\hardware\D3018X
                -IC:\local\Workspace\DC_V04.01.00_int\cu3x1Platform_SRC\embos\inc
                -IC:\local\Workspace\DC_V04.01.00_int\cu3x1Platform_SRC\emWinColour\config
                -IC:\local\Workspace\DC_V04.01.00_int\cu3x1Platform_SRC\emWinColour\gui\ConvertMono
                -IC:\local\Workspace\DC_V04.01.00_int\cu3x1Platform_SRC\emWinColour\gui\Core
                -IC:\local\Workspace\DC_V04.01.00_int\cu3x1Platform_SRC\emWinColour\gui\Font
                -IC:\local\Workspace\DC_V04.01.00_int\cu3x1Platform_SRC\emWinColour\gui\LCDDriver
                -IC:\local\Workspace\DC_V04.01.00_int\cu3x1Platform_SRC\emWinColour\gui\MemDev
                -IC:\local\Workspace\DC_V04.01.00_int\cu3x1Platform_SRC\emWinColour\gui\VNC
                -IC:\local\Workspace\DC_V04.01.00_int\cu3x1Platform_SRC\emWinColour\gui\Widget
                -IC:\local\Workspace\DC_V04.01.00_int\cu3x1Platform_SRC\emWinColour\gui\wm
                -IC:\local\Workspace\DC_V04.01.00_int\cu3x1App_SRC\Control\source
                -IC:\local\Workspace\DC_V04.01.00_int\cu3x1App_SRC\Control\source\include
                -IC:\local\Workspace\DC_V04.01.00_int\cu3x1App_SRC\Control\source\util
                -IC:\local\Workspace\DC_V04.01.00_int\cu3x1App_SRC\Control\source\datapoint
                -IC:\local\Workspace\DC_V04.01.00_int\cu3x1App_SRC\Control\source\factory
                -IC:\local\Workspace\DC_V04.01.00_int\cu3x1Platform_SRC\platform\include
                -IC:\local\Workspace\DC_V04.01.00_int\cu3x1Platform_SRC\embos
                -IC:\local\Workspace\DC_V04.01.00_int\cu3x1Platform_SRC\emWinColour\gui\core
                -IC:\local\Workspace\DC_V04.01.00_int\cu3x1App_SRC\Control\source\rtip\webpage
                -IC:\local\Workspace\DC_V04.01.00_int\cu3x1App_SRC\Control\source\rtip\config
                -IC:\local\Workspace\DC_V04.01.00_int\cu3x1App_SRC\Control\source\rtip\xnet
                -IC:\local\Workspace\DC_V04.01.00_int\cu3x1App_SRC\Control\source\stub
                -IC:\local\Workspace\DC_V04.01.00_int\cu3x1App_SRC\Control\source\test
                -IC:\local\Workspace\DC_V04.01.00_int\cu3x1App_SRC\Control\source\GENIpro
                -IC:\local\Workspace\DC_V04.01.00_int\cu3x1App_SRC\Control\source\GENIpro\GENI_sys
                -IC:\local\Workspace\DC_V04.01.00_int\cu3x1App_SRC\Control\source\GENIpro\GENIusb\emUSB\USB\Driver
                -IC:\local\Workspace\DC_V04.01.00_int\cu3x1App_SRC\Control\source\application\intercom
                -IC:\local\Workspace\DC_V04.01.00_int\cu3x1App_SRC\Control\source\application\controller
                -IC:\local\Workspace\DC_V04.01.00_int\cu3x1App_SRC\Control\source\application\driver
                -IC:\local\Workspace\DC_V04.01.00_int\cu3x1App_SRC\Control\source\application\webif
                -IC:\local\Workspace\DC_V04.01.00_int\cu3x1App_SRC\Control\source\application\relay
                -IC:\local\Workspace\DC_V04.01.00_int\cu3x1App_SRC\Control\source\application\GENIApp
                -IC:\local\Workspace\DC_V04.01.00_int\cu3x1App_SRC\Control\source\application\alarm
                -IC:\local\Workspace\DC_V04.01.00_int\cu3x1App_SRC\Control\source\application\config
                -IC:\local\Workspace\DC_V04.01.00_int\cu3x1App_SRC\Control\source\application\AnaInConfigCtrl
                -IC:\local\Workspace\DC_V04.01.00_int\cu3x1App_SRC\Control\source\application\Sms
                -IC:\local\Workspace\DC_V04.01.00_int\cu3x1App_SRC\Control\source\application\display
                -IC:\local\Workspace\DC_V04.01.00_int\cu3x1App_SRC\Control\source\application\display\display_task
                -IC:\local\Workspace\DC_V04.01.00_int\cu3x1App_SRC\Control\source\application\display\gui_utility
                -IC:\local\Workspace\DC_V04.01.00_int\cu3x1App_SRC\Control\source\application\display\mpcunit
                -IC:\local\Workspace\DC_V04.01.00_int\cu3x1App_SRC\Control\source\GeniPro
                -IC:\local\Workspace\DC_V04.01.00_int\cu3x1App_SRC\Control\source\GeniPro\GENI_sys
                -IC:\local\Workspace\DC_V04.01.00_int\cu3x1App_SRC\Control\source\GeniPro\GENIbus
                -IC:\local\Workspace\DC_V04.01.00_int\cu3x1App_SRC\Control\source\GeniPro\GENIcom
                -IC:\local\Workspace\DC_V04.01.00_int\cu3x1App_SRC\Control\source\GeniPro\GENIrs232
                -IC:\local\Workspace\DC_V04.01.00_int\cu3x1App_SRC\Control\source\GeniPro\Virtual
                -IC:\local\Workspace\DC_V04.01.00_int\cu3x1Platform_SRC\Platform\common
                -IC:\local\Workspace\DC_V04.01.00_int\cu3x1Platform_SRC\Platform\hardware
                -IC:\local\Workspace\DC_V04.01.00_int\cu3x1Platform_SRC\Platform\hardware\D3018X
                -IC:\local\Workspace\DC_V04.01.00_int\cu3x1App_SRC\Control\source\application\display\imagesTFT
                -IC:\GHS\V35\mips35\mipsl_sf -r4121 -source=WM_SetFocus.c -o
                objs\gh_2i02c.o -list=objs\WM_SetFocus.lst
                C:\Users\55602\AppData\Local\Temp\gh_2i02c.s
Source File:    C:\Users\55602\AppData\Local\Temp\gh_2i02c.s
Directory:      C:\local\Workspace\DC_V04.01.00_int\cu3x1App_SRC\Control\source
Host OS:        GHS_WIN32
Version:        AS-MIPS 3.5#11 
Release:        MULTI 2000, MIPS v3.5
Revision Date:  Wed Feb 27 12:19:03 2002
Release Date:   Sat Mar 02 02:57:59 2002
                             1	 #Source File:   C:\local\Workspace\DC_V04.01.00_int\cu3x1Platform_SRC\emWinColour\GUI\WM\WM_SetFocus.c

                                   Tue Apr 07 08:51:44 2015           Page 2
                                   Tue Apr 07 08:51:43 2015       gh_2i02c.s
                             2	 #Directory:     
                             3	 #		C:\local\Workspace\DC_V04.01.00_int\cu3x1App_SRC\Control\source
                             4	 #Compile Date:  Tue Apr 07 08:51:43 2015
                             5	 #Host OS:       Win32
                             6	 #Version:       C-MIPS 3.5#11 RELEASE VERSION
                             7	 #Release:       MULTI 2000, MIPS v3.5
                             8	 #Revision Date: Fri Mar 01 11:32:40 2002
                             9	 #Release Date:  Sat Mar 02 02:58:48 2002
                            10		.set	noat
                            11		.set	noreorder
                            12		.set	nomacro
                            13		.text
                            14		.align	4
                            15		.globl	WM_SetFocus
                            16	WM_SetFocus:
        27bdffd8 00000000   17		addiu	$sp, $sp, -40
                            18	 #	    .bf
        afb00000 00000004   19		sw	$16, 0($sp)
        00048400 00000008   20		sll	$16, $4, 16
        00108403 0000000c   21		sra	$16, $16, 16
        afbf0024 00000010   22		sw	$ra, 36($sp)
        afb3000c 00000014   23		sw	$19, 12($sp)
        afb20008 00000018   24		sw	$18, 8($sp)
        afb10004 0000001c   25		sw	$17, 4($sp)
        3c190000 00000020   26		lui	$25, %hi(.L90)
        8f2f0000 00000024   27		lw	$15, %lo(.L90)($25)
        27390000 00000028   28		addiu	$25, $25, %lo(.L90)
        8f2d0008 0000002c   29		lw	$13, 8($25)
        8f2e0004 00000030   30		lw	$14, 4($25)
        afaf0014 00000034   31		sw	$15, 20($sp)
        afad001c 00000038   32		sw	$13, 28($sp)
        0c000000 0000003c   33		jal	GUI_Lock
        afae0018 00000040   34		sw	$14, 24($sp)
        5200003f 00000044   35		beql	$16, $0, .L1000004
        34130001 00000048   36		ori	$19, $0, 1
        87830000 0000004c   37		lh	$3, %sdaoff(WM__hWinFocus)($28)
        00602025 00000050   38		move	$4, $3
        1204003a 00000054   39		beq	$16, $4, .L4
        27b10014 00000058   40		addiu	$17, $sp, 20
        a7b00012 0000005c   41		sh	$16, 18($sp)
        a7a30010 00000060   42		sh	$3, 16($sp)
        afa0001c 00000064   43		sw	$0, 28($sp)
        340f001e 00000068   44		ori	$15, $0, 30
        afaf0014 0000006c   45		sw	$15, 20($sp)
        10600003 00000070   46		beq	$3, $0, .L7
        27b20010 00000074   47		addiu	$18, $sp, 16
        0c000000 00000078   48		jal	WM__SendMessage
        02202825 0000007c   49		move	$5, $17
                            50	.L7:
        34190001 00000080   51		ori	$25, $0, 1
        ae390008 00000084   52		sw	$25, 8($17)
        a7900000 00000088   53		sh	$16, %sdaoff(WM__hWinFocus)($28)
        00102400 0000008c   54		sll	$4, $16, 16
        00042403 00000090   55		sra	$4, $4, 16
        0c000000 00000094   56		jal	WM__SendMessage
        02202825 00000098   57		move	$5, $17

                                   Tue Apr 07 08:51:44 2015           Page 3
                                   Tue Apr 07 08:51:43 2015       gh_2i02c.s
        8e330008 0000009c   58		lw	$19, 8($17)
        16600028 000000a0   59		bne	$19, $0, .L19
        00000000 000000a4   60		nop
        0c000000 000000a8   61		jal	WM_GetParent
        02002025 000000ac   62		move	$4, $16
        00408025 000000b0   63		move	$16, $2
        1200000b 000000b4   64		beq	$16, $0, .L12
        340f0020 000000b8   65		ori	$15, $0, 32
                            66	.L1000013:
        ae2f0000 000000bc   67		sw	$15, 0($17)
        ae320008 000000c0   68		sw	$18, 8($17)
        02002025 000000c4   69		move	$4, $16
        0c000000 000000c8   70		jal	WM__SendMessage
        02202825 000000cc   71		move	$5, $17
        0c000000 000000d0   72		jal	WM_GetParent
        02002025 000000d4   73		move	$4, $16
        00408025 000000d8   74		move	$16, $2
        5600fff7 000000dc   75		bnel	$16, $0, .L1000013
        340f0020 000000e0   76		ori	$15, $0, 32
                            77	.L12:
        87b00010 000000e4   78		lh	$16, 16($sp)
        27b20010 000000e8   79		addiu	$18, $sp, 16
        0c000000 000000ec   80		jal	WM_IsWindow
        02002025 000000f0   81		move	$4, $16
        10400013 000000f4   82		beq	$2, $0, .L19
        27b10014 000000f8   83		addiu	$17, $sp, 20
        0c000000 000000fc   84		jal	WM_GetParent
        02002025 00000100   85		move	$4, $16
        00408025 00000104   86		move	$16, $2
        1200000e 00000108   87		beq	$16, $0, .L19
        340d0020 0000010c   88		ori	$13, $0, 32
                            89	.L1000018:
        ae2d0000 00000110   90		sw	$13, 0($17)
        ae320008 00000114   91		sw	$18, 8($17)
        02002025 00000118   92		move	$4, $16
        0c000000 0000011c   93		jal	WM__SendMessage
        02202825 00000120   94		move	$5, $17
        0c000000 00000124   95		jal	WM_GetParent
        02002025 00000128   96		move	$4, $16
        00408025 0000012c   97		move	$16, $2
        5600fff7 00000130   98		bnel	$16, $0, .L1000018
        340d0020 00000134   99		ori	$13, $0, 32
        08000000 00000138  100		j	.L19
        00000000 0000013c  101		nop
                           102	.L4:
        34130001 00000140  103		ori	$19, $0, 1
                           104	.L1000004:
                           105	.L19:
        0c000000 00000144  106		jal	GUI_Unlock
        00000000 00000148  107		nop
                           108	 #	    .ef
        02601025 0000014c  109		move	$2, $19
        8fb10004 00000150  110		lw	$17, 4($sp)
        8fb00000 00000154  111		lw	$16, 0($sp)
        8fbf0024 00000158  112		lw	$ra, 36($sp)
        8fb20008 0000015c  113		lw	$18, 8($sp)

                                   Tue Apr 07 08:51:44 2015           Page 4
                                   Tue Apr 07 08:51:43 2015       gh_2i02c.s
        8fb3000c 00000160  114		lw	$19, 12($sp)
        03e00008 00000164  115		jr	$ra
        27bd0028 00000168  116		addiu	$sp, $sp, 40
                           117		.type	WM_SetFocus,@function
                           118		.size	WM_SetFocus,.-WM_SetFocus
                           119		.align	4
                           120	 #r	$19	local
                           121	 #Msg	20($sp)	local
                           122	 #.L87	.L90	static
                           123	 #Info	16($sp)	local
                           124	
                           125	 #hWin	$16	param
                           126	
                           127		.data
                           128	.L86:
                           129		.section ".rodata","a"
        00000000 00000000  130	.L90:	.space	4
            0000 00000004  131		.space	2
            0000 00000006  132		.space	2
        00000000 00000008  133		.space	4
                           134		.type	.L90,@object
                           135		.size	.L90,12
                           136		.data
                           137		.text
                           138		.align	4
                           139	 #WM__hWinFocus	%sdaoff(WM__hWinFocus)	import
                           140	
                           141		.data
                           142		.section ".rodata","a"
                           143		.align	4
                           144		.text
