
                                   Tue Apr 07 08:51:47 2015           Page 1
                                   Tue Apr 07 08:51:46 2015       gh_2i02e.s
Command Line:   C:\GHS\V35\mips35\asmips.exe -noundefined -elf -b0
                -IC:\local\Workspace\DC_V04.01.00_int\cu3x1Platform_SRC\emWinColour
                -IC:\local\Workspace\DC_V04.01.00_int\cu3x1App_SRC\MPC_control\source\include
                -IC:\local\Workspace\DC_V04.01.00_int\cu3x1Platform_SRC\platform\common
                -IC:\local\Workspace\DC_V04.01.00_int\cu3x1Platform_SRC\platform\hardware
                -IC:\local\Workspace\DC_V04.01.00_int\cu3x1Platform_SRC\platform\hardware\D3018X
                -IC:\local\Workspace\DC_V04.01.00_int\cu3x1Platform_SRC\embos\inc
                -IC:\local\Workspace\DC_V04.01.00_int\cu3x1Platform_SRC\emWinColour\config
                -IC:\local\Workspace\DC_V04.01.00_int\cu3x1Platform_SRC\emWinColour\gui\ConvertMono
                -IC:\local\Workspace\DC_V04.01.00_int\cu3x1Platform_SRC\emWinColour\gui\Core
                -IC:\local\Workspace\DC_V04.01.00_int\cu3x1Platform_SRC\emWinColour\gui\Font
                -IC:\local\Workspace\DC_V04.01.00_int\cu3x1Platform_SRC\emWinColour\gui\LCDDriver
                -IC:\local\Workspace\DC_V04.01.00_int\cu3x1Platform_SRC\emWinColour\gui\MemDev
                -IC:\local\Workspace\DC_V04.01.00_int\cu3x1Platform_SRC\emWinColour\gui\VNC
                -IC:\local\Workspace\DC_V04.01.00_int\cu3x1Platform_SRC\emWinColour\gui\Widget
                -IC:\local\Workspace\DC_V04.01.00_int\cu3x1Platform_SRC\emWinColour\gui\wm
                -IC:\local\Workspace\DC_V04.01.00_int\cu3x1App_SRC\Control\source
                -IC:\local\Workspace\DC_V04.01.00_int\cu3x1App_SRC\Control\source\include
                -IC:\local\Workspace\DC_V04.01.00_int\cu3x1App_SRC\Control\source\util
                -IC:\local\Workspace\DC_V04.01.00_int\cu3x1App_SRC\Control\source\datapoint
                -IC:\local\Workspace\DC_V04.01.00_int\cu3x1App_SRC\Control\source\factory
                -IC:\local\Workspace\DC_V04.01.00_int\cu3x1Platform_SRC\platform\include
                -IC:\local\Workspace\DC_V04.01.00_int\cu3x1Platform_SRC\embos
                -IC:\local\Workspace\DC_V04.01.00_int\cu3x1Platform_SRC\emWinColour\gui\core
                -IC:\local\Workspace\DC_V04.01.00_int\cu3x1App_SRC\Control\source\rtip\webpage
                -IC:\local\Workspace\DC_V04.01.00_int\cu3x1App_SRC\Control\source\rtip\config
                -IC:\local\Workspace\DC_V04.01.00_int\cu3x1App_SRC\Control\source\rtip\xnet
                -IC:\local\Workspace\DC_V04.01.00_int\cu3x1App_SRC\Control\source\stub
                -IC:\local\Workspace\DC_V04.01.00_int\cu3x1App_SRC\Control\source\test
                -IC:\local\Workspace\DC_V04.01.00_int\cu3x1App_SRC\Control\source\GENIpro
                -IC:\local\Workspace\DC_V04.01.00_int\cu3x1App_SRC\Control\source\GENIpro\GENI_sys
                -IC:\local\Workspace\DC_V04.01.00_int\cu3x1App_SRC\Control\source\GENIpro\GENIusb\emUSB\USB\Driver
                -IC:\local\Workspace\DC_V04.01.00_int\cu3x1App_SRC\Control\source\application\intercom
                -IC:\local\Workspace\DC_V04.01.00_int\cu3x1App_SRC\Control\source\application\controller
                -IC:\local\Workspace\DC_V04.01.00_int\cu3x1App_SRC\Control\source\application\driver
                -IC:\local\Workspace\DC_V04.01.00_int\cu3x1App_SRC\Control\source\application\webif
                -IC:\local\Workspace\DC_V04.01.00_int\cu3x1App_SRC\Control\source\application\relay
                -IC:\local\Workspace\DC_V04.01.00_int\cu3x1App_SRC\Control\source\application\GENIApp
                -IC:\local\Workspace\DC_V04.01.00_int\cu3x1App_SRC\Control\source\application\alarm
                -IC:\local\Workspace\DC_V04.01.00_int\cu3x1App_SRC\Control\source\application\config
                -IC:\local\Workspace\DC_V04.01.00_int\cu3x1App_SRC\Control\source\application\AnaInConfigCtrl
                -IC:\local\Workspace\DC_V04.01.00_int\cu3x1App_SRC\Control\source\application\Sms
                -IC:\local\Workspace\DC_V04.01.00_int\cu3x1App_SRC\Control\source\application\display
                -IC:\local\Workspace\DC_V04.01.00_int\cu3x1App_SRC\Control\source\application\display\display_task
                -IC:\local\Workspace\DC_V04.01.00_int\cu3x1App_SRC\Control\source\application\display\gui_utility
                -IC:\local\Workspace\DC_V04.01.00_int\cu3x1App_SRC\Control\source\application\display\mpcunit
                -IC:\local\Workspace\DC_V04.01.00_int\cu3x1App_SRC\Control\source\GeniPro
                -IC:\local\Workspace\DC_V04.01.00_int\cu3x1App_SRC\Control\source\GeniPro\GENI_sys
                -IC:\local\Workspace\DC_V04.01.00_int\cu3x1App_SRC\Control\source\GeniPro\GENIbus
                -IC:\local\Workspace\DC_V04.01.00_int\cu3x1App_SRC\Control\source\GeniPro\GENIcom
                -IC:\local\Workspace\DC_V04.01.00_int\cu3x1App_SRC\Control\source\GeniPro\GENIrs232
                -IC:\local\Workspace\DC_V04.01.00_int\cu3x1App_SRC\Control\source\GeniPro\Virtual
                -IC:\local\Workspace\DC_V04.01.00_int\cu3x1Platform_SRC\Platform\common
                -IC:\local\Workspace\DC_V04.01.00_int\cu3x1Platform_SRC\Platform\hardware
                -IC:\local\Workspace\DC_V04.01.00_int\cu3x1Platform_SRC\Platform\hardware\D3018X
                -IC:\local\Workspace\DC_V04.01.00_int\cu3x1App_SRC\Control\source\application\display\imagesTFT
                -IC:\GHS\V35\mips35\mipsl_sf -r4121
                -source=WM_SetFocusOnPrevChild.c -o objs\gh_2i02e.o
                -list=objs\WM_SetFocusOnPrevChild.lst
                C:\Users\55602\AppData\Local\Temp\gh_2i02e.s
Source File:    C:\Users\55602\AppData\Local\Temp\gh_2i02e.s
Directory:      C:\local\Workspace\DC_V04.01.00_int\cu3x1App_SRC\Control\source
Host OS:        GHS_WIN32
Version:        AS-MIPS 3.5#11 
Release:        MULTI 2000, MIPS v3.5
Revision Date:  Wed Feb 27 12:19:03 2002
Release Date:   Sat Mar 02 02:57:59 2002
                             1	 #Source File:   C:\local\Workspace\DC_V04.01.00_int\cu3x1Platform_SRC\emWinColour\GUI\WM\WM_SetFocusOnPrevChild.c

                                   Tue Apr 07 08:51:47 2015           Page 2
                                   Tue Apr 07 08:51:46 2015       gh_2i02e.s
                             2	 #Directory:     
                             3	 #		C:\local\Workspace\DC_V04.01.00_int\cu3x1App_SRC\Control\source
                             4	 #Compile Date:  Tue Apr 07 08:51:46 2015
                             5	 #Host OS:       Win32
                             6	 #Version:       C-MIPS 3.5#11 RELEASE VERSION
                             7	 #Release:       MULTI 2000, MIPS v3.5
                             8	 #Revision Date: Fri Mar 01 11:32:40 2002
                             9	 #Release Date:  Sat Mar 02 02:58:48 2002
                            10		.set	noat
                            11		.set	noreorder
                            12		.set	nomacro
                            13		.text
                            14		.align	4
                            15	_GetPrevChild:
        34030000 00000000   16		ori	$3, $0, 0
                            17	 #	    .bf
        27bdfff0 00000004   18		addiu	$sp, $sp, -16
        afb00000 00000008   19		sw	$16, 0($sp)
        00048400 0000000c   20		sll	$16, $4, 16
        00108403 00000010   21		sra	$16, $16, 16
        12000004 00000014   22		beq	$16, $0, .L39
        afbf000c 00000018   23		sw	$ra, 12($sp)
        0c000000 0000001c   24		jal	WM__GetPrevSibling
        02002025 00000020   25		move	$4, $16
        00401825 00000024   26		move	$3, $2
                            27	.L39:
        14600004 00000028   28		bne	$3, $0, .L41
        00000000 0000002c   29		nop
        0c000000 00000030   30		jal	WM__GetLastSibling
        02002025 00000034   31		move	$4, $16
        00401825 00000038   32		move	$3, $2
                            33	.L41:
        10700005 0000003c   34		beq	$3, $16, .L1000043
        8fb00000 00000040   35		lw	$16, 0($sp)
        8fbf000c 00000044   36		lw	$ra, 12($sp)
        27bd0010 00000048   37		addiu	$sp, $sp, 16
        03e00008 0000004c   38		jr	$ra
        00601025 00000050   39		move	$2, $3
                            40	.L1000043:
                            41	 #	    .ef
        8fbf000c 00000054   42		lw	$ra, 12($sp)
        27bd0010 00000058   43		addiu	$sp, $sp, 16
        03e00008 0000005c   44		jr	$ra
        34020000 00000060   45		ori	$2, $0, 0
                            46		.type	_GetPrevChild,@function
                            47		.size	_GetPrevChild,.-_GetPrevChild
                            48		.align	4
                            49	 #hObj	$3	local
                            50	
                            51	 #hChild	$16	param
                            52	
                            53		.data
                            54	.L75:
                            55		.text
                            56		.align	4
                            57		.align	4

                                   Tue Apr 07 08:51:47 2015           Page 3
                                   Tue Apr 07 08:51:46 2015       gh_2i02e.s
                            58		.globl	WM_SetFocusOnPrevChild
                            59	WM_SetFocusOnPrevChild:
        27bdfff0 00000064   60		addiu	$sp, $sp, -16
        afb10004 00000068   61		sw	$17, 4($sp)
                            62	 #	    .bf
        34110000 0000006c   63		ori	$17, $0, 0
        afb00000 00000070   64		sw	$16, 0($sp)
        00048400 00000074   65		sll	$16, $4, 16
        00108403 00000078   66		sra	$16, $16, 16
        12000028 0000007c   67		beq	$16, $0, .L95
        afbf000c 00000080   68		sw	$ra, 12($sp)
        0c000000 00000084   69		jal	GUI_Lock
        00000000 00000088   70		nop
        0c000000 0000008c   71		jal	WM__GetFocussedChild
        02002025 00000090   72		move	$4, $16
        0c000000 00000094   73		jal	_GetPrevChild
        00402025 00000098   74		move	$4, $2
        00408825 0000009c   75		move	$17, $2
        02208025 000000a0   76		move	$16, $17
        0c000000 000000a4   77		jal	WM_IsFocussable
        02002025 000000a8   78		move	$4, $16
        1040000c 000000ac   79		beq	$2, $0, .L103
        00000000 000000b0   80		nop
        08000000 000000b4   81		j	.L104
        00000000 000000b8   82		nop
                            83	.L100:
        0c000000 000000bc   84		jal	_GetPrevChild
        02002025 000000c0   85		move	$4, $16
        00408025 000000c4   86		move	$16, $2
        12110007 000000c8   87		beq	$16, $17, .L104
        00000000 000000cc   88		nop
        0c000000 000000d0   89		jal	WM_IsFocussable
        02002025 000000d4   90		move	$4, $16
        14400003 000000d8   91		bne	$2, $0, .L104
        00000000 000000dc   92		nop
                            93	.L103:
        1600fff6 000000e0   94		bne	$16, $0, .L100
        00000000 000000e4   95		nop
                            96	.L104:
        0c000000 000000e8   97		jal	WM_SetFocus
        02002025 000000ec   98		move	$4, $16
        14400009 000000f0   99		bne	$2, $0, .L106
        00000000 000000f4  100		nop
        0c000000 000000f8  101		jal	GUI_Unlock
        02008825 000000fc  102		move	$17, $16
        02201025 00000100  103		move	$2, $17
        8fbf000c 00000104  104		lw	$ra, 12($sp)
        8fb00000 00000108  105		lw	$16, 0($sp)
        8fb10004 0000010c  106		lw	$17, 4($sp)
        03e00008 00000110  107		jr	$ra
        27bd0010 00000114  108		addiu	$sp, $sp, 16
                           109	.L106:
        0c000000 00000118  110		jal	GUI_Unlock
        34110000 0000011c  111		ori	$17, $0, 0
                           112	.L95:
        02201025 00000120  113		move	$2, $17

                                   Tue Apr 07 08:51:47 2015           Page 4
                                   Tue Apr 07 08:51:46 2015       gh_2i02e.s
                           114	 #	    .ef
        8fb10004 00000124  115		lw	$17, 4($sp)
        8fb00000 00000128  116		lw	$16, 0($sp)
        8fbf000c 0000012c  117		lw	$ra, 12($sp)
        03e00008 00000130  118		jr	$ra
        27bd0010 00000134  119		addiu	$sp, $sp, 16
                           120		.type	WM_SetFocusOnPrevChild,@function
                           121		.size	WM_SetFocusOnPrevChild,.-WM_SetFocusOnPrevChild
                           122		.align	4
                           123	 #r	$17	local
                           124	 #hChild	$17	local
                           125	 #hWin	$16	local
                           126	
                           127	 #hParent	$16	param
                           128	
                           129		.data
                           130	.L162:
                           131		.text
                           132		.align	4
                           133	
                           134		.data
                           135		.text
