
                                   Tue Apr 07 08:51:58 2015           Page 1
                                   Tue Apr 07 08:51:58 2015       gh_2i02m.s
Command Line:   C:\GHS\V35\mips35\asmips.exe -noundefined -elf -b0
                -IC:\local\Workspace\DC_V04.01.00_int\cu3x1Platform_SRC\emWinColour
                -IC:\local\Workspace\DC_V04.01.00_int\cu3x1App_SRC\MPC_control\source\include
                -IC:\local\Workspace\DC_V04.01.00_int\cu3x1Platform_SRC\platform\common
                -IC:\local\Workspace\DC_V04.01.00_int\cu3x1Platform_SRC\platform\hardware
                -IC:\local\Workspace\DC_V04.01.00_int\cu3x1Platform_SRC\platform\hardware\D3018X
                -IC:\local\Workspace\DC_V04.01.00_int\cu3x1Platform_SRC\embos\inc
                -IC:\local\Workspace\DC_V04.01.00_int\cu3x1Platform_SRC\emWinColour\config
                -IC:\local\Workspace\DC_V04.01.00_int\cu3x1Platform_SRC\emWinColour\gui\ConvertMono
                -IC:\local\Workspace\DC_V04.01.00_int\cu3x1Platform_SRC\emWinColour\gui\Core
                -IC:\local\Workspace\DC_V04.01.00_int\cu3x1Platform_SRC\emWinColour\gui\Font
                -IC:\local\Workspace\DC_V04.01.00_int\cu3x1Platform_SRC\emWinColour\gui\LCDDriver
                -IC:\local\Workspace\DC_V04.01.00_int\cu3x1Platform_SRC\emWinColour\gui\MemDev
                -IC:\local\Workspace\DC_V04.01.00_int\cu3x1Platform_SRC\emWinColour\gui\VNC
                -IC:\local\Workspace\DC_V04.01.00_int\cu3x1Platform_SRC\emWinColour\gui\Widget
                -IC:\local\Workspace\DC_V04.01.00_int\cu3x1Platform_SRC\emWinColour\gui\wm
                -IC:\local\Workspace\DC_V04.01.00_int\cu3x1App_SRC\Control\source
                -IC:\local\Workspace\DC_V04.01.00_int\cu3x1App_SRC\Control\source\include
                -IC:\local\Workspace\DC_V04.01.00_int\cu3x1App_SRC\Control\source\util
                -IC:\local\Workspace\DC_V04.01.00_int\cu3x1App_SRC\Control\source\datapoint
                -IC:\local\Workspace\DC_V04.01.00_int\cu3x1App_SRC\Control\source\factory
                -IC:\local\Workspace\DC_V04.01.00_int\cu3x1Platform_SRC\platform\include
                -IC:\local\Workspace\DC_V04.01.00_int\cu3x1Platform_SRC\embos
                -IC:\local\Workspace\DC_V04.01.00_int\cu3x1Platform_SRC\emWinColour\gui\core
                -IC:\local\Workspace\DC_V04.01.00_int\cu3x1App_SRC\Control\source\rtip\webpage
                -IC:\local\Workspace\DC_V04.01.00_int\cu3x1App_SRC\Control\source\rtip\config
                -IC:\local\Workspace\DC_V04.01.00_int\cu3x1App_SRC\Control\source\rtip\xnet
                -IC:\local\Workspace\DC_V04.01.00_int\cu3x1App_SRC\Control\source\stub
                -IC:\local\Workspace\DC_V04.01.00_int\cu3x1App_SRC\Control\source\test
                -IC:\local\Workspace\DC_V04.01.00_int\cu3x1App_SRC\Control\source\GENIpro
                -IC:\local\Workspace\DC_V04.01.00_int\cu3x1App_SRC\Control\source\GENIpro\GENI_sys
                -IC:\local\Workspace\DC_V04.01.00_int\cu3x1App_SRC\Control\source\GENIpro\GENIusb\emUSB\USB\Driver
                -IC:\local\Workspace\DC_V04.01.00_int\cu3x1App_SRC\Control\source\application\intercom
                -IC:\local\Workspace\DC_V04.01.00_int\cu3x1App_SRC\Control\source\application\controller
                -IC:\local\Workspace\DC_V04.01.00_int\cu3x1App_SRC\Control\source\application\driver
                -IC:\local\Workspace\DC_V04.01.00_int\cu3x1App_SRC\Control\source\application\webif
                -IC:\local\Workspace\DC_V04.01.00_int\cu3x1App_SRC\Control\source\application\relay
                -IC:\local\Workspace\DC_V04.01.00_int\cu3x1App_SRC\Control\source\application\GENIApp
                -IC:\local\Workspace\DC_V04.01.00_int\cu3x1App_SRC\Control\source\application\alarm
                -IC:\local\Workspace\DC_V04.01.00_int\cu3x1App_SRC\Control\source\application\config
                -IC:\local\Workspace\DC_V04.01.00_int\cu3x1App_SRC\Control\source\application\AnaInConfigCtrl
                -IC:\local\Workspace\DC_V04.01.00_int\cu3x1App_SRC\Control\source\application\Sms
                -IC:\local\Workspace\DC_V04.01.00_int\cu3x1App_SRC\Control\source\application\display
                -IC:\local\Workspace\DC_V04.01.00_int\cu3x1App_SRC\Control\source\application\display\display_task
                -IC:\local\Workspace\DC_V04.01.00_int\cu3x1App_SRC\Control\source\application\display\gui_utility
                -IC:\local\Workspace\DC_V04.01.00_int\cu3x1App_SRC\Control\source\application\display\mpcunit
                -IC:\local\Workspace\DC_V04.01.00_int\cu3x1App_SRC\Control\source\GeniPro
                -IC:\local\Workspace\DC_V04.01.00_int\cu3x1App_SRC\Control\source\GeniPro\GENI_sys
                -IC:\local\Workspace\DC_V04.01.00_int\cu3x1App_SRC\Control\source\GeniPro\GENIbus
                -IC:\local\Workspace\DC_V04.01.00_int\cu3x1App_SRC\Control\source\GeniPro\GENIcom
                -IC:\local\Workspace\DC_V04.01.00_int\cu3x1App_SRC\Control\source\GeniPro\GENIrs232
                -IC:\local\Workspace\DC_V04.01.00_int\cu3x1App_SRC\Control\source\GeniPro\Virtual
                -IC:\local\Workspace\DC_V04.01.00_int\cu3x1Platform_SRC\Platform\common
                -IC:\local\Workspace\DC_V04.01.00_int\cu3x1Platform_SRC\Platform\hardware
                -IC:\local\Workspace\DC_V04.01.00_int\cu3x1Platform_SRC\Platform\hardware\D3018X
                -IC:\local\Workspace\DC_V04.01.00_int\cu3x1App_SRC\Control\source\application\display\imagesTFT
                -IC:\GHS\V35\mips35\mipsl_sf -r4121 -source=WM_SetTransState.c -o
                objs\gh_2i02m.o -list=objs\WM_SetTransState.lst
                C:\Users\55602\AppData\Local\Temp\gh_2i02m.s
Source File:    C:\Users\55602\AppData\Local\Temp\gh_2i02m.s
Directory:      C:\local\Workspace\DC_V04.01.00_int\cu3x1App_SRC\Control\source
Host OS:        GHS_WIN32
Version:        AS-MIPS 3.5#11 
Release:        MULTI 2000, MIPS v3.5
Revision Date:  Wed Feb 27 12:19:03 2002
Release Date:   Sat Mar 02 02:57:59 2002
                             1	 #Source File:   C:\local\Workspace\DC_V04.01.00_int\cu3x1Platform_SRC\emWinColour\GUI\WM\WM_SetTransState.c

                                   Tue Apr 07 08:51:58 2015           Page 2
                                   Tue Apr 07 08:51:58 2015       gh_2i02m.s
                             2	 #Directory:     
                             3	 #		C:\local\Workspace\DC_V04.01.00_int\cu3x1App_SRC\Control\source
                             4	 #Compile Date:  Tue Apr 07 08:51:58 2015
                             5	 #Host OS:       Win32
                             6	 #Version:       C-MIPS 3.5#11 RELEASE VERSION
                             7	 #Release:       MULTI 2000, MIPS v3.5
                             8	 #Revision Date: Fri Mar 01 11:32:40 2002
                             9	 #Release Date:  Sat Mar 02 02:58:48 2002
                            10		.set	noat
                            11		.set	noreorder
                            12		.set	nomacro
                            13		.text
                            14		.align	4
                            15		.globl	WM_SetTransState
                            16	WM_SetTransState:
        27bdffe8 00000000   17		addiu	$sp, $sp, -24
        afbf0014 00000004   18		sw	$ra, 20($sp)
        afb20008 00000008   19		sw	$18, 8($sp)
        afb10004 0000000c   20		sw	$17, 4($sp)
        afb00000 00000010   21		sw	$16, 0($sp)
        00048400 00000014   22		sll	$16, $4, 16
        00108403 00000018   23		sra	$16, $16, 16
                            24	 #	    .bf
        0c000000 0000001c   25		jal	GUI_Lock
        00a08825 00000020   26		move	$17, $5
        12000029 00000024   27		beq	$16, $0, .L4
        00000000 00000028   28		nop
        0c000000 0000002c   29		jal	GUI_ALLOC_h2p
        02002025 00000030   30		move	$4, $16
        32380001 00000034   31		andi	$24, $17, 1
        13000008 00000038   32		beq	$24, $0, .L6
        00409025 0000003c   33		move	$18, $2
        0c000000 00000040   34		jal	WM_SetHasTrans
        02002025 00000044   35		move	$4, $16
        322e0800 00000048   36		andi	$14, $17, 2048
        51c00018 0000004c   37		beql	$14, $0, .L1000009
        9659001c 00000050   38		lhu	$25, 28($18)
        08000000 00000054   39		j	.L1000010
        9658001c 00000058   40		lhu	$24, 28($18)
                            41	.L6:
        0c000000 0000005c   42		jal	WM_ClrHasTrans
        02002025 00000060   43		move	$4, $16
        322e0800 00000064   44		andi	$14, $17, 2048
        51c00011 00000068   45		beql	$14, $0, .L1000009
        9659001c 0000006c   46		lhu	$25, 28($18)
        9658001c 00000070   47		lhu	$24, 28($18)
                            48	.L1000010:
        33190800 00000074   49		andi	$25, $24, 2048
        17200014 00000078   50		bne	$25, $0, .L4
        00000000 0000007c   51		nop
        37180800 00000080   52		ori	$24, $24, 2048
        a658001c 00000084   53		sh	$24, 28($18)
        0c000000 00000088   54		jal	WM_InvalidateWindow
        02002025 0000008c   55		move	$4, $16
        0c000000 00000090   56		jal	GUI_Unlock
        00000000 00000094   57		nop

                                   Tue Apr 07 08:51:58 2015           Page 3
                                   Tue Apr 07 08:51:58 2015       gh_2i02m.s
        8fb00000 00000098   58		lw	$16, 0($sp)
        8fbf0014 0000009c   59		lw	$ra, 20($sp)
        8fb10004 000000a0   60		lw	$17, 4($sp)
        8fb20008 000000a4   61		lw	$18, 8($sp)
        03e00008 000000a8   62		jr	$ra
        27bd0018 000000ac   63		addiu	$sp, $sp, 24
                            64	.L1000009:
        332d0800 000000b0   65		andi	$13, $25, 2048
        11a00005 000000b4   66		beq	$13, $0, .L4
        00000000 000000b8   67		nop
        3339f7ff 000000bc   68		andi	$25, $25, 63487
        a659001c 000000c0   69		sh	$25, 28($18)
        0c000000 000000c4   70		jal	WM_InvalidateWindow
        02002025 000000c8   71		move	$4, $16
                            72	.L4:
        0c000000 000000cc   73		jal	GUI_Unlock
        00000000 000000d0   74		nop
                            75	 #	    .ef
        8fb00000 000000d4   76		lw	$16, 0($sp)
        8fbf0014 000000d8   77		lw	$ra, 20($sp)
        8fb10004 000000dc   78		lw	$17, 4($sp)
        8fb20008 000000e0   79		lw	$18, 8($sp)
        03e00008 000000e4   80		jr	$ra
        27bd0018 000000e8   81		addiu	$sp, $sp, 24
                            82		.type	WM_SetTransState,@function
                            83		.size	WM_SetTransState,.-WM_SetTransState
                            84		.align	4
                            85	 #pWin	$18	local
                            86	
                            87	 #hWin	$16	param
                            88	 #State	$17	param
                            89	
                            90		.data
                            91	.L54:
                            92		.text
                            93		.align	4
                            94	
                            95		.data
                            96		.text
