
                                   Tue Apr 07 08:51:52 2015           Page 1
                                   Tue Apr 07 08:51:52 2015       gh_2i02i.s
Command Line:   C:\GHS\V35\mips35\asmips.exe -noundefined -elf -b0
                -IC:\local\Workspace\DC_V04.01.00_int\cu3x1Platform_SRC\emWinColour
                -IC:\local\Workspace\DC_V04.01.00_int\cu3x1App_SRC\MPC_control\source\include
                -IC:\local\Workspace\DC_V04.01.00_int\cu3x1Platform_SRC\platform\common
                -IC:\local\Workspace\DC_V04.01.00_int\cu3x1Platform_SRC\platform\hardware
                -IC:\local\Workspace\DC_V04.01.00_int\cu3x1Platform_SRC\platform\hardware\D3018X
                -IC:\local\Workspace\DC_V04.01.00_int\cu3x1Platform_SRC\embos\inc
                -IC:\local\Workspace\DC_V04.01.00_int\cu3x1Platform_SRC\emWinColour\config
                -IC:\local\Workspace\DC_V04.01.00_int\cu3x1Platform_SRC\emWinColour\gui\ConvertMono
                -IC:\local\Workspace\DC_V04.01.00_int\cu3x1Platform_SRC\emWinColour\gui\Core
                -IC:\local\Workspace\DC_V04.01.00_int\cu3x1Platform_SRC\emWinColour\gui\Font
                -IC:\local\Workspace\DC_V04.01.00_int\cu3x1Platform_SRC\emWinColour\gui\LCDDriver
                -IC:\local\Workspace\DC_V04.01.00_int\cu3x1Platform_SRC\emWinColour\gui\MemDev
                -IC:\local\Workspace\DC_V04.01.00_int\cu3x1Platform_SRC\emWinColour\gui\VNC
                -IC:\local\Workspace\DC_V04.01.00_int\cu3x1Platform_SRC\emWinColour\gui\Widget
                -IC:\local\Workspace\DC_V04.01.00_int\cu3x1Platform_SRC\emWinColour\gui\wm
                -IC:\local\Workspace\DC_V04.01.00_int\cu3x1App_SRC\Control\source
                -IC:\local\Workspace\DC_V04.01.00_int\cu3x1App_SRC\Control\source\include
                -IC:\local\Workspace\DC_V04.01.00_int\cu3x1App_SRC\Control\source\util
                -IC:\local\Workspace\DC_V04.01.00_int\cu3x1App_SRC\Control\source\datapoint
                -IC:\local\Workspace\DC_V04.01.00_int\cu3x1App_SRC\Control\source\factory
                -IC:\local\Workspace\DC_V04.01.00_int\cu3x1Platform_SRC\platform\include
                -IC:\local\Workspace\DC_V04.01.00_int\cu3x1Platform_SRC\embos
                -IC:\local\Workspace\DC_V04.01.00_int\cu3x1Platform_SRC\emWinColour\gui\core
                -IC:\local\Workspace\DC_V04.01.00_int\cu3x1App_SRC\Control\source\rtip\webpage
                -IC:\local\Workspace\DC_V04.01.00_int\cu3x1App_SRC\Control\source\rtip\config
                -IC:\local\Workspace\DC_V04.01.00_int\cu3x1App_SRC\Control\source\rtip\xnet
                -IC:\local\Workspace\DC_V04.01.00_int\cu3x1App_SRC\Control\source\stub
                -IC:\local\Workspace\DC_V04.01.00_int\cu3x1App_SRC\Control\source\test
                -IC:\local\Workspace\DC_V04.01.00_int\cu3x1App_SRC\Control\source\GENIpro
                -IC:\local\Workspace\DC_V04.01.00_int\cu3x1App_SRC\Control\source\GENIpro\GENI_sys
                -IC:\local\Workspace\DC_V04.01.00_int\cu3x1App_SRC\Control\source\GENIpro\GENIusb\emUSB\USB\Driver
                -IC:\local\Workspace\DC_V04.01.00_int\cu3x1App_SRC\Control\source\application\intercom
                -IC:\local\Workspace\DC_V04.01.00_int\cu3x1App_SRC\Control\source\application\controller
                -IC:\local\Workspace\DC_V04.01.00_int\cu3x1App_SRC\Control\source\application\driver
                -IC:\local\Workspace\DC_V04.01.00_int\cu3x1App_SRC\Control\source\application\webif
                -IC:\local\Workspace\DC_V04.01.00_int\cu3x1App_SRC\Control\source\application\relay
                -IC:\local\Workspace\DC_V04.01.00_int\cu3x1App_SRC\Control\source\application\GENIApp
                -IC:\local\Workspace\DC_V04.01.00_int\cu3x1App_SRC\Control\source\application\alarm
                -IC:\local\Workspace\DC_V04.01.00_int\cu3x1App_SRC\Control\source\application\config
                -IC:\local\Workspace\DC_V04.01.00_int\cu3x1App_SRC\Control\source\application\AnaInConfigCtrl
                -IC:\local\Workspace\DC_V04.01.00_int\cu3x1App_SRC\Control\source\application\Sms
                -IC:\local\Workspace\DC_V04.01.00_int\cu3x1App_SRC\Control\source\application\display
                -IC:\local\Workspace\DC_V04.01.00_int\cu3x1App_SRC\Control\source\application\display\display_task
                -IC:\local\Workspace\DC_V04.01.00_int\cu3x1App_SRC\Control\source\application\display\gui_utility
                -IC:\local\Workspace\DC_V04.01.00_int\cu3x1App_SRC\Control\source\application\display\mpcunit
                -IC:\local\Workspace\DC_V04.01.00_int\cu3x1App_SRC\Control\source\GeniPro
                -IC:\local\Workspace\DC_V04.01.00_int\cu3x1App_SRC\Control\source\GeniPro\GENI_sys
                -IC:\local\Workspace\DC_V04.01.00_int\cu3x1App_SRC\Control\source\GeniPro\GENIbus
                -IC:\local\Workspace\DC_V04.01.00_int\cu3x1App_SRC\Control\source\GeniPro\GENIcom
                -IC:\local\Workspace\DC_V04.01.00_int\cu3x1App_SRC\Control\source\GeniPro\GENIrs232
                -IC:\local\Workspace\DC_V04.01.00_int\cu3x1App_SRC\Control\source\GeniPro\Virtual
                -IC:\local\Workspace\DC_V04.01.00_int\cu3x1Platform_SRC\Platform\common
                -IC:\local\Workspace\DC_V04.01.00_int\cu3x1Platform_SRC\Platform\hardware
                -IC:\local\Workspace\DC_V04.01.00_int\cu3x1Platform_SRC\Platform\hardware\D3018X
                -IC:\local\Workspace\DC_V04.01.00_int\cu3x1App_SRC\Control\source\application\display\imagesTFT
                -IC:\GHS\V35\mips35\mipsl_sf -r4121 -source=WM_SetScrollPos.c -o
                objs\gh_2i02i.o -list=objs\WM_SetScrollPos.lst
                C:\Users\55602\AppData\Local\Temp\gh_2i02i.s
Source File:    C:\Users\55602\AppData\Local\Temp\gh_2i02i.s
Directory:      C:\local\Workspace\DC_V04.01.00_int\cu3x1App_SRC\Control\source
Host OS:        GHS_WIN32
Version:        AS-MIPS 3.5#11 
Release:        MULTI 2000, MIPS v3.5
Revision Date:  Wed Feb 27 12:19:03 2002
Release Date:   Sat Mar 02 02:57:59 2002
                             1	 #Source File:   C:\local\Workspace\DC_V04.01.00_int\cu3x1Platform_SRC\emWinColour\GUI\WM\WM_SetScrollPos.c

                                   Tue Apr 07 08:51:52 2015           Page 2
                                   Tue Apr 07 08:51:52 2015       gh_2i02i.s
                             2	 #Directory:     
                             3	 #		C:\local\Workspace\DC_V04.01.00_int\cu3x1App_SRC\Control\source
                             4	 #Compile Date:  Tue Apr 07 08:51:52 2015
                             5	 #Host OS:       Win32
                             6	 #Version:       C-MIPS 3.5#11 RELEASE VERSION
                             7	 #Release:       MULTI 2000, MIPS v3.5
                             8	 #Revision Date: Fri Mar 01 11:32:40 2002
                             9	 #Release Date:  Sat Mar 02 02:58:48 2002
                            10		.set	noat
                            11		.set	noreorder
                            12		.set	nomacro
                            13		.text
                            14		.align	4
                            15	_SetScrollPos:
        27bdffd8 00000000   16		addiu	$sp, $sp, -40
        afbf0024 00000004   17		sw	$ra, 36($sp)
        afb3000c 00000008   18		sw	$19, 12($sp)
        afb20008 0000000c   19		sw	$18, 8($sp)
        afb10004 00000010   20		sw	$17, 4($sp)
        00042400 00000014   21		sll	$4, $4, 16
        00042403 00000018   22		sra	$4, $4, 16
        afb00000 0000001c   23		sw	$16, 0($sp)
        00a08025 00000020   24		move	$16, $5
                            25	 #	    .bf
        0c000000 00000024   26		jal	WM_GetDialogItem
        00c02825 00000028   27		move	$5, $6
        00409025 0000002c   28		move	$18, $2
        12400015 00000030   29		beq	$18, $0, .L2
        27b10014 00000034   30		addiu	$17, $sp, 20
        3c180000 00000038   31		lui	$24, %hi(.L29)
        8f0e0000 0000003c   32		lw	$14, %lo(.L29)($24)
        27180000 00000040   33		addiu	$24, $24, %lo(.L29)
        8f0d0004 00000044   34		lw	$13, 4($24)
        8f190008 00000048   35		lw	$25, 8($24)
        afae0014 0000004c   36		sw	$14, 20($sp)
        afad0018 00000050   37		sw	$13, 24($sp)
        afb9001c 00000054   38		sw	$25, 28($sp)
        02402025 00000058   39		move	$4, $18
        0c000000 0000005c   40		jal	WM_GetScrollState
        02202825 00000060   41		move	$5, $17
        8fb30018 00000064   42		lw	$19, 24($sp)
        afb00018 00000068   43		sw	$16, 24($sp)
        0c000000 0000006c   44		jal	WM_CheckScrollBounds
        02202025 00000070   45		move	$4, $17
        8fb80018 00000074   46		lw	$24, 24($sp)
        13130003 00000078   47		beq	$24, $19, .L2
        02402025 0000007c   48		move	$4, $18
        0c000000 00000080   49		jal	WM_SetScrollState
        02202825 00000084   50		move	$5, $17
                            51	.L2:
        8fb3000c 00000088   52		lw	$19, 12($sp)
                            53	 #	    .ef
        8fb20008 0000008c   54		lw	$18, 8($sp)
        8fbf0024 00000090   55		lw	$ra, 36($sp)
        8fb00000 00000094   56		lw	$16, 0($sp)
        8fb10004 00000098   57		lw	$17, 4($sp)

                                   Tue Apr 07 08:51:52 2015           Page 3
                                   Tue Apr 07 08:51:52 2015       gh_2i02i.s
        03e00008 0000009c   58		jr	$ra
        27bd0028 000000a0   59		addiu	$sp, $sp, 40
                            60		.type	_SetScrollPos,@function
                            61		.size	_SetScrollPos,.-_SetScrollPos
                            62		.align	4
                            63	 #hVScroll	$18	local
                            64	 #OldValue	$19	local
                            65	 #ScrollState	20($sp)	local
                            66	 #.L26	.L29	static
                            67	
                            68	 #hWin	$4	param
                            69	 #ScrollPos	$16	param
                            70	 #Id	none	param
                            71	
                            72		.data
                            73	.L25:
                            74		.section ".rodata","a"
        00000000 00000000   75	.L29:	.space	4
        00000000 00000004   76		.space	4
        00000000 00000008   77		.space	4
                            78		.type	.L29,@object
                            79		.size	.L29,12
                            80		.data
                            81		.text
                            82		.align	4
                            83		.align	4
                            84		.globl	WM_SetScrollPosH
                            85	WM_SetScrollPosH:
        27bdfff0 000000a4   86		addiu	$sp, $sp, -16
        afbf000c 000000a8   87		sw	$ra, 12($sp)
        afb10004 000000ac   88		sw	$17, 4($sp)
        afb00000 000000b0   89		sw	$16, 0($sp)
        00048400 000000b4   90		sll	$16, $4, 16
        00108403 000000b8   91		sra	$16, $16, 16
                            92	 #	    .bf
        0c000000 000000bc   93		jal	GUI_Lock
        00a08825 000000c0   94		move	$17, $5
        02002025 000000c4   95		move	$4, $16
        02202825 000000c8   96		move	$5, $17
        0c000000 000000cc   97		jal	_SetScrollPos
        340600ff 000000d0   98		ori	$6, $0, 255
        0c000000 000000d4   99		jal	GUI_Unlock
        00000000 000000d8  100		nop
                           101	 #	    .ef
        8fbf000c 000000dc  102		lw	$ra, 12($sp)
        8fb00000 000000e0  103		lw	$16, 0($sp)
        8fb10004 000000e4  104		lw	$17, 4($sp)
        03e00008 000000e8  105		jr	$ra
        27bd0010 000000ec  106		addiu	$sp, $sp, 16
                           107		.type	WM_SetScrollPosH,@function
                           108		.size	WM_SetScrollPosH,.-WM_SetScrollPosH
                           109		.align	4
                           110	
                           111	 #hWin	$16	param
                           112	 #ScrollPos	$17	param
                           113	

                                   Tue Apr 07 08:51:52 2015           Page 4
                                   Tue Apr 07 08:51:52 2015       gh_2i02i.s
                           114		.data
                           115	.L51:
                           116		.text
                           117		.align	4
                           118		.align	4
                           119		.globl	WM_SetScrollPosV
                           120	WM_SetScrollPosV:
        27bdfff0 000000f0  121		addiu	$sp, $sp, -16
        afbf000c 000000f4  122		sw	$ra, 12($sp)
        afb10004 000000f8  123		sw	$17, 4($sp)
        afb00000 000000fc  124		sw	$16, 0($sp)
        00048400 00000100  125		sll	$16, $4, 16
        00108403 00000104  126		sra	$16, $16, 16
                           127	 #	    .bf
        0c000000 00000108  128		jal	GUI_Lock
        00a08825 0000010c  129		move	$17, $5
        02002025 00000110  130		move	$4, $16
        02202825 00000114  131		move	$5, $17
        0c000000 00000118  132		jal	_SetScrollPos
        340600fe 0000011c  133		ori	$6, $0, 254
        0c000000 00000120  134		jal	GUI_Unlock
        00000000 00000124  135		nop
                           136	 #	    .ef
        8fbf000c 00000128  137		lw	$ra, 12($sp)
        8fb00000 0000012c  138		lw	$16, 0($sp)
        8fb10004 00000130  139		lw	$17, 4($sp)
        03e00008 00000134  140		jr	$ra
        27bd0010 00000138  141		addiu	$sp, $sp, 16
                           142		.type	WM_SetScrollPosV,@function
                           143		.size	WM_SetScrollPosV,.-WM_SetScrollPosV
                           144		.align	4
                           145	
                           146	 #hWin	$16	param
                           147	 #ScrollPos	$17	param
                           148	
                           149		.data
                           150	.L70:
                           151		.text
                           152		.align	4
                           153	
                           154		.data
                           155		.section ".rodata","a"
                           156		.align	4
                           157		.text
