
                                   Tue Apr 07 08:51:30 2015           Page 1
                                   Tue Apr 07 08:51:30 2015       gh_2i023.s
Command Line:   C:\GHS\V35\mips35\asmips.exe -noundefined -elf -b0
                -IC:\local\Workspace\DC_V04.01.00_int\cu3x1Platform_SRC\emWinColour
                -IC:\local\Workspace\DC_V04.01.00_int\cu3x1App_SRC\MPC_control\source\include
                -IC:\local\Workspace\DC_V04.01.00_int\cu3x1Platform_SRC\platform\common
                -IC:\local\Workspace\DC_V04.01.00_int\cu3x1Platform_SRC\platform\hardware
                -IC:\local\Workspace\DC_V04.01.00_int\cu3x1Platform_SRC\platform\hardware\D3018X
                -IC:\local\Workspace\DC_V04.01.00_int\cu3x1Platform_SRC\embos\inc
                -IC:\local\Workspace\DC_V04.01.00_int\cu3x1Platform_SRC\emWinColour\config
                -IC:\local\Workspace\DC_V04.01.00_int\cu3x1Platform_SRC\emWinColour\gui\ConvertMono
                -IC:\local\Workspace\DC_V04.01.00_int\cu3x1Platform_SRC\emWinColour\gui\Core
                -IC:\local\Workspace\DC_V04.01.00_int\cu3x1Platform_SRC\emWinColour\gui\Font
                -IC:\local\Workspace\DC_V04.01.00_int\cu3x1Platform_SRC\emWinColour\gui\LCDDriver
                -IC:\local\Workspace\DC_V04.01.00_int\cu3x1Platform_SRC\emWinColour\gui\MemDev
                -IC:\local\Workspace\DC_V04.01.00_int\cu3x1Platform_SRC\emWinColour\gui\VNC
                -IC:\local\Workspace\DC_V04.01.00_int\cu3x1Platform_SRC\emWinColour\gui\Widget
                -IC:\local\Workspace\DC_V04.01.00_int\cu3x1Platform_SRC\emWinColour\gui\wm
                -IC:\local\Workspace\DC_V04.01.00_int\cu3x1App_SRC\Control\source
                -IC:\local\Workspace\DC_V04.01.00_int\cu3x1App_SRC\Control\source\include
                -IC:\local\Workspace\DC_V04.01.00_int\cu3x1App_SRC\Control\source\util
                -IC:\local\Workspace\DC_V04.01.00_int\cu3x1App_SRC\Control\source\datapoint
                -IC:\local\Workspace\DC_V04.01.00_int\cu3x1App_SRC\Control\source\factory
                -IC:\local\Workspace\DC_V04.01.00_int\cu3x1Platform_SRC\platform\include
                -IC:\local\Workspace\DC_V04.01.00_int\cu3x1Platform_SRC\embos
                -IC:\local\Workspace\DC_V04.01.00_int\cu3x1Platform_SRC\emWinColour\gui\core
                -IC:\local\Workspace\DC_V04.01.00_int\cu3x1App_SRC\Control\source\rtip\webpage
                -IC:\local\Workspace\DC_V04.01.00_int\cu3x1App_SRC\Control\source\rtip\config
                -IC:\local\Workspace\DC_V04.01.00_int\cu3x1App_SRC\Control\source\rtip\xnet
                -IC:\local\Workspace\DC_V04.01.00_int\cu3x1App_SRC\Control\source\stub
                -IC:\local\Workspace\DC_V04.01.00_int\cu3x1App_SRC\Control\source\test
                -IC:\local\Workspace\DC_V04.01.00_int\cu3x1App_SRC\Control\source\GENIpro
                -IC:\local\Workspace\DC_V04.01.00_int\cu3x1App_SRC\Control\source\GENIpro\GENI_sys
                -IC:\local\Workspace\DC_V04.01.00_int\cu3x1App_SRC\Control\source\GENIpro\GENIusb\emUSB\USB\Driver
                -IC:\local\Workspace\DC_V04.01.00_int\cu3x1App_SRC\Control\source\application\intercom
                -IC:\local\Workspace\DC_V04.01.00_int\cu3x1App_SRC\Control\source\application\controller
                -IC:\local\Workspace\DC_V04.01.00_int\cu3x1App_SRC\Control\source\application\driver
                -IC:\local\Workspace\DC_V04.01.00_int\cu3x1App_SRC\Control\source\application\webif
                -IC:\local\Workspace\DC_V04.01.00_int\cu3x1App_SRC\Control\source\application\relay
                -IC:\local\Workspace\DC_V04.01.00_int\cu3x1App_SRC\Control\source\application\GENIApp
                -IC:\local\Workspace\DC_V04.01.00_int\cu3x1App_SRC\Control\source\application\alarm
                -IC:\local\Workspace\DC_V04.01.00_int\cu3x1App_SRC\Control\source\application\config
                -IC:\local\Workspace\DC_V04.01.00_int\cu3x1App_SRC\Control\source\application\AnaInConfigCtrl
                -IC:\local\Workspace\DC_V04.01.00_int\cu3x1App_SRC\Control\source\application\Sms
                -IC:\local\Workspace\DC_V04.01.00_int\cu3x1App_SRC\Control\source\application\display
                -IC:\local\Workspace\DC_V04.01.00_int\cu3x1App_SRC\Control\source\application\display\display_task
                -IC:\local\Workspace\DC_V04.01.00_int\cu3x1App_SRC\Control\source\application\display\gui_utility
                -IC:\local\Workspace\DC_V04.01.00_int\cu3x1App_SRC\Control\source\application\display\mpcunit
                -IC:\local\Workspace\DC_V04.01.00_int\cu3x1App_SRC\Control\source\GeniPro
                -IC:\local\Workspace\DC_V04.01.00_int\cu3x1App_SRC\Control\source\GeniPro\GENI_sys
                -IC:\local\Workspace\DC_V04.01.00_int\cu3x1App_SRC\Control\source\GeniPro\GENIbus
                -IC:\local\Workspace\DC_V04.01.00_int\cu3x1App_SRC\Control\source\GeniPro\GENIcom
                -IC:\local\Workspace\DC_V04.01.00_int\cu3x1App_SRC\Control\source\GeniPro\GENIrs232
                -IC:\local\Workspace\DC_V04.01.00_int\cu3x1App_SRC\Control\source\GeniPro\Virtual
                -IC:\local\Workspace\DC_V04.01.00_int\cu3x1Platform_SRC\Platform\common
                -IC:\local\Workspace\DC_V04.01.00_int\cu3x1Platform_SRC\Platform\hardware
                -IC:\local\Workspace\DC_V04.01.00_int\cu3x1Platform_SRC\Platform\hardware\D3018X
                -IC:\local\Workspace\DC_V04.01.00_int\cu3x1App_SRC\Control\source\application\display\imagesTFT
                -IC:\GHS\V35\mips35\mipsl_sf -r4121 -source=WM_Screen2Win.c -o
                objs\gh_2i023.o -list=objs\WM_Screen2Win.lst
                C:\Users\55602\AppData\Local\Temp\gh_2i023.s
Source File:    C:\Users\55602\AppData\Local\Temp\gh_2i023.s
Directory:      C:\local\Workspace\DC_V04.01.00_int\cu3x1App_SRC\Control\source
Host OS:        GHS_WIN32
Version:        AS-MIPS 3.5#11 
Release:        MULTI 2000, MIPS v3.5
Revision Date:  Wed Feb 27 12:19:03 2002
Release Date:   Sat Mar 02 02:57:59 2002
                             1	 #Source File:   C:\local\Workspace\DC_V04.01.00_int\cu3x1Platform_SRC\emWinColour\GUI\WM\WM_Screen2Win.c

                                   Tue Apr 07 08:51:30 2015           Page 2
                                   Tue Apr 07 08:51:30 2015       gh_2i023.s
                             2	 #Directory:     
                             3	 #		C:\local\Workspace\DC_V04.01.00_int\cu3x1App_SRC\Control\source
                             4	 #Compile Date:  Tue Apr 07 08:51:30 2015
                             5	 #Host OS:       Win32
                             6	 #Version:       C-MIPS 3.5#11 RELEASE VERSION
                             7	 #Release:       MULTI 2000, MIPS v3.5
                             8	 #Revision Date: Fri Mar 01 11:32:40 2002
                             9	 #Release Date:  Sat Mar 02 02:58:48 2002
                            10		.set	noat
                            11		.set	noreorder
                            12		.set	nomacro
                            13		.text
                            14		.align	4
                            15	_Screen2hWin:
        27bdffe0 00000000   16		addiu	$sp, $sp, -32
        afbf001c 00000004   17		sw	$ra, 28($sp)
        afb50014 00000008   18		sw	$21, 20($sp)
        afb40010 0000000c   19		sw	$20, 16($sp)
        afb00000 00000010   20		sw	$16, 0($sp)
        00048400 00000014   21		sll	$16, $4, 16
        00108403 00000018   22		sra	$16, $16, 16
        afb10004 0000001c   23		sw	$17, 4($sp)
        00058c00 00000020   24		sll	$17, $5, 16
        00118c03 00000024   25		sra	$17, $17, 16
        afb20008 00000028   26		sw	$18, 8($sp)
        00c09025 0000002c   27		move	$18, $6
        afb3000c 00000030   28		sw	$19, 12($sp)
        00e09825 00000034   29		move	$19, $7
                            30	 #	    .bf
        0c000000 00000038   31		jal	GUI_ALLOC_h2p
        02002025 0000003c   32		move	$4, $16
        0040a025 00000040   33		move	$20, $2
        02802025 00000044   34		move	$4, $20
        02402825 00000048   35		move	$5, $18
        0c000000 0000004c   36		jal	WM__IsInWindow
        02603025 00000050   37		move	$6, $19
        5440000b 00000054   38		bnel	$2, $0, .L1000004
        86940018 00000058   39		lh	$20, 24($20)
        8fb50014 0000005c   40		lw	$21, 20($sp)
        8fb40010 00000060   41		lw	$20, 16($sp)
        8fbf001c 00000064   42		lw	$ra, 28($sp)
        8fb00000 00000068   43		lw	$16, 0($sp)
        8fb10004 0000006c   44		lw	$17, 4($sp)
        8fb20008 00000070   45		lw	$18, 8($sp)
        8fb3000c 00000074   46		lw	$19, 12($sp)
        27bd0020 00000078   47		addiu	$sp, $sp, 32
        03e00008 0000007c   48		jr	$ra
        34020000 00000080   49		ori	$2, $0, 0
                            50	.L1000004:
        52800014 00000084   51		beql	$20, $0, .L1000007
        8fb50014 00000088   52		lw	$21, 20($sp)
        08000000 0000008c   53		j	.L13
        00000000 00000090   54		nop
                            55	.L9:
        0c000000 00000094   56		jal	GUI_ALLOC_h2p
        02802025 00000098   57		move	$4, $20

                                   Tue Apr 07 08:51:30 2015           Page 3
                                   Tue Apr 07 08:51:30 2015       gh_2i023.s
        0040a825 0000009c   58		move	$21, $2
        02802025 000000a0   59		move	$4, $20
        02202825 000000a4   60		move	$5, $17
        02403025 000000a8   61		move	$6, $18
        0c000000 000000ac   62		jal	_Screen2hWin
        02603825 000000b0   63		move	$7, $19
        00401825 000000b4   64		move	$3, $2
        54600001 000000b8   65		bnel	$3, $0, .L11
        00608025 000000bc   66		move	$16, $3
                            67	.L11:
        86b4001a 000000c0   68		lh	$20, 26($21)
        52800004 000000c4   69		beql	$20, $0, .L1000007
        8fb50014 000000c8   70		lw	$21, 20($sp)
                            71	.L13:
        1691fff1 000000cc   72		bne	$20, $17, .L9
        00000000 000000d0   73		nop
        8fb50014 000000d4   74		lw	$21, 20($sp)
                            75	.L1000007:
                            76	 #	    .ef
        02001025 000000d8   77		move	$2, $16
        8fb40010 000000dc   78		lw	$20, 16($sp)
        8fbf001c 000000e0   79		lw	$ra, 28($sp)
        8fb00000 000000e4   80		lw	$16, 0($sp)
        8fb10004 000000e8   81		lw	$17, 4($sp)
        8fb20008 000000ec   82		lw	$18, 8($sp)
        8fb3000c 000000f0   83		lw	$19, 12($sp)
        03e00008 000000f4   84		jr	$ra
        27bd0020 000000f8   85		addiu	$sp, $sp, 32
                            86		.type	_Screen2hWin,@function
                            87		.size	_Screen2hWin,.-_Screen2hWin
                            88		.align	4
                            89	 #pWin	$20	local
                            90	 #hChild	$20	local
                            91	 #hHit	$3	local
                            92	 #pChild	$21	local
                            93	
                            94	 #hWin	$16	param
                            95	 #hStop	$17	param
                            96	 #x	$18	param
                            97	 #y	$19	param
                            98	
                            99		.data
                           100	.L49:
                           101		.text
                           102		.align	4
                           103		.align	4
                           104		.globl	WM__IsInWindow
                           105	WM__IsInWindow:
        9498001c 000000fc  106		lhu	$24, 28($4)
                           107	 #	    .bf
        33190002 00000100  108		andi	$25, $24, 2
        13200011 00000104  109		beq	$25, $0, .L72
        00000000 00000108  110		nop
        848e0000 0000010c  111		lh	$14, 0($4)
        00ae682a 00000110  112		slt	$13, $5, $14
        15a0000d 00000114  113		bne	$13, $0, .L72

                                   Tue Apr 07 08:51:30 2015           Page 4
                                   Tue Apr 07 08:51:30 2015       gh_2i023.s
        00000000 00000118  114		nop
        84990004 0000011c  115		lh	$25, 4($4)
        0325c02a 00000120  116		slt	$24, $25, $5
        17000009 00000124  117		bne	$24, $0, .L72
        00000000 00000128  118		nop
        848f0002 0000012c  119		lh	$15, 2($4)
        00cf702a 00000130  120		slt	$14, $6, $15
        15c00005 00000134  121		bne	$14, $0, .L72
        00000000 00000138  122		nop
        848d0006 0000013c  123		lh	$13, 6($4)
        01a6102a 00000140  124		slt	$2, $13, $6
        03e00008 00000144  125		jr	$ra
        38420001 00000148  126		xori	$2, $2, 1
                           127	.L72:
                           128	 #	    .ef
        03e00008 0000014c  129		jr	$ra
        34020000 00000150  130		ori	$2, $0, 0
                           131		.type	WM__IsInWindow,@function
                           132		.size	WM__IsInWindow,.-WM__IsInWindow
                           133		.align	4
                           134	
                           135	 #pWin	$4	param
                           136	 #x	$5	param
                           137	 #y	$6	param
                           138	
                           139		.data
                           140	.L115:
                           141		.text
                           142		.align	4
                           143		.align	4
                           144		.align	4
                           145		.globl	WM_Screen2hWin
                           146	WM_Screen2hWin:
        27bdfff0 00000154  147		addiu	$sp, $sp, -16
        afbf000c 00000158  148		sw	$ra, 12($sp)
        afb10004 0000015c  149		sw	$17, 4($sp)
        afb00000 00000160  150		sw	$16, 0($sp)
        00808025 00000164  151		move	$16, $4
                           152	 #	    .bf
        0c000000 00000168  153		jal	GUI_Lock
        00a08825 0000016c  154		move	$17, $5
        87840000 00000170  155		lh	$4, %sdaoff(WM__FirstWin)($28)
        02003025 00000174  156		move	$6, $16
        02203825 00000178  157		move	$7, $17
        0c000000 0000017c  158		jal	_Screen2hWin
        34050000 00000180  159		ori	$5, $0, 0
        0c000000 00000184  160		jal	GUI_Unlock
        00408025 00000188  161		move	$16, $2
                           162	 #	    .ef
        02001025 0000018c  163		move	$2, $16
        8fbf000c 00000190  164		lw	$ra, 12($sp)
        8fb00000 00000194  165		lw	$16, 0($sp)
        8fb10004 00000198  166		lw	$17, 4($sp)
        03e00008 0000019c  167		jr	$ra
        27bd0010 000001a0  168		addiu	$sp, $sp, 16
                           169		.type	WM_Screen2hWin,@function

                                   Tue Apr 07 08:51:30 2015           Page 5
                                   Tue Apr 07 08:51:30 2015       gh_2i023.s
                           170		.size	WM_Screen2hWin,.-WM_Screen2hWin
                           171		.align	4
                           172	
                           173	 #x	$16	param
                           174	 #y	$17	param
                           175	
                           176		.data
                           177	.L144:
                           178		.text
                           179		.align	4
                           180		.align	4
                           181		.globl	WM_Screen2hWinEx
                           182	WM_Screen2hWinEx:
        27bdffe8 000001a4  183		addiu	$sp, $sp, -24
        afbf0014 000001a8  184		sw	$ra, 20($sp)
        afb20008 000001ac  185		sw	$18, 8($sp)
        afb00000 000001b0  186		sw	$16, 0($sp)
        00048400 000001b4  187		sll	$16, $4, 16
        00108403 000001b8  188		sra	$16, $16, 16
        afb10004 000001bc  189		sw	$17, 4($sp)
        00a08825 000001c0  190		move	$17, $5
                           191	 #	    .bf
        0c000000 000001c4  192		jal	GUI_Lock
        00c09025 000001c8  193		move	$18, $6
        87840000 000001cc  194		lh	$4, %sdaoff(WM__FirstWin)($28)
        02002825 000001d0  195		move	$5, $16
        02203025 000001d4  196		move	$6, $17
        0c000000 000001d8  197		jal	_Screen2hWin
        02403825 000001dc  198		move	$7, $18
        0c000000 000001e0  199		jal	GUI_Unlock
        00408025 000001e4  200		move	$16, $2
                           201	 #	    .ef
        02001025 000001e8  202		move	$2, $16
        8fb00000 000001ec  203		lw	$16, 0($sp)
        8fbf0014 000001f0  204		lw	$ra, 20($sp)
        8fb10004 000001f4  205		lw	$17, 4($sp)
        8fb20008 000001f8  206		lw	$18, 8($sp)
        03e00008 000001fc  207		jr	$ra
        27bd0018 00000200  208		addiu	$sp, $sp, 24
                           209		.type	WM_Screen2hWinEx,@function
                           210		.size	WM_Screen2hWinEx,.-WM_Screen2hWinEx
                           211		.align	4
                           212	
                           213	 #hStop	$16	param
                           214	 #x	$17	param
                           215	 #y	$18	param
                           216	
                           217		.data
                           218	.L163:
                           219		.text
                           220		.align	4
                           221	 #WM__FirstWin	%sdaoff(WM__FirstWin)	import
                           222	
                           223		.data
                           224		.text
