
                                   Tue Apr 07 08:51:42 2015           Page 1
                                   Tue Apr 07 08:51:42 2015       gh_2i02b.s
Command Line:   C:\GHS\V35\mips35\asmips.exe -noundefined -elf -b0
                -IC:\local\Workspace\DC_V04.01.00_int\cu3x1Platform_SRC\emWinColour
                -IC:\local\Workspace\DC_V04.01.00_int\cu3x1App_SRC\MPC_control\source\include
                -IC:\local\Workspace\DC_V04.01.00_int\cu3x1Platform_SRC\platform\common
                -IC:\local\Workspace\DC_V04.01.00_int\cu3x1Platform_SRC\platform\hardware
                -IC:\local\Workspace\DC_V04.01.00_int\cu3x1Platform_SRC\platform\hardware\D3018X
                -IC:\local\Workspace\DC_V04.01.00_int\cu3x1Platform_SRC\embos\inc
                -IC:\local\Workspace\DC_V04.01.00_int\cu3x1Platform_SRC\emWinColour\config
                -IC:\local\Workspace\DC_V04.01.00_int\cu3x1Platform_SRC\emWinColour\gui\ConvertMono
                -IC:\local\Workspace\DC_V04.01.00_int\cu3x1Platform_SRC\emWinColour\gui\Core
                -IC:\local\Workspace\DC_V04.01.00_int\cu3x1Platform_SRC\emWinColour\gui\Font
                -IC:\local\Workspace\DC_V04.01.00_int\cu3x1Platform_SRC\emWinColour\gui\LCDDriver
                -IC:\local\Workspace\DC_V04.01.00_int\cu3x1Platform_SRC\emWinColour\gui\MemDev
                -IC:\local\Workspace\DC_V04.01.00_int\cu3x1Platform_SRC\emWinColour\gui\VNC
                -IC:\local\Workspace\DC_V04.01.00_int\cu3x1Platform_SRC\emWinColour\gui\Widget
                -IC:\local\Workspace\DC_V04.01.00_int\cu3x1Platform_SRC\emWinColour\gui\wm
                -IC:\local\Workspace\DC_V04.01.00_int\cu3x1App_SRC\Control\source
                -IC:\local\Workspace\DC_V04.01.00_int\cu3x1App_SRC\Control\source\include
                -IC:\local\Workspace\DC_V04.01.00_int\cu3x1App_SRC\Control\source\util
                -IC:\local\Workspace\DC_V04.01.00_int\cu3x1App_SRC\Control\source\datapoint
                -IC:\local\Workspace\DC_V04.01.00_int\cu3x1App_SRC\Control\source\factory
                -IC:\local\Workspace\DC_V04.01.00_int\cu3x1Platform_SRC\platform\include
                -IC:\local\Workspace\DC_V04.01.00_int\cu3x1Platform_SRC\embos
                -IC:\local\Workspace\DC_V04.01.00_int\cu3x1Platform_SRC\emWinColour\gui\core
                -IC:\local\Workspace\DC_V04.01.00_int\cu3x1App_SRC\Control\source\rtip\webpage
                -IC:\local\Workspace\DC_V04.01.00_int\cu3x1App_SRC\Control\source\rtip\config
                -IC:\local\Workspace\DC_V04.01.00_int\cu3x1App_SRC\Control\source\rtip\xnet
                -IC:\local\Workspace\DC_V04.01.00_int\cu3x1App_SRC\Control\source\stub
                -IC:\local\Workspace\DC_V04.01.00_int\cu3x1App_SRC\Control\source\test
                -IC:\local\Workspace\DC_V04.01.00_int\cu3x1App_SRC\Control\source\GENIpro
                -IC:\local\Workspace\DC_V04.01.00_int\cu3x1App_SRC\Control\source\GENIpro\GENI_sys
                -IC:\local\Workspace\DC_V04.01.00_int\cu3x1App_SRC\Control\source\GENIpro\GENIusb\emUSB\USB\Driver
                -IC:\local\Workspace\DC_V04.01.00_int\cu3x1App_SRC\Control\source\application\intercom
                -IC:\local\Workspace\DC_V04.01.00_int\cu3x1App_SRC\Control\source\application\controller
                -IC:\local\Workspace\DC_V04.01.00_int\cu3x1App_SRC\Control\source\application\driver
                -IC:\local\Workspace\DC_V04.01.00_int\cu3x1App_SRC\Control\source\application\webif
                -IC:\local\Workspace\DC_V04.01.00_int\cu3x1App_SRC\Control\source\application\relay
                -IC:\local\Workspace\DC_V04.01.00_int\cu3x1App_SRC\Control\source\application\GENIApp
                -IC:\local\Workspace\DC_V04.01.00_int\cu3x1App_SRC\Control\source\application\alarm
                -IC:\local\Workspace\DC_V04.01.00_int\cu3x1App_SRC\Control\source\application\config
                -IC:\local\Workspace\DC_V04.01.00_int\cu3x1App_SRC\Control\source\application\AnaInConfigCtrl
                -IC:\local\Workspace\DC_V04.01.00_int\cu3x1App_SRC\Control\source\application\Sms
                -IC:\local\Workspace\DC_V04.01.00_int\cu3x1App_SRC\Control\source\application\display
                -IC:\local\Workspace\DC_V04.01.00_int\cu3x1App_SRC\Control\source\application\display\display_task
                -IC:\local\Workspace\DC_V04.01.00_int\cu3x1App_SRC\Control\source\application\display\gui_utility
                -IC:\local\Workspace\DC_V04.01.00_int\cu3x1App_SRC\Control\source\application\display\mpcunit
                -IC:\local\Workspace\DC_V04.01.00_int\cu3x1App_SRC\Control\source\GeniPro
                -IC:\local\Workspace\DC_V04.01.00_int\cu3x1App_SRC\Control\source\GeniPro\GENI_sys
                -IC:\local\Workspace\DC_V04.01.00_int\cu3x1App_SRC\Control\source\GeniPro\GENIbus
                -IC:\local\Workspace\DC_V04.01.00_int\cu3x1App_SRC\Control\source\GeniPro\GENIcom
                -IC:\local\Workspace\DC_V04.01.00_int\cu3x1App_SRC\Control\source\GeniPro\GENIrs232
                -IC:\local\Workspace\DC_V04.01.00_int\cu3x1App_SRC\Control\source\GeniPro\Virtual
                -IC:\local\Workspace\DC_V04.01.00_int\cu3x1Platform_SRC\Platform\common
                -IC:\local\Workspace\DC_V04.01.00_int\cu3x1Platform_SRC\Platform\hardware
                -IC:\local\Workspace\DC_V04.01.00_int\cu3x1Platform_SRC\Platform\hardware\D3018X
                -IC:\local\Workspace\DC_V04.01.00_int\cu3x1App_SRC\Control\source\application\display\imagesTFT
                -IC:\GHS\V35\mips35\mipsl_sf -r4121 -source=WM_SetDesktopColor.c
                -o objs\gh_2i02b.o -list=objs\WM_SetDesktopColor.lst
                C:\Users\55602\AppData\Local\Temp\gh_2i02b.s
Source File:    C:\Users\55602\AppData\Local\Temp\gh_2i02b.s
Directory:      C:\local\Workspace\DC_V04.01.00_int\cu3x1App_SRC\Control\source
Host OS:        GHS_WIN32
Version:        AS-MIPS 3.5#11 
Release:        MULTI 2000, MIPS v3.5
Revision Date:  Wed Feb 27 12:19:03 2002
Release Date:   Sat Mar 02 02:57:59 2002
                             1	 #Source File:   C:\local\Workspace\DC_V04.01.00_int\cu3x1Platform_SRC\emWinColour\GUI\WM\WM_SetDesktopColor.c

                                   Tue Apr 07 08:51:42 2015           Page 2
                                   Tue Apr 07 08:51:42 2015       gh_2i02b.s
                             2	 #Directory:     
                             3	 #		C:\local\Workspace\DC_V04.01.00_int\cu3x1App_SRC\Control\source
                             4	 #Compile Date:  Tue Apr 07 08:51:42 2015
                             5	 #Host OS:       Win32
                             6	 #Version:       C-MIPS 3.5#11 RELEASE VERSION
                             7	 #Release:       MULTI 2000, MIPS v3.5
                             8	 #Revision Date: Fri Mar 01 11:32:40 2002
                             9	 #Release Date:  Sat Mar 02 02:58:48 2002
                            10		.set	noat
                            11		.set	noreorder
                            12		.set	nomacro
                            13		.text
                            14		.align	4
                            15		.globl	WM_SetDesktopColorEx
                            16	WM_SetDesktopColorEx:
        27bdfff0 00000000   17		addiu	$sp, $sp, -16
        afb00000 00000004   18		sw	$16, 0($sp)
                            19	 #	    .bf
        3c100fff 00000008   20		lui	$16, 4095
        3610ffff 0000000c   21		ori	$16, $16, 65535
        14a00009 00000010   22		bne	$5, $0, .L4
        afbf000c 00000014   23		sw	$ra, 12($sp)
        0005c080 00000018   24		sll	$24, $5, 2
        03981821 0000001c   25		addu	$3, $28, $24
        8c700000 00000020   26		lw	$16, %sdaoff(WM__aBkColor)($3)
        ac640000 00000024   27		sw	$4, %sdaoff(WM__aBkColor)($3)
        00057040 00000028   28		sll	$14, $5, 1
        038e6821 0000002c   29		addu	$13, $28, $14
        0c000000 00000030   30		jal	WM_InvalidateWindow
        85a40000 00000034   31		lh	$4, %sdaoff(WM__ahDesktopWin)($13)
                            32	.L4:
        02001025 00000038   33		move	$2, $16
                            34	 #	    .ef
        8fb00000 0000003c   35		lw	$16, 0($sp)
        8fbf000c 00000040   36		lw	$ra, 12($sp)
        03e00008 00000044   37		jr	$ra
        27bd0010 00000048   38		addiu	$sp, $sp, 16
                            39		.type	WM_SetDesktopColorEx,@function
                            40		.size	WM_SetDesktopColorEx,.-WM_SetDesktopColorEx
                            41		.align	4
                            42	 #r	$16	local
                            43	
                            44	 #Color	$4	param
                            45	 #LayerIndex	$5	param
                            46	
                            47		.data
                            48	.L23:
                            49		.text
                            50		.align	4
                            51		.align	4
                            52		.globl	WM_SetDesktopColor
                            53	WM_SetDesktopColor:
                            54	 #	    .bf
        08000000 0000004c   55		j	WM_SetDesktopColorEx
        34050000 00000050   56		ori	$5, $0, 0
                            57	 #	    .ef

                                   Tue Apr 07 08:51:42 2015           Page 3
                                   Tue Apr 07 08:51:42 2015       gh_2i02b.s
                            58		.type	WM_SetDesktopColor,@function
                            59		.size	WM_SetDesktopColor,.-WM_SetDesktopColor
                            60		.align	4
                            61	
                            62	 #Color	none	param
                            63	
                            64		.data
                            65	.L46:
                            66		.text
                            67		.align	4
                            68		.align	4
                            69		.globl	WM_SetDesktopColors
                            70	WM_SetDesktopColors:
        27bdfff0 00000054   71		addiu	$sp, $sp, -16
                            72	 #	    .bf
        afbf000c 00000058   73		sw	$ra, 12($sp)
        afb00000 0000005c   74		sw	$16, 0($sp)
        00808025 00000060   75		move	$16, $4
        afb10004 00000064   76		sw	$17, 4($sp)
        34110000 00000068   77		ori	$17, $0, 0
        02202825 0000006c   78		move	$5, $17
                            79	.L1000056:
        0c000000 00000070   80		jal	WM_SetDesktopColorEx
        02002025 00000074   81		move	$4, $16
        26310001 00000078   82		addiu	$17, $17, 1
        2a390001 0000007c   83		slti	$25, $17, 1
        5720fffb 00000080   84		bnel	$25, $0, .L1000056
        02202825 00000084   85		move	$5, $17
        8fb10004 00000088   86		lw	$17, 4($sp)
                            87	 #	    .ef
        8fb00000 0000008c   88		lw	$16, 0($sp)
        8fbf000c 00000090   89		lw	$ra, 12($sp)
        03e00008 00000094   90		jr	$ra
        27bd0010 00000098   91		addiu	$sp, $sp, 16
                            92		.type	WM_SetDesktopColors,@function
                            93		.size	WM_SetDesktopColors,.-WM_SetDesktopColors
                            94		.align	4
                            95	 #i	$17	local
                            96	
                            97	 #Color	$16	param
                            98	
                            99		.data
                           100	.L71:
                           101		.text
                           102		.align	4
                           103	 #WM__ahDesktopWin	%sdaoff(WM__ahDesktopWin)	import
                           104	 #WM__aBkColor	%sdaoff(WM__aBkColor)	import
                           105	
                           106		.data
                           107		.text
