
                                   Tue Apr 07 08:52:13 2015           Page 1
                                   Tue Apr 07 08:52:13 2015       gh_2i031.s
Command Line:   C:\GHS\V35\mips35\asmips.exe -noundefined -elf -b0
                -IC:\local\Workspace\DC_V04.01.00_int\cu3x1Platform_SRC\emWinColour
                -IC:\local\Workspace\DC_V04.01.00_int\cu3x1App_SRC\MPC_control\source\include
                -IC:\local\Workspace\DC_V04.01.00_int\cu3x1Platform_SRC\platform\common
                -IC:\local\Workspace\DC_V04.01.00_int\cu3x1Platform_SRC\platform\hardware
                -IC:\local\Workspace\DC_V04.01.00_int\cu3x1Platform_SRC\platform\hardware\D3018X
                -IC:\local\Workspace\DC_V04.01.00_int\cu3x1Platform_SRC\embos\inc
                -IC:\local\Workspace\DC_V04.01.00_int\cu3x1Platform_SRC\emWinColour\config
                -IC:\local\Workspace\DC_V04.01.00_int\cu3x1Platform_SRC\emWinColour\gui\ConvertMono
                -IC:\local\Workspace\DC_V04.01.00_int\cu3x1Platform_SRC\emWinColour\gui\Core
                -IC:\local\Workspace\DC_V04.01.00_int\cu3x1Platform_SRC\emWinColour\gui\Font
                -IC:\local\Workspace\DC_V04.01.00_int\cu3x1Platform_SRC\emWinColour\gui\LCDDriver
                -IC:\local\Workspace\DC_V04.01.00_int\cu3x1Platform_SRC\emWinColour\gui\MemDev
                -IC:\local\Workspace\DC_V04.01.00_int\cu3x1Platform_SRC\emWinColour\gui\VNC
                -IC:\local\Workspace\DC_V04.01.00_int\cu3x1Platform_SRC\emWinColour\gui\Widget
                -IC:\local\Workspace\DC_V04.01.00_int\cu3x1Platform_SRC\emWinColour\gui\wm
                -IC:\local\Workspace\DC_V04.01.00_int\cu3x1App_SRC\Control\source
                -IC:\local\Workspace\DC_V04.01.00_int\cu3x1App_SRC\Control\source\include
                -IC:\local\Workspace\DC_V04.01.00_int\cu3x1App_SRC\Control\source\util
                -IC:\local\Workspace\DC_V04.01.00_int\cu3x1App_SRC\Control\source\datapoint
                -IC:\local\Workspace\DC_V04.01.00_int\cu3x1App_SRC\Control\source\factory
                -IC:\local\Workspace\DC_V04.01.00_int\cu3x1Platform_SRC\platform\include
                -IC:\local\Workspace\DC_V04.01.00_int\cu3x1Platform_SRC\embos
                -IC:\local\Workspace\DC_V04.01.00_int\cu3x1Platform_SRC\emWinColour\gui\core
                -IC:\local\Workspace\DC_V04.01.00_int\cu3x1App_SRC\Control\source\rtip\webpage
                -IC:\local\Workspace\DC_V04.01.00_int\cu3x1App_SRC\Control\source\rtip\config
                -IC:\local\Workspace\DC_V04.01.00_int\cu3x1App_SRC\Control\source\rtip\xnet
                -IC:\local\Workspace\DC_V04.01.00_int\cu3x1App_SRC\Control\source\stub
                -IC:\local\Workspace\DC_V04.01.00_int\cu3x1App_SRC\Control\source\test
                -IC:\local\Workspace\DC_V04.01.00_int\cu3x1App_SRC\Control\source\GENIpro
                -IC:\local\Workspace\DC_V04.01.00_int\cu3x1App_SRC\Control\source\GENIpro\GENI_sys
                -IC:\local\Workspace\DC_V04.01.00_int\cu3x1App_SRC\Control\source\GENIpro\GENIusb\emUSB\USB\Driver
                -IC:\local\Workspace\DC_V04.01.00_int\cu3x1App_SRC\Control\source\application\intercom
                -IC:\local\Workspace\DC_V04.01.00_int\cu3x1App_SRC\Control\source\application\controller
                -IC:\local\Workspace\DC_V04.01.00_int\cu3x1App_SRC\Control\source\application\driver
                -IC:\local\Workspace\DC_V04.01.00_int\cu3x1App_SRC\Control\source\application\webif
                -IC:\local\Workspace\DC_V04.01.00_int\cu3x1App_SRC\Control\source\application\relay
                -IC:\local\Workspace\DC_V04.01.00_int\cu3x1App_SRC\Control\source\application\GENIApp
                -IC:\local\Workspace\DC_V04.01.00_int\cu3x1App_SRC\Control\source\application\alarm
                -IC:\local\Workspace\DC_V04.01.00_int\cu3x1App_SRC\Control\source\application\config
                -IC:\local\Workspace\DC_V04.01.00_int\cu3x1App_SRC\Control\source\application\AnaInConfigCtrl
                -IC:\local\Workspace\DC_V04.01.00_int\cu3x1App_SRC\Control\source\application\Sms
                -IC:\local\Workspace\DC_V04.01.00_int\cu3x1App_SRC\Control\source\application\display
                -IC:\local\Workspace\DC_V04.01.00_int\cu3x1App_SRC\Control\source\application\display\display_task
                -IC:\local\Workspace\DC_V04.01.00_int\cu3x1App_SRC\Control\source\application\display\gui_utility
                -IC:\local\Workspace\DC_V04.01.00_int\cu3x1App_SRC\Control\source\application\display\mpcunit
                -IC:\local\Workspace\DC_V04.01.00_int\cu3x1App_SRC\Control\source\GeniPro
                -IC:\local\Workspace\DC_V04.01.00_int\cu3x1App_SRC\Control\source\GeniPro\GENI_sys
                -IC:\local\Workspace\DC_V04.01.00_int\cu3x1App_SRC\Control\source\GeniPro\GENIbus
                -IC:\local\Workspace\DC_V04.01.00_int\cu3x1App_SRC\Control\source\GeniPro\GENIcom
                -IC:\local\Workspace\DC_V04.01.00_int\cu3x1App_SRC\Control\source\GeniPro\GENIrs232
                -IC:\local\Workspace\DC_V04.01.00_int\cu3x1App_SRC\Control\source\GeniPro\Virtual
                -IC:\local\Workspace\DC_V04.01.00_int\cu3x1Platform_SRC\Platform\common
                -IC:\local\Workspace\DC_V04.01.00_int\cu3x1Platform_SRC\Platform\hardware
                -IC:\local\Workspace\DC_V04.01.00_int\cu3x1Platform_SRC\Platform\hardware\D3018X
                -IC:\local\Workspace\DC_V04.01.00_int\cu3x1App_SRC\Control\source\application\display\imagesTFT
                -IC:\GHS\V35\mips35\mipsl_sf -r4121 -source=WM_UserData.c -o
                objs\gh_2i031.o -list=objs\WM_UserData.lst
                C:\Users\55602\AppData\Local\Temp\gh_2i031.s
Source File:    C:\Users\55602\AppData\Local\Temp\gh_2i031.s
Directory:      C:\local\Workspace\DC_V04.01.00_int\cu3x1App_SRC\Control\source
Host OS:        GHS_WIN32
Version:        AS-MIPS 3.5#11 
Release:        MULTI 2000, MIPS v3.5
Revision Date:  Wed Feb 27 12:19:03 2002
Release Date:   Sat Mar 02 02:57:59 2002
                             1	 #Source File:   C:\local\Workspace\DC_V04.01.00_int\cu3x1Platform_SRC\emWinColour\GUI\WM\WM_UserData.c

                                   Tue Apr 07 08:52:13 2015           Page 2
                                   Tue Apr 07 08:52:13 2015       gh_2i031.s
                             2	 #Directory:     
                             3	 #		C:\local\Workspace\DC_V04.01.00_int\cu3x1App_SRC\Control\source
                             4	 #Compile Date:  Tue Apr 07 08:52:13 2015
                             5	 #Host OS:       Win32
                             6	 #Version:       C-MIPS 3.5#11 RELEASE VERSION
                             7	 #Release:       MULTI 2000, MIPS v3.5
                             8	 #Revision Date: Fri Mar 01 11:32:40 2002
                             9	 #Release Date:  Sat Mar 02 02:58:48 2002
                            10		.set	noat
                            11		.set	noreorder
                            12		.set	nomacro
                            13		.text
                            14		.align	4
                            15	_CalcNumBytes:
        27bdfff0 00000000   16		addiu	$sp, $sp, -16
        afbf000c 00000004   17		sw	$ra, 12($sp)
        afb00000 00000008   18		sw	$16, 0($sp)
        00042400 0000000c   19		sll	$4, $4, 16
        00042403 00000010   20		sra	$4, $4, 16
                            21	 #	    .bf
        0c000000 00000014   22		jal	GUI_ALLOC_GetSize
        00a08025 00000018   23		move	$16, $5
        2442ffe0 0000001c   24		addiu	$2, $2, -32
        02001825 00000020   25		move	$3, $16
        0043c82a 00000024   26		slt	$25, $2, $3
        13200002 00000028   27		beq	$25, $0, .L27
        00000000 0000002c   28		nop
        00401825 00000030   29		move	$3, $2
                            30	.L27:
                            31	 #	    .ef
        8fb00000 00000034   32		lw	$16, 0($sp)
        8fbf000c 00000038   33		lw	$ra, 12($sp)
        27bd0010 0000003c   34		addiu	$sp, $sp, 16
        03e00008 00000040   35		jr	$ra
        00601025 00000044   36		move	$2, $3
                            37		.type	_CalcNumBytes,@function
                            38		.size	_CalcNumBytes,.-_CalcNumBytes
                            39		.align	4
                            40	 #v0	$2	local
                            41	
                            42	 #hWin	$4	param
                            43	 #NumBytes	$16	param
                            44	
                            45		.data
                            46	.L26:
                            47		.text
                            48		.align	4
                            49		.align	4
                            50		.globl	WM_GetUserData
                            51	WM_GetUserData:
        27bdffe8 00000048   52		addiu	$sp, $sp, -24
        afb20008 0000004c   53		sw	$18, 8($sp)
                            54	 #	    .bf
        00c09025 00000050   55		move	$18, $6
        afb00000 00000054   56		sw	$16, 0($sp)
        00048400 00000058   57		sll	$16, $4, 16

                                   Tue Apr 07 08:52:13 2015           Page 3
                                   Tue Apr 07 08:52:13 2015       gh_2i031.s
        00108403 0000005c   58		sra	$16, $16, 16
        afb10004 00000060   59		sw	$17, 4($sp)
        00a08825 00000064   60		move	$17, $5
        1200000e 00000068   61		beq	$16, $0, .L34
        afbf0014 0000006c   62		sw	$ra, 20($sp)
        02002025 00000070   63		move	$4, $16
        0c000000 00000074   64		jal	_CalcNumBytes
        02402825 00000078   65		move	$5, $18
        0c000000 0000007c   66		jal	GUI_Lock
        00409025 00000080   67		move	$18, $2
        0c000000 00000084   68		jal	GUI_ALLOC_h2p
        02002025 00000088   69		move	$4, $16
        02202025 0000008c   70		move	$4, $17
        24450020 00000090   71		addiu	$5, $2, 32
        0c000000 00000094   72		jal	memcpy
        02403025 00000098   73		move	$6, $18
        0c000000 0000009c   74		jal	GUI_Unlock
        00000000 000000a0   75		nop
                            76	.L34:
        02401025 000000a4   77		move	$2, $18
                            78	 #	    .ef
        8fb20008 000000a8   79		lw	$18, 8($sp)
        8fb10004 000000ac   80		lw	$17, 4($sp)
        8fbf0014 000000b0   81		lw	$ra, 20($sp)
        8fb00000 000000b4   82		lw	$16, 0($sp)
        03e00008 000000b8   83		jr	$ra
        27bd0018 000000bc   84		addiu	$sp, $sp, 24
                            85		.type	WM_GetUserData,@function
                            86		.size	WM_GetUserData,.-WM_GetUserData
                            87		.align	4
                            88	
                            89	 #hWin	$16	param
                            90	 #pDest	$17	param
                            91	 #NumBytes	$18	param
                            92	
                            93		.data
                            94	.L53:
                            95		.text
                            96		.align	4
                            97		.align	4
                            98		.globl	WM_SetUserData
                            99	WM_SetUserData:
        27bdffe8 000000c0  100		addiu	$sp, $sp, -24
        afb20008 000000c4  101		sw	$18, 8($sp)
                           102	 #	    .bf
        00c09025 000000c8  103		move	$18, $6
        afb00000 000000cc  104		sw	$16, 0($sp)
        00048400 000000d0  105		sll	$16, $4, 16
        00108403 000000d4  106		sra	$16, $16, 16
        afb10004 000000d8  107		sw	$17, 4($sp)
        00a08825 000000dc  108		move	$17, $5
        1200000e 000000e0  109		beq	$16, $0, .L65
        afbf0014 000000e4  110		sw	$ra, 20($sp)
        02002025 000000e8  111		move	$4, $16
        0c000000 000000ec  112		jal	_CalcNumBytes
        02402825 000000f0  113		move	$5, $18

                                   Tue Apr 07 08:52:13 2015           Page 4
                                   Tue Apr 07 08:52:13 2015       gh_2i031.s
        0c000000 000000f4  114		jal	GUI_Lock
        00409025 000000f8  115		move	$18, $2
        0c000000 000000fc  116		jal	GUI_ALLOC_h2p
        02002025 00000100  117		move	$4, $16
        24440020 00000104  118		addiu	$4, $2, 32
        02202825 00000108  119		move	$5, $17
        0c000000 0000010c  120		jal	memcpy
        02403025 00000110  121		move	$6, $18
        0c000000 00000114  122		jal	GUI_Unlock
        00000000 00000118  123		nop
                           124	.L65:
        02401025 0000011c  125		move	$2, $18
                           126	 #	    .ef
        8fb20008 00000120  127		lw	$18, 8($sp)
        8fb10004 00000124  128		lw	$17, 4($sp)
        8fbf0014 00000128  129		lw	$ra, 20($sp)
        8fb00000 0000012c  130		lw	$16, 0($sp)
        03e00008 00000130  131		jr	$ra
        27bd0018 00000134  132		addiu	$sp, $sp, 24
                           133		.type	WM_SetUserData,@function
                           134		.size	WM_SetUserData,.-WM_SetUserData
                           135		.align	4
                           136	
                           137	 #hWin	$16	param
                           138	 #pSrc	$17	param
                           139	 #NumBytes	$18	param
                           140	
                           141		.data
                           142	.L84:
                           143		.text
                           144		.align	4
                           145	
                           146		.data
                           147		.text
