
                                   Tue Apr 07 08:50:39 2015           Page 1
                                   Tue Apr 07 08:50:38 2015        gh_2i0v.s
Command Line:   C:\GHS\V35\mips35\asmips.exe -noundefined -elf -b0
                -IC:\local\Workspace\DC_V04.01.00_int\cu3x1Platform_SRC\emWinColour
                -IC:\local\Workspace\DC_V04.01.00_int\cu3x1App_SRC\MPC_control\source\include
                -IC:\local\Workspace\DC_V04.01.00_int\cu3x1Platform_SRC\platform\common
                -IC:\local\Workspace\DC_V04.01.00_int\cu3x1Platform_SRC\platform\hardware
                -IC:\local\Workspace\DC_V04.01.00_int\cu3x1Platform_SRC\platform\hardware\D3018X
                -IC:\local\Workspace\DC_V04.01.00_int\cu3x1Platform_SRC\embos\inc
                -IC:\local\Workspace\DC_V04.01.00_int\cu3x1Platform_SRC\emWinColour\config
                -IC:\local\Workspace\DC_V04.01.00_int\cu3x1Platform_SRC\emWinColour\gui\ConvertMono
                -IC:\local\Workspace\DC_V04.01.00_int\cu3x1Platform_SRC\emWinColour\gui\Core
                -IC:\local\Workspace\DC_V04.01.00_int\cu3x1Platform_SRC\emWinColour\gui\Font
                -IC:\local\Workspace\DC_V04.01.00_int\cu3x1Platform_SRC\emWinColour\gui\LCDDriver
                -IC:\local\Workspace\DC_V04.01.00_int\cu3x1Platform_SRC\emWinColour\gui\MemDev
                -IC:\local\Workspace\DC_V04.01.00_int\cu3x1Platform_SRC\emWinColour\gui\VNC
                -IC:\local\Workspace\DC_V04.01.00_int\cu3x1Platform_SRC\emWinColour\gui\Widget
                -IC:\local\Workspace\DC_V04.01.00_int\cu3x1Platform_SRC\emWinColour\gui\wm
                -IC:\local\Workspace\DC_V04.01.00_int\cu3x1App_SRC\Control\source
                -IC:\local\Workspace\DC_V04.01.00_int\cu3x1App_SRC\Control\source\include
                -IC:\local\Workspace\DC_V04.01.00_int\cu3x1App_SRC\Control\source\util
                -IC:\local\Workspace\DC_V04.01.00_int\cu3x1App_SRC\Control\source\datapoint
                -IC:\local\Workspace\DC_V04.01.00_int\cu3x1App_SRC\Control\source\factory
                -IC:\local\Workspace\DC_V04.01.00_int\cu3x1Platform_SRC\platform\include
                -IC:\local\Workspace\DC_V04.01.00_int\cu3x1Platform_SRC\embos
                -IC:\local\Workspace\DC_V04.01.00_int\cu3x1Platform_SRC\emWinColour\gui\core
                -IC:\local\Workspace\DC_V04.01.00_int\cu3x1App_SRC\Control\source\rtip\webpage
                -IC:\local\Workspace\DC_V04.01.00_int\cu3x1App_SRC\Control\source\rtip\config
                -IC:\local\Workspace\DC_V04.01.00_int\cu3x1App_SRC\Control\source\rtip\xnet
                -IC:\local\Workspace\DC_V04.01.00_int\cu3x1App_SRC\Control\source\stub
                -IC:\local\Workspace\DC_V04.01.00_int\cu3x1App_SRC\Control\source\test
                -IC:\local\Workspace\DC_V04.01.00_int\cu3x1App_SRC\Control\source\GENIpro
                -IC:\local\Workspace\DC_V04.01.00_int\cu3x1App_SRC\Control\source\GENIpro\GENI_sys
                -IC:\local\Workspace\DC_V04.01.00_int\cu3x1App_SRC\Control\source\GENIpro\GENIusb\emUSB\USB\Driver
                -IC:\local\Workspace\DC_V04.01.00_int\cu3x1App_SRC\Control\source\application\intercom
                -IC:\local\Workspace\DC_V04.01.00_int\cu3x1App_SRC\Control\source\application\controller
                -IC:\local\Workspace\DC_V04.01.00_int\cu3x1App_SRC\Control\source\application\driver
                -IC:\local\Workspace\DC_V04.01.00_int\cu3x1App_SRC\Control\source\application\webif
                -IC:\local\Workspace\DC_V04.01.00_int\cu3x1App_SRC\Control\source\application\relay
                -IC:\local\Workspace\DC_V04.01.00_int\cu3x1App_SRC\Control\source\application\GENIApp
                -IC:\local\Workspace\DC_V04.01.00_int\cu3x1App_SRC\Control\source\application\alarm
                -IC:\local\Workspace\DC_V04.01.00_int\cu3x1App_SRC\Control\source\application\config
                -IC:\local\Workspace\DC_V04.01.00_int\cu3x1App_SRC\Control\source\application\AnaInConfigCtrl
                -IC:\local\Workspace\DC_V04.01.00_int\cu3x1App_SRC\Control\source\application\Sms
                -IC:\local\Workspace\DC_V04.01.00_int\cu3x1App_SRC\Control\source\application\display
                -IC:\local\Workspace\DC_V04.01.00_int\cu3x1App_SRC\Control\source\application\display\display_task
                -IC:\local\Workspace\DC_V04.01.00_int\cu3x1App_SRC\Control\source\application\display\gui_utility
                -IC:\local\Workspace\DC_V04.01.00_int\cu3x1App_SRC\Control\source\application\display\mpcunit
                -IC:\local\Workspace\DC_V04.01.00_int\cu3x1App_SRC\Control\source\GeniPro
                -IC:\local\Workspace\DC_V04.01.00_int\cu3x1App_SRC\Control\source\GeniPro\GENI_sys
                -IC:\local\Workspace\DC_V04.01.00_int\cu3x1App_SRC\Control\source\GeniPro\GENIbus
                -IC:\local\Workspace\DC_V04.01.00_int\cu3x1App_SRC\Control\source\GeniPro\GENIcom
                -IC:\local\Workspace\DC_V04.01.00_int\cu3x1App_SRC\Control\source\GeniPro\GENIrs232
                -IC:\local\Workspace\DC_V04.01.00_int\cu3x1App_SRC\Control\source\GeniPro\Virtual
                -IC:\local\Workspace\DC_V04.01.00_int\cu3x1Platform_SRC\Platform\common
                -IC:\local\Workspace\DC_V04.01.00_int\cu3x1Platform_SRC\Platform\hardware
                -IC:\local\Workspace\DC_V04.01.00_int\cu3x1Platform_SRC\Platform\hardware\D3018X
                -IC:\local\Workspace\DC_V04.01.00_int\cu3x1App_SRC\Control\source\application\display\imagesTFT
                -IC:\GHS\V35\mips35\mipsl_sf -r4121 -source=WMTouch.c -o
                objs\gh_2i0v.o -list=objs\WMTouch.lst
                C:\Users\55602\AppData\Local\Temp\gh_2i0v.s
Source File:    C:\Users\55602\AppData\Local\Temp\gh_2i0v.s
Directory:      C:\local\Workspace\DC_V04.01.00_int\cu3x1App_SRC\Control\source
Host OS:        GHS_WIN32
Version:        AS-MIPS 3.5#11 
Release:        MULTI 2000, MIPS v3.5
Revision Date:  Wed Feb 27 12:19:03 2002
Release Date:   Sat Mar 02 02:57:59 2002
                             1	 #Source File:   C:\local\Workspace\DC_V04.01.00_int\cu3x1Platform_SRC\emWinColour\GUI\WM\WMTouch.c

                                   Tue Apr 07 08:50:39 2015           Page 2
                                   Tue Apr 07 08:50:38 2015        gh_2i0v.s
                             2	 #Directory:     
                             3	 #		C:\local\Workspace\DC_V04.01.00_int\cu3x1App_SRC\Control\source
                             4	 #Compile Date:  Tue Apr 07 08:50:38 2015
                             5	 #Host OS:       Win32
                             6	 #Version:       C-MIPS 3.5#11 RELEASE VERSION
                             7	 #Release:       MULTI 2000, MIPS v3.5
                             8	 #Revision Date: Fri Mar 01 11:32:40 2002
                             9	 #Release Date:  Sat Mar 02 02:58:48 2002
                            10		.set	noat
                            11		.set	noreorder
                            12		.set	nomacro
                            13		.text
                            14		.align	4
                            15		.globl	WM__IsInModalArea
                            16	WM__IsInModalArea:
        27bdfff0 00000000   17		addiu	$sp, $sp, -16
                            18	 #	    .bf
        afb00000 00000004   19		sw	$16, 0($sp)
        87990000 00000008   20		lh	$25, %sdaoff(WM__CHWinModal+4)($28)
        00048400 0000000c   21		sll	$16, $4, 16
        00108403 00000010   22		sra	$16, $16, 16
        13200008 00000014   23		beq	$25, $0, .L17
        afbf000c 00000018   24		sw	$ra, 12($sp)
        02002025 0000001c   25		move	$4, $16
        0c000000 00000020   26		jal	WM__IsAncestor
        87850000 00000024   27		lh	$5, %sdaoff(WM__CHWinModal+4)($28)
        54400004 00000028   28		bnel	$2, $0, .L1000017
        8fb00000 0000002c   29		lw	$16, 0($sp)
        878f0000 00000030   30		lh	$15, %sdaoff(WM__CHWinModal+4)($28)
        160f0005 00000034   31		bne	$16, $15, .L1000016
                            32	.L17:
        8fb00000 00000038   33		lw	$16, 0($sp)
                            34	.L1000017:
        8fbf000c 0000003c   35		lw	$ra, 12($sp)
        27bd0010 00000040   36		addiu	$sp, $sp, 16
        03e00008 00000044   37		jr	$ra
        34020001 00000048   38		ori	$2, $0, 1
                            39	.L1000016:
                            40	 #	    .ef
        8fbf000c 0000004c   41		lw	$ra, 12($sp)
        27bd0010 00000050   42		addiu	$sp, $sp, 16
        03e00008 00000054   43		jr	$ra
        34020000 00000058   44		ori	$2, $0, 0
                            45		.type	WM__IsInModalArea,@function
                            46		.size	WM__IsInModalArea,.-WM__IsInModalArea
                            47		.align	4
                            48	
                            49	 #hWin	$16	param
                            50	
                            51		.data
                            52	.L44:
                            53		.text
                            54		.align	4
                            55		.align	4
                            56		.globl	WM__SendPIDMessage
                            57	WM__SendPIDMessage:

                                   Tue Apr 07 08:50:39 2015           Page 3
                                   Tue Apr 07 08:50:38 2015        gh_2i0v.s
        27bdffe0 0000005c   58		addiu	$sp, $sp, -32
        afbf001c 00000060   59		sw	$ra, 28($sp)
        afb20008 00000064   60		sw	$18, 8($sp)
        afb00000 00000068   61		sw	$16, 0($sp)
        afb10004 0000006c   62		sw	$17, 4($sp)
        00a08825 00000070   63		move	$17, $5
                            64	 #	    .bf
        8e2f0000 00000074   65		lw	$15, 0($17)
        27b2000c 00000078   66		addiu	$18, $sp, 12
        8e2e0004 0000007c   67		lw	$14, 4($17)
        8e2d0008 00000080   68		lw	$13, 8($17)
        afaf000c 00000084   69		sw	$15, 12($sp)
        afae0010 00000088   70		sw	$14, 16($sp)
        afad0014 0000008c   71		sw	$13, 20($sp)
        00048400 00000090   72		sll	$16, $4, 16
        00108403 00000094   73		sra	$16, $16, 16
        02002025 00000098   74		move	$4, $16
        0c000000 0000009c   75		jal	WM__SendMessageIfEnabled
        02402825 000000a0   76		move	$5, $18
        a7b00012 000000a4   77		sh	$16, 18($sp)
        3419000d 000000a8   78		ori	$25, $0, 13
        afb9000c 000000ac   79		sw	$25, 12($sp)
        0c000000 000000b0   80		jal	WM_IsWindow
        02002025 000000b4   81		move	$4, $16
        5040000f 000000b8   82		beql	$2, $0, .L1000060
        8fb20008 000000bc   83		lw	$18, 8($sp)
                            84	.L64:
        0c000000 000000c0   85		jal	WM_GetParent
        02002025 000000c4   86		move	$4, $16
        00408025 000000c8   87		move	$16, $2
        12000005 000000cc   88		beq	$16, $0, .L62
        00000000 000000d0   89		nop
        02002025 000000d4   90		move	$4, $16
        ae510008 000000d8   91		sw	$17, 8($18)
        0c000000 000000dc   92		jal	WM__SendMessageIfEnabled
        02402825 000000e0   93		move	$5, $18
                            94	.L62:
        0c000000 000000e4   95		jal	WM_IsWindow
        02002025 000000e8   96		move	$4, $16
        1440fff4 000000ec   97		bne	$2, $0, .L64
        00000000 000000f0   98		nop
        8fb20008 000000f4   99		lw	$18, 8($sp)
                           100	.L1000060:
                           101	 #	    .ef
        8fb10004 000000f8  102		lw	$17, 4($sp)
        8fbf001c 000000fc  103		lw	$ra, 28($sp)
        8fb00000 00000100  104		lw	$16, 0($sp)
        03e00008 00000104  105		jr	$ra
        27bd0020 00000108  106		addiu	$sp, $sp, 32
                           107		.type	WM__SendPIDMessage,@function
                           108		.size	WM__SendPIDMessage,.-WM__SendPIDMessage
                           109		.align	4
                           110	 #Msg	12($sp)	local
                           111	
                           112	 #hWin	$16	param
                           113	 #pMsg	$17	param

                                   Tue Apr 07 08:50:39 2015           Page 4
                                   Tue Apr 07 08:50:38 2015        gh_2i0v.s
                           114	
                           115		.data
                           116	.L87:
                           117		.text
                           118		.align	4
                           119		.align	4
                           120		.globl	WM__SendTouchMessage
                           121	WM__SendTouchMessage:
        27bdffe8 0000010c  122		addiu	$sp, $sp, -24
        afbf0014 00000110  123		sw	$ra, 20($sp)
        afb20008 00000114  124		sw	$18, 8($sp)
        afb00000 00000118  125		sw	$16, 0($sp)
        afb10004 0000011c  126		sw	$17, 4($sp)
        00a08825 00000120  127		move	$17, $5
                           128	 #	    .bf
        8e320008 00000124  129		lw	$18, 8($17)
        00048400 00000128  130		sll	$16, $4, 16
        00108403 0000012c  131		sra	$16, $16, 16
        5240000c 00000130  132		beql	$18, $0, .L1000104
        02002025 00000134  133		move	$4, $16
        0c000000 00000138  134		jal	GUI_ALLOC_h2p
        02002025 0000013c  135		move	$4, $16
        844f0000 00000140  136		lh	$15, 0($2)
        8e580000 00000144  137		lw	$24, 0($18)
        844d0002 00000148  138		lh	$13, 2($2)
        8e4e0004 0000014c  139		lw	$14, 4($18)
        030fc023 00000150  140		subu	$24, $24, $15
        ae580000 00000154  141		sw	$24, 0($18)
        01cd7023 00000158  142		subu	$14, $14, $13
        ae4e0004 0000015c  143		sw	$14, 4($18)
        02002025 00000160  144		move	$4, $16
                           145	.L1000104:
        0c000000 00000164  146		jal	WM__SendPIDMessage
        02202825 00000168  147		move	$5, $17
                           148	 #	    .ef
        8fb00000 0000016c  149		lw	$16, 0($sp)
        8fbf0014 00000170  150		lw	$ra, 20($sp)
        8fb10004 00000174  151		lw	$17, 4($sp)
        8fb20008 00000178  152		lw	$18, 8($sp)
        03e00008 0000017c  153		jr	$ra
        27bd0018 00000180  154		addiu	$sp, $sp, 24
                           155		.type	WM__SendTouchMessage,@function
                           156		.size	WM__SendTouchMessage,.-WM__SendTouchMessage
                           157		.align	4
                           158	 #pState	$18	local
                           159	
                           160	 #hWin	$16	param
                           161	 #pMsg	$17	param
                           162	
                           163		.data
                           164	.L123:
                           165		.text
                           166		.align	4
                           167		.align	4
                           168		.globl	WM_HandlePID
                           169	WM_HandlePID:

                                   Tue Apr 07 08:50:39 2015           Page 5
                                   Tue Apr 07 08:50:38 2015        gh_2i0v.s
        27bdffa8 00000184  170		addiu	$sp, $sp, -88
                           171	 #	    .bf
        afbf0054 00000188  172		sw	$ra, 84($sp)
        afb40010 0000018c  173		sw	$20, 16($sp)
        afb20008 00000190  174		sw	$18, 8($sp)
        afb10004 00000194  175		sw	$17, 4($sp)
        afb3000c 00000198  176		sw	$19, 12($sp)
        34130000 0000019c  177		ori	$19, $0, 0
        afb00000 000001a0  178		sw	$16, 0($sp)
        27b00024 000001a4  179		addiu	$16, $sp, 36
        0c000000 000001a8  180		jal	GUI_PID_GetState
        02002025 000001ac  181		move	$4, $16
        0c000000 000001b0  182		jal	GUI_Lock
        02009025 000001b4  183		move	$18, $16
        8e590000 000001b8  184		lw	$25, 0($18)
        87980000 000001bc  185		lh	$24, %sdaoff(GUI_OrgX)($28)
        8faf0028 000001c0  186		lw	$15, 40($sp)
        878e0000 000001c4  187		lh	$14, %sdaoff(GUI_OrgY)($28)
        0338c821 000001c8  188		addu	$25, $25, $24
        27b4003c 000001cc  189		addiu	$20, $sp, 60
        01ee7821 000001d0  190		addu	$15, $15, $14
        afaf0028 000001d4  191		sw	$15, 40($sp)
        02802025 000001d8  192		move	$4, $20
        0c000000 000001dc  193		jal	WM__AddCriticalHandle
        ae590000 000001e0  194		sw	$25, 0($18)
        3c110000 000001e4  195		lui	$17, %hi(WM_PID__StateLast)
        8e440000 000001e8  196		lw	$4, 0($18)
        8e2d0000 000001ec  197		lw	$13, %lo(WM_PID__StateLast)($17)
        26310000 000001f0  198		addiu	$17, $17, %lo(WM_PID__StateLast)
        55a4000a 000001f4  199		bnel	$13, $4, .L1000142
        87830000 000001f8  200		lh	$3, %sdaoff(WM__hCapture)($28)
        8e0f0004 000001fc  201		lw	$15, 4($16)
        8e380004 00000200  202		lw	$24, 4($17)
        570f0006 00000204  203		bnel	$24, $15, .L1000142
        87830000 00000208  204		lh	$3, %sdaoff(WM__hCapture)($28)
        92190008 0000020c  205		lbu	$25, 8($16)
        922d0008 00000210  206		lbu	$13, 8($17)
        11b9007f 00000214  207		beq	$13, $25, .L136
        00000000 00000218  208		nop
        87830000 0000021c  209		lh	$3, %sdaoff(WM__hCapture)($28)
                           210	.L1000142:
        5460000a 00000220  211		bnel	$3, $0, .L1000144
        a7a30040 00000224  212		sh	$3, 64($sp)
        0c000000 00000228  213		jal	WM_Screen2hWin
        8e050004 0000022c  214		lw	$5, 4($16)
        a7a20040 00000230  215		sh	$2, 64($sp)
        0c000000 00000234  216		jal	WM__IsInModalArea
        87a40040 00000238  217		lh	$4, 64($sp)
        5040006e 0000023c  218		beql	$2, $0, .L1000146
        3c180000 00000240  219		lui	$24, %hi(WM_PID__StateLast)
        08000000 00000244  220		j	.L1000147
        920d0008 00000248  221		lbu	$13, 8($16)
                           222	.L1000144:
        0c000000 0000024c  223		jal	WM__IsInModalArea
        87a40040 00000250  224		lh	$4, 64($sp)
        50400068 00000254  225		beql	$2, $0, .L1000146

                                   Tue Apr 07 08:50:39 2015           Page 6
                                   Tue Apr 07 08:50:38 2015        gh_2i0v.s
        3c180000 00000258  226		lui	$24, %hi(WM_PID__StateLast)
        920d0008 0000025c  227		lbu	$13, 8($16)
                           228	.L1000147:
        922e0008 00000260  229		lbu	$14, 8($17)
        51cd001a 00000264  230		beql	$14, $13, .L1000148
        922e0008 00000268  231		lbu	$14, 8($17)
        87b80040 0000026c  232		lh	$24, 64($sp)
        53000017 00000270  233		beql	$24, $0, .L1000148
        922e0008 00000274  234		lbu	$14, 8($17)
        0c000000 00000278  235		jal	GUI_ALLOC_h2p
        87a40040 0000027c  236		lh	$4, 64($sp)
        920e0008 00000280  237		lbu	$14, 8($16)
        922d0008 00000284  238		lbu	$13, 8($17)
        8e580000 00000288  239		lw	$24, 0($18)
        a3ae0020 0000028c  240		sb	$14, 32($sp)
        a3ad0021 00000290  241		sb	$13, 33($sp)
        844f0000 00000294  242		lh	$15, 0($2)
        8e0d0004 00000298  243		lw	$13, 4($16)
        27a50044 0000029c  244		addiu	$5, $sp, 68
        030fc823 000002a0  245		subu	$25, $24, $15
        afb90018 000002a4  246		sw	$25, 24($sp)
        84590002 000002a8  247		lh	$25, 2($2)
        27a30018 000002ac  248		addiu	$3, $sp, 24
        afa3004c 000002b0  249		sw	$3, 76($sp)
        01b97023 000002b4  250		subu	$14, $13, $25
        afae001c 000002b8  251		sw	$14, 28($sp)
        34180011 000002bc  252		ori	$24, $0, 17
        afb80044 000002c0  253		sw	$24, 68($sp)
        0c000000 000002c4  254		jal	WM__SendMessageIfEnabled
        87a40040 000002c8  255		lh	$4, 64($sp)
        922e0008 000002cc  256		lbu	$14, 8($17)
                           257	.L1000148:
        92030008 000002d0  258		lbu	$3, 8($16)
        01c37825 000002d4  259		or	$15, $14, $3
        51e00047 000002d8  260		beql	$15, $0, .L1000146
        3c180000 000002dc  261		lui	$24, %hi(WM_PID__StateLast)
        34130001 000002e0  262		ori	$19, $0, 1
        87980000 000002e4  263		lh	$24, %sdaoff(WM__CHWinLast+4)($28)
        87af0040 000002e8  264		lh	$15, 64($sp)
        3419000c 000002ec  265		ori	$25, $0, 12
        afb90044 000002f0  266		sw	$25, 68($sp)
        130f001a 000002f4  267		beq	$24, $15, .L153
        27b00044 000002f8  268		addiu	$16, $sp, 68
        878d0000 000002fc  269		lh	$13, %sdaoff(WM__CHWinLast+4)($28)
        51a00018 00000300  270		beql	$13, $0, .L1000153
        87af0040 00000304  271		lh	$15, 64($sp)
        5060000b 00000308  272		beql	$3, $0, .L1000157
        8e2e0000 0000030c  273		lw	$14, 0($17)
        87840000 00000310  274		lh	$4, %sdaoff(WM__CHWinLast+4)($28)
        ae000008 00000314  275		sw	$0, 8($16)
        0c000000 00000318  276		jal	WM__SendTouchMessage
        02002825 0000031c  277		move	$5, $16
        a7800000 00000320  278		sh	$0, %sdaoff(WM__CHWinLast+4)($28)
        87af0040 00000324  279		lh	$15, 64($sp)
        51e00033 00000328  280		beql	$15, $0, .L1000146
        3c180000 0000032c  281		lui	$24, %hi(WM_PID__StateLast)

                                   Tue Apr 07 08:50:39 2015           Page 7
                                   Tue Apr 07 08:50:38 2015        gh_2i0v.s
        08000000 00000330  282		j	.L1000161
        8fae002c 00000334  283		lw	$14, 44($sp)
                           284	.L1000157:
        8e2d0004 00000338  285		lw	$13, 4($17)
        a3a00038 0000033c  286		sb	$0, 56($sp)
        afae0030 00000340  287		sw	$14, 48($sp)
        afad0034 00000344  288		sw	$13, 52($sp)
        27a30030 00000348  289		addiu	$3, $sp, 48
        ae030008 0000034c  290		sw	$3, 8($16)
        87840000 00000350  291		lh	$4, %sdaoff(WM__CHWinLast+4)($28)
        0c000000 00000354  292		jal	WM__SendTouchMessage
        02002825 00000358  293		move	$5, $16
        a7800000 0000035c  294		sh	$0, %sdaoff(WM__CHWinLast+4)($28)
                           295	.L153:
        87af0040 00000360  296		lh	$15, 64($sp)
                           297	.L1000153:
        51e00024 00000364  298		beql	$15, $0, .L1000146
        3c180000 00000368  299		lui	$24, %hi(WM_PID__StateLast)
        8fae002c 0000036c  300		lw	$14, 44($sp)
                           301	.L1000161:
        8fb80024 00000370  302		lw	$24, 36($sp)
        8faf0028 00000374  303		lw	$15, 40($sp)
        afae0038 00000378  304		sw	$14, 56($sp)
        afb80030 0000037c  305		sw	$24, 48($sp)
        afaf0034 00000380  306		sw	$15, 52($sp)
        31cd00ff 00000384  307		andi	$13, $14, 255
        11a00010 00000388  308		beq	$13, $0, .L162
        27b10030 0000038c  309		addiu	$17, $sp, 48
        87b80040 00000390  310		lh	$24, 64($sp)
        ae110008 00000394  311		sw	$17, 8($16)
        02002825 00000398  312		move	$5, $16
        a7980000 0000039c  313		sh	$24, %sdaoff(WM__CHWinLast+4)($28)
        0c000000 000003a0  314		jal	WM__SendTouchMessage
        87a40040 000003a4  315		lh	$4, 64($sp)
        3c180000 000003a8  316		lui	$24, %hi(WM_PID__StateLast)
        8faf0024 000003ac  317		lw	$15, 36($sp)
        8fae0028 000003b0  318		lw	$14, 40($sp)
        8fad002c 000003b4  319		lw	$13, 44($sp)
        af0f0000 000003b8  320		sw	$15, %lo(WM_PID__StateLast)($24)
        27180000 000003bc  321		addiu	$24, $24, %lo(WM_PID__StateLast)
        af0d0008 000003c0  322		sw	$13, 8($24)
        08000000 000003c4  323		j	.L136
        af0e0004 000003c8  324		sw	$14, 4($24)
                           325	.L162:
        838f0000 000003cc  326		lb	$15, %sdaoff(WM__CaptureReleaseAuto)($28)
        51e00004 000003d0  327		beql	$15, $0, .L1000165
        a7800000 000003d4  328		sh	$0, %sdaoff(WM__CHWinLast+4)($28)
        0c000000 000003d8  329		jal	WM_ReleaseCapture
        00000000 000003dc  330		nop
        a7800000 000003e0  331		sh	$0, %sdaoff(WM__CHWinLast+4)($28)
                           332	.L1000165:
        ae110008 000003e4  333		sw	$17, 8($16)
        87a40040 000003e8  334		lh	$4, 64($sp)
        0c000000 000003ec  335		jal	WM__SendTouchMessage
        02002825 000003f0  336		move	$5, $16
        3c180000 000003f4  337		lui	$24, %hi(WM_PID__StateLast)

                                   Tue Apr 07 08:50:39 2015           Page 8
                                   Tue Apr 07 08:50:38 2015        gh_2i0v.s
                           338	.L1000146:
        8faf0024 000003f8  339		lw	$15, 36($sp)
        8fae0028 000003fc  340		lw	$14, 40($sp)
        8fad002c 00000400  341		lw	$13, 44($sp)
        af0f0000 00000404  342		sw	$15, %lo(WM_PID__StateLast)($24)
        27180000 00000408  343		addiu	$24, $24, %lo(WM_PID__StateLast)
        af0e0004 0000040c  344		sw	$14, 4($24)
        af0d0008 00000410  345		sw	$13, 8($24)
                           346	.L136:
        0c000000 00000414  347		jal	WM__RemoveCriticalHandle
        02802025 00000418  348		move	$4, $20
        0c000000 0000041c  349		jal	GUI_Unlock
        00000000 00000420  350		nop
                           351	 #	    .ef
        02601025 00000424  352		move	$2, $19
        8fb20008 00000428  353		lw	$18, 8($sp)
        8fb10004 0000042c  354		lw	$17, 4($sp)
        8fb00000 00000430  355		lw	$16, 0($sp)
        8fbf0054 00000434  356		lw	$ra, 84($sp)
        8fb3000c 00000438  357		lw	$19, 12($sp)
        8fb40010 0000043c  358		lw	$20, 16($sp)
        03e00008 00000440  359		jr	$ra
        27bd0058 00000444  360		addiu	$sp, $sp, 88
                           361		.type	WM_HandlePID,@function
                           362		.size	WM_HandlePID,.-WM_HandlePID
                           363		.align	4
                           364	 #r	$19	local
                           365	 #Msg	68($sp)	local
                           366	 #CHWin	60($sp)	local
                           367	 #State	48($sp)	local
                           368	 #StateNew	36($sp)	local
                           369	 #Info	24($sp)	local
                           370	
                           371		.data
                           372	.L253:
                           373		.text
                           374		.align	4
                           375	 #GUI_OrgX	%sdaoff(GUI_OrgX)	import
                           376	 #GUI_OrgY	%sdaoff(GUI_OrgY)	import
                           377	 #WM__hCapture	%sdaoff(WM__hCapture)	import
                           378	 #WM__CaptureReleaseAuto	%sdaoff(WM__CaptureReleaseAuto)	import
                           379	 #WM_PID__StateLast	WM_PID__StateLast	import
                           380	
                           381		.data
                           382		.sbss	WM__CHWinModal,8,4
                           383		.type	WM__CHWinModal,@object
                           384		.size	WM__CHWinModal,8
                           385		.sbss	WM__CHWinLast,8,4
                           386		.type	WM__CHWinLast,@object
                           387		.size	WM__CHWinLast,8
                           388		.text
